boom! testing ares-0.1.0 against nightly for nightly
boom! running: cargo +nightly build --frozen
boom! creating container for: cargo +nightly build --frozen
boom! running `docker create -v /home/ec2-user/cargobomb/./work/local/test-source/nightly/nightly:/source:ro -v /home/ec2-user/cargobomb/./work/local/cargo-home:/cargo-home:ro -v /home/ec2-user/cargobomb/./work/local/rustup-home:/rustup-home:ro -v /home/ec2-user/cargobomb/./work/local/target-dirs/nightly/nightly:/target:rw -e USER_ID=500 -e CMD=cargo +nightly build --frozen cargobomb`
blam! d97b4b24fb7ecd52b8fe3dc67031464b714e44325117113d03269a571c064810
boom! running `docker start -a d97b4b24fb7ecd52b8fe3dc67031464b714e44325117113d03269a571c064810`
kablam!    Compiling ares v0.1.0 (file:///source)
kablam!     Finished dev [unoptimized + debuginfo] target(s) in 3.29 secs
boom! running `docker rm -f d97b4b24fb7ecd52b8fe3dc67031464b714e44325117113d03269a571c064810`
blam! d97b4b24fb7ecd52b8fe3dc67031464b714e44325117113d03269a571c064810
boom! running: cargo +nightly test --frozen --no-run
boom! creating container for: cargo +nightly test --frozen --no-run
boom! running `docker create -v /home/ec2-user/cargobomb/./work/local/test-source/nightly/nightly:/source:ro -v /home/ec2-user/cargobomb/./work/local/cargo-home:/cargo-home:ro -v /home/ec2-user/cargobomb/./work/local/rustup-home:/rustup-home:ro -v /home/ec2-user/cargobomb/./work/local/target-dirs/nightly/nightly:/target:rw -e USER_ID=500 -e CMD=cargo +nightly test --frozen --no-run cargobomb`
blam! ad47f7b041a5194f2cf93dbab77cd64118fa741c7488ea4bc1f70e9d396c6a3d
boom! running `docker start -a ad47f7b041a5194f2cf93dbab77cd64118fa741c7488ea4bc1f70e9d396c6a3d`
kablam!    Compiling ares v0.1.0 (file:///source)
kablam! error[E0463]: can't find crate for `rebar`
kablam!  --> tests/types.rs:1:1
kablam!   |
kablam! 1 | extern crate rebar;
kablam!   | ^^^^^^^^^^^^^^^^^^^ can't find crate
kablam! 
kablam! error: aborting due to previous error
kablam! 
blam! Build failed, waiting for other jobs to finish...
kablam! error[E0463]: can't find crate for `rebar`
kablam!  --> tests/arithmetic.rs:1:1
kablam!   |
kablam! 1 | extern crate rebar;
kablam!   | ^^^^^^^^^^^^^^^^^^^ can't find crate
kablam! 
kablam! error: aborting due to previous error
kablam! 
blam! Build failed, waiting for other jobs to finish...
kablam! error[E0463]: can't find crate for `rebar`
kablam!  --> tests/util.rs:1:1
kablam!   |
kablam! 1 | extern crate rebar;
kablam!   | ^^^^^^^^^^^^^^^^^^^ can't find crate
kablam! 
kablam! error: aborting due to previous error
kablam! 
blam! Build failed, waiting for other jobs to finish...
kablam! error: Could not compile `ares`.
kablam! 
kablam! To learn more, run the command again with --verbose.
boom! running `docker rm -f ad47f7b041a5194f2cf93dbab77cd64118fa741c7488ea4bc1f70e9d396c6a3d`
blam! ad47f7b041a5194f2cf93dbab77cd64118fa741c7488ea4bc1f70e9d396c6a3d
boom! running: cargo +nightly test --frozen
boom! creating container for: cargo +nightly test --frozen
boom! running `docker create -v /home/ec2-user/cargobomb/./work/local/test-source/nightly/nightly:/source:ro -v /home/ec2-user/cargobomb/./work/local/cargo-home:/cargo-home:ro -v /home/ec2-user/cargobomb/./work/local/rustup-home:/rustup-home:ro -v /home/ec2-user/cargobomb/./work/local/target-dirs/nightly/nightly:/target:rw -e USER_ID=500 -e CMD=cargo +nightly test --frozen cargobomb`
blam! 51656b7f59e45a6376a075b7d84cdb21c68f171a64c6f106e52c12c28173965e
boom! running `docker start -a 51656b7f59e45a6376a075b7d84cdb21c68f171a64c6f106e52c12c28173965e`
kablam!    Compiling ares v0.1.0 (file:///source)
kablam! error[E0463]: can't find crate for `rebar`
kablam!  --> tests/lambda.rs:1:1
kablam!   |
kablam! 1 | extern crate rebar;
kablam!   | ^^^^^^^^^^^^^^^^^^^ can't find crate
kablam! 
kablam! error: aborting due to previous error
kablam! 
kablam! error[E0463]: can't find crate for `rebar`
kablam!  --> tests/types.rs:1:1
kablam!   |
kablam! 1 | extern crate rebar;
kablam!   | ^^^^^^^^^^^^^^^^^^^ can't find crate
kablam! 
kablam! error: aborting due to previous error
kablam! 
blam! Build failed, waiting for other jobs to finish...
blam! Build failed, waiting for other jobs to finish...
kablam! error[E0463]: can't find crate for `rebar`
kablam!  --> tests/arithmetic.rs:1:1
kablam!   |
kablam! 1 | extern crate rebar;
kablam!   | ^^^^^^^^^^^^^^^^^^^ can't find crate
kablam! 
kablam! error: aborting due to previous error
kablam! 
kablam! error[E0463]: can't find crate for `rebar`
kablam!  --> tests/cond.rs:1:1
kablam!   |
kablam! 1 | extern crate rebar;
kablam!   | ^^^^^^^^^^^^^^^^^^^ can't find crate
kablam! 
kablam! error: aborting due to previous error
kablam! 
blam! Build failed, waiting for other jobs to finish...
kablam! error: Could not compile `ares`.
kablam! 
kablam! To learn more, run the command again with --verbose.
boom! running `docker rm -f 51656b7f59e45a6376a075b7d84cdb21c68f171a64c6f106e52c12c28173965e`
blam! 51656b7f59e45a6376a075b7d84cdb21c68f171a64c6f106e52c12c28173965e
