boom! testing strava-0.1.1 against nightly for nightly
boom! running: cargo +nightly build --frozen
boom! creating container for: cargo +nightly build --frozen
boom! running `docker create -v /home/ec2-user/cargobomb/./work/local/test-source/nightly/nightly:/source:ro -v /home/ec2-user/cargobomb/./work/local/cargo-home:/cargo-home:ro -v /home/ec2-user/cargobomb/./work/local/rustup-home:/rustup-home:ro -v /home/ec2-user/cargobomb/./work/local/target-dirs/nightly/nightly:/target:rw -e USER_ID=500 -e CMD=cargo +nightly build --frozen cargobomb`
blam! 6cc6187b5c8bbc09db11d95ffc00166f3beb12c493bdd17acb55f4d87335e007
boom! running `docker start -a 6cc6187b5c8bbc09db11d95ffc00166f3beb12c493bdd17acb55f4d87335e007`
kablam!    Compiling strava v0.1.1 (file:///source)
kablam! warning: unused import: `std::fmt::Display`
kablam!   --> src/http.rs:34:5
kablam!    |
kablam! 34 | use std::fmt::Display;
kablam!    |     ^^^^^^^^^^^^^^^^^
kablam!    |
kablam!    = note: #[warn(unused_imports)] on by default
kablam! 
kablam! warning: unused import: `Decoder`
kablam!  --> src/athletes.rs:4:23
kablam!   |
kablam! 4 | use rustc_serialize::{Decoder};
kablam!   |                       ^^^^^^^
kablam!   |
kablam!   = note: #[warn(unused_imports)] on by default
kablam! 
kablam!     Finished dev [unoptimized + debuginfo] target(s) in 5.11 secs
boom! running `docker rm -f 6cc6187b5c8bbc09db11d95ffc00166f3beb12c493bdd17acb55f4d87335e007`
blam! 6cc6187b5c8bbc09db11d95ffc00166f3beb12c493bdd17acb55f4d87335e007
boom! running: cargo +nightly test --frozen --no-run
boom! creating container for: cargo +nightly test --frozen --no-run
boom! running `docker create -v /home/ec2-user/cargobomb/./work/local/test-source/nightly/nightly:/source:ro -v /home/ec2-user/cargobomb/./work/local/cargo-home:/cargo-home:ro -v /home/ec2-user/cargobomb/./work/local/rustup-home:/rustup-home:ro -v /home/ec2-user/cargobomb/./work/local/target-dirs/nightly/nightly:/target:rw -e USER_ID=500 -e CMD=cargo +nightly test --frozen --no-run cargobomb`
blam! 9e42bf3d35ddc601f43667c5f0ff6366eadc38c50f471ec4d55f16ee356f5b09
boom! running `docker start -a 9e42bf3d35ddc601f43667c5f0ff6366eadc38c50f471ec4d55f16ee356f5b09`
kablam!    Compiling strava v0.1.1 (file:///source)
kablam! warning: unused import: `std::fmt::Display`
kablam!   --> src/http.rs:34:5
kablam!    |
kablam! 34 | use std::fmt::Display;
kablam!    |     ^^^^^^^^^^^^^^^^^
kablam!    |
kablam!    = note: #[warn(unused_imports)] on by default
kablam! 
kablam! warning: unused import: `Decoder`
kablam!  --> src/athletes.rs:4:23
kablam!   |
kablam! 4 | use rustc_serialize::{Decoder};
kablam!   |                       ^^^^^^^
kablam!   |
kablam!   = note: #[warn(unused_imports)] on by default
kablam! 
kablam!     Finished dev [unoptimized + debuginfo] target(s) in 5.58 secs
boom! running `docker rm -f 9e42bf3d35ddc601f43667c5f0ff6366eadc38c50f471ec4d55f16ee356f5b09`
blam! 9e42bf3d35ddc601f43667c5f0ff6366eadc38c50f471ec4d55f16ee356f5b09
boom! running: cargo +nightly test --frozen
boom! creating container for: cargo +nightly test --frozen
boom! running `docker create -v /home/ec2-user/cargobomb/./work/local/test-source/nightly/nightly:/source:ro -v /home/ec2-user/cargobomb/./work/local/cargo-home:/cargo-home:ro -v /home/ec2-user/cargobomb/./work/local/rustup-home:/rustup-home:ro -v /home/ec2-user/cargobomb/./work/local/target-dirs/nightly/nightly:/target:rw -e USER_ID=500 -e CMD=cargo +nightly test --frozen cargobomb`
blam! 5d3756cbc8f0207c7c57f9a9866b386b637b1a1cf9d9e22e49774cc4e9f21c21
boom! running `docker start -a 5d3756cbc8f0207c7c57f9a9866b386b637b1a1cf9d9e22e49774cc4e9f21c21`
kablam!     Finished dev [unoptimized + debuginfo] target(s) in 0.0 secs
kablam!      Running /target/debug/deps/strava-6098d73492a6b600
blam! 
blam! running 4 tests
blam! test api::resource_state_tests::default ... ok
blam! test api::resource_state_tests::values ... ok
blam! test api::paginated_tests::last_page ... ok
blam! test http::tests::request_wrapper_can_fetch ... FAILED
blam! 
blam! failures:
blam! 
blam! ---- http::tests::request_wrapper_can_fetch stdout ----
blam! 	Response { status: Ok, headers: Headers { Cache-Control: private, max-age=0, X-Frame-Options: SAMEORIGIN, Transfer-Encoding: chunked, Vary: Accept-Encoding, Server: gws, X-XSS-Protection: 1; mode=block, Date: Mon, 27 Mar 2017 23:48:56 GMT, Expires: -1, Set-Cookie: NID=100=olG2X7QUn7WJnFdNKAVedJvZYFNEuwDYJV6Vwn9O728M-LHDQxCEiEfB5lwgzLjRlqtVhhKZ6VHEe9hFGZRyZlwYGFZjiTOr4gyYRT6s5kWy-WIj2GZU6ifV3T-m6oivgg-K8KXvUPCWytRFxQ; expires=Tue, 26-Sep-2017 23:48:56 GMT; path=/; domain=.google.com; HttpOnly, Content-Type: text/html; charset=ISO-8859-1, P3P: CP="This is not a P3P policy! See https://www.google.com/support/accounts/answer/151657?hl=en for more info.", Accept-Ranges: none, }, version: Http11, status_raw: RawStatus(200, "OK"), body: ChunkedReader(chunk_remaining=unknown), _marker: PhantomData }
blam! thread 'http::tests::request_wrapper_can_fetch' panicked at 'called `Result::unwrap()` on an `Err` value: Error { repr: Custom(Custom { kind: InvalidData, error: StringError("stream did not contain valid UTF-8") }) }', /checkout/src/libcore/result.rs:859
blam! note: Run with `RUST_BACKTRACE=1` for a backtrace.
blam! 
blam! 
blam! failures:
blam!     http::tests::request_wrapper_can_fetch
blam! 
blam! test result: FAILED. 3 passed; 1 failed; 0 ignored; 0 measured
blam! 
kablam! error: test failed
boom! running `docker rm -f 5d3756cbc8f0207c7c57f9a9866b386b637b1a1cf9d9e22e49774cc4e9f21c21`
blam! 5d3756cbc8f0207c7c57f9a9866b386b637b1a1cf9d9e22e49774cc4e9f21c21
