boom! testing flexi_logger-0.5.2 against nightly for nightly
boom! running: cargo +nightly build --frozen
boom! creating container for: cargo +nightly build --frozen
boom! running `docker create -v /home/ec2-user/cargobomb/./work/local/test-source/nightly/nightly:/source:ro -v /home/ec2-user/cargobomb/./work/local/cargo-home:/cargo-home:ro -v /home/ec2-user/cargobomb/./work/local/rustup-home:/rustup-home:ro -v /home/ec2-user/cargobomb/./work/local/target-dirs/nightly/nightly:/target:rw -e USER_ID=500 -e CMD=cargo +nightly build --frozen cargobomb`
blam! 5992e6c646489422a1acf383bfdc401b12cd59780657707f0a4861b7cadffb0e
boom! running `docker start -a 5992e6c646489422a1acf383bfdc401b12cd59780657707f0a4861b7cadffb0e`
kablam!    Compiling flexi_logger v0.5.2 (file:///source)
kablam!     Finished dev [unoptimized + debuginfo] target(s) in 3.36 secs
boom! running `docker rm -f 5992e6c646489422a1acf383bfdc401b12cd59780657707f0a4861b7cadffb0e`
blam! 5992e6c646489422a1acf383bfdc401b12cd59780657707f0a4861b7cadffb0e
boom! running: cargo +nightly test --frozen --no-run
boom! creating container for: cargo +nightly test --frozen --no-run
boom! running `docker create -v /home/ec2-user/cargobomb/./work/local/test-source/nightly/nightly:/source:ro -v /home/ec2-user/cargobomb/./work/local/cargo-home:/cargo-home:ro -v /home/ec2-user/cargobomb/./work/local/rustup-home:/rustup-home:ro -v /home/ec2-user/cargobomb/./work/local/target-dirs/nightly/nightly:/target:rw -e USER_ID=500 -e CMD=cargo +nightly test --frozen --no-run cargobomb`
blam! bb716b34621f2101d7ab29cc0684a93958c8853a8396e0489c7db7a5a572472d
boom! running `docker start -a bb716b34621f2101d7ab29cc0684a93958c8853a8396e0489c7db7a5a572472d`
kablam!    Compiling flexi_logger v0.5.2 (file:///source)
kablam!     Finished dev [unoptimized + debuginfo] target(s) in 14.95 secs
boom! running `docker rm -f bb716b34621f2101d7ab29cc0684a93958c8853a8396e0489c7db7a5a572472d`
blam! bb716b34621f2101d7ab29cc0684a93958c8853a8396e0489c7db7a5a572472d
boom! running: cargo +nightly test --frozen
boom! creating container for: cargo +nightly test --frozen
boom! running `docker create -v /home/ec2-user/cargobomb/./work/local/test-source/nightly/nightly:/source:ro -v /home/ec2-user/cargobomb/./work/local/cargo-home:/cargo-home:ro -v /home/ec2-user/cargobomb/./work/local/rustup-home:/rustup-home:ro -v /home/ec2-user/cargobomb/./work/local/target-dirs/nightly/nightly:/target:rw -e USER_ID=500 -e CMD=cargo +nightly test --frozen cargobomb`
blam! e14a4667d652f7310e2a916ce9488344ed92b991378cd774684829e6eb280d71
boom! running `docker start -a e14a4667d652f7310e2a916ce9488344ed92b991378cd774684829e6eb280d71`
kablam!     Finished dev [unoptimized + debuginfo] target(s) in 0.0 secs
kablam!      Running /target/debug/deps/flexi_logger-c0d0de9e1604264e
blam! 
blam! running 15 tests
blam! test flexi_logger::tests::match_default ... ok
blam! test flexi_logger::tests::match_beginning ... ok
kablam! warning: invalid logging spec 'wrong', ignoring it
blam! test flexi_logger::tests::match_beginning_longest_match ... ok
blam! test flexi_logger::tests::parse_logging_spec_empty_log_level ... ok
blam! test flexi_logger::tests::match_full_path ... ok
blam! test flexi_logger::tests::no_match ... ok
blam! test flexi_logger::tests::parse_logging_spec_global ... ok
blam! test flexi_logger::tests::parse_logging_spec_empty_with_filter ... ok
kablam! warning: invalid logging spec 'wrong', ignoring it
blam! test flexi_logger::tests::parse_logging_spec_invalid_crate ... ok
kablam! warning: invalid logging spec 'crate1::mod1=warn=info', ignoring it
kablam! warning: invalid logging spec 'crate1::mod1=error=warn', ignoring it
kablam! warning: invalid logging spec 'noNumber', ignoring it
blam! test flexi_logger::tests::parse_logging_spec_string_log_level ... ok
blam! test flexi_logger::tests::parse_logging_spec_invalid_log_level ... ok
blam! test flexi_logger::tests::parse_logging_spec_invalid_crate_filter ... ok
blam! test flexi_logger::tests::parse_logging_spec_valid ... ok
blam! test flexi_logger::tests::zero_level ... ok
blam! test flexi_logger::tests::parse_logging_spec_valid_filter ... ok
blam! 
blam! test result: ok. 15 passed; 0 failed; 0 ignored; 0 measured
blam! 
kablam!      Running /target/debug/deps/initopts_default_files_dir-84d0467f7e8acbc3
blam! 
blam! running 1 test
blam! test files_dir ... FAILED
blam! 
blam! failures:
blam! 
blam! ---- files_dir stdout ----
blam! 	thread 'files_dir' panicked at 'called `Result::unwrap()` on an `Err` value: Io(Error { repr: Os { code: 30, message: "Read-only file system" } })', /buildslave/rust-buildbot/slave/nightly-dist-rustc-linux/build/src/libcore/result.rs:870
blam! note: Run with `RUST_BACKTRACE=1` for a backtrace.
blam! 
blam! 
blam! failures:
blam!     files_dir
blam! 
blam! test result: FAILED. 0 passed; 1 failed; 0 ignored; 0 measured
blam! 
kablam! error: test failed
boom! running `docker rm -f e14a4667d652f7310e2a916ce9488344ed92b991378cd774684829e6eb280d71`
blam! e14a4667d652f7310e2a916ce9488344ed92b991378cd774684829e6eb280d71
