boom! testing hound-1.1.0 against stable for nightly
boom! running: cargo +stable build --frozen
boom! creating container for: cargo +stable build --frozen
boom! running `docker create -v /home/ec2-user/cargobomb/./work/local/test-source/nightly/stable:/source:ro -v /home/ec2-user/cargobomb/./work/local/cargo-home:/cargo-home:ro -v /home/ec2-user/cargobomb/./work/local/rustup-home:/rustup-home:ro -v /home/ec2-user/cargobomb/./work/local/target-dirs/nightly/stable:/target:rw -e USER_ID=500 -e CMD=cargo +stable build --frozen cargobomb`
blam! 7c94211d2812075076b0ade4158d5946b9cbb059a373c9140df79c254d52d267
boom! running `docker start -a 7c94211d2812075076b0ade4158d5946b9cbb059a373c9140df79c254d52d267`
kablam!    Compiling hound v1.1.0 (file:///source)
kablam! warning: unused import: `std::io::Write`, #[warn(unused_imports)] on by default
kablam!   --> src/lib.rs:60:5
kablam!    |
kablam! 60 | use std::io::Write;
kablam!    |     ^^^^^^^^^^^^^^
kablam! 
kablam!     Finished dev [unoptimized + debuginfo] target(s) in 1.7 secs
boom! running `docker rm -f 7c94211d2812075076b0ade4158d5946b9cbb059a373c9140df79c254d52d267`
blam! 7c94211d2812075076b0ade4158d5946b9cbb059a373c9140df79c254d52d267
boom! running: cargo +stable test --frozen --no-run
boom! creating container for: cargo +stable test --frozen --no-run
boom! running `docker create -v /home/ec2-user/cargobomb/./work/local/test-source/nightly/stable:/source:ro -v /home/ec2-user/cargobomb/./work/local/cargo-home:/cargo-home:ro -v /home/ec2-user/cargobomb/./work/local/rustup-home:/rustup-home:ro -v /home/ec2-user/cargobomb/./work/local/target-dirs/nightly/stable:/target:rw -e USER_ID=500 -e CMD=cargo +stable test --frozen --no-run cargobomb`
blam! 76dfa6bff080566b68d29f2fc94b34720121c9a38cec59289d4ceb22bea83f41
boom! running `docker start -a 76dfa6bff080566b68d29f2fc94b34720121c9a38cec59289d4ceb22bea83f41`
kablam!    Compiling alsa-sys v0.1.1
kablam! error: failed to run custom build command for `alsa-sys v0.1.1`
kablam! process didn't exit successfully: `/target/debug/build/alsa-sys-a47800410ee0db2d/build-script-build` (exit code: 101)
kablam! --- stderr
kablam! thread 'main' panicked at 'called `Result::unwrap()` on an `Err` value: "`\"pkg-config\" \"--libs\" \"--cflags\" \"alsa\"` did not exit successfully: exit code: 1\n--- stderr\nPackage alsa was not found in the pkg-config search path.\nPerhaps you should add the directory containing `alsa.pc\'\nto the PKG_CONFIG_PATH environment variable\nNo package \'alsa\' found\n"', /buildslave/rust-buildbot/slave/stable-dist-rustc-linux/build/src/libcore/result.rs:868
kablam! note: Run with `RUST_BACKTRACE=1` for a backtrace.
kablam! 
boom! running `docker rm -f 76dfa6bff080566b68d29f2fc94b34720121c9a38cec59289d4ceb22bea83f41`
blam! 76dfa6bff080566b68d29f2fc94b34720121c9a38cec59289d4ceb22bea83f41
boom! running: cargo +stable test --frozen
boom! creating container for: cargo +stable test --frozen
boom! running `docker create -v /home/ec2-user/cargobomb/./work/local/test-source/nightly/stable:/source:ro -v /home/ec2-user/cargobomb/./work/local/cargo-home:/cargo-home:ro -v /home/ec2-user/cargobomb/./work/local/rustup-home:/rustup-home:ro -v /home/ec2-user/cargobomb/./work/local/target-dirs/nightly/stable:/target:rw -e USER_ID=500 -e CMD=cargo +stable test --frozen cargobomb`
blam! 1396d40724ce5e255f4bc2823506611c353665f3a8c2ca0c5209937005782550
boom! running `docker start -a 1396d40724ce5e255f4bc2823506611c353665f3a8c2ca0c5209937005782550`
kablam!    Compiling alsa-sys v0.1.1
kablam! error: failed to run custom build command for `alsa-sys v0.1.1`
kablam! process didn't exit successfully: `/target/debug/build/alsa-sys-a47800410ee0db2d/build-script-build` (exit code: 101)
kablam! --- stderr
kablam! thread 'main' panicked at 'called `Result::unwrap()` on an `Err` value: "`\"pkg-config\" \"--libs\" \"--cflags\" \"alsa\"` did not exit successfully: exit code: 1\n--- stderr\nPackage alsa was not found in the pkg-config search path.\nPerhaps you should add the directory containing `alsa.pc\'\nto the PKG_CONFIG_PATH environment variable\nNo package \'alsa\' found\n"', /buildslave/rust-buildbot/slave/stable-dist-rustc-linux/build/src/libcore/result.rs:868
kablam! note: Run with `RUST_BACKTRACE=1` for a backtrace.
kablam! 
boom! running `docker rm -f 1396d40724ce5e255f4bc2823506611c353665f3a8c2ca0c5209937005782550`
blam! 1396d40724ce5e255f4bc2823506611c353665f3a8c2ca0c5209937005782550
