boom! testing ao-0.6.1 against stable for nightly
boom! running: cargo +stable build --frozen
boom! creating container for: cargo +stable build --frozen
boom! running `docker create -v /home/ec2-user/cargobomb/./work/local/test-source/nightly/stable:/source:ro -v /home/ec2-user/cargobomb/./work/local/cargo-home:/cargo-home:ro -v /home/ec2-user/cargobomb/./work/local/rustup-home:/rustup-home:ro -v /home/ec2-user/cargobomb/./work/local/target-dirs/nightly/stable:/target:rw -e USER_ID=500 -e CMD=cargo +stable build --frozen cargobomb`
blam! f63d1de1d212e6560faaa3944138610a18451a3d7788cd0dcbf1c8e518964a1c
boom! running `docker start -a f63d1de1d212e6560faaa3944138610a18451a3d7788cd0dcbf1c8e518964a1c`
kablam!    Compiling ao v0.6.1 (file:///source)
kablam! error[E0518]: attribute should be applied to function
kablam!    --> src/lib.rs:143:9
kablam!     |
kablam! 143 |         #[inline]
kablam!     |         ^^^^^^^^^ requires a function
kablam! ...
kablam! 155 | sample_impl!(i8);
kablam!     | ----------------- in this macro invocation
kablam! 
kablam! error[E0518]: attribute should be applied to function
kablam!    --> src/lib.rs:143:9
kablam!     |
kablam! 143 |         #[inline]
kablam!     |         ^^^^^^^^^ requires a function
kablam! ...
kablam! 156 | sample_impl!(i16);
kablam!     | ------------------ in this macro invocation
kablam! 
kablam! error[E0518]: attribute should be applied to function
kablam!    --> src/lib.rs:143:9
kablam!     |
kablam! 143 |         #[inline]
kablam!     |         ^^^^^^^^^ requires a function
kablam! ...
kablam! 157 | sample_impl!(i32);
kablam!     | ------------------ in this macro invocation
kablam! 
kablam! error[E0518]: attribute should be applied to function
kablam!    --> src/lib.rs:149:9
kablam!     |
kablam! 149 |         #[inline]
kablam!     |         ^^^^^^^^^ requires a function
kablam! ...
kablam! 158 | sample_impl!(channels 2);
kablam!     | ------------------------- in this macro invocation
kablam! 
kablam! error: aborting due to 4 previous errors
kablam! 
kablam! error: Could not compile `ao`.
kablam! 
kablam! To learn more, run the command again with --verbose.
boom! running `docker rm -f f63d1de1d212e6560faaa3944138610a18451a3d7788cd0dcbf1c8e518964a1c`
blam! f63d1de1d212e6560faaa3944138610a18451a3d7788cd0dcbf1c8e518964a1c
