boom! testing glium-0.15.0 against nightly for nightly
boom! running: cargo +nightly build --frozen
boom! creating container for: cargo +nightly build --frozen
boom! running `docker create -v /home/ec2-user/cargobomb/./work/local/test-source/nightly/nightly:/source:ro -v /home/ec2-user/cargobomb/./work/local/cargo-home:/cargo-home:ro -v /home/ec2-user/cargobomb/./work/local/rustup-home:/rustup-home:ro -v /home/ec2-user/cargobomb/./work/local/target-dirs/nightly/nightly:/target:rw -e USER_ID=500 -e CMD=cargo +nightly build --frozen cargobomb`
blam! 968253ee5b8cc6360bb63de87bfef41ba435274d39a79c1d9b510d5c0c8a4129
boom! running `docker start -a 968253ee5b8cc6360bb63de87bfef41ba435274d39a79c1d9b510d5c0c8a4129`
kablam!    Compiling glium v0.15.0 (file:///source)
kablam! warning: missing documentation for a variant
kablam!    --> src/buffer/mod.rs:282:5
kablam!     |
kablam! 282 |     ArrayBuffer,
kablam!     |     ^^^^^^^^^^^
kablam!     |
kablam! note: lint level defined here
kablam!    --> src/lib.rs:87:9
kablam!     |
kablam! 87  | #![warn(missing_docs)]
kablam!     |         ^^^^^^^^^^^^
kablam! 
kablam! warning: missing documentation for a variant
kablam!    --> src/buffer/mod.rs:283:5
kablam!     |
kablam! 283 |     PixelPackBuffer,
kablam!     |     ^^^^^^^^^^^^^^^
kablam! 
kablam! warning: missing documentation for a variant
kablam!    --> src/buffer/mod.rs:284:5
kablam!     |
kablam! 284 |     PixelUnpackBuffer,
kablam!     |     ^^^^^^^^^^^^^^^^^
kablam! 
kablam! warning: missing documentation for a variant
kablam!    --> src/buffer/mod.rs:285:5
kablam!     |
kablam! 285 |     UniformBuffer,
kablam!     |     ^^^^^^^^^^^^^
kablam! 
kablam! warning: missing documentation for a variant
kablam!    --> src/buffer/mod.rs:286:5
kablam!     |
kablam! 286 |     CopyReadBuffer,
kablam!     |     ^^^^^^^^^^^^^^
kablam! 
kablam! warning: missing documentation for a variant
kablam!    --> src/buffer/mod.rs:287:5
kablam!     |
kablam! 287 |     CopyWriteBuffer,
kablam!     |     ^^^^^^^^^^^^^^^
kablam! 
kablam! warning: missing documentation for a variant
kablam!    --> src/buffer/mod.rs:288:5
kablam!     |
kablam! 288 |     AtomicCounterBuffer,
kablam!     |     ^^^^^^^^^^^^^^^^^^^
kablam! 
kablam! warning: missing documentation for a variant
kablam!    --> src/buffer/mod.rs:289:5
kablam!     |
kablam! 289 |     DispatchIndirectBuffer,
kablam!     |     ^^^^^^^^^^^^^^^^^^^^^^
kablam! 
kablam! warning: missing documentation for a variant
kablam!    --> src/buffer/mod.rs:290:5
kablam!     |
kablam! 290 |     DrawIndirectBuffer,
kablam!     |     ^^^^^^^^^^^^^^^^^^
kablam! 
kablam! warning: missing documentation for a variant
kablam!    --> src/buffer/mod.rs:291:5
kablam!     |
kablam! 291 |     QueryBuffer,
kablam!     |     ^^^^^^^^^^^
kablam! 
kablam! warning: missing documentation for a variant
kablam!    --> src/buffer/mod.rs:292:5
kablam!     |
kablam! 292 |     ShaderStorageBuffer,
kablam!     |     ^^^^^^^^^^^^^^^^^^^
kablam! 
kablam! warning: missing documentation for a variant
kablam!    --> src/buffer/mod.rs:293:5
kablam!     |
kablam! 293 |     TextureBuffer,
kablam!     |     ^^^^^^^^^^^^^
kablam! 
kablam! warning: missing documentation for a variant
kablam!    --> src/buffer/mod.rs:294:5
kablam!     |
kablam! 294 |     TransformFeedbackBuffer,
kablam!     |     ^^^^^^^^^^^^^^^^^^^^^^^
kablam! 
kablam! warning: missing documentation for a variant
kablam!    --> src/buffer/mod.rs:295:5
kablam!     |
kablam! 295 |     ElementArrayBuffer,
kablam!     |     ^^^^^^^^^^^^^^^^^^
kablam! 
kablam! warning: unused import: `TextureExt`, #[warn(unused_imports)] on by default
kablam!   --> src/framebuffer/mod.rs:73:5
kablam!    |
kablam! 73 | use TextureExt;
kablam!    |     ^^^^^^^^^^
kablam! 
kablam! warning: unused import: `TextureExt`, #[warn(unused_imports)] on by default
kablam!  --> src/framebuffer/default_fb.rs:4:5
kablam!   |
kablam! 4 | use TextureExt;
kablam!   |     ^^^^^^^^^^
kablam! 
kablam! warning: missing documentation for a module
kablam!    --> src/lib.rs:132:1
kablam!     |
kablam! 132 | pub mod program;
kablam!     | ^^^^^^^^^^^^^^^^
kablam! 
kablam! warning: unused import: `ContextExt`, #[warn(unused_imports)] on by default
kablam!   --> src/uniforms/bind.rs:23:5
kablam!    |
kablam! 23 | use ContextExt;
kablam!    |     ^^^^^^^^^^
kablam! 
kablam! warning: unused import: `vertex::MultiVerticesSource`, #[warn(unused_imports)] on by default
kablam!   --> src/uniforms/bind.rs:27:5
kablam!    |
kablam! 27 | use vertex::MultiVerticesSource;
kablam!    |     ^^^^^^^^^^^^^^^^^^^^^^^^^^^
kablam! 
kablam! warning: unused import: `index::Index`, #[warn(unused_imports)] on by default
kablam!   --> src/vertex/buffer.rs:12:5
kablam!    |
kablam! 12 | use index::Index;
kablam!    |     ^^^^^^^^^^^^
kablam! 
kablam! warning: unused result which must be used, #[warn(unused_must_use)] on by default
kablam!     --> src/texture/any.rs:1419:9
kablam!      |
kablam! 1419 |         ops::read(&mut ctxt, &fbo::RegularAttachment::Texture(*self), &rect, &mut data, false);
kablam!      |         ^^^^^^^^^^^^^^^^^^^^^^^^^^^^^^^^^^^^^^^^^^^^^^^^^^^^^^^^^^^^^^^^^^^^^^^^^^^^^^^^^^^^^^^
kablam! 
kablam! warning: unused result which must be used, #[warn(unused_must_use)] on by default
kablam!     --> src/texture/any.rs:1439:9
kablam!      |
kablam! 1439 |         ops::read(&mut ctxt, &fbo::RegularAttachment::Texture(*self), &rect, dest, false);
kablam!      |         ^^^^^^^^^^^^^^^^^^^^^^^^^^^^^^^^^^^^^^^^^^^^^^^^^^^^^^^^^^^^^^^^^^^^^^^^^^^^^^^^^^
kablam! 
kablam! warning: unused result which must be used, #[warn(unused_must_use)] on by default
kablam!    --> src/context/mod.rs:520:9
kablam!     |
kablam! 520 |           ops::read(&mut ctxt, ops::Source::DefaultFramebuffer(gl::FRONT_LEFT), &rect, &mut data,
kablam!     |  _________^ starting here...
kablam! 521 | |                   false);
kablam!     | |_________________________^ ...ending here
kablam! 
kablam! warning: unused import: `ContextExt`, #[warn(unused_imports)] on by default
kablam!   --> src/fbo.rs:61:5
kablam!    |
kablam! 61 | use ContextExt;
kablam!    |     ^^^^^^^^^^
kablam! 
kablam! warning: unused import: `Surface`, #[warn(unused_imports)] on by default
kablam!  --> src/ops/clear.rs:7:5
kablam!   |
kablam! 7 | use Surface;
kablam!   |     ^^^^^^^
kablam! 
kablam! warning: private type `RawUniformValue` in public interface (error E0446), #[warn(private_in_public)] on by default
kablam!    --> src/program/uniforms_storage.rs:35:5
kablam!     |
kablam! 35  |     pub fn set_uniform_value(&self, ctxt: &mut CommandContext, program: Handle,
kablam!     |     ^
kablam!     |
kablam!     = warning: this was previously accepted by the compiler but is being phased out; it will become a hard error in a future release!
kablam!     = note: for more information, see issue #34537 <https://github.com/rust-lang/rust/issues/34537>
kablam! 
kablam!     Finished dev [unoptimized + debuginfo] target(s) in 52.57 secs
boom! running `docker rm -f 968253ee5b8cc6360bb63de87bfef41ba435274d39a79c1d9b510d5c0c8a4129`
blam! 968253ee5b8cc6360bb63de87bfef41ba435274d39a79c1d9b510d5c0c8a4129
boom! running: cargo +nightly test --frozen --no-run
boom! creating container for: cargo +nightly test --frozen --no-run
boom! running `docker create -v /home/ec2-user/cargobomb/./work/local/test-source/nightly/nightly:/source:ro -v /home/ec2-user/cargobomb/./work/local/cargo-home:/cargo-home:ro -v /home/ec2-user/cargobomb/./work/local/rustup-home:/rustup-home:ro -v /home/ec2-user/cargobomb/./work/local/target-dirs/nightly/nightly:/target:rw -e USER_ID=500 -e CMD=cargo +nightly test --frozen --no-run cargobomb`
blam! f50683050cb5cd02af568fcd97748308ffcc90c16abcf7311c1a4000d031bc19
boom! running `docker start -a f50683050cb5cd02af568fcd97748308ffcc90c16abcf7311c1a4000d031bc19`
kablam!    Compiling cgmath v0.9.1
kablam!    Compiling genmesh v0.4.1
kablam!    Compiling obj v0.5.0
kablam!    Compiling glium v0.15.0 (file:///source)
kablam! warning: unused import: `glium::DisplayBuild`, #[warn(unused_imports)] on by default
kablam!  --> examples/deferred.rs:9:5
kablam!   |
kablam! 9 | use glium::DisplayBuild;
kablam!   |     ^^^^^^^^^^^^^^^^^^^
kablam! 
kablam! warning: unused `#[macro_use]` import, #[warn(unused_imports)] on by default
kablam!  --> examples/info.rs:1:1
kablam!   |
kablam! 1 | #[macro_use]
kablam!   | ^^^^^^^^^^^^
kablam! 
kablam! warning: unused import: `TextureExt`, #[warn(unused_imports)] on by default
kablam!   --> src/framebuffer/mod.rs:73:5
kablam!    |
kablam! 73 | use TextureExt;
kablam!    |     ^^^^^^^^^^
kablam! 
kablam! warning: unused import: `TextureExt`, #[warn(unused_imports)] on by default
kablam!  --> src/framebuffer/default_fb.rs:4:5
kablam!   |
kablam! 4 | use TextureExt;
kablam!   |     ^^^^^^^^^^
kablam! 
kablam! warning: unused import: `ContextExt`, #[warn(unused_imports)] on by default
kablam!   --> src/uniforms/bind.rs:23:5
kablam!    |
kablam! 23 | use ContextExt;
kablam!    |     ^^^^^^^^^^
kablam! 
kablam! warning: unused import: `vertex::MultiVerticesSource`, #[warn(unused_imports)] on by default
kablam!   --> src/uniforms/bind.rs:27:5
kablam!    |
kablam! 27 | use vertex::MultiVerticesSource;
kablam!    |     ^^^^^^^^^^^^^^^^^^^^^^^^^^^
kablam! 
kablam! warning: unused import: `index::Index`, #[warn(unused_imports)] on by default
kablam!   --> src/vertex/buffer.rs:12:5
kablam!    |
kablam! 12 | use index::Index;
kablam!    |     ^^^^^^^^^^^^
kablam! 
kablam! warning: unused import: `std::mem`, #[warn(unused_imports)] on by default
kablam!     --> src/vertex/format.rs:2100:9
kablam!      |
kablam! 2100 |     use std::mem;
kablam!      |         ^^^^^^^^
kablam! 
kablam! warning: unused result which must be used, #[warn(unused_must_use)] on by default
kablam!     --> src/texture/any.rs:1419:9
kablam!      |
kablam! 1419 |         ops::read(&mut ctxt, &fbo::RegularAttachment::Texture(*self), &rect, &mut data, false);
kablam!      |         ^^^^^^^^^^^^^^^^^^^^^^^^^^^^^^^^^^^^^^^^^^^^^^^^^^^^^^^^^^^^^^^^^^^^^^^^^^^^^^^^^^^^^^^
kablam! 
kablam! warning: unused result which must be used, #[warn(unused_must_use)] on by default
kablam!     --> src/texture/any.rs:1439:9
kablam!      |
kablam! 1439 |         ops::read(&mut ctxt, &fbo::RegularAttachment::Texture(*self), &rect, dest, false);
kablam!      |         ^^^^^^^^^^^^^^^^^^^^^^^^^^^^^^^^^^^^^^^^^^^^^^^^^^^^^^^^^^^^^^^^^^^^^^^^^^^^^^^^^^
kablam! 
kablam! warning: unused result which must be used, #[warn(unused_must_use)] on by default
kablam!    --> src/context/mod.rs:520:9
kablam!     |
kablam! 520 |           ops::read(&mut ctxt, ops::Source::DefaultFramebuffer(gl::FRONT_LEFT), &rect, &mut data,
kablam!     |  _________^ starting here...
kablam! 521 | |                   false);
kablam!     | |_________________________^ ...ending here
kablam! 
kablam! warning: unused import: `ContextExt`, #[warn(unused_imports)] on by default
kablam!   --> src/fbo.rs:61:5
kablam!    |
kablam! 61 | use ContextExt;
kablam!    |     ^^^^^^^^^^
kablam! 
kablam! warning: unused import: `Surface`, #[warn(unused_imports)] on by default
kablam!  --> src/ops/clear.rs:7:5
kablam!   |
kablam! 7 | use Surface;
kablam!   |     ^^^^^^^
kablam! 
kablam! warning: private type `RawUniformValue` in public interface (error E0446), #[warn(private_in_public)] on by default
kablam!    --> src/program/uniforms_storage.rs:35:5
kablam!     |
kablam! 35  |     pub fn set_uniform_value(&self, ctxt: &mut CommandContext, program: Handle,
kablam!     |     ^
kablam!     |
kablam!     = warning: this was previously accepted by the compiler but is being phased out; it will become a hard error in a future release!
kablam!     = note: for more information, see issue #34537 <https://github.com/rust-lang/rust/issues/34537>
kablam! 
kablam!     Finished dev [unoptimized + debuginfo] target(s) in 263.53 secs
boom! running `docker rm -f f50683050cb5cd02af568fcd97748308ffcc90c16abcf7311c1a4000d031bc19`
blam! f50683050cb5cd02af568fcd97748308ffcc90c16abcf7311c1a4000d031bc19
boom! running: cargo +nightly test --frozen
boom! creating container for: cargo +nightly test --frozen
boom! running `docker create -v /home/ec2-user/cargobomb/./work/local/test-source/nightly/nightly:/source:ro -v /home/ec2-user/cargobomb/./work/local/cargo-home:/cargo-home:ro -v /home/ec2-user/cargobomb/./work/local/rustup-home:/rustup-home:ro -v /home/ec2-user/cargobomb/./work/local/target-dirs/nightly/nightly:/target:rw -e USER_ID=500 -e CMD=cargo +nightly test --frozen cargobomb`
blam! 7026428bd72ea94c2bf0dd5edf04ea7bfb96539841f49d1a94c598fabe88c735
boom! running `docker start -a 7026428bd72ea94c2bf0dd5edf04ea7bfb96539841f49d1a94c598fabe88c735`
kablam!     Finished dev [unoptimized + debuginfo] target(s) in 0.1 secs
kablam!      Running /target/debug/deps/attrs-871ba8cb07c69dcf
blam! 
blam! running 51 tests
blam! test attribute_float_i8 ... FAILED
blam! test attribute_float_i32 ... FAILED
blam! test attribute_float_f32 ... FAILED
blam! test attribute_float_i16 ... FAILED
blam! test attribute_float_u32 ... FAILED
blam! test attribute_float_u16 ... FAILED
blam! test attribute_types_mismatch ... FAILED
blam! test attribute_vec2_i16 ... FAILED
blam! test attribute_float_u8 ... FAILED
blam! test attribute_vec2_i32 ... FAILED
blam! test attribute_vec2_tuple_i16 ... FAILED
blam! test attribute_vec2_tuple_f32 ... FAILED
blam! test attribute_vec2_i8 ... FAILED
blam! test attribute_vec2_tuple_i8 ... FAILED
blam! test attribute_vec2_f32 ... FAILED
blam! test attribute_vec2_tuple_i32 ... FAILED
blam! test attribute_vec2_tuple_u32 ... FAILED
blam! test attribute_vec2_tuple_u16 ... FAILED
blam! test attribute_vec2_tuple_u8 ... FAILED
blam! test attribute_vec2_u16 ... FAILED
blam! test attribute_vec2_u32 ... FAILED
blam! test attribute_vec2_u8 ... FAILED
blam! test attribute_vec3_f32 ... FAILED
blam! test attribute_vec3_i16 ... FAILED
blam! test attribute_vec3_i32 ... FAILED
blam! test attribute_vec3_tuple_i16 ... FAILED
blam! test attribute_vec3_i8 ... FAILED
blam! test attribute_vec3_tuple_i32 ... FAILED
blam! test attribute_vec3_tuple_i8 ... FAILED
blam! test attribute_vec3_tuple_f32 ... FAILED
blam! test attribute_vec3_tuple_u32 ... FAILED
blam! test attribute_vec3_tuple_u8 ... FAILED
blam! test attribute_vec3_tuple_u16 ... FAILED
blam! test attribute_vec3_u32 ... FAILED
blam! test attribute_vec3_u8 ... FAILED
blam! test attribute_vec3_u16 ... FAILED
blam! test attribute_vec4_f32 ... FAILED
blam! test attribute_vec4_i16 ... FAILED
blam! test attribute_vec4_i32 ... FAILED
blam! test attribute_vec4_tuple_f32 ... FAILED
blam! test attribute_vec4_tuple_i16 ... FAILED
blam! test attribute_vec4_i8 ... FAILED
blam! test attribute_vec4_tuple_i32 ... FAILED
blam! test attribute_vec4_tuple_u16 ... FAILED
blam! test attribute_vec4_tuple_u8 ... FAILED
blam! test attribute_vec4_tuple_i8 ... FAILED
blam! test attribute_vec4_tuple_u32 ... FAILED
blam! test attribute_vec4_u16 ... FAILED
blam! test attribute_vec4_u8 ... FAILED
blam! test attribute_vec4_u32 ... FAILED
blam! test missing_attribute ... FAILED
blam! 
blam! failures:
blam! 
blam! ---- attribute_float_i8 stdout ----
blam! 	thread 'attribute_float_i8' panicked at 'called `Result::unwrap()` on an `Err` value: BackendCreationError(NoBackendAvailable(LibraryOpenError(OpenError { kind: Library, detail: "opening library failed (libXcursor.so.1: cannot open shared object file: No such file or directory); opening library failed (libXcursor.so: cannot open shared object file: No such file or directory)" })))', /buildslave/rust-buildbot/slave/nightly-dist-rustc-linux/build/src/libcore/result.rs:870
blam! 
blam! ---- attribute_float_i32 stdout ----
blam! 	thread 'attribute_float_i32' panicked at 'called `Result::unwrap()` on an `Err` value: BackendCreationError(NoBackendAvailable(LibraryOpenError(OpenError { kind: Library, detail: "opening library failed (libXcursor.so.1: cannot open shared object file: No such file or directory); opening library failed (libXcursor.so: cannot open shared object file: No such file or directory)" })))', /buildslave/rust-buildbot/slave/nightly-dist-rustc-linux/build/src/libcore/result.rs:870
blam! note: Run with `RUST_BACKTRACE=1` for a backtrace.
blam! 
blam! ---- attribute_float_f32 stdout ----
blam! 	thread 'attribute_float_f32' panicked at 'called `Result::unwrap()` on an `Err` value: BackendCreationError(NoBackendAvailable(LibraryOpenError(OpenError { kind: Library, detail: "opening library failed (libXcursor.so.1: cannot open shared object file: No such file or directory); opening library failed (libXcursor.so: cannot open shared object file: No such file or directory)" })))', /buildslave/rust-buildbot/slave/nightly-dist-rustc-linux/build/src/libcore/result.rs:870
blam! 
blam! ---- attribute_float_i16 stdout ----
blam! 	thread 'attribute_float_i16' panicked at 'called `Result::unwrap()` on an `Err` value: BackendCreationError(NoBackendAvailable(LibraryOpenError(OpenError { kind: Library, detail: "opening library failed (libXcursor.so.1: cannot open shared object file: No such file or directory); opening library failed (libXcursor.so: cannot open shared object file: No such file or directory)" })))', /buildslave/rust-buildbot/slave/nightly-dist-rustc-linux/build/src/libcore/result.rs:870
blam! 
blam! ---- attribute_float_u32 stdout ----
blam! 	thread 'attribute_float_u32' panicked at 'called `Result::unwrap()` on an `Err` value: BackendCreationError(NoBackendAvailable(LibraryOpenError(OpenError { kind: Library, detail: "opening library failed (libXcursor.so.1: cannot open shared object file: No such file or directory); opening library failed (libXcursor.so: cannot open shared object file: No such file or directory)" })))', /buildslave/rust-buildbot/slave/nightly-dist-rustc-linux/build/src/libcore/result.rs:870
blam! 
blam! ---- attribute_float_u16 stdout ----
blam! 	thread 'attribute_float_u16' panicked at 'called `Result::unwrap()` on an `Err` value: BackendCreationError(NoBackendAvailable(LibraryOpenError(OpenError { kind: Library, detail: "opening library failed (libXcursor.so.1: cannot open shared object file: No such file or directory); opening library failed (libXcursor.so: cannot open shared object file: No such file or directory)" })))', /buildslave/rust-buildbot/slave/nightly-dist-rustc-linux/build/src/libcore/result.rs:870
blam! 
blam! ---- attribute_types_mismatch stdout ----
blam! 	thread 'attribute_types_mismatch' panicked at 'called `Result::unwrap()` on an `Err` value: BackendCreationError(NoBackendAvailable(LibraryOpenError(OpenError { kind: Library, detail: "opening library failed (libXcursor.so.1: cannot open shared object file: No such file or directory); opening library failed (libXcursor.so: cannot open shared object file: No such file or directory)" })))', /buildslave/rust-buildbot/slave/nightly-dist-rustc-linux/build/src/libcore/result.rs:870
blam! note: Panic did not include expected string 'The program attribute `field1` does not match the vertex format'
blam! ---- attribute_vec2_i16 stdout ----
blam! 	thread 'attribute_vec2_i16' panicked at 'called `Result::unwrap()` on an `Err` value: BackendCreationError(NoBackendAvailable(LibraryOpenError(OpenError { kind: Library, detail: "opening library failed (libXcursor.so.1: cannot open shared object file: No such file or directory); opening library failed (libXcursor.so: cannot open shared object file: No such file or directory)" })))', /buildslave/rust-buildbot/slave/nightly-dist-rustc-linux/build/src/libcore/result.rs:870
blam! 
blam! ---- attribute_float_u8 stdout ----
blam! 	thread 'attribute_float_u8' panicked at 'called `Result::unwrap()` on an `Err` value: BackendCreationError(NoBackendAvailable(LibraryOpenError(OpenError { kind: Library, detail: "opening library failed (libXcursor.so.1: cannot open shared object file: No such file or directory); opening library failed (libXcursor.so: cannot open shared object file: No such file or directory)" })))', /buildslave/rust-buildbot/slave/nightly-dist-rustc-linux/build/src/libcore/result.rs:870
blam! 
blam! ---- attribute_vec2_i32 stdout ----
blam! 	thread 'attribute_vec2_i32' panicked at 'called `Result::unwrap()` on an `Err` value: BackendCreationError(NoBackendAvailable(LibraryOpenError(OpenError { kind: Library, detail: "opening library failed (libXcursor.so.1: cannot open shared object file: No such file or directory); opening library failed (libXcursor.so: cannot open shared object file: No such file or directory)" })))', /buildslave/rust-buildbot/slave/nightly-dist-rustc-linux/build/src/libcore/result.rs:870
blam! 
blam! ---- attribute_vec2_tuple_i16 stdout ----
blam! 	thread 'attribute_vec2_tuple_i16' panicked at 'called `Result::unwrap()` on an `Err` value: BackendCreationError(NoBackendAvailable(LibraryOpenError(OpenError { kind: Library, detail: "opening library failed (libXcursor.so.1: cannot open shared object file: No such file or directory); opening library failed (libXcursor.so: cannot open shared object file: No such file or directory)" })))', /buildslave/rust-buildbot/slave/nightly-dist-rustc-linux/build/src/libcore/result.rs:870
blam! 
blam! ---- attribute_vec2_tuple_f32 stdout ----
blam! 	thread 'attribute_vec2_tuple_f32' panicked at 'called `Result::unwrap()` on an `Err` value: BackendCreationError(NoBackendAvailable(LibraryOpenError(OpenError { kind: Library, detail: "opening library failed (libXcursor.so.1: cannot open shared object file: No such file or directory); opening library failed (libXcursor.so: cannot open shared object file: No such file or directory)" })))', /buildslave/rust-buildbot/slave/nightly-dist-rustc-linux/build/src/libcore/result.rs:870
blam! 
blam! ---- attribute_vec2_i8 stdout ----
blam! 	thread 'attribute_vec2_i8' panicked at 'called `Result::unwrap()` on an `Err` value: BackendCreationError(NoBackendAvailable(LibraryOpenError(OpenError { kind: Library, detail: "opening library failed (libXcursor.so.1: cannot open shared object file: No such file or directory); opening library failed (libXcursor.so: cannot open shared object file: No such file or directory)" })))', /buildslave/rust-buildbot/slave/nightly-dist-rustc-linux/build/src/libcore/result.rs:870
blam! 
blam! ---- attribute_vec2_tuple_i8 stdout ----
blam! 	thread 'attribute_vec2_tuple_i8' panicked at 'called `Result::unwrap()` on an `Err` value: BackendCreationError(NoBackendAvailable(LibraryOpenError(OpenError { kind: Library, detail: "opening library failed (libXcursor.so.1: cannot open shared object file: No such file or directory); opening library failed (libXcursor.so: cannot open shared object file: No such file or directory)" })))', /buildslave/rust-buildbot/slave/nightly-dist-rustc-linux/build/src/libcore/result.rs:870
blam! 
blam! ---- attribute_vec2_f32 stdout ----
blam! 	thread 'attribute_vec2_f32' panicked at 'called `Result::unwrap()` on an `Err` value: BackendCreationError(NoBackendAvailable(LibraryOpenError(OpenError { kind: Library, detail: "opening library failed (libXcursor.so.1: cannot open shared object file: No such file or directory); opening library failed (libXcursor.so: cannot open shared object file: No such file or directory)" })))', /buildslave/rust-buildbot/slave/nightly-dist-rustc-linux/build/src/libcore/result.rs:870
blam! 
blam! ---- attribute_vec2_tuple_i32 stdout ----
blam! 	thread 'attribute_vec2_tuple_i32' panicked at 'called `Result::unwrap()` on an `Err` value: BackendCreationError(NoBackendAvailable(LibraryOpenError(OpenError { kind: Library, detail: "opening library failed (libXcursor.so.1: cannot open shared object file: No such file or directory); opening library failed (libXcursor.so: cannot open shared object file: No such file or directory)" })))', /buildslave/rust-buildbot/slave/nightly-dist-rustc-linux/build/src/libcore/result.rs:870
blam! 
blam! ---- attribute_vec2_tuple_u32 stdout ----
blam! 	thread 'attribute_vec2_tuple_u32' panicked at 'called `Result::unwrap()` on an `Err` value: BackendCreationError(NoBackendAvailable(LibraryOpenError(OpenError { kind: Library, detail: "opening library failed (libXcursor.so.1: cannot open shared object file: No such file or directory); opening library failed (libXcursor.so: cannot open shared object file: No such file or directory)" })))', /buildslave/rust-buildbot/slave/nightly-dist-rustc-linux/build/src/libcore/result.rs:870
blam! 
blam! ---- attribute_vec2_tuple_u16 stdout ----
blam! 	thread 'attribute_vec2_tuple_u16' panicked at 'called `Result::unwrap()` on an `Err` value: BackendCreationError(NoBackendAvailable(LibraryOpenError(OpenError { kind: Library, detail: "opening library failed (libXcursor.so.1: cannot open shared object file: No such file or directory); opening library failed (libXcursor.so: cannot open shared object file: No such file or directory)" })))', /buildslave/rust-buildbot/slave/nightly-dist-rustc-linux/build/src/libcore/result.rs:870
blam! 
blam! ---- attribute_vec2_tuple_u8 stdout ----
blam! 	thread 'attribute_vec2_tuple_u8' panicked at 'called `Result::unwrap()` on an `Err` value: BackendCreationError(NoBackendAvailable(LibraryOpenError(OpenError { kind: Library, detail: "opening library failed (libXcursor.so.1: cannot open shared object file: No such file or directory); opening library failed (libXcursor.so: cannot open shared object file: No such file or directory)" })))', /buildslave/rust-buildbot/slave/nightly-dist-rustc-linux/build/src/libcore/result.rs:870
blam! 
blam! ---- attribute_vec2_u16 stdout ----
blam! 	thread 'attribute_vec2_u16' panicked at 'called `Result::unwrap()` on an `Err` value: BackendCreationError(NoBackendAvailable(LibraryOpenError(OpenError { kind: Library, detail: "opening library failed (libXcursor.so.1: cannot open shared object file: No such file or directory); opening library failed (libXcursor.so: cannot open shared object file: No such file or directory)" })))', /buildslave/rust-buildbot/slave/nightly-dist-rustc-linux/build/src/libcore/result.rs:870
blam! 
blam! ---- attribute_vec2_u32 stdout ----
blam! 	thread 'attribute_vec2_u32' panicked at 'called `Result::unwrap()` on an `Err` value: BackendCreationError(NoBackendAvailable(LibraryOpenError(OpenError { kind: Library, detail: "opening library failed (libXcursor.so.1: cannot open shared object file: No such file or directory); opening library failed (libXcursor.so: cannot open shared object file: No such file or directory)" })))', /buildslave/rust-buildbot/slave/nightly-dist-rustc-linux/build/src/libcore/result.rs:870
blam! 
blam! ---- attribute_vec2_u8 stdout ----
blam! 	thread 'attribute_vec2_u8' panicked at 'called `Result::unwrap()` on an `Err` value: BackendCreationError(NoBackendAvailable(LibraryOpenError(OpenError { kind: Library, detail: "opening library failed (libXcursor.so.1: cannot open shared object file: No such file or directory); opening library failed (libXcursor.so: cannot open shared object file: No such file or directory)" })))', /buildslave/rust-buildbot/slave/nightly-dist-rustc-linux/build/src/libcore/result.rs:870
blam! 
blam! ---- attribute_vec3_f32 stdout ----
blam! 	thread 'attribute_vec3_f32' panicked at 'called `Result::unwrap()` on an `Err` value: BackendCreationError(NoBackendAvailable(LibraryOpenError(OpenError { kind: Library, detail: "opening library failed (libXcursor.so.1: cannot open shared object file: No such file or directory); opening library failed (libXcursor.so: cannot open shared object file: No such file or directory)" })))', /buildslave/rust-buildbot/slave/nightly-dist-rustc-linux/build/src/libcore/result.rs:870
blam! 
blam! ---- attribute_vec3_i16 stdout ----
blam! 	thread 'attribute_vec3_i16' panicked at 'called `Result::unwrap()` on an `Err` value: BackendCreationError(NoBackendAvailable(LibraryOpenError(OpenError { kind: Library, detail: "opening library failed (libXcursor.so.1: cannot open shared object file: No such file or directory); opening library failed (libXcursor.so: cannot open shared object file: No such file or directory)" })))', /buildslave/rust-buildbot/slave/nightly-dist-rustc-linux/build/src/libcore/result.rs:870
blam! 
blam! ---- attribute_vec3_i32 stdout ----
blam! 	thread 'attribute_vec3_i32' panicked at 'called `Result::unwrap()` on an `Err` value: BackendCreationError(NoBackendAvailable(LibraryOpenError(OpenError { kind: Library, detail: "opening library failed (libXcursor.so.1: cannot open shared object file: No such file or directory); opening library failed (libXcursor.so: cannot open shared object file: No such file or directory)" })))', /buildslave/rust-buildbot/slave/nightly-dist-rustc-linux/build/src/libcore/result.rs:870
blam! 
blam! ---- attribute_vec3_tuple_i16 stdout ----
blam! 	thread 'attribute_vec3_tuple_i16' panicked at 'called `Result::unwrap()` on an `Err` value: BackendCreationError(NoBackendAvailable(LibraryOpenError(OpenError { kind: Library, detail: "opening library failed (libXcursor.so.1: cannot open shared object file: No such file or directory); opening library failed (libXcursor.so: cannot open shared object file: No such file or directory)" })))', /buildslave/rust-buildbot/slave/nightly-dist-rustc-linux/build/src/libcore/result.rs:870
blam! 
blam! ---- attribute_vec3_i8 stdout ----
blam! 	thread 'attribute_vec3_i8' panicked at 'called `Result::unwrap()` on an `Err` value: BackendCreationError(NoBackendAvailable(LibraryOpenError(OpenError { kind: Library, detail: "opening library failed (libXcursor.so.1: cannot open shared object file: No such file or directory); opening library failed (libXcursor.so: cannot open shared object file: No such file or directory)" })))', /buildslave/rust-buildbot/slave/nightly-dist-rustc-linux/build/src/libcore/result.rs:870
blam! 
blam! ---- attribute_vec3_tuple_i32 stdout ----
blam! 	thread 'attribute_vec3_tuple_i32' panicked at 'called `Result::unwrap()` on an `Err` value: BackendCreationError(NoBackendAvailable(LibraryOpenError(OpenError { kind: Library, detail: "opening library failed (libXcursor.so.1: cannot open shared object file: No such file or directory); opening library failed (libXcursor.so: cannot open shared object file: No such file or directory)" })))', /buildslave/rust-buildbot/slave/nightly-dist-rustc-linux/build/src/libcore/result.rs:870
blam! 
blam! ---- attribute_vec3_tuple_i8 stdout ----
blam! 	thread 'attribute_vec3_tuple_i8' panicked at 'called `Result::unwrap()` on an `Err` value: BackendCreationError(NoBackendAvailable(LibraryOpenError(OpenError { kind: Library, detail: "opening library failed (libXcursor.so.1: cannot open shared object file: No such file or directory); opening library failed (libXcursor.so: cannot open shared object file: No such file or directory)" })))', /buildslave/rust-buildbot/slave/nightly-dist-rustc-linux/build/src/libcore/result.rs:870
blam! 
blam! ---- attribute_vec3_tuple_f32 stdout ----
blam! 	thread 'attribute_vec3_tuple_f32' panicked at 'called `Result::unwrap()` on an `Err` value: BackendCreationError(NoBackendAvailable(LibraryOpenError(OpenError { kind: Library, detail: "opening library failed (libXcursor.so.1: cannot open shared object file: No such file or directory); opening library failed (libXcursor.so: cannot open shared object file: No such file or directory)" })))', /buildslave/rust-buildbot/slave/nightly-dist-rustc-linux/build/src/libcore/result.rs:870
blam! 
blam! ---- attribute_vec3_tuple_u32 stdout ----
blam! 	thread 'attribute_vec3_tuple_u32' panicked at 'called `Result::unwrap()` on an `Err` value: BackendCreationError(NoBackendAvailable(LibraryOpenError(OpenError { kind: Library, detail: "opening library failed (libXcursor.so.1: cannot open shared object file: No such file or directory); opening library failed (libXcursor.so: cannot open shared object file: No such file or directory)" })))', /buildslave/rust-buildbot/slave/nightly-dist-rustc-linux/build/src/libcore/result.rs:870
blam! 
blam! ---- attribute_vec3_tuple_u8 stdout ----
blam! 	thread 'attribute_vec3_tuple_u8' panicked at 'called `Result::unwrap()` on an `Err` value: BackendCreationError(NoBackendAvailable(LibraryOpenError(OpenError { kind: Library, detail: "opening library failed (libXcursor.so.1: cannot open shared object file: No such file or directory); opening library failed (libXcursor.so: cannot open shared object file: No such file or directory)" })))', /buildslave/rust-buildbot/slave/nightly-dist-rustc-linux/build/src/libcore/result.rs:870
blam! 
blam! ---- attribute_vec3_tuple_u16 stdout ----
blam! 	thread 'attribute_vec3_tuple_u16' panicked at 'called `Result::unwrap()` on an `Err` value: BackendCreationError(NoBackendAvailable(LibraryOpenError(OpenError { kind: Library, detail: "opening library failed (libXcursor.so.1: cannot open shared object file: No such file or directory); opening library failed (libXcursor.so: cannot open shared object file: No such file or directory)" })))', /buildslave/rust-buildbot/slave/nightly-dist-rustc-linux/build/src/libcore/result.rs:870
blam! 
blam! ---- attribute_vec3_u32 stdout ----
blam! 	thread 'attribute_vec3_u32' panicked at 'called `Result::unwrap()` on an `Err` value: BackendCreationError(NoBackendAvailable(LibraryOpenError(OpenError { kind: Library, detail: "opening library failed (libXcursor.so.1: cannot open shared object file: No such file or directory); opening library failed (libXcursor.so: cannot open shared object file: No such file or directory)" })))', /buildslave/rust-buildbot/slave/nightly-dist-rustc-linux/build/src/libcore/result.rs:870
blam! 
blam! ---- attribute_vec3_u8 stdout ----
blam! 	thread 'attribute_vec3_u8' panicked at 'called `Result::unwrap()` on an `Err` value: BackendCreationError(NoBackendAvailable(LibraryOpenError(OpenError { kind: Library, detail: "opening library failed (libXcursor.so.1: cannot open shared object file: No such file or directory); opening library failed (libXcursor.so: cannot open shared object file: No such file or directory)" })))', /buildslave/rust-buildbot/slave/nightly-dist-rustc-linux/build/src/libcore/result.rs:870
blam! 
blam! ---- attribute_vec3_u16 stdout ----
blam! 	thread 'attribute_vec3_u16' panicked at 'called `Result::unwrap()` on an `Err` value: BackendCreationError(NoBackendAvailable(LibraryOpenError(OpenError { kind: Library, detail: "opening library failed (libXcursor.so.1: cannot open shared object file: No such file or directory); opening library failed (libXcursor.so: cannot open shared object file: No such file or directory)" })))', /buildslave/rust-buildbot/slave/nightly-dist-rustc-linux/build/src/libcore/result.rs:870
blam! 
blam! ---- attribute_vec4_f32 stdout ----
blam! 	thread 'attribute_vec4_f32' panicked at 'called `Result::unwrap()` on an `Err` value: BackendCreationError(NoBackendAvailable(LibraryOpenError(OpenError { kind: Library, detail: "opening library failed (libXcursor.so.1: cannot open shared object file: No such file or directory); opening library failed (libXcursor.so: cannot open shared object file: No such file or directory)" })))', /buildslave/rust-buildbot/slave/nightly-dist-rustc-linux/build/src/libcore/result.rs:870
blam! 
blam! ---- attribute_vec4_i16 stdout ----
blam! 	thread 'attribute_vec4_i16' panicked at 'called `Result::unwrap()` on an `Err` value: BackendCreationError(NoBackendAvailable(LibraryOpenError(OpenError { kind: Library, detail: "opening library failed (libXcursor.so.1: cannot open shared object file: No such file or directory); opening library failed (libXcursor.so: cannot open shared object file: No such file or directory)" })))', /buildslave/rust-buildbot/slave/nightly-dist-rustc-linux/build/src/libcore/result.rs:870
blam! 
blam! ---- attribute_vec4_i32 stdout ----
blam! 	thread 'attribute_vec4_i32' panicked at 'called `Result::unwrap()` on an `Err` value: BackendCreationError(NoBackendAvailable(LibraryOpenError(OpenError { kind: Library, detail: "opening library failed (libXcursor.so.1: cannot open shared object file: No such file or directory); opening library failed (libXcursor.so: cannot open shared object file: No such file or directory)" })))', /buildslave/rust-buildbot/slave/nightly-dist-rustc-linux/build/src/libcore/result.rs:870
blam! 
blam! ---- attribute_vec4_tuple_f32 stdout ----
blam! 	thread 'attribute_vec4_tuple_f32' panicked at 'called `Result::unwrap()` on an `Err` value: BackendCreationError(NoBackendAvailable(LibraryOpenError(OpenError { kind: Library, detail: "opening library failed (libXcursor.so.1: cannot open shared object file: No such file or directory); opening library failed (libXcursor.so: cannot open shared object file: No such file or directory)" })))', /buildslave/rust-buildbot/slave/nightly-dist-rustc-linux/build/src/libcore/result.rs:870
blam! 
blam! ---- attribute_vec4_tuple_i16 stdout ----
blam! 	thread 'attribute_vec4_tuple_i16' panicked at 'called `Result::unwrap()` on an `Err` value: BackendCreationError(NoBackendAvailable(LibraryOpenError(OpenError { kind: Library, detail: "opening library failed (libXcursor.so.1: cannot open shared object file: No such file or directory); opening library failed (libXcursor.so: cannot open shared object file: No such file or directory)" })))', /buildslave/rust-buildbot/slave/nightly-dist-rustc-linux/build/src/libcore/result.rs:870
blam! 
blam! ---- attribute_vec4_i8 stdout ----
blam! 	thread 'attribute_vec4_i8' panicked at 'called `Result::unwrap()` on an `Err` value: BackendCreationError(NoBackendAvailable(LibraryOpenError(OpenError { kind: Library, detail: "opening library failed (libXcursor.so.1: cannot open shared object file: No such file or directory); opening library failed (libXcursor.so: cannot open shared object file: No such file or directory)" })))', /buildslave/rust-buildbot/slave/nightly-dist-rustc-linux/build/src/libcore/result.rs:870
blam! 
blam! ---- attribute_vec4_tuple_i32 stdout ----
blam! 	thread 'attribute_vec4_tuple_i32' panicked at 'called `Result::unwrap()` on an `Err` value: BackendCreationError(NoBackendAvailable(LibraryOpenError(OpenError { kind: Library, detail: "opening library failed (libXcursor.so.1: cannot open shared object file: No such file or directory); opening library failed (libXcursor.so: cannot open shared object file: No such file or directory)" })))', /buildslave/rust-buildbot/slave/nightly-dist-rustc-linux/build/src/libcore/result.rs:870
blam! 
blam! ---- attribute_vec4_tuple_u16 stdout ----
blam! 	thread 'attribute_vec4_tuple_u16' panicked at 'called `Result::unwrap()` on an `Err` value: BackendCreationError(NoBackendAvailable(LibraryOpenError(OpenError { kind: Library, detail: "opening library failed (libXcursor.so.1: cannot open shared object file: No such file or directory); opening library failed (libXcursor.so: cannot open shared object file: No such file or directory)" })))', /buildslave/rust-buildbot/slave/nightly-dist-rustc-linux/build/src/libcore/result.rs:870
blam! 
blam! ---- attribute_vec4_tuple_u8 stdout ----
blam! 	thread 'attribute_vec4_tuple_u8' panicked at 'called `Result::unwrap()` on an `Err` value: BackendCreationError(NoBackendAvailable(LibraryOpenError(OpenError { kind: Library, detail: "opening library failed (libXcursor.so.1: cannot open shared object file: No such file or directory); opening library failed (libXcursor.so: cannot open shared object file: No such file or directory)" })))', /buildslave/rust-buildbot/slave/nightly-dist-rustc-linux/build/src/libcore/result.rs:870
blam! 
blam! ---- attribute_vec4_tuple_i8 stdout ----
blam! 	thread 'attribute_vec4_tuple_i8' panicked at 'called `Result::unwrap()` on an `Err` value: BackendCreationError(NoBackendAvailable(LibraryOpenError(OpenError { kind: Library, detail: "opening library failed (libXcursor.so.1: cannot open shared object file: No such file or directory); opening library failed (libXcursor.so: cannot open shared object file: No such file or directory)" })))', /buildslave/rust-buildbot/slave/nightly-dist-rustc-linux/build/src/libcore/result.rs:870
blam! 
blam! ---- attribute_vec4_tuple_u32 stdout ----
blam! 	thread 'attribute_vec4_tuple_u32' panicked at 'called `Result::unwrap()` on an `Err` value: BackendCreationError(NoBackendAvailable(LibraryOpenError(OpenError { kind: Library, detail: "opening library failed (libXcursor.so.1: cannot open shared object file: No such file or directory); opening library failed (libXcursor.so: cannot open shared object file: No such file or directory)" })))', /buildslave/rust-buildbot/slave/nightly-dist-rustc-linux/build/src/libcore/result.rs:870
blam! 
blam! ---- attribute_vec4_u16 stdout ----
blam! 	thread 'attribute_vec4_u16' panicked at 'called `Result::unwrap()` on an `Err` value: BackendCreationError(NoBackendAvailable(LibraryOpenError(OpenError { kind: Library, detail: "opening library failed (libXcursor.so.1: cannot open shared object file: No such file or directory); opening library failed (libXcursor.so: cannot open shared object file: No such file or directory)" })))', /buildslave/rust-buildbot/slave/nightly-dist-rustc-linux/build/src/libcore/result.rs:870
blam! 
blam! ---- attribute_vec4_u8 stdout ----
blam! 	thread 'attribute_vec4_u8' panicked at 'called `Result::unwrap()` on an `Err` value: BackendCreationError(NoBackendAvailable(LibraryOpenError(OpenError { kind: Library, detail: "opening library failed (libXcursor.so.1: cannot open shared object file: No such file or directory); opening library failed (libXcursor.so: cannot open shared object file: No such file or directory)" })))', /buildslave/rust-buildbot/slave/nightly-dist-rustc-linux/build/src/libcore/result.rs:870
blam! 
blam! ---- attribute_vec4_u32 stdout ----
blam! 	thread 'attribute_vec4_u32' panicked at 'called `Result::unwrap()` on an `Err` value: BackendCreationError(NoBackendAvailable(LibraryOpenError(OpenError { kind: Library, detail: "opening library failed (libXcursor.so.1: cannot open shared object file: No such file or directory); opening library failed (libXcursor.so: cannot open shared object file: No such file or directory)" })))', /buildslave/rust-buildbot/slave/nightly-dist-rustc-linux/build/src/libcore/result.rs:870
blam! 
blam! ---- missing_attribute stdout ----
blam! 	thread 'missing_attribute' panicked at 'called `Result::unwrap()` on an `Err` value: BackendCreationError(NoBackendAvailable(LibraryOpenError(OpenError { kind: Library, detail: "opening library failed (libXcursor.so.1: cannot open shared object file: No such file or directory); opening library failed (libXcursor.so: cannot open shared object file: No such file or directory)" })))', /buildslave/rust-buildbot/slave/nightly-dist-rustc-linux/build/src/libcore/result.rs:870
blam! note: Panic did not include expected string 'The program attribute `field2` is missing in the vertex bindings'
blam! 
blam! failures:
blam!     attribute_float_f32
blam!     attribute_float_i16
blam!     attribute_float_i32
blam!     attribute_float_i8
blam!     attribute_float_u16
blam!     attribute_float_u32
blam!     attribute_float_u8
blam!     attribute_types_mismatch
blam!     attribute_vec2_f32
blam!     attribute_vec2_i16
blam!     attribute_vec2_i32
blam!     attribute_vec2_i8
blam!     attribute_vec2_tuple_f32
blam!     attribute_vec2_tuple_i16
blam!     attribute_vec2_tuple_i32
blam!     attribute_vec2_tuple_i8
blam!     attribute_vec2_tuple_u16
blam!     attribute_vec2_tuple_u32
blam!     attribute_vec2_tuple_u8
blam!     attribute_vec2_u16
blam!     attribute_vec2_u32
blam!     attribute_vec2_u8
blam!     attribute_vec3_f32
blam!     attribute_vec3_i16
blam!     attribute_vec3_i32
blam!     attribute_vec3_i8
blam!     attribute_vec3_tuple_f32
blam!     attribute_vec3_tuple_i16
blam!     attribute_vec3_tuple_i32
blam!     attribute_vec3_tuple_i8
blam!     attribute_vec3_tuple_u16
blam!     attribute_vec3_tuple_u32
blam!     attribute_vec3_tuple_u8
blam!     attribute_vec3_u16
blam!     attribute_vec3_u32
blam!     attribute_vec3_u8
blam!     attribute_vec4_f32
blam!     attribute_vec4_i16
blam!     attribute_vec4_i32
blam!     attribute_vec4_i8
blam!     attribute_vec4_tuple_f32
blam!     attribute_vec4_tuple_i16
blam!     attribute_vec4_tuple_i32
blam!     attribute_vec4_tuple_i8
blam!     attribute_vec4_tuple_u16
blam!     attribute_vec4_tuple_u32
blam!     attribute_vec4_tuple_u8
blam!     attribute_vec4_u16
blam!     attribute_vec4_u32
blam!     attribute_vec4_u8
blam!     missing_attribute
blam! 
blam! test result: FAILED. 0 passed; 51 failed; 0 ignored; 0 measured
blam! 
kablam! error: test failed
boom! running `docker rm -f 7026428bd72ea94c2bf0dd5edf04ea7bfb96539841f49d1a94c598fabe88c735`
blam! 7026428bd72ea94c2bf0dd5edf04ea7bfb96539841f49d1a94c598fabe88c735
