boom! testing ramp-0.3.3 against stable for beta
boom! running: cargo +stable build --frozen
boom! creating container for: cargo +stable build --frozen
boom! running `docker create -v /home/ec2-user/cargobomb/./work/local/test-source/beta/stable:/source:ro -v /home/ec2-user/cargobomb/./work/local/cargo-home:/cargo-home:ro -v /home/ec2-user/cargobomb/./work/local/rustup-home:/rustup-home:ro -v /home/ec2-user/cargobomb/./work/local/target-dirs/beta/stable:/target:rw -e USER_ID=500 -e CMD=cargo +stable build --frozen cargobomb`
blam! 6464d66651a5f6693378642c5981e11b896f82a3187342171e92c14c592fa35c
boom! running `docker start -a 6464d66651a5f6693378642c5981e11b896f82a3187342171e92c14c592fa35c`
kablam!    Compiling ramp v0.3.3 (file:///source)
kablam! error[E0554]: #[feature] may not be used on the stable release channel
kablam!   --> src/lib.rs:18:1
kablam!    |
kablam! 18 | #![feature(core_intrinsics, asm, heap_api, associated_consts)]
kablam!    | ^^^^^^^^^^^^^^^^^^^^^^^^^^^^^^^^^^^^^^^^^^^^^^^^^^^^^^^^^^^^^^
kablam! 
kablam! error[E0554]: #[feature] may not be used on the stable release channel
kablam!   --> src/lib.rs:19:1
kablam!    |
kablam! 19 | #![feature(step_trait, unique, alloc)]
kablam!    | ^^^^^^^^^^^^^^^^^^^^^^^^^^^^^^^^^^^^^^
kablam! 
kablam! error: aborting due to 2 previous errors
kablam! 
kablam! error: Could not compile `ramp`.
kablam! 
kablam! To learn more, run the command again with --verbose.
boom! running `docker rm -f 6464d66651a5f6693378642c5981e11b896f82a3187342171e92c14c592fa35c`
blam! 6464d66651a5f6693378642c5981e11b896f82a3187342171e92c14c592fa35c
