boom! testing macro_lisp-0.1.0 against stable for beta
boom! running: cargo +stable build --frozen
boom! creating container for: cargo +stable build --frozen
boom! running `docker create -v /home/ec2-user/cargobomb/./work/local/test-source/beta/stable:/source:ro -v /home/ec2-user/cargobomb/./work/local/cargo-home:/cargo-home:ro -v /home/ec2-user/cargobomb/./work/local/rustup-home:/rustup-home:ro -v /home/ec2-user/cargobomb/./work/local/target-dirs/beta/stable:/target:rw -e USER_ID=500 -e CMD=cargo +stable build --frozen cargobomb`
blam! 5e8267e4567e8c6d9fde3dc97dbe4c336a91485561f9077e41b8dbb598a6ac77
boom! running `docker start -a 5e8267e4567e8c6d9fde3dc97dbe4c336a91485561f9077e41b8dbb598a6ac77`
kablam!    Compiling macro_lisp v0.1.0 (file:///source)
kablam!     Finished debug [unoptimized + debuginfo] target(s) in 0.57 secs
boom! running `docker rm -f 5e8267e4567e8c6d9fde3dc97dbe4c336a91485561f9077e41b8dbb598a6ac77`
blam! 5e8267e4567e8c6d9fde3dc97dbe4c336a91485561f9077e41b8dbb598a6ac77
boom! running: cargo +stable test --frozen --no-run
boom! creating container for: cargo +stable test --frozen --no-run
boom! running `docker create -v /home/ec2-user/cargobomb/./work/local/test-source/beta/stable:/source:ro -v /home/ec2-user/cargobomb/./work/local/cargo-home:/cargo-home:ro -v /home/ec2-user/cargobomb/./work/local/rustup-home:/rustup-home:ro -v /home/ec2-user/cargobomb/./work/local/target-dirs/beta/stable:/target:rw -e USER_ID=500 -e CMD=cargo +stable test --frozen --no-run cargobomb`
blam! f917d2309a49444507a1ab55c21bd1608edcab3cd218af674ca9742f83951568
boom! running `docker start -a f917d2309a49444507a1ab55c21bd1608edcab3cd218af674ca9742f83951568`
kablam!    Compiling macro_lisp v0.1.0 (file:///source)
kablam!     Finished debug [unoptimized + debuginfo] target(s) in 2.67 secs
boom! running `docker rm -f f917d2309a49444507a1ab55c21bd1608edcab3cd218af674ca9742f83951568`
blam! f917d2309a49444507a1ab55c21bd1608edcab3cd218af674ca9742f83951568
boom! running: cargo +stable test --frozen
boom! creating container for: cargo +stable test --frozen
boom! running `docker create -v /home/ec2-user/cargobomb/./work/local/test-source/beta/stable:/source:ro -v /home/ec2-user/cargobomb/./work/local/cargo-home:/cargo-home:ro -v /home/ec2-user/cargobomb/./work/local/rustup-home:/rustup-home:ro -v /home/ec2-user/cargobomb/./work/local/target-dirs/beta/stable:/target:rw -e USER_ID=500 -e CMD=cargo +stable test --frozen cargobomb`
blam! 6377fdf8fb8a1a4cc30359b28bdcfa1087a6f754ae5d57614dad40041994ce21
boom! running `docker start -a 6377fdf8fb8a1a4cc30359b28bdcfa1087a6f754ae5d57614dad40041994ce21`
kablam!     Finished debug [unoptimized + debuginfo] target(s) in 0.0 secs
kablam!      Running /target/debug/deps/core-b4c0ad0fa1556720
blam! 
blam! running 18 tests
blam! test tests::test_do ... ok
blam! test tests::test_defconstant ... ok
blam! test tests::test_doiter ... ok
blam! test tests::test_defvar ... ok
blam! test tests::test_dotimes ... ok
blam! test tests::test_if_let ... ok
kablam!      Running /target/debug/deps/file-aad0c1ef1ee99033
blam! test tests::test_lambda ... ok
blam! test tests::test_defun ... ok
blam! test tests::test_let ... ok
blam! test tests::test_match ... ok
blam! test tests::test_if ... ok
blam! test tests::test_progn ... ok
blam! test tests::test_struct ... ok
blam! test tests::test_macro_utils ... ok
blam! test tests::test_when_unless ... ok
blam! test tests::test_loop_break ... ok
blam! test tests::test_while_let ... ok
blam! test tests::test_while ... ok
blam! 
blam! test result: ok. 18 passed; 0 failed; 0 ignored; 0 measured
blam! 
blam! 
blam! running 1 test
blam! test file_tests::test_with_input_from_file ... FAILED
blam! 
blam! failures:
blam! 
blam! ---- file_tests::test_with_input_from_file stdout ----
blam! 	thread 'file_tests::test_with_input_from_file' panicked at 'called `Result::unwrap()` on an `Err` value: Error { repr: Os { code: 2, message: "No such file or directory" } }', /buildslave/rust-buildbot/slave/stable-dist-rustc-linux/build/src/libcore/result.rs:837
blam! note: Run with `RUST_BACKTRACE=1` for a backtrace.
blam! 
blam! 
blam! failures:
blam!     file_tests::test_with_input_from_file
blam! 
blam! test result: FAILED. 0 passed; 1 failed; 0 ignored; 0 measured
blam! 
kablam! error: test failed
boom! running `docker rm -f 6377fdf8fb8a1a4cc30359b28bdcfa1087a6f754ae5d57614dad40041994ce21`
blam! 6377fdf8fb8a1a4cc30359b28bdcfa1087a6f754ae5d57614dad40041994ce21
