boom! testing https://github.com/englishm/guessing_game#3f2be5e96113e1da286eded474060e1aa0b61727 against stable for nightly
boom! running: cargo +stable build --frozen
boom! creating container for: cargo +stable build --frozen
boom! running `docker create -v /home/ec2-user/cargobomb/./work/local/test-source/nightly/stable:/source:ro -v /home/ec2-user/cargobomb/./work/local/cargo-home:/cargo-home:ro -v /home/ec2-user/cargobomb/./work/local/rustup-home:/rustup-home:ro -v /home/ec2-user/cargobomb/./work/local/target-dirs/nightly/stable:/target:rw -e USER_ID=500 -e CMD=cargo +stable build --frozen cargobomb`
blam! 4a5c3e3e21c355390b505839b5281606ca09544886fce529de6bd89bb95d170a
boom! running `docker start -a 4a5c3e3e21c355390b505839b5281606ca09544886fce529de6bd89bb95d170a`
kablam!    Compiling guessing_game v0.0.1 (file:///source)
kablam! error: invalid suffix `u` for numeric literal
kablam!  --> src/main.rs:8:49
kablam!   |
kablam! 8 |   let secret_number = (rand::random::<uint>() % 100u) + 1u;
kablam!   |                                                 ^^^^
kablam!   |
kablam!   = help: the suffix must be one of the integral types (`u32`, `isize`, etc)
kablam! 
kablam! error: invalid suffix `u` for numeric literal
kablam!  --> src/main.rs:8:57
kablam!   |
kablam! 8 |   let secret_number = (rand::random::<uint>() % 100u) + 1u;
kablam!   |                                                         ^^
kablam!   |
kablam!   = help: the suffix must be one of the integral types (`u32`, `isize`, etc)
kablam! 
kablam! error[E0412]: type name `uint` is undefined or not in scope
kablam!  --> src/main.rs:8:39
kablam!   |
kablam! 8 |   let secret_number = (rand::random::<uint>() % 100u) + 1u;
kablam!   |                                       ^^^^ undefined or not in scope
kablam!   |
kablam!   = help: no candidates by the name of `uint` found in your project; maybe you misspelled the name or forgot to import an external crate?
kablam! 
kablam! error[E0412]: type name `uint` is undefined or not in scope
kablam!   --> src/main.rs:17:27
kablam!    |
kablam! 17 |     let input_num: Option<uint> = input.trim().parse();
kablam!    |                           ^^^^ undefined or not in scope
kablam!    |
kablam!    = help: no candidates by the name of `uint` found in your project; maybe you misspelled the name or forgot to import an external crate?
kablam! 
kablam! error[E0412]: type name `uint` is undefined or not in scope
kablam!   --> src/main.rs:40:11
kablam!    |
kablam! 40 | fn cmp(a: uint, b: uint) -> Ordering {
kablam!    |           ^^^^ undefined or not in scope
kablam!    |
kablam!    = help: no candidates by the name of `uint` found in your project; maybe you misspelled the name or forgot to import an external crate?
kablam! 
kablam! error[E0412]: type name `uint` is undefined or not in scope
kablam!   --> src/main.rs:40:20
kablam!    |
kablam! 40 | fn cmp(a: uint, b: uint) -> Ordering {
kablam!    |                    ^^^^ undefined or not in scope
kablam!    |
kablam!    = help: no candidates by the name of `uint` found in your project; maybe you misspelled the name or forgot to import an external crate?
kablam! 
kablam! error: module `rand` is private
kablam!  --> src/main.rs:2:5
kablam!   |
kablam! 2 | use std::rand;
kablam!   |     ^^^^^^^^^
kablam! 
kablam! error[E0061]: this function takes 1 parameter but 0 parameters were supplied
kablam!   --> src/main.rs:14:29
kablam!    |
kablam! 14 |     let input = io::stdin().read_line()
kablam!    |                             ^^^^^^^^^
kablam!    |
kablam!    = note: the following parameter type was expected: &mut std::string::String
kablam! 
kablam! error: no method named `trim` found for type `usize` in the current scope
kablam!   --> src/main.rs:17:41
kablam!    |
kablam! 17 |     let input_num: Option<uint> = input.trim().parse();
kablam!    |                                         ^^^^
kablam! 
kablam! error: aborting due to 2 previous errors
kablam! 
kablam! error: Could not compile `guessing_game`.
kablam! 
kablam! To learn more, run the command again with --verbose.
boom! running `docker rm -f 4a5c3e3e21c355390b505839b5281606ca09544886fce529de6bd89bb95d170a`
blam! 4a5c3e3e21c355390b505839b5281606ca09544886fce529de6bd89bb95d170a
