boom! testing algs4-0.7.0 against nightly for nightly
boom! running: cargo +nightly build --frozen
boom! creating container for: cargo +nightly build --frozen
boom! running `docker create -v /home/ec2-user/cargobomb/./work/local/test-source/nightly/nightly:/source:ro -v /home/ec2-user/cargobomb/./work/local/cargo-home:/cargo-home:ro -v /home/ec2-user/cargobomb/./work/local/rustup-home:/rustup-home:ro -v /home/ec2-user/cargobomb/./work/local/target-dirs/nightly/nightly:/target:rw -e USER_ID=500 -e CMD=cargo +nightly build --frozen cargobomb`
blam! b8ca0adcfc5b5a21496b9c6f8c1e374c9bae3eacf12434519d3da7a086a2ba54
boom! running `docker start -a b8ca0adcfc5b5a21496b9c6f8c1e374c9bae3eacf12434519d3da7a086a2ba54`
kablam! warning: dependency (sdl2) specified without providing a local path, Git repository, or version to use. This will be considered an error in future versions
kablam! warning: dependency (sdl2_gfx) specified without providing a local path, Git repository, or version to use. This will be considered an error in future versions
kablam! warning: unused manifest key: dev_dependencies.sdl2.sdl2
kablam! warning: unused manifest key: dev_dependencies.sdl2_gfx.sdl2_gfx
kablam!    Compiling adivon v0.2.6
kablam!    Compiling mtl v0.1.5
kablam!    Compiling algs4 v0.7.0 (file:///source)
kablam! error[E0432]: unresolved import `mtl::array::Array`
kablam!  --> src/context/linear_programming.rs:5:18
kablam!   |
kablam! 5 | use mtl::array::{Array, ArrayType, concatenate};
kablam!   |                  ^^^^^ Could not find `array` in `mtl`
kablam! 
kablam! error[E0432]: unresolved import `mtl::array::ArrayType`
kablam!  --> src/context/linear_programming.rs:5:25
kablam!   |
kablam! 5 | use mtl::array::{Array, ArrayType, concatenate};
kablam!   |                         ^^^^^^^^^ Could not find `array` in `mtl`
kablam! 
kablam! error[E0432]: unresolved import `mtl::array::concatenate`
kablam!  --> src/context/linear_programming.rs:5:36
kablam!   |
kablam! 5 | use mtl::array::{Array, ArrayType, concatenate};
kablam!   |                                    ^^^^^^^^^^^ Could not find `array` in `mtl`
kablam! 
kablam! error[E0053]: method `get` has an incompatible type for trait
kablam!   --> src/geometric_search/kd_tree.rs:27:32
kablam!    |
kablam! 19 |     fn get(&self, d: usize) -> Self::ValueType;
kablam!    |                                --------------- type in trait
kablam! ...
kablam! 27 |     fn get(&self, d: usize) -> f64 {
kablam!    |                                ^^^ expected associated type, found f64
kablam!    |
kablam!    = note: expected type `fn(&fundamentals::primitive::Point2D, usize) -> <fundamentals::primitive::Point2D as geometric_search::kd_tree::Point>::ValueType`
kablam!               found type `fn(&fundamentals::primitive::Point2D, usize) -> f64`
kablam! 
kablam! error: aborting due to previous error
kablam! 
kablam! error: Could not compile `algs4`.
kablam! 
kablam! To learn more, run the command again with --verbose.
boom! running `docker rm -f b8ca0adcfc5b5a21496b9c6f8c1e374c9bae3eacf12434519d3da7a086a2ba54`
blam! b8ca0adcfc5b5a21496b9c6f8c1e374c9bae3eacf12434519d3da7a086a2ba54
