boom! testing ralloc-1.0.0 against beta for beta
boom! running: cargo +beta build --frozen
boom! creating container for: cargo +beta build --frozen
boom! running `docker create -v /home/ec2-user/cargobomb/./work/local/test-source/beta/beta:/source:ro -v /home/ec2-user/cargobomb/./work/local/cargo-home:/cargo-home:ro -v /home/ec2-user/cargobomb/./work/local/rustup-home:/rustup-home:ro -v /home/ec2-user/cargobomb/./work/local/target-dirs/beta/beta:/target:rw -e USER_ID=500 -e CMD=cargo +beta build --frozen cargobomb`
blam! 07bd90d7be9b36399842471a6ac9ed56b06d1490854fdc136bd884d89d46f369
boom! running `docker start -a 07bd90d7be9b36399842471a6ac9ed56b06d1490854fdc136bd884d89d46f369`
kablam!    Compiling syscall v0.2.1
kablam!    Compiling clippy_lints v0.0.85
kablam! error[E0554]: #[feature] may not be used on the beta release channel
kablam!   --> /cargo-home/registry/src/github.com-1ecc6299db9ec823/syscall-0.2.1/src/lib.rs:15:1
kablam!    |
kablam! 15 | #![feature(asm)]
kablam!    | ^^^^^^^^^^^^^^^^
kablam! 
kablam! error: aborting due to previous error
kablam! 
kablam! error: Could not compile `syscall`.
blam! Build failed, waiting for other jobs to finish...
kablam! error[E0432]: unresolved import `syntax::parse::token::InternedString`
kablam!  --> /cargo-home/registry/src/github.com-1ecc6299db9ec823/clippy_lints-0.0.85/src/utils/internal_lints.rs:3:5
kablam!   |
kablam! 3 | use syntax::parse::token::InternedString;
kablam!   |     ^^^^^^^^^^^^^^^^^^^^^^^^^^^^^^^^^^^^ no `InternedString` in `parse::token`
kablam! 
kablam! error[E0432]: unresolved import `rustc_const_eval::eval_const_expr_partial`
kablam!  --> /cargo-home/registry/src/github.com-1ecc6299db9ec823/clippy_lints-0.0.85/src/array_indexing.rs:5:5
kablam!   |
kablam! 5 | use rustc_const_eval::eval_const_expr_partial;
kablam!   |     ^^^^^^^^^^^^^^^^^^^^^^^^^^^^^^^^^^^^^^^^^ no `eval_const_expr_partial` in the root
kablam! 
kablam! error[E0432]: unresolved import `syntax::parse::token::InternedString`
kablam!  --> /cargo-home/registry/src/github.com-1ecc6299db9ec823/clippy_lints-0.0.85/src/copies.rs:6:5
kablam!   |
kablam! 6 | use syntax::parse::token::InternedString;
kablam!   |     ^^^^^^^^^^^^^^^^^^^^^^^^^^^^^^^^^^^^ no `InternedString` in `parse::token`
kablam! 
kablam! error[E0432]: unresolved import `rustc::middle::cstore::DefLike`
kablam!  --> /cargo-home/registry/src/github.com-1ecc6299db9ec823/clippy_lints-0.0.85/src/enum_glob_use.rs:7:5
kablam!   |
kablam! 7 | use rustc::middle::cstore::DefLike;
kablam!   |     ^^^^^^^^^^^^^^^^^^^^^^^^^^^^^^ no `DefLike` in `middle::cstore`
kablam! 
kablam! error[E0432]: unresolved import `syntax::parse::token::InternedString`
kablam!  --> /cargo-home/registry/src/github.com-1ecc6299db9ec823/clippy_lints-0.0.85/src/enum_variants.rs:6:5
kablam!   |
kablam! 6 | use syntax::parse::token::InternedString;
kablam!   |     ^^^^^^^^^^^^^^^^^^^^^^^^^^^^^^^^^^^^ no `InternedString` in `parse::token`
kablam! 
kablam! error[E0432]: unresolved import `rustc::ty::adjustment::AutoAdjustment`
kablam!  --> /cargo-home/registry/src/github.com-1ecc6299db9ec823/clippy_lints-0.0.85/src/escape.rs:8:5
kablam!   |
kablam! 8 | use rustc::ty::adjustment::AutoAdjustment;
kablam!   |     ^^^^^^^^^^^^^^^^^^^^^^^^^^^^^^^^^^^^^ no `AutoAdjustment` in `ty::adjustment`. Did you mean to use `Adjustment`?
kablam! 
kablam! error[E0432]: unresolved import `rustc::ty::MethodTraitItemId`
kablam!  --> /cargo-home/registry/src/github.com-1ecc6299db9ec823/clippy_lints-0.0.85/src/len_zero.rs:3:23
kablam!   |
kablam! 3 | use rustc::ty::{self, MethodTraitItemId, ImplOrTraitItemId};
kablam!   |                       ^^^^^^^^^^^^^^^^^ no `MethodTraitItemId` in `ty`
kablam! 
kablam! error[E0432]: unresolved import `rustc::ty::ImplOrTraitItemId`
kablam!  --> /cargo-home/registry/src/github.com-1ecc6299db9ec823/clippy_lints-0.0.85/src/len_zero.rs:3:42
kablam!   |
kablam! 3 | use rustc::ty::{self, MethodTraitItemId, ImplOrTraitItemId};
kablam!   |                                          ^^^^^^^^^^^^^^^^^ no `ImplOrTraitItemId` in `ty`
kablam! 
kablam! error[E0432]: unresolved import `rustc_const_eval::eval_const_expr_partial`
kablam!   --> /cargo-home/registry/src/github.com-1ecc6299db9ec823/clippy_lints-0.0.85/src/loops.rs:12:5
kablam!    |
kablam! 12 | use rustc_const_eval::eval_const_expr_partial;
kablam!    |     ^^^^^^^^^^^^^^^^^^^^^^^^^^^^^^^^^^^^^^^^^ no `eval_const_expr_partial` in the root
kablam! 
kablam! error[E0432]: unresolved import `rustc_const_eval::eval_const_expr_partial`
kablam!  --> /cargo-home/registry/src/github.com-1ecc6299db9ec823/clippy_lints-0.0.85/src/matches.rs:6:5
kablam!   |
kablam! 6 | use rustc_const_eval::eval_const_expr_partial;
kablam!   |     ^^^^^^^^^^^^^^^^^^^^^^^^^^^^^^^^^^^^^^^^^ no `eval_const_expr_partial` in the root
kablam! 
kablam! error[E0432]: unresolved import `rustc::middle::const_qualif::ConstQualif`
kablam!  --> /cargo-home/registry/src/github.com-1ecc6299db9ec823/clippy_lints-0.0.85/src/methods.rs:4:5
kablam!   |
kablam! 4 | use rustc::middle::const_qualif::ConstQualif;
kablam!   |     ^^^^^^^^^^^^^^^^^^^^^^^^^^^^^^^^^^^^^^^^ Could not find `const_qualif` in `middle`
kablam! 
kablam! error[E0432]: unresolved import `rustc_const_eval::eval_const_expr_partial`
kablam!  --> /cargo-home/registry/src/github.com-1ecc6299db9ec823/clippy_lints-0.0.85/src/methods.rs:7:5
kablam!   |
kablam! 7 | use rustc_const_eval::eval_const_expr_partial;
kablam!   |     ^^^^^^^^^^^^^^^^^^^^^^^^^^^^^^^^^^^^^^^^^ no `eval_const_expr_partial` in the root
kablam! 
kablam! error[E0432]: unresolved import `rustc_const_eval::eval_const_expr_partial`
kablam!  --> /cargo-home/registry/src/github.com-1ecc6299db9ec823/clippy_lints-0.0.85/src/misc.rs:8:5
kablam!   |
kablam! 8 | use rustc_const_eval::eval_const_expr_partial;
kablam!   |     ^^^^^^^^^^^^^^^^^^^^^^^^^^^^^^^^^^^^^^^^^ no `eval_const_expr_partial` in the root
kablam! 
kablam! error[E0432]: unresolved import `rustc::ty::adjustment::AutoAdjustment::AdjustDerefRef`
kablam!  --> /cargo-home/registry/src/github.com-1ecc6299db9ec823/clippy_lints-0.0.85/src/needless_borrow.rs:9:5
kablam!   |
kablam! 9 | use rustc::ty::adjustment::AutoAdjustment::AdjustDerefRef;
kablam!   |     ^^^^^^^^^^^^^^^^^^^^^^^^^^^^^^^^^^^^^^^^^^^^^^^^^^^^^ Could not find `AutoAdjustment` in `adjustment`
kablam! 
kablam! error[E0432]: unresolved import `rustc::ty::TyStruct`
kablam!  --> /cargo-home/registry/src/github.com-1ecc6299db9ec823/clippy_lints-0.0.85/src/needless_update.rs:2:5
kablam!   |
kablam! 2 | use rustc::ty::TyStruct;
kablam!   |     ^^^^^^^^^^^^^^^^^^^ no `TyStruct` in `ty`
kablam! 
kablam! error[E0432]: unresolved import `syntax::parse::token::InternedString`
kablam!  --> /cargo-home/registry/src/github.com-1ecc6299db9ec823/clippy_lints-0.0.85/src/non_expressive_names.rs:3:5
kablam!   |
kablam! 3 | use syntax::parse::token::InternedString;
kablam!   |     ^^^^^^^^^^^^^^^^^^^^^^^^^^^^^^^^^^^^ no `InternedString` in `parse::token`
kablam! 
kablam! error[E0432]: unresolved import `rustc_const_eval::eval_const_expr_partial`
kablam!  --> /cargo-home/registry/src/github.com-1ecc6299db9ec823/clippy_lints-0.0.85/src/regex.rs:6:5
kablam!   |
kablam! 6 | use rustc_const_eval::eval_const_expr_partial;
kablam!   |     ^^^^^^^^^^^^^^^^^^^^^^^^^^^^^^^^^^^^^^^^^ no `eval_const_expr_partial` in the root
kablam! 
kablam! error[E0432]: unresolved import `syntax::parse::token::InternedString`
kablam!   --> /cargo-home/registry/src/github.com-1ecc6299db9ec823/clippy_lints-0.0.85/src/regex.rs:11:5
kablam!    |
kablam! 11 | use syntax::parse::token::InternedString;
kablam!    |     ^^^^^^^^^^^^^^^^^^^^^^^^^^^^^^^^^^^^ no `InternedString` in `parse::token`
kablam! 
kablam! error[E0432]: unresolved import `rustc_const_eval::eval_const_expr_partial`
kablam!    --> /cargo-home/registry/src/github.com-1ecc6299db9ec823/clippy_lints-0.0.85/src/types.rs:977:9
kablam!     |
kablam! 977 |     use rustc_const_eval::eval_const_expr_partial;
kablam!     |         ^^^^^^^^^^^^^^^^^^^^^^^^^^^^^^^^^^^^^^^^^ no `eval_const_expr_partial` in the root
kablam! 
kablam! error[E0432]: unresolved import `syntax::parse::token::InternedString`
kablam!  --> /cargo-home/registry/src/github.com-1ecc6299db9ec823/clippy_lints-0.0.85/src/unsafe_removed_from_name.rs:5:5
kablam!   |
kablam! 5 | use syntax::parse::token::InternedString;
kablam!   |     ^^^^^^^^^^^^^^^^^^^^^^^^^^^^^^^^^^^^ no `InternedString` in `parse::token`
kablam! 
kablam! error[E0432]: unresolved import `syntax::parse::token::InternedString`
kablam!  --> /cargo-home/registry/src/github.com-1ecc6299db9ec823/clippy_lints-0.0.85/src/unused_label.rs:7:5
kablam!   |
kablam! 7 | use syntax::parse::token::InternedString;
kablam!   |     ^^^^^^^^^^^^^^^^^^^^^^^^^^^^^^^^^^^^ no `InternedString` in `parse::token`
kablam! 
kablam! error[E0432]: unresolved import `rustc_const_eval::eval_const_expr_partial`
kablam!  --> /cargo-home/registry/src/github.com-1ecc6299db9ec823/clippy_lints-0.0.85/src/vec.rs:5:5
kablam!   |
kablam! 5 | use rustc_const_eval::eval_const_expr_partial;
kablam!   |     ^^^^^^^^^^^^^^^^^^^^^^^^^^^^^^^^^^^^^^^^^ no `eval_const_expr_partial` in the root
kablam! 
kablam! error[E0531]: cannot find tuple struct/variant `ExprVec` in this scope
kablam!    --> /cargo-home/registry/src/github.com-1ecc6299db9ec823/clippy_lints-0.0.85/src/consts.rs:271:13
kablam!     |
kablam! 271 |             ExprVec(ref vec) => self.multi(vec).map(Constant::Vec),
kablam!     |             ^^^^^^^ did you mean `ExprRet`?
kablam! 
kablam! error[E0412]: cannot find type `InternedString` in module `token`
kablam!  --> /cargo-home/registry/src/github.com-1ecc6299db9ec823/clippy_lints-0.0.85/src/utils/conf.rs:8:62
kablam!   |
kablam! 8 | pub fn file(args: &[ptr::P<ast::MetaItem>]) -> Result<Option<token::InternedString>, (&'static str, codemap::Span)> {
kablam!   |                                                              ^^^^^^^^^^^^^^^^^^^^^ not found in `token`
kablam!   |
kablam!   = help: possible candidate is found in another module, you can import it into scope:
kablam!             `use syntax::symbol::InternedString;`
kablam! 
kablam! error[E0532]: expected tuple struct/variant, found unit variant `ast::MetaItemKind::Word`
kablam!   --> /cargo-home/registry/src/github.com-1ecc6299db9ec823/clippy_lints-0.0.85/src/utils/conf.rs:11:13
kablam!    |
kablam! 11 |             ast::MetaItemKind::Word(ref name) |
kablam!    |             ^^^^^^^^^^^^^^^^^^^^^^^ not a tuple struct/variant
kablam! 
kablam! error[E0531]: cannot find tuple struct/variant `ExprVec` in this scope
kablam!    --> /cargo-home/registry/src/github.com-1ecc6299db9ec823/clippy_lints-0.0.85/src/utils/hir.rs:125:15
kablam!     |
kablam! 125 |             (&ExprVec(ref l), &ExprVec(ref r)) => self.eq_exprs(l, r),
kablam!     |               ^^^^^^^ did you mean `ExprRet`?
kablam! 
kablam! error[E0531]: cannot find tuple struct/variant `ExprVec` in this scope
kablam!    --> /cargo-home/registry/src/github.com-1ecc6299db9ec823/clippy_lints-0.0.85/src/utils/hir.rs:125:32
kablam!     |
kablam! 125 |             (&ExprVec(ref l), &ExprVec(ref r)) => self.eq_exprs(l, r),
kablam!     |                                ^^^^^^^ did you mean `ExprRet`?
kablam! 
kablam! error[E0412]: cannot find type `QSelf` in this scope
kablam!    --> /cargo-home/registry/src/github.com-1ecc6299db9ec823/clippy_lints-0.0.85/src/utils/hir.rs:180:31
kablam!     |
kablam! 180 |     fn eq_qself(&self, left: &QSelf, right: &QSelf) -> bool {
kablam!     |                               ^^^^^ did you mean `Self`?
kablam!     |
kablam!     = help: possible candidate is found in another module, you can import it into scope:
kablam!               `use syntax::ast::QSelf;`
kablam! 
kablam! error[E0412]: cannot find type `QSelf` in this scope
kablam!    --> /cargo-home/registry/src/github.com-1ecc6299db9ec823/clippy_lints-0.0.85/src/utils/hir.rs:180:46
kablam!     |
kablam! 180 |     fn eq_qself(&self, left: &QSelf, right: &QSelf) -> bool {
kablam!     |                                              ^^^^^ did you mean `Self`?
kablam!     |
kablam!     = help: possible candidate is found in another module, you can import it into scope:
kablam!               `use syntax::ast::QSelf;`
kablam! 
kablam! error[E0531]: cannot find tuple struct/variant `TyVec` in this scope
kablam!    --> /cargo-home/registry/src/github.com-1ecc6299db9ec823/clippy_lints-0.0.85/src/utils/hir.rs:186:15
kablam!     |
kablam! 186 |             (&TyVec(ref l_vec), &TyVec(ref r_vec)) => self.eq_ty(l_vec, r_vec),
kablam!     |               ^^^^^ not found in this scope
kablam! 
kablam! error[E0531]: cannot find tuple struct/variant `TyVec` in this scope
kablam!    --> /cargo-home/registry/src/github.com-1ecc6299db9ec823/clippy_lints-0.0.85/src/utils/hir.rs:186:34
kablam!     |
kablam! 186 |             (&TyVec(ref l_vec), &TyVec(ref r_vec)) => self.eq_ty(l_vec, r_vec),
kablam!     |                                  ^^^^^ not found in this scope
kablam! 
kablam! error[E0531]: cannot find tuple struct/variant `TyFixedLengthVec` in this scope
kablam!    --> /cargo-home/registry/src/github.com-1ecc6299db9ec823/clippy_lints-0.0.85/src/utils/hir.rs:187:15
kablam!     |
kablam! 187 |             (&TyFixedLengthVec(ref lt, ref ll), &TyFixedLengthVec(ref rt, ref rl)) => {
kablam!     |               ^^^^^^^^^^^^^^^^ not found in this scope
kablam! 
kablam! error[E0531]: cannot find tuple struct/variant `TyFixedLengthVec` in this scope
kablam!    --> /cargo-home/registry/src/github.com-1ecc6299db9ec823/clippy_lints-0.0.85/src/utils/hir.rs:187:50
kablam!     |
kablam! 187 |             (&TyFixedLengthVec(ref lt, ref ll), &TyFixedLengthVec(ref rt, ref rl)) => {
kablam!     |                                                  ^^^^^^^^^^^^^^^^ not found in this scope
kablam! 
kablam! error[E0531]: cannot find tuple struct/variant `ExprVec` in this scope
kablam!    --> /cargo-home/registry/src/github.com-1ecc6299db9ec823/clippy_lints-0.0.85/src/utils/hir.rs:460:13
kablam!     |
kablam! 460 |             ExprVec(ref v) => {
kablam!     |             ^^^^^^^ did you mean `ExprRet`?
kablam! 
kablam! error[E0425]: cannot find value `ExprVec` in this scope
kablam!    --> /cargo-home/registry/src/github.com-1ecc6299db9ec823/clippy_lints-0.0.85/src/utils/hir.rs:461:37
kablam!     |
kablam! 461 |                 let c: fn(_) -> _ = ExprVec;
kablam!     |                                     ^^^^^^^ did you mean `ExprRet`?
kablam! 
kablam! error[E0531]: cannot find tuple struct/variant `ExprVec` in module `hir`
kablam!   --> /cargo-home/registry/src/github.com-1ecc6299db9ec823/clippy_lints-0.0.85/src/utils/sugg.rs:64:17
kablam!    |
kablam! 64 |                 hir::ExprVec(..) |
kablam!    |                 ^^^^^^^^^^^^ did you mean `hir::ExprRet`?
kablam! 
kablam! error[E0531]: cannot find tuple struct/variant `ExprVec` in module `hir`
kablam!    --> /cargo-home/registry/src/github.com-1ecc6299db9ec823/clippy_lints-0.0.85/src/utils/higher.rs:177:21
kablam!     |
kablam! 164 |     if_let_chain!{[
kablam!     |     - in this macro invocation
kablam! ...
kablam! 177 |                 let hir::ExprVec(ref args) = boxed.node
kablam!     |                     ^^^^^^^^^^^^ did you mean `hir::ExprRet`?
kablam! 
kablam! error[E0412]: cannot find type `InternedString` in module `token`
kablam!    --> /cargo-home/registry/src/github.com-1ecc6299db9ec823/clippy_lints-0.0.85/src/utils/mod.rs:133:20
kablam!     |
kablam! 133 |         names: Vec<token::InternedString>,
kablam!     |                    ^^^^^^^^^^^^^^^^^^^^^ not found in `token`
kablam!     |
kablam!     = help: possible candidate is found in another module, you can import it into scope:
kablam!               `use syntax::symbol::InternedString;`
kablam! 
kablam! error[E0425]: cannot find function `intern` in module `token`
kablam!    --> /cargo-home/registry/src/github.com-1ecc6299db9ec823/clippy_lints-0.0.85/src/utils/mod.rs:143:29
kablam!     |
kablam! 143 |             self.names.push(token::intern(text).as_str());
kablam!     |                             ^^^^^^^^^^^^^ not found in `token`
kablam! 
kablam! error[E0531]: cannot find tuple struct/variant `TyEnum` in module `ty`
kablam!    --> /cargo-home/registry/src/github.com-1ecc6299db9ec823/clippy_lints-0.0.85/src/utils/mod.rs:157:9
kablam!     |
kablam! 157 |         ty::TyEnum(adt, _) |
kablam!     |         ^^^^^^^^^^ not found in `ty`
kablam! 
kablam! error[E0531]: cannot find tuple struct/variant `TyStruct` in module `ty`
kablam!    --> /cargo-home/registry/src/github.com-1ecc6299db9ec823/clippy_lints-0.0.85/src/utils/mod.rs:158:9
kablam!     |
kablam! 158 |         ty::TyStruct(adt, _) => match_def_path(cx, adt.did, path),
kablam!     |         ^^^^^^^^^^^^ not found in `ty`
kablam! 
kablam! error[E0412]: cannot find type `DefLike` in module `cstore`
kablam!    --> /cargo-home/registry/src/github.com-1ecc6299db9ec823/clippy_lints-0.0.85/src/utils/mod.rs:219:63
kablam!     |
kablam! 219 | pub fn path_to_def(cx: &LateContext, path: &[&str]) -> Option<cstore::DefLike> {
kablam!     |                                                               ^^^^^^^^^^^^^^^ not found in `cstore`
kablam! 
kablam! error[E0433]: failed to resolve. Could not find `DefLike` in `cstore`
kablam!    --> /cargo-home/registry/src/github.com-1ecc6299db9ec823/clippy_lints-0.0.85/src/utils/mod.rs:241:25
kablam!     |
kablam! 241 |                         cstore::DefLike::DlDef(def) => def.def_id(),
kablam!     |                         ^^^^^^^^^^^^^^^^^^^^^^ Could not find `DefLike` in `cstore`
kablam! 
kablam! error[E0433]: failed to resolve. Could not find `DefLike` in `cstore`
kablam!    --> /cargo-home/registry/src/github.com-1ecc6299db9ec823/clippy_lints-0.0.85/src/utils/mod.rs:242:25
kablam!     |
kablam! 242 |                         cstore::DefLike::DlImpl(def_id) => def_id,
kablam!     |                         ^^^^^^^^^^^^^^^^^^^^^^^ Could not find `DefLike` in `cstore`
kablam! 
kablam! error[E0531]: cannot find tuple struct/variant `DlDef` in module `cstore`
kablam!    --> /cargo-home/registry/src/github.com-1ecc6299db9ec823/clippy_lints-0.0.85/src/utils/mod.rs:264:9
kablam!     |
kablam! 264 |         cstore::DlDef(def::Def::Trait(trait_id)) => Some(trait_id),
kablam!     |         ^^^^^^^^^^^^^ not found in `cstore`
kablam! 
kablam! error[E0532]: expected tuple struct/variant, found unit variant `MetaItemKind::Word`
kablam!    --> /cargo-home/registry/src/github.com-1ecc6299db9ec823/clippy_lints-0.0.85/src/attrs.rs:114:44
kablam!     |
kablam! 114 |                                     if let MetaItemKind::Word(ref word) = lint.node {
kablam!     |                                            ^^^^^^^^^^^^^^^^^^ not a tuple struct/variant
kablam! 
kablam! error[E0531]: cannot find tuple struct/variant `MethodTraitItem` in this scope
kablam!    --> /cargo-home/registry/src/github.com-1ecc6299db9ec823/clippy_lints-0.0.85/src/attrs.rs:172:9
kablam!     |
kablam! 172 |         MethodTraitItem(_, None) => true,
kablam!     |         ^^^^^^^^^^^^^^^ not found in this scope
kablam! 
kablam! error[E0531]: cannot find tuple struct/variant `MethodTraitItem` in this scope
kablam!    --> /cargo-home/registry/src/github.com-1ecc6299db9ec823/clippy_lints-0.0.85/src/attrs.rs:173:9
kablam!     |
kablam! 173 |         MethodTraitItem(_, Some(ref block)) => is_relevant_block(block),
kablam!     |         ^^^^^^^^^^^^^^^ not found in this scope
kablam! 
kablam! error[E0532]: expected tuple struct/variant, found unit variant `MetaItemKind::Word`
kablam!    --> /cargo-home/registry/src/github.com-1ecc6299db9ec823/clippy_lints-0.0.85/src/attrs.rs:217:20
kablam!     |
kablam! 217 |             if let MetaItemKind::Word(ref always) = values[0].node {
kablam!     |                    ^^^^^^^^^^^^^^^^^^ not a tuple struct/variant
kablam! 
kablam! error[E0531]: cannot find tuple struct/variant `MethodTraitItem` in this scope
kablam!    --> /cargo-home/registry/src/github.com-1ecc6299db9ec823/clippy_lints-0.0.85/src/cyclomatic_complexity.rs:109:16
kablam!     |
kablam! 109 |         if let MethodTraitItem(_, Some(ref block)) = item.node {
kablam!     |                ^^^^^^^^^^^^^^^ not found in this scope
kablam! 
kablam! error[E0532]: expected tuple struct/variant, found unit variant `MetaItemKind::Word`
kablam!    --> /cargo-home/registry/src/github.com-1ecc6299db9ec823/clippy_lints-0.0.85/src/derive.rs:179:12
kablam!     |
kablam! 179 |     if let MetaItemKind::Word(ref word) = attr.node.value.node {
kablam!     |            ^^^^^^^^^^^^^^^^^^ not a tuple struct/variant
kablam! 
kablam! error[E0425]: cannot find function `eval_const_expr_partial` in this scope
kablam!   --> /cargo-home/registry/src/github.com-1ecc6299db9ec823/clippy_lints-0.0.85/src/enum_clike.rs:47:37
kablam!    |
kablam! 47 |                     let bad = match eval_const_expr_partial(cx.tcx, &**disr, EvalHint::ExprTypeChecked, None) {
kablam!    |                                     ^^^^^^^^^^^^^^^^^^^^^^^ not found in this scope
kablam! 
kablam! error[E0433]: failed to resolve. Use of undeclared type or module `ViewPath_`
kablam!   --> /cargo-home/registry/src/github.com-1ecc6299db9ec823/clippy_lints-0.0.85/src/enum_glob_use.rs:53:20
kablam!    |
kablam! 53 |             if let ViewPath_::ViewPathGlob(_) = item_use.node {
kablam!    |                    ^^^^^^^^^^^^^^^^^^^^^^^ Use of undeclared type or module `ViewPath_`
kablam! 
kablam! error[E0531]: cannot find tuple struct/variant `TyBox` in module `ty`
kablam!   --> /cargo-home/registry/src/github.com-1ecc6299db9ec823/clippy_lints-0.0.85/src/escape.rs:45:9
kablam!    |
kablam! 45 |         ty::TyBox(inner) => !inner.is_trait(),
kablam!    |         ^^^^^^^^^ not found in `ty`
kablam! 
kablam! error[E0531]: cannot find tuple struct/variant `TyBox` in module `ty`
kablam!    --> /cargo-home/registry/src/github.com-1ecc6299db9ec823/clippy_lints-0.0.85/src/escape.rs:196:13
kablam!     |
kablam! 196 |             ty::TyBox(inner) => {
kablam!     |             ^^^^^^^^^ not found in `ty`
kablam! 
kablam! error[E0531]: cannot find tuple struct/variant `ExprVec` in this scope
kablam!    --> /cargo-home/registry/src/github.com-1ecc6299db9ec823/clippy_lints-0.0.85/src/eval_order_dependence.rs:121:9
kablam!     |
kablam! 121 |         ExprVec(_) |
kablam!     |         ^^^^^^^ did you mean `ExprRet`?
kablam! 
kablam! error[E0531]: cannot find tuple struct/variant `ExprVec` in this scope
kablam!   --> /cargo-home/registry/src/github.com-1ecc6299db9ec823/clippy_lints-0.0.85/src/format.rs:85:13
kablam!    |
kablam! 76 |     if_let_chain! {[
kablam!    |     - in this macro invocation
kablam! ...
kablam! 85 |         let ExprVec(ref exprs) = expr.node,
kablam!    |             ^^^^^^^ did you mean `ExprRet`?
kablam! 
kablam! error[E0531]: cannot find tuple struct/variant `ExprVec` in this scope
kablam!    --> /cargo-home/registry/src/github.com-1ecc6299db9ec823/clippy_lints-0.0.85/src/format.rs:126:13
kablam!     |
kablam! 119 |     if_let_chain! {[
kablam!     |     - in this macro invocation
kablam! ...
kablam! 126 |         let ExprVec(ref exprs) = arms[0].body.node,
kablam!     |             ^^^^^^^ did you mean `ExprRet`?
kablam! 
kablam! error[E0531]: cannot find tuple struct/variant `MethodTraitItem` in module `hir`
kablam!    --> /cargo-home/registry/src/github.com-1ecc6299db9ec823/clippy_lints-0.0.85/src/functions.rs:101:16
kablam!     |
kablam! 101 |         if let hir::MethodTraitItem(ref sig, ref block) = item.node {
kablam!     |                ^^^^^^^^^^^^^^^^^^^^ not found in `hir`
kablam! 
kablam! error[E0531]: cannot find tuple struct/variant `MethodTraitItem` in this scope
kablam!   --> /cargo-home/registry/src/github.com-1ecc6299db9ec823/clippy_lints-0.0.85/src/len_zero.rs:94:16
kablam!    |
kablam! 94 |         if let MethodTraitItem(ref sig, _) = item.node {
kablam!    |                ^^^^^^^^^^^^^^^ not found in this scope
kablam! 
kablam! error[E0531]: cannot find tuple struct/variant `MethodTraitItem` in module `ty`
kablam!    --> /cargo-home/registry/src/github.com-1ecc6299db9ec823/clippy_lints-0.0.85/src/len_zero.rs:183:20
kablam!     |
kablam! 183 |             if let ty::MethodTraitItem(ref method) = cx.tcx.impl_or_trait_item(def_id) {
kablam!     |                    ^^^^^^^^^^^^^^^^^^^ not found in `ty`
kablam! 
kablam! error[E0531]: cannot find tuple struct/variant `TyTrait` in module `ty`
kablam!    --> /cargo-home/registry/src/github.com-1ecc6299db9ec823/clippy_lints-0.0.85/src/len_zero.rs:203:9
kablam!     |
kablam! 203 |         ty::TyTrait(_) => {
kablam!     |         ^^^^^^^^^^^ not found in `ty`
kablam! 
kablam! error[E0531]: cannot find tuple struct/variant `TyEnum` in module `ty`
kablam!    --> /cargo-home/registry/src/github.com-1ecc6299db9ec823/clippy_lints-0.0.85/src/len_zero.rs:211:9
kablam!     |
kablam! 211 |         ty::TyEnum(id, _) |
kablam!     |         ^^^^^^^^^^ not found in `ty`
kablam! 
kablam! error[E0531]: cannot find tuple struct/variant `TyStruct` in module `ty`
kablam!    --> /cargo-home/registry/src/github.com-1ecc6299db9ec823/clippy_lints-0.0.85/src/len_zero.rs:212:9
kablam!     |
kablam! 212 |         ty::TyStruct(id, _) => has_is_empty_impl(cx, &id.did),
kablam!     |         ^^^^^^^^^^^^ not found in `ty`
kablam! 
kablam! error[E0531]: cannot find tuple struct/variant `MethodTraitItem` in this scope
kablam!   --> /cargo-home/registry/src/github.com-1ecc6299db9ec823/clippy_lints-0.0.85/src/lifetimes.rs:73:16
kablam!    |
kablam! 73 |         if let MethodTraitItem(ref sig, _) = item.node {
kablam!    |                ^^^^^^^^^^^^^^^ not found in this scope
kablam! 
kablam! error[E0531]: cannot find tuple struct/variant `TyStruct` in module `ty`
kablam!    --> /cargo-home/registry/src/github.com-1ecc6299db9ec823/clippy_lints-0.0.85/src/methods.rs:798:13
kablam!     |
kablam! 798 |             ty::TyStruct(..) => match_type(cx, ty, &paths::VEC),
kablam!     |             ^^^^^^^^^^^^ not found in `ty`
kablam! 
kablam! error[E0531]: cannot find tuple struct/variant `TyBox` in module `ty`
kablam!    --> /cargo-home/registry/src/github.com-1ecc6299db9ec823/clippy_lints-0.0.85/src/methods.rs:801:13
kablam!     |
kablam! 801 |             ty::TyBox(inner) => may_slice(cx, inner),
kablam!     |             ^^^^^^^^^ not found in `ty`
kablam! 
kablam! error[E0531]: cannot find tuple struct/variant `TyBox` in module `ty`
kablam!    --> /cargo-home/registry/src/github.com-1ecc6299db9ec823/clippy_lints-0.0.85/src/methods.rs:818:13
kablam!     |
kablam! 818 |             ty::TyBox(inner) => {
kablam!     |             ^^^^^^^^^ not found in `ty`
kablam! 
kablam! error[E0531]: cannot find tuple struct/variant `TyEnum` in module `ty`
kablam!     --> /cargo-home/registry/src/github.com-1ecc6299db9ec823/clippy_lints-0.0.85/src/methods.rs:1086:12
kablam!      |
kablam! 1086 |     if let ty::TyEnum(_, substs) = ty.sty {
kablam!      |            ^^^^^^^^^^ not found in `ty`
kablam! 
kablam! error[E0412]: cannot find type `ExplicitSelf` in module `hir`
kablam!     --> /cargo-home/registry/src/github.com-1ecc6299db9ec823/clippy_lints-0.0.85/src/methods.rs:1182:28
kablam!      |
kablam! 1182 |     fn matches(self, slf: &hir::ExplicitSelf, allow_value_for_ref: bool) -> bool {
kablam!      |                            ^^^^^^^^^^^^^^^^^ not found in `hir`
kablam!      |
kablam!      = help: possible candidate is found in another module, you can import it into scope:
kablam!                `use syntax::ast::ExplicitSelf;`
kablam! 
kablam! error[E0433]: failed to resolve. Could not find `SelfKind` in `hir`
kablam!     --> /cargo-home/registry/src/github.com-1ecc6299db9ec823/clippy_lints-0.0.85/src/methods.rs:1184:32
kablam!      |
kablam! 1184 |             (SelfKind::Value, &hir::SelfKind::Value(_)) |
kablam!      |                                ^^^^^^^^^^^^^^^^^^^^ Could not find `SelfKind` in `hir`
kablam! 
kablam! error[E0433]: failed to resolve. Could not find `SelfKind` in `hir`
kablam!     --> /cargo-home/registry/src/github.com-1ecc6299db9ec823/clippy_lints-0.0.85/src/methods.rs:1185:30
kablam!      |
kablam! 1185 |             (SelfKind::Ref, &hir::SelfKind::Region(_, hir::Mutability::MutImmutable)) |
kablam!      |                              ^^^^^^^^^^^^^^^^^^^^^ Could not find `SelfKind` in `hir`
kablam! 
kablam! error[E0433]: failed to resolve. Could not find `SelfKind` in `hir`
kablam!     --> /cargo-home/registry/src/github.com-1ecc6299db9ec823/clippy_lints-0.0.85/src/methods.rs:1186:33
kablam!      |
kablam! 1186 |             (SelfKind::RefMut, &hir::SelfKind::Region(_, hir::Mutability::MutMutable)) => true,
kablam!      |                                 ^^^^^^^^^^^^^^^^^^^^^ Could not find `SelfKind` in `hir`
kablam! 
kablam! error[E0433]: failed to resolve. Could not find `SelfKind` in `hir`
kablam!     --> /cargo-home/registry/src/github.com-1ecc6299db9ec823/clippy_lints-0.0.85/src/methods.rs:1187:30
kablam!      |
kablam! 1187 |             (SelfKind::Ref, &hir::SelfKind::Value(_)) |
kablam!      |                              ^^^^^^^^^^^^^^^^^^^^ Could not find `SelfKind` in `hir`
kablam! 
kablam! error[E0433]: failed to resolve. Could not find `SelfKind` in `hir`
kablam!     --> /cargo-home/registry/src/github.com-1ecc6299db9ec823/clippy_lints-0.0.85/src/methods.rs:1188:33
kablam!      |
kablam! 1188 |             (SelfKind::RefMut, &hir::SelfKind::Value(_)) => allow_value_for_ref,
kablam!      |                                 ^^^^^^^^^^^^^^^^^^^^ Could not find `SelfKind` in `hir`
kablam! 
kablam! error[E0433]: failed to resolve. Could not find `SelfKind` in `hir`
kablam!     --> /cargo-home/registry/src/github.com-1ecc6299db9ec823/clippy_lints-0.0.85/src/methods.rs:1189:18
kablam!      |
kablam! 1189 |             (_, &hir::SelfKind::Explicit(ref ty, _)) => self.matches_explicit_type(ty, allow_value_for_ref),
kablam!      |                  ^^^^^^^^^^^^^^^^^^^^^^^ Could not find `SelfKind` in `hir`
kablam! 
kablam! error[E0531]: cannot find tuple struct/variant `TyStruct` in module `ty`
kablam!   --> /cargo-home/registry/src/github.com-1ecc6299db9ec823/clippy_lints-0.0.85/src/mutex_atomic.rs:60:16
kablam!    |
kablam! 60 |         if let ty::TyStruct(_, subst) = ty.sty {
kablam!    |                ^^^^^^^^^^^^ not found in `ty`
kablam! 
kablam! error[E0531]: cannot find tuple struct/variant `TyStruct` in module `ty`
kablam!    --> /cargo-home/registry/src/github.com-1ecc6299db9ec823/clippy_lints-0.0.85/src/new_without_default.rs:149:9
kablam!     |
kablam! 149 |         ty::TyStruct(adt_def, substs) => {
kablam!     |         ^^^^^^^^^^^^ not found in `ty`
kablam! 
kablam! error[E0531]: cannot find tuple struct/variant `MethodTraitItem` in this scope
kablam!   --> /cargo-home/registry/src/github.com-1ecc6299db9ec823/clippy_lints-0.0.85/src/ptr_arg.rs:57:16
kablam!    |
kablam! 57 |         if let MethodTraitItem(ref sig, _) = item.node {
kablam!    |                ^^^^^^^^^^^^^^^ not found in this scope
kablam! 
kablam! error[E0531]: cannot find tuple struct/variant `ExprVec` in this scope
kablam!    --> /cargo-home/registry/src/github.com-1ecc6299db9ec823/clippy_lints-0.0.85/src/regex.rs:193:13
kablam!     |
kablam! 191 |       if_let_chain! {[
kablam!     |  _____- starting here...
kablam! 192 | |         let ExprAddrOf(_, ref expr) = expr.node,
kablam! 193 | |         let ExprVec(ref exprs) = expr.node,
kablam!     | |             ^^^^^^^ did you mean `ExprRet`?
kablam! 194 | |     ], {
kablam! 195 | |         for expr in exprs {
kablam! 196 | |             check_regex(cx, expr, utf8);
kablam! 197 | |         }
kablam! 198 | |     }}
kablam!     | |______- ...ending here: in this macro invocation
kablam! 
kablam! error[E0531]: cannot find tuple struct/variant `ExprVec` in this scope
kablam!    --> /cargo-home/registry/src/github.com-1ecc6299db9ec823/clippy_lints-0.0.85/src/shadow.rs:284:9
kablam!     |
kablam! 284 |         ExprVec(ref v) | ExprTup(ref v) => {
kablam!     |         ^^^^^^^ did you mean `ExprRet`?
kablam! 
kablam! error[E0531]: cannot find tuple struct/variant `TyObjectSum` in this scope
kablam!    --> /cargo-home/registry/src/github.com-1ecc6299db9ec823/clippy_lints-0.0.85/src/shadow.rs:321:9
kablam!     |
kablam! 321 |         TyObjectSum(ref sty, _) |
kablam!     |         ^^^^^^^^^^^ not found in this scope
kablam! 
kablam! error[E0531]: cannot find tuple struct/variant `TyVec` in this scope
kablam!    --> /cargo-home/registry/src/github.com-1ecc6299db9ec823/clippy_lints-0.0.85/src/shadow.rs:322:9
kablam!     |
kablam! 322 |         TyVec(ref sty) => check_ty(cx, sty, bindings),
kablam!     |         ^^^^^ not found in this scope
kablam! 
kablam! error[E0531]: cannot find tuple struct/variant `TyFixedLengthVec` in this scope
kablam!    --> /cargo-home/registry/src/github.com-1ecc6299db9ec823/clippy_lints-0.0.85/src/shadow.rs:323:9
kablam!     |
kablam! 323 |         TyFixedLengthVec(ref fty, ref expr) => {
kablam!     |         ^^^^^^^^^^^^^^^^ not found in this scope
kablam! 
kablam! error[E0531]: cannot find tuple struct/variant `ConstTraitItem` in this scope
kablam!    --> /cargo-home/registry/src/github.com-1ecc6299db9ec823/clippy_lints-0.0.85/src/types.rs:550:13
kablam!     |
kablam! 550 |             ConstTraitItem(ref ty, _) |
kablam!     |             ^^^^^^^^^^^^^^ not found in this scope
kablam! 
kablam! error[E0531]: cannot find tuple struct/variant `TypeTraitItem` in this scope
kablam!    --> /cargo-home/registry/src/github.com-1ecc6299db9ec823/clippy_lints-0.0.85/src/types.rs:551:13
kablam!     |
kablam! 551 |             TypeTraitItem(_, Some(ref ty)) => self.check_type(cx, ty),
kablam!     |             ^^^^^^^^^^^^^ not found in this scope
kablam! 
kablam! error[E0531]: cannot find tuple struct/variant `MethodTraitItem` in this scope
kablam!    --> /cargo-home/registry/src/github.com-1ecc6299db9ec823/clippy_lints-0.0.85/src/types.rs:552:13
kablam!     |
kablam! 552 |             MethodTraitItem(MethodSig { ref decl, .. }, None) => self.check_fndecl(cx, decl),
kablam!     |             ^^^^^^^^^^^^^^^ not found in this scope
kablam! 
kablam! error[E0531]: cannot find tuple struct/variant `TyVec` in this scope
kablam!    --> /cargo-home/registry/src/github.com-1ecc6299db9ec823/clippy_lints-0.0.85/src/types.rs:622:13
kablam!     |
kablam! 622 |             TyVec(..) |
kablam!     |             ^^^^^ not found in this scope
kablam! 
kablam! error[E0531]: cannot find tuple struct/variant `TyFixedLengthVec` in this scope
kablam!    --> /cargo-home/registry/src/github.com-1ecc6299db9ec823/clippy_lints-0.0.85/src/types.rs:624:13
kablam!     |
kablam! 624 |             TyFixedLengthVec(..) => (10 * self.nest, 1),
kablam!     |             ^^^^^^^^^^^^^^^^ not found in this scope
kablam! 
kablam! error[E0531]: cannot find tuple struct/variant `TyObjectSum` in this scope
kablam!    --> /cargo-home/registry/src/github.com-1ecc6299db9ec823/clippy_lints-0.0.85/src/types.rs:627:13
kablam!     |
kablam! 627 |             TyObjectSum(..) => (20 * self.nest, 0),
kablam!     |             ^^^^^^^^^^^ not found in this scope
kablam! 
kablam! error[E0531]: cannot find tuple struct/variant `TyPolyTraitRef` in this scope
kablam!    --> /cargo-home/registry/src/github.com-1ecc6299db9ec823/clippy_lints-0.0.85/src/types.rs:631:13
kablam!     |
kablam! 631 |             TyPolyTraitRef(..) => (50 * self.nest, 1),
kablam!     |             ^^^^^^^^^^^^^^ not found in this scope
kablam! 
kablam! error[E0425]: cannot find function `eval_const_expr_partial` in this scope
kablam!    --> /cargo-home/registry/src/github.com-1ecc6299db9ec823/clippy_lints-0.0.85/src/types.rs:793:20
kablam!     |
kablam! 793 |     let cv = match eval_const_expr_partial(cx.tcx, expr, ExprTypeChecked, None) {
kablam!     |                    ^^^^^^^^^^^^^^^^^^^^^^^ not found in this scope
kablam! 
kablam! error[E0433]: failed to resolve. Use of undeclared type or module `ViewPath_`
kablam!   --> /cargo-home/registry/src/github.com-1ecc6299db9ec823/clippy_lints-0.0.85/src/unsafe_removed_from_name.rs:41:17
kablam!    |
kablam! 41 |                 ViewPath_::ViewPathSimple(ref name, ref path) => {
kablam!    |                 ^^^^^^^^^^^^^^^^^^^^^^^^^ Use of undeclared type or module `ViewPath_`
kablam! 
kablam! error[E0433]: failed to resolve. Use of undeclared type or module `ViewPath_`
kablam!   --> /cargo-home/registry/src/github.com-1ecc6299db9ec823/clippy_lints-0.0.85/src/unsafe_removed_from_name.rs:51:17
kablam!    |
kablam! 51 |                 ViewPath_::ViewPathList(_, ref path_list_items) => {
kablam!    |                 ^^^^^^^^^^^^^^^^^^^^^^^ Use of undeclared type or module `ViewPath_`
kablam! 
kablam! error[E0433]: failed to resolve. Use of undeclared type or module `ViewPath_`
kablam!   --> /cargo-home/registry/src/github.com-1ecc6299db9ec823/clippy_lints-0.0.85/src/unsafe_removed_from_name.rs:59:17
kablam!    |
kablam! 59 |                 ViewPath_::ViewPathGlob(_) => {}
kablam!    |                 ^^^^^^^^^^^^^^^^^^^^^^^ Use of undeclared type or module `ViewPath_`
kablam! 
kablam! error[E0531]: cannot find tuple struct/variant `TyStruct` in module `ty`
kablam!   --> /cargo-home/registry/src/github.com-1ecc6299db9ec823/clippy_lints-0.0.85/src/vec.rs:91:12
kablam!    |
kablam! 91 |     if let ty::TyStruct(_, substs) = ty.sty {
kablam!    |            ^^^^^^^^^^^^ not found in `ty`
kablam! 
kablam! error[E0554]: #[feature] may not be used on the beta release channel
kablam!  --> /cargo-home/registry/src/github.com-1ecc6299db9ec823/clippy_lints-0.0.85/src/lib.rs:3:1
kablam!   |
kablam! 3 | #![feature(box_syntax)]
kablam!   | ^^^^^^^^^^^^^^^^^^^^^^^
kablam! 
kablam! error[E0554]: #[feature] may not be used on the beta release channel
kablam!  --> /cargo-home/registry/src/github.com-1ecc6299db9ec823/clippy_lints-0.0.85/src/lib.rs:4:1
kablam!   |
kablam! 4 | #![feature(collections)]
kablam!   | ^^^^^^^^^^^^^^^^^^^^^^^^
kablam! 
kablam! error[E0554]: #[feature] may not be used on the beta release channel
kablam!  --> /cargo-home/registry/src/github.com-1ecc6299db9ec823/clippy_lints-0.0.85/src/lib.rs:5:1
kablam!   |
kablam! 5 | #![feature(custom_attribute)]
kablam!   | ^^^^^^^^^^^^^^^^^^^^^^^^^^^^^
kablam! 
kablam! error[E0554]: #[feature] may not be used on the beta release channel
kablam!  --> /cargo-home/registry/src/github.com-1ecc6299db9ec823/clippy_lints-0.0.85/src/lib.rs:6:1
kablam!   |
kablam! 6 | #![feature(dotdot_in_tuple_patterns)]
kablam!   | ^^^^^^^^^^^^^^^^^^^^^^^^^^^^^^^^^^^^^
kablam! 
kablam! error[E0554]: #[feature] may not be used on the beta release channel
kablam!  --> /cargo-home/registry/src/github.com-1ecc6299db9ec823/clippy_lints-0.0.85/src/lib.rs:7:1
kablam!   |
kablam! 7 | #![feature(question_mark)]
kablam!   | ^^^^^^^^^^^^^^^^^^^^^^^^^^
kablam! 
kablam! error[E0554]: #[feature] may not be used on the beta release channel
kablam!  --> /cargo-home/registry/src/github.com-1ecc6299db9ec823/clippy_lints-0.0.85/src/lib.rs:8:1
kablam!   |
kablam! 8 | #![feature(rustc_private)]
kablam!   | ^^^^^^^^^^^^^^^^^^^^^^^^^^
kablam! 
kablam! error[E0554]: #[feature] may not be used on the beta release channel
kablam!  --> /cargo-home/registry/src/github.com-1ecc6299db9ec823/clippy_lints-0.0.85/src/lib.rs:9:1
kablam!   |
kablam! 9 | #![feature(slice_patterns)]
kablam!   | ^^^^^^^^^^^^^^^^^^^^^^^^^^^
kablam! 
kablam! error[E0554]: #[feature] may not be used on the beta release channel
kablam!   --> /cargo-home/registry/src/github.com-1ecc6299db9ec823/clippy_lints-0.0.85/src/lib.rs:10:1
kablam!    |
kablam! 10 | #![feature(stmt_expr_attributes)]
kablam!    | ^^^^^^^^^^^^^^^^^^^^^^^^^^^^^^^^^
kablam! 
kablam! error[E0554]: #[feature] may not be used on the beta release channel
kablam!   --> /cargo-home/registry/src/github.com-1ecc6299db9ec823/clippy_lints-0.0.85/src/lib.rs:11:1
kablam!    |
kablam! 11 | #![feature(type_macros)]
kablam!    | ^^^^^^^^^^^^^^^^^^^^^^^^
kablam! 
kablam! error: aborting due to 9 previous errors
kablam! 
kablam! error: build failed
boom! running `docker rm -f 07bd90d7be9b36399842471a6ac9ed56b06d1490854fdc136bd884d89d46f369`
blam! 07bd90d7be9b36399842471a6ac9ed56b06d1490854fdc136bd884d89d46f369
