boom! testing dir-obj-0.1.0 against stable for nightly
boom! running: cargo +stable build --frozen
boom! creating container for: cargo +stable build --frozen
boom! running `docker create -v /home/ec2-user/cargobomb/./work/local/test-source/nightly/stable:/source:ro -v /home/ec2-user/cargobomb/./work/local/cargo-home:/cargo-home:ro -v /home/ec2-user/cargobomb/./work/local/rustup-home:/rustup-home:ro -v /home/ec2-user/cargobomb/./work/local/target-dirs/nightly/stable:/target:rw -e USER_ID=500 -e CMD=cargo +stable build --frozen cargobomb`
blam! a2b73378cca02403ce17ccc3e225090284ee0304243eda07dfbefb5e2a6aff47
boom! running `docker start -a a2b73378cca02403ce17ccc3e225090284ee0304243eda07dfbefb5e2a6aff47`
kablam!    Compiling dir-obj v0.1.0 (file:///source)
kablam!     Finished debug [unoptimized + debuginfo] target(s) in 0.81 secs
boom! running `docker rm -f a2b73378cca02403ce17ccc3e225090284ee0304243eda07dfbefb5e2a6aff47`
blam! a2b73378cca02403ce17ccc3e225090284ee0304243eda07dfbefb5e2a6aff47
boom! running: cargo +stable test --frozen --no-run
boom! creating container for: cargo +stable test --frozen --no-run
boom! running `docker create -v /home/ec2-user/cargobomb/./work/local/test-source/nightly/stable:/source:ro -v /home/ec2-user/cargobomb/./work/local/cargo-home:/cargo-home:ro -v /home/ec2-user/cargobomb/./work/local/rustup-home:/rustup-home:ro -v /home/ec2-user/cargobomb/./work/local/target-dirs/nightly/stable:/target:rw -e USER_ID=500 -e CMD=cargo +stable test --frozen --no-run cargobomb`
blam! 95b0106662db6f35c259b49a35f3df1d6ddca1a18f383c41685b7a244d787259
boom! running `docker start -a 95b0106662db6f35c259b49a35f3df1d6ddca1a18f383c41685b7a244d787259`
kablam!    Compiling dir-obj v0.1.0 (file:///source)
kablam!     Finished debug [unoptimized + debuginfo] target(s) in 2.12 secs
boom! running `docker rm -f 95b0106662db6f35c259b49a35f3df1d6ddca1a18f383c41685b7a244d787259`
blam! 95b0106662db6f35c259b49a35f3df1d6ddca1a18f383c41685b7a244d787259
boom! running: cargo +stable test --frozen
boom! creating container for: cargo +stable test --frozen
boom! running `docker create -v /home/ec2-user/cargobomb/./work/local/test-source/nightly/stable:/source:ro -v /home/ec2-user/cargobomb/./work/local/cargo-home:/cargo-home:ro -v /home/ec2-user/cargobomb/./work/local/rustup-home:/rustup-home:ro -v /home/ec2-user/cargobomb/./work/local/target-dirs/nightly/stable:/target:rw -e USER_ID=500 -e CMD=cargo +stable test --frozen cargobomb`
blam! ec67e30f8146d02b85d66c3fc87988623a0c7294a49950683277b3fb9922787f
boom! running `docker start -a ec67e30f8146d02b85d66c3fc87988623a0c7294a49950683277b3fb9922787f`
kablam!     Finished debug [unoptimized + debuginfo] target(s) in 0.0 secs
kablam!      Running /target/debug/deps/dir_obj-84d38773de112f2c
blam! 
blam! running 1 test
blam! test tests::test ... FAILED
kablam! error: test failed
blam! 
blam! failures:
blam! 
blam! ---- tests::test stdout ----
blam! 	loading data dir: /source/src/data
blam! validating data dir: /source/src/data
blam! thread 'tests::test' panicked at 'assertion failed: `(left == right)` (left: `8`, right: `10`)', src/lib.rs:203
blam! note: Run with `RUST_BACKTRACE=1` for a backtrace.
blam! 
blam! 
blam! failures:
blam!     tests::test
blam! 
blam! test result: FAILED. 0 passed; 1 failed; 0 ignored; 0 measured
blam! 
boom! running `docker rm -f ec67e30f8146d02b85d66c3fc87988623a0c7294a49950683277b3fb9922787f`
blam! ec67e30f8146d02b85d66c3fc87988623a0c7294a49950683277b3fb9922787f
