boom! testing serde-pickle-0.3.0 against beta for beta
boom! running: cargo +beta build --frozen
boom! creating container for: cargo +beta build --frozen
boom! running `docker create -v /home/ec2-user/cargobomb/./work/local/test-source/beta/beta:/source:ro -v /home/ec2-user/cargobomb/./work/local/cargo-home:/cargo-home:ro -v /home/ec2-user/cargobomb/./work/local/rustup-home:/rustup-home:ro -v /home/ec2-user/cargobomb/./work/local/target-dirs/beta/beta:/target:rw -e USER_ID=500 -e CMD=cargo +beta build --frozen cargobomb`
blam! 14f81bcceb25791fe95259b49f678e799fac5f763b838517fff5ec44fb832311
boom! running `docker start -a 14f81bcceb25791fe95259b49f678e799fac5f763b838517fff5ec44fb832311`
kablam!    Compiling iter-read v0.1.0
kablam!    Compiling serde-pickle v0.3.0 (file:///source)
kablam!     Finished dev [unoptimized + debuginfo] target(s) in 6.8 secs
boom! running `docker rm -f 14f81bcceb25791fe95259b49f678e799fac5f763b838517fff5ec44fb832311`
blam! 14f81bcceb25791fe95259b49f678e799fac5f763b838517fff5ec44fb832311
boom! running: cargo +beta test --frozen --no-run
boom! creating container for: cargo +beta test --frozen --no-run
boom! running `docker create -v /home/ec2-user/cargobomb/./work/local/test-source/beta/beta:/source:ro -v /home/ec2-user/cargobomb/./work/local/cargo-home:/cargo-home:ro -v /home/ec2-user/cargobomb/./work/local/rustup-home:/rustup-home:ro -v /home/ec2-user/cargobomb/./work/local/target-dirs/beta/beta:/target:rw -e USER_ID=500 -e CMD=cargo +beta test --frozen --no-run cargobomb`
blam! 6d00edffad241539837dd47cf97d5d50f2a26ab0dc00d96228150c191c6c8e4e
boom! running `docker start -a 6d00edffad241539837dd47cf97d5d50f2a26ab0dc00d96228150c191c6c8e4e`
kablam!    Compiling serde-pickle v0.3.0 (file:///source)
kablam! error[E0554]: #[feature] may not be used on the beta release channel
kablam!   --> src/lib.rs:44:19
kablam!    |
kablam! 44 | #![cfg_attr(test, feature(test))]
kablam!    |                   ^^^^^^^^^^^^^
kablam! 
kablam! error: aborting due to previous error
kablam! 
blam! Build failed, waiting for other jobs to finish...
kablam! error: Could not compile `serde-pickle`.
kablam! error: build failed
boom! running `docker rm -f 6d00edffad241539837dd47cf97d5d50f2a26ab0dc00d96228150c191c6c8e4e`
blam! 6d00edffad241539837dd47cf97d5d50f2a26ab0dc00d96228150c191c6c8e4e
boom! running: cargo +beta test --frozen
boom! creating container for: cargo +beta test --frozen
boom! running `docker create -v /home/ec2-user/cargobomb/./work/local/test-source/beta/beta:/source:ro -v /home/ec2-user/cargobomb/./work/local/cargo-home:/cargo-home:ro -v /home/ec2-user/cargobomb/./work/local/rustup-home:/rustup-home:ro -v /home/ec2-user/cargobomb/./work/local/target-dirs/beta/beta:/target:rw -e USER_ID=500 -e CMD=cargo +beta test --frozen cargobomb`
blam! 0c3f1faa3a5b3f1790ad29c43b96434a05c6f50634df4b46298207f8300a9015
boom! running `docker start -a 0c3f1faa3a5b3f1790ad29c43b96434a05c6f50634df4b46298207f8300a9015`
kablam!    Compiling serde-pickle v0.3.0 (file:///source)
kablam! error[E0554]: #[feature] may not be used on the beta release channel
kablam!   --> src/lib.rs:44:19
kablam!    |
kablam! 44 | #![cfg_attr(test, feature(test))]
kablam!    |                   ^^^^^^^^^^^^^
kablam! 
kablam! error: aborting due to previous error
kablam! 
kablam! error: Could not compile `serde-pickle`.
kablam! 
kablam! To learn more, run the command again with --verbose.
boom! running `docker rm -f 0c3f1faa3a5b3f1790ad29c43b96434a05c6f50634df4b46298207f8300a9015`
blam! 0c3f1faa3a5b3f1790ad29c43b96434a05c6f50634df4b46298207f8300a9015
