boom! testing https://github.com/jonasschneider/cor#f98e2265b74734e16086cc45d415160e40833c7b against nightly for nightly
boom! running: cargo +nightly build --frozen
boom! creating container for: cargo +nightly build --frozen
boom! running `docker create -v /home/ec2-user/cargobomb/./work/local/test-source/nightly/nightly:/source:ro -v /home/ec2-user/cargobomb/./work/local/cargo-home:/cargo-home:ro -v /home/ec2-user/cargobomb/./work/local/rustup-home:/rustup-home:ro -v /home/ec2-user/cargobomb/./work/local/target-dirs/nightly/nightly:/target:rw -e USER_ID=500 -e CMD=cargo +nightly build --frozen cargobomb`
blam! 26043489c5808e75c6748fd9f0e9af34593d8b64c29d7e30aef6977018c6aa68
boom! running `docker start -a 26043489c5808e75c6748fd9f0e9af34593d8b64c29d7e30aef6977018c6aa68`
kablam!    Compiling core v0.0.1 (file:///source/src/lib/libcore)
kablam! error[E0557]: feature has been removed
kablam!   --> src/lib/libcore/lib.rs:71:12
kablam!    |
kablam! 71 | #![feature(reflect)]
kablam!    |            ^^^^^^^
kablam! 
kablam! error[E0412]: cannot find type `AssertParamIsEq` in module `cmp`
kablam!   --> src/lib/libcore/num/mod.rs:44:70
kablam!    |
kablam! 44 | pub struct Wrapping<T>(#[stable(feature = "rust1", since = "1.0.0")] pub T);
kablam!    |                                                                      ^^^^^^ not found in `cmp`
kablam! 
kablam! error[E0412]: cannot find type `AssertParamIsClone` in module `clone`
kablam!   --> src/lib/libcore/num/flt2dec/decoder.rs:28:5
kablam!    |
kablam! 28 |     pub mant: u64,
kablam!    |     ^^^^^^^^^^^^^ not found in `clone`
kablam! 
kablam! error[E0412]: cannot find type `AssertParamIsClone` in module `clone`
kablam!   --> src/lib/libcore/num/flt2dec/decoder.rs:30:5
kablam!    |
kablam! 30 |     pub minus: u64,
kablam!    |     ^^^^^^^^^^^^^^ not found in `clone`
kablam! 
kablam! error[E0412]: cannot find type `AssertParamIsClone` in module `clone`
kablam!   --> src/lib/libcore/num/flt2dec/decoder.rs:32:5
kablam!    |
kablam! 32 |     pub plus: u64,
kablam!    |     ^^^^^^^^^^^^^ not found in `clone`
kablam! 
kablam! error[E0412]: cannot find type `AssertParamIsClone` in module `clone`
kablam!   --> src/lib/libcore/num/flt2dec/decoder.rs:34:5
kablam!    |
kablam! 34 |     pub exp: i16,
kablam!    |     ^^^^^^^^^^^^ not found in `clone`
kablam! 
kablam! error[E0412]: cannot find type `AssertParamIsClone` in module `clone`
kablam!   --> src/lib/libcore/num/flt2dec/decoder.rs:38:5
kablam!    |
kablam! 38 |     pub inclusive: bool,
kablam!    |     ^^^^^^^^^^^^^^^^^^^ not found in `clone`
kablam! 
kablam! error[E0412]: cannot find type `AssertParamIsClone` in module `clone`
kablam!   --> src/lib/libcore/num/flt2dec/decoder.rs:51:12
kablam!    |
kablam! 51 |     Finite(Decoded),
kablam!    |            ^^^^^^^^ not found in `clone`
kablam! 
kablam! error[E0412]: cannot find type `AssertParamIsClone` in module `clone`
kablam!    --> src/lib/libcore/num/flt2dec/mod.rs:178:10
kablam!     |
kablam! 178 |     Zero(usize),
kablam!     |          ^^^^^^ not found in `clone`
kablam! 
kablam! error[E0412]: cannot find type `AssertParamIsClone` in module `clone`
kablam!    --> src/lib/libcore/num/flt2dec/mod.rs:180:9
kablam!     |
kablam! 180 |     Num(u16),
kablam!     |         ^^^^ not found in `clone`
kablam! 
kablam! error[E0412]: cannot find type `AssertParamIsClone` in module `clone`
kablam!    --> src/lib/libcore/num/flt2dec/mod.rs:182:10
kablam!     |
kablam! 182 |     Copy(&'a [u8]),
kablam!     |          ^^^^^^^^^ not found in `clone`
kablam! 
kablam! error[E0412]: cannot find type `AssertParamIsEq` in module `cmp`
kablam!    --> src/lib/libcore/num/flt2dec/mod.rs:178:10
kablam!     |
kablam! 178 |     Zero(usize),
kablam!     |          ^^^^^^ not found in `cmp`
kablam! 
kablam! error[E0412]: cannot find type `AssertParamIsEq` in module `cmp`
kablam!    --> src/lib/libcore/num/flt2dec/mod.rs:180:9
kablam!     |
kablam! 180 |     Num(u16),
kablam!     |         ^^^^ not found in `cmp`
kablam! 
kablam! error[E0412]: cannot find type `AssertParamIsEq` in module `cmp`
kablam!    --> src/lib/libcore/num/flt2dec/mod.rs:182:10
kablam!     |
kablam! 182 |     Copy(&'a [u8]),
kablam!     |          ^^^^^^^^^ not found in `cmp`
kablam! 
kablam! error[E0412]: cannot find type `AssertParamIsClone` in module `clone`
kablam!   --> src/lib/libcore/num/dec2flt/rawfp.rs:43:5
kablam!    |
kablam! 43 |     pub sig: u64,
kablam!    |     ^^^^^^^^^^^^ not found in `clone`
kablam! 
kablam! error[E0412]: cannot find type `AssertParamIsClone` in module `clone`
kablam!   --> src/lib/libcore/num/dec2flt/rawfp.rs:44:5
kablam!    |
kablam! 44 |     pub k: i16,
kablam!    |     ^^^^^^^^^^ not found in `clone`
kablam! 
kablam! error[E0412]: cannot find type `AssertParamIsEq` in module `cmp`
kablam!   --> src/lib/libcore/num/dec2flt/parse.rs:36:5
kablam!    |
kablam! 36 |     pub integral: &'a [u8],
kablam!    |     ^^^^^^^^^^^^^^^^^^^^^^ not found in `cmp`
kablam! 
kablam! error[E0412]: cannot find type `AssertParamIsEq` in module `cmp`
kablam!   --> src/lib/libcore/num/dec2flt/parse.rs:37:5
kablam!    |
kablam! 37 |     pub fractional: &'a [u8],
kablam!    |     ^^^^^^^^^^^^^^^^^^^^^^^^ not found in `cmp`
kablam! 
kablam! error[E0412]: cannot find type `AssertParamIsEq` in module `cmp`
kablam!   --> src/lib/libcore/num/dec2flt/parse.rs:39:5
kablam!    |
kablam! 39 |     pub exp: i64,
kablam!    |     ^^^^^^^^^^^^ not found in `cmp`
kablam! 
kablam! error[E0412]: cannot find type `AssertParamIsEq` in module `cmp`
kablam!   --> src/lib/libcore/num/dec2flt/parse.rs:50:11
kablam!    |
kablam! 50 |     Valid(Decimal<'a>),
kablam!    |           ^^^^^^^^^^^^ not found in `cmp`
kablam! 
kablam! error[E0412]: cannot find type `AssertParamIsClone` in module `clone`
kablam!   --> src/lib/libcore/num/diy_float.rs:25:5
kablam!    |
kablam! 25 |     pub f: u64,
kablam!    |     ^^^^^^^^^^ not found in `clone`
kablam! 
kablam! error[E0412]: cannot find type `AssertParamIsClone` in module `clone`
kablam!   --> src/lib/libcore/num/diy_float.rs:27:5
kablam!    |
kablam! 27 |     pub e: i16,
kablam!    |     ^^^^^^^^^^ not found in `clone`
kablam! 
kablam! error[E0412]: cannot find type `AssertParamIsEq` in module `cmp`
kablam!   --> src/lib/libcore/nonzero.rs:39:33
kablam!    |
kablam! 39 | pub struct NonZero<T: Zeroable>(T);
kablam!    |                                 ^^ not found in `cmp`
kablam! 
kablam! error[E0412]: cannot find type `AssertParamIsEq` in module `cmp`
kablam!     --> src/lib/libcore/ops.rs:1498:5
kablam!      |
kablam! 1498 |     pub start: Idx,
kablam!      |     ^^^^^^^^^^^^^^ not found in `cmp`
kablam! 
kablam! error[E0412]: cannot find type `AssertParamIsEq` in module `cmp`
kablam!     --> src/lib/libcore/ops.rs:1501:5
kablam!      |
kablam! 1501 |     pub end: Idx,
kablam!      |     ^^^^^^^^^^^^ not found in `cmp`
kablam! 
kablam! error[E0412]: cannot find type `AssertParamIsEq` in module `cmp`
kablam!     --> src/lib/libcore/ops.rs:1518:5
kablam!      |
kablam! 1518 |     pub start: Idx,
kablam!      |     ^^^^^^^^^^^^^^ not found in `cmp`
kablam! 
kablam! error[E0412]: cannot find type `AssertParamIsEq` in module `cmp`
kablam!     --> src/lib/libcore/ops.rs:1535:5
kablam!      |
kablam! 1535 |     pub end: Idx,
kablam!      |     ^^^^^^^^^^^^ not found in `cmp`
kablam! 
kablam! error[E0412]: cannot find type `AssertParamIsClone` in module `clone`
kablam!    --> src/lib/libcore/any.rs:218:5
kablam!     |
kablam! 218 |     t: u64,
kablam!     |     ^^^^^^ not found in `clone`
kablam! 
kablam! error[E0412]: cannot find type `AssertParamIsEq` in module `cmp`
kablam!    --> src/lib/libcore/any.rs:218:5
kablam!     |
kablam! 218 |     t: u64,
kablam!     |     ^^^^^^ not found in `cmp`
kablam! 
kablam! error[E0412]: cannot find type `AssertParamIsEq` in module `cmp`
kablam!    --> src/lib/libcore/option.rs:172:10
kablam!     |
kablam! 172 |     Some(T)
kablam!     |          ^^ not found in `cmp`
kablam! 
kablam! error[E0412]: cannot find type `AssertParamIsClone` in module `clone`
kablam!    --> src/lib/libcore/raw.rs:147:5
kablam!     |
kablam! 147 |     pub data: *mut (),
kablam!     |     ^^^^^^^^^^^^^^^^^ not found in `clone`
kablam! 
kablam! error[E0412]: cannot find type `AssertParamIsClone` in module `clone`
kablam!    --> src/lib/libcore/raw.rs:148:5
kablam!     |
kablam! 148 |     pub vtable: *mut (),
kablam!     |     ^^^^^^^^^^^^^^^^^^^ not found in `clone`
kablam! 
kablam! error[E0412]: cannot find type `AssertParamIsEq` in module `cmp`
kablam!    --> src/lib/libcore/result.rs:253:8
kablam!     |
kablam! 253 |     Ok(T),
kablam!     |        ^^ not found in `cmp`
kablam! 
kablam! error[E0412]: cannot find type `AssertParamIsEq` in module `cmp`
kablam!    --> src/lib/libcore/result.rs:257:9
kablam!     |
kablam! 257 |     Err(E)
kablam!     |         ^^ not found in `cmp`
kablam! 
kablam! error[E0412]: cannot find type `AssertParamIsClone` in module `clone`
kablam!   --> src/lib/libcore/str/pattern.rs:80:11
kablam!    |
kablam! 80 |     Match(usize, usize),
kablam!    |           ^^^^^^ not found in `clone`
kablam! 
kablam! error[E0412]: cannot find type `AssertParamIsClone` in module `clone`
kablam!   --> src/lib/libcore/str/pattern.rs:80:18
kablam!    |
kablam! 80 |     Match(usize, usize),
kablam!    |                  ^^^^^^ not found in `clone`
kablam! 
kablam! error[E0412]: cannot find type `AssertParamIsClone` in module `clone`
kablam!   --> src/lib/libcore/str/pattern.rs:86:12
kablam!    |
kablam! 86 |     Reject(usize, usize),
kablam!    |            ^^^^^^ not found in `clone`
kablam! 
kablam! error[E0412]: cannot find type `AssertParamIsClone` in module `clone`
kablam!   --> src/lib/libcore/str/pattern.rs:86:19
kablam!    |
kablam! 86 |     Reject(usize, usize),
kablam!    |                   ^^^^^^ not found in `clone`
kablam! 
kablam! error[E0412]: cannot find type `AssertParamIsEq` in module `cmp`
kablam!   --> src/lib/libcore/str/pattern.rs:80:11
kablam!    |
kablam! 80 |     Match(usize, usize),
kablam!    |           ^^^^^^ not found in `cmp`
kablam! 
kablam! error[E0412]: cannot find type `AssertParamIsEq` in module `cmp`
kablam!   --> src/lib/libcore/str/pattern.rs:80:18
kablam!    |
kablam! 80 |     Match(usize, usize),
kablam!    |                  ^^^^^^ not found in `cmp`
kablam! 
kablam! error[E0412]: cannot find type `AssertParamIsEq` in module `cmp`
kablam!   --> src/lib/libcore/str/pattern.rs:86:12
kablam!    |
kablam! 86 |     Reject(usize, usize),
kablam!    |            ^^^^^^ not found in `cmp`
kablam! 
kablam! error[E0412]: cannot find type `AssertParamIsEq` in module `cmp`
kablam!   --> src/lib/libcore/str/pattern.rs:86:19
kablam!    |
kablam! 86 |     Reject(usize, usize),
kablam!    |                   ^^^^^^ not found in `cmp`
kablam! 
kablam! error[E0412]: cannot find type `AssertParamIsEq` in module `cmp`
kablam!    --> src/lib/libcore/str/mod.rs:137:5
kablam!     |
kablam! 137 |     valid_up_to: usize,
kablam!     |     ^^^^^^^^^^^^^^^^^^ not found in `cmp`
kablam! 
kablam! error[E0412]: cannot find type `AssertParamIsClone` in module `clone`
kablam!    --> src/lib/libcore/str/mod.rs:137:5
kablam!     |
kablam! 137 |     valid_up_to: usize,
kablam!     |     ^^^^^^^^^^^^^^^^^^ not found in `clone`
kablam! 
kablam! error[E0412]: cannot find type `AssertParamIsClone` in module `clone`
kablam!     --> src/lib/libcore/str/mod.rs:1194:5
kablam!      |
kablam! 1194 |     pub ch: char,
kablam!      |     ^^^^^^^^^^^^ not found in `clone`
kablam! 
kablam! error[E0412]: cannot find type `AssertParamIsClone` in module `clone`
kablam!     --> src/lib/libcore/str/mod.rs:1196:5
kablam!      |
kablam! 1196 |     pub next: usize,
kablam!      |     ^^^^^^^^^^^^^^^ not found in `clone`
kablam! 
kablam! error[E0412]: cannot find type `AssertParamIsClone` in module `clone`
kablam!    --> src/lib/libcore/fmt/num.rs:147:5
kablam!     |
kablam! 147 |     base: u8,
kablam!     |     ^^^^^^^^ not found in `clone`
kablam! 
kablam! error[E0412]: cannot find type `AssertParamIsClone` in module `clone`
kablam!   --> src/lib/libcore/fmt/rt/v1.rs:19:5
kablam!    |
kablam! 19 |     pub position: Position,
kablam!    |     ^^^^^^^^^^^^^^^^^^^^^^ not found in `clone`
kablam! 
kablam! error[E0412]: cannot find type `AssertParamIsClone` in module `clone`
kablam!   --> src/lib/libcore/fmt/rt/v1.rs:20:5
kablam!    |
kablam! 20 |     pub format: FormatSpec,
kablam!    |     ^^^^^^^^^^^^^^^^^^^^^^ not found in `clone`
kablam! 
kablam! error[E0412]: cannot find type `AssertParamIsClone` in module `clone`
kablam!   --> src/lib/libcore/fmt/rt/v1.rs:25:5
kablam!    |
kablam! 25 |     pub fill: char,
kablam!    |     ^^^^^^^^^^^^^^ not found in `clone`
kablam! 
kablam! error[E0412]: cannot find type `AssertParamIsClone` in module `clone`
kablam!   --> src/lib/libcore/fmt/rt/v1.rs:26:5
kablam!    |
kablam! 26 |     pub align: Alignment,
kablam!    |     ^^^^^^^^^^^^^^^^^^^^ not found in `clone`
kablam! 
kablam! error[E0412]: cannot find type `AssertParamIsClone` in module `clone`
kablam!   --> src/lib/libcore/fmt/rt/v1.rs:27:5
kablam!    |
kablam! 27 |     pub flags: u32,
kablam!    |     ^^^^^^^^^^^^^^ not found in `clone`
kablam! 
kablam! error[E0412]: cannot find type `AssertParamIsClone` in module `clone`
kablam!   --> src/lib/libcore/fmt/rt/v1.rs:28:5
kablam!    |
kablam! 28 |     pub precision: Count,
kablam!    |     ^^^^^^^^^^^^^^^^^^^^ not found in `clone`
kablam! 
kablam! error[E0412]: cannot find type `AssertParamIsClone` in module `clone`
kablam!   --> src/lib/libcore/fmt/rt/v1.rs:29:5
kablam!    |
kablam! 29 |     pub width: Count,
kablam!    |     ^^^^^^^^^^^^^^^^ not found in `clone`
kablam! 
kablam! error[E0412]: cannot find type `AssertParamIsClone` in module `clone`
kablam!   --> src/lib/libcore/fmt/rt/v1.rs:47:8
kablam!    |
kablam! 47 |     Is(usize),
kablam!    |        ^^^^^^ not found in `clone`
kablam! 
kablam! error[E0412]: cannot find type `AssertParamIsClone` in module `clone`
kablam!   --> src/lib/libcore/fmt/rt/v1.rs:48:11
kablam!    |
kablam! 48 |     Param(usize),
kablam!    |           ^^^^^^ not found in `clone`
kablam! 
kablam! error[E0412]: cannot find type `AssertParamIsClone` in module `clone`
kablam!   --> src/lib/libcore/fmt/rt/v1.rs:56:8
kablam!    |
kablam! 56 |     At(usize),
kablam!    |        ^^^^^^ not found in `clone`
kablam! 
kablam! error[E0412]: cannot find type `AssertParamIsClone` in module `clone`
kablam!    --> src/lib/libcore/fmt/mod.rs:272:5
kablam!     |
kablam! 272 |     pieces: &'a [&'a str],
kablam!     |     ^^^^^^^^^^^^^^^^^^^^^ not found in `clone`
kablam! 
kablam! error[E0412]: cannot find type `AssertParamIsClone` in module `clone`
kablam!    --> src/lib/libcore/fmt/mod.rs:275:5
kablam!     |
kablam! 275 |     fmt: Option<&'a [rt::v1::Argument]>,
kablam!     |     ^^^^^^^^^^^^^^^^^^^^^^^^^^^^^^^^^^^ not found in `clone`
kablam! 
kablam! error[E0412]: cannot find type `AssertParamIsClone` in module `clone`
kablam!    --> src/lib/libcore/fmt/mod.rs:279:5
kablam!     |
kablam! 279 |     args: &'a [ArgumentV1<'a>],
kablam!     |     ^^^^^^^^^^^^^^^^^^^^^^^^^^ not found in `clone`
kablam! 
kablam! error: unless otherwise specified, attributes with the prefix `rustc_` are reserved for internal compiler diagnostics (see issue #29642)
kablam!    --> src/lib/libcore/marker.rs:444:1
kablam!     |
kablam! 444 | #[rustc_reflect_like]
kablam!     | ^^^^^^^^^^^^^^^^^^^^^
kablam!     |
kablam!     = help: add #![feature(rustc_attrs)] to the crate attributes to enable
kablam! 
kablam! error: aborting due to previous error
kablam! 
kablam! error: Could not compile `core`.
kablam! 
kablam! To learn more, run the command again with --verbose.
boom! running `docker rm -f 26043489c5808e75c6748fd9f0e9af34593d8b64c29d7e30aef6977018c6aa68`
blam! 26043489c5808e75c6748fd9f0e9af34593d8b64c29d7e30aef6977018c6aa68
