boom! testing https://github.com/steveklabnik/rustbook#e4c63d6e9abb2cf9bb21077d356e617a40189037 against beta for beta
boom! running: cargo +beta build --frozen
boom! creating container for: cargo +beta build --frozen
boom! running `docker create -v /home/ec2-user/cargobomb/./work/local/test-source/beta/beta:/source:ro -v /home/ec2-user/cargobomb/./work/local/cargo-home:/cargo-home:ro -v /home/ec2-user/cargobomb/./work/local/rustup-home:/rustup-home:ro -v /home/ec2-user/cargobomb/./work/local/target-dirs/beta/beta:/target:rw -e USER_ID=500 -e CMD=cargo +beta build --frozen cargobomb`
blam! 2fc0a95567312f66787013f7a1c9b961fd587c6a07d7801a54246f2117ed787c
boom! running `docker start -a 2fc0a95567312f66787013f7a1c9b961fd587c6a07d7801a54246f2117ed787c`
kablam!    Compiling rustbook v0.4.0 (file:///source)
kablam! error[E0554]: #[feature] may not be used on the beta release channel
kablam!   --> src/main.rs:13:1
kablam!    |
kablam! 13 | #![feature(rustc_private)]
kablam!    | ^^^^^^^^^^^^^^^^^^^^^^^^^^
kablam! 
kablam! error[E0554]: #[feature] may not be used on the beta release channel
kablam!   --> src/main.rs:14:1
kablam!    |
kablam! 14 | #![feature(rustdoc)]
kablam!    | ^^^^^^^^^^^^^^^^^^^^
kablam! 
kablam! error: aborting due to 2 previous errors
kablam! 
kablam! error: Could not compile `rustbook`.
kablam! 
kablam! To learn more, run the command again with --verbose.
boom! running `docker rm -f 2fc0a95567312f66787013f7a1c9b961fd587c6a07d7801a54246f2117ed787c`
blam! 2fc0a95567312f66787013f7a1c9b961fd587c6a07d7801a54246f2117ed787c
