boom! testing elastic_types_macros-0.5.1 against stable for beta
boom! running: cargo +stable build --frozen
boom! creating container for: cargo +stable build --frozen
boom! running `docker create -v /home/ec2-user/cargobomb/./work/local/test-source/beta/stable:/source:ro -v /home/ec2-user/cargobomb/./work/local/cargo-home:/cargo-home:ro -v /home/ec2-user/cargobomb/./work/local/rustup-home:/rustup-home:ro -v /home/ec2-user/cargobomb/./work/local/target-dirs/beta/stable:/target:rw -e USER_ID=500 -e CMD=cargo +stable build --frozen cargobomb`
blam! 208a89f0740cf854d8d6eaf8cf2e391161dd909beefd3f1f87c833ed5d326c6d
boom! running `docker start -a 208a89f0740cf854d8d6eaf8cf2e391161dd909beefd3f1f87c833ed5d326c6d`
kablam!    Compiling quasi v0.20.1
kablam!    Compiling aster v0.27.0
kablam!    Compiling serde_codegen_internals v0.8.9
kablam! error[E0554]: #[feature] may not be used on the stable release channel
kablam!  --> /cargo-home/registry/src/github.com-1ecc6299db9ec823/serde_codegen_internals-0.8.9/src/lib.rs:3:43
kablam!   |
kablam! 3 | #![cfg_attr(not(feature = "with-syntex"), feature(rustc_private, plugin))]
kablam!   |                                           ^^^^^^^^^^^^^^^^^^^^^^^^^^^^^^
kablam! 
kablam! error: aborting due to previous error
kablam! 
kablam! error[E0554]: #[feature] may not be used on the stable release channel
kablam!   --> /cargo-home/registry/src/github.com-1ecc6299db9ec823/quasi-0.20.1/src/lib.rs:11:43
kablam!    |
kablam! 11 | #![cfg_attr(not(feature = "with-syntex"), feature(rustc_private))]
kablam!    |                                           ^^^^^^^^^^^^^^^^^^^^^^
kablam! 
kablam! error: aborting due to previous error
kablam! 
blam! Build failed, waiting for other jobs to finish...
blam! Build failed, waiting for other jobs to finish...
kablam! error[E0554]: #[feature] may not be used on the stable release channel
kablam!  --> /cargo-home/registry/src/github.com-1ecc6299db9ec823/aster-0.27.0/src/lib.rs:1:43
kablam!   |
kablam! 1 | #![cfg_attr(not(feature = "with-syntex"), feature(rustc_private))]
kablam!   |                                           ^^^^^^^^^^^^^^^^^^^^^^
kablam! 
kablam! error: aborting due to previous error
kablam! 
kablam! error: Could not compile `serde_codegen_internals`.
kablam! 
kablam! To learn more, run the command again with --verbose.
boom! running `docker rm -f 208a89f0740cf854d8d6eaf8cf2e391161dd909beefd3f1f87c833ed5d326c6d`
blam! 208a89f0740cf854d8d6eaf8cf2e391161dd909beefd3f1f87c833ed5d326c6d
