boom! testing dbus-bytestream-0.1.3 against beta for beta
boom! running: cargo +beta build --frozen
boom! creating container for: cargo +beta build --frozen
boom! running `docker create -v /home/ec2-user/cargobomb/./work/local/test-source/beta/beta:/source:ro -v /home/ec2-user/cargobomb/./work/local/cargo-home:/cargo-home:ro -v /home/ec2-user/cargobomb/./work/local/rustup-home:/rustup-home:ro -v /home/ec2-user/cargobomb/./work/local/target-dirs/beta/beta:/target:rw -e USER_ID=500 -e CMD=cargo +beta build --frozen cargobomb`
blam! 8ecf0fe1acdb5466f708e9b12b80e12eef3b2eb86a23d614b1c9d91c500e271b
boom! running `docker start -a 8ecf0fe1acdb5466f708e9b12b80e12eef3b2eb86a23d614b1c9d91c500e271b`
kablam!    Compiling dbus-serialize v0.1.1
kablam!    Compiling unix_socket v0.4.6
kablam!    Compiling dbus-bytestream v0.1.3 (file:///source)
kablam!     Finished dev [unoptimized + debuginfo] target(s) in 5.6 secs
boom! running `docker rm -f 8ecf0fe1acdb5466f708e9b12b80e12eef3b2eb86a23d614b1c9d91c500e271b`
blam! 8ecf0fe1acdb5466f708e9b12b80e12eef3b2eb86a23d614b1c9d91c500e271b
boom! running: cargo +beta test --frozen --no-run
boom! creating container for: cargo +beta test --frozen --no-run
boom! running `docker create -v /home/ec2-user/cargobomb/./work/local/test-source/beta/beta:/source:ro -v /home/ec2-user/cargobomb/./work/local/cargo-home:/cargo-home:ro -v /home/ec2-user/cargobomb/./work/local/rustup-home:/rustup-home:ro -v /home/ec2-user/cargobomb/./work/local/target-dirs/beta/beta:/target:rw -e USER_ID=500 -e CMD=cargo +beta test --frozen --no-run cargobomb`
blam! aa6ef1de23ed550639be9691f81c140977189544cc53d72971de5a385668d821
boom! running `docker start -a aa6ef1de23ed550639be9691f81c140977189544cc53d72971de5a385668d821`
kablam!    Compiling dbus-bytestream v0.1.3 (file:///source)
kablam!     Finished dev [unoptimized + debuginfo] target(s) in 4.67 secs
boom! running `docker rm -f aa6ef1de23ed550639be9691f81c140977189544cc53d72971de5a385668d821`
blam! aa6ef1de23ed550639be9691f81c140977189544cc53d72971de5a385668d821
boom! running: cargo +beta test --frozen
boom! creating container for: cargo +beta test --frozen
boom! running `docker create -v /home/ec2-user/cargobomb/./work/local/test-source/beta/beta:/source:ro -v /home/ec2-user/cargobomb/./work/local/cargo-home:/cargo-home:ro -v /home/ec2-user/cargobomb/./work/local/rustup-home:/rustup-home:ro -v /home/ec2-user/cargobomb/./work/local/target-dirs/beta/beta:/target:rw -e USER_ID=500 -e CMD=cargo +beta test --frozen cargobomb`
blam! 79f5a99e6be85136a66cabc25fc9e22e901c2410eec8760476b04ed82de90d0c
boom! running `docker start -a 79f5a99e6be85136a66cabc25fc9e22e901c2410eec8760476b04ed82de90d0c`
kablam!     Finished dev [unoptimized + debuginfo] target(s) in 0.0 secs
kablam!      Running /target/debug/deps/dbus_bytestream-44e80134c53de0dd
blam! 
blam! running 17 tests
blam! test address::test_unescape ... ok
blam! test address::test_key_vals ... ok
blam! test connection::test_connect_session ... FAILED
blam! test address::test_server_address ... ok
blam! test demarshal::test::test_array ... ok
blam! test connection::test_connect_system ... FAILED
blam! test connection::test_tcp ... FAILED
blam! test demarshal::test::test_array_bytes ... ok
blam! test demarshal::test::test_demarshal_u32 ... ok
blam! test demarshal::test::test_demarshal_u32_offset ... ok
blam! test demarshal::test::test_string ... ok
blam! test demarshal::test::test_struct ... ok
kablam! error: test failed
blam! test marshal::test_array ... ok
blam! test marshal::test_ints ... ok
blam! test marshal::test_string ... ok
blam! test marshal::test_variant ... ok
blam! test message::test_msg ... ok
blam! 
blam! failures:
blam! 
blam! ---- connection::test_connect_session stdout ----
blam! 	thread 'connection::test_connect_session' panicked at 'called `Result::unwrap()` on an `Err` value: NoEnvironment', /buildslave/rust-buildbot/slave/beta-dist-rustc-linux/build/src/libcore/result.rs:868
blam! note: Run with `RUST_BACKTRACE=1` for a backtrace.
blam! 
blam! ---- connection::test_connect_system stdout ----
blam! 	thread 'connection::test_connect_system' panicked at 'called `Result::unwrap()` on an `Err` value: IOError(Error { repr: Os { code: 2, message: "No such file or directory" } })', /buildslave/rust-buildbot/slave/beta-dist-rustc-linux/build/src/libcore/result.rs:868
blam! 
blam! ---- connection::test_tcp stdout ----
blam! 	thread 'connection::test_tcp' panicked at 'called `Result::unwrap()` on an `Err` value: NotPresent', /buildslave/rust-buildbot/slave/beta-dist-rustc-linux/build/src/libcore/result.rs:868
blam! 
blam! 
blam! failures:
blam!     connection::test_connect_session
blam!     connection::test_connect_system
blam!     connection::test_tcp
blam! 
blam! test result: FAILED. 14 passed; 3 failed; 0 ignored; 0 measured
blam! 
boom! running `docker rm -f 79f5a99e6be85136a66cabc25fc9e22e901c2410eec8760476b04ed82de90d0c`
blam! 79f5a99e6be85136a66cabc25fc9e22e901c2410eec8760476b04ed82de90d0c
