boom! testing https://github.com/chbatey/rust-intro#e1a25f054aa2af3dc7f5b45bf3e1c880a28ecfa6 against nightly for nightly
boom! running: cargo +nightly build --frozen
boom! creating container for: cargo +nightly build --frozen
boom! running `docker create -v /home/ec2-user/cargobomb/./work/local/test-source/nightly/nightly:/source:ro -v /home/ec2-user/cargobomb/./work/local/cargo-home:/cargo-home:ro -v /home/ec2-user/cargobomb/./work/local/rustup-home:/rustup-home:ro -v /home/ec2-user/cargobomb/./work/local/target-dirs/nightly/nightly:/target:rw -e USER_ID=500 -e CMD=cargo +nightly build --frozen cargobomb`
blam! 0d2d9cd04a08885981644a3545075d4e66e4f74929a4c106f50a431dad6e0135
boom! running `docker start -a 0d2d9cd04a08885981644a3545075d4e66e4f74929a4c106f50a431dad6e0135`
kablam!    Compiling intro v0.0.1 (file:///source)
kablam! error: invalid suffix `i` for numeric literal
kablam!   --> src/lib.rs:15:30
kablam!    |
kablam! 15 |         let result = add_two(5i);
kablam!    |                              ^^
kablam!    |
kablam!    = help: the suffix must be one of the integral types (`u32`, `isize`, etc)
kablam! 
kablam! error[E0412]: cannot find type `int` in this scope
kablam!  --> src/lib.rs:1:19
kablam!   |
kablam! 1 | pub fn add_one(x: int) -> int {
kablam!   |                   ^^^ not found in this scope
kablam! 
kablam! error[E0412]: cannot find type `int` in this scope
kablam!  --> src/lib.rs:1:27
kablam!   |
kablam! 1 | pub fn add_one(x: int) -> int {
kablam!   |                           ^^^ not found in this scope
kablam! 
kablam! error[E0412]: cannot find type `int` in this scope
kablam!  --> src/lib.rs:5:15
kablam!   |
kablam! 5 | fn add_two(x: int) -> int {
kablam!   |               ^^^ not found in this scope
kablam! 
kablam! error[E0412]: cannot find type `int` in this scope
kablam!  --> src/lib.rs:5:23
kablam!   |
kablam! 5 | fn add_two(x: int) -> int {
kablam!   |                       ^^^ not found in this scope
kablam! 
kablam! error: aborting due to 5 previous errors
kablam! 
kablam! error: Could not compile `intro`.
kablam! 
kablam! To learn more, run the command again with --verbose.
boom! running `docker rm -f 0d2d9cd04a08885981644a3545075d4e66e4f74929a4c106f50a431dad6e0135`
blam! 0d2d9cd04a08885981644a3545075d4e66e4f74929a4c106f50a431dad6e0135
