boom! testing validator_derive-0.4.1 against nightly for nightly
boom! running: cargo +nightly build --frozen
boom! creating container for: cargo +nightly build --frozen
boom! running `docker create -v /home/ec2-user/cargobomb/./work/local/test-source/nightly/nightly:/source:ro -v /home/ec2-user/cargobomb/./work/local/cargo-home:/cargo-home:ro -v /home/ec2-user/cargobomb/./work/local/rustup-home:/rustup-home:ro -v /home/ec2-user/cargobomb/./work/local/target-dirs/nightly/nightly:/target:rw -e USER_ID=500 -e CMD=cargo +nightly build --frozen cargobomb`
blam! aacb63099817da02f45b662d5de1b84398561bfade963e4cd9947f5a9a42872f
boom! running `docker start -a aacb63099817da02f45b662d5de1b84398561bfade963e4cd9947f5a9a42872f`
kablam!    Compiling validator v0.4.0
kablam!    Compiling validator_derive v0.4.1 (file:///source)
kablam!     Finished dev [unoptimized + debuginfo] target(s) in 6.5 secs
boom! running `docker rm -f aacb63099817da02f45b662d5de1b84398561bfade963e4cd9947f5a9a42872f`
blam! aacb63099817da02f45b662d5de1b84398561bfade963e4cd9947f5a9a42872f
boom! running: cargo +nightly test --frozen --no-run
boom! creating container for: cargo +nightly test --frozen --no-run
boom! running `docker create -v /home/ec2-user/cargobomb/./work/local/test-source/nightly/nightly:/source:ro -v /home/ec2-user/cargobomb/./work/local/cargo-home:/cargo-home:ro -v /home/ec2-user/cargobomb/./work/local/rustup-home:/rustup-home:ro -v /home/ec2-user/cargobomb/./work/local/target-dirs/nightly/nightly:/target:rw -e USER_ID=500 -e CMD=cargo +nightly test --frozen --no-run cargobomb`
blam! 21584d7c9675604d8da01592f069f2056890d7dc5e4b0657547564ad1ff41c3a
boom! running `docker start -a 21584d7c9675604d8da01592f069f2056890d7dc5e4b0657547564ad1ff41c3a`
kablam!    Compiling validator_derive v0.4.1 (file:///source)
kablam!     Finished dev [unoptimized + debuginfo] target(s) in 4.64 secs
boom! running `docker rm -f 21584d7c9675604d8da01592f069f2056890d7dc5e4b0657547564ad1ff41c3a`
blam! 21584d7c9675604d8da01592f069f2056890d7dc5e4b0657547564ad1ff41c3a
boom! running: cargo +nightly test --frozen
boom! creating container for: cargo +nightly test --frozen
boom! running `docker create -v /home/ec2-user/cargobomb/./work/local/test-source/nightly/nightly:/source:ro -v /home/ec2-user/cargobomb/./work/local/cargo-home:/cargo-home:ro -v /home/ec2-user/cargobomb/./work/local/rustup-home:/rustup-home:ro -v /home/ec2-user/cargobomb/./work/local/target-dirs/nightly/nightly:/target:rw -e USER_ID=500 -e CMD=cargo +nightly test --frozen cargobomb`
blam! ebd96497602d6e7185778eaf1c17d517c7983863b87c9d189659d34639009e37
boom! running `docker start -a ebd96497602d6e7185778eaf1c17d517c7983863b87c9d189659d34639009e37`
kablam!     Finished dev [unoptimized + debuginfo] target(s) in 0.0 secs
kablam!      Running /target/debug/deps/compile_test-afacc948a28874ac
blam! 
blam! running 2 tests
blam! 
blam! running 8 tests
blam! 
blam! running 13 tests
blam! test [run-pass] run-pass/email.rs ... FAILED
blam! test [run-pass] run-pass/length.rs ... FAILED
blam! test [compile-fail] compile-fail/custom_not_string.rs ... FAILED
blam! test [compile-fail] compile-fail/length/equal_and_min_max_set.rs ... FAILED
blam! test [run-pass] run-pass/custom.rs ... FAILED
blam! test [compile-fail] compile-fail/length/unknown_arg.rs ... FAILED
blam! test [compile-fail] compile-fail/length/no_args.rs ... FAILED
blam! test [run-pass] run-pass/range.rs ... FAILED
blam! test [run-pass] run-pass/lifetime.rs ... FAILED
blam! test [run-pass] run-pass/must_match.rs ... FAILED
blam! test [run-pass] run-pass/schema.rs ... FAILED
blam! test [compile-fail] compile-fail/no_validations.rs ... FAILED
blam! test [run-pass] run-pass/url.rs ... FAILED
blam! 
blam! failures:
blam! 
blam! ---- [run-pass] run-pass/email.rs stdout ----
blam! 	
blam! error: compilation failed!
blam! status: exit code: 101
blam! command: rustc tests/run-pass/email.rs -L /tmp --target=x86_64-unknown-linux-gnu --error-format json -L /tmp/email.stage-id.run-pass.libaux -C prefer-dynamic -o /tmp/email.stage-id -L target/debug/ -L target/debug/deps/
blam! stdout:
blam! ------------------------------------------
blam! 
blam! ------------------------------------------
blam! stderr:
blam! ------------------------------------------
blam! {"message":"can't find crate for `validator_derive`","code":{"code":"E0463","explanation":"\nA plugin/crate was declared but cannot be found. Erroneous code example:\n\n```compile_fail,E0463\n#![feature(plugin)]\n#![plugin(cookie_monster)] // error: can't find crate for `cookie_monster`\nextern crate cake_is_a_lie; // error: can't find crate for `cake_is_a_lie`\n```\n\nYou need to link your code to the relevant crate in order to be able to use it\n(through Cargo or the `-L` option of rustc example). Plugins are crates as\nwell, and you link to them the same way.\n"},"level":"error","spans":[{"file_name":"tests/run-pass/email.rs","byte_start":41,"byte_end":71,"line_start":3,"line_end":3,"column_start":14,"column_end":44,"is_primary":true,"text":[{"text":"#[macro_use] extern crate validator_derive;","highlight_start":14,"highlight_end":44}],"label":"can't find crate","suggested_replacement":null,"expansion":null}],"children":[],"rendered":null}
blam! {"message":"aborting due to previous error","code":null,"level":"error","spans":[],"children":[],"rendered":null}
blam! 
blam! ------------------------------------------
blam! 
blam! thread '[run-pass] run-pass/email.rs' panicked at 'explicit panic', /cargo-home/registry/src/github.com-1ecc6299db9ec823/compiletest_rs-0.2.5/src/runtest.rs:2374
blam! note: Run with `RUST_BACKTRACE=1` for a backtrace.
blam! 
blam! ---- [run-pass] run-pass/length.rs stdout ----
blam! 	
blam! error: compilation failed!
blam! status: exit code: 101
blam! command: rustc tests/run-pass/length.rs -L /tmp --target=x86_64-unknown-linux-gnu --error-format json -L /tmp/length.stage-id.run-pass.libaux -C prefer-dynamic -o /tmp/length.stage-id -L target/debug/ -L target/debug/deps/
blam! stdout:
blam! ------------------------------------------
blam! 
blam! ------------------------------------------
blam! stderr:
blam! ------------------------------------------
blam! {"message":"can't find crate for `validator_derive`","code":{"code":"E0463","explanation":"\nA plugin/crate was declared but cannot be found. Erroneous code example:\n\n```compile_fail,E0463\n#![feature(plugin)]\n#![plugin(cookie_monster)] // error: can't find crate for `cookie_monster`\nextern crate cake_is_a_lie; // error: can't find crate for `cake_is_a_lie`\n```\n\nYou need to link your code to the relevant crate in order to be able to use it\n(through Cargo or the `-L` option of rustc example). Plugins are crates as\nwell, and you link to them the same way.\n"},"level":"error","spans":[{"file_name":"tests/run-pass/length.rs","byte_start":41,"byte_end":71,"line_start":3,"line_end":3,"column_start":14,"column_end":44,"is_primary":true,"text":[{"text":"#[macro_use] extern crate validator_derive;","highlight_start":14,"highlight_end":44}],"label":"can't find crate","suggested_replacement":null,"expansion":null}],"children":[],"rendered":null}
blam! {"message":"aborting due to previous error","code":null,"level":"error","spans":[],"children":[],"rendered":null}
blam! 
blam! ------------------------------------------
blam! 
blam! thread '[run-pass] run-pass/length.rs' panicked at 'explicit panic', /cargo-home/registry/src/github.com-1ecc6299db9ec823/compiletest_rs-0.2.5/src/runtest.rs:2374
blam! 
blam! ---- [run-pass] run-pass/custom.rs stdout ----
blam! 	
blam! error: compilation failed!
blam! status: exit code: 101
blam! command: rustc tests/run-pass/custom.rs -L /tmp --target=x86_64-unknown-linux-gnu --error-format json -L /tmp/custom.stage-id.run-pass.libaux -C prefer-dynamic -o /tmp/custom.stage-id -L target/debug/ -L target/debug/deps/
blam! stdout:
blam! ------------------------------------------
blam! 
blam! ------------------------------------------
blam! stderr:
blam! ------------------------------------------
blam! {"message":"can't find crate for `validator_derive`","code":{"code":"E0463","explanation":"\nA plugin/crate was declared but cannot be found. Erroneous code example:\n\n```compile_fail,E0463\n#![feature(plugin)]\n#![plugin(cookie_monster)] // error: can't find crate for `cookie_monster`\nextern crate cake_is_a_lie; // error: can't find crate for `cake_is_a_lie`\n```\n\nYou need to link your code to the relevant crate in order to be able to use it\n(through Cargo or the `-L` option of rustc example). Plugins are crates as\nwell, and you link to them the same way.\n"},"level":"error","spans":[{"file_name":"tests/run-pass/custom.rs","byte_start":41,"byte_end":71,"line_start":3,"line_end":3,"column_start":14,"column_end":44,"is_primary":true,"text":[{"text":"#[macro_use] extern crate validator_derive;","highlight_start":14,"highlight_end":44}],"label":"can't find crate","suggested_replacement":null,"expansion":null}],"children":[],"rendered":null}
blam! {"message":"aborting due to previous error","code":null,"level":"error","spans":[],"children":[],"rendered":null}
blam! 
blam! ------------------------------------------
blam! 
blam! thread '[run-pass] run-pass/custom.rs' panicked at 'explicit panic', /cargo-home/registry/src/github.com-1ecc6299db9ec823/compiletest_rs-0.2.5/src/runtest.rs:2374
blam! 
blam! ---- [run-pass] run-pass/range.rs stdout ----
blam! 	
blam! error: compilation failed!
blam! status: exit code: 101
blam! command: rustc tests/run-pass/range.rs -L /tmp --target=x86_64-unknown-linux-gnu --error-format json -L /tmp/range.stage-id.run-pass.libaux -C prefer-dynamic -o /tmp/range.stage-id -L target/debug/ -L target/debug/deps/
blam! stdout:
blam! ------------------------------------------
blam! 
blam! ------------------------------------------
blam! stderr:
blam! ------------------------------------------
blam! {"message":"can't find crate for `validator_derive`","code":{"code":"E0463","explanation":"\nA plugin/crate was declared but cannot be found. Erroneous code example:\n\n```compile_fail,E0463\n#![feature(plugin)]\n#![plugin(cookie_monster)] // error: can't find crate for `cookie_monster`\nextern crate cake_is_a_lie; // error: can't find crate for `cake_is_a_lie`\n```\n\nYou need to link your code to the relevant crate in order to be able to use it\n(through Cargo or the `-L` option of rustc example). Plugins are crates as\nwell, and you link to them the same way.\n"},"level":"error","spans":[{"file_name":"tests/run-pass/range.rs","byte_start":41,"byte_end":71,"line_start":3,"line_end":3,"column_start":14,"column_end":44,"is_primary":true,"text":[{"text":"#[macro_use] extern crate validator_derive;","highlight_start":14,"highlight_end":44}],"label":"can't find crate","suggested_replacement":null,"expansion":null}],"children":[],"rendered":null}
blam! {"message":"aborting due to previous error","code":null,"level":"error","spans":[],"children":[],"rendered":null}
blam! 
blam! ------------------------------------------
blam! 
blam! thread '[run-pass] run-pass/range.rs' panicked at 'explicit panic', /cargo-home/registry/src/github.com-1ecc6299db9ec823/compiletest_rs-0.2.5/src/runtest.rs:2374
blam! 
blam! ---- [run-pass] run-pass/lifetime.rs stdout ----
blam! 	
blam! error: compilation failed!
blam! status: exit code: 101
blam! command: rustc tests/run-pass/lifetime.rs -L /tmp --target=x86_64-unknown-linux-gnu --error-format json -L /tmp/lifetime.stage-id.run-pass.libaux -C prefer-dynamic -o /tmp/lifetime.stage-id -L target/debug/ -L target/debug/deps/
blam! stdout:
blam! ------------------------------------------
blam! 
blam! ------------------------------------------
blam! stderr:
blam! ------------------------------------------
blam! {"message":"can't find crate for `validator_derive`","code":{"code":"E0463","explanation":"\nA plugin/crate was declared but cannot be found. Erroneous code example:\n\n```compile_fail,E0463\n#![feature(plugin)]\n#![plugin(cookie_monster)] // error: can't find crate for `cookie_monster`\nextern crate cake_is_a_lie; // error: can't find crate for `cake_is_a_lie`\n```\n\nYou need to link your code to the relevant crate in order to be able to use it\n(through Cargo or the `-L` option of rustc example). Plugins are crates as\nwell, and you link to them the same way.\n"},"level":"error","spans":[{"file_name":"tests/run-pass/lifetime.rs","byte_start":41,"byte_end":71,"line_start":3,"line_end":3,"column_start":14,"column_end":44,"is_primary":true,"text":[{"text":"#[macro_use] extern crate validator_derive;","highlight_start":14,"highlight_end":44}],"label":"can't find crate","suggested_replacement":null,"expansion":null}],"children":[],"rendered":null}
blam! {"message":"aborting due to previous error","code":null,"level":"error","spans":[],"children":[],"rendered":null}
blam! 
blam! ------------------------------------------
blam! 
blam! thread '[run-pass] run-pass/lifetime.rs' panicked at 'explicit panic', /cargo-home/registry/src/github.com-1ecc6299db9ec823/compiletest_rs-0.2.5/src/runtest.rs:2374
blam! 
blam! ---- [run-pass] run-pass/must_match.rs stdout ----
blam! 	
blam! error: compilation failed!
blam! status: exit code: 101
blam! command: rustc tests/run-pass/must_match.rs -L /tmp --target=x86_64-unknown-linux-gnu --error-format json -L /tmp/must_match.stage-id.run-pass.libaux -C prefer-dynamic -o /tmp/must_match.stage-id -L target/debug/ -L target/debug/deps/
blam! stdout:
blam! ------------------------------------------
blam! 
blam! ------------------------------------------
blam! stderr:
blam! ------------------------------------------
blam! {"message":"can't find crate for `validator_derive`","code":{"code":"E0463","explanation":"\nA plugin/crate was declared but cannot be found. Erroneous code example:\n\n```compile_fail,E0463\n#![feature(plugin)]\n#![plugin(cookie_monster)] // error: can't find crate for `cookie_monster`\nextern crate cake_is_a_lie; // error: can't find crate for `cake_is_a_lie`\n```\n\nYou need to link your code to the relevant crate in order to be able to use it\n(through Cargo or the `-L` option of rustc example). Plugins are crates as\nwell, and you link to them the same way.\n"},"level":"error","spans":[{"file_name":"tests/run-pass/must_match.rs","byte_start":41,"byte_end":71,"line_start":3,"line_end":3,"column_start":14,"column_end":44,"is_primary":true,"text":[{"text":"#[macro_use] extern crate validator_derive;","highlight_start":14,"highlight_end":44}],"label":"can't find crate","suggested_replacement":null,"expansion":null}],"children":[],"rendered":null}
blam! {"message":"aborting due to previous error","code":null,"level":"error","spans":[],"children":[],"rendered":null}
blam! 
blam! ------------------------------------------
blam! 
blam! thread '[run-pass] run-pass/must_match.rs' panicked at 'explicit panic', /cargo-home/registry/src/github.com-1ecc6299db9ec823/compiletest_rs-0.2.5/src/runtest.rs:2374
blam! 
blam! ---- [run-pass] run-pass/schema.rs stdout ----
blam! 	
blam! error: compilation failed!
blam! status: exit code: 101
blam! command: rustc tests/run-pass/schema.rs -L /tmp --target=x86_64-unknown-linux-gnu --error-format json -L /tmp/schema.stage-id.run-pass.libaux -C prefer-dynamic -o /tmp/schema.stage-id -L target/debug/ -L target/debug/deps/
blam! stdout:
blam! ------------------------------------------
blam! 
blam! ------------------------------------------
blam! stderr:
blam! ------------------------------------------
blam! {"message":"can't find crate for `validator_derive`","code":{"code":"E0463","explanation":"\nA plugin/crate was declared but cannot be found. Erroneous code example:\n\n```compile_fail,E0463\n#![feature(plugin)]\n#![plugin(cookie_monster)] // error: can't find crate for `cookie_monster`\nextern crate cake_is_a_lie; // error: can't find crate for `cake_is_a_lie`\n```\n\nYou need to link your code to the relevant crate in order to be able to use it\n(through Cargo or the `-L` option of rustc example). Plugins are crates as\nwell, and you link to them the same way.\n"},"level":"error","spans":[{"file_name":"tests/run-pass/schema.rs","byte_start":41,"byte_end":71,"line_start":3,"line_end":3,"column_start":14,"column_end":44,"is_primary":true,"text":[{"text":"#[macro_use] extern crate validator_derive;","highlight_start":14,"highlight_end":44}],"label":"can't find crate","suggested_replacement":null,"expansion":null}],"children":[],"rendered":null}
blam! {"message":"aborting due to previous error","code":null,"level":"error","spans":[],"children":[],"rendered":null}
blam! 
blam! ------------------------------------------
blam! 
blam! thread '[run-pass] run-pass/schema.rs' panicked at 'explicit panic', /cargo-home/registry/src/github.com-1ecc6299db9ec823/compiletest_rs-0.2.5/src/runtest.rs:2374
blam! 
blam! ---- [run-pass] run-pass/url.rs stdout ----
blam! 	
blam! error: compilation failed!
blam! status: exit code: 101
blam! command: rustc tests/run-pass/url.rs -L /tmp --target=x86_64-unknown-linux-gnu --error-format json -L /tmp/url.stage-id.run-pass.libaux -C prefer-dynamic -o /tmp/url.stage-id -L target/debug/ -L target/debug/deps/
blam! stdout:
blam! ------------------------------------------
blam! 
blam! ------------------------------------------
blam! stderr:
blam! ------------------------------------------
blam! {"message":"can't find crate for `validator_derive`","code":{"code":"E0463","explanation":"\nA plugin/crate was declared but cannot be found. Erroneous code example:\n\n```compile_fail,E0463\n#![feature(plugin)]\n#![plugin(cookie_monster)] // error: can't find crate for `cookie_monster`\nextern crate cake_is_a_lie; // error: can't find crate for `cake_is_a_lie`\n```\n\nYou need to link your code to the relevant crate in order to be able to use it\n(through Cargo or the `-L` option of rustc example). Plugins are crates as\nwell, and you link to them the same way.\n"},"level":"error","spans":[{"file_name":"tests/run-pass/url.rs","byte_start":53,"byte_end":83,"line_start":3,"line_end":3,"column_start":14,"column_end":44,"is_primary":true,"text":[{"text":"#[macro_use] extern crate validator_derive;","highlight_start":14,"highlight_end":44}],"label":"can't find crate","suggested_replacement":null,"expansion":null}],"children":[],"rendered":null}
blam! {"message":"aborting due to previous error","code":null,"level":"error","spans":[],"children":[],"rendered":null}
blam! 
blam! ------------------------------------------
blam! 
blam! thread '[run-pass] run-pass/url.rs' panicked at 'explicit panic', /cargo-home/registry/src/github.com-1ecc6299db9ec823/compiletest_rs-0.2.5/src/runtest.rs:2374
blam! 
blam! 
blam! failures:
blam!     [run-pass] run-pass/custom.rs
blam!     [run-pass] run-pass/email.rs
blam!     [run-pass] run-pass/length.rs
blam!     [run-pass] run-pass/lifetime.rs
blam!     [run-pass] run-pass/must_match.rs
blam!     [run-pass] run-pass/range.rs
blam!     [run-pass] run-pass/schema.rs
blam!     [run-pass] run-pass/url.rs
blam! 
blam! test result: FAILED. 0 passed; 8 failed; 0 ignored; 0 measured
blam! 
blam! test test_run_pass ... FAILED
blam! test [compile-fail] compile-fail/must_match/field_doesnt_exist.rs ... FAILED
blam! test [compile-fail] compile-fail/must_match/field_type_doesnt_match.rs ... FAILED
blam! test [compile-fail] compile-fail/range/missing_arg.rs ... FAILED
blam! test [compile-fail] compile-fail/length/wrong_type.rs ... FAILED
blam! test [compile-fail] compile-fail/range/unknown_arg.rs ... FAILED
blam! test [compile-fail] compile-fail/range/no_args.rs ... FAILED
blam! test [compile-fail] compile-fail/schema/missing_function.rs ... FAILED
blam! test [compile-fail] compile-fail/range/wrong_type.rs ... FAILED
blam! 
blam! failures:
blam! 
blam! ---- [compile-fail] compile-fail/custom_not_string.rs stdout ----
blam! 	
blam! error: tests/compile-fail/custom_not_string.rs:3: unexpected "error": '3:14: 3:44: can't find crate for `validator_derive` [E0463]'
blam! 
blam! error: tests/compile-fail/custom_not_string.rs:7: expected error not found: proc-macro derive panicked
blam! 
blam! error: tests/compile-fail/custom_not_string.rs:7: expected help not found: Invalid attribute #[validate] on field `s`: invalid argument for `custom` validator: only strings are allowed
blam! 
blam! error: 1 unexpected errors found, 2 expected errors not found
blam! status: exit code: 101
blam! command: rustc tests/compile-fail/custom_not_string.rs -L /tmp --target=x86_64-unknown-linux-gnu --error-format json -L /tmp/custom_not_string.stage-id.compile-fail.libaux -C prefer-dynamic -o /tmp/custom_not_string.stage-id -L target/debug/ -L target/debug/deps/
blam! unexpected errors (from JSON output): [
blam!     Error {
blam!         line_num: 3,
blam!         kind: Some(
blam!             Error
blam!         ),
blam!         msg: "3:14: 3:44: can\'t find crate for `validator_derive` [E0463]"
blam!     }
blam! ]
blam! 
blam! not found errors (from test file): [
blam!     Error {
blam!         line_num: 7,
blam!         kind: Some(
blam!             Error
blam!         ),
blam!         msg: "proc-macro derive panicked"
blam!     },
blam!     Error {
blam!         line_num: 7,
blam!         kind: Some(
blam!             Help
blam!         ),
blam!         msg: "Invalid attribute #[validate] on field `s`: invalid argument for `custom` validator: only strings are allowed"
blam!     }
blam! ]
blam! 
blam! thread '[compile-fail] compile-fail/custom_not_string.rs' panicked at 'explicit panic', /cargo-home/registry/src/github.com-1ecc6299db9ec823/compiletest_rs-0.2.5/src/runtest.rs:1097
blam! 
blam! ---- [compile-fail] compile-fail/length/equal_and_min_max_set.rs stdout ----
blam! 	
blam! error: tests/compile-fail/length/equal_and_min_max_set.rs:3: unexpected "error": '3:14: 3:44: can't find crate for `validator_derive` [E0463]'
blam! 
blam! error: tests/compile-fail/length/equal_and_min_max_set.rs:7: expected error not found: proc-macro derive panicked
blam! 
blam! error: tests/compile-fail/length/equal_and_min_max_set.rs:7: expected help not found: Invalid attribute #[validate] on field `s`: both `equal` and `min` or `max` have been set in `length` validator: probably a mistake
blam! 
blam! error: 1 unexpected errors found, 2 expected errors not found
blam! status: exit code: 101
blam! command: rustc tests/compile-fail/length/equal_and_min_max_set.rs -L /tmp --target=x86_64-unknown-linux-gnu --error-format json -L /tmp/length/equal_and_min_max_set.stage-id.compile-fail.libaux -C prefer-dynamic -o /tmp/length/equal_and_min_max_set.stage-id -L target/debug/ -L target/debug/deps/
blam! unexpected errors (from JSON output): [
blam!     Error {
blam!         line_num: 3,
blam!         kind: Some(
blam!             Error
blam!         ),
blam!         msg: "3:14: 3:44: can\'t find crate for `validator_derive` [E0463]"
blam!     }
blam! ]
blam! 
blam! not found errors (from test file): [
blam!     Error {
blam!         line_num: 7,
blam!         kind: Some(
blam!             Error
blam!         ),
blam!         msg: "proc-macro derive panicked"
blam!     },
blam!     Error {
blam!         line_num: 7,
blam!         kind: Some(
blam!             Help
blam!         ),
blam!         msg: "Invalid attribute #[validate] on field `s`: both `equal` and `min` or `max` have been set in `length` validator: probably a mistake"
blam!     }
blam! ]
blam! 
blam! thread '[compile-fail] compile-fail/length/equal_and_min_max_set.rs' panicked at 'explicit panic', /cargo-home/registry/src/github.com-1ecc6299db9ec823/compiletest_rs-0.2.5/src/runtest.rs:1097
blam! 
blam! ---- [compile-fail] compile-fail/length/unknown_arg.rs stdout ----
blam! 	
blam! error: tests/compile-fail/length/unknown_arg.rs:3: unexpected "error": '3:14: 3:44: can't find crate for `validator_derive` [E0463]'
blam! 
blam! error: tests/compile-fail/length/unknown_arg.rs:7: expected error not found: proc-macro derive panicked
blam! 
blam! error: tests/compile-fail/length/unknown_arg.rs:7: expected help not found: Invalid attribute #[validate] on field `s`: unknown argument `eq` for validator `length` (it only has `min`, `max`, `equal`)
blam! 
blam! error: 1 unexpected errors found, 2 expected errors not found
blam! status: exit code: 101
blam! command: rustc tests/compile-fail/length/unknown_arg.rs -L /tmp --target=x86_64-unknown-linux-gnu --error-format json -L /tmp/length/unknown_arg.stage-id.compile-fail.libaux -C prefer-dynamic -o /tmp/length/unknown_arg.stage-id -L target/debug/ -L target/debug/deps/
blam! unexpected errors (from JSON output): [
blam!     Error {
blam!         line_num: 3,
blam!         kind: Some(
blam!             Error
blam!         ),
blam!         msg: "3:14: 3:44: can\'t find crate for `validator_derive` [E0463]"
blam!     }
blam! ]
blam! 
blam! not found errors (from test file): [
blam!     Error {
blam!         line_num: 7,
blam!         kind: Some(
blam!             Error
blam!         ),
blam!         msg: "proc-macro derive panicked"
blam!     },
blam!     Error {
blam!         line_num: 7,
blam!         kind: Some(
blam!             Help
blam!         ),
blam!         msg: "Invalid attribute #[validate] on field `s`: unknown argument `eq` for validator `length` (it only has `min`, `max`, `equal`)"
blam!     }
blam! ]
blam! 
blam! thread '[compile-fail] compile-fail/length/unknown_arg.rs' panicked at 'explicit panic', /cargo-home/registry/src/github.com-1ecc6299db9ec823/compiletest_rs-0.2.5/src/runtest.rs:1097
blam! 
blam! ---- [compile-fail] compile-fail/length/no_args.rs stdout ----
blam! 	
blam! error: tests/compile-fail/length/no_args.rs:1: unexpected "error": '1:14: 1:44: can't find crate for `validator_derive` [E0463]'
blam! 
blam! error: tests/compile-fail/length/no_args.rs:5: expected error not found: proc-macro derive panicked
blam! 
blam! error: tests/compile-fail/length/no_args.rs:5: expected help not found: Invalid attribute #[validate] on field `s`: Validator `length` requires at least 1 argument out of `min`, `max` and `equal`
blam! 
blam! error: 1 unexpected errors found, 2 expected errors not found
blam! status: exit code: 101
blam! command: rustc tests/compile-fail/length/no_args.rs -L /tmp --target=x86_64-unknown-linux-gnu --error-format json -L /tmp/length/no_args.stage-id.compile-fail.libaux -C prefer-dynamic -o /tmp/length/no_args.stage-id -L target/debug/ -L target/debug/deps/
blam! unexpected errors (from JSON output): [
blam!     Error {
blam!         line_num: 1,
blam!         kind: Some(
blam!             Error
blam!         ),
blam!         msg: "1:14: 1:44: can\'t find crate for `validator_derive` [E0463]"
blam!     }
blam! ]
kablam! error: test failed
blam! 
blam! not found errors (from test file): [
blam!     Error {
blam!         line_num: 5,
blam!         kind: Some(
blam!             Error
blam!         ),
blam!         msg: "proc-macro derive panicked"
blam!     },
blam!     Error {
blam!         line_num: 5,
blam!         kind: Some(
blam!             Help
blam!         ),
blam!         msg: "Invalid attribute #[validate] on field `s`: Validator `length` requires at least 1 argument out of `min`, `max` and `equal`"
blam!     }
blam! ]
blam! 
blam! thread '[compile-fail] compile-fail/length/no_args.rs' panicked at 'explicit panic', /cargo-home/registry/src/github.com-1ecc6299db9ec823/compiletest_rs-0.2.5/src/runtest.rs:1097
blam! 
blam! ---- [compile-fail] compile-fail/no_validations.rs stdout ----
blam! 	
blam! error: tests/compile-fail/no_validations.rs:1: unexpected "error": '1:14: 1:44: can't find crate for `validator_derive` [E0463]'
blam! 
blam! error: tests/compile-fail/no_validations.rs:5: expected error not found: proc-macro derive panicked
blam! 
blam! error: tests/compile-fail/no_validations.rs:5: expected help not found: Invalid attribute #[validate] on field `s`: it needs at least one validator
blam! 
blam! error: 1 unexpected errors found, 2 expected errors not found
blam! status: exit code: 101
blam! command: rustc tests/compile-fail/no_validations.rs -L /tmp --target=x86_64-unknown-linux-gnu --error-format json -L /tmp/no_validations.stage-id.compile-fail.libaux -C prefer-dynamic -o /tmp/no_validations.stage-id -L target/debug/ -L target/debug/deps/
blam! unexpected errors (from JSON output): [
blam!     Error {
blam!         line_num: 1,
blam!         kind: Some(
blam!             Error
blam!         ),
blam!         msg: "1:14: 1:44: can\'t find crate for `validator_derive` [E0463]"
blam!     }
blam! ]
blam! 
blam! not found errors (from test file): [
blam!     Error {
blam!         line_num: 5,
blam!         kind: Some(
blam!             Error
blam!         ),
blam!         msg: "proc-macro derive panicked"
blam!     },
blam!     Error {
blam!         line_num: 5,
blam!         kind: Some(
blam!             Help
blam!         ),
blam!         msg: "Invalid attribute #[validate] on field `s`: it needs at least one validator"
blam!     }
blam! ]
blam! 
blam! thread '[compile-fail] compile-fail/no_validations.rs' panicked at 'explicit panic', /cargo-home/registry/src/github.com-1ecc6299db9ec823/compiletest_rs-0.2.5/src/runtest.rs:1097
blam! 
blam! ---- [compile-fail] compile-fail/must_match/field_doesnt_exist.rs stdout ----
blam! 	
blam! error: tests/compile-fail/must_match/field_doesnt_exist.rs:1: unexpected "error": '1:14: 1:44: can't find crate for `validator_derive` [E0463]'
blam! 
blam! error: tests/compile-fail/must_match/field_doesnt_exist.rs:5: expected error not found: proc-macro derive panicked
blam! 
blam! error: tests/compile-fail/must_match/field_doesnt_exist.rs:5: expected help not found: Invalid attribute #[validate] on field `password`: invalid argument for `must_match` validator: field doesn't exist in struct
blam! 
blam! error: 1 unexpected errors found, 2 expected errors not found
blam! status: exit code: 101
blam! command: rustc tests/compile-fail/must_match/field_doesnt_exist.rs -L /tmp --target=x86_64-unknown-linux-gnu --error-format json -L /tmp/must_match/field_doesnt_exist.stage-id.compile-fail.libaux -C prefer-dynamic -o /tmp/must_match/field_doesnt_exist.stage-id -L target/debug/ -L target/debug/deps/
blam! unexpected errors (from JSON output): [
blam!     Error {
blam!         line_num: 1,
blam!         kind: Some(
blam!             Error
blam!         ),
blam!         msg: "1:14: 1:44: can\'t find crate for `validator_derive` [E0463]"
blam!     }
blam! ]
blam! 
blam! not found errors (from test file): [
blam!     Error {
blam!         line_num: 5,
blam!         kind: Some(
blam!             Error
blam!         ),
blam!         msg: "proc-macro derive panicked"
blam!     },
blam!     Error {
blam!         line_num: 5,
blam!         kind: Some(
blam!             Help
blam!         ),
blam!         msg: "Invalid attribute #[validate] on field `password`: invalid argument for `must_match` validator: field doesn\'t exist in struct"
blam!     }
blam! ]
blam! 
blam! thread '[compile-fail] compile-fail/must_match/field_doesnt_exist.rs' panicked at 'explicit panic', /cargo-home/registry/src/github.com-1ecc6299db9ec823/compiletest_rs-0.2.5/src/runtest.rs:1097
blam! 
blam! ---- [compile-fail] compile-fail/must_match/field_type_doesnt_match.rs stdout ----
blam! 	
blam! error: tests/compile-fail/must_match/field_type_doesnt_match.rs:1: unexpected "error": '1:14: 1:44: can't find crate for `validator_derive` [E0463]'
blam! 
blam! error: tests/compile-fail/must_match/field_type_doesnt_match.rs:5: expected error not found: proc-macro derive panicked
blam! 
blam! error: tests/compile-fail/must_match/field_type_doesnt_match.rs:5: expected help not found: Invalid attribute #[validate] on field `password`: invalid argument for `must_match` validator: types of field can't match
blam! 
blam! error: 1 unexpected errors found, 2 expected errors not found
blam! status: exit code: 101
blam! command: rustc tests/compile-fail/must_match/field_type_doesnt_match.rs -L /tmp --target=x86_64-unknown-linux-gnu --error-format json -L /tmp/must_match/field_type_doesnt_match.stage-id.compile-fail.libaux -C prefer-dynamic -o /tmp/must_match/field_type_doesnt_match.stage-id -L target/debug/ -L target/debug/deps/
blam! unexpected errors (from JSON output): [
blam!     Error {
blam!         line_num: 1,
blam!         kind: Some(
blam!             Error
blam!         ),
blam!         msg: "1:14: 1:44: can\'t find crate for `validator_derive` [E0463]"
blam!     }
blam! ]
blam! 
blam! not found errors (from test file): [
blam!     Error {
blam!         line_num: 5,
blam!         kind: Some(
blam!             Error
blam!         ),
blam!         msg: "proc-macro derive panicked"
blam!     },
blam!     Error {
blam!         line_num: 5,
blam!         kind: Some(
blam!             Help
blam!         ),
blam!         msg: "Invalid attribute #[validate] on field `password`: invalid argument for `must_match` validator: types of field can\'t match"
blam!     }
blam! ]
blam! 
blam! thread '[compile-fail] compile-fail/must_match/field_type_doesnt_match.rs' panicked at 'explicit panic', /cargo-home/registry/src/github.com-1ecc6299db9ec823/compiletest_rs-0.2.5/src/runtest.rs:1097
blam! 
blam! ---- [compile-fail] compile-fail/range/missing_arg.rs stdout ----
blam! 	
blam! error: tests/compile-fail/range/missing_arg.rs:3: unexpected "error": '3:14: 3:44: can't find crate for `validator_derive` [E0463]'
blam! 
blam! error: tests/compile-fail/range/missing_arg.rs:7: expected error not found: proc-macro derive panicked
blam! 
blam! error: tests/compile-fail/range/missing_arg.rs:7: expected help not found: Invalid attribute #[validate] on field `s`: Validator `range` requires 2 arguments: `min` and `max`
blam! 
blam! error: 1 unexpected errors found, 2 expected errors not found
blam! status: exit code: 101
blam! command: rustc tests/compile-fail/range/missing_arg.rs -L /tmp --target=x86_64-unknown-linux-gnu --error-format json -L /tmp/range/missing_arg.stage-id.compile-fail.libaux -C prefer-dynamic -o /tmp/range/missing_arg.stage-id -L target/debug/ -L target/debug/deps/
blam! unexpected errors (from JSON output): [
blam!     Error {
blam!         line_num: 3,
blam!         kind: Some(
blam!             Error
blam!         ),
blam!         msg: "3:14: 3:44: can\'t find crate for `validator_derive` [E0463]"
blam!     }
blam! ]
blam! 
blam! not found errors (from test file): [
blam!     Error {
blam!         line_num: 7,
blam!         kind: Some(
blam!             Error
blam!         ),
blam!         msg: "proc-macro derive panicked"
blam!     },
blam!     Error {
blam!         line_num: 7,
blam!         kind: Some(
blam!             Help
blam!         ),
blam!         msg: "Invalid attribute #[validate] on field `s`: Validator `range` requires 2 arguments: `min` and `max`"
blam!     }
blam! ]
blam! 
blam! thread '[compile-fail] compile-fail/range/missing_arg.rs' panicked at 'explicit panic', /cargo-home/registry/src/github.com-1ecc6299db9ec823/compiletest_rs-0.2.5/src/runtest.rs:1097
blam! 
blam! ---- [compile-fail] compile-fail/length/wrong_type.rs stdout ----
blam! 	
blam! error: tests/compile-fail/length/wrong_type.rs:1: unexpected "error": '1:14: 1:44: can't find crate for `validator_derive` [E0463]'
blam! 
blam! error: tests/compile-fail/length/wrong_type.rs:5: expected error not found: proc-macro derive panicked
blam! 
blam! error: tests/compile-fail/length/wrong_type.rs:5: expected help not found: Invalid attribute #[validate] on field `s`: Validator `length` can only be used on types `String`, `&str` or `Vec` but found `usize`
blam! 
blam! error: 1 unexpected errors found, 2 expected errors not found
blam! status: exit code: 101
blam! command: rustc tests/compile-fail/length/wrong_type.rs -L /tmp --target=x86_64-unknown-linux-gnu --error-format json -L /tmp/length/wrong_type.stage-id.compile-fail.libaux -C prefer-dynamic -o /tmp/length/wrong_type.stage-id -L target/debug/ -L target/debug/deps/
blam! unexpected errors (from JSON output): [
blam!     Error {
blam!         line_num: 1,
blam!         kind: Some(
blam!             Error
blam!         ),
blam!         msg: "1:14: 1:44: can\'t find crate for `validator_derive` [E0463]"
blam!     }
blam! ]
blam! 
blam! not found errors (from test file): [
blam!     Error {
blam!         line_num: 5,
blam!         kind: Some(
blam!             Error
blam!         ),
blam!         msg: "proc-macro derive panicked"
blam!     },
blam!     Error {
blam!         line_num: 5,
blam!         kind: Some(
blam!             Help
blam!         ),
blam!         msg: "Invalid attribute #[validate] on field `s`: Validator `length` can only be used on types `String`, `&str` or `Vec` but found `usize`"
blam!     }
blam! ]
blam! 
blam! thread '[compile-fail] compile-fail/length/wrong_type.rs' panicked at 'explicit panic', /cargo-home/registry/src/github.com-1ecc6299db9ec823/compiletest_rs-0.2.5/src/runtest.rs:1097
blam! 
blam! ---- [compile-fail] compile-fail/range/unknown_arg.rs stdout ----
blam! 	
blam! error: tests/compile-fail/range/unknown_arg.rs:3: unexpected "error": '3:14: 3:44: can't find crate for `validator_derive` [E0463]'
blam! 
blam! error: tests/compile-fail/range/unknown_arg.rs:7: expected error not found: proc-macro derive panicked
blam! 
blam! error: tests/compile-fail/range/unknown_arg.rs:7: expected help not found: Invalid attribute #[validate] on field `s`: unknown argument `mi` for validator `range` (it only has `min`, `max`)
blam! 
blam! error: 1 unexpected errors found, 2 expected errors not found
blam! status: exit code: 101
blam! command: rustc tests/compile-fail/range/unknown_arg.rs -L /tmp --target=x86_64-unknown-linux-gnu --error-format json -L /tmp/range/unknown_arg.stage-id.compile-fail.libaux -C prefer-dynamic -o /tmp/range/unknown_arg.stage-id -L target/debug/ -L target/debug/deps/
blam! unexpected errors (from JSON output): [
blam!     Error {
blam!         line_num: 3,
blam!         kind: Some(
blam!             Error
blam!         ),
blam!         msg: "3:14: 3:44: can\'t find crate for `validator_derive` [E0463]"
blam!     }
blam! ]
blam! 
blam! not found errors (from test file): [
blam!     Error {
blam!         line_num: 7,
blam!         kind: Some(
blam!             Error
blam!         ),
blam!         msg: "proc-macro derive panicked"
blam!     },
blam!     Error {
blam!         line_num: 7,
blam!         kind: Some(
blam!             Help
blam!         ),
blam!         msg: "Invalid attribute #[validate] on field `s`: unknown argument `mi` for validator `range` (it only has `min`, `max`)"
blam!     }
blam! ]
blam! 
blam! thread '[compile-fail] compile-fail/range/unknown_arg.rs' panicked at 'explicit panic', /cargo-home/registry/src/github.com-1ecc6299db9ec823/compiletest_rs-0.2.5/src/runtest.rs:1097
blam! 
blam! ---- [compile-fail] compile-fail/range/no_args.rs stdout ----
blam! 	
blam! error: tests/compile-fail/range/no_args.rs:1: unexpected "error": '1:14: 1:44: can't find crate for `validator_derive` [E0463]'
blam! 
blam! error: tests/compile-fail/range/no_args.rs:5: expected error not found: proc-macro derive panicked
blam! 
blam! error: tests/compile-fail/range/no_args.rs:5: expected help not found: Invalid attribute #[validate] on field `s`: Validator `range` requires 2 arguments: `min` and `max`
blam! 
blam! error: 1 unexpected errors found, 2 expected errors not found
blam! status: exit code: 101
blam! command: rustc tests/compile-fail/range/no_args.rs -L /tmp --target=x86_64-unknown-linux-gnu --error-format json -L /tmp/range/no_args.stage-id.compile-fail.libaux -C prefer-dynamic -o /tmp/range/no_args.stage-id -L target/debug/ -L target/debug/deps/
blam! unexpected errors (from JSON output): [
blam!     Error {
blam!         line_num: 1,
blam!         kind: Some(
blam!             Error
blam!         ),
blam!         msg: "1:14: 1:44: can\'t find crate for `validator_derive` [E0463]"
blam!     }
blam! ]
blam! 
blam! not found errors (from test file): [
blam!     Error {
blam!         line_num: 5,
blam!         kind: Some(
blam!             Error
blam!         ),
blam!         msg: "proc-macro derive panicked"
blam!     },
blam!     Error {
blam!         line_num: 5,
blam!         kind: Some(
blam!             Help
blam!         ),
blam!         msg: "Invalid attribute #[validate] on field `s`: Validator `range` requires 2 arguments: `min` and `max`"
blam!     }
blam! ]
blam! 
blam! thread '[compile-fail] compile-fail/range/no_args.rs' panicked at 'explicit panic', /cargo-home/registry/src/github.com-1ecc6299db9ec823/compiletest_rs-0.2.5/src/runtest.rs:1097
blam! 
blam! ---- [compile-fail] compile-fail/schema/missing_function.rs stdout ----
blam! 	
blam! error: tests/compile-fail/schema/missing_function.rs:1: unexpected "error": '1:14: 1:44: can't find crate for `validator_derive` [E0463]'
blam! 
blam! error: tests/compile-fail/schema/missing_function.rs:5: expected error not found: proc-macro derive panicked
blam! 
blam! error: tests/compile-fail/schema/missing_function.rs:5: expected help not found: Invalid schema level validation: `function` is required
blam! 
blam! error: 1 unexpected errors found, 2 expected errors not found
blam! status: exit code: 101
blam! command: rustc tests/compile-fail/schema/missing_function.rs -L /tmp --target=x86_64-unknown-linux-gnu --error-format json -L /tmp/schema/missing_function.stage-id.compile-fail.libaux -C prefer-dynamic -o /tmp/schema/missing_function.stage-id -L target/debug/ -L target/debug/deps/
blam! unexpected errors (from JSON output): [
blam!     Error {
blam!         line_num: 1,
blam!         kind: Some(
blam!             Error
blam!         ),
blam!         msg: "1:14: 1:44: can\'t find crate for `validator_derive` [E0463]"
blam!     }
blam! ]
blam! 
blam! not found errors (from test file): [
blam!     Error {
blam!         line_num: 5,
blam!         kind: Some(
blam!             Error
blam!         ),
blam!         msg: "proc-macro derive panicked"
blam!     },
blam!     Error {
blam!         line_num: 5,
blam!         kind: Some(
blam!             Help
blam!         ),
blam!         msg: "Invalid schema level validation: `function` is required"
blam!     }
blam! ]
blam! 
blam! thread '[compile-fail] compile-fail/schema/missing_function.rs' panicked at 'explicit panic', /cargo-home/registry/src/github.com-1ecc6299db9ec823/compiletest_rs-0.2.5/src/runtest.rs:1097
blam! 
blam! ---- [compile-fail] compile-fail/range/wrong_type.rs stdout ----
blam! 	
blam! error: tests/compile-fail/range/wrong_type.rs:3: unexpected "error": '3:14: 3:44: can't find crate for `validator_derive` [E0463]'
blam! 
blam! error: tests/compile-fail/range/wrong_type.rs:7: expected error not found: proc-macro derive panicked
blam! 
blam! error: tests/compile-fail/range/wrong_type.rs:7: expected help not found: Invalid attribute #[validate] on field `s`: Validator `range` can only be used on number types but found `String`
blam! 
blam! error: 1 unexpected errors found, 2 expected errors not found
blam! status: exit code: 101
blam! command: rustc tests/compile-fail/range/wrong_type.rs -L /tmp --target=x86_64-unknown-linux-gnu --error-format json -L /tmp/range/wrong_type.stage-id.compile-fail.libaux -C prefer-dynamic -o /tmp/range/wrong_type.stage-id -L target/debug/ -L target/debug/deps/
blam! unexpected errors (from JSON output): [
blam!     Error {
blam!         line_num: 3,
blam!         kind: Some(
blam!             Error
blam!         ),
blam!         msg: "3:14: 3:44: can\'t find crate for `validator_derive` [E0463]"
blam!     }
blam! ]
blam! 
blam! not found errors (from test file): [
blam!     Error {
blam!         line_num: 7,
blam!         kind: Some(
blam!             Error
blam!         ),
blam!         msg: "proc-macro derive panicked"
blam!     },
blam!     Error {
blam!         line_num: 7,
blam!         kind: Some(
blam!             Help
blam!         ),
blam!         msg: "Invalid attribute #[validate] on field `s`: Validator `range` can only be used on number types but found `String`"
blam!     }
blam! ]
blam! 
blam! thread '[compile-fail] compile-fail/range/wrong_type.rs' panicked at 'explicit panic', /cargo-home/registry/src/github.com-1ecc6299db9ec823/compiletest_rs-0.2.5/src/runtest.rs:1097
blam! 
blam! 
blam! failures:
blam!     [compile-fail] compile-fail/custom_not_string.rs
blam!     [compile-fail] compile-fail/length/equal_and_min_max_set.rs
blam!     [compile-fail] compile-fail/length/no_args.rs
blam!     [compile-fail] compile-fail/length/unknown_arg.rs
blam!     [compile-fail] compile-fail/length/wrong_type.rs
blam!     [compile-fail] compile-fail/must_match/field_doesnt_exist.rs
blam!     [compile-fail] compile-fail/must_match/field_type_doesnt_match.rs
blam!     [compile-fail] compile-fail/no_validations.rs
blam!     [compile-fail] compile-fail/range/missing_arg.rs
blam!     [compile-fail] compile-fail/range/no_args.rs
blam!     [compile-fail] compile-fail/range/unknown_arg.rs
blam!     [compile-fail] compile-fail/range/wrong_type.rs
blam!     [compile-fail] compile-fail/schema/missing_function.rs
blam! 
blam! test result: FAILED. 0 passed; 13 failed; 0 ignored; 0 measured
blam! 
blam! test test_compile_fail ... FAILED
blam! 
blam! failures:
blam! 
blam! ---- test_run_pass stdout ----
blam! 	thread 'test_run_pass' panicked at 'Some tests failed', /cargo-home/registry/src/github.com-1ecc6299db9ec823/compiletest_rs-0.2.5/src/compiletest.rs:122
blam! 
blam! ---- test_compile_fail stdout ----
blam! 	thread 'test_compile_fail' panicked at 'Some tests failed', /cargo-home/registry/src/github.com-1ecc6299db9ec823/compiletest_rs-0.2.5/src/compiletest.rs:122
blam! 
blam! 
blam! failures:
blam!     test_compile_fail
blam!     test_run_pass
blam! 
blam! test result: FAILED. 0 passed; 2 failed; 0 ignored; 0 measured
blam! 
boom! running `docker rm -f ebd96497602d6e7185778eaf1c17d517c7983863b87c9d189659d34639009e37`
blam! ebd96497602d6e7185778eaf1c17d517c7983863b87c9d189659d34639009e37
