boom! testing aerial-0.1.0 against stable for nightly
boom! running: cargo +stable build --frozen
boom! creating container for: cargo +stable build --frozen
boom! running `docker create -v /home/ec2-user/cargobomb/./work/local/test-source/nightly/stable:/source:ro -v /home/ec2-user/cargobomb/./work/local/cargo-home:/cargo-home:ro -v /home/ec2-user/cargobomb/./work/local/rustup-home:/rustup-home:ro -v /home/ec2-user/cargobomb/./work/local/target-dirs/nightly/stable:/target:rw -e USER_ID=500 -e CMD=cargo +stable build --frozen cargobomb`
blam! a16a0bd5be0b6b0e9d278d29afcc6a0606407782a0216351b91ebe870cc05c17
boom! running `docker start -a a16a0bd5be0b6b0e9d278d29afcc6a0606407782a0216351b91ebe870cc05c17`
kablam!    Compiling encoding_index_tests v0.1.4
kablam!    Compiling bitflags v0.4.0
kablam!    Compiling mac v0.1.0
kablam!    Compiling solicit v0.4.4
kablam!    Compiling mac v0.0.2
kablam!    Compiling encoding-index-japanese v1.20141219.5
kablam!    Compiling encoding-index-singlebyte v1.20141219.5
kablam!    Compiling encoding-index-tradchinese v1.20141219.5
kablam!    Compiling encoding-index-korean v1.20141219.5
kablam!    Compiling encoding-index-simpchinese v1.20141219.5
kablam!    Compiling dtoa v0.4.1
kablam!    Compiling rc v0.1.1
kablam!    Compiling openssl-sys v0.7.17
kablam!    Compiling encoding v0.2.33
kablam!    Compiling openssl-sys-extras v0.7.14
blam! Build failed, waiting for other jobs to finish...
kablam! error: failed to run custom build command for `openssl-sys-extras v0.7.14`
kablam! process didn't exit successfully: `/target/debug/build/openssl-sys-extras-db1a184570b339df/build-script-build` (exit code: 101)
kablam! --- stdout
kablam! TARGET = Some("x86_64-unknown-linux-gnu")
kablam! OPT_LEVEL = Some("0")
kablam! TARGET = Some("x86_64-unknown-linux-gnu")
kablam! HOST = Some("x86_64-unknown-linux-gnu")
kablam! TARGET = Some("x86_64-unknown-linux-gnu")
kablam! TARGET = Some("x86_64-unknown-linux-gnu")
kablam! HOST = Some("x86_64-unknown-linux-gnu")
kablam! CC_x86_64-unknown-linux-gnu = None
kablam! CC_x86_64_unknown_linux_gnu = None
kablam! HOST_CC = None
kablam! CC = None
kablam! HOST = Some("x86_64-unknown-linux-gnu")
kablam! TARGET = Some("x86_64-unknown-linux-gnu")
kablam! HOST = Some("x86_64-unknown-linux-gnu")
kablam! CFLAGS_x86_64-unknown-linux-gnu = None
kablam! CFLAGS_x86_64_unknown_linux_gnu = None
kablam! HOST_CFLAGS = None
kablam! CFLAGS = None
kablam! PROFILE = Some("debug")
kablam! running: "cc" "-O0" "-ffunction-sections" "-fdata-sections" "-fPIC" "-g" "-m64" "-o" "/target/debug/build/openssl-sys-extras-45159e42f4e1f90d/out/src/openssl_shim.o" "-c" "src/openssl_shim.c"
kablam! cargo:warning=src/openssl_shim.c:1:26: fatal error: openssl/hmac.h: No such file or directory
kablam! cargo:warning=compilation terminated.
kablam! ExitStatus(ExitStatus(256))
kablam! 
kablam! 
kablam! command did not execute successfully, got: exit code: 1
kablam! 
kablam! 
kablam! 
kablam! --- stderr
kablam! thread 'main' panicked at 'explicit panic', /cargo-home/registry/src/github.com-1ecc6299db9ec823/gcc-0.3.43/src/lib.rs:1127
kablam! note: Run with `RUST_BACKTRACE=1` for a backtrace.
kablam! 
boom! running `docker rm -f a16a0bd5be0b6b0e9d278d29afcc6a0606407782a0216351b91ebe870cc05c17`
blam! a16a0bd5be0b6b0e9d278d29afcc6a0606407782a0216351b91ebe870cc05c17
