boom! testing cdb-0.5.0 against stable for beta
boom! running: cargo +stable build --frozen
boom! creating container for: cargo +stable build --frozen
boom! running `docker create -v /home/ec2-user/cargobomb/./work/local/test-source/beta/stable:/source:ro -v /home/ec2-user/cargobomb/./work/local/cargo-home:/cargo-home:ro -v /home/ec2-user/cargobomb/./work/local/rustup-home:/rustup-home:ro -v /home/ec2-user/cargobomb/./work/local/target-dirs/beta/stable:/target:rw -e USER_ID=500 -e CMD=cargo +stable build --frozen cargobomb`
blam! 3942c4e542a9557d9cdcb10c7137d22aa64fae311812841f77fd043b0fbf6d21
boom! running `docker start -a 3942c4e542a9557d9cdcb10c7137d22aa64fae311812841f77fd043b0fbf6d21`
kablam!    Compiling mmap v0.1.1
kablam!    Compiling cdb v0.5.0 (file:///source)
kablam!     Finished debug [unoptimized + debuginfo] target(s) in 1.40 secs
boom! running `docker rm -f 3942c4e542a9557d9cdcb10c7137d22aa64fae311812841f77fd043b0fbf6d21`
blam! 3942c4e542a9557d9cdcb10c7137d22aa64fae311812841f77fd043b0fbf6d21
boom! running: cargo +stable test --frozen --no-run
boom! creating container for: cargo +stable test --frozen --no-run
boom! running `docker create -v /home/ec2-user/cargobomb/./work/local/test-source/beta/stable:/source:ro -v /home/ec2-user/cargobomb/./work/local/cargo-home:/cargo-home:ro -v /home/ec2-user/cargobomb/./work/local/rustup-home:/rustup-home:ro -v /home/ec2-user/cargobomb/./work/local/target-dirs/beta/stable:/target:rw -e USER_ID=500 -e CMD=cargo +stable test --frozen --no-run cargobomb`
blam! 7b62e07d0fc8a32887c2d3948ab48e2556b3c70f1761d53254a962a1fbdf4903
boom! running `docker start -a 7b62e07d0fc8a32887c2d3948ab48e2556b3c70f1761d53254a962a1fbdf4903`
kablam!    Compiling cdb v0.5.0 (file:///source)
kablam!     Finished debug [unoptimized + debuginfo] target(s) in 1.65 secs
boom! running `docker rm -f 7b62e07d0fc8a32887c2d3948ab48e2556b3c70f1761d53254a962a1fbdf4903`
blam! 7b62e07d0fc8a32887c2d3948ab48e2556b3c70f1761d53254a962a1fbdf4903
boom! running: cargo +stable test --frozen
boom! creating container for: cargo +stable test --frozen
boom! running `docker create -v /home/ec2-user/cargobomb/./work/local/test-source/beta/stable:/source:ro -v /home/ec2-user/cargobomb/./work/local/cargo-home:/cargo-home:ro -v /home/ec2-user/cargobomb/./work/local/rustup-home:/rustup-home:ro -v /home/ec2-user/cargobomb/./work/local/target-dirs/beta/stable:/target:rw -e USER_ID=500 -e CMD=cargo +stable test --frozen cargobomb`
blam! ccc4b77e91460f7003cf324e5caca21e8f06f0cea4869651316c0586eb72934f
boom! running `docker start -a ccc4b77e91460f7003cf324e5caca21e8f06f0cea4869651316c0586eb72934f`
kablam!     Finished debug [unoptimized + debuginfo] target(s) in 0.0 secs
kablam!      Running /target/debug/deps/cdb-074b9ebbcd395371
blam! 
blam! running 1 test
blam! test hash::samples ... ok
blam! 
blam! test result: ok. 1 passed; 0 failed; 0 ignored; 0 measured
blam! 
kablam!      Running /target/debug/deps/make-1225e0ab064d1579
blam! 
blam! running 1 test
blam! test test_make ... FAILED
blam! 
blam! failures:
blam! 
blam! ---- test_make stdout ----
blam! 	thread 'test_make' panicked at 'called `Result::unwrap()` on an `Err` value: Error { repr: Os { code: 30, message: "Read-only file system" } }', /buildslave/rust-buildbot/slave/stable-dist-rustc-linux/build/src/libcore/result.rs:837
blam! note: Run with `RUST_BACKTRACE=1` for a backtrace.
kablam! error: test failed
blam! 
blam! 
blam! failures:
blam!     test_make
blam! 
blam! test result: FAILED. 0 passed; 1 failed; 0 ignored; 0 measured
blam! 
boom! running `docker rm -f ccc4b77e91460f7003cf324e5caca21e8f06f0cea4869651316c0586eb72934f`
blam! ccc4b77e91460f7003cf324e5caca21e8f06f0cea4869651316c0586eb72934f
