boom! testing cbor-codec-0.5.0 against stable for nightly
boom! running: cargo +stable build --frozen
boom! creating container for: cargo +stable build --frozen
boom! running `docker create -v /home/ec2-user/cargobomb/./work/local/test-source/nightly/stable:/source:ro -v /home/ec2-user/cargobomb/./work/local/cargo-home:/cargo-home:ro -v /home/ec2-user/cargobomb/./work/local/rustup-home:/rustup-home:ro -v /home/ec2-user/cargobomb/./work/local/target-dirs/nightly/stable:/target:rw -e USER_ID=500 -e CMD=cargo +stable build --frozen cargobomb`
blam! ff8abaa9ca83ab3f6cc665fcbd7ae44b8a511cd3796fbb363979c19ba51df14c
boom! running `docker start -a ff8abaa9ca83ab3f6cc665fcbd7ae44b8a511cd3796fbb363979c19ba51df14c`
kablam!    Compiling cbor-codec v0.5.0 (file:///source)
kablam! warning: unused import: `std::cmp::Eq`, #[warn(unused_imports)] on by default
kablam!   --> src/decoder.rs:92:5
kablam!    |
kablam! 92 | use std::cmp::Eq;
kablam!    |     ^^^^^^^^^^^^
kablam! 
kablam!     Finished debug [unoptimized + debuginfo] target(s) in 1.69 secs
boom! running `docker rm -f ff8abaa9ca83ab3f6cc665fcbd7ae44b8a511cd3796fbb363979c19ba51df14c`
blam! ff8abaa9ca83ab3f6cc665fcbd7ae44b8a511cd3796fbb363979c19ba51df14c
boom! running: cargo +stable test --frozen --no-run
boom! creating container for: cargo +stable test --frozen --no-run
boom! running `docker create -v /home/ec2-user/cargobomb/./work/local/test-source/nightly/stable:/source:ro -v /home/ec2-user/cargobomb/./work/local/cargo-home:/cargo-home:ro -v /home/ec2-user/cargobomb/./work/local/rustup-home:/rustup-home:ro -v /home/ec2-user/cargobomb/./work/local/target-dirs/nightly/stable:/target:rw -e USER_ID=500 -e CMD=cargo +stable test --frozen --no-run cargobomb`
blam! 8235ed841842ae4dd39707bc99136752938e24faf981991bae4b8acb5b1e0d1f
boom! running `docker start -a 8235ed841842ae4dd39707bc99136752938e24faf981991bae4b8acb5b1e0d1f`
kablam!    Compiling aster v0.27.0
kablam!    Compiling quasi v0.20.1
kablam!    Compiling serde_codegen_internals v0.8.9
kablam!    Compiling quickcheck_macros v0.4.1
kablam! error[E0554]: #[feature] may not be used on the stable release channel
kablam!   --> /cargo-home/registry/src/github.com-1ecc6299db9ec823/quasi-0.20.1/src/lib.rs:11:43
kablam!    |
kablam! 11 | #![cfg_attr(not(feature = "with-syntex"), feature(rustc_private))]
kablam!    |                                           ^^^^^^^^^^^^^^^^^^^^^^
kablam! 
kablam! error: aborting due to previous error
kablam! 
blam! Build failed, waiting for other jobs to finish...
kablam! error[E0554]: #[feature] may not be used on the stable release channel
kablam!  --> /cargo-home/registry/src/github.com-1ecc6299db9ec823/serde_codegen_internals-0.8.9/src/lib.rs:3:43
kablam!   |
kablam! 3 | #![cfg_attr(not(feature = "with-syntex"), feature(rustc_private, plugin))]
kablam!   |                                           ^^^^^^^^^^^^^^^^^^^^^^^^^^^^^^
kablam! 
kablam! error: aborting due to previous error
kablam! 
blam! Build failed, waiting for other jobs to finish...
kablam! error[E0554]: #[feature] may not be used on the stable release channel
kablam!  --> /cargo-home/registry/src/github.com-1ecc6299db9ec823/aster-0.27.0/src/lib.rs:1:43
kablam!   |
kablam! 1 | #![cfg_attr(not(feature = "with-syntex"), feature(rustc_private))]
kablam!   |                                           ^^^^^^^^^^^^^^^^^^^^^^
kablam! 
kablam! error: aborting due to previous error
kablam! 
blam! Build failed, waiting for other jobs to finish...
kablam! error[E0554]: #[feature] may not be used on the stable release channel
kablam!  --> /cargo-home/registry/src/github.com-1ecc6299db9ec823/quickcheck_macros-0.4.1/src/lib.rs:8:1
kablam!   |
kablam! 8 | #![feature(plugin_registrar, rustc_private)]
kablam!   | ^^^^^^^^^^^^^^^^^^^^^^^^^^^^^^^^^^^^^^^^^^^^
kablam! 
kablam! error: aborting due to previous error
kablam! 
kablam! error: Could not compile `quasi`.
kablam! 
kablam! To learn more, run the command again with --verbose.
boom! running `docker rm -f 8235ed841842ae4dd39707bc99136752938e24faf981991bae4b8acb5b1e0d1f`
blam! 8235ed841842ae4dd39707bc99136752938e24faf981991bae4b8acb5b1e0d1f
boom! running: cargo +stable test --frozen
boom! creating container for: cargo +stable test --frozen
boom! running `docker create -v /home/ec2-user/cargobomb/./work/local/test-source/nightly/stable:/source:ro -v /home/ec2-user/cargobomb/./work/local/cargo-home:/cargo-home:ro -v /home/ec2-user/cargobomb/./work/local/rustup-home:/rustup-home:ro -v /home/ec2-user/cargobomb/./work/local/target-dirs/nightly/stable:/target:rw -e USER_ID=500 -e CMD=cargo +stable test --frozen cargobomb`
blam! b5ab1271b6805266181594b020b30a55751bd6adcbe4bb32924750d5ba0f0641
boom! running `docker start -a b5ab1271b6805266181594b020b30a55751bd6adcbe4bb32924750d5ba0f0641`
kablam!    Compiling serde_codegen_internals v0.8.9
kablam!    Compiling quasi v0.20.1
kablam!    Compiling aster v0.27.0
kablam!    Compiling quickcheck_macros v0.4.1
kablam! error[E0554]: #[feature] may not be used on the stable release channel
kablam!  --> /cargo-home/registry/src/github.com-1ecc6299db9ec823/serde_codegen_internals-0.8.9/src/lib.rs:3:43
kablam!   |
kablam! 3 | #![cfg_attr(not(feature = "with-syntex"), feature(rustc_private, plugin))]
kablam!   |                                           ^^^^^^^^^^^^^^^^^^^^^^^^^^^^^^
kablam! 
kablam! error: aborting due to previous error
kablam! 
blam! Build failed, waiting for other jobs to finish...
kablam! error[E0554]: #[feature] may not be used on the stable release channel
kablam!   --> /cargo-home/registry/src/github.com-1ecc6299db9ec823/quasi-0.20.1/src/lib.rs:11:43
kablam!    |
kablam! 11 | #![cfg_attr(not(feature = "with-syntex"), feature(rustc_private))]
kablam!    |                                           ^^^^^^^^^^^^^^^^^^^^^^
kablam! 
kablam! error: aborting due to previous error
kablam! 
blam! Build failed, waiting for other jobs to finish...
kablam! error[E0554]: #[feature] may not be used on the stable release channel
kablam!  --> /cargo-home/registry/src/github.com-1ecc6299db9ec823/aster-0.27.0/src/lib.rs:1:43
kablam!   |
kablam! 1 | #![cfg_attr(not(feature = "with-syntex"), feature(rustc_private))]
kablam!   |                                           ^^^^^^^^^^^^^^^^^^^^^^
kablam! 
kablam! error: aborting due to previous error
kablam! 
blam! Build failed, waiting for other jobs to finish...
kablam! error[E0554]: #[feature] may not be used on the stable release channel
kablam!  --> /cargo-home/registry/src/github.com-1ecc6299db9ec823/quickcheck_macros-0.4.1/src/lib.rs:8:1
kablam!   |
kablam! 8 | #![feature(plugin_registrar, rustc_private)]
kablam!   | ^^^^^^^^^^^^^^^^^^^^^^^^^^^^^^^^^^^^^^^^^^^^
kablam! 
kablam! error: aborting due to previous error
kablam! 
kablam! error: Could not compile `serde_codegen_internals`.
kablam! 
kablam! To learn more, run the command again with --verbose.
boom! running `docker rm -f b5ab1271b6805266181594b020b30a55751bd6adcbe4bb32924750d5ba0f0641`
blam! b5ab1271b6805266181594b020b30a55751bd6adcbe4bb32924750d5ba0f0641
