boom! testing tutil-0.2.0 against beta for beta
boom! running: cargo +beta build --frozen
boom! creating container for: cargo +beta build --frozen
boom! running `docker create -v /home/ec2-user/cargobomb/./work/local/test-source/beta/beta:/source:ro -v /home/ec2-user/cargobomb/./work/local/cargo-home:/cargo-home:ro -v /home/ec2-user/cargobomb/./work/local/rustup-home:/rustup-home:ro -v /home/ec2-user/cargobomb/./work/local/target-dirs/beta/beta:/target:rw -e USER_ID=500 -e CMD=cargo +beta build --frozen cargobomb`
blam! e74dd8cad62ec67d3c1fcbbd654ecc0deb9ac91e751b645613f39e1db469f201
boom! running `docker start -a e74dd8cad62ec67d3c1fcbbd654ecc0deb9ac91e751b645613f39e1db469f201`
kablam!    Compiling tutil v0.2.0 (file:///source)
kablam!     Finished dev [unoptimized + debuginfo] target(s) in 0.60 secs
boom! running `docker rm -f e74dd8cad62ec67d3c1fcbbd654ecc0deb9ac91e751b645613f39e1db469f201`
blam! e74dd8cad62ec67d3c1fcbbd654ecc0deb9ac91e751b645613f39e1db469f201
boom! running: cargo +beta test --frozen --no-run
boom! creating container for: cargo +beta test --frozen --no-run
boom! running `docker create -v /home/ec2-user/cargobomb/./work/local/test-source/beta/beta:/source:ro -v /home/ec2-user/cargobomb/./work/local/cargo-home:/cargo-home:ro -v /home/ec2-user/cargobomb/./work/local/rustup-home:/rustup-home:ro -v /home/ec2-user/cargobomb/./work/local/target-dirs/beta/beta:/target:rw -e USER_ID=500 -e CMD=cargo +beta test --frozen --no-run cargobomb`
blam! 3e1c122f9aa0d2662f03a9b47ae2953025e366ca76031e35baed23b2f86f095d
boom! running `docker start -a 3e1c122f9aa0d2662f03a9b47ae2953025e366ca76031e35baed23b2f86f095d`
kablam!    Compiling tutil v0.2.0 (file:///source)
kablam! warning: unused import: `tutil::crayon::Style`, #[warn(unused_imports)] on by default
kablam!  --> examples/simple.rs:3:5
kablam!   |
kablam! 3 | use tutil::crayon::Style;
kablam!   |     ^^^^^^^^^^^^^^^^^^^^
kablam! 
kablam! warning: unused import: `super::Color::*;`, #[warn(unused_imports)] on by default
kablam!    --> src/crayon.rs:451:9
kablam!     |
kablam! 451 |     use super::Color::*;
kablam!     |         ^^^^^^^^^^^^^^^^
kablam! 
kablam! warning: unused import: `super::*;`, #[warn(unused_imports)] on by default
kablam!   --> src/screen/mod.rs:66:9
kablam!    |
kablam! 66 |     use super::*;
kablam!    |         ^^^^^^^^^
kablam! 
kablam!     Finished dev [unoptimized + debuginfo] target(s) in 1.41 secs
boom! running `docker rm -f 3e1c122f9aa0d2662f03a9b47ae2953025e366ca76031e35baed23b2f86f095d`
blam! 3e1c122f9aa0d2662f03a9b47ae2953025e366ca76031e35baed23b2f86f095d
boom! running: cargo +beta test --frozen
boom! creating container for: cargo +beta test --frozen
boom! running `docker create -v /home/ec2-user/cargobomb/./work/local/test-source/beta/beta:/source:ro -v /home/ec2-user/cargobomb/./work/local/cargo-home:/cargo-home:ro -v /home/ec2-user/cargobomb/./work/local/rustup-home:/rustup-home:ro -v /home/ec2-user/cargobomb/./work/local/target-dirs/beta/beta:/target:rw -e USER_ID=500 -e CMD=cargo +beta test --frozen cargobomb`
blam! 289c50928d4fe869311c8d6363abd33e152884c321fdaa5d542d404c40ad2a10
boom! running `docker start -a 289c50928d4fe869311c8d6363abd33e152884c321fdaa5d542d404c40ad2a10`
kablam!     Finished dev [unoptimized + debuginfo] target(s) in 0.0 secs
kablam!      Running /target/debug/deps/tutil-1026759027f30630
blam! 
blam! running 31 tests
blam! test crayon::test::black ... ok
blam! test crayon::test::blink ... ok
blam! test crayon::test::blue_background ... ok
blam! test crayon::test::black_background ... ok
blam! test crayon::test::blue ... ok
blam! test crayon::test::cyan ... ok
blam! test crayon::test::bold ... ok
blam! test crayon::test::cyan_background ... ok
blam! test crayon::test::dimmed ... ok
blam! test crayon::test::fixed_background ... ok
blam! test crayon::test::fixed ... ok
blam! test crayon::test::green ... ok
blam! test crayon::test::hidden ... ok
blam! test crayon::test::italic ... ok
blam! test crayon::test::green_background ... ok
blam! test crayon::test::plain ... ok
blam! test crayon::test::purple ... ok
blam! test crayon::test::purple_background ... ok
blam! test crayon::test::red ... ok
blam! test crayon::test::red_background ... ok
blam! test crayon::test::rgb ... ok
blam! test crayon::test::rgb_background ... ok
blam! test crayon::test::reverse ... ok
blam! test crayon::test::underline ... ok
blam! test crayon::test::white ... ok
blam! test crayon::test::yellow ... ok
blam! test crayon::test::white_background ... ok
blam! test crayon::test::yellow_background ... ok
kablam! stty: /dev/stderr: Permission denied
kablam! stty: /dev/stderr: Permission denied
blam! test screen::unix::test::correct_height ... FAILED
blam! test screen::unix::test::correct_width ... FAILED
blam! test screen::unix::test::correct_size ... FAILED
blam! 
blam! failures:
kablam! stty: /dev/stderr: Permission denied
blam! 
blam! ---- screen::unix::test::correct_height stdout ----
blam! 	thread 'screen::unix::test::correct_height' panicked at 'assertion failed: output.status.success()', src/screen/unix.rs:132
blam! note: Run with `RUST_BACKTRACE=1` for a backtrace.
blam! 
blam! ---- screen::unix::test::correct_width stdout ----
blam! 	thread 'screen::unix::test::correct_width' panicked at 'assertion failed: output.status.success()', src/screen/unix.rs:119
blam! 
blam! ---- screen::unix::test::correct_size stdout ----
blam! 	thread 'screen::unix::test::correct_size' panicked at 'assertion failed: output.status.success()', src/screen/unix.rs:104
blam! 
blam! 
blam! failures:
blam!     screen::unix::test::correct_height
blam!     screen::unix::test::correct_size
blam!     screen::unix::test::correct_width
blam! 
blam! test result: FAILED. 28 passed; 3 failed; 0 ignored; 0 measured
blam! 
kablam! error: test failed
boom! running `docker rm -f 289c50928d4fe869311c8d6363abd33e152884c321fdaa5d542d404c40ad2a10`
blam! 289c50928d4fe869311c8d6363abd33e152884c321fdaa5d542d404c40ad2a10
