boom! testing megam_rustyprint-0.2.1 against stable for nightly
boom! running: cargo +stable build --frozen
boom! creating container for: cargo +stable build --frozen
boom! running `docker create -v /home/ec2-user/cargobomb/./work/local/test-source/nightly/stable:/source:ro -v /home/ec2-user/cargobomb/./work/local/cargo-home:/cargo-home:ro -v /home/ec2-user/cargobomb/./work/local/rustup-home:/rustup-home:ro -v /home/ec2-user/cargobomb/./work/local/target-dirs/nightly/stable:/target:rw -e USER_ID=500 -e CMD=cargo +stable build --frozen cargobomb`
blam! 4802f06bdc9e997a87c9244cb7b0827d119ce5d6b4cb735393f3252a7345b209
boom! running `docker start -a 4802f06bdc9e997a87c9244cb7b0827d119ce5d6b4cb735393f3252a7345b209`
kablam!    Compiling term-painter v0.1.1
kablam! error[E0308]: mismatched types
kablam!    --> /cargo-home/registry/src/github.com-1ecc6299db9ec823/term-painter-0.1.1/src/lib.rs:405:24
kablam!     |
kablam! 405 |                     Ok(true) => {},
kablam!     |                        ^^^^ expected (), found bool
kablam! ...
kablam! 420 |                 Some(c) => { try_term!(t.fg(c)); },
kablam!     |                              ------------------- in this macro invocation
kablam!     |
kablam!     = note: expected type `()`
kablam!                found type `bool`
kablam! 
kablam! error[E0308]: mismatched types
kablam!    --> /cargo-home/registry/src/github.com-1ecc6299db9ec823/term-painter-0.1.1/src/lib.rs:405:24
kablam!     |
kablam! 405 |                     Ok(true) => {},
kablam!     |                        ^^^^ expected (), found bool
kablam! ...
kablam! 424 |                 Some(c) => { try_term!(t.bg(c)); },
kablam!     |                              ------------------- in this macro invocation
kablam!     |
kablam!     = note: expected type `()`
kablam!                found type `bool`
kablam! 
kablam! error[E0308]: mismatched types
kablam!    --> /cargo-home/registry/src/github.com-1ecc6299db9ec823/term-painter-0.1.1/src/lib.rs:405:24
kablam!     |
kablam! 405 |                     Ok(true) => {},
kablam!     |                        ^^^^ expected (), found bool
kablam! ...
kablam! 427 |                 try_term!(t.attr(term::Attr::Bold))
kablam!     |                 ----------------------------------- in this macro invocation
kablam!     |
kablam!     = note: expected type `()`
kablam!                found type `bool`
kablam! 
kablam! error[E0308]: mismatched types
kablam!    --> /cargo-home/registry/src/github.com-1ecc6299db9ec823/term-painter-0.1.1/src/lib.rs:405:24
kablam!     |
kablam! 405 |                     Ok(true) => {},
kablam!     |                        ^^^^ expected (), found bool
kablam! ...
kablam! 430 |                 Some(u) => try_term!(t.attr(term::Attr::Underline(u))),
kablam!     |                            ------------------------------------------- in this macro invocation
kablam!     |
kablam!     = note: expected type `()`
kablam!                found type `bool`
kablam! 
kablam! error[E0308]: mismatched types
kablam!    --> /cargo-home/registry/src/github.com-1ecc6299db9ec823/term-painter-0.1.1/src/lib.rs:405:24
kablam!     |
kablam! 405 |                     Ok(true) => {},
kablam!     |                        ^^^^ expected (), found bool
kablam! ...
kablam! 434 |                 try_term!(t.attr(term::Attr::Blink))
kablam!     |                 ------------------------------------ in this macro invocation
kablam!     |
kablam!     = note: expected type `()`
kablam!                found type `bool`
kablam! 
kablam! error[E0308]: mismatched types
kablam!    --> /cargo-home/registry/src/github.com-1ecc6299db9ec823/term-painter-0.1.1/src/lib.rs:405:24
kablam!     |
kablam! 405 |                     Ok(true) => {},
kablam!     |                        ^^^^ expected (), found bool
kablam! ...
kablam! 437 |                 try_term!(t.attr(term::Attr::Reverse))
kablam!     |                 -------------------------------------- in this macro invocation
kablam!     |
kablam!     = note: expected type `()`
kablam!                found type `bool`
kablam! 
kablam! error[E0308]: mismatched types
kablam!    --> /cargo-home/registry/src/github.com-1ecc6299db9ec823/term-painter-0.1.1/src/lib.rs:405:24
kablam!     |
kablam! 405 |                     Ok(true) => {},
kablam!     |                        ^^^^ expected (), found bool
kablam! ...
kablam! 440 |                 try_term!(t.attr(term::Attr::Secure))
kablam!     |                 ------------------------------------- in this macro invocation
kablam!     |
kablam!     = note: expected type `()`
kablam!                found type `bool`
kablam! 
kablam! error: aborting due to 7 previous errors
kablam! 
kablam! error: Could not compile `term-painter`.
kablam! 
kablam! To learn more, run the command again with --verbose.
boom! running `docker rm -f 4802f06bdc9e997a87c9244cb7b0827d119ce5d6b4cb735393f3252a7345b209`
blam! 4802f06bdc9e997a87c9244cb7b0827d119ce5d6b4cb735393f3252a7345b209
