boom! testing cryptominisat-5.0.1 against nightly for nightly
boom! running: cargo +nightly build --frozen
boom! creating container for: cargo +nightly build --frozen
boom! running `docker create -v /home/ec2-user/cargobomb/./work/local/test-source/nightly/nightly:/source:ro -v /home/ec2-user/cargobomb/./work/local/cargo-home:/cargo-home:ro -v /home/ec2-user/cargobomb/./work/local/rustup-home:/rustup-home:ro -v /home/ec2-user/cargobomb/./work/local/target-dirs/nightly/nightly:/target:rw -e USER_ID=500 -e CMD=cargo +nightly build --frozen cargobomb`
blam! e1144e844df48f703fdb97af8389a52add7975ff393ebb37d263d9583ed03d5e
boom! running `docker start -a e1144e844df48f703fdb97af8389a52add7975ff393ebb37d263d9583ed03d5e`
kablam!    Compiling cryptominisat v5.0.1 (file:///source)
kablam! error: failed to run custom build command for `cryptominisat v5.0.1 (file:///source)`
kablam! process didn't exit successfully: `/target/debug/build/cryptominisat-4830c93092c014cd/build-script-build` (exit code: 101)
kablam! --- stdout
kablam! running: "cmake" "/source/cryptominisat" "-DCMAKE_INSTALL_PREFIX=/target/debug/build/cryptominisat-edf9c7998f557c85/out" "-DCMAKE_C_FLAGS= -ffunction-sections -fdata-sections -fPIC -m64" "-DCMAKE_C_COMPILER=/usr/bin/cc" "-DCMAKE_CXX_FLAGS= -ffunction-sections -fdata-sections -fPIC -m64" "-DCMAKE_CXX_COMPILER=/usr/bin/c++" "-DCMAKE_BUILD_TYPE=Debug"
kablam! -- Doing a Debug build
kablam! -- The C compiler identification is GNU 5.2.1
kablam! -- The CXX compiler identification is GNU 5.2.1
kablam! -- Check for working C compiler: /usr/bin/cc
kablam! -- Check for working C compiler: /usr/bin/cc -- works
kablam! -- Detecting C compiler ABI info
kablam! -- Detecting C compiler ABI info - done
kablam! -- Detecting C compile features
kablam! -- Detecting C compile features - done
kablam! -- Check for working CXX compiler: /usr/bin/c++
kablam! -- Check for working CXX compiler: /usr/bin/c++ -- works
kablam! -- Detecting CXX compiler ABI info
kablam! -- Detecting CXX compiler ABI info - done
kablam! -- Detecting CXX compile features
kablam! -- Detecting CXX compile features - done
kablam! -- build type is Debug
kablam! -- No pthread will be used
kablam! -- Performing Test HAVE_FLAG_-Wall
kablam! -- Performing Test HAVE_FLAG_-Wall - Success
kablam! -- flag -Wall supported
kablam! -- Performing Test HAVE_FLAG_-Wextra
kablam! -- Performing Test HAVE_FLAG_-Wextra - Success
kablam! -- flag -Wextra supported
kablam! -- Performing Test HAVE_FLAG_-Wunused
kablam! -- Performing Test HAVE_FLAG_-Wunused - Success
kablam! -- flag -Wunused supported
kablam! -- Performing Test HAVE_FLAG_-pedantic
kablam! -- Performing Test HAVE_FLAG_-pedantic - Success
kablam! -- flag -pedantic supported
kablam! -- Performing Test HAVE_FLAG_-Wsign-compare
kablam! -- Performing Test HAVE_FLAG_-Wsign-compare - Success
kablam! -- flag -Wsign-compare supported
kablam! -- Performing Test HAVE_FLAG_-fno-omit-frame-pointer
kablam! -- Performing Test HAVE_FLAG_-fno-omit-frame-pointer - Success
kablam! -- flag -fno-omit-frame-pointer supported
kablam! -- Performing Test HAVE_FLAG_-Wtype-limits
kablam! -- Performing Test HAVE_FLAG_-Wtype-limits - Success
kablam! -- flag -Wtype-limits supported
kablam! -- Performing Test HAVE_FLAG_-Wuninitialized
kablam! -- Performing Test HAVE_FLAG_-Wuninitialized - Success
kablam! -- flag -Wuninitialized supported
kablam! -- Performing Test HAVE_FLAG_-Wno-deprecated
kablam! -- Performing Test HAVE_FLAG_-Wno-deprecated - Success
kablam! -- flag -Wno-deprecated supported
kablam! -- Performing Test HAVE_FLAG_-Wstrict-aliasing
kablam! -- Performing Test HAVE_FLAG_-Wstrict-aliasing - Success
kablam! -- flag -Wstrict-aliasing supported
kablam! -- Performing Test HAVE_FLAG_-Wpointer-arith
kablam! -- Performing Test HAVE_FLAG_-Wpointer-arith - Success
kablam! -- flag -Wpointer-arith supported
kablam! -- Performing Test HAVE_FLAG_-Wheader-guard
kablam! -- Performing Test HAVE_FLAG_-Wheader-guard - Failed
kablam! -- flag -Wheader-guard NOT supported
kablam! -- Performing Test HAVE_FLAG_-fvisibility=hidden
kablam! -- Performing Test HAVE_FLAG_-fvisibility=hidden - Success
kablam! -- flag -fvisibility=hidden supported
kablam! -- flag -Wpointer-arith supported
kablam! -- Performing Test HAVE_FLAG_-Wformat-nonliteral
kablam! -- Performing Test HAVE_FLAG_-Wformat-nonliteral - Success
kablam! -- flag -Wformat-nonliteral supported
kablam! -- Performing Test HAVE_FLAG_-Winit-self
kablam! -- Performing Test HAVE_FLAG_-Winit-self - Success
kablam! -- flag -Winit-self supported
kablam! -- Performing Test HAVE_FLAG_-Wparentheses
kablam! -- Performing Test HAVE_FLAG_-Wparentheses - Success
kablam! -- flag -Wparentheses supported
kablam! -- Performing Test HAVE_FLAG_-Wunreachable-code
kablam! -- Performing Test HAVE_FLAG_-Wunreachable-code - Success
kablam! -- flag -Wunreachable-code supported
kablam! -- Performing Test HAVE_FLAG_-ggdb3
kablam! -- Performing Test HAVE_FLAG_-ggdb3 - Success
kablam! -- flag -ggdb3 supported
kablam! -- Compiling for dynamic library use
kablam! -- PROJECT_VERSION: 5.0.1
kablam! -- PROJECT_VERSION_MAJOR: 5
kablam! -- PROJECT_VERSION_MINOR: 0
kablam! -- PROJECT_VERSION_PATCH: 1
kablam! -- Could NOT find Boost
kablam! -- Looking for include file pthread.h
kablam! -- Looking for include file pthread.h - found
kablam! -- Looking for pthread_create
kablam! -- Looking for pthread_create - not found
kablam! -- Looking for pthread_create in pthreads
kablam! -- Looking for pthread_create in pthreads - not found
kablam! -- Looking for pthread_create in pthread
kablam! -- Looking for pthread_create in pthread - found
kablam! -- Found Threads: TRUE  
kablam! -- Not compiling detailed statistics. Leads to faster system
kablam! -- Found ZLIB: /usr/lib/x86_64-linux-gnu/libz.so (found version "1.2.8") 
kablam! -- OK, Found ZLIB!
kablam! -- Valgrind Prefix: 
kablam! -- Could NOT find VALGRIND (missing:  VALGRIND_INCLUDE_DIR VALGRIND_PROGRAM) 
kablam! -- Cannot find valgrind or it's disabled, we will not be able to mark memory pool objects as undefined
kablam! -- Found PkgConfig: /usr/bin/pkg-config (found version "0.28") 
kablam! -- Could NOT find m4ri (missing:  M4RI_LIBRARIES M4RI_INCLUDE_DIRS) 
kablam! -- All defines at startup:  -DUSE_PTHREADS -DBOOST_TEST_DYN_LINK -DUSE_ZLIB
kablam! -- Found PythonInterp: /usr/bin/python2.7 (found suitable version "2.7.10", minimum required is "2.7") 
kablam! -- Could NOT find PythonLibs (missing:  PYTHON_LIBRARIES PYTHON_INCLUDE_DIRS) (Required is at least version "2.7")
kablam! -- Only building executable with few command-line options because the boost program_options library were not available
kablam! -- Performing Test COMPILER_HAS_HIDDEN_VISIBILITY
kablam! -- Performing Test COMPILER_HAS_HIDDEN_VISIBILITY - Success
kablam! -- Performing Test COMPILER_HAS_HIDDEN_INLINE_VISIBILITY
kablam! -- Performing Test COMPILER_HAS_HIDDEN_INLINE_VISIBILITY - Success
kablam! -- Performing Test COMPILER_HAS_DEPRECATED_ATTR
kablam! -- Performing Test COMPILER_HAS_DEPRECATED_ATTR - Success
kablam! -- Configuring done
kablam! -- Generating done
kablam! -- Build files have been written to: /target/debug/build/cryptominisat-edf9c7998f557c85/out/build
kablam! running: "cmake" "--build" "." "--target" "install" "--config" "Debug" "--" "-j4"
kablam! Scanning dependencies of target CopyPublicHeaders
kablam! Scanning dependencies of target tablestruct
kablam! [  2%] Copying cryptominisat_c.h to /target/debug/build/cryptominisat-edf9c7998f557c85/out/build/include/cryptominisat5
kablam! Generating sql_tablestructure.cpp
kablam! cmsat5-src/CMakeFiles/tablestruct.dir/build.make:51: recipe for target 'cmsat5-src/sql_tablestructure.cpp' failed
kablam! CMakeFiles/Makefile2:217: recipe for target 'cmsat5-src/CMakeFiles/tablestruct.dir/all' failed
kablam! Copying cryptominisat.h to /target/debug/build/cryptominisat-edf9c7998f557c85/out/build/include/cryptominisat5
kablam! Copying solvertypesmini.h to /target/debug/build/cryptominisat-edf9c7998f557c85/out/build/include/cryptominisat5
kablam! [  2%] Built target CopyPublicHeaders
kablam! Makefile:116: recipe for target 'all' failed
kablam! 
kablam! --- stderr
kablam! CMake Warning at CMakeLists.txt:365 (MESSAGE):
kablam!   Did not find M4RI, XOR detection&manipulation disabled
kablam! 
kablam! 
kablam! CMake Warning at CMakeLists.txt:419 (message):
kablam!   Cannot find python interpreter, libs and header files, cannot build python
kablam!   interface
kablam! 
kablam! 
kablam! CMake Warning at CMakeLists.txt:481 (message):
kablam!   Testing is disabled
kablam! 
kablam! 
kablam! /bin/sh: 1: xxd: not found
kablam! make[2]: *** [cmsat5-src/sql_tablestructure.cpp] Error 127
kablam! make[1]: *** [cmsat5-src/CMakeFiles/tablestruct.dir/all] Error 2
kablam! make[1]: *** Waiting for unfinished jobs....
kablam! make: *** [all] Error 2
kablam! thread 'main' panicked at '
kablam! command did not execute successfully, got: exit code: 2
kablam! 
kablam! build script failed, must exit now', /cargo-home/registry/src/github.com-1ecc6299db9ec823/cmake-0.1.22/src/lib.rs:617
kablam! note: Run with `RUST_BACKTRACE=1` for a backtrace.
kablam! 
boom! running `docker rm -f e1144e844df48f703fdb97af8389a52add7975ff393ebb37d263d9583ed03d5e`
blam! e1144e844df48f703fdb97af8389a52add7975ff393ebb37d263d9583ed03d5e
