boom! testing progress-0.2.0 against stable for nightly
boom! running: cargo +stable build --frozen
boom! creating container for: cargo +stable build --frozen
boom! running `docker create -v /home/ec2-user/cargobomb/./work/local/test-source/nightly/stable:/source:ro -v /home/ec2-user/cargobomb/./work/local/cargo-home:/cargo-home:ro -v /home/ec2-user/cargobomb/./work/local/rustup-home:/rustup-home:ro -v /home/ec2-user/cargobomb/./work/local/target-dirs/nightly/stable:/target:rw -e USER_ID=500 -e CMD=cargo +stable build --frozen cargobomb`
blam! 57fec57307d89360749790a9fbe72313b8c993a8b9c81b598eaf26ddd3a43f50
boom! running `docker start -a 57fec57307d89360749790a9fbe72313b8c993a8b9c81b598eaf26ddd3a43f50`
kablam!    Compiling progress v0.2.0 (file:///source)
kablam!     Finished debug [unoptimized + debuginfo] target(s) in 0.60 secs
boom! running `docker rm -f 57fec57307d89360749790a9fbe72313b8c993a8b9c81b598eaf26ddd3a43f50`
blam! 57fec57307d89360749790a9fbe72313b8c993a8b9c81b598eaf26ddd3a43f50
boom! running: cargo +stable test --frozen --no-run
boom! creating container for: cargo +stable test --frozen --no-run
boom! running `docker create -v /home/ec2-user/cargobomb/./work/local/test-source/nightly/stable:/source:ro -v /home/ec2-user/cargobomb/./work/local/cargo-home:/cargo-home:ro -v /home/ec2-user/cargobomb/./work/local/rustup-home:/rustup-home:ro -v /home/ec2-user/cargobomb/./work/local/target-dirs/nightly/stable:/target:rw -e USER_ID=500 -e CMD=cargo +stable test --frozen --no-run cargobomb`
blam! 0d3f4f7bef33f805503ebe34ad18a7376c967c0dfc598029366c29910b68d00a
boom! running `docker start -a 0d3f4f7bef33f805503ebe34ad18a7376c967c0dfc598029366c29910b68d00a`
kablam!    Compiling progress v0.2.0 (file:///source)
kablam! warning: use of deprecated item: replaced by `std::thread::sleep`, #[warn(deprecated)] on by default
kablam!   --> examples/simple_examples.rs:12:9
kablam!    |
kablam! 12 |         thread::sleep_ms(1000);
kablam!    |         ^^^^^^^^^^^^^^^^
kablam! 
kablam! warning: use of deprecated item: replaced by `std::thread::sleep`, #[warn(deprecated)] on by default
kablam!   --> examples/simple_examples.rs:16:9
kablam!    |
kablam! 16 |         thread::sleep_ms(1000);
kablam!    |         ^^^^^^^^^^^^^^^^
kablam! 
kablam! warning: use of deprecated item: replaced by `std::thread::sleep`, #[warn(deprecated)] on by default
kablam!   --> examples/simple_examples.rs:20:9
kablam!    |
kablam! 20 |         thread::sleep_ms(1000);
kablam!    |         ^^^^^^^^^^^^^^^^
kablam! 
kablam! warning: use of deprecated item: replaced by `std::thread::sleep`, #[warn(deprecated)] on by default
kablam!   --> examples/simple_examples.rs:24:9
kablam!    |
kablam! 24 |         thread::sleep_ms(1000);
kablam!    |         ^^^^^^^^^^^^^^^^
kablam! 
kablam! warning: use of deprecated item: replaced by `std::thread::sleep`, #[warn(deprecated)] on by default
kablam!   --> examples/simple_examples.rs:28:9
kablam!    |
kablam! 28 |         thread::sleep_ms(1000);
kablam!    |         ^^^^^^^^^^^^^^^^
kablam! 
kablam! warning: use of deprecated item: replaced by `std::thread::sleep`, #[warn(deprecated)] on by default
kablam!   --> examples/simple_examples.rs:35:9
kablam!    |
kablam! 35 |         thread::sleep_ms(30);
kablam!    |         ^^^^^^^^^^^^^^^^
kablam! 
kablam! warning: use of deprecated item: replaced by `std::thread::sleep`, #[warn(deprecated)] on by default
kablam!   --> examples/simple_examples.rs:43:9
kablam!    |
kablam! 43 |         thread::sleep_ms(5);
kablam!    |         ^^^^^^^^^^^^^^^^
kablam! 
kablam!     Finished debug [unoptimized + debuginfo] target(s) in 1.55 secs
boom! running `docker rm -f 0d3f4f7bef33f805503ebe34ad18a7376c967c0dfc598029366c29910b68d00a`
blam! 0d3f4f7bef33f805503ebe34ad18a7376c967c0dfc598029366c29910b68d00a
boom! running: cargo +stable test --frozen
boom! creating container for: cargo +stable test --frozen
boom! running `docker create -v /home/ec2-user/cargobomb/./work/local/test-source/nightly/stable:/source:ro -v /home/ec2-user/cargobomb/./work/local/cargo-home:/cargo-home:ro -v /home/ec2-user/cargobomb/./work/local/rustup-home:/rustup-home:ro -v /home/ec2-user/cargobomb/./work/local/target-dirs/nightly/stable:/target:rw -e USER_ID=500 -e CMD=cargo +stable test --frozen cargobomb`
blam! 3244edb027ea5e2987581ac1029a521d38b2e6ac5b5f4458dcd0adbc794e2653
boom! running `docker start -a 3244edb027ea5e2987581ac1029a521d38b2e6ac5b5f4458dcd0adbc794e2653`
kablam!     Finished debug [unoptimized + debuginfo] target(s) in 0.0 secs
kablam!      Running /target/debug/deps/progress-5012acc0ddf41edb
blam! 
blam! running 0 tests
blam! 
blam! test result: ok. 0 passed; 0 failed; 0 ignored; 0 measured
blam! 
kablam!    Doc-tests progress
blam! 
blam! running 5 tests
blam! test Bar_0 ... FAILED
blam! test _0 ... FAILED
blam! test Text_0 ... ok
blam! test BarBuilder_0 ... ok
blam! test SpinningCircle_0 ... ok
blam! 
blam! failures:
blam! 
blam! ---- Bar_0 stdout ----
blam! 	error: cannot borrow immutable local variable `bar` as mutable
blam!  --> <anon>:8:5
blam!   |
blam! 6 |     let bar = progress::Bar::new();
blam!   |         --- use `mut bar` here to make mutable
blam! 7 | 
blam! 8 |     bar.set_job_title("Working...");
blam!   |     ^^^ cannot borrow mutably
blam! 
blam! error: cannot borrow immutable local variable `bar` as mutable
blam!   --> <anon>:12:9
blam!    |
blam! 6  |     let bar = progress::Bar::new();
blam!    |         --- use `mut bar` here to make mutable
blam! ...
blam! 12 |         bar.reach_percent(i * 10);
blam!    |         ^^^ cannot borrow mutably
blam! 
blam! error: aborting due to previous error(s)
blam! 
blam! thread 'Bar_0' panicked at 'Box<Any>', ../src/librustc/session/mod.rs:191
blam! note: Run with `RUST_BACKTRACE=1` for a backtrace.
blam! 
blam! ---- _0 stdout ----
blam! 	error: expected one of `.`, `;`, `?`, `}`, or an operator, found `progress`
blam!  --> <anon>:4:1
blam!   |
blam! 4 | progress = "0.1.0"
blam!   | ^^^^^^^^
blam! 
blam! error[E0425]: unresolved name `dependencies`
blam!  --> <anon>:3:2
blam!   |
blam! 3 | [dependencies]
blam!   |  ^^^^^^^^^^^^ unresolved name
blam! 
blam! error[E0308]: mismatched types
blam!  --> <anon>:3:1
blam!   |
blam! 3 | [dependencies]
blam!   | ^^^^^^^^^^^^^^ expected (), found array of 1 elements
blam!   |
blam!   = note: expected type `()`
blam!   = note:    found type `[_; 1]`
blam! 
blam! error: aborting due to previous error(s)
blam! 
blam! thread '_0' panicked at 'Box<Any>', ../src/librustc/session/mod.rs:191
blam! 
blam! 
blam! failures:
blam!     Bar_0
blam!     _0
blam! 
blam! test result: FAILED. 3 passed; 2 failed; 0 ignored; 0 measured
blam! 
kablam! error: test failed
boom! running `docker rm -f 3244edb027ea5e2987581ac1029a521d38b2e6ac5b5f4458dcd0adbc794e2653`
blam! 3244edb027ea5e2987581ac1029a521d38b2e6ac5b5f4458dcd0adbc794e2653
