boom! testing tozny_auth-1.1.0 against nightly for nightly
boom! running: cargo +nightly build --frozen
boom! creating container for: cargo +nightly build --frozen
boom! running `docker create -v /home/ec2-user/cargobomb/./work/local/test-source/nightly/nightly:/source:ro -v /home/ec2-user/cargobomb/./work/local/cargo-home:/cargo-home:ro -v /home/ec2-user/cargobomb/./work/local/rustup-home:/rustup-home:ro -v /home/ec2-user/cargobomb/./work/local/target-dirs/nightly/nightly:/target:rw -e USER_ID=500 -e CMD=cargo +nightly build --frozen cargobomb`
blam! c951b3bdc5525453b62d25b5e86bf4617e03415777ad8a3ac7117947b485145e
boom! running `docker start -a c951b3bdc5525453b62d25b5e86bf4617e03415777ad8a3ac7117947b485145e`
blam! Build failed, waiting for other jobs to finish...
kablam!    Compiling log v0.2.5
kablam!    Compiling openssl-sys v0.9.6
kablam! error: failed to run custom build command for `openssl-sys v0.9.6`
kablam! process didn't exit successfully: `/target/debug/build/openssl-sys-8f353426b0923d0a/build-script-build` (exit code: 101)
kablam! --- stderr
kablam! thread 'main' panicked at '
kablam! 
kablam! Could not find directory of OpenSSL installation, and this `-sys` crate cannot
kablam! proceed without this knowledge. If OpenSSL is installed and this crate had
kablam! trouble finding it,  you can set the `OPENSSL_DIR` environment variable for the
kablam! compilation process.
kablam! 
kablam! If you're in a situation where you think the directory *should* be found
kablam! automatically, please open a bug at https://github.com/sfackler/rust-openssl
kablam! and include information about your system as well as this message.
kablam! 
kablam!     $HOST = x86_64-unknown-linux-gnu
kablam!     $TARGET = x86_64-unknown-linux-gnu
kablam!     openssl-sys = 0.9.6
kablam! 
kablam! 
kablam! It looks like you're compiling on Linux and also targeting Linux. Currently this
kablam! requires the `pkg-config` utility to find OpenSSL but unfortunately `pkg-config`
kablam! could not be found. If you have OpenSSL installed you can likely fix this by
kablam! installing `pkg-config`.
kablam! 
kablam! ', /cargo-home/registry/src/github.com-1ecc6299db9ec823/openssl-sys-0.9.6/build.rs:150
kablam! note: Run with `RUST_BACKTRACE=1` for a backtrace.
kablam! 
kablam! error[E0425]: cannot find function `at_exit` in module `rt`
kablam!    --> /cargo-home/registry/src/github.com-1ecc6299db9ec823/log-0.2.5/src/lib.rs:535:5
kablam!     |
kablam! 535 |     rt::at_exit(|| {
kablam!     |     ^^^^^^^^^^^ not found in `rt`
kablam! 
kablam! error: use of unstable library feature 'rt': this public module should not exist and is highly likely to disappear (see issue #0)
kablam!    --> /cargo-home/registry/src/github.com-1ecc6299db9ec823/log-0.2.5/src/lib.rs:153:5
kablam!     |
kablam! 153 | use std::rt;
kablam!     |     ^^^^^^^
kablam!     |
kablam!     = help: add #![feature(rt)] to the crate attributes to enable
kablam! 
kablam! error: aborting due to 2 previous errors
kablam! 
kablam! error: build failed
boom! running `docker rm -f c951b3bdc5525453b62d25b5e86bf4617e03415777ad8a3ac7117947b485145e`
blam! c951b3bdc5525453b62d25b5e86bf4617e03415777ad8a3ac7117947b485145e
