boom! testing uio-0.1.1 against beta for beta
boom! running: cargo +beta build --frozen
boom! creating container for: cargo +beta build --frozen
boom! running `docker create -v /home/ec2-user/cargobomb/./work/local/test-source/beta/beta:/source:ro -v /home/ec2-user/cargobomb/./work/local/cargo-home:/cargo-home:ro -v /home/ec2-user/cargobomb/./work/local/rustup-home:/rustup-home:ro -v /home/ec2-user/cargobomb/./work/local/target-dirs/beta/beta:/target:rw -e USER_ID=500 -e CMD=cargo +beta build --frozen cargobomb`
blam! b18f587d17cbe95e7ab3a3706aba6727f26d71563a65e97ee47b5c7c09ee0e59
boom! running `docker start -a b18f587d17cbe95e7ab3a3706aba6727f26d71563a65e97ee47b5c7c09ee0e59`
kablam!    Compiling uio v0.1.1 (file:///source)
kablam! warning: unused import: `std::error::Error`, #[warn(unused_imports)] on by default
kablam!  --> src/linux.rs:7:5
kablam!   |
kablam! 7 | use std::error::Error;
kablam!   |     ^^^^^^^^^^^^^^^^^
kablam! 
kablam!     Finished dev [unoptimized + debuginfo] target(s) in 0.88 secs
boom! running `docker rm -f b18f587d17cbe95e7ab3a3706aba6727f26d71563a65e97ee47b5c7c09ee0e59`
blam! b18f587d17cbe95e7ab3a3706aba6727f26d71563a65e97ee47b5c7c09ee0e59
boom! running: cargo +beta test --frozen --no-run
boom! creating container for: cargo +beta test --frozen --no-run
boom! running `docker create -v /home/ec2-user/cargobomb/./work/local/test-source/beta/beta:/source:ro -v /home/ec2-user/cargobomb/./work/local/cargo-home:/cargo-home:ro -v /home/ec2-user/cargobomb/./work/local/rustup-home:/rustup-home:ro -v /home/ec2-user/cargobomb/./work/local/target-dirs/beta/beta:/target:rw -e USER_ID=500 -e CMD=cargo +beta test --frozen --no-run cargobomb`
blam! 37df7857bea5fe2f78aac395678bed0587dadb759e64a7666e64000408c41d0a
boom! running `docker start -a 37df7857bea5fe2f78aac395678bed0587dadb759e64a7666e64000408c41d0a`
kablam!    Compiling uio v0.1.1 (file:///source)
kablam! warning: unused import: `std::error::Error`, #[warn(unused_imports)] on by default
kablam!  --> src/linux.rs:7:5
kablam!   |
kablam! 7 | use std::error::Error;
kablam!   |     ^^^^^^^^^^^^^^^^^
kablam! 
kablam! warning: unused variable: `f`, #[warn(unused_variables)] on by default
kablam!    --> src/linux.rs:193:16
kablam!     |
kablam! 193 |             Ok(f) => (),
kablam!     |                ^
kablam! 
kablam! warning: variable does not need to be mutable, #[warn(unused_mut)] on by default
kablam!    --> src/linux.rs:211:13
kablam!     |
kablam! 211 |         let mut res = ::linux::UioDevice::new(0).unwrap();
kablam!     |             ^^^^^^^
kablam! 
kablam! warning: unused variable: `f`, #[warn(unused_variables)] on by default
kablam!    --> src/linux.rs:215:16
kablam!     |
kablam! 215 |             Ok(f) => (),
kablam!     |                ^
kablam! 
kablam! warning: unused variable: `f`, #[warn(unused_variables)] on by default
kablam!    --> src/linux.rs:226:16
kablam!     |
kablam! 226 |             Ok(f) => (),
kablam!     |                ^
kablam! 
kablam!     Finished dev [unoptimized + debuginfo] target(s) in 1.54 secs
boom! running `docker rm -f 37df7857bea5fe2f78aac395678bed0587dadb759e64a7666e64000408c41d0a`
blam! 37df7857bea5fe2f78aac395678bed0587dadb759e64a7666e64000408c41d0a
boom! running: cargo +beta test --frozen
boom! creating container for: cargo +beta test --frozen
boom! running `docker create -v /home/ec2-user/cargobomb/./work/local/test-source/beta/beta:/source:ro -v /home/ec2-user/cargobomb/./work/local/cargo-home:/cargo-home:ro -v /home/ec2-user/cargobomb/./work/local/rustup-home:/rustup-home:ro -v /home/ec2-user/cargobomb/./work/local/target-dirs/beta/beta:/target:rw -e USER_ID=500 -e CMD=cargo +beta test --frozen cargobomb`
blam! 8d83c3a6679ab8774eb347b899a2b62a6e68fb13f944b9789659bb4b915cdb07
boom! running `docker start -a 8d83c3a6679ab8774eb347b899a2b62a6e68fb13f944b9789659bb4b915cdb07`
kablam!     Finished dev [unoptimized + debuginfo] target(s) in 0.0 secs
kablam!      Running /target/debug/deps/uio-b94c9041dfc97112
kablam! error: test failed
blam! 
blam! running 4 tests
blam! test linux::tests::print_info ... FAILED
blam! test linux::tests::open ... FAILED
blam! test linux::tests::map ... FAILED
blam! test linux::tests::bar_info ... FAILED
blam! 
blam! failures:
blam! 
blam! ---- linux::tests::print_info stdout ----
blam! 	thread 'linux::tests::print_info' panicked at 'called `Result::unwrap()` on an `Err` value: Error { repr: Os { code: 2, message: "No such file or directory" } }', /buildslave/rust-buildbot/slave/beta-dist-rustc-linux/build/src/libcore/result.rs:868
blam! note: Run with `RUST_BACKTRACE=1` for a backtrace.
blam! 
blam! ---- linux::tests::open stdout ----
blam! 	thread 'linux::tests::open' panicked at 'Can not open device /dev/uio0: No such file or directory (os error 2)', src/linux.rs:192
blam! 
blam! ---- linux::tests::map stdout ----
blam! 	thread 'linux::tests::map' panicked at 'called `Result::unwrap()` on an `Err` value: Error { repr: Os { code: 2, message: "No such file or directory" } }', /buildslave/rust-buildbot/slave/beta-dist-rustc-linux/build/src/libcore/result.rs:868
blam! 
blam! ---- linux::tests::bar_info stdout ----
blam! 	thread 'linux::tests::bar_info' panicked at 'called `Result::unwrap()` on an `Err` value: Error { repr: Os { code: 2, message: "No such file or directory" } }', /buildslave/rust-buildbot/slave/beta-dist-rustc-linux/build/src/libcore/result.rs:868
blam! 
blam! 
blam! failures:
blam!     linux::tests::bar_info
blam!     linux::tests::map
blam!     linux::tests::open
blam!     linux::tests::print_info
blam! 
blam! test result: FAILED. 0 passed; 4 failed; 0 ignored; 0 measured
blam! 
boom! running `docker rm -f 8d83c3a6679ab8774eb347b899a2b62a6e68fb13f944b9789659bb4b915cdb07`
blam! 8d83c3a6679ab8774eb347b899a2b62a6e68fb13f944b9789659bb4b915cdb07
