boom! testing irs-0.1.0 against stable for nightly
boom! running: cargo +stable build --frozen
boom! creating container for: cargo +stable build --frozen
boom! running `docker create -v /home/ec2-user/cargobomb/./work/local/test-source/nightly/stable:/source:ro -v /home/ec2-user/cargobomb/./work/local/cargo-home:/cargo-home:ro -v /home/ec2-user/cargobomb/./work/local/rustup-home:/rustup-home:ro -v /home/ec2-user/cargobomb/./work/local/target-dirs/nightly/stable:/target:rw -e USER_ID=500 -e CMD=cargo +stable build --frozen cargobomb`
blam! 7bae538e88fafd421ca951a5922fb41b3f05123997200d3891b6024c35c7121b
boom! running `docker start -a 7bae538e88fafd421ca951a5922fb41b3f05123997200d3891b6024c35c7121b`
kablam!    Compiling ncurses v5.85.0
kablam!    Compiling cursive v0.3.7
blam! Build failed, waiting for other jobs to finish...
kablam! error: failed to run custom build command for `ncurses v5.85.0`
kablam! process didn't exit successfully: `/target/debug/build/ncurses-8ca1d58124bf8761/build-script-build` (exit code: 101)
kablam! --- stdout
kablam! OPT_LEVEL = Some("0")
kablam! TARGET = Some("x86_64-unknown-linux-gnu")
kablam! HOST = Some("x86_64-unknown-linux-gnu")
kablam! TARGET = Some("x86_64-unknown-linux-gnu")
kablam! TARGET = Some("x86_64-unknown-linux-gnu")
kablam! HOST = Some("x86_64-unknown-linux-gnu")
kablam! CC_x86_64-unknown-linux-gnu = None
kablam! CC_x86_64_unknown_linux_gnu = None
kablam! HOST_CC = None
kablam! CC = None
kablam! HOST = Some("x86_64-unknown-linux-gnu")
kablam! TARGET = Some("x86_64-unknown-linux-gnu")
kablam! HOST = Some("x86_64-unknown-linux-gnu")
kablam! CFLAGS_x86_64-unknown-linux-gnu = None
kablam! CFLAGS_x86_64_unknown_linux_gnu = None
kablam! HOST_CFLAGS = None
kablam! CFLAGS = None
kablam! PROFILE = Some("debug")
kablam! 
kablam! --- stderr
kablam! /target/debug/build/ncurses-725c7891946537f4/out/chtype_size.c:6:21: fatal error: ncurses.h: No such file or directory
kablam! compilation terminated.
kablam! thread 'main' panicked at '/target/debug/build/ncurses-725c7891946537f4/out/chtype_size failed: Error { repr: Os { code: 2, message: "No such file or directory" } }', /buildslave/rust-buildbot/slave/stable-dist-rustc-linux/build/src/libcore/result.rs:868
kablam! note: Run with `RUST_BACKTRACE=1` for a backtrace.
kablam! 
kablam! error: build failed
boom! running `docker rm -f 7bae538e88fafd421ca951a5922fb41b3f05123997200d3891b6024c35c7121b`
blam! 7bae538e88fafd421ca951a5922fb41b3f05123997200d3891b6024c35c7121b
