boom! testing rustorm-0.6.0 against stable for beta
boom! running: cargo +stable build --frozen
boom! creating container for: cargo +stable build --frozen
boom! running `docker create -v /home/ec2-user/cargobomb/./work/local/test-source/beta/stable:/source:ro -v /home/ec2-user/cargobomb/./work/local/cargo-home:/cargo-home:ro -v /home/ec2-user/cargobomb/./work/local/rustup-home:/rustup-home:ro -v /home/ec2-user/cargobomb/./work/local/target-dirs/beta/stable:/target:rw -e USER_ID=500 -e CMD=cargo +stable build --frozen cargobomb`
blam! 3d6ed5f9de549804d3cffc29e7451931f4d9009dd224765168e70b1c40c98f41
boom! running `docker start -a 3d6ed5f9de549804d3cffc29e7451931f4d9009dd224765168e70b1c40c98f41`
kablam!    Compiling uuid v0.3.1
kablam!    Compiling chrono v0.2.25
kablam!    Compiling postgres v0.11.11
kablam!    Compiling r2d2_postgres v0.10.1
kablam!    Compiling rustorm v0.6.0 (file:///source)
kablam!     Finished debug [unoptimized + debuginfo] target(s) in 20.26 secs
boom! running `docker rm -f 3d6ed5f9de549804d3cffc29e7451931f4d9009dd224765168e70b1c40c98f41`
blam! 3d6ed5f9de549804d3cffc29e7451931f4d9009dd224765168e70b1c40c98f41
boom! running: cargo +stable test --frozen --no-run
boom! creating container for: cargo +stable test --frozen --no-run
boom! running `docker create -v /home/ec2-user/cargobomb/./work/local/test-source/beta/stable:/source:ro -v /home/ec2-user/cargobomb/./work/local/cargo-home:/cargo-home:ro -v /home/ec2-user/cargobomb/./work/local/rustup-home:/rustup-home:ro -v /home/ec2-user/cargobomb/./work/local/target-dirs/beta/stable:/target:rw -e USER_ID=500 -e CMD=cargo +stable test --frozen --no-run cargobomb`
blam! d2760eaccd46912b39d507b89aef3429b5ac66628fd7076f59b04544de26fd4c
boom! running `docker start -a d2760eaccd46912b39d507b89aef3429b5ac66628fd7076f59b04544de26fd4c`
kablam!    Compiling rustorm v0.6.0 (file:///source)
kablam! error[E0433]: failed to resolve. Use of undeclared type or module `json`
kablam!    --> src/dao.rs:220:20
kablam!     |
kablam! 220 |     let dao_json = json::encode(&dao).unwrap();
kablam!     |                    ^^^^^^^^^^^^ Use of undeclared type or module `json`
kablam! 
kablam! error[E0433]: failed to resolve. Use of undeclared type or module `json`
kablam!    --> src/dao.rs:222:20
kablam!     |
kablam! 222 |     let dec: Dao = json::decode(&dao_json).unwrap();
kablam!     |                    ^^^^^^^^^^^^ Use of undeclared type or module `json`
kablam! 
kablam! error[E0432]: unresolved import `rustorm::pool::Platform`
kablam!  --> tests/test_simple.rs:8:5
kablam!   |
kablam! 8 | use rustorm::pool::Platform;
kablam!   |     ^^^^^^^^^^^^^^^^^^^^^^^ Could not find `pool` in `rustorm`
kablam! 
kablam! error[E0432]: unresolved import `rustorm::platform::Postgres`
kablam!  --> tests/test_simple.rs:9:5
kablam!   |
kablam! 9 | use rustorm::platform::Postgres;
kablam!   |     ^^^^^^^^^^^^^^^^^^^^^^^^^^^ no `Postgres` in `platform`
kablam! 
kablam! error: aborting due to 2 previous errors
kablam! 
blam! Build failed, waiting for other jobs to finish...
kablam! error[E0432]: unresolved import `rustorm::platform::Postgres`
kablam!  --> examples/simple_query.rs:9:5
kablam!   |
kablam! 9 | use rustorm::platform::Postgres;
kablam!   |     ^^^^^^^^^^^^^^^^^^^^^^^^^^^ no `Postgres` in `platform`
kablam! 
kablam! error[E0425]: unresolved name `pool::db_with_url`
kablam!   --> examples/simple_query.rs:14:14
kablam!    |
kablam! 14 |     let db = pool::db_with_url("postgres://postgres:p0stgr3s@localhost/bazaar_v8").unwrap();
kablam!    |              ^^^^^^^^^^^^^^^^^ unresolved name
kablam! 
kablam! error: aborting due to 2 previous errors
kablam! 
blam! Build failed, waiting for other jobs to finish...
kablam! error: aborting due to 2 previous errors
kablam! 
kablam! error: Could not compile `rustorm`.
kablam! 
kablam! To learn more, run the command again with --verbose.
boom! running `docker rm -f d2760eaccd46912b39d507b89aef3429b5ac66628fd7076f59b04544de26fd4c`
blam! d2760eaccd46912b39d507b89aef3429b5ac66628fd7076f59b04544de26fd4c
boom! running: cargo +stable test --frozen
boom! creating container for: cargo +stable test --frozen
boom! running `docker create -v /home/ec2-user/cargobomb/./work/local/test-source/beta/stable:/source:ro -v /home/ec2-user/cargobomb/./work/local/cargo-home:/cargo-home:ro -v /home/ec2-user/cargobomb/./work/local/rustup-home:/rustup-home:ro -v /home/ec2-user/cargobomb/./work/local/target-dirs/beta/stable:/target:rw -e USER_ID=500 -e CMD=cargo +stable test --frozen cargobomb`
blam! 3732921698cc2d7a20c8cd11af6dd06b9af83d7f8d13df7b3e99b0e7f4a8bb43
boom! running `docker start -a 3732921698cc2d7a20c8cd11af6dd06b9af83d7f8d13df7b3e99b0e7f4a8bb43`
kablam!    Compiling rustorm v0.6.0 (file:///source)
kablam! error[E0432]: unresolved import `rustorm::platform::Postgres`
kablam!  --> examples/simple_query.rs:9:5
kablam!   |
kablam! 9 | use rustorm::platform::Postgres;
kablam!   |     ^^^^^^^^^^^^^^^^^^^^^^^^^^^ no `Postgres` in `platform`
kablam! 
kablam! error[E0425]: unresolved name `pool::db_with_url`
kablam!   --> examples/simple_query.rs:14:14
kablam!    |
kablam! 14 |     let db = pool::db_with_url("postgres://postgres:p0stgr3s@localhost/bazaar_v8").unwrap();
kablam!    |              ^^^^^^^^^^^^^^^^^ unresolved name
kablam! 
kablam! error: aborting due to 2 previous errors
kablam! 
blam! Build failed, waiting for other jobs to finish...
kablam! error[E0433]: failed to resolve. Use of undeclared type or module `json`
kablam!    --> src/dao.rs:220:20
kablam!     error[E0432]: unresolved import `rustorm::pool::Platform`
kablam!  --> tests/test_simple.rs:8:5
kablam!   |
kablam! 8 | use rustorm::pool::Platform;
kablam!   |     ^^^^^^^^^^^^^^^^^^^^^^^ Could not find `pool` in `rustorm`
kablam! 
kablam! error[E0432]: unresolved import `rustorm::platform::Postgres`
kablam!  --> tests/test_simple.rs:9:5
kablam!   |
kablam! 9 | use rustorm::platform::Postgres;
kablam!   |     ^^^^^^^^^^^^^^^^^^^^^^^^^^^ no `Postgres` in `platform`
kablam! 
kablam! |
kablam! 220 |     let dao_json = json::encode(&dao).unwrap();
kablam!     |                    ^^^^^^^^^^^^ Use of undeclared type or module `json`
kablam! 
kablam! error[E0433]: failed to resolve. Use of undeclared type or module `json`
kablam!    --> src/dao.rs:222:20
kablam!     |
kablam! 222 |     let dec: Dao = json::decode(&dao_json).unwrap();
kablam!     |                    ^^^^^^^^^^^^ Use of undeclared type or module `json`
kablam! 
kablam! error: aborting due to 2 previous errors
kablam! 
blam! Build failed, waiting for other jobs to finish...
kablam! error: aborting due to 2 previous errors
kablam! 
kablam! error: Could not compile `rustorm`.
kablam! 
kablam! To learn more, run the command again with --verbose.
boom! running `docker rm -f 3732921698cc2d7a20c8cd11af6dd06b9af83d7f8d13df7b3e99b0e7f4a8bb43`
blam! 3732921698cc2d7a20c8cd11af6dd06b9af83d7f8d13df7b3e99b0e7f4a8bb43
