boom! testing dbus-bytestream-0.1.3 against stable for beta
boom! running: cargo +stable build --frozen
boom! creating container for: cargo +stable build --frozen
boom! running `docker create -v /home/ec2-user/cargobomb/./work/local/test-source/beta/stable:/source:ro -v /home/ec2-user/cargobomb/./work/local/cargo-home:/cargo-home:ro -v /home/ec2-user/cargobomb/./work/local/rustup-home:/rustup-home:ro -v /home/ec2-user/cargobomb/./work/local/target-dirs/beta/stable:/target:rw -e USER_ID=500 -e CMD=cargo +stable build --frozen cargobomb`
blam! 57609818f29b0b3d53151ab6d807e12c7ea8e2b1cbd8c60681417d95c1cde30c
boom! running `docker start -a 57609818f29b0b3d53151ab6d807e12c7ea8e2b1cbd8c60681417d95c1cde30c`
kablam!    Compiling dbus-serialize v0.1.1
kablam!    Compiling unix_socket v0.4.6
kablam!    Compiling dbus-bytestream v0.1.3 (file:///source)
kablam!     Finished debug [unoptimized + debuginfo] target(s) in 4.80 secs
boom! running `docker rm -f 57609818f29b0b3d53151ab6d807e12c7ea8e2b1cbd8c60681417d95c1cde30c`
blam! 57609818f29b0b3d53151ab6d807e12c7ea8e2b1cbd8c60681417d95c1cde30c
boom! running: cargo +stable test --frozen --no-run
boom! creating container for: cargo +stable test --frozen --no-run
boom! running `docker create -v /home/ec2-user/cargobomb/./work/local/test-source/beta/stable:/source:ro -v /home/ec2-user/cargobomb/./work/local/cargo-home:/cargo-home:ro -v /home/ec2-user/cargobomb/./work/local/rustup-home:/rustup-home:ro -v /home/ec2-user/cargobomb/./work/local/target-dirs/beta/stable:/target:rw -e USER_ID=500 -e CMD=cargo +stable test --frozen --no-run cargobomb`
blam! bad2c3f67c6aa0277c477d9ae01bbe16c390537116f3955c3e16eb5d7c017051
boom! running `docker start -a bad2c3f67c6aa0277c477d9ae01bbe16c390537116f3955c3e16eb5d7c017051`
kablam!    Compiling dbus-bytestream v0.1.3 (file:///source)
kablam!     Finished debug [unoptimized + debuginfo] target(s) in 4.29 secs
boom! running `docker rm -f bad2c3f67c6aa0277c477d9ae01bbe16c390537116f3955c3e16eb5d7c017051`
blam! bad2c3f67c6aa0277c477d9ae01bbe16c390537116f3955c3e16eb5d7c017051
boom! running: cargo +stable test --frozen
boom! creating container for: cargo +stable test --frozen
boom! running `docker create -v /home/ec2-user/cargobomb/./work/local/test-source/beta/stable:/source:ro -v /home/ec2-user/cargobomb/./work/local/cargo-home:/cargo-home:ro -v /home/ec2-user/cargobomb/./work/local/rustup-home:/rustup-home:ro -v /home/ec2-user/cargobomb/./work/local/target-dirs/beta/stable:/target:rw -e USER_ID=500 -e CMD=cargo +stable test --frozen cargobomb`
blam! 405eb57ddb4d56341e500e1a2bc59506304b3a32012ba61592963d45ed5ed473
boom! running `docker start -a 405eb57ddb4d56341e500e1a2bc59506304b3a32012ba61592963d45ed5ed473`
kablam!     Finished debug [unoptimized + debuginfo] target(s) in 0.0 secs
kablam!      Running /target/debug/deps/dbus_bytestream-6fea1e7d5f4dfabe
blam! 
blam! running 17 tests
blam! test address::test_unescape ... ok
blam! test address::test_key_vals ... ok
blam! test connection::test_connect_session ... FAILED
blam! test address::test_server_address ... ok
blam! test demarshal::test::test_array ... ok
blam! test connection::test_tcp ... FAILED
blam! test connection::test_connect_system ... FAILED
blam! test demarshal::test::test_demarshal_u32 ... ok
blam! test demarshal::test::test_array_bytes ... ok
blam! test demarshal::test::test_string ... ok
blam! test demarshal::test::test_struct ... ok
blam! test demarshal::test::test_demarshal_u32_offset ... ok
blam! test marshal::test_variant ... ok
blam! test message::test_msg ... ok
blam! test marshal::test_array ... ok
blam! test marshal::test_ints ... ok
blam! test marshal::test_string ... ok
blam! 
blam! failures:
blam! 
blam! ---- connection::test_connect_session stdout ----
blam! 	thread 'connection::test_connect_session' panicked at 'called `Result::unwrap()` on an `Err` value: NoEnvironment', /buildslave/rust-buildbot/slave/stable-dist-rustc-linux/build/src/libcore/result.rs:837
blam! note: Run with `RUST_BACKTRACE=1` for a backtrace.
blam! 
blam! ---- connection::test_tcp stdout ----
blam! 	thread 'connection::test_tcp' panicked at 'called `Result::unwrap()` on an `Err` value: NotPresent', /buildslave/rust-buildbot/slave/stable-dist-rustc-linux/build/src/libcore/result.rs:837
blam! 
blam! ---- connection::test_connect_system stdout ----
blam! 	thread 'connection::test_connect_system' panicked at 'called `Result::unwrap()` on an `Err` value: IOError(Error { repr: Os { code: 2, message: "No such file or directory" } })', /buildslave/rust-buildbot/slave/stable-dist-rustc-linux/build/src/libcore/result.rs:837
blam! 
blam! 
blam! failures:
blam!     connection::test_connect_session
blam!     connection::test_connect_system
blam!     connection::test_tcp
blam! 
blam! test result: FAILED. 14 passed; 3 failed; 0 ignored; 0 measured
blam! 
kablam! error: test failed
boom! running `docker rm -f 405eb57ddb4d56341e500e1a2bc59506304b3a32012ba61592963d45ed5ed473`
blam! 405eb57ddb4d56341e500e1a2bc59506304b3a32012ba61592963d45ed5ed473
