boom! testing rjq-0.1.2 against stable for nightly
boom! running: cargo +stable build --frozen
boom! creating container for: cargo +stable build --frozen
boom! running `docker create -v /home/ec2-user/cargobomb/./work/local/test-source/nightly/stable:/source:ro -v /home/ec2-user/cargobomb/./work/local/cargo-home:/cargo-home:ro -v /home/ec2-user/cargobomb/./work/local/rustup-home:/rustup-home:ro -v /home/ec2-user/cargobomb/./work/local/target-dirs/nightly/stable:/target:rw -e USER_ID=500 -e CMD=cargo +stable build --frozen cargobomb`
blam! 24cf6b349cc9af38df9fd9a7042e8b25cb7e328bf2a26030138f81c9f155fc66
boom! running `docker start -a 24cf6b349cc9af38df9fd9a7042e8b25cb7e328bf2a26030138f81c9f155fc66`
kablam! warning: unused manifest key: badges.travis-ci.repository
kablam! warning: unused manifest key: package.categories
kablam! warning: unused manifest key: package.categories
kablam! warning: unused manifest key: package.categories
kablam!    Compiling rjq v0.1.2 (file:///source)
kablam!     Finished debug [unoptimized + debuginfo] target(s) in 1.88 secs
boom! running `docker rm -f 24cf6b349cc9af38df9fd9a7042e8b25cb7e328bf2a26030138f81c9f155fc66`
blam! 24cf6b349cc9af38df9fd9a7042e8b25cb7e328bf2a26030138f81c9f155fc66
boom! running: cargo +stable test --frozen --no-run
boom! creating container for: cargo +stable test --frozen --no-run
boom! running `docker create -v /home/ec2-user/cargobomb/./work/local/test-source/nightly/stable:/source:ro -v /home/ec2-user/cargobomb/./work/local/cargo-home:/cargo-home:ro -v /home/ec2-user/cargobomb/./work/local/rustup-home:/rustup-home:ro -v /home/ec2-user/cargobomb/./work/local/target-dirs/nightly/stable:/target:rw -e USER_ID=500 -e CMD=cargo +stable test --frozen --no-run cargobomb`
blam! 188387e650a90d7a8ab0af53bb25ca2c921b02c88f21034cd2e74f8f6a3be358
boom! running `docker start -a 188387e650a90d7a8ab0af53bb25ca2c921b02c88f21034cd2e74f8f6a3be358`
kablam! warning: unused manifest key: badges.travis-ci.repository
kablam! warning: unused manifest key: package.categories
kablam! warning: unused manifest key: package.categories
kablam! warning: unused manifest key: package.categories
kablam!    Compiling rjq v0.1.2 (file:///source)
kablam!     Finished debug [unoptimized + debuginfo] target(s) in 6.4 secs
boom! running `docker rm -f 188387e650a90d7a8ab0af53bb25ca2c921b02c88f21034cd2e74f8f6a3be358`
blam! 188387e650a90d7a8ab0af53bb25ca2c921b02c88f21034cd2e74f8f6a3be358
boom! running: cargo +stable test --frozen
boom! creating container for: cargo +stable test --frozen
boom! running `docker create -v /home/ec2-user/cargobomb/./work/local/test-source/nightly/stable:/source:ro -v /home/ec2-user/cargobomb/./work/local/cargo-home:/cargo-home:ro -v /home/ec2-user/cargobomb/./work/local/rustup-home:/rustup-home:ro -v /home/ec2-user/cargobomb/./work/local/target-dirs/nightly/stable:/target:rw -e USER_ID=500 -e CMD=cargo +stable test --frozen cargobomb`
blam! 4d8c2c69d1ac2e464ccbeace11ae357bba77d42dc6fedd636e61fd9d044dda7a
boom! running `docker start -a 4d8c2c69d1ac2e464ccbeace11ae357bba77d42dc6fedd636e61fd9d044dda7a`
kablam! warning: unused manifest key: badges.travis-ci.repository
kablam! warning: unused manifest key: package.categories
kablam! warning: unused manifest key: package.categories
kablam! warning: unused manifest key: package.categories
kablam!     Finished debug [unoptimized + debuginfo] target(s) in 0.0 secs
kablam!      Running /target/debug/deps/mod-3995a3fd2decae93
blam! 
blam! running 6 tests
blam! test test_job_failed ... FAILED
blam! test test_job_lost ... FAILED
blam! test test_job_expired ... ok
blam! test test_job_finished ... FAILED
blam! test test_job_queued ... FAILED
blam! test test_job_result ... FAILED
blam! 
blam! failures:
blam! 
blam! ---- test_job_failed stdout ----
blam! 	thread 'test_job_failed' panicked at 'called `Result::unwrap()` on an `Err` value: Connection refused (os error 111)', /buildslave/rust-buildbot/slave/stable-dist-rustc-linux/build/src/libcore/result.rs:837
blam! 
blam! ---- test_job_lost stdout ----
blam! 	thread 'test_job_lost' panicked at 'called `Result::unwrap()` on an `Err` value: Connection refused (os error 111)', /buildslave/rust-buildbot/slave/stable-dist-rustc-linux/build/src/libcore/result.rs:837
blam! 
blam! ---- test_job_finished stdout ----
blam! 	thread 'test_job_finished' panicked at 'called `Result::unwrap()` on an `Err` value: Connection refused (os error 111)', /buildslave/rust-buildbot/slave/stable-dist-rustc-linux/build/src/libcore/result.rs:837
blam! note: Run with `RUST_BACKTRACE=1` for a backtrace.
blam! 
blam! ---- test_job_queued stdout ----
blam! 	thread 'test_job_queued' panicked at 'called `Result::unwrap()` on an `Err` value: Connection refused (os error 111)', /buildslave/rust-buildbot/slave/stable-dist-rustc-linux/build/src/libcore/result.rs:837
blam! 
blam! ---- test_job_result stdout ----
blam! 	thread 'test_job_result' panicked at 'called `Result::unwrap()` on an `Err` value: Connection refused (os error 111)', /buildslave/rust-buildbot/slave/stable-dist-rustc-linux/build/src/libcore/result.rs:837
blam! 
blam! 
blam! failures:
blam!     test_job_failed
blam!     test_job_finished
blam!     test_job_lost
blam!     test_job_queued
blam!     test_job_result
blam! 
blam! test result: FAILED. 1 passed; 5 failed; 0 ignored; 0 measured
blam! 
kablam! error: test failed
boom! running `docker rm -f 4d8c2c69d1ac2e464ccbeace11ae357bba77d42dc6fedd636e61fd9d044dda7a`
blam! 4d8c2c69d1ac2e464ccbeace11ae357bba77d42dc6fedd636e61fd9d044dda7a
