boom! testing atty-0.1.2 against nightly for nightly
boom! running: cargo +nightly build --frozen
boom! creating container for: cargo +nightly build --frozen
boom! running `docker create -v /home/ec2-user/cargobomb/./work/local/test-source/nightly/nightly:/source:ro -v /home/ec2-user/cargobomb/./work/local/cargo-home:/cargo-home:ro -v /home/ec2-user/cargobomb/./work/local/rustup-home:/rustup-home:ro -v /home/ec2-user/cargobomb/./work/local/target-dirs/nightly/nightly:/target:rw -e USER_ID=500 -e CMD=cargo +nightly build --frozen cargobomb`
blam! 191625d78f1cb1576572c85dcb7b411fd11cf2cc8671b92e4b1afc66e2ceeb76
boom! running `docker start -a 191625d78f1cb1576572c85dcb7b411fd11cf2cc8671b92e4b1afc66e2ceeb76`
kablam!    Compiling atty v0.1.2 (file:///source)
kablam!     Finished dev [unoptimized + debuginfo] target(s) in 0.38 secs
boom! running `docker rm -f 191625d78f1cb1576572c85dcb7b411fd11cf2cc8671b92e4b1afc66e2ceeb76`
blam! 191625d78f1cb1576572c85dcb7b411fd11cf2cc8671b92e4b1afc66e2ceeb76
boom! running: cargo +nightly test --frozen --no-run
boom! creating container for: cargo +nightly test --frozen --no-run
boom! running `docker create -v /home/ec2-user/cargobomb/./work/local/test-source/nightly/nightly:/source:ro -v /home/ec2-user/cargobomb/./work/local/cargo-home:/cargo-home:ro -v /home/ec2-user/cargobomb/./work/local/rustup-home:/rustup-home:ro -v /home/ec2-user/cargobomb/./work/local/target-dirs/nightly/nightly:/target:rw -e USER_ID=500 -e CMD=cargo +nightly test --frozen --no-run cargobomb`
blam! c89d27ddfad620380d5c965e76b57411822b67d8e62f94522c5bc6bca148701b
boom! running `docker start -a c89d27ddfad620380d5c965e76b57411822b67d8e62f94522c5bc6bca148701b`
kablam!    Compiling atty v0.1.2 (file:///source)
kablam!     Finished dev [unoptimized + debuginfo] target(s) in 1.32 secs
boom! running `docker rm -f c89d27ddfad620380d5c965e76b57411822b67d8e62f94522c5bc6bca148701b`
blam! c89d27ddfad620380d5c965e76b57411822b67d8e62f94522c5bc6bca148701b
boom! running: cargo +nightly test --frozen
boom! creating container for: cargo +nightly test --frozen
boom! running `docker create -v /home/ec2-user/cargobomb/./work/local/test-source/nightly/nightly:/source:ro -v /home/ec2-user/cargobomb/./work/local/cargo-home:/cargo-home:ro -v /home/ec2-user/cargobomb/./work/local/rustup-home:/rustup-home:ro -v /home/ec2-user/cargobomb/./work/local/target-dirs/nightly/nightly:/target:rw -e USER_ID=500 -e CMD=cargo +nightly test --frozen cargobomb`
blam! 18d813f7a457705c96d2608e9851455962c0959bf61d9042bdcb19b2736f463f
boom! running `docker start -a 18d813f7a457705c96d2608e9851455962c0959bf61d9042bdcb19b2736f463f`
kablam!     Finished dev [unoptimized + debuginfo] target(s) in 0.0 secs
kablam!      Running /target/debug/deps/atty-10fbf27a43b9063a
blam! 
blam! running 1 test
blam! test tests::is_test ... FAILED
blam! 
blam! failures:
blam! 
blam! ---- tests::is_test stdout ----
blam! 	thread 'tests::is_test' panicked at 'assertion failed: is()', src/lib.rs:60
blam! note: Run with `RUST_BACKTRACE=1` for a backtrace.
blam! 
blam! 
blam! failures:
blam!     tests::is_test
blam! 
blam! test result: FAILED. 0 passed; 1 failed; 0 ignored; 0 measured
blam! 
kablam! error: test failed
boom! running `docker rm -f 18d813f7a457705c96d2608e9851455962c0959bf61d9042bdcb19b2736f463f`
blam! 18d813f7a457705c96d2608e9851455962c0959bf61d9042bdcb19b2736f463f
