boom! testing dazeus-0.4.0 against stable for beta
boom! running: cargo +stable build --frozen
boom! creating container for: cargo +stable build --frozen
boom! running `docker create -v /home/ec2-user/cargobomb/./work/local/test-source/beta/stable:/source:ro -v /home/ec2-user/cargobomb/./work/local/cargo-home:/cargo-home:ro -v /home/ec2-user/cargobomb/./work/local/rustup-home:/rustup-home:ro -v /home/ec2-user/cargobomb/./work/local/target-dirs/beta/stable:/target:rw -e USER_ID=500 -e CMD=cargo +stable build --frozen cargobomb`
blam! f346ec9c02dbc634280435a54c7c9e7a35f51df57dae0f57c1eb1190d90d5c72
boom! running `docker start -a f346ec9c02dbc634280435a54c7c9e7a35f51df57dae0f57c1eb1190d90d5c72`
kablam!    Compiling dazeus v0.4.0 (file:///source)
kablam!     Finished debug [unoptimized + debuginfo] target(s) in 3.50 secs
boom! running `docker rm -f f346ec9c02dbc634280435a54c7c9e7a35f51df57dae0f57c1eb1190d90d5c72`
blam! f346ec9c02dbc634280435a54c7c9e7a35f51df57dae0f57c1eb1190d90d5c72
boom! running: cargo +stable test --frozen --no-run
boom! creating container for: cargo +stable test --frozen --no-run
boom! running `docker create -v /home/ec2-user/cargobomb/./work/local/test-source/beta/stable:/source:ro -v /home/ec2-user/cargobomb/./work/local/cargo-home:/cargo-home:ro -v /home/ec2-user/cargobomb/./work/local/rustup-home:/rustup-home:ro -v /home/ec2-user/cargobomb/./work/local/target-dirs/beta/stable:/target:rw -e USER_ID=500 -e CMD=cargo +stable test --frozen --no-run cargobomb`
blam! ec6a690caf955f51c8d449d8f5c05169af931cfe9fdc611bda587a6dca3aa64e
boom! running `docker start -a ec6a690caf955f51c8d449d8f5c05169af931cfe9fdc611bda587a6dca3aa64e`
kablam!    Compiling dazeus v0.4.0 (file:///source)
kablam!     Finished debug [unoptimized + debuginfo] target(s) in 3.48 secs
boom! running `docker rm -f ec6a690caf955f51c8d449d8f5c05169af931cfe9fdc611bda587a6dca3aa64e`
blam! ec6a690caf955f51c8d449d8f5c05169af931cfe9fdc611bda587a6dca3aa64e
boom! running: cargo +stable test --frozen
boom! creating container for: cargo +stable test --frozen
boom! running `docker create -v /home/ec2-user/cargobomb/./work/local/test-source/beta/stable:/source:ro -v /home/ec2-user/cargobomb/./work/local/cargo-home:/cargo-home:ro -v /home/ec2-user/cargobomb/./work/local/rustup-home:/rustup-home:ro -v /home/ec2-user/cargobomb/./work/local/target-dirs/beta/stable:/target:rw -e USER_ID=500 -e CMD=cargo +stable test --frozen cargobomb`
blam! 339ea3d78f268c788048dad53fee373123a5d76c95fa19565582ac9c27b03a08
boom! running `docker start -a 339ea3d78f268c788048dad53fee373123a5d76c95fa19565582ac9c27b03a08`
kablam!     Finished debug [unoptimized + debuginfo] target(s) in 0.0 secs
kablam!      Running /target/debug/deps/dazeus-0046fd6e3120e91a
blam! 
blam! running 0 tests
blam! 
blam! test result: ok. 0 passed; 0 failed; 0 ignored; 0 measured
blam! 
kablam!    Doc-tests dazeus
blam! 
blam! running 28 tests
blam! test event::Event::new_0 ... FAILED
blam! test _0 ... FAILED
blam! test _2 ... FAILED
blam! test _1 ... FAILED
blam! test request::Request::Action_0 ... FAILED
blam! test request::Request::Channels_0 ... FAILED
blam! test request::Request::Config_0 ... FAILED
blam! test request::Request::CtcpReply_0 ... FAILED
blam! test request::Request::Ctcp_0 ... FAILED
blam! test request::Request::GetProperty_0 ... FAILED
blam! test request::Request::Handshake_0 ... FAILED
blam! test request::Request::HasPermission_0 ... FAILED
blam! test request::Request::Names_0 ... FAILED
blam! test request::Request::Join_0 ... FAILED
blam! test request::Request::Message_0 ... FAILED
blam! test request::Request::Networks_0 ... FAILED
blam! test request::Request::Nick_0 ... FAILED
blam! test request::Request::Part_0 ... FAILED
blam! test request::Request::Notice_0 ... FAILED
blam! test request::Request::PropertyKeys_0 ... FAILED
blam! test request::Request::SetPermission_0 ... FAILED
blam! test request::Request::SetProperty_0 ... FAILED
blam! test request::Request::SubscribeCommand_0 ... FAILED
blam! test request::Request::Subscribe_0 ... FAILED
blam! test request::Request::UnsetProperty_0 ... FAILED
blam! test request::Request::UnsetPermission_0 ... FAILED
blam! test request::Request::Unsubscribe_0 ... FAILED
blam! test request::Request::Whois_0 ... FAILED
blam! 
blam! failures:
blam! 
blam! ---- event::Event::new_0 stdout ----
blam! 	error[E0433]: failed to resolve. Use of undeclared type or module `Event`
blam!  --> <anon>:2:1
blam!   |
blam! 2 | Event::new(EventType::PrivMsg, vec!(
blam!   | ^^^^^^^^^^ Use of undeclared type or module `Event`
blam! 
blam! error[E0433]: failed to resolve. Use of undeclared type or module `EventType`
blam!  --> <anon>:2:12
blam!   |
blam! 2 | Event::new(EventType::PrivMsg, vec!(
blam!   |            ^^^^^^^^^^^^^^^^^^ Use of undeclared type or module `EventType`
blam! 
blam! error: aborting due to previous error(s)
blam! 
blam! thread 'event::Event::new_0' panicked at 'Box<Any>', /buildslave/rust-buildbot/slave/stable-dist-rustc-linux/build/src/librustc/session/mod.rs:201
blam! note: Run with `RUST_BACKTRACE=1` for a backtrace.
blam! 
blam! ---- _0 stdout ----
blam! 	error[E0433]: failed to resolve. Use of undeclared type or module `DaZeus`
blam!  --> <anon>:3:14
blam!   |
blam! 3 | let dazeus = DaZeus::new(Connection::from_str(socket).unwrap());
blam!   |              ^^^^^^^^^^^ Use of undeclared type or module `DaZeus`
blam! 
blam! error[E0433]: failed to resolve. Use of undeclared type or module `Connection`
blam!  --> <anon>:3:26
blam!   |
blam! 3 | let dazeus = DaZeus::new(Connection::from_str(socket).unwrap());
blam!   |                          ^^^^^^^^^^^^^^^^^^^^ Use of undeclared type or module `Connection`
blam! 
blam! error[E0425]: unresolved name `socket`
blam!  --> <anon>:3:47
blam!   |
blam! 3 | let dazeus = DaZeus::new(Connection::from_str(socket).unwrap());
blam!   |                                               ^^^^^^ unresolved name
blam! 
blam! error: aborting due to previous error(s)
blam! 
blam! thread '_0' panicked at 'Box<Any>', /buildslave/rust-buildbot/slave/stable-dist-rustc-linux/build/src/librustc/session/mod.rs:201
blam! 
blam! ---- _2 stdout ----
blam! 	error[E0433]: failed to resolve. Use of undeclared type or module `DaZeus`
blam!  --> <anon>:4:14
blam!   |
blam! 4 | let dazeus = DaZeus::new(Connection::from_str(socket).unwrap());
blam!   |              ^^^^^^^^^^^ Use of undeclared type or module `DaZeus`
blam! 
blam! error[E0433]: failed to resolve. Use of undeclared type or module `Connection`
blam!  --> <anon>:4:26
blam!   |
blam! 4 | let dazeus = DaZeus::new(Connection::from_str(socket).unwrap());
blam!   |                          ^^^^^^^^^^^^^^^^^^^^ Use of undeclared type or module `Connection`
blam! 
blam! error: aborting due to previous error(s)
blam! 
blam! thread '_2' panicked at 'Box<Any>', /buildslave/rust-buildbot/slave/stable-dist-rustc-linux/build/src/librustc/session/mod.rs:201
blam! 
blam! ---- _1 stdout ----
blam! 	error[E0433]: failed to resolve. Use of undeclared type or module `DaZeus`
blam!  --> <anon>:4:14
blam!   |
blam! 4 | let dazeus = DaZeus::new(Connection::from_str(socket).unwrap());
blam!   |              ^^^^^^^^^^^ Use of undeclared type or module `DaZeus`
blam! 
blam! error[E0433]: failed to resolve. Use of undeclared type or module `Connection`
blam!  --> <anon>:4:26
blam!   |
blam! 4 | let dazeus = DaZeus::new(Connection::from_str(socket).unwrap());
blam!   |                          ^^^^^^^^^^^^^^^^^^^^ Use of undeclared type or module `Connection`
blam! 
blam! error[E0433]: failed to resolve. Use of undeclared type or module `EventType`
blam!  --> <anon>:5:18
blam!   |
blam! 5 | dazeus.subscribe(EventType::PrivMsg, |evt, dazeus| {
blam!   |                  ^^^^^^^^^^^^^^^^^^ Use of undeclared type or module `EventType`
blam! 
blam! error: aborting due to previous error(s)
blam! 
blam! thread '_1' panicked at 'Box<Any>', /buildslave/rust-buildbot/slave/stable-dist-rustc-linux/build/src/librustc/session/mod.rs:201
blam! 
blam! ---- request::Request::Action_0 stdout ----
blam! 	error[E0433]: failed to resolve. Use of undeclared type or module `Request`
blam!  --> <anon>:2:1
blam!   |
blam! 2 | Request::Action("example".to_string(), "#example", "is creating an example".to_string())
blam!   | ^^^^^^^^^^^^^^^ Use of undeclared type or module `Request`
blam! 
blam! error: aborting due to previous error(s)
blam! 
blam! thread 'request::Request::Action_0' panicked at 'Box<Any>', /buildslave/rust-buildbot/slave/stable-dist-rustc-linux/build/src/librustc/session/mod.rs:201
blam! 
blam! ---- request::Request::Channels_0 stdout ----
blam! 	error[E0433]: failed to resolve. Use of undeclared type or module `Request`
blam!  --> <anon>:2:1
blam!   |
blam! 2 | Request::Channels("freenode".to_string())
blam!   | ^^^^^^^^^^^^^^^^^ Use of undeclared type or module `Request`
blam! 
blam! error: aborting due to previous error(s)
blam! 
blam! thread 'request::Request::Channels_0' panicked at 'Box<Any>', /buildslave/rust-buildbot/slave/stable-dist-rustc-linux/build/src/librustc/session/mod.rs:201
blam! 
blam! ---- request::Request::Config_0 stdout ----
blam! 	error[E0433]: failed to resolve. Use of undeclared type or module `Request`
blam!  --> <anon>:2:1
blam!   |
blam! 2 | Request::Config("highlight".to_string(), ConfigGroup::Core)
blam!   | ^^^^^^^^^^^^^^^ Use of undeclared type or module `Request`
blam! 
blam! error[E0433]: failed to resolve. Use of undeclared type or module `ConfigGroup`
blam!  --> <anon>:2:42
blam!   |
blam! 2 | Request::Config("highlight".to_string(), ConfigGroup::Core)
blam!   |                                          ^^^^^^^^^^^^^^^^^ Use of undeclared type or module `ConfigGroup`
blam! 
blam! error: aborting due to previous error(s)
blam! 
blam! thread 'request::Request::Config_0' panicked at 'Box<Any>', /buildslave/rust-buildbot/slave/stable-dist-rustc-linux/build/src/librustc/session/mod.rs:201
blam! 
blam! ---- request::Request::CtcpReply_0 stdout ----
blam! 	error[E0433]: failed to resolve. Use of undeclared type or module `Request`
blam!  --> <anon>:2:1
blam!   |
blam! 2 | Request::CtcpReply("example".to_string(), "MrExample".to_string(), "VERSION DaZeus 2.0".to_string())
blam!   | ^^^^^^^^^^^^^^^^^^ Use of undeclared type or module `Request`
blam! 
blam! error: aborting due to previous error(s)
blam! 
blam! thread 'request::Request::CtcpReply_0' panicked at 'Box<Any>', /buildslave/rust-buildbot/slave/stable-dist-rustc-linux/build/src/librustc/session/mod.rs:201
blam! 
blam! ---- request::Request::Ctcp_0 stdout ----
blam! 	error[E0433]: failed to resolve. Use of undeclared type or module `Request`
blam!  --> <anon>:2:1
blam!   |
blam! 2 | Request::Ctcp("example".to_string(), "MrExample".to_string(), "VERSION".to_string())
blam!   | ^^^^^^^^^^^^^ Use of undeclared type or module `Request`
blam! 
blam! error: aborting due to previous error(s)
blam! 
blam! thread 'request::Request::Ctcp_0' panicked at 'Box<Any>', /buildslave/rust-buildbot/slave/stable-dist-rustc-linux/build/src/librustc/session/mod.rs:201
blam! 
blam! ---- request::Request::GetProperty_0 stdout ----
blam! 	error[E0433]: failed to resolve. Use of undeclared type or module `Request`
blam!  --> <anon>:2:1
blam!   |
blam! 2 | Request::GetProperty("example".to_string(), Scope::any())
blam!   | ^^^^^^^^^^^^^^^^^^^^ Use of undeclared type or module `Request`
blam! 
blam! error[E0433]: failed to resolve. Use of undeclared type or module `Scope`
blam!  --> <anon>:2:45
blam!   |
blam! 2 | Request::GetProperty("example".to_string(), Scope::any())
blam!   |                                             ^^^^^^^^^^ Use of undeclared type or module `Scope`
blam! 
blam! error: aborting due to previous error(s)
blam! 
blam! thread 'request::Request::GetProperty_0' panicked at 'Box<Any>', /buildslave/rust-buildbot/slave/stable-dist-rustc-linux/build/src/librustc/session/mod.rs:201
blam! 
blam! ---- request::Request::Handshake_0 stdout ----
blam! 	error[E0433]: failed to resolve. Use of undeclared type or module `Request`
blam!  --> <anon>:2:1
blam!   |
blam! 2 | Request::Handshake("my_plugin".to_string(), PROTOCOL_VERSION.to_string(), None)
blam!   | ^^^^^^^^^^^^^^^^^^ Use of undeclared type or module `Request`
blam! 
blam! error[E0425]: unresolved name `PROTOCOL_VERSION`
blam!  --> <anon>:2:45
blam!   |
blam! 2 | Request::Handshake("my_plugin".to_string(), PROTOCOL_VERSION.to_string(), None)
blam!   |                                             ^^^^^^^^^^^^^^^^ unresolved name
blam! 
blam! error: aborting due to previous error(s)
blam! 
blam! thread 'request::Request::Handshake_0' panicked at 'Box<Any>', /buildslave/rust-buildbot/slave/stable-dist-rustc-linux/build/src/librustc/session/mod.rs:201
blam! 
blam! ---- request::Request::HasPermission_0 stdout ----
blam! 	error[E0433]: failed to resolve. Use of undeclared type or module `Request`
blam!  --> <anon>:2:1
blam!   |
blam! 2 | Request::HasPermission("edit".to_string(), false, Scope::sender("example", "MrExample"))
blam!   | ^^^^^^^^^^^^^^^^^^^^^^ Use of undeclared type or module `Request`
blam! 
blam! error[E0433]: failed to resolve. Use of undeclared type or module `Scope`
blam!  --> <anon>:2:51
blam!   |
blam! 2 | Request::HasPermission("edit".to_string(), false, Scope::sender("example", "MrExample"))
blam!   |                                                   ^^^^^^^^^^^^^ Use of undeclared type or module `Scope`
blam! 
blam! error: aborting due to previous error(s)
blam! 
blam! thread 'request::Request::HasPermission_0' panicked at 'Box<Any>', /buildslave/rust-buildbot/slave/stable-dist-rustc-linux/build/src/librustc/session/mod.rs:201
blam! 
blam! ---- request::Request::Names_0 stdout ----
blam! 	error[E0433]: failed to resolve. Use of undeclared type or module `Request`
blam!  --> <anon>:2:1
blam!   |
blam! 2 | Request::Names("freenode".to_string(), "#freenode".to_string())
blam!   | ^^^^^^^^^^^^^^ Use of undeclared type or module `Request`
blam! 
blam! error: aborting due to previous error(s)
blam! 
blam! thread 'request::Request::Names_0' panicked at 'Box<Any>', /buildslave/rust-buildbot/slave/stable-dist-rustc-linux/build/src/librustc/session/mod.rs:201
blam! 
blam! ---- request::Request::Join_0 stdout ----
blam! 	error[E0433]: failed to resolve. Use of undeclared type or module `Request`
blam!  --> <anon>:2:1
blam!   |
blam! 2 | Request::Join("freenode".to_string(), "#freenode".to_string())
kablam! error: test failed
blam!   | ^^^^^^^^^^^^^ Use of undeclared type or module `Request`
blam! 
blam! error: aborting due to previous error(s)
blam! 
blam! thread 'request::Request::Join_0' panicked at 'Box<Any>', /buildslave/rust-buildbot/slave/stable-dist-rustc-linux/build/src/librustc/session/mod.rs:201
blam! 
blam! ---- request::Request::Message_0 stdout ----
blam! 	error[E0433]: failed to resolve. Use of undeclared type or module `Request`
blam!  --> <anon>:2:1
blam!   |
blam! 2 | Request::Message("freenode".to_string(), "#botters-test".to_string(), "Hello!".to_string())
blam!   | ^^^^^^^^^^^^^^^^ Use of undeclared type or module `Request`
blam! 
blam! error: aborting due to previous error(s)
blam! 
blam! thread 'request::Request::Message_0' panicked at 'Box<Any>', /buildslave/rust-buildbot/slave/stable-dist-rustc-linux/build/src/librustc/session/mod.rs:201
blam! 
blam! ---- request::Request::Networks_0 stdout ----
blam! 	error[E0433]: failed to resolve. Use of undeclared type or module `Request`
blam!  --> <anon>:2:1
blam!   |
blam! 2 | Request::Networks
blam!   | ^^^^^^^^^^^^^^^^^ Use of undeclared type or module `Request`
blam! 
blam! error: aborting due to previous error(s)
blam! 
blam! thread 'request::Request::Networks_0' panicked at 'Box<Any>', /buildslave/rust-buildbot/slave/stable-dist-rustc-linux/build/src/librustc/session/mod.rs:201
blam! 
blam! ---- request::Request::Nick_0 stdout ----
blam! 	error[E0433]: failed to resolve. Use of undeclared type or module `Request`
blam!  --> <anon>:2:1
blam!   |
blam! 2 | Request::Nick("freenode".to_string())
blam!   | ^^^^^^^^^^^^^ Use of undeclared type or module `Request`
blam! 
blam! error: aborting due to previous error(s)
blam! 
blam! thread 'request::Request::Nick_0' panicked at 'Box<Any>', /buildslave/rust-buildbot/slave/stable-dist-rustc-linux/build/src/librustc/session/mod.rs:201
blam! 
blam! ---- request::Request::Part_0 stdout ----
blam! 	error[E0433]: failed to resolve. Use of undeclared type or module `Request`
blam!  --> <anon>:2:1
blam!   |
blam! 2 | Request::Part("freenode".to_string(), "#freenode".to_string())
blam!   | ^^^^^^^^^^^^^ Use of undeclared type or module `Request`
blam! 
blam! error: aborting due to previous error(s)
blam! 
blam! thread 'request::Request::Part_0' panicked at 'Box<Any>', /buildslave/rust-buildbot/slave/stable-dist-rustc-linux/build/src/librustc/session/mod.rs:201
blam! 
blam! ---- request::Request::Notice_0 stdout ----
blam! 	error[E0433]: failed to resolve. Use of undeclared type or module `Request`
blam!  --> <anon>:2:1
blam!   |
blam! 2 | Request::Notice("example".to_string(), "MrExample".to_string(), "Message!".to_string())
blam!   | ^^^^^^^^^^^^^^^ Use of undeclared type or module `Request`
blam! 
blam! error: aborting due to previous error(s)
blam! 
blam! thread 'request::Request::Notice_0' panicked at 'Box<Any>', /buildslave/rust-buildbot/slave/stable-dist-rustc-linux/build/src/librustc/session/mod.rs:201
blam! 
blam! ---- request::Request::PropertyKeys_0 stdout ----
blam! 	error[E0433]: failed to resolve. Use of undeclared type or module `Request`
blam!  --> <anon>:2:1
blam!   |
blam! 2 | Request::PropertyKeys("path.to".to_string(), Scope::network("example"))
blam!   | ^^^^^^^^^^^^^^^^^^^^^ Use of undeclared type or module `Request`
blam! 
blam! error[E0433]: failed to resolve. Use of undeclared type or module `Scope`
blam!  --> <anon>:2:46
blam!   |
blam! 2 | Request::PropertyKeys("path.to".to_string(), Scope::network("example"))
blam!   |                                              ^^^^^^^^^^^^^^ Use of undeclared type or module `Scope`
blam! 
blam! error: aborting due to previous error(s)
blam! 
blam! thread 'request::Request::PropertyKeys_0' panicked at 'Box<Any>', /buildslave/rust-buildbot/slave/stable-dist-rustc-linux/build/src/librustc/session/mod.rs:201
blam! 
blam! ---- request::Request::SetPermission_0 stdout ----
blam! 	error[E0433]: failed to resolve. Use of undeclared type or module `Request`
blam!  --> <anon>:2:1
blam!   |
blam! 2 | Request::SetPermission("edit".to_string(), true, Scope::sender("example", "MrExample"))
blam!   | ^^^^^^^^^^^^^^^^^^^^^^ Use of undeclared type or module `Request`
blam! 
blam! error[E0433]: failed to resolve. Use of undeclared type or module `Scope`
blam!  --> <anon>:2:50
blam!   |
blam! 2 | Request::SetPermission("edit".to_string(), true, Scope::sender("example", "MrExample"))
blam!   |                                                  ^^^^^^^^^^^^^ Use of undeclared type or module `Scope`
blam! 
blam! error: aborting due to previous error(s)
blam! 
blam! thread 'request::Request::SetPermission_0' panicked at 'Box<Any>', /buildslave/rust-buildbot/slave/stable-dist-rustc-linux/build/src/librustc/session/mod.rs:201
blam! 
blam! ---- request::Request::SetProperty_0 stdout ----
blam! 	error[E0433]: failed to resolve. Use of undeclared type or module `Request`
blam!  --> <anon>:2:1
blam!   |
blam! 2 | Request::SetProperty("example".to_string(), "value".to_string(), Scope::any())
blam!   | ^^^^^^^^^^^^^^^^^^^^ Use of undeclared type or module `Request`
blam! 
blam! error[E0433]: failed to resolve. Use of undeclared type or module `Scope`
blam!  --> <anon>:2:66
blam!   |
blam! 2 | Request::SetProperty("example".to_string(), "value".to_string(), Scope::any())
blam!   |                                                                  ^^^^^^^^^^ Use of undeclared type or module `Scope`
blam! 
blam! error: aborting due to previous error(s)
blam! 
blam! thread 'request::Request::SetProperty_0' panicked at 'Box<Any>', /buildslave/rust-buildbot/slave/stable-dist-rustc-linux/build/src/librustc/session/mod.rs:201
blam! 
blam! ---- request::Request::SubscribeCommand_0 stdout ----
blam! 	error[E0433]: failed to resolve. Use of undeclared type or module `Request`
blam!  --> <anon>:2:1
blam!   |
blam! 2 | Request::SubscribeCommand("greet".to_string(), Some("freenode".to_string()))
blam!   | ^^^^^^^^^^^^^^^^^^^^^^^^^ Use of undeclared type or module `Request`
blam! 
blam! error: aborting due to previous error(s)
blam! 
blam! thread 'request::Request::SubscribeCommand_0' panicked at 'Box<Any>', /buildslave/rust-buildbot/slave/stable-dist-rustc-linux/build/src/librustc/session/mod.rs:201
blam! 
blam! ---- request::Request::Subscribe_0 stdout ----
blam! 	error[E0433]: failed to resolve. Use of undeclared type or module `Request`
blam!  --> <anon>:2:1
blam!   |
blam! 2 | Request::Subscribe(EventType::PrivMsg)
blam!   | ^^^^^^^^^^^^^^^^^^ Use of undeclared type or module `Request`
blam! 
blam! error[E0433]: failed to resolve. Use of undeclared type or module `EventType`
blam!  --> <anon>:2:20
blam!   |
blam! 2 | Request::Subscribe(EventType::PrivMsg)
blam!   |                    ^^^^^^^^^^^^^^^^^^ Use of undeclared type or module `EventType`
blam! 
blam! error: aborting due to previous error(s)
blam! 
blam! thread 'request::Request::Subscribe_0' panicked at 'Box<Any>', /buildslave/rust-buildbot/slave/stable-dist-rustc-linux/build/src/librustc/session/mod.rs:201
blam! 
blam! ---- request::Request::UnsetProperty_0 stdout ----
blam! 	error[E0433]: failed to resolve. Use of undeclared type or module `Request`
blam!  --> <anon>:2:1
blam!   |
blam! 2 | Request::UnsetProperty("example".to_string(), Scope::any())
blam!   | ^^^^^^^^^^^^^^^^^^^^^^ Use of undeclared type or module `Request`
blam! 
blam! error[E0433]: failed to resolve. Use of undeclared type or module `Scope`
blam!  --> <anon>:2:47
blam!   |
blam! 2 | Request::UnsetProperty("example".to_string(), Scope::any())
blam!   |                                               ^^^^^^^^^^ Use of undeclared type or module `Scope`
blam! 
blam! error: aborting due to previous error(s)
blam! 
blam! thread 'request::Request::UnsetProperty_0' panicked at 'Box<Any>', /buildslave/rust-buildbot/slave/stable-dist-rustc-linux/build/src/librustc/session/mod.rs:201
blam! 
blam! ---- request::Request::UnsetPermission_0 stdout ----
blam! 	error[E0433]: failed to resolve. Use of undeclared type or module `Request`
blam!  --> <anon>:2:1
blam!   |
blam! 2 | Request::UnsetPermission("edit".to_string(), Scope::sender("example", "MrExample"))
blam!   | ^^^^^^^^^^^^^^^^^^^^^^^^ Use of undeclared type or module `Request`
blam! 
blam! error[E0433]: failed to resolve. Use of undeclared type or module `Scope`
blam!  --> <anon>:2:46
blam!   |
blam! 2 | Request::UnsetPermission("edit".to_string(), Scope::sender("example", "MrExample"))
blam!   |                                              ^^^^^^^^^^^^^ Use of undeclared type or module `Scope`
blam! 
blam! error: aborting due to previous error(s)
blam! 
blam! thread 'request::Request::UnsetPermission_0' panicked at 'Box<Any>', /buildslave/rust-buildbot/slave/stable-dist-rustc-linux/build/src/librustc/session/mod.rs:201
blam! 
blam! ---- request::Request::Unsubscribe_0 stdout ----
blam! 	error[E0433]: failed to resolve. Use of undeclared type or module `Request`
blam!  --> <anon>:2:1
blam!   |
blam! 2 | Request::Unsubscribe(EventType::Join)
blam!   | ^^^^^^^^^^^^^^^^^^^^ Use of undeclared type or module `Request`
blam! 
blam! error[E0433]: failed to resolve. Use of undeclared type or module `EventType`
blam!  --> <anon>:2:22
blam!   |
blam! 2 | Request::Unsubscribe(EventType::Join)
blam!   |                      ^^^^^^^^^^^^^^^ Use of undeclared type or module `EventType`
blam! 
blam! error: aborting due to previous error(s)
blam! 
blam! thread 'request::Request::Unsubscribe_0' panicked at 'Box<Any>', /buildslave/rust-buildbot/slave/stable-dist-rustc-linux/build/src/librustc/session/mod.rs:201
blam! 
blam! ---- request::Request::Whois_0 stdout ----
blam! 	error[E0433]: failed to resolve. Use of undeclared type or module `Request`
blam!  --> <anon>:2:1
blam!   |
blam! 2 | Request::Whois("example".to_string(), "MrExample".to_string())
blam!   | ^^^^^^^^^^^^^^ Use of undeclared type or module `Request`
blam! 
blam! error: aborting due to previous error(s)
blam! 
blam! thread 'request::Request::Whois_0' panicked at 'Box<Any>', /buildslave/rust-buildbot/slave/stable-dist-rustc-linux/build/src/librustc/session/mod.rs:201
blam! 
blam! 
blam! failures:
blam!     _0
blam!     _1
blam!     _2
blam!     event::Event::new_0
blam!     request::Request::Action_0
blam!     request::Request::Channels_0
blam!     request::Request::Config_0
blam!     request::Request::CtcpReply_0
blam!     request::Request::Ctcp_0
blam!     request::Request::GetProperty_0
blam!     request::Request::Handshake_0
blam!     request::Request::HasPermission_0
blam!     request::Request::Join_0
blam!     request::Request::Message_0
blam!     request::Request::Names_0
blam!     request::Request::Networks_0
blam!     request::Request::Nick_0
blam!     request::Request::Notice_0
blam!     request::Request::Part_0
blam!     request::Request::PropertyKeys_0
blam!     request::Request::SetPermission_0
blam!     request::Request::SetProperty_0
blam!     request::Request::SubscribeCommand_0
blam!     request::Request::Subscribe_0
blam!     request::Request::UnsetPermission_0
blam!     request::Request::UnsetProperty_0
blam!     request::Request::Unsubscribe_0
blam!     request::Request::Whois_0
blam! 
blam! test result: FAILED. 0 passed; 28 failed; 0 ignored; 0 measured
blam! 
boom! running `docker rm -f 339ea3d78f268c788048dad53fee373123a5d76c95fa19565582ac9c27b03a08`
blam! 339ea3d78f268c788048dad53fee373123a5d76c95fa19565582ac9c27b03a08
