boom! testing proj-0.1.1 against nightly for nightly
boom! running: cargo +nightly build --frozen
boom! creating container for: cargo +nightly build --frozen
boom! running `docker create -v /home/ec2-user/cargobomb/./work/local/test-source/nightly/nightly:/source:ro -v /home/ec2-user/cargobomb/./work/local/cargo-home:/cargo-home:ro -v /home/ec2-user/cargobomb/./work/local/rustup-home:/rustup-home:ro -v /home/ec2-user/cargobomb/./work/local/target-dirs/nightly/nightly:/target:rw -e USER_ID=500 -e CMD=cargo +nightly build --frozen cargobomb`
blam! 900708057e381c1392138dc37f594913b80f65145978c931e62f08d926225135
boom! running `docker start -a 900708057e381c1392138dc37f594913b80f65145978c931e62f08d926225135`
kablam!    Compiling geo v0.0.4
kablam!    Compiling proj v0.1.1 (file:///source)
kablam! warning: found Rust tuple type in foreign module; consider using a struct instead, #[warn(improper_ctypes)] on by default
kablam!   --> src/proj.rs:19:51
kablam!    |
kablam! 19 |     fn pj_init_plus(definition: *const c_char) -> *const ();
kablam!    |                                                   ^^^^^^^^^
kablam! 
kablam! warning: found Rust tuple type in foreign module; consider using a struct instead, #[warn(improper_ctypes)] on by default
kablam!   --> src/proj.rs:20:20
kablam!    |
kablam! 20 |     fn pj_free(pj: *const ());
kablam!    |                    ^^^^^^^^^
kablam! 
kablam! warning: found Rust tuple type in foreign module; consider using a struct instead, #[warn(improper_ctypes)] on by default
kablam!   --> src/proj.rs:21:23
kablam!    |
kablam! 21 |     fn pj_get_def(pj: *const ()) -> *const c_char;
kablam!    |                       ^^^^^^^^^
kablam! 
kablam! warning: found Rust tuple type in foreign module; consider using a struct instead, #[warn(improper_ctypes)] on by default
kablam!   --> src/proj.rs:23:18
kablam!    |
kablam! 23 |         srcdefn: *const (),
kablam!    |                  ^^^^^^^^^
kablam! 
kablam! warning: found Rust tuple type in foreign module; consider using a struct instead, #[warn(improper_ctypes)] on by default
kablam!   --> src/proj.rs:24:18
kablam!    |
kablam! 24 |         dstdefn: *const (),
kablam!    |                  ^^^^^^^^^
kablam! 
kablam!     Finished dev [unoptimized + debuginfo] target(s) in 2.31 secs
boom! running `docker rm -f 900708057e381c1392138dc37f594913b80f65145978c931e62f08d926225135`
blam! 900708057e381c1392138dc37f594913b80f65145978c931e62f08d926225135
boom! running: cargo +nightly test --frozen --no-run
boom! creating container for: cargo +nightly test --frozen --no-run
boom! running `docker create -v /home/ec2-user/cargobomb/./work/local/test-source/nightly/nightly:/source:ro -v /home/ec2-user/cargobomb/./work/local/cargo-home:/cargo-home:ro -v /home/ec2-user/cargobomb/./work/local/rustup-home:/rustup-home:ro -v /home/ec2-user/cargobomb/./work/local/target-dirs/nightly/nightly:/target:rw -e USER_ID=500 -e CMD=cargo +nightly test --frozen --no-run cargobomb`
blam! 8b3c580618e9804b48afcb5b0b832e4a60a8e32d7a9e9b7cfee192b8d3281c07
boom! running `docker start -a 8b3c580618e9804b48afcb5b0b832e4a60a8e32d7a9e9b7cfee192b8d3281c07`
kablam!    Compiling proj v0.1.1 (file:///source)
kablam! error[E0432]: unresolved import `super::super::geom::Point`
kablam!   --> src/proj.rs:89:9
kablam!    |
kablam! 89 |     use super::super::geom::Point;
kablam!    |         ^^^^^^^^^^^^^^^^^^^^^^^^^ Maybe a missing `extern crate geom;`?
kablam! 
kablam! error: no field `x` on type `geo::Point`
kablam!    --> src/proj.rs:117:29
kablam!     |
kablam! 117 |         assert_almost_eq(rv.x, 0.436332);
kablam!     |                             ^ did you mean `0`?
kablam! 
kablam! error: no field `y` on type `geo::Point`
kablam!    --> src/proj.rs:118:29
kablam!     |
kablam! 118 |         assert_almost_eq(rv.y, 0.802851);
kablam!     |                             ^ did you mean `0`?
kablam! 
kablam! error: no field `x` on type `geo::Point`
kablam!    --> src/proj.rs:121:29
kablam!     |
kablam! 121 |         assert_almost_eq(rv.x, 500000.);
kablam!     |                             ^ did you mean `0`?
kablam! 
kablam! error: no field `y` on type `geo::Point`
kablam!    --> src/proj.rs:122:29
kablam!     |
kablam! 122 |         assert_almost_eq(rv.y, 500000.);
kablam!     |                             ^ did you mean `0`?
kablam! 
kablam! error: aborting due to 4 previous errors
kablam! 
kablam! error: Could not compile `proj`.
kablam! 
kablam! To learn more, run the command again with --verbose.
boom! running `docker rm -f 8b3c580618e9804b48afcb5b0b832e4a60a8e32d7a9e9b7cfee192b8d3281c07`
blam! 8b3c580618e9804b48afcb5b0b832e4a60a8e32d7a9e9b7cfee192b8d3281c07
boom! running: cargo +nightly test --frozen
boom! creating container for: cargo +nightly test --frozen
boom! running `docker create -v /home/ec2-user/cargobomb/./work/local/test-source/nightly/nightly:/source:ro -v /home/ec2-user/cargobomb/./work/local/cargo-home:/cargo-home:ro -v /home/ec2-user/cargobomb/./work/local/rustup-home:/rustup-home:ro -v /home/ec2-user/cargobomb/./work/local/target-dirs/nightly/nightly:/target:rw -e USER_ID=500 -e CMD=cargo +nightly test --frozen cargobomb`
blam! 0990d366225510456dd84105196974393049402432172b39d7bdb158a7acdd7a
boom! running `docker start -a 0990d366225510456dd84105196974393049402432172b39d7bdb158a7acdd7a`
kablam!    Compiling proj v0.1.1 (file:///source)
kablam! error[E0432]: unresolved import `super::super::geom::Point`
kablam!   --> src/proj.rs:89:9
kablam!    |
kablam! 89 |     use super::super::geom::Point;
kablam!    |         ^^^^^^^^^^^^^^^^^^^^^^^^^ Maybe a missing `extern crate geom;`?
kablam! 
kablam! error: no field `x` on type `geo::Point`
kablam!    --> src/proj.rs:117:29
kablam!     |
kablam! 117 |         assert_almost_eq(rv.x, 0.436332);
kablam!     |                             ^ did you mean `0`?
kablam! 
kablam! error: no field `y` on type `geo::Point`
kablam!    --> src/proj.rs:118:29
kablam!     |
kablam! 118 |         assert_almost_eq(rv.y, 0.802851);
kablam!     |                             ^ did you mean `0`?
kablam! 
kablam! error: no field `x` on type `geo::Point`
kablam!    --> src/proj.rs:121:29
kablam!     |
kablam! 121 |         assert_almost_eq(rv.x, 500000.);
kablam!     |                             ^ did you mean `0`?
kablam! 
kablam! error: no field `y` on type `geo::Point`
kablam!    --> src/proj.rs:122:29
kablam!     |
kablam! 122 |         assert_almost_eq(rv.y, 500000.);
kablam!     |                             ^ did you mean `0`?
kablam! 
kablam! error: aborting due to 4 previous errors
kablam! 
kablam! error: Could not compile `proj`.
kablam! 
kablam! To learn more, run the command again with --verbose.
boom! running `docker rm -f 0990d366225510456dd84105196974393049402432172b39d7bdb158a7acdd7a`
blam! 0990d366225510456dd84105196974393049402432172b39d7bdb158a7acdd7a
