boom! testing svg-0.5.5 against stable for beta
boom! running: cargo +stable build --frozen
boom! creating container for: cargo +stable build --frozen
boom! running `docker create -v /home/ec2-user/cargobomb/./work/local/test-source/beta/stable:/source:ro -v /home/ec2-user/cargobomb/./work/local/cargo-home:/cargo-home:ro -v /home/ec2-user/cargobomb/./work/local/rustup-home:/rustup-home:ro -v /home/ec2-user/cargobomb/./work/local/target-dirs/beta/stable:/target:rw -e USER_ID=500 -e CMD=cargo +stable build --frozen cargobomb`
blam! 159435250c412f260465797402e3693e6e6634e427d7d03b10c960a6f0a49712
boom! running `docker start -a 159435250c412f260465797402e3693e6e6634e427d7d03b10c960a6f0a49712`
kablam! warning: unused manifest key: package.categories
kablam! warning: unused manifest key: package.categories
kablam! warning: unused manifest key: package.categories
kablam!    Compiling svg v0.5.5 (file:///source)
kablam!     Finished debug [unoptimized + debuginfo] target(s) in 2.18 secs
boom! running `docker rm -f 159435250c412f260465797402e3693e6e6634e427d7d03b10c960a6f0a49712`
blam! 159435250c412f260465797402e3693e6e6634e427d7d03b10c960a6f0a49712
boom! running: cargo +stable test --frozen --no-run
boom! creating container for: cargo +stable test --frozen --no-run
boom! running `docker create -v /home/ec2-user/cargobomb/./work/local/test-source/beta/stable:/source:ro -v /home/ec2-user/cargobomb/./work/local/cargo-home:/cargo-home:ro -v /home/ec2-user/cargobomb/./work/local/rustup-home:/rustup-home:ro -v /home/ec2-user/cargobomb/./work/local/target-dirs/beta/stable:/target:rw -e USER_ID=500 -e CMD=cargo +stable test --frozen --no-run cargobomb`
blam! aec1d7a3f8bd0a5ad8e7be23b496b731cf7bfcc715db8270c0cd4b331987f65d
boom! running `docker start -a aec1d7a3f8bd0a5ad8e7be23b496b731cf7bfcc715db8270c0cd4b331987f65d`
kablam! warning: unused manifest key: package.categories
kablam! warning: unused manifest key: package.categories
kablam! warning: unused manifest key: package.categories
kablam!    Compiling svg v0.5.5 (file:///source)
kablam!     Finished debug [unoptimized + debuginfo] target(s) in 4.1 secs
boom! running `docker rm -f aec1d7a3f8bd0a5ad8e7be23b496b731cf7bfcc715db8270c0cd4b331987f65d`
blam! aec1d7a3f8bd0a5ad8e7be23b496b731cf7bfcc715db8270c0cd4b331987f65d
boom! running: cargo +stable test --frozen
boom! creating container for: cargo +stable test --frozen
boom! running `docker create -v /home/ec2-user/cargobomb/./work/local/test-source/beta/stable:/source:ro -v /home/ec2-user/cargobomb/./work/local/cargo-home:/cargo-home:ro -v /home/ec2-user/cargobomb/./work/local/rustup-home:/rustup-home:ro -v /home/ec2-user/cargobomb/./work/local/target-dirs/beta/stable:/target:rw -e USER_ID=500 -e CMD=cargo +stable test --frozen cargobomb`
blam! 24ff91c94c4c6c734a360151d90d3310dc5b5820a62f90558763ac03da24e163
boom! running `docker start -a 24ff91c94c4c6c734a360151d90d3310dc5b5820a62f90558763ac03da24e163`
kablam! warning: unused manifest key: package.categories
kablam! warning: unused manifest key: package.categories
kablam! warning: unused manifest key: package.categories
kablam!     Finished debug [unoptimized + debuginfo] target(s) in 0.0 secs
kablam!      Running /target/debug/deps/svg-f9c9bbab9853fed2
blam! 
blam! running 19 tests
blam! test node::element::path::data::tests::data_parse ... ok
blam! test node::element::path::data::tests::data_into_value ... ok
blam! test node::element::path::data::tests::parser_read_number ... ok
blam! test node::element::tag::tests::parser_process ... ok
blam! test node::element::path::data::tests::parser_read_command ... ok
blam! test node::element::path::data::tests::parser_read_parameters ... ok
blam! test node::element::tag::tests::parser_read_attribute ... ok
blam! test node::element::tests::element_display ... ok
blam! test node::element::tests::style_display ... ok
blam! test node::element::tests::element_display_quotes ... ok
blam! test parser::reader::tests::capture ... ok
blam! test parser::reader::tests::consume_name ... ok
blam! test parser::reader::tests::consume_number ... ok
blam! test parser::reader::tests::consume_attribute ... ok
blam! test node::value::tests::value_from_vector ... ok
blam! test parser::reader::tests::consume_whitespace ... ok
blam! test parser::tests::next_text ... ok
blam! test parser::tests::next_tag ... ok
blam! test tests::open ... ok
blam! 
blam! test result: ok. 19 passed; 0 failed; 0 ignored; 0 measured
blam! 
kablam!    Doc-tests svg
blam! 
blam! running 2 tests
blam! test _0 ... FAILED
blam! test _1 ... ok
blam! 
blam! failures:
blam! 
blam! ---- _0 stdout ----
blam! 	warning: unused result which must be used, #[warn(unused_must_use)] on by default
blam!   --> <anon>:25:1
blam!    |
blam! 25 | ::std::fs::remove_file("image.svg");
blam!    | ^^^^^^^^^^^^^^^^^^^^^^^^^^^^^^^^^^^^
blam! 
blam! thread '_0' panicked at 'test executable failed:
blam! 
blam! thread 'main' panicked at 'called `Result::unwrap()` on an `Err` value: Error { repr: Os { code: 30, message: "Read-only file system" } }', /buildslave/rust-buildbot/slave/stable-dist-rustc-linux/build/src/libcore/result.rs:837
blam! note: Run with `RUST_BACKTRACE=1` for a backtrace.
blam! ', /buildslave/rust-buildbot/slave/stable-dist-rustc-linux/build/src/librustdoc/test.rs:301
blam! note: Run with `RUST_BACKTRACE=1` for a backtrace.
blam! 
blam! 
blam! failures:
blam!     _0
blam! 
blam! test result: FAILED. 1 passed; 1 failed; 0 ignored; 0 measured
blam! 
kablam! error: test failed
boom! running `docker rm -f 24ff91c94c4c6c734a360151d90d3310dc5b5820a62f90558763ac03da24e163`
blam! 24ff91c94c4c6c734a360151d90d3310dc5b5820a62f90558763ac03da24e163
