boom! testing mac-0.0.2 against stable for nightly
boom! running: cargo +stable build --frozen
boom! creating container for: cargo +stable build --frozen
boom! running `docker create -v /home/ec2-user/cargobomb/./work/local/test-source/nightly/stable:/source:ro -v /home/ec2-user/cargobomb/./work/local/cargo-home:/cargo-home:ro -v /home/ec2-user/cargobomb/./work/local/rustup-home:/rustup-home:ro -v /home/ec2-user/cargobomb/./work/local/target-dirs/nightly/stable:/target:rw -e USER_ID=500 -e CMD=cargo +stable build --frozen cargobomb`
blam! c1d5d5eb89a0b27015604b6f6ac9650b4131304b08a6f442fb2fe1b7b512c755
boom! running `docker start -a c1d5d5eb89a0b27015604b6f6ac9650b4131304b08a6f442fb2fe1b7b512c755`
kablam!    Compiling mac v0.0.2 (file:///source)
kablam!     Finished debug [unoptimized + debuginfo] target(s) in 0.24 secs
boom! running `docker rm -f c1d5d5eb89a0b27015604b6f6ac9650b4131304b08a6f442fb2fe1b7b512c755`
blam! c1d5d5eb89a0b27015604b6f6ac9650b4131304b08a6f442fb2fe1b7b512c755
boom! running: cargo +stable test --frozen --no-run
boom! creating container for: cargo +stable test --frozen --no-run
boom! running `docker create -v /home/ec2-user/cargobomb/./work/local/test-source/nightly/stable:/source:ro -v /home/ec2-user/cargobomb/./work/local/cargo-home:/cargo-home:ro -v /home/ec2-user/cargobomb/./work/local/rustup-home:/rustup-home:ro -v /home/ec2-user/cargobomb/./work/local/target-dirs/nightly/stable:/target:rw -e USER_ID=500 -e CMD=cargo +stable test --frozen --no-run cargobomb`
blam! fe865d6ae3bfdb15d44e6e7da1209a6f38b131423193415e6375ce8c0a651d1c
boom! running `docker start -a fe865d6ae3bfdb15d44e6e7da1209a6f38b131423193415e6375ce8c0a651d1c`
kablam!    Compiling mac v0.0.2 (file:///source)
kablam!     Finished debug [unoptimized + debuginfo] target(s) in 0.62 secs
boom! running `docker rm -f fe865d6ae3bfdb15d44e6e7da1209a6f38b131423193415e6375ce8c0a651d1c`
blam! fe865d6ae3bfdb15d44e6e7da1209a6f38b131423193415e6375ce8c0a651d1c
boom! running: cargo +stable test --frozen
boom! creating container for: cargo +stable test --frozen
boom! running `docker create -v /home/ec2-user/cargobomb/./work/local/test-source/nightly/stable:/source:ro -v /home/ec2-user/cargobomb/./work/local/cargo-home:/cargo-home:ro -v /home/ec2-user/cargobomb/./work/local/rustup-home:/rustup-home:ro -v /home/ec2-user/cargobomb/./work/local/target-dirs/nightly/stable:/target:rw -e USER_ID=500 -e CMD=cargo +stable test --frozen cargobomb`
blam! 94ab57fdf3383057b1f73b9c619e1f4356dde38f73f76c3d9724ccd8f0f27d03
boom! running `docker start -a 94ab57fdf3383057b1f73b9c619e1f4356dde38f73f76c3d9724ccd8f0f27d03`
kablam!     Finished debug [unoptimized + debuginfo] target(s) in 0.0 secs
kablam!      Running /target/debug/deps/mac-35da77de30ac9064
blam! 
blam! running 1 test
blam! test matches::test_matches ... ok
blam! 
blam! test result: ok. 1 passed; 0 failed; 0 ignored; 0 measured
blam! 
kablam!    Doc-tests mac
blam! 
blam! running 7 tests
blam! test format_if_0 ... FAILED
blam! test addrs_of_0 ... ok
blam! test matches_0 ... ok
blam! test do_while_1 ... ok
blam! test test_eq_0 ... ok
blam! test do_while_0 ... ok
blam! test unwrap_or_return_0 ... ok
blam! 
blam! failures:
blam! 
blam! ---- format_if_0 stdout ----
blam! 	error: no method named `is_owned` found for type `std::borrow::Cow<'_, str>` in the current scope
blam!  --> <anon>:6:19
blam!   |
blam! 6 | assert!(formatted.is_owned());
blam!   |                   ^^^^^^^^
blam! 
blam! error: no method named `is_borrowed` found for type `std::borrow::Cow<'_, str>` in the current scope
blam!   --> <anon>:14:23
blam!    |
blam! 14 | assert!(not_formatted.is_borrowed())
blam!    |                       ^^^^^^^^^^^
blam! 
blam! error: aborting due to previous error(s)
blam! 
blam! thread 'format_if_0' panicked at 'Box<Any>', /buildslave/rust-buildbot/slave/stable-dist-rustc-linux/build/src/librustc/session/mod.rs:201
blam! note: Run with `RUST_BACKTRACE=1` for a backtrace.
blam! 
blam! 
blam! failures:
blam!     format_if_0
blam! 
blam! test result: FAILED. 6 passed; 1 failed; 0 ignored; 0 measured
blam! 
kablam! error: test failed
boom! running `docker rm -f 94ab57fdf3383057b1f73b9c619e1f4356dde38f73f76c3d9724ccd8f0f27d03`
blam! 94ab57fdf3383057b1f73b9c619e1f4356dde38f73f76c3d9724ccd8f0f27d03
