boom! testing passwors-0.1.1 against stable for beta
boom! running: cargo +stable build --frozen
boom! creating container for: cargo +stable build --frozen
boom! running `docker create -v /home/ec2-user/cargobomb/./work/local/test-source/beta/stable:/source:ro -v /home/ec2-user/cargobomb/./work/local/cargo-home:/cargo-home:ro -v /home/ec2-user/cargobomb/./work/local/rustup-home:/rustup-home:ro -v /home/ec2-user/cargobomb/./work/local/target-dirs/beta/stable:/target:rw -e USER_ID=500 -e CMD=cargo +stable build --frozen cargobomb`
blam! dc39b49d0e17ae1593d8455c71060f4262d3fd337caee773f910fc6f78fc847b
boom! running `docker start -a dc39b49d0e17ae1593d8455c71060f4262d3fd337caee773f910fc6f78fc847b`
kablam!    Compiling serde_codegen_internals v0.8.9
kablam!    Compiling aster v0.27.0
kablam!    Compiling blake2-rfc v0.2.17
kablam!    Compiling quasi v0.20.1
kablam! error[E0554]: #[feature] may not be used on the stable release channel
kablam!   --> /cargo-home/registry/src/github.com-1ecc6299db9ec823/blake2-rfc-0.2.17/src/lib.rs:17:31
kablam!    |
kablam! 17 | #![cfg_attr(feature = "simd", feature(platform_intrinsics, repr_simd))]
kablam!    |                               ^^^^^^^^^^^^^^^^^^^^^^^^^^^^^^^^^^^^^^^
kablam! 
kablam! error[E0554]: #[feature] may not be used on the stable release channel
kablam!   --> /cargo-home/registry/src/github.com-1ecc6299db9ec823/blake2-rfc-0.2.17/src/lib.rs:18:35
kablam!    |
kablam! 18 | #![cfg_attr(feature = "simd_opt", feature(cfg_target_feature))]
kablam!    |                                   ^^^^^^^^^^^^^^^^^^^^^^^^^^^
kablam! 
kablam! error[E0554]: #[feature] may not be used on the stable release channel
kablam!   --> /cargo-home/registry/src/github.com-1ecc6299db9ec823/blake2-rfc-0.2.17/src/lib.rs:19:35
kablam!    |
kablam! 19 | #![cfg_attr(feature = "simd_asm", feature(asm))]
kablam!    |                                   ^^^^^^^^^^^^
kablam! 
kablam! error: aborting due to 3 previous errors
kablam! 
blam! Build failed, waiting for other jobs to finish...
kablam! error[E0554]: #[feature] may not be used on the stable release channel
kablam!   --> /cargo-home/registry/src/github.com-1ecc6299db9ec823/quasi-0.20.1/src/lib.rs:11:43
kablam!    |
kablam! 11 | #![cfg_attr(not(feature = "with-syntex"), feature(rustc_private))]
kablam!    |                                           ^^^^^^^^^^^^^^^^^^^^^^
kablam! 
kablam! error: aborting due to previous error
kablam! 
kablam! error[E0554]: #[feature] may not be used on the stable release channel
kablam!  --> /cargo-home/registry/src/github.com-1ecc6299db9ec823/serde_codegen_internals-0.8.9/src/lib.rs:3:43
kablam!   |
kablam! 3 | #![cfg_attr(not(feature = "with-syntex"), feature(rustc_private, plugin))]
kablam!   |                                           ^^^^^^^^^^^^^^^^^^^^^^^^^^^^^^
kablam! 
kablam! error: aborting due to previous error
kablam! 
blam! Build failed, waiting for other jobs to finish...
blam! Build failed, waiting for other jobs to finish...
kablam! error[E0554]: #[feature] may not be used on the stable release channel
kablam!  --> /cargo-home/registry/src/github.com-1ecc6299db9ec823/aster-0.27.0/src/lib.rs:1:43
kablam!   |
kablam! 1 | #![cfg_attr(not(feature = "with-syntex"), feature(rustc_private))]
kablam!   |                                           ^^^^^^^^^^^^^^^^^^^^^^
kablam! 
kablam! error: aborting due to previous error
kablam! 
kablam! error: Could not compile `blake2-rfc`.
kablam! 
kablam! To learn more, run the command again with --verbose.
boom! running `docker rm -f dc39b49d0e17ae1593d8455c71060f4262d3fd337caee773f910fc6f78fc847b`
blam! dc39b49d0e17ae1593d8455c71060f4262d3fd337caee773f910fc6f78fc847b
