boom! testing borealis_codegen-0.1.0 against nightly for nightly
boom! running: cargo +nightly build --frozen
boom! creating container for: cargo +nightly build --frozen
boom! running `docker create -v /home/ec2-user/cargobomb/./work/local/test-source/nightly/nightly:/source:ro -v /home/ec2-user/cargobomb/./work/local/cargo-home:/cargo-home:ro -v /home/ec2-user/cargobomb/./work/local/rustup-home:/rustup-home:ro -v /home/ec2-user/cargobomb/./work/local/target-dirs/nightly/nightly:/target:rw -e USER_ID=500 -e CMD=cargo +nightly build --frozen cargobomb`
blam! e47a6eb1087b4462a1accde56873b93726dbfdb78efef775fa66f65115878b19
boom! running `docker start -a e47a6eb1087b4462a1accde56873b93726dbfdb78efef775fa66f65115878b19`
kablam!    Compiling quasi v0.9.0
kablam!    Compiling aster v0.15.0
kablam!    Compiling regex_macros v0.1.38
kablam!    Compiling borealis v0.1.0
kablam! error[E0432]: unresolved import `syntax::ast::TokenTree`
kablam!   --> /cargo-home/registry/src/github.com-1ecc6299db9ec823/quasi-0.9.0/src/lib.rs:26:25
kablam!    |
kablam! 26 | use syntax::ast::{self, TokenTree};
kablam!    |                         ^^^^^^^^^ no `TokenTree` in `ast`
kablam! 
kablam! error[E0432]: unresolved import `errors::FatalError`
kablam!    --> /cargo-home/registry/src/github.com-1ecc6299db9ec823/quasi-0.9.0/src/lib.rs:136:9
kablam!     |
kablam! 136 |         panictry!(parse_tts_from_source_str("<quote expansion>".to_string(), s, cx.cfg(), cx.parse_sess()))
kablam!     |         ^^^^^^^^^^^^^^^^^^^^^^^^^^^^^^^^^^^^^^^^^^^^^^^^^^^^^^^^^^^^^^^^^^^^^^^^^^^^^^^^^^^^^^^^^^^^^^^^^^^ Did you mean `syntax::errors`?
kablam!     |
kablam!     = note: this error originates in a macro outside of the current crate
kablam! 
kablam! error[E0432]: unresolved import `errors::FatalError`
kablam!    --> /cargo-home/registry/src/github.com-1ecc6299db9ec823/quasi-0.9.0/src/lib.rs:151:9
kablam!     |
kablam! 151 |         panictry!(parse_tts_from_source_str("<quote expansion>".to_string(), s, cx.cfg(), cx.parse_sess()))
kablam!     |         ^^^^^^^^^^^^^^^^^^^^^^^^^^^^^^^^^^^^^^^^^^^^^^^^^^^^^^^^^^^^^^^^^^^^^^^^^^^^^^^^^^^^^^^^^^^^^^^^^^^ Did you mean `syntax::errors`?
kablam!     |
kablam!     = note: this error originates in a macro outside of the current crate
kablam! 
kablam! error[E0432]: unresolved import `errors::FatalError`
kablam!    --> /cargo-home/registry/src/github.com-1ecc6299db9ec823/quasi-0.9.0/src/lib.rs:336:9
kablam!     |
kablam! 336 |           panictry!(parse::parse_item_from_source_str(
kablam!     |  _________^ starting here...
kablam! 337 | |             "<quote expansion>".to_string(),
kablam! 338 | |             s,
kablam! 339 | |             self.cfg(),
kablam! 340 | |             self.parse_sess())).expect("parse error")
kablam!     | |_______________________________^ ...ending here: Did you mean `syntax::errors`?
kablam!     |
kablam!     = note: this error originates in a macro outside of the current crate
kablam! 
kablam! error[E0432]: unresolved import `errors::FatalError`
kablam!    --> /cargo-home/registry/src/github.com-1ecc6299db9ec823/quasi-0.9.0/src/lib.rs:344:9
kablam!     |
kablam! 344 |           panictry!(parse::parse_stmt_from_source_str(
kablam!     |  _________^ starting here...
kablam! 345 | |             "<quote expansion>".to_string(),
kablam! 346 | |             s,
kablam! 347 | |             self.cfg(),
kablam! 348 | |             self.parse_sess())).expect("parse error")
kablam!     | |_______________________________^ ...ending here: Did you mean `syntax::errors`?
kablam!     |
kablam!     = note: this error originates in a macro outside of the current crate
kablam! 
kablam! error[E0432]: unresolved import `errors::FatalError`
kablam!    --> /cargo-home/registry/src/github.com-1ecc6299db9ec823/quasi-0.9.0/src/lib.rs:352:9
kablam!     |
kablam! 352 |           panictry!(parse::parse_expr_from_source_str(
kablam!     |  _________^ starting here...
kablam! 353 | |             "<quote expansion>".to_string(),
kablam! 354 | |             s,
kablam! 355 | |             self.cfg(),
kablam! 356 | |             self.parse_sess()))
kablam!     | |_______________________________^ ...ending here: Did you mean `syntax::errors`?
kablam!     |
kablam!     = note: this error originates in a macro outside of the current crate
kablam! 
kablam! error[E0432]: unresolved import `errors::FatalError`
kablam!    --> /cargo-home/registry/src/github.com-1ecc6299db9ec823/quasi-0.9.0/src/lib.rs:360:9
kablam!     |
kablam! 360 |           panictry!(parse::parse_tts_from_source_str(
kablam!     |  _________^ starting here...
kablam! 361 | |             "<quote expansion>".to_string(),
kablam! 362 | |             s,
kablam! 363 | |             self.cfg(),
kablam! 364 | |             self.parse_sess()))
kablam!     | |_______________________________^ ...ending here: Did you mean `syntax::errors`?
kablam!     |
kablam!     = note: this error originates in a macro outside of the current crate
kablam! 
kablam! error[E0432]: unresolved import `errors::FatalError`
kablam!    --> /cargo-home/registry/src/github.com-1ecc6299db9ec823/quasi-0.9.0/src/lib.rs:369:9
kablam!     |
kablam! 369 |         panictry!(parser.parse_expr())
kablam!     |         ^^^^^^^^^^^^^^^^^^^^^^^^^^^^^^ Did you mean `syntax::errors`?
kablam!     |
kablam!     = note: this error originates in a macro outside of the current crate
kablam! 
kablam! error[E0432]: unresolved import `errors::FatalError`
kablam!    --> /cargo-home/registry/src/github.com-1ecc6299db9ec823/quasi-0.9.0/src/lib.rs:373:9
kablam!     |
kablam! 373 |         panictry!(parser.parse_item())
kablam!     |         ^^^^^^^^^^^^^^^^^^^^^^^^^^^^^^ Did you mean `syntax::errors`?
kablam!     |
kablam!     = note: this error originates in a macro outside of the current crate
kablam! 
kablam! error[E0432]: unresolved import `errors::FatalError`
kablam!    --> /cargo-home/registry/src/github.com-1ecc6299db9ec823/quasi-0.9.0/src/lib.rs:377:9
kablam!     |
kablam! 377 |         panictry!(parser.parse_pat())
kablam!     |         ^^^^^^^^^^^^^^^^^^^^^^^^^^^^^ Did you mean `syntax::errors`?
kablam!     |
kablam!     = note: this error originates in a macro outside of the current crate
kablam! 
kablam! error[E0432]: unresolved import `errors::FatalError`
kablam!    --> /cargo-home/registry/src/github.com-1ecc6299db9ec823/quasi-0.9.0/src/lib.rs:381:9
kablam!     |
kablam! 381 |         panictry!(parser.parse_arm())
kablam!     |         ^^^^^^^^^^^^^^^^^^^^^^^^^^^^^ Did you mean `syntax::errors`?
kablam!     |
kablam!     = note: this error originates in a macro outside of the current crate
kablam! 
kablam! error[E0432]: unresolved import `errors::FatalError`
kablam!    --> /cargo-home/registry/src/github.com-1ecc6299db9ec823/quasi-0.9.0/src/lib.rs:385:9
kablam!     |
kablam! 385 |         panictry!(parser.parse_ty())
kablam!     |         ^^^^^^^^^^^^^^^^^^^^^^^^^^^^ Did you mean `syntax::errors`?
kablam!     |
kablam!     = note: this error originates in a macro outside of the current crate
kablam! 
kablam! error[E0432]: unresolved import `errors::FatalError`
kablam!    --> /cargo-home/registry/src/github.com-1ecc6299db9ec823/quasi-0.9.0/src/lib.rs:389:5
kablam!     |
kablam! 389 |     panictry!(parser.parse_stmt())
kablam!     |     ^^^^^^^^^^^^^^^^^^^^^^^^^^^^^^ Did you mean `syntax::errors`?
kablam!     |
kablam!     = note: this error originates in a macro outside of the current crate
kablam! 
kablam! error[E0432]: unresolved import `errors::FatalError`
kablam!    --> /cargo-home/registry/src/github.com-1ecc6299db9ec823/quasi-0.9.0/src/lib.rs:393:9
kablam!     |
kablam! 393 |         panictry!(parser.parse_attribute(permit_inner))
kablam!     |         ^^^^^^^^^^^^^^^^^^^^^^^^^^^^^^^^^^^^^^^^^^^^^^^ Did you mean `syntax::errors`?
kablam!     |
kablam!     = note: this error originates in a macro outside of the current crate
kablam! 
kablam! error[E0433]: failed to resolve. Could not find `TokenTree` in `ast`
kablam!   --> /cargo-home/registry/src/github.com-1ecc6299db9ec823/quasi-0.9.0/src/lib.rs:82:14
kablam!    |
kablam! 82 |         vec![ast::TokenTree::Token(DUMMY_SP, token::Ident(*self, token::Plain))]
kablam!    |              ^^^^^^^^^^^^^^^^^^^^^ Could not find `TokenTree` in `ast`
kablam! 
kablam! error[E0425]: cannot find value `Plain` in module `token`
kablam!   --> /cargo-home/registry/src/github.com-1ecc6299db9ec823/quasi-0.9.0/src/lib.rs:82:66
kablam!    |
kablam! 82 |         vec![ast::TokenTree::Token(DUMMY_SP, token::Ident(*self, token::Plain))]
kablam!    |                                                                  ^^^^^^^^^^^^ not found in `token`
kablam! 
kablam! error[E0433]: failed to resolve. Could not find `TokenTree` in `ast`
kablam!   --> /cargo-home/registry/src/github.com-1ecc6299db9ec823/quasi-0.9.0/src/lib.rs:88:14
kablam!    |
kablam! 88 |         vec![ast::TokenTree::Token(DUMMY_SP, token::Interpolated(token::NtPath(Box::new(self.clone()))))]
kablam!    |              ^^^^^^^^^^^^^^^^^^^^^ Could not find `TokenTree` in `ast`
kablam! 
kablam! error[E0433]: failed to resolve. Could not find `TokenTree` in `ast`
kablam!   --> /cargo-home/registry/src/github.com-1ecc6299db9ec823/quasi-0.9.0/src/lib.rs:94:14
kablam!    |
kablam! 94 |         vec![ast::TokenTree::Token(self.span, token::Interpolated(token::NtTy(P(self.clone()))))]
kablam!    |              ^^^^^^^^^^^^^^^^^^^^^ Could not find `TokenTree` in `ast`
kablam! 
kablam! error[E0433]: failed to resolve. Could not find `TokenTree` in `ast`
kablam!    --> /cargo-home/registry/src/github.com-1ecc6299db9ec823/quasi-0.9.0/src/lib.rs:100:14
kablam!     |
kablam! 100 |         vec![ast::TokenTree::Token(self.span, token::Interpolated(token::NtTy(self.clone())))]
kablam!     |              ^^^^^^^^^^^^^^^^^^^^^ Could not find `TokenTree` in `ast`
kablam! 
kablam! error[E0433]: failed to resolve. Could not find `TokenTree` in `ast`
kablam!    --> /cargo-home/registry/src/github.com-1ecc6299db9ec823/quasi-0.9.0/src/lib.rs:106:14
kablam!     |
kablam! 106 |         vec![ast::TokenTree::Token(self.span, token::Interpolated(token::NtBlock(self.clone())))]
kablam!     |              ^^^^^^^^^^^^^^^^^^^^^ Could not find `TokenTree` in `ast`
kablam! 
kablam! error[E0433]: failed to resolve. Could not find `TokenTree` in `ast`
kablam!    --> /cargo-home/registry/src/github.com-1ecc6299db9ec823/quasi-0.9.0/src/lib.rs:112:14
kablam!     |
kablam! 112 |         vec![ast::TokenTree::Token(self.span, token::Interpolated(token::NtItem(self.clone())))]
kablam!     |              ^^^^^^^^^^^^^^^^^^^^^ Could not find `TokenTree` in `ast`
kablam! 
kablam! error[E0433]: failed to resolve. Could not find `TokenTree` in `ast`
kablam!    --> /cargo-home/registry/src/github.com-1ecc6299db9ec823/quasi-0.9.0/src/lib.rs:118:14
kablam!     |
kablam! 118 |         vec![ast::TokenTree::Token(self.span, token::Interpolated(token::NtImplItem(self.clone())))]
kablam!     |              ^^^^^^^^^^^^^^^^^^^^^ Could not find `TokenTree` in `ast`
kablam! 
kablam! error[E0433]: failed to resolve. Could not find `TokenTree` in `ast`
kablam!    --> /cargo-home/registry/src/github.com-1ecc6299db9ec823/quasi-0.9.0/src/lib.rs:124:14
kablam!     |
kablam! 124 |         vec![ast::TokenTree::Token(self.span, token::Interpolated(token::NtTraitItem(self.clone())))]
kablam!     |              ^^^^^^^^^^^^^^^^^^^^^ Could not find `TokenTree` in `ast`
kablam! 
kablam! error[E0433]: failed to resolve. Could not find `TokenTree` in `ast`
kablam!    --> /cargo-home/registry/src/github.com-1ecc6299db9ec823/quasi-0.9.0/src/lib.rs:158:13
kablam!     |
kablam! 158 |             ast::TokenTree::Token(self.span, token::Interpolated(token::NtStmt(P(self.clone()))))
kablam!     |             ^^^^^^^^^^^^^^^^^^^^^ Could not find `TokenTree` in `ast`
kablam! 
kablam! error[E0433]: failed to resolve. Could not find `TokenTree` in `ast`
kablam!    --> /cargo-home/registry/src/github.com-1ecc6299db9ec823/quasi-0.9.0/src/lib.rs:163:22
kablam!     |
kablam! 163 |             tts.push(ast::TokenTree::Token(self.span, token::Semi));
kablam!     |                      ^^^^^^^^^^^^^^^^^^^^^ Could not find `TokenTree` in `ast`
kablam! 
kablam! error[E0433]: failed to resolve. Could not find `TokenTree` in `ast`
kablam!    --> /cargo-home/registry/src/github.com-1ecc6299db9ec823/quasi-0.9.0/src/lib.rs:172:14
kablam!     |
kablam! 172 |         vec![ast::TokenTree::Token(self.span, token::Interpolated(token::NtExpr(self.clone())))]
kablam!     |              ^^^^^^^^^^^^^^^^^^^^^ Could not find `TokenTree` in `ast`
kablam! 
kablam! error[E0433]: failed to resolve. Could not find `TokenTree` in `ast`
kablam!    --> /cargo-home/registry/src/github.com-1ecc6299db9ec823/quasi-0.9.0/src/lib.rs:178:14
kablam!     |
kablam! 178 |         vec![ast::TokenTree::Token(self.span, token::Interpolated(token::NtPat(self.clone())))]
kablam!     |              ^^^^^^^^^^^^^^^^^^^^^ Could not find `TokenTree` in `ast`
kablam! 
kablam! error[E0433]: failed to resolve. Could not find `TokenTree` in `ast`
kablam!    --> /cargo-home/registry/src/github.com-1ecc6299db9ec823/quasi-0.9.0/src/lib.rs:184:14
kablam!     |
kablam! 184 |         vec![ast::TokenTree::Token(DUMMY_SP, token::Interpolated(token::NtArm(self.clone())))]
kablam!     |              ^^^^^^^^^^^^^^^^^^^^^ Could not find `TokenTree` in `ast`
kablam! 
kablam! error[E0433]: failed to resolve. Could not find `TokenTree` in `ast`
kablam!    --> /cargo-home/registry/src/github.com-1ecc6299db9ec823/quasi-0.9.0/src/lib.rs:205:35
kablam!     |
kablam! 205 | impl_to_tokens_slice! { ast::Ty, [ast::TokenTree::Token(DUMMY_SP, token::Comma)] }
kablam!     | ----------------------------------^^^^^^^^^^^^^^^^^^^^^---------------------------
kablam!     | |                                 |
kablam!     | |                                 Could not find `TokenTree` in `ast`
kablam!     | in this macro invocation
kablam! 
kablam! error[E0433]: failed to resolve. Could not find `TokenTree` in `ast`
kablam!    --> /cargo-home/registry/src/github.com-1ecc6299db9ec823/quasi-0.9.0/src/lib.rs:210:14
kablam!     |
kablam! 210 |         vec![ast::TokenTree::Token(DUMMY_SP, token::Interpolated(token::NtMeta(self.clone())))]
kablam!     |              ^^^^^^^^^^^^^^^^^^^^^ Could not find `TokenTree` in `ast`
kablam! 
kablam! error[E0433]: failed to resolve. Could not find `TokenTree` in `ast`
kablam!    --> /cargo-home/registry/src/github.com-1ecc6299db9ec823/quasi-0.9.0/src/lib.rs:218:16
kablam!     |
kablam! 218 |         r.push(ast::TokenTree::Token(self.span, token::Pound));
kablam!     |                ^^^^^^^^^^^^^^^^^^^^^ Could not find `TokenTree` in `ast`
kablam! 
kablam! error[E0433]: failed to resolve. Could not find `TokenTree` in `ast`
kablam!    --> /cargo-home/registry/src/github.com-1ecc6299db9ec823/quasi-0.9.0/src/lib.rs:220:20
kablam!     |
kablam! 220 |             r.push(ast::TokenTree::Token(self.span, token::Not));
kablam!     |                    ^^^^^^^^^^^^^^^^^^^^^ Could not find `TokenTree` in `ast`
kablam! 
kablam! error[E0433]: failed to resolve. Could not find `TokenTree` in `ast`
kablam!    --> /cargo-home/registry/src/github.com-1ecc6299db9ec823/quasi-0.9.0/src/lib.rs:222:16
kablam!     |
kablam! 222 |         r.push(ast::TokenTree::Delimited(self.span, Rc::new(ast::Delimited {
kablam!     |                ^^^^^^^^^^^^^^^^^^^^^^^^^ Could not find `TokenTree` in `ast`
kablam! 
kablam! error[E0422]: cannot find struct, variant or union type `Delimited` in module `ast`
kablam!    --> /cargo-home/registry/src/github.com-1ecc6299db9ec823/quasi-0.9.0/src/lib.rs:222:61
kablam!     |
kablam! 222 |         r.push(ast::TokenTree::Delimited(self.span, Rc::new(ast::Delimited {
kablam!     |                                                             ^^^^^^^^^^^^^^ not found in `ast`
kablam!     |
kablam!     = help: possible candidates are found in other modules, you can import them into scope:
kablam!               `use syntax::ext::tt::quoted::Delimited;`
kablam!               `use syntax::ext::tt::quoted::TokenTree::Delimited;`
kablam!               `use syntax::tokenstream::Delimited;`
kablam!               `use syntax::tokenstream::TokenTree::Delimited;`
kablam! 
kablam! error[E0425]: cannot find function `intern_and_get_ident` in module `token`
kablam!    --> /cargo-home/registry/src/github.com-1ecc6299db9ec823/quasi-0.9.0/src/lib.rs:236:13
kablam!     |
kablam! 236 |             token::intern_and_get_ident(self), ast::StrStyle::Cooked);
kablam!     |             ^^^^^^^^^^^^^^^^^^^^^^^^^^^ not found in `token`
kablam! 
kablam! error[E0433]: failed to resolve. Could not find `TokenTree` in `ast`
kablam!    --> /cargo-home/registry/src/github.com-1ecc6299db9ec823/quasi-0.9.0/src/lib.rs:243:14
kablam!     |
kablam! 243 |         vec![ast::TokenTree::Delimited(DUMMY_SP, Rc::new(ast::Delimited {
kablam!     |              ^^^^^^^^^^^^^^^^^^^^^^^^^ Could not find `TokenTree` in `ast`
kablam! 
kablam! error[E0422]: cannot find struct, variant or union type `Delimited` in module `ast`
kablam!    --> /cargo-home/registry/src/github.com-1ecc6299db9ec823/quasi-0.9.0/src/lib.rs:243:58
kablam!     |
kablam! 243 |         vec![ast::TokenTree::Delimited(DUMMY_SP, Rc::new(ast::Delimited {
kablam!     |                                                          ^^^^^^^^^^^^^^ not found in `ast`
kablam!     |
kablam!     = help: possible candidates are found in other modules, you can import them into scope:
kablam!               `use syntax::ext::tt::quoted::Delimited;`
kablam!               `use syntax::ext::tt::quoted::TokenTree::Delimited;`
kablam!               `use syntax::tokenstream::Delimited;`
kablam!               `use syntax::tokenstream::TokenTree::Delimited;`
kablam! 
kablam! error[E0412]: cannot find type `TokenTree` in module `ast`
kablam!    --> /cargo-home/registry/src/github.com-1ecc6299db9ec823/quasi-0.9.0/src/lib.rs:330:43
kablam!     |
kablam! 330 |     fn parse_tts(&self, s: String) -> Vec<ast::TokenTree>;
kablam!     |                                           ^^^^^^^^^^^^^^ not found in `ast`
kablam!     |
kablam!     = help: possible candidates are found in other modules, you can import them into scope:
kablam!               `use syntax::ext::tt::quoted::TokenTree;`
kablam!               `use syntax::tokenstream::TokenTree;`
kablam! 
kablam! error[E0412]: cannot find type `TokenTree` in module `ast`
kablam!    --> /cargo-home/registry/src/github.com-1ecc6299db9ec823/quasi-0.9.0/src/lib.rs:359:43
kablam!     |
kablam! 359 |     fn parse_tts(&self, s: String) -> Vec<ast::TokenTree> {
kablam!     |                                           ^^^^^^^^^^^^^^ not found in `ast`
kablam!     |
kablam!     = help: possible candidates are found in other modules, you can import them into scope:
kablam!               `use syntax::ext::tt::quoted::TokenTree;`
kablam!               `use syntax::tokenstream::TokenTree;`
kablam! 
kablam! error[E0412]: cannot find type `Attribute_` in module `ast`
kablam!    --> /cargo-home/registry/src/github.com-1ecc6299db9ec823/quasi-0.9.0/src/lib.rs:551:21
kablam!     |
kablam! 551 | impl_wrap_repeat! { ast::Attribute_ }
kablam!     | --------------------^^^^^^^^^^^^^^^--
kablam!     | |                   |
kablam!     | |                   did you mean `ast::Attribute`?
kablam!     | in this macro invocation
kablam! 
kablam! error[E0412]: cannot find type `Attribute_` in module `ast`
kablam!    --> /cargo-home/registry/src/github.com-1ecc6299db9ec823/quasi-0.9.0/src/lib.rs:551:21
kablam!     |
kablam! 551 | impl_wrap_repeat! { ast::Attribute_ }
kablam!     | --------------------^^^^^^^^^^^^^^^--
kablam!     | |                   |
kablam!     | |                   did you mean `ast::Attribute`?
kablam!     | in this macro invocation
kablam! 
kablam! error[E0412]: cannot find type `Attribute_` in module `ast`
kablam!    --> /cargo-home/registry/src/github.com-1ecc6299db9ec823/quasi-0.9.0/src/lib.rs:551:21
kablam!     |
kablam! 551 | impl_wrap_repeat! { ast::Attribute_ }
kablam!     | --------------------^^^^^^^^^^^^^^^--
kablam!     | |                   |
kablam!     | |                   did you mean `ast::Attribute`?
kablam!     | in this macro invocation
kablam! 
kablam! error[E0412]: cannot find type `Attribute_` in module `ast`
kablam!    --> /cargo-home/registry/src/github.com-1ecc6299db9ec823/quasi-0.9.0/src/lib.rs:551:21
kablam!     |
kablam! 551 | impl_wrap_repeat! { ast::Attribute_ }
kablam!     | --------------------^^^^^^^^^^^^^^^--
kablam!     | |                   |
kablam!     | |                   did you mean `ast::Attribute`?
kablam!     | in this macro invocation
kablam! 
kablam! error[E0119]: conflicting implementations of trait `ToTokens` for type `syntax::codemap::Spanned<syntax::ast::LitKind>`:
kablam!    --> /cargo-home/registry/src/github.com-1ecc6299db9ec823/quasi-0.9.0/src/lib.rs:252:1
kablam!     |
kablam! 64  |   impl<T: ToTokens> ToTokens for Spanned<T> {
kablam!     |  _- starting here...
kablam! 65  | |     fn to_tokens(&self, cx: &ExtCtxt) -> Vec<TokenTree> {
kablam! 66  | |         // FIXME: use the span?
kablam! 67  | |         self.node.to_tokens(cx)
kablam! 68  | |     }
kablam! 69  | | }
kablam!     | |_- ...ending here: first implementation here
kablam! ...
kablam! 252 |   impl ToTokens for ast::Lit {
kablam!     |   ^ conflicting implementation for `syntax::codemap::Spanned<syntax::ast::LitKind>`
kablam! 
kablam! error: aborting due to previous error
kablam! 
kablam! error[E0432]: unresolved import `syntax::attr::AttributesExt`
kablam!  --> /cargo-home/registry/src/github.com-1ecc6299db9ec823/aster-0.15.0/src/expr.rs:6:5
kablam!   |
kablam! 6 | use syntax::attr::AttributesExt;
kablam!   |     ^^^^^^^^^^^^^^^^^^^^^^^^^^^ no `AttributesExt` in `attr`
kablam! 
kablam! error[E0432]: unresolved import `syntax::feature_gate::GatedCfgAttr`
kablam!  --> /cargo-home/registry/src/github.com-1ecc6299db9ec823/aster-0.15.0/src/mac.rs:6:5
kablam!   |
kablam! 6 | use syntax::feature_gate::GatedCfgAttr;
kablam!   |     ^^^^^^^^^^^^^^^^^^^^^^^^^^^^^^^^^^ no `GatedCfgAttr` in `feature_gate`. Did you mean to use `GatedCfg`?
kablam! 
kablam! error[E0432]: unresolved import `syntax::attr::AttributesExt`
kablam!  --> /cargo-home/registry/src/github.com-1ecc6299db9ec823/aster-0.15.0/src/stmt.rs:2:5
kablam!   |
kablam! 2 | use syntax::attr::AttributesExt;
kablam!   |     ^^^^^^^^^^^^^^^^^^^^^^^^^^^ no `AttributesExt` in `attr`
kablam! 
kablam! error: Could not compile `quasi`.
blam! Build failed, waiting for other jobs to finish...
kablam! error[E0422]: cannot find struct, variant or union type `Attribute_` in module `ast`
kablam!   --> /cargo-home/registry/src/github.com-1ecc6299db9ec823/aster-0.15.0/src/attr.rs:51:38
kablam!    |
kablam! 51 |         let attr = respan(self.span, ast::Attribute_ {
kablam!    |                                      ^^^^^^^^^^^^^^^ did you mean `ast::Attribute`?
kablam! 
kablam! error[E0412]: cannot find type `InternedString` in module `token`
kablam!    --> /cargo-home/registry/src/github.com-1ecc6299db9ec823/aster-0.15.0/src/attr.rs:171:11
kablam!     |
kablam! 171 |     name: token::InternedString,
kablam!     |           ^^^^^^^^^^^^^^^^^^^^^ not found in `token`
kablam!     |
kablam!     = help: possible candidate is found in another module, you can import it into scope:
kablam!               `use syntax::symbol::InternedString;`
kablam! 
kablam! error[E0412]: cannot find type `InternedString` in module `token`
kablam!    --> /cargo-home/registry/src/github.com-1ecc6299db9ec823/aster-0.15.0/src/attr.rs:278:11
kablam!     |
kablam! 278 |     name: token::InternedString,
kablam!     |           ^^^^^^^^^^^^^^^^^^^^^ not found in `token`
kablam!     |
kablam!     = help: possible candidate is found in another module, you can import it into scope:
kablam!               `use syntax::symbol::InternedString;`
kablam! 
kablam! error[E0433]: failed to resolve. Could not find `special_idents` in `token`
kablam!    --> /cargo-home/registry/src/github.com-1ecc6299db9ec823/aster-0.15.0/src/item.rs:114:30
kablam!     |
kablam! 114 |         self.build_item_kind(token::special_idents::invalid, item)
kablam!     |                              ^^^^^^^^^^^^^^^^^^^^^^^^^^^^^^ Could not find `special_idents` in `token`
kablam! 
kablam! error[E0433]: failed to resolve. Could not find `PathListItemKind` in `ast`
kablam!    --> /cargo-home/registry/src/github.com-1ecc6299db9ec823/aster-0.15.0/src/item.rs:425:44
kablam!     |
kablam! 425 |         self.idents.push(respan(self.span, ast::PathListItemKind::Mod {
kablam!     |                                            ^^^^^^^^^^^^^^^^^^^^^^^^^^ Could not find `PathListItemKind` in `ast`
kablam! 
kablam! error[E0433]: failed to resolve. Could not find `PathListItemKind` in `ast`
kablam!    --> /cargo-home/registry/src/github.com-1ecc6299db9ec823/aster-0.15.0/src/item.rs:435:44
kablam!     |
kablam! 435 |         self.idents.push(respan(self.span, ast::PathListItemKind::Ident {
kablam!     |                                            ^^^^^^^^^^^^^^^^^^^^^^^^^^^^ Could not find `PathListItemKind` in `ast`
kablam! 
kablam! error[E0423]: expected function, found struct `ast::Name`
kablam!    --> /cargo-home/registry/src/github.com-1ecc6299db9ec823/aster-0.15.0/src/item.rs:724:38
kablam!     |
kablam! 724 |         self.builder.build_item_kind(ast::Name(0).to_ident(), item_mac)
kablam!     |                                      ^^^^^^^^^
kablam!     |                                      |
kablam!     |                                      did you mean `ast::Name { /* fields */ }`?
kablam!     |                                      constructor is not visible here due to private fields
kablam! 
kablam! error[E0433]: failed to resolve. Could not find `special_idents` in `token`
kablam!     --> /cargo-home/registry/src/github.com-1ecc6299db9ec823/aster-0.15.0/src/item.rs:1183:38
kablam!      |
kablam! 1183 |         self.builder.build_item_kind(token::special_idents::invalid, ty_)
kablam!      |                                      ^^^^^^^^^^^^^^^^^^^^^^^^^^^^^^ Could not find `special_idents` in `token`
kablam! 
kablam! error[E0412]: cannot find type `TokenTree` in module `ast`
kablam!   --> /cargo-home/registry/src/github.com-1ecc6299db9ec823/aster-0.15.0/src/mac.rs:23:17
kablam!    |
kablam! 23 |     tokens: Vec<ast::TokenTree>,
kablam!    |                 ^^^^^^^^^^^^^^ not found in `ast`
kablam!    |
kablam!    = help: possible candidates are found in other modules, you can import them into scope:
kablam!              `use syntax::ext::tt::quoted::TokenTree;`
kablam!              `use syntax::tokenstream::TokenTree;`
kablam! 
kablam! error[E0425]: cannot find value `EMPTY_CTXT` in module `ast`
kablam!   --> /cargo-home/registry/src/github.com-1ecc6299db9ec823/aster-0.15.0/src/mac.rs:59:19
kablam!    |
kablam! 59 |             ctxt: ast::EMPTY_CTXT,
kablam!    |                   ^^^^^^^^^^^^^^^ not found in `ast`
kablam! 
kablam! error[E0425]: cannot find function `intern` in module `token`
kablam!   --> /cargo-home/registry/src/github.com-1ecc6299db9ec823/aster-0.15.0/src/name.rs:18:9
kablam!    |
kablam! 18 |         token::intern(*self)
kablam!    |         ^^^^^^^^^^^^^ not found in `token`
kablam! 
kablam! error[E0433]: failed to resolve. Could not find `DeclKind` in `ast`
kablam!   --> /cargo-home/registry/src/github.com-1ecc6299db9ec823/aster-0.15.0/src/stmt.rs:66:38
kablam!    |
kablam! 66 |         let decl = respan(self.span, ast::DeclKind::Local(P(local)));
kablam!    |                                      ^^^^^^^^^^^^^^^^^^^^ Could not find `DeclKind` in `ast`
kablam! 
kablam! error[E0433]: failed to resolve. Could not find `DeclKind` in `ast`
kablam!   --> /cargo-home/registry/src/github.com-1ecc6299db9ec823/aster-0.15.0/src/stmt.rs:97:38
kablam!    |
kablam! 97 |         let decl = respan(self.span, ast::DeclKind::Item(item));
kablam!    |                                      ^^^^^^^^^^^^^^^^^^^ Could not find `DeclKind` in `ast`
kablam! 
kablam! error[E0412]: cannot find type `InternedString` in module `token`
kablam!   --> /cargo-home/registry/src/github.com-1ecc6299db9ec823/aster-0.15.0/src/str.rs:12:37
kablam!    |
kablam! 12 |     fn to_interned_string(&self) -> token::InternedString;
kablam!    |                                     ^^^^^^^^^^^^^^^^^^^^^ not found in `token`
kablam!    |
kablam!    = help: possible candidate is found in another module, you can import it into scope:
kablam!              `use syntax::symbol::InternedString;`
kablam! 
kablam! error[E0412]: cannot find type `InternedString` in module `token`
kablam!   --> /cargo-home/registry/src/github.com-1ecc6299db9ec823/aster-0.15.0/src/str.rs:15:27
kablam!    |
kablam! 15 | impl ToInternedString for token::InternedString {
kablam!    |                           ^^^^^^^^^^^^^^^^^^^^^ not found in `token`
kablam!    |
kablam!    = help: possible candidate is found in another module, you can import it into scope:
kablam!              `use syntax::symbol::InternedString;`
kablam! 
kablam! error[E0412]: cannot find type `InternedString` in module `token`
kablam!   --> /cargo-home/registry/src/github.com-1ecc6299db9ec823/aster-0.15.0/src/str.rs:16:37
kablam!    |
kablam! 16 |     fn to_interned_string(&self) -> token::InternedString {
kablam!    |                                     ^^^^^^^^^^^^^^^^^^^^^ not found in `token`
kablam!    |
kablam!    = help: possible candidate is found in another module, you can import it into scope:
kablam!              `use syntax::symbol::InternedString;`
kablam! 
kablam! error[E0412]: cannot find type `InternedString` in module `token`
kablam!   --> /cargo-home/registry/src/github.com-1ecc6299db9ec823/aster-0.15.0/src/str.rs:22:37
kablam!    |
kablam! 22 |     fn to_interned_string(&self) -> token::InternedString {
kablam!    |                                     ^^^^^^^^^^^^^^^^^^^^^ not found in `token`
kablam!    |
kablam!    = help: possible candidate is found in another module, you can import it into scope:
kablam!              `use syntax::symbol::InternedString;`
kablam! 
kablam! error[E0425]: cannot find function `intern_and_get_ident` in module `token`
kablam!   --> /cargo-home/registry/src/github.com-1ecc6299db9ec823/aster-0.15.0/src/str.rs:23:9
kablam!    |
kablam! 23 |         token::intern_and_get_ident(self)
kablam!    |         ^^^^^^^^^^^^^^^^^^^^^^^^^^^ not found in `token`
kablam! 
kablam! error[E0412]: cannot find type `InternedString` in module `token`
kablam!   --> /cargo-home/registry/src/github.com-1ecc6299db9ec823/aster-0.15.0/src/str.rs:28:37
kablam!    |
kablam! 28 |     fn to_interned_string(&self) -> token::InternedString {
kablam!    |                                     ^^^^^^^^^^^^^^^^^^^^^ not found in `token`
kablam!    |
kablam!    = help: possible candidate is found in another module, you can import it into scope:
kablam!              `use syntax::symbol::InternedString;`
kablam! 
kablam! error[E0412]: cannot find type `InternedString` in module `token`
kablam!   --> /cargo-home/registry/src/github.com-1ecc6299db9ec823/aster-0.15.0/src/str.rs:34:37
kablam!    |
kablam! 34 |     fn to_interned_string(&self) -> token::InternedString {
kablam!    |                                     ^^^^^^^^^^^^^^^^^^^^^ not found in `token`
kablam!    |
kablam!    = help: possible candidate is found in another module, you can import it into scope:
kablam!              `use syntax::symbol::InternedString;`
kablam! 
kablam! error[E0412]: cannot find type `InternedString` in module `token`
kablam!   --> /cargo-home/registry/src/github.com-1ecc6299db9ec823/aster-0.15.0/src/str.rs:40:37
kablam!    |
kablam! 40 |     fn to_interned_string(&self) -> token::InternedString {
kablam!    |                                     ^^^^^^^^^^^^^^^^^^^^^ not found in `token`
kablam!    |
kablam!    = help: possible candidate is found in another module, you can import it into scope:
kablam!              `use syntax::symbol::InternedString;`
kablam! 
kablam! error[E0412]: cannot find type `InternedString` in module `token`
kablam!   --> /cargo-home/registry/src/github.com-1ecc6299db9ec823/aster-0.15.0/src/lib.rs:62:47
kablam!    |
kablam! 62 |     pub fn interned_string<S>(&self, s: S) -> token::InternedString
kablam!    |                                               ^^^^^^^^^^^^^^^^^^^^^ not found in `token`
kablam!    |
kablam!    = help: possible candidate is found in another module, you can import it into scope:
kablam!              `use syntax::symbol::InternedString;`
kablam! 
kablam! error[E0308]: mismatched types
kablam!   --> /cargo-home/registry/src/github.com-1ecc6299db9ec823/aster-0.15.0/src/attr.rs:57:30
kablam!    |
kablam! 57 |         self.callback.invoke(attr)
kablam!    |                              ^^^^ expected struct `syntax::ast::Attribute`, found struct `syntax::codemap::Spanned`
kablam!    |
kablam!    = note: expected type `syntax::ast::Attribute`
kablam!               found type `syntax::codemap::Spanned<_>`
kablam! 
kablam! error[E0308]: mismatched types
kablam!   --> /cargo-home/registry/src/github.com-1ecc6299db9ec823/aster-0.15.0/src/attr.rs:62:30
kablam!    |
kablam! 62 |         self.build_meta_item(item)
kablam!    |                              ^^^^ expected struct `syntax::ast::MetaItem`, found struct `syntax::codemap::Spanned`
kablam!    |
kablam!    = note: expected type `syntax::ptr::P<syntax::ast::MetaItem>`
kablam!               found type `syntax::ptr::P<syntax::codemap::Spanned<syntax::ast::MetaItemKind>>`
kablam!    = help: here are some functions which might fulfill your needs:
kablam!            - .unwrap()
kablam! 
kablam! error: `ast::MetaItemKind::Word` is being called, but it is not a function
kablam!   --> /cargo-home/registry/src/github.com-1ecc6299db9ec823/aster-0.15.0/src/attr.rs:68:31
kablam!    |
kablam! 68 |         self.build_meta_item_(ast::MetaItemKind::Word(word.to_interned_string()))
kablam!    |                               ^^^^^^^^^^^^^^^^^^^^^^^^^^^^^^^^^^^^^^^^^^^^^^^^^^
kablam!    |
kablam!    = help: did you mean to write `ast::MetaItemKind::Word`?
kablam! 
kablam! error[E0271]: type mismatch resolving `<[closure@/cargo-home/registry/src/github.com-1ecc6299db9ec823/aster-0.15.0/src/attr.rs:206:39: 206:67 span:_] as std::ops::FnOnce<(syntax::ast::MetaItemKind,)>>::Output == syntax::ptr::P<syntax::ast::MetaItem>`
kablam!    --> /cargo-home/registry/src/github.com-1ecc6299db9ec823/aster-0.15.0/src/attr.rs:206:14
kablam!     |
kablam! 206 |         self.with_meta_items(iter.map(|item| P(respan(span, item))))
kablam!     |              ^^^^^^^^^^^^^^^ expected struct `syntax::codemap::Spanned`, found struct `syntax::ast::MetaItem`
kablam!     |
kablam!     = note: expected type `syntax::ptr::P<syntax::codemap::Spanned<syntax::ast::MetaItemKind>>`
kablam!                found type `syntax::ptr::P<syntax::ast::MetaItem>`
kablam!     = note: required because of the requirements on the impl of `std::iter::Iterator` for `std::iter::Map<<I as std::iter::IntoIterator>::IntoIter, [closure@/cargo-home/registry/src/github.com-1ecc6299db9ec823/aster-0.15.0/src/attr.rs:206:39: 206:67 span:_]>`
kablam! 
kablam! error[E0308]: mismatched types
kablam!    --> /cargo-home/registry/src/github.com-1ecc6299db9ec823/aster-0.15.0/src/attr.rs:216:31
kablam!     |
kablam! 216 |         self.with_meta_item(P(respan(span, item)))
kablam!     |                               ^^^^^^^^^^^^^^^^^^ expected struct `syntax::ast::MetaItem`, found struct `syntax::codemap::Spanned`
kablam!     |
kablam!     = note: expected type `syntax::ast::MetaItem`
kablam!                found type `syntax::codemap::Spanned<syntax::ast::MetaItemKind>`
kablam! 
kablam! error: `ast::MetaItemKind::Word` is being called, but it is not a function
kablam!    --> /cargo-home/registry/src/github.com-1ecc6299db9ec823/aster-0.15.0/src/attr.rs:224:47
kablam!     |
kablam! 224 |         self.with_meta_items_(iter.map(|word| ast::MetaItemKind::Word(word.to_interned_string())))
kablam!     |                                               ^^^^^^^^^^^^^^^^^^^^^^^^^^^^^^^^^^^^^^^^^^^^^^^^^^
kablam!     |
kablam!     = help: did you mean to write `ast::MetaItemKind::Word`?
kablam! 
kablam! error: `ast::MetaItemKind::Word` is being called, but it is not a function
kablam!    --> /cargo-home/registry/src/github.com-1ecc6299db9ec823/aster-0.15.0/src/attr.rs:230:34
kablam!     |
kablam! 230 |         self.with_meta_item_kind(ast::MetaItemKind::Word(word.to_interned_string()))
kablam!     |                                  ^^^^^^^^^^^^^^^^^^^^^^^^^^^^^^^^^^^^^^^^^^^^^^^^^^
kablam!     |
kablam!     = help: did you mean to write `ast::MetaItemKind::Word`?
kablam! 
kablam! error[E0061]: this function takes 1 parameter but 2 parameters were supplied
kablam!    --> /cargo-home/registry/src/github.com-1ecc6299db9ec823/aster-0.15.0/src/attr.rs:249:62
kablam!     |
kablam! 249 |         let item = respan(self.span, ast::MetaItemKind::List(self.name, self.items));
kablam!     |                                                              ^^^^^^^^^^^^^^^^^^^^^ expected 1 parameter
kablam! 
kablam! error[E0308]: mismatched types
kablam!    --> /cargo-home/registry/src/github.com-1ecc6299db9ec823/aster-0.15.0/src/attr.rs:250:32
kablam!     |
kablam! 250 |         self.callback.invoke(P(item))
kablam!     |                                ^^^^ expected struct `syntax::ast::MetaItem`, found struct `syntax::codemap::Spanned`
kablam!     |
kablam!     = note: expected type `syntax::ast::MetaItem`
kablam!                found type `syntax::codemap::Spanned<syntax::ast::MetaItemKind>`
kablam! 
kablam! error[E0061]: this function takes 1 parameter but 2 parameters were supplied
kablam!    --> /cargo-home/registry/src/github.com-1ecc6299db9ec823/aster-0.15.0/src/attr.rs:285:49
kablam!     |
kablam! 285 |         let item = ast::MetaItemKind::NameValue(self.name, (*value).clone());
kablam!     |                                                 ^^^^^^^^^^^^^^^^^^^^^^^^^^^ expected 1 parameter
kablam! 
kablam! error[E0560]: struct `syntax::ast::Block` has no field named `expr`
kablam!   --> /cargo-home/registry/src/github.com-1ecc6299db9ec823/aster-0.15.0/src/block.rs:80:13
kablam!    |
kablam! 80 |             expr: expr,
kablam!    |             ^^^^^ `syntax::ast::Block` does not have this field
kablam! 
kablam! error: no method named `into_thin_attrs` found for type `std::vec::Vec<syntax::ast::Attribute>` in the current scope
kablam!   --> /cargo-home/registry/src/github.com-1ecc6299db9ec823/aster-0.15.0/src/expr.rs:70:39
kablam!    |
kablam! 70 |             attrs: self.attrs.clone().into_thin_attrs(),
kablam!    |                                       ^^^^^^^^^^^^^^^
kablam! 
kablam! error[E0061]: this function takes 2 parameters but 1 parameter was supplied
kablam!    --> /cargo-home/registry/src/github.com-1ecc6299db9ec823/aster-0.15.0/src/expr.rs:416:51
kablam!     |
kablam! 416 |         self.build_expr_kind(ast::ExprKind::Break(None))
kablam!     |                                                   ^^^^ expected 2 parameters
kablam! 
kablam! error[E0061]: this function takes 2 parameters but 1 parameter was supplied
kablam!    --> /cargo-home/registry/src/github.com-1ecc6299db9ec823/aster-0.15.0/src/expr.rs:423:51
kablam!     |
kablam! 423 |         self.build_expr_kind(ast::ExprKind::Break(Some(label)))
kablam!     |                                                   ^^^^^^^^^^^ expected 2 parameters
kablam! 
kablam! error: no associated item named `Again` found for type `syntax::ast::ExprKind` in the current scope
kablam!    --> /cargo-home/registry/src/github.com-1ecc6299db9ec823/aster-0.15.0/src/expr.rs:427:30
kablam!     |
kablam! 427 |         self.build_expr_kind(ast::ExprKind::Again(None))
kablam!     |                              ^^^^^^^^^^^^^^^^^^^^
kablam! 
kablam! error: no associated item named `Again` found for type `syntax::ast::ExprKind` in the current scope
kablam!    --> /cargo-home/registry/src/github.com-1ecc6299db9ec823/aster-0.15.0/src/expr.rs:434:30
kablam!     |
kablam! 434 |         self.build_expr_kind(ast::ExprKind::Again(Some(label)))
kablam!     |                              ^^^^^^^^^^^^^^^^^^^^
kablam! 
kablam! error[E0063]: missing fields `attrs`, `is_shorthand` in initializer of `syntax::ast::Field`
kablam!     --> /cargo-home/registry/src/github.com-1ecc6299db9ec823/aster-0.15.0/src/expr.rs:1012:21
kablam!      |
kablam! 1012 |         let field = ast::Field {
kablam!      |                     ^^^^^^^^^^ missing `attrs`, `is_shorthand`
kablam! 
kablam! error[E0308]: mismatched types
kablam!     --> /cargo-home/registry/src/github.com-1ecc6299db9ec823/aster-0.15.0/src/expr.rs:1387:65
kablam!      |
kablam! 1387 |         self.builder.build_expr_kind(ast::ExprKind::Loop(block, self.label))
kablam!      |                                                                 ^^^^^^^^^^ expected struct `syntax::codemap::Spanned`, found struct `syntax::ast::Ident`
kablam!      |
kablam!      = note: expected type `std::option::Option<syntax::codemap::Spanned<syntax::ast::Ident>>`
kablam!                 found type `std::option::Option<syntax::ast::Ident>`
kablam!      = help: here are some functions which might fulfill your needs:
kablam!              - .take()
kablam!              - .unwrap()
kablam! 
kablam! error: no associated item named `Vec` found for type `syntax::ast::ExprKind` in the current scope
kablam!     --> /cargo-home/registry/src/github.com-1ecc6299db9ec823/aster-0.15.0/src/expr.rs:1701:38
kablam!      |
kablam! 1701 |         self.builder.build_expr_kind(ast::ExprKind::Vec(self.exprs))
kablam!      |                                      ^^^^^^^^^^^^^^^^^^
kablam! 
kablam! error: no associated item named `None` found for type `syntax::ast::FunctionRetTy` in the current scope
kablam!   --> /cargo-home/registry/src/github.com-1ecc6299db9ec823/aster-0.15.0/src/fn_decl.rs:88:22
kablam!    |
kablam! 88 |         let ret_ty = ast::FunctionRetTy::None(self.span);
kablam!    |                      ^^^^^^^^^^^^^^^^^^^^^^^^
kablam! 
kablam! error: no method named `into_vec` found for type `std::vec::Vec<syntax::ast::TyParam>` in the current scope
kablam!   --> /cargo-home/registry/src/github.com-1ecc6299db9ec823/aster-0.15.0/src/generics.rs:53:43
kablam!    |
kablam! 53 |             ty_params: generics.ty_params.into_vec(),
kablam!    |                                           ^^^^^^^^
kablam! 
kablam! error: no method named `move_iter` found for type `std::vec::Vec<syntax::ast::TyParam>` in the current scope
kablam!   --> /cargo-home/registry/src/github.com-1ecc6299db9ec823/aster-0.15.0/src/generics.rs:60:48
kablam!    |
kablam! 60 |             .with_ty_params(generics.ty_params.move_iter())
kablam!    |                                                ^^^^^^^^^
kablam! 
kablam! error: no associated item named `empty` found for type `syntax::ptr::P<_>` in the current scope
kablam!    --> /cargo-home/registry/src/github.com-1ecc6299db9ec823/aster-0.15.0/src/generics.rs:203:31
kablam!     |
kablam! 203 |             ty_param.bounds = P::empty();
kablam!     |                               ^^^^^^^^
kablam! 
kablam! error[E0308]: mismatched types
kablam!    --> /cargo-home/registry/src/github.com-1ecc6299db9ec823/aster-0.15.0/src/generics.rs:216:24
kablam!     |
kablam! 216 |             ty_params: P::from_vec(self.ty_params),
kablam!     |                        ^^^^^^^^^^^^^^^^^^^^^^^^^^^ expected struct `std::vec::Vec`, found struct `syntax::ptr::P`
kablam!     |
kablam!     = note: expected type `std::vec::Vec<syntax::ast::TyParam>`
kablam!                found type `syntax::ptr::P<[syntax::ast::TyParam]>`
kablam!     = help: here are some functions which might fulfill your needs:
kablam!             - .into_vec()
kablam!             - .to_vec()
kablam! 
kablam! error[E0063]: missing field `span` in initializer of `syntax::ast::Generics`
kablam!    --> /cargo-home/registry/src/github.com-1ecc6299db9ec823/aster-0.15.0/src/generics.rs:214:30
kablam!     |
kablam! 214 |         self.callback.invoke(ast::Generics {
kablam!     |                              ^^^^^^^^^^^^^ missing `span`
kablam! 
kablam! error[E0308]: mismatched types
kablam!    --> /cargo-home/registry/src/github.com-1ecc6299db9ec823/aster-0.15.0/src/item.rs:316:13
kablam!     |
kablam! 316 |             self.constness,
kablam!     |             ^^^^^^^^^^^^^^ expected struct `syntax::codemap::Spanned`, found enum `syntax::ast::Constness`
kablam!     |
kablam!     = note: expected type `syntax::codemap::Spanned<syntax::ast::Constness>`
kablam!                found type `syntax::ast::Constness`
kablam! 
kablam! error[E0308]: mismatched types
kablam!    --> /cargo-home/registry/src/github.com-1ecc6299db9ec823/aster-0.15.0/src/item.rs:878:13
kablam!     |
kablam! 878 |             P::from_vec(self.bounds),
kablam!     |             ^^^^^^^^^^^^^^^^^^^^^^^^ expected struct `std::vec::Vec`, found struct `syntax::ptr::P`
kablam!     |
kablam!     = note: expected type `std::vec::Vec<syntax::ast::TyParamBound>`
kablam!                found type `syntax::ptr::P<[syntax::ast::TyParamBound]>`
kablam!     = help: here are some functions which might fulfill your needs:
kablam!             - .into_vec()
kablam!             - .to_vec()
kablam! 
kablam! error[E0308]: mismatched types
kablam!     --> /cargo-home/registry/src/github.com-1ecc6299db9ec823/aster-0.15.0/src/item.rs:1092:45
kablam!      |
kablam! 1092 |         let node = ast::TraitItemKind::Type(bounds, ty);
kablam!      |                                             ^^^^^^ expected struct `std::vec::Vec`, found struct `syntax::ptr::P`
kablam!      |
kablam!      = note: expected type `std::vec::Vec<syntax::ast::TyParamBound>`
kablam!                 found type `syntax::ptr::P<[syntax::ast::TyParamBound]>`
kablam!      = help: here are some functions which might fulfill your needs:
kablam!              - .into_vec()
kablam!              - .to_vec()
kablam! 
kablam! error[E0063]: missing field `attrs` in initializer of `syntax::ast::LifetimeDef`
kablam!   --> /cargo-home/registry/src/github.com-1ecc6299db9ec823/aster-0.15.0/src/lifetime.rs:43:9
kablam!    |
kablam! 43 |         ast::LifetimeDef {
kablam!    |         ^^^^^^^^^^^^^^^^ missing `attrs`
kablam! 
kablam! error[E0063]: missing field `attrs` in initializer of `syntax::ast::LifetimeDef`
kablam!    --> /cargo-home/registry/src/github.com-1ecc6299db9ec823/aster-0.15.0/src/lifetime.rs:111:30
kablam!     |
kablam! 111 |         self.callback.invoke(ast::LifetimeDef {
kablam!     |                              ^^^^^^^^^^^^^^^^ missing `attrs`
kablam! 
kablam! error[E0308]: mismatched types
kablam!   --> /cargo-home/registry/src/github.com-1ecc6299db9ec823/aster-0.15.0/src/lit.rs:61:42
kablam!    |
kablam! 61 |         self.build_lit(ast::LitKind::Int(value as u64, ast::LitIntType::Unsuffixed))
kablam!    |                                          ^^^^^^^^^^^^ expected u128, found u64
kablam! 
kablam! error[E0308]: mismatched types
kablam!   --> /cargo-home/registry/src/github.com-1ecc6299db9ec823/aster-0.15.0/src/lit.rs:66:42
kablam!    |
kablam! 66 |         self.build_lit(ast::LitKind::Int(value as u64, ast::LitIntType::Signed(ty)))
kablam!    |                                          ^^^^^^^^^^^^ expected u128, found u64
kablam! 
kablam! error[E0308]: mismatched types
kablam!   --> /cargo-home/registry/src/github.com-1ecc6299db9ec823/aster-0.15.0/src/lit.rs:94:42
kablam!    |
kablam! 94 |         self.build_lit(ast::LitKind::Int(value, ast::LitIntType::Unsuffixed))
kablam!    |                                          ^^^^^ expected u128, found u64
kablam! 
kablam! error[E0308]: mismatched types
kablam!   --> /cargo-home/registry/src/github.com-1ecc6299db9ec823/aster-0.15.0/src/lit.rs:98:42
kablam!    |
kablam! 98 |         self.build_lit(ast::LitKind::Int(value, ast::LitIntType::Unsigned(ty)))
kablam!    |                                          ^^^^^ expected u128, found u64
kablam! 
kablam! error[E0560]: struct `syntax::ast::Mac_` has no field named `ctxt`
kablam!   --> /cargo-home/registry/src/github.com-1ecc6299db9ec823/aster-0.15.0/src/mac.rs:59:13
kablam!    |
kablam! 59 |             ctxt: ast::EMPTY_CTXT,
kablam!    |             ^^^^^ `syntax::ast::Mac_` does not have this field
kablam! 
kablam! error[E0061]: this function takes 3 parameters but 4 parameters were supplied
kablam!    --> /cargo-home/registry/src/github.com-1ecc6299db9ec823/aster-0.15.0/src/mac.rs:112:31
kablam!     |
kablam! 112 |     let mut cx = ExtCtxt::new(&sess, cfg, ecfg, feature_gated_cfgs);
kablam!     |                               ^^^^^^^^^^^^^^^^^^^^^^^^^^^^^^^^^^^^ expected 3 parameters
kablam! 
kablam! error: no associated item named `Static` found for type `syntax::ast::SelfKind` in the current scope
kablam!   --> /cargo-home/registry/src/github.com-1ecc6299db9ec823/aster-0.15.0/src/method.rs:43:45
kablam!    |
kablam! 43 |             explicit_self: respan(DUMMY_SP, ast::SelfKind::Static),
kablam!    |                                             ^^^^^^^^^^^^^^^^^^^^^
kablam! 
kablam! error: no associated item named `Static` found for type `syntax::ast::SelfKind` in the current scope
kablam!   --> /cargo-home/registry/src/github.com-1ecc6299db9ec823/aster-0.15.0/src/method.rs:90:13
kablam!    |
kablam! 90 |             ast::SelfKind::Static => { }
kablam!    |             ^^^^^^^^^^^^^^^^^^^^^
kablam! 
kablam! error[E0023]: this pattern has 3 fields, but the corresponding tuple variant has 2 fields
kablam!   --> /cargo-home/registry/src/github.com-1ecc6299db9ec823/aster-0.15.0/src/method.rs:92:15
kablam!    |
kablam! 92 |             | ast::SelfKind::Region(_, _, id)
kablam!    |               ^^^^^^^^^^^^^^^^^^^^^^^^^^^^^^^ expected 2 fields, found 3
kablam! 
kablam! error: no associated item named `new_self` found for type `syntax::ast::Arg` in the current scope
kablam!   --> /cargo-home/registry/src/github.com-1ecc6299db9ec823/aster-0.15.0/src/method.rs:95:31
kablam!    |
kablam! 95 |                     let arg = ast::Arg::new_self(self.span, self.self_mutable, id);
kablam!    |                               ^^^^^^^^^^^^^^^^^^
kablam! 
kablam! error[E0308]: mismatched types
kablam!    --> /cargo-home/registry/src/github.com-1ecc6299db9ec823/aster-0.15.0/src/method.rs:104:24
kablam!     |
kablam! 104 |             constness: self.constness,
kablam!     |                        ^^^^^^^^^^^^^^ expected struct `syntax::codemap::Spanned`, found enum `syntax::ast::Constness`
kablam!     |
kablam!     = note: expected type `syntax::codemap::Spanned<syntax::ast::Constness>`
kablam!                found type `syntax::ast::Constness`
kablam! 
kablam! error[E0560]: struct `syntax::ast::MethodSig` has no field named `explicit_self`
kablam!    --> /cargo-home/registry/src/github.com-1ecc6299db9ec823/aster-0.15.0/src/method.rs:108:13
kablam!     |
kablam! 108 |             explicit_self: self.explicit_self,
kablam!     |             ^^^^^^^^^^^^^^ `syntax::ast::MethodSig` does not have this field
kablam! 
kablam! error: no associated item named `Static` found for type `syntax::ast::SelfKind` in the current scope
kablam!    --> /cargo-home/registry/src/github.com-1ecc6299db9ec823/aster-0.15.0/src/method.rs:192:30
kablam!     |
kablam! 192 |         self.build_self_kind(ast::SelfKind::Static)
kablam!     |                              ^^^^^^^^^^^^^^^^^^^^^
kablam! 
kablam! error: no associated item named `Static` found for type `syntax::ast::SelfKind` in the current scope
kablam!    --> /cargo-home/registry/src/github.com-1ecc6299db9ec823/aster-0.15.0/src/method.rs:196:30
kablam!     |
kablam! 196 |         self.build_self_kind(ast::SelfKind::Static)
kablam!     |                              ^^^^^^^^^^^^^^^^^^^^^
kablam! 
kablam! error[E0308]: mismatched types
kablam!    --> /cargo-home/registry/src/github.com-1ecc6299db9ec823/aster-0.15.0/src/method.rs:200:51
kablam!     |
kablam! 200 |         self.build_self_kind(ast::SelfKind::Value("self".to_ident()))
kablam!     |                                                   ^^^^^^^^^^^^^^^^^ expected enum `syntax::ast::Mutability`, found struct `syntax::ast::Ident`
kablam!     |
kablam!     = note: expected type `syntax::ast::Mutability`
kablam!                found type `syntax::ast::Ident`
kablam! 
kablam! error[E0061]: this function takes 2 parameters but 3 parameters were supplied
kablam!    --> /cargo-home/registry/src/github.com-1ecc6299db9ec823/aster-0.15.0/src/method.rs:205:13
kablam!     |
kablam! 205 |             None,
kablam!     |             ^^^^ expected 2 parameters
kablam! 
kablam! error[E0061]: this function takes 2 parameters but 3 parameters were supplied
kablam!    --> /cargo-home/registry/src/github.com-1ecc6299db9ec823/aster-0.15.0/src/method.rs:215:13
kablam!     |
kablam! 215 |             Some(lifetime.into_lifetime()),
kablam!     |             ^^^^^^^^^^^^^^^^^^^^^^^^^^^^^^ expected 2 parameters
kablam! 
kablam! error[E0061]: this function takes 2 parameters but 3 parameters were supplied
kablam!    --> /cargo-home/registry/src/github.com-1ecc6299db9ec823/aster-0.15.0/src/method.rs:223:13
kablam!     |
kablam! 223 |             None,
kablam!     |             ^^^^ expected 2 parameters
kablam! 
kablam! error[E0061]: this function takes 2 parameters but 3 parameters were supplied
kablam!    --> /cargo-home/registry/src/github.com-1ecc6299db9ec823/aster-0.15.0/src/method.rs:233:13
kablam!     |
kablam! 233 |             Some(lifetime.into_lifetime()),
kablam!     |             ^^^^^^^^^^^^^^^^^^^^^^^^^^^^^^ expected 2 parameters
kablam! 
kablam! error[E0308]: mismatched types
kablam!    --> /cargo-home/registry/src/github.com-1ecc6299db9ec823/aster-0.15.0/src/method.rs:250:58
kablam!     |
kablam! 250 |         self.build_self_kind(ast::SelfKind::Explicit(ty, "self".to_ident()))
kablam!     |                                                          ^^^^^^^^^^^^^^^^^ expected enum `syntax::ast::Mutability`, found struct `syntax::ast::Ident`
kablam!     |
kablam!     = note: expected type `syntax::ast::Mutability`
kablam!                found type `syntax::ast::Ident`
kablam! 
kablam! error[E0061]: this function takes 2 parameters but 1 parameter was supplied
kablam!    --> /cargo-home/registry/src/github.com-1ecc6299db9ec823/aster-0.15.0/src/pat.rs:108:48
kablam!     |
kablam! 108 |         self.build_pat_kind(ast::PatKind::Path(path))
kablam!     |                                                ^^^^ expected 2 parameters
kablam! 
kablam! error: no associated item named `QPath` found for type `syntax::ast::PatKind` in the current scope
kablam!    --> /cargo-home/registry/src/github.com-1ecc6299db9ec823/aster-0.15.0/src/pat.rs:112:29
kablam!     |
kablam! 112 |         self.build_pat_kind(ast::PatKind::QPath(qself, path))
kablam!     |                             ^^^^^^^^^^^^^^^^^^^
kablam! 
kablam! error[E0061]: this function takes 3 parameters but 2 parameters were supplied
kablam!    --> /cargo-home/registry/src/github.com-1ecc6299db9ec823/aster-0.15.0/src/pat.rs:124:49
kablam!     |
kablam! 124 |         self.build_pat_kind(ast::PatKind::Range(lhs, rhs))
kablam!     |                                                 ^^^^^^^^ expected 3 parameters
kablam! 
kablam! error[E0061]: this function takes 3 parameters but 2 parameters were supplied
kablam!    --> /cargo-home/registry/src/github.com-1ecc6299db9ec823/aster-0.15.0/src/pat.rs:248:63
kablam!     |
kablam! 248 |         self.builder.build_pat_kind(ast::PatKind::TupleStruct(self.path, Some(self.pats)))
kablam!     |                                                               ^^^^^^^^^^^^^^^^^^^^^^^^^^ expected 3 parameters
kablam! 
kablam! error[E0063]: missing field `attrs` in initializer of `syntax::ast::FieldPat`
kablam!    --> /cargo-home/registry/src/github.com-1ecc6299db9ec823/aster-0.15.0/src/pat.rs:331:29
kablam!     |
kablam! 331 |         self.with_field_pat(ast::FieldPat {
kablam!     |                             ^^^^^^^^^^^^^ missing `attrs`
kablam! 
kablam! error[E0063]: missing field `attrs` in initializer of `syntax::ast::FieldPat`
kablam!    --> /cargo-home/registry/src/github.com-1ecc6299db9ec823/aster-0.15.0/src/pat.rs:345:29
kablam!     |
kablam! 345 |         self.with_field_pat(ast::FieldPat {
kablam!     |                             ^^^^^^^^^^^^^ missing `attrs`
kablam! 
kablam! error[E0063]: missing field `attrs` in initializer of `syntax::ast::FieldPat`
kablam!    --> /cargo-home/registry/src/github.com-1ecc6299db9ec823/aster-0.15.0/src/pat.rs:374:37
kablam!     |
kablam! 374 |         self.builder.with_field_pat(ast::FieldPat {
kablam!     |                                     ^^^^^^^^^^^^^ missing `attrs`
kablam! 
kablam! error: no associated item named `Tup` found for type `syntax::ast::PatKind` in the current scope
kablam!    --> /cargo-home/registry/src/github.com-1ecc6299db9ec823/aster-0.15.0/src/pat.rs:423:37
kablam!     |
kablam! 423 |         self.builder.build_pat_kind(ast::PatKind::Tup(self.pats))
kablam!     |                                     ^^^^^^^^^^^^^^^^^
kablam! 
kablam! error[E0560]: struct `syntax::ast::Path` has no field named `global`
kablam!    --> /cargo-home/registry/src/github.com-1ecc6299db9ec823/aster-0.15.0/src/path.rs:158:13
kablam!     |
kablam! 158 |             global: self.global,
kablam!     |             ^^^^^^^ `syntax::ast::Path` does not have this field
kablam! 
kablam! error[E0308]: mismatched types
kablam!    --> /cargo-home/registry/src/github.com-1ecc6299db9ec823/aster-0.15.0/src/path.rs:277:20
kablam!     |
kablam! 277 |             types: P::from_vec(self.tys),
kablam!     |                    ^^^^^^^^^^^^^^^^^^^^^ expected struct `std::vec::Vec`, found struct `syntax::ptr::P`
kablam!     |
kablam!     = note: expected type `std::vec::Vec<syntax::ptr::P<syntax::ast::Ty>>`
kablam!                found type `syntax::ptr::P<[syntax::ptr::P<syntax::ast::Ty>]>`
kablam!     = help: here are some functions which might fulfill your needs:
kablam!             - .into_vec()
kablam!             - .to_vec()
kablam! 
kablam! error[E0308]: mismatched types
kablam!    --> /cargo-home/registry/src/github.com-1ecc6299db9ec823/aster-0.15.0/src/path.rs:278:23
kablam!     |
kablam! 278 |             bindings: P::from_vec(self.bindings),
kablam!     |                       ^^^^^^^^^^^^^^^^^^^^^^^^^^ expected struct `std::vec::Vec`, found struct `syntax::ptr::P`
kablam!     |
kablam!     = note: expected type `std::vec::Vec<syntax::ast::TypeBinding>`
kablam!                found type `syntax::ptr::P<[syntax::ast::TypeBinding]>`
kablam!     = help: here are some functions which might fulfill your needs:
kablam!             - .into_vec()
kablam!             - .to_vec()
kablam! 
kablam! error[E0308]: mismatched types
kablam!    --> /cargo-home/registry/src/github.com-1ecc6299db9ec823/aster-0.15.0/src/path.rs:285:25
kablam!     |
kablam! 285 |             parameters: parameters,
kablam!     |                         ^^^^^^^^^^ expected enum `std::option::Option`, found enum `syntax::ast::PathParameters`
kablam!     |
kablam!     = note: expected type `std::option::Option<syntax::ptr::P<syntax::ast::PathParameters>>`
kablam!                found type `syntax::ast::PathParameters`
kablam! 
kablam! error[E0560]: struct `syntax::ast::Path` has no field named `global`
kablam!   --> /cargo-home/registry/src/github.com-1ecc6299db9ec823/aster-0.15.0/src/qpath.rs:93:13
kablam!    |
kablam! 93 |             global: false,
kablam!    |             ^^^^^^^ `syntax::ast::Path` does not have this field
kablam! 
kablam! error[E0560]: struct `syntax::ast::Path` has no field named `global`
kablam!    --> /cargo-home/registry/src/github.com-1ecc6299db9ec823/aster-0.15.0/src/qpath.rs:104:13
kablam!     |
kablam! 104 |             global: false,
kablam!     |             ^^^^^^^ `syntax::ast::Path` does not have this field
kablam! 
kablam! error[E0308]: mismatched types
kablam!   --> /cargo-home/registry/src/github.com-1ecc6299db9ec823/aster-0.15.0/src/stmt.rs:50:20
kablam!    |
kablam! 50 |         self.build(stmt)
kablam!    |                    ^^^^ expected struct `syntax::ast::Stmt`, found struct `syntax::codemap::Spanned`
kablam!    |
kablam!    = note: expected type `syntax::ast::Stmt`
kablam!               found type `syntax::codemap::Spanned<syntax::ast::StmtKind>`
kablam! 
kablam! error: no method named `into_thin_attrs` found for type `std::vec::Vec<syntax::ast::Attribute>` in the current scope
kablam!   --> /cargo-home/registry/src/github.com-1ecc6299db9ec823/aster-0.15.0/src/stmt.rs:63:39
kablam!    |
kablam! 63 |             attrs: self.attrs.clone().into_thin_attrs(),
kablam!    |                                       ^^^^^^^^^^^^^^^
kablam! 
kablam! error: no associated item named `Decl` found for type `syntax::ast::StmtKind` in the current scope
kablam!   --> /cargo-home/registry/src/github.com-1ecc6299db9ec823/aster-0.15.0/src/stmt.rs:68:30
kablam!    |
kablam! 68 |         self.build_stmt_kind(ast::StmtKind::Decl(P(decl), ast::DUMMY_NODE_ID))
kablam!    |                              ^^^^^^^^^^^^^^^^^^^
kablam! 
kablam! error[E0061]: this function takes 1 parameter but 2 parameters were supplied
kablam!   --> /cargo-home/registry/src/github.com-1ecc6299db9ec823/aster-0.15.0/src/stmt.rs:83:50
kablam!    |
kablam! 83 |         self.build_stmt_kind(ast::StmtKind::Expr(expr, ast::DUMMY_NODE_ID))
kablam!    |                                                  ^^^^^^^^^^^^^^^^^^^^^^^^ expected 1 parameter
kablam! 
kablam! error: no associated item named `Decl` found for type `syntax::ast::StmtKind` in the current scope
kablam!   --> /cargo-home/registry/src/github.com-1ecc6299db9ec823/aster-0.15.0/src/stmt.rs:98:30
kablam!    |
kablam! 98 |         self.build_stmt_kind(ast::StmtKind::Decl(P(decl), ast::DUMMY_NODE_ID))
kablam!    |                              ^^^^^^^^^^^^^^^^^^^
kablam! 
kablam! error[E0061]: this function takes 1 parameter but 2 parameters were supplied
kablam!    --> /cargo-home/registry/src/github.com-1ecc6299db9ec823/aster-0.15.0/src/stmt.rs:158:52
kablam!     |
kablam! 158 |         self.0.build_stmt_kind(ast::StmtKind::Semi(expr, ast::DUMMY_NODE_ID))
kablam!     |                                                    ^^^^^^^^^^^^^^^^^^^^^^^^ expected 1 parameter
kablam! 
kablam! error: no associated item named `Vec` found for type `syntax::ast::TyKind` in the current scope
kablam!    --> /cargo-home/registry/src/github.com-1ecc6299db9ec823/aster-0.15.0/src/ty.rs:142:28
kablam!     |
kablam! 142 |         self.build_ty_kind(ast::TyKind::Vec(ty))
kablam!     |                            ^^^^^^^^^^^^^^^^
kablam! 
kablam! error: no associated item named `ObjectSum` found for type `syntax::ast::TyKind` in the current scope
kablam!    --> /cargo-home/registry/src/github.com-1ecc6299db9ec823/aster-0.15.0/src/ty.rs:479:36
kablam!     |
kablam! 479 |         self.builder.build_ty_kind(ast::TyKind::ObjectSum(self.ty, bounds))
kablam!     |                                    ^^^^^^^^^^^^^^^^^^^^^^
kablam! 
kablam! error: no method named `into_vec` found for type `std::vec::Vec<syntax::ast::TyParamBound>` in the current scope
kablam!   --> /cargo-home/registry/src/github.com-1ecc6299db9ec823/aster-0.15.0/src/ty_param.rs:54:37
kablam!    |
kablam! 54 |             bounds: ty_param.bounds.into_vec(),
kablam!    |                                     ^^^^^^^^
kablam! 
kablam! error[E0308]: mismatched types
kablam!    --> /cargo-home/registry/src/github.com-1ecc6299db9ec823/aster-0.15.0/src/ty_param.rs:105:21
kablam!     |
kablam! 105 |             bounds: P::from_vec(self.bounds),
kablam!     |                     ^^^^^^^^^^^^^^^^^^^^^^^^ expected struct `std::vec::Vec`, found struct `syntax::ptr::P`
kablam!     |
kablam!     = note: expected type `std::vec::Vec<syntax::ast::TyParamBound>`
kablam!                found type `syntax::ptr::P<[syntax::ast::TyParamBound]>`
kablam!     = help: here are some functions which might fulfill your needs:
kablam!             - .into_vec()
kablam!             - .to_vec()
kablam! 
kablam! error[E0063]: missing field `attrs` in initializer of `syntax::ast::TyParam`
kablam!    --> /cargo-home/registry/src/github.com-1ecc6299db9ec823/aster-0.15.0/src/ty_param.rs:102:30
kablam!     |
kablam! 102 |         self.callback.invoke(ast::TyParam {
kablam!     |                              ^^^^^^^^^^^^ missing `attrs`
kablam! 
kablam! error[E0308]: mismatched types
kablam!    --> /cargo-home/registry/src/github.com-1ecc6299db9ec823/aster-0.15.0/src/where_predicate.rs:242:21
kablam!     |
kablam! 242 |             bounds: P::from_vec(self.bounds),
kablam!     |                     ^^^^^^^^^^^^^^^^^^^^^^^^ expected struct `std::vec::Vec`, found struct `syntax::ptr::P`
kablam!     |
kablam!     = note: expected type `std::vec::Vec<syntax::ast::TyParamBound>`
kablam!                found type `syntax::ptr::P<[syntax::ast::TyParamBound]>`
kablam!     = help: here are some functions which might fulfill your needs:
kablam!             - .into_vec()
kablam!             - .to_vec()
kablam! 
kablam! error[E0560]: struct `syntax::ast::WhereEqPredicate` has no field named `path`
kablam!    --> /cargo-home/registry/src/github.com-1ecc6299db9ec823/aster-0.15.0/src/where_predicate.rs:320:13
kablam!     |
kablam! 320 |             path: path,
kablam!     |             ^^^^^ `syntax::ast::WhereEqPredicate` does not have this field
kablam! 
kablam! error[E0560]: struct `syntax::ast::WhereEqPredicate` has no field named `ty`
kablam!    --> /cargo-home/registry/src/github.com-1ecc6299db9ec823/aster-0.15.0/src/where_predicate.rs:321:13
kablam!     |
kablam! 321 |             ty: ty,
kablam!     |             ^^^ `syntax::ast::WhereEqPredicate` does not have this field
kablam! 
kablam! error: aborting due to 78 previous errors
kablam! 
kablam! error: Could not compile `aster`.
blam! Build failed, waiting for other jobs to finish...
kablam! error[E0061]: this function takes 3 parameters but 2 parameters were supplied
kablam!    --> /cargo-home/registry/src/github.com-1ecc6299db9ec823/regex_macros-0.1.38/src/lib.rs:487:21
kablam!     |
kablam! 487 |                     quote_expr!(self.cx, $start), quote_expr!(self.cx, $end)));
kablam!     |                     ^^^^^^^^^^^^^^^^^^^^^^^^^^^^ expected 3 parameters
kablam! 
kablam! error: aborting due to previous error
kablam! 
kablam! error: Could not compile `regex_macros`.
blam! Build failed, waiting for other jobs to finish...
kablam! error: build failed
boom! running `docker rm -f e47a6eb1087b4462a1accde56873b93726dbfdb78efef775fa66f65115878b19`
blam! e47a6eb1087b4462a1accde56873b93726dbfdb78efef775fa66f65115878b19
