boom! testing https://github.com/EfficientConversation/EC-Bot#7c7c803e980deb579a452fe4370b3ac1ff8b4afd against nightly for nightly
boom! running: cargo +nightly build --frozen
boom! creating container for: cargo +nightly build --frozen
boom! running `docker create -v /home/ec2-user/cargobomb/./work/local/test-source/nightly/nightly:/source:ro -v /home/ec2-user/cargobomb/./work/local/cargo-home:/cargo-home:ro -v /home/ec2-user/cargobomb/./work/local/rustup-home:/rustup-home:ro -v /home/ec2-user/cargobomb/./work/local/target-dirs/nightly/nightly:/target:rw -e USER_ID=500 -e CMD=cargo +nightly build --frozen cargobomb`
blam! c343de1efea1db2d2967b4ecb85af7174b84d8653ba806231469f039551a5a6d
boom! running `docker start -a c343de1efea1db2d2967b4ecb85af7174b84d8653ba806231469f039551a5a6d`
kablam!    Compiling miniz-sys v0.1.7
kablam!    Compiling unsafe-any v0.4.1
kablam!    Compiling net2 v0.2.26
kablam!    Compiling num_cpus v1.2.1
kablam!    Compiling time v0.1.36
kablam!    Compiling typemap v0.3.3
kablam!    Compiling serde v0.8.22
kablam!    Compiling openssl v0.7.14
kablam!    Compiling fs2 v0.2.5
blam! Build failed, waiting for other jobs to finish...
kablam! error: failed to run custom build command for `openssl v0.7.14`
kablam! process didn't exit successfully: `/target/debug/build/openssl-f2d87cfdc2e2aa2f/build-script-build` (exit code: 101)
kablam! --- stdout
kablam! TARGET = Some("x86_64-unknown-linux-gnu")
kablam! OPT_LEVEL = Some("0")
kablam! PROFILE = Some("debug")
kablam! TARGET = Some("x86_64-unknown-linux-gnu")
kablam! debug=true opt-level=0
kablam! HOST = Some("x86_64-unknown-linux-gnu")
kablam! TARGET = Some("x86_64-unknown-linux-gnu")
kablam! TARGET = Some("x86_64-unknown-linux-gnu")
kablam! HOST = Some("x86_64-unknown-linux-gnu")
kablam! CC_x86_64-unknown-linux-gnu = None
kablam! CC_x86_64_unknown_linux_gnu = None
kablam! HOST_CC = None
kablam! CC = None
kablam! HOST = Some("x86_64-unknown-linux-gnu")
kablam! TARGET = Some("x86_64-unknown-linux-gnu")
kablam! HOST = Some("x86_64-unknown-linux-gnu")
kablam! CFLAGS_x86_64-unknown-linux-gnu = None
kablam! CFLAGS_x86_64_unknown_linux_gnu = None
kablam! HOST_CFLAGS = None
kablam! CFLAGS = None
kablam! running: "cc" "-O0" "-ffunction-sections" "-fdata-sections" "-g" "-m64" "-fPIC" "-o" "/target/debug/build/openssl-1d3ea894fa03cc5a/out/src/c_helpers.o" "-c" "src/c_helpers.c"
kablam! cargo:warning=src/c_helpers.c:1:25: fatal error: openssl/ssl.h: No such file or directory
kablam! cargo:warning=compilation terminated.
kablam! ExitStatus(ExitStatus(256))
kablam! 
kablam! 
kablam! command did not execute successfully, got: exit code: 1
kablam! 
kablam! 
kablam! 
kablam! --- stderr
kablam! thread 'main' panicked at 'explicit panic', /cargo-home/registry/src/github.com-1ecc6299db9ec823/gcc-0.3.41/src/lib.rs:1018
kablam! note: Run with `RUST_BACKTRACE=1` for a backtrace.
kablam! 
kablam! error: build failed
boom! running `docker rm -f c343de1efea1db2d2967b4ecb85af7174b84d8653ba806231469f039551a5a6d`
blam! c343de1efea1db2d2967b4ecb85af7174b84d8653ba806231469f039551a5a6d
