boom! testing https://github.com/ihmccreery/the-rust-guide#115ae2b38c9fc9f3fc18290b22e48c44d0d0fa53 against nightly for nightly
boom! running: cargo +nightly build --frozen
boom! creating container for: cargo +nightly build --frozen
boom! running `docker create -v /home/ec2-user/cargobomb/./work/local/test-source/nightly/nightly:/source:ro -v /home/ec2-user/cargobomb/./work/local/cargo-home:/cargo-home:ro -v /home/ec2-user/cargobomb/./work/local/rustup-home:/rustup-home:ro -v /home/ec2-user/cargobomb/./work/local/target-dirs/nightly/nightly:/target:rw -e USER_ID=500 -e CMD=cargo +nightly build --frozen cargobomb`
blam! de2a73318a40366ce86d85cf5c4a752a58d842c5ac099a74253601e1875bf805
boom! running `docker start -a de2a73318a40366ce86d85cf5c4a752a58d842c5ac099a74253601e1875bf805`
kablam!    Compiling hello_world v0.0.1 (file:///source)
kablam! error: invalid suffix `i` for numeric literal
kablam!  --> src/main.rs:4:25
kablam!   |
kablam! 4 |     let y = if x == 5 { 10i } else { 5i };
kablam!   |                         ^^^
kablam!   |
kablam!   = help: the suffix must be one of the integral types (`u32`, `isize`, etc)
kablam! 
kablam! error: invalid suffix `i` for numeric literal
kablam!  --> src/main.rs:4:38
kablam!   |
kablam! 4 |     let y = if x == 5 { 10i } else { 5i };
kablam!   |                                      ^^
kablam!   |
kablam!   = help: the suffix must be one of the integral types (`u32`, `isize`, etc)
kablam! 
kablam! error[E0412]: cannot find type `int` in this scope
kablam!  --> src/main.rs:2:12
kablam!   |
kablam! 2 |     let x: int = 4;
kablam!   |            ^^^ not found in this scope
kablam! 
kablam! error[E0412]: cannot find type `int` in this scope
kablam!   --> src/main.rs:21:15
kablam!    |
kablam! 21 | fn add_one(x: int) -> int {
kablam!    |               ^^^ not found in this scope
kablam! 
kablam! error[E0412]: cannot find type `int` in this scope
kablam!   --> src/main.rs:21:23
kablam!    |
kablam! 21 | fn add_one(x: int) -> int {
kablam!    |                       ^^^ not found in this scope
kablam! 
kablam! error: aborting due to 5 previous errors
kablam! 
kablam! error: Could not compile `hello_world`.
kablam! 
kablam! To learn more, run the command again with --verbose.
boom! running `docker rm -f de2a73318a40366ce86d85cf5c4a752a58d842c5ac099a74253601e1875bf805`
blam! de2a73318a40366ce86d85cf5c4a752a58d842c5ac099a74253601e1875bf805
