boom! testing https://github.com/japaric/xargo#36d3af37af6dda0617c2f6f39701c00484b2ff85 against nightly for nightly
boom! running: cargo +nightly build --frozen
boom! creating container for: cargo +nightly build --frozen
boom! running `docker create -v /home/ec2-user/cargobomb/./work/local/test-source/nightly/nightly:/source:ro -v /home/ec2-user/cargobomb/./work/local/cargo-home:/cargo-home:ro -v /home/ec2-user/cargobomb/./work/local/rustup-home:/rustup-home:ro -v /home/ec2-user/cargobomb/./work/local/target-dirs/nightly/nightly:/target:rw -e USER_ID=500 -e CMD=cargo +nightly build --frozen cargobomb`
blam! fe512ce7591b1f09ec3ec5d5a8dbd25f476ed57a9aef7c2e73c172fd5daf2207
boom! running `docker start -a fe512ce7591b1f09ec3ec5d5a8dbd25f476ed57a9aef7c2e73c172fd5daf2207`
kablam!    Compiling walkdir v1.0.3
kablam!    Compiling xargo v0.3.5 (file:///source)
kablam!    Compiling fs2 v0.4.1
kablam!    Compiling serde_json v0.8.4
kablam!    Compiling backtrace-sys v0.1.5
kablam!    Compiling rand v0.3.15
kablam!    Compiling backtrace v0.3.0
kablam!    Compiling error-chain v0.7.2
kablam!    Compiling tempdir v0.3.5
kablam!     Finished dev [unoptimized + debuginfo] target(s) in 15.41 secs
boom! running `docker rm -f fe512ce7591b1f09ec3ec5d5a8dbd25f476ed57a9aef7c2e73c172fd5daf2207`
blam! fe512ce7591b1f09ec3ec5d5a8dbd25f476ed57a9aef7c2e73c172fd5daf2207
boom! running: cargo +nightly test --frozen --no-run
boom! creating container for: cargo +nightly test --frozen --no-run
boom! running `docker create -v /home/ec2-user/cargobomb/./work/local/test-source/nightly/nightly:/source:ro -v /home/ec2-user/cargobomb/./work/local/cargo-home:/cargo-home:ro -v /home/ec2-user/cargobomb/./work/local/rustup-home:/rustup-home:ro -v /home/ec2-user/cargobomb/./work/local/target-dirs/nightly/nightly:/target:rw -e USER_ID=500 -e CMD=cargo +nightly test --frozen --no-run cargobomb`
blam! 48c4529ceca9f90e0648e7ad2bcee2247bf60017d63cf3030dd2346e317f8a3d
boom! running `docker start -a 48c4529ceca9f90e0648e7ad2bcee2247bf60017d63cf3030dd2346e317f8a3d`
kablam!    Compiling owning_ref v0.2.2
kablam!    Compiling parking_lot_core v0.2.0
kablam!    Compiling parking_lot v0.3.6
kablam!    Compiling xargo v0.3.5 (file:///source)
kablam!     Finished dev [unoptimized + debuginfo] target(s) in 10.91 secs
boom! running `docker rm -f 48c4529ceca9f90e0648e7ad2bcee2247bf60017d63cf3030dd2346e317f8a3d`
blam! 48c4529ceca9f90e0648e7ad2bcee2247bf60017d63cf3030dd2346e317f8a3d
boom! running: cargo +nightly test --frozen
boom! creating container for: cargo +nightly test --frozen
boom! running `docker create -v /home/ec2-user/cargobomb/./work/local/test-source/nightly/nightly:/source:ro -v /home/ec2-user/cargobomb/./work/local/cargo-home:/cargo-home:ro -v /home/ec2-user/cargobomb/./work/local/rustup-home:/rustup-home:ro -v /home/ec2-user/cargobomb/./work/local/target-dirs/nightly/nightly:/target:rw -e USER_ID=500 -e CMD=cargo +nightly test --frozen cargobomb`
blam! 54390eaa9b3f307859a1d355f38096365f16e9b628f7bc1d848d81e2b6cdc444
boom! running `docker start -a 54390eaa9b3f307859a1d355f38096365f16e9b628f7bc1d848d81e2b6cdc444`
kablam!     Finished dev [unoptimized + debuginfo] target(s) in 0.0 secs
kablam!      Running /target/debug/deps/smoke-0e83a2e1db515234
blam! 
blam! running 1 test
kablam!      Created library project
blam! test panic_abort ... FAILED
blam! 
blam! failures:
blam! 
blam! ---- panic_abort stdout ----
blam! 	thread 'panic_abort' panicked at '`"/target/debug/xargo" "build" "--target" "__panic_abort" "-v"` failed with exit code: Some(1)', tests/smoke.rs:576
blam! note: Run with `RUST_BACKTRACE=1` for a backtrace.
blam! 
blam! 
blam! failures:
blam!     panic_abort
blam! 
blam! test result: FAILED. 0 passed; 1 failed; 0 ignored; 0 measured
blam! 
kablam! error: test failed
boom! running `docker rm -f 54390eaa9b3f307859a1d355f38096365f16e9b628f7bc1d848d81e2b6cdc444`
blam! 54390eaa9b3f307859a1d355f38096365f16e9b628f7bc1d848d81e2b6cdc444
