boom! testing hamcrest-0.1.3 against stable for nightly
boom! running: cargo +stable build --frozen
boom! creating container for: cargo +stable build --frozen
boom! running `docker create -v /home/ec2-user/cargobomb/./work/local/test-source/nightly/stable:/source:ro -v /home/ec2-user/cargobomb/./work/local/cargo-home:/cargo-home:ro -v /home/ec2-user/cargobomb/./work/local/rustup-home:/rustup-home:ro -v /home/ec2-user/cargobomb/./work/local/target-dirs/nightly/stable:/target:rw -e USER_ID=500 -e CMD=cargo +stable build --frozen cargobomb`
blam! 570222f19d29861a529cc4b8bf3d0d2e4fe7fef01b6d2061b3e8f49b290a5a46
boom! running `docker start -a 570222f19d29861a529cc4b8bf3d0d2e4fe7fef01b6d2061b3e8f49b290a5a46`
kablam!    Compiling hamcrest v0.1.3 (file:///source)
kablam!     Finished debug [unoptimized + debuginfo] target(s) in 0.88 secs
boom! running `docker rm -f 570222f19d29861a529cc4b8bf3d0d2e4fe7fef01b6d2061b3e8f49b290a5a46`
blam! 570222f19d29861a529cc4b8bf3d0d2e4fe7fef01b6d2061b3e8f49b290a5a46
boom! running: cargo +stable test --frozen --no-run
boom! creating container for: cargo +stable test --frozen --no-run
boom! running `docker create -v /home/ec2-user/cargobomb/./work/local/test-source/nightly/stable:/source:ro -v /home/ec2-user/cargobomb/./work/local/cargo-home:/cargo-home:ro -v /home/ec2-user/cargobomb/./work/local/rustup-home:/rustup-home:ro -v /home/ec2-user/cargobomb/./work/local/target-dirs/nightly/stable:/target:rw -e USER_ID=500 -e CMD=cargo +stable test --frozen --no-run cargobomb`
blam! fffc90256fc8293ead005219dcd1860fdeddb1d6cc969c188a3ba09447b70727
boom! running `docker start -a fffc90256fc8293ead005219dcd1860fdeddb1d6cc969c188a3ba09447b70727`
kablam!    Compiling hamcrest v0.1.3 (file:///source)
kablam!     Finished debug [unoptimized + debuginfo] target(s) in 4.44 secs
boom! running `docker rm -f fffc90256fc8293ead005219dcd1860fdeddb1d6cc969c188a3ba09447b70727`
blam! fffc90256fc8293ead005219dcd1860fdeddb1d6cc969c188a3ba09447b70727
boom! running: cargo +stable test --frozen
boom! creating container for: cargo +stable test --frozen
boom! running `docker create -v /home/ec2-user/cargobomb/./work/local/test-source/nightly/stable:/source:ro -v /home/ec2-user/cargobomb/./work/local/cargo-home:/cargo-home:ro -v /home/ec2-user/cargobomb/./work/local/rustup-home:/rustup-home:ro -v /home/ec2-user/cargobomb/./work/local/target-dirs/nightly/stable:/target:rw -e USER_ID=500 -e CMD=cargo +stable test --frozen cargobomb`
blam! 0747840650f8cc2400c8b542dc57e00134ab77efcc6ae566e333682a2dc34852
boom! running `docker start -a 0747840650f8cc2400c8b542dc57e00134ab77efcc6ae566e333682a2dc34852`
kablam!     Finished debug [unoptimized + debuginfo] target(s) in 0.0 secs
kablam!      Running /target/debug/deps/close_to-33436579ffefcb02
blam! 
blam! running 3 tests
blam! test close_to::it_can_handle_infinity ... ok
blam! test close_to::it_can_handle_nan ... ok
kablam!      Running /target/debug/deps/compared_to-7ee91d63861321d5
blam! test close_to::equality_of_floats ... ok
blam! 
blam! test result: ok. 3 passed; 0 failed; 0 ignored; 0 measured
blam! 
blam! 
blam! running 10 tests
blam! test compared_to::ints_greater_than ... ok
blam! test compared_to::ints_greater_than_or_equal ... ok
blam! test compared_to::ints_less_than ... ok
blam! test compared_to::ints_less_than_or_equal ... ok
blam! test compared_to::less_than_is_not_equal ... ok
blam! test compared_to::unsuccessful_greater_than ... ok
kablam!      Running /target/debug/deps/equal_to-74a4c8ff0ba49793
blam! test compared_to::unsuccessful_greater_than_or_equal ... ok
blam! test compared_to::greater_than_is_not_equal ... ok
blam! test compared_to::unsuccessful_less_than ... ok
blam! test compared_to::unsuccessful_less_than_or_equal ... ok
blam! 
blam! test result: ok. 10 passed; 0 failed; 0 ignored; 0 measured
blam! 
blam! 
blam! running 2 tests
kablam!      Running /target/debug/deps/existing_path-d9c218e2383042da
blam! test equal_to::equality_of_ints ... ok
blam! test equal_to::unsuccessful_match ... ok
blam! 
blam! test result: ok. 2 passed; 0 failed; 0 ignored; 0 measured
blam! 
blam! 
blam! running 3 tests
blam! test existing_path::a_nonexisting_path ... ok
kablam! error: test failed
blam! test existing_path::an_existing_dir ... FAILED
blam! test existing_path::an_existing_file ... ok
blam! 
blam! failures:
blam! 
blam! ---- existing_path::an_existing_dir stdout ----
blam! 	thread 'existing_path::an_existing_dir' panicked at '
blam! Expected: an existing file
blam!     but: ./target was missing', tests/existing_path.rs:29
blam! note: Run with `RUST_BACKTRACE=1` for a backtrace.
blam! 
blam! 
blam! failures:
blam!     existing_path::an_existing_dir
blam! 
blam! test result: FAILED. 2 passed; 1 failed; 0 ignored; 0 measured
blam! 
boom! running `docker rm -f 0747840650f8cc2400c8b542dc57e00134ab77efcc6ae566e333682a2dc34852`
blam! 0747840650f8cc2400c8b542dc57e00134ab77efcc6ae566e333682a2dc34852
