boom! testing memsec-0.1.10 against stable for beta
boom! running: cargo +stable build --frozen
boom! creating container for: cargo +stable build --frozen
boom! running `docker create -v /home/ec2-user/cargobomb/./work/local/test-source/beta/stable:/source:ro -v /home/ec2-user/cargobomb/./work/local/cargo-home:/cargo-home:ro -v /home/ec2-user/cargobomb/./work/local/rustup-home:/rustup-home:ro -v /home/ec2-user/cargobomb/./work/local/target-dirs/beta/stable:/target:rw -e USER_ID=500 -e CMD=cargo +stable build --frozen cargobomb`
blam! 713cbd439fb39078dd58622b5d4ec866a6b970f52253246ea94ccbb14b4b9f71
boom! running `docker start -a 713cbd439fb39078dd58622b5d4ec866a6b970f52253246ea94ccbb14b4b9f71`
kablam!    Compiling memsec v0.1.10 (file:///source)
kablam!     Finished debug [unoptimized + debuginfo] target(s) in 0.42 secs
boom! running `docker rm -f 713cbd439fb39078dd58622b5d4ec866a6b970f52253246ea94ccbb14b4b9f71`
blam! 713cbd439fb39078dd58622b5d4ec866a6b970f52253246ea94ccbb14b4b9f71
boom! running: cargo +stable test --frozen --no-run
boom! creating container for: cargo +stable test --frozen --no-run
boom! running `docker create -v /home/ec2-user/cargobomb/./work/local/test-source/beta/stable:/source:ro -v /home/ec2-user/cargobomb/./work/local/cargo-home:/cargo-home:ro -v /home/ec2-user/cargobomb/./work/local/rustup-home:/rustup-home:ro -v /home/ec2-user/cargobomb/./work/local/target-dirs/beta/stable:/target:rw -e USER_ID=500 -e CMD=cargo +stable test --frozen --no-run cargobomb`
blam! 18cd9b3b4023cc3518f3d5870a332071b02105f12294e762f2b01c9f7fb9fc3e
boom! running `docker start -a 18cd9b3b4023cc3518f3d5870a332071b02105f12294e762f2b01c9f7fb9fc3e`
kablam!    Compiling libsodium-sys v0.0.14
kablam! error: failed to run custom build command for `libsodium-sys v0.0.14`
kablam! process didn't exit successfully: `/target/debug/build/libsodium-sys-23f5d09ede001495/build-script-build` (exit code: 101)
kablam! --- stderr
kablam! thread 'main' panicked at 'called `Result::unwrap()` on an `Err` value: "Failed to run `\"pkg-config\" \"--libs\" \"--cflags\" \"libsodium\"`: No such file or directory (os error 2)"', /buildslave/rust-buildbot/slave/stable-dist-rustc-linux/build/src/libcore/result.rs:837
kablam! note: Run with `RUST_BACKTRACE=1` for a backtrace.
kablam! 
boom! running `docker rm -f 18cd9b3b4023cc3518f3d5870a332071b02105f12294e762f2b01c9f7fb9fc3e`
blam! 18cd9b3b4023cc3518f3d5870a332071b02105f12294e762f2b01c9f7fb9fc3e
boom! running: cargo +stable test --frozen
boom! creating container for: cargo +stable test --frozen
boom! running `docker create -v /home/ec2-user/cargobomb/./work/local/test-source/beta/stable:/source:ro -v /home/ec2-user/cargobomb/./work/local/cargo-home:/cargo-home:ro -v /home/ec2-user/cargobomb/./work/local/rustup-home:/rustup-home:ro -v /home/ec2-user/cargobomb/./work/local/target-dirs/beta/stable:/target:rw -e USER_ID=500 -e CMD=cargo +stable test --frozen cargobomb`
blam! e5566c063be419023491f6ced404932350bbb00f177cae7ab2f1f7e73d8eec19
boom! running `docker start -a e5566c063be419023491f6ced404932350bbb00f177cae7ab2f1f7e73d8eec19`
kablam!    Compiling libsodium-sys v0.0.14
kablam! error: failed to run custom build command for `libsodium-sys v0.0.14`
kablam! process didn't exit successfully: `/target/debug/build/libsodium-sys-23f5d09ede001495/build-script-build` (exit code: 101)
kablam! --- stderr
kablam! thread 'main' panicked at 'called `Result::unwrap()` on an `Err` value: "Failed to run `\"pkg-config\" \"--libs\" \"--cflags\" \"libsodium\"`: No such file or directory (os error 2)"', /buildslave/rust-buildbot/slave/stable-dist-rustc-linux/build/src/libcore/result.rs:837
kablam! note: Run with `RUST_BACKTRACE=1` for a backtrace.
kablam! 
boom! running `docker rm -f e5566c063be419023491f6ced404932350bbb00f177cae7ab2f1f7e73d8eec19`
blam! e5566c063be419023491f6ced404932350bbb00f177cae7ab2f1f7e73d8eec19
