boom! testing skim-0.2.1-beta.2 against stable for beta
boom! running: cargo +stable build --frozen
boom! creating container for: cargo +stable build --frozen
boom! running `docker create -v /home/ec2-user/cargobomb/./work/local/test-source/beta/stable:/source:ro -v /home/ec2-user/cargobomb/./work/local/cargo-home:/cargo-home:ro -v /home/ec2-user/cargobomb/./work/local/rustup-home:/rustup-home:ro -v /home/ec2-user/cargobomb/./work/local/target-dirs/beta/stable:/target:rw -e USER_ID=500 -e CMD=cargo +stable build --frozen cargobomb`
blam! df939f08d698a1117df4fe1b61a069401772925785d9e47b483512cf5ffd1a1a
boom! running `docker start -a df939f08d698a1117df4fe1b61a069401772925785d9e47b483512cf5ffd1a1a`
kablam!    Compiling utf8parse v0.1.0
kablam!    Compiling ncurses v5.85.0
blam! Build failed, waiting for other jobs to finish...
kablam! error: failed to run custom build command for `ncurses v5.85.0`
kablam! process didn't exit successfully: `/target/debug/build/ncurses-014baeadde23a66b/build-script-build` (exit code: 101)
kablam! --- stdout
kablam! OPT_LEVEL = Some("0")
kablam! TARGET = Some("x86_64-unknown-linux-gnu")
kablam! HOST = Some("x86_64-unknown-linux-gnu")
kablam! TARGET = Some("x86_64-unknown-linux-gnu")
kablam! TARGET = Some("x86_64-unknown-linux-gnu")
kablam! HOST = Some("x86_64-unknown-linux-gnu")
kablam! CC_x86_64-unknown-linux-gnu = None
kablam! CC_x86_64_unknown_linux_gnu = None
kablam! HOST_CC = None
kablam! CC = None
kablam! HOST = Some("x86_64-unknown-linux-gnu")
kablam! TARGET = Some("x86_64-unknown-linux-gnu")
kablam! HOST = Some("x86_64-unknown-linux-gnu")
kablam! CFLAGS_x86_64-unknown-linux-gnu = None
kablam! CFLAGS_x86_64_unknown_linux_gnu = None
kablam! HOST_CFLAGS = None
kablam! CFLAGS = None
kablam! PROFILE = Some("debug")
kablam! 
kablam! --- stderr
kablam! /target/debug/build/ncurses-91942d634396631e/out/chtype_size.c:6:21: fatal error: ncurses.h: No such file or directory
kablam! compilation terminated.
kablam! thread 'main' panicked at '/target/debug/build/ncurses-91942d634396631e/out/chtype_size failed: Error { repr: Os { code: 2, message: "No such file or directory" } }', /buildslave/rust-buildbot/slave/stable-dist-rustc-linux/build/src/libcore/result.rs:837
kablam! note: Run with `RUST_BACKTRACE=1` for a backtrace.
kablam! 
boom! running `docker rm -f df939f08d698a1117df4fe1b61a069401772925785d9e47b483512cf5ffd1a1a`
blam! df939f08d698a1117df4fe1b61a069401772925785d9e47b483512cf5ffd1a1a
