boom! testing carp-0.1.0 against beta for beta
boom! running: cargo +beta build --frozen
boom! creating container for: cargo +beta build --frozen
boom! running `docker create -v /home/ec2-user/cargobomb/./work/local/test-source/beta/beta:/source:ro -v /home/ec2-user/cargobomb/./work/local/cargo-home:/cargo-home:ro -v /home/ec2-user/cargobomb/./work/local/rustup-home:/rustup-home:ro -v /home/ec2-user/cargobomb/./work/local/target-dirs/beta/beta:/target:rw -e USER_ID=500 -e CMD=cargo +beta build --frozen cargobomb`
blam! 399a661b34cdce35bc2276fe93557c137fdc243b2bce9b1ae591aedf1151bd05
boom! running `docker start -a 399a661b34cdce35bc2276fe93557c137fdc243b2bce9b1ae591aedf1151bd05`
kablam!    Compiling pcap v0.5.7
kablam!    Compiling carp v0.1.0 (file:///source)
kablam! warning: unused import: `crypto::digest::Digest`, #[warn(unused_imports)] on by default
kablam!   --> src/carp.rs:42:5
kablam!    |
kablam! 42 | use crypto::digest::Digest;
kablam!    |     ^^^^^^^^^^^^^^^^^^^^^^
kablam! 
kablam! warning: static variable `received_signal` should have an upper case name such as `RECEIVED_SIGNAL`, #[warn(non_upper_case_globals)] on by default
kablam!   --> src/carp.rs:60:1
kablam!    |
kablam! 60 | static mut received_signal: usize = 0;
kablam!    | ^^^^^^^^^^^^^^^^^^^^^^^^^^^^^^^^^^^^^^
kablam! 
kablam!     Finished dev [unoptimized + debuginfo] target(s) in 2.66 secs
boom! running `docker rm -f 399a661b34cdce35bc2276fe93557c137fdc243b2bce9b1ae591aedf1151bd05`
blam! 399a661b34cdce35bc2276fe93557c137fdc243b2bce9b1ae591aedf1151bd05
boom! running: cargo +beta test --frozen --no-run
boom! creating container for: cargo +beta test --frozen --no-run
boom! running `docker create -v /home/ec2-user/cargobomb/./work/local/test-source/beta/beta:/source:ro -v /home/ec2-user/cargobomb/./work/local/cargo-home:/cargo-home:ro -v /home/ec2-user/cargobomb/./work/local/rustup-home:/rustup-home:ro -v /home/ec2-user/cargobomb/./work/local/target-dirs/beta/beta:/target:rw -e USER_ID=500 -e CMD=cargo +beta test --frozen --no-run cargobomb`
blam! 53922197b2f71e66c0e09f37aff8c05db17b09d726b0f65c279e978a9553636c
boom! running `docker start -a 53922197b2f71e66c0e09f37aff8c05db17b09d726b0f65c279e978a9553636c`
kablam!    Compiling carp v0.1.0 (file:///source)
kablam! warning: unused `#[macro_use]` import, #[warn(unused_imports)] on by default
kablam!  --> tests/lib.rs:3:1
kablam!   |
kablam! 3 | #[macro_use] extern crate log;
kablam!   | ^^^^^^^^^^^^
kablam! 
kablam! error[E0284]: type annotations required: cannot resolve `<_ as std::str::FromStr>::Err == _`
kablam!    --> src/ip.rs:350:61
kablam!     |
kablam! 350 |         assert_eq!(Ipv4Addr::from(iph.saddr()), "10.0.2.30".parse().unwrap());
kablam!     |                                                             ^^^^^
kablam! 
kablam! error: aborting due to previous error
kablam! 
blam! Build failed, waiting for other jobs to finish...
kablam! error: Could not compile `carp`.
kablam! error: linking with `cc` failed: exit code: 1
kablam!   |
kablam!   = note: "cc" "-Wl,--as-needed" "-Wl,-z,noexecstack" "-m64" "-L" "/rustup-home/toolchains/beta-x86_64-unknown-linux-gnu/lib/rustlib/x86_64-unknown-linux-gnu/lib" "/target/debug/deps/lib-2d356f49ba19a1d1.0.o" "-o" "/target/debug/deps/lib-2d356f49ba19a1d1" "-Wl,--gc-sections" "-pie" "-nodefaultlibs" "-L" "/target/debug/deps" "-L" "/target/debug/build/rust-crypto-1726770e89591a2e/out" "-L" "/rustup-home/toolchains/beta-x86_64-unknown-linux-gnu/lib/rustlib/x86_64-unknown-linux-gnu/lib" "-Wl,-Bstatic" "-Wl,-Bdynamic" "/target/debug/deps/libcarp-451aec66358be611.rlib" "/target/debug/deps/libnix-2d1be38b2b345d12.rlib" "/target/debug/deps/libpcap-9ba37a1b730973d2.rlib" "/target/debug/deps/libenv_logger-25d6e02029b27322.rlib" "/target/debug/deps/libregex-bf57a839db75dbae.rlib" "/target/debug/deps/libutf8_ranges-142806e76d52d8c6.rlib" "/target/debug/deps/libthread_local-a561abce7ea185f1.rlib" "/target/debug/deps/liblog-2f7366be74992849.rlib" "/target/debug/deps/libregex_syntax-8b74a2985735b213.rlib" "/target/debug/deps/libbitflags-6c0c42f1f858d67c.rlib" "/target/debug/deps/libcrypto-2d12c53d797abb19.rlib" "/target/debug/deps/libtime-cd5e3a346d1a17b6.rlib" "/target/debug/deps/librustc_serialize-2c0b16b7ceb9fdcb.rlib" "/target/debug/deps/librand-c9d9fbdab2355ee4.rlib" "/target/debug/deps/libbyteorder-35109819e11170bf.rlib" "/target/debug/deps/libaho_corasick-c795bbd3a96f4a35.rlib" "/target/debug/deps/libmemchr-4c3682d5f0e14581.rlib" "/target/debug/deps/libthread_id-e41c347f28e6505f.rlib" "/target/debug/deps/liblibc-2a4507ee5e52ea3e.rlib" "/rustup-home/toolchains/beta-x86_64-unknown-linux-gnu/lib/rustlib/x86_64-unknown-linux-gnu/lib/libtest-495f7d16c61e193e.rlib" "/rustup-home/toolchains/beta-x86_64-unknown-linux-gnu/lib/rustlib/x86_64-unknown-linux-gnu/lib/libterm-7fad624c8a987316.rlib" "/rustup-home/toolchains/beta-x86_64-unknown-linux-gnu/lib/rustlib/x86_64-unknown-linux-gnu/lib/libgetopts-e268adbf4cfcbb37.rlib" "/rustup-home/toolchains/beta-x86_64-unknown-linux-gnu/lib/rustlib/x86_64-unknown-linux-gnu/lib/libstd-dfc89321dbee872e.rlib" "/rustup-home/toolchains/beta-x86_64-unknown-linux-gnu/lib/rustlib/x86_64-unknown-linux-gnu/lib/libpanic_unwind-b9a1672c9b07eb79.rlib" "/rustup-home/toolchains/beta-x86_64-unknown-linux-gnu/lib/rustlib/x86_64-unknown-linux-gnu/lib/libunwind-2368fc95b0a72ca5.rlib" "/rustup-home/toolchains/beta-x86_64-unknown-linux-gnu/lib/rustlib/x86_64-unknown-linux-gnu/lib/librand-7b8c40539a92cc94.rlib" "/rustup-home/toolchains/beta-x86_64-unknown-linux-gnu/lib/rustlib/x86_64-unknown-linux-gnu/lib/libcollections-248c1fb3029c3b47.rlib" "/rustup-home/toolchains/beta-x86_64-unknown-linux-gnu/lib/rustlib/x86_64-unknown-linux-gnu/lib/liballoc-716ec913507cca23.rlib" "/rustup-home/toolchains/beta-x86_64-unknown-linux-gnu/lib/rustlib/x86_64-unknown-linux-gnu/lib/liballoc_jemalloc-73671a945a075b27.rlib" "/rustup-home/toolchains/beta-x86_64-unknown-linux-gnu/lib/rustlib/x86_64-unknown-linux-gnu/lib/liblibc-40657eb22c503f7a.rlib" "/rustup-home/toolchains/beta-x86_64-unknown-linux-gnu/lib/rustlib/x86_64-unknown-linux-gnu/lib/libstd_unicode-86ff76aef4ef75d0.rlib" "/rustup-home/toolchains/beta-x86_64-unknown-linux-gnu/lib/rustlib/x86_64-unknown-linux-gnu/lib/libcore-3f5cb0b311b4f9c5.rlib" "/rustup-home/toolchains/beta-x86_64-unknown-linux-gnu/lib/rustlib/x86_64-unknown-linux-gnu/lib/libcompiler_builtins-a27e0b02588f3694.rlib" "-l" "pcap" "-l" "util" "-l" "dl" "-l" "rt" "-l" "pthread" "-l" "gcc_s" "-l" "pthread" "-l" "c" "-l" "m" "-l" "rt" "-l" "util"
kablam!   = note: /usr/bin/ld: cannot find -lpcap
kablam!           collect2: error: ld returned 1 exit status
kablam!           
kablam! 
kablam! error: aborting due to previous error
kablam! 
blam! Build failed, waiting for other jobs to finish...
kablam! error: Could not compile `carp`.
kablam! error: linking with `cc` failed: exit code: 1
kablam!   |
kablam!   = note: "cc" "-Wl,--as-needed" "-Wl,-z,noexecstack" "-m64" "-L" "/rustup-home/toolchains/beta-x86_64-unknown-linux-gnu/lib/rustlib/x86_64-unknown-linux-gnu/lib" "/target/debug/examples/basic-797ac879399b53f3.0.o" "-o" "/target/debug/examples/basic-797ac879399b53f3" "-Wl,--gc-sections" "-pie" "-nodefaultlibs" "-L" "/target/debug/deps" "-L" "/target/debug/build/rust-crypto-1726770e89591a2e/out" "-L" "/rustup-home/toolchains/beta-x86_64-unknown-linux-gnu/lib/rustlib/x86_64-unknown-linux-gnu/lib" "-Wl,-Bstatic" "-Wl,-Bdynamic" "/target/debug/deps/libcarp-451aec66358be611.rlib" "/target/debug/deps/libnix-2d1be38b2b345d12.rlib" "/target/debug/deps/libpcap-9ba37a1b730973d2.rlib" "/target/debug/deps/libenv_logger-25d6e02029b27322.rlib" "/target/debug/deps/liblog-2f7366be74992849.rlib" "/target/debug/deps/libgetopts-3facdbd0235704b0.rlib" "/target/debug/deps/libbitflags-6c0c42f1f858d67c.rlib" "/target/debug/deps/libcrypto-2d12c53d797abb19.rlib" "/target/debug/deps/libtime-cd5e3a346d1a17b6.rlib" "/target/debug/deps/librustc_serialize-2c0b16b7ceb9fdcb.rlib" "/target/debug/deps/librand-c9d9fbdab2355ee4.rlib" "/target/debug/deps/libbyteorder-35109819e11170bf.rlib" "/target/debug/deps/libregex-bf57a839db75dbae.rlib" "/target/debug/deps/libregex_syntax-8b74a2985735b213.rlib" "/target/debug/deps/libaho_corasick-c795bbd3a96f4a35.rlib" "/target/debug/deps/libmemchr-4c3682d5f0e14581.rlib" "/target/debug/deps/libthread_local-a561abce7ea185f1.rlib" "/target/debug/deps/libthread_id-e41c347f28e6505f.rlib" "/target/debug/deps/liblibc-2a4507ee5e52ea3e.rlib" "/target/debug/deps/libutf8_ranges-142806e76d52d8c6.rlib" "/rustup-home/toolchains/beta-x86_64-unknown-linux-gnu/lib/rustlib/x86_64-unknown-linux-gnu/lib/libstd-dfc89321dbee872e.rlib" "/rustup-home/toolchains/beta-x86_64-unknown-linux-gnu/lib/rustlib/x86_64-unknown-linux-gnu/lib/libpanic_unwind-b9a1672c9b07eb79.rlib" "/rustup-home/toolchains/beta-x86_64-unknown-linux-gnu/lib/rustlib/x86_64-unknown-linux-gnu/lib/libunwind-2368fc95b0a72ca5.rlib" "/rustup-home/toolchains/beta-x86_64-unknown-linux-gnu/lib/rustlib/x86_64-unknown-linux-gnu/lib/librand-7b8c40539a92cc94.rlib" "/rustup-home/toolchains/beta-x86_64-unknown-linux-gnu/lib/rustlib/x86_64-unknown-linux-gnu/lib/libcollections-248c1fb3029c3b47.rlib" "/rustup-home/toolchains/beta-x86_64-unknown-linux-gnu/lib/rustlib/x86_64-unknown-linux-gnu/lib/liballoc-716ec913507cca23.rlib" "/rustup-home/toolchains/beta-x86_64-unknown-linux-gnu/lib/rustlib/x86_64-unknown-linux-gnu/lib/liballoc_jemalloc-73671a945a075b27.rlib" "/rustup-home/toolchains/beta-x86_64-unknown-linux-gnu/lib/rustlib/x86_64-unknown-linux-gnu/lib/liblibc-40657eb22c503f7a.rlib" "/rustup-home/toolchains/beta-x86_64-unknown-linux-gnu/lib/rustlib/x86_64-unknown-linux-gnu/lib/libstd_unicode-86ff76aef4ef75d0.rlib" "/rustup-home/toolchains/beta-x86_64-unknown-linux-gnu/lib/rustlib/x86_64-unknown-linux-gnu/lib/libcore-3f5cb0b311b4f9c5.rlib" "/rustup-home/toolchains/beta-x86_64-unknown-linux-gnu/lib/rustlib/x86_64-unknown-linux-gnu/lib/libcompiler_builtins-a27e0b02588f3694.rlib" "-l" "pcap" "-l" "util" "-l" "dl" "-l" "rt" "-l" "pthread" "-l" "gcc_s" "-l" "pthread" "-l" "c" "-l" "m" "-l" "rt" "-l" "util"
kablam!   = note: /usr/bin/ld: cannot find -lpcap
kablam!           collect2: error: ld returned 1 exit status
kablam!           
kablam! 
kablam! error: aborting due to previous error
kablam! 
kablam! error: build failed
boom! running `docker rm -f 53922197b2f71e66c0e09f37aff8c05db17b09d726b0f65c279e978a9553636c`
blam! 53922197b2f71e66c0e09f37aff8c05db17b09d726b0f65c279e978a9553636c
boom! running: cargo +beta test --frozen
boom! creating container for: cargo +beta test --frozen
boom! running `docker create -v /home/ec2-user/cargobomb/./work/local/test-source/beta/beta:/source:ro -v /home/ec2-user/cargobomb/./work/local/cargo-home:/cargo-home:ro -v /home/ec2-user/cargobomb/./work/local/rustup-home:/rustup-home:ro -v /home/ec2-user/cargobomb/./work/local/target-dirs/beta/beta:/target:rw -e USER_ID=500 -e CMD=cargo +beta test --frozen cargobomb`
blam! 35189a177df1c3524faef86c5adb9f32b56974be7956042a31513def95ec292a
boom! running `docker start -a 35189a177df1c3524faef86c5adb9f32b56974be7956042a31513def95ec292a`
kablam!    Compiling carp v0.1.0 (file:///source)
kablam! warning: unused `#[macro_use]` import, #[warn(unused_imports)] on by default
kablam!  --> tests/lib.rs:3:1
kablam!   |
kablam! 3 | #[macro_use] extern crate log;
kablam!   | ^^^^^^^^^^^^
kablam! 
kablam! error[E0284]: type annotations required: cannot resolve `<_ as std::str::FromStr>::Err == _`
kablam!    --> src/ip.rs:350:61
kablam!     |
kablam! 350 |         assert_eq!(Ipv4Addr::from(iph.saddr()), "10.0.2.30".parse().unwrap());
kablam!     |                                                             ^^^^^
kablam! 
kablam! error: aborting due to previous error
kablam! 
kablam! error: Could not compile `carp`.
blam! Build failed, waiting for other jobs to finish...
kablam! error: linking with `cc` failed: exit code: 1
kablam!   |
kablam!   = note: "cc" "-Wl,--as-needed" "-Wl,-z,noexecstack" "-m64" "-L" "/rustup-home/toolchains/beta-x86_64-unknown-linux-gnu/lib/rustlib/x86_64-unknown-linux-gnu/lib" "/target/debug/deps/lib-2d356f49ba19a1d1.0.o" "-o" "/target/debug/deps/lib-2d356f49ba19a1d1" "-Wl,--gc-sections" "-pie" "-nodefaultlibs" "-L" "/target/debug/deps" "-L" "/target/debug/build/rust-crypto-1726770e89591a2e/out" "-L" "/rustup-home/toolchains/beta-x86_64-unknown-linux-gnu/lib/rustlib/x86_64-unknown-linux-gnu/lib" "-Wl,-Bstatic" "-Wl,-Bdynamic" "/target/debug/deps/libcarp-451aec66358be611.rlib" "/target/debug/deps/libnix-2d1be38b2b345d12.rlib" "/target/debug/deps/libpcap-9ba37a1b730973d2.rlib" "/target/debug/deps/libenv_logger-25d6e02029b27322.rlib" "/target/debug/deps/libregex-bf57a839db75dbae.rlib" "/target/debug/deps/libutf8_ranges-142806e76d52d8c6.rlib" "/target/debug/deps/libthread_local-a561abce7ea185f1.rlib" "/target/debug/deps/liblog-2f7366be74992849.rlib" "/target/debug/deps/libregex_syntax-8b74a2985735b213.rlib" "/target/debug/deps/libbitflags-6c0c42f1f858d67c.rlib" "/target/debug/deps/libcrypto-2d12c53d797abb19.rlib" "/target/debug/deps/libtime-cd5e3a346d1a17b6.rlib" "/target/debug/deps/librustc_serialize-2c0b16b7ceb9fdcb.rlib" "/target/debug/deps/librand-c9d9fbdab2355ee4.rlib" "/target/debug/deps/libbyteorder-35109819e11170bf.rlib" "/target/debug/deps/libaho_corasick-c795bbd3a96f4a35.rlib" "/target/debug/deps/libmemchr-4c3682d5f0e14581.rlib" "/target/debug/deps/libthread_id-e41c347f28e6505f.rlib" "/target/debug/deps/liblibc-2a4507ee5e52ea3e.rlib" "/rustup-home/toolchains/beta-x86_64-unknown-linux-gnu/lib/rustlib/x86_64-unknown-linux-gnu/lib/libtest-495f7d16c61e193e.rlib" "/rustup-home/toolchains/beta-x86_64-unknown-linux-gnu/lib/rustlib/x86_64-unknown-linux-gnu/lib/libterm-7fad624c8a987316.rlib" "/rustup-home/toolchains/beta-x86_64-unknown-linux-gnu/lib/rustlib/x86_64-unknown-linux-gnu/lib/libgetopts-e268adbf4cfcbb37.rlib" "/rustup-home/toolchains/beta-x86_64-unknown-linux-gnu/lib/rustlib/x86_64-unknown-linux-gnu/lib/libstd-dfc89321dbee872e.rlib" "/rustup-home/toolchains/beta-x86_64-unknown-linux-gnu/lib/rustlib/x86_64-unknown-linux-gnu/lib/libpanic_unwind-b9a1672c9b07eb79.rlib" "/rustup-home/toolchains/beta-x86_64-unknown-linux-gnu/lib/rustlib/x86_64-unknown-linux-gnu/lib/libunwind-2368fc95b0a72ca5.rlib" "/rustup-home/toolchains/beta-x86_64-unknown-linux-gnu/lib/rustlib/x86_64-unknown-linux-gnu/lib/librand-7b8c40539a92cc94.rlib" "/rustup-home/toolchains/beta-x86_64-unknown-linux-gnu/lib/rustlib/x86_64-unknown-linux-gnu/lib/libcollections-248c1fb3029c3b47.rlib" "/rustup-home/toolchains/beta-x86_64-unknown-linux-gnu/lib/rustlib/x86_64-unknown-linux-gnu/lib/liballoc-716ec913507cca23.rlib" "/rustup-home/toolchains/beta-x86_64-unknown-linux-gnu/lib/rustlib/x86_64-unknown-linux-gnu/lib/liballoc_jemalloc-73671a945a075b27.rlib" "/rustup-home/toolchains/beta-x86_64-unknown-linux-gnu/lib/rustlib/x86_64-unknown-linux-gnu/lib/liblibc-40657eb22c503f7a.rlib" "/rustup-home/toolchains/beta-x86_64-unknown-linux-gnu/lib/rustlib/x86_64-unknown-linux-gnu/lib/libstd_unicode-86ff76aef4ef75d0.rlib" "/rustup-home/toolchains/beta-x86_64-unknown-linux-gnu/lib/rustlib/x86_64-unknown-linux-gnu/lib/libcore-3f5cb0b311b4f9c5.rlib" "/rustup-home/toolchains/beta-x86_64-unknown-linux-gnu/lib/rustlib/x86_64-unknown-linux-gnu/lib/libcompiler_builtins-a27e0b02588f3694.rlib" "-l" "pcap" "-l" "util" "-l" "dl" "-l" "rt" "-l" "pthread" "-l" "gcc_s" "-l" "pthread" "-l" "c" "-l" "m" "-l" "rt" "-l" "util"
kablam!   = note: /usr/bin/ld: cannot find -lpcap
kablam!           collect2: error: ld returned 1 exit status
kablam!           
kablam! 
kablam! error: aborting due to previous error
kablam! 
kablam! error: Could not compile `carp`.
blam! Build failed, waiting for other jobs to finish...
kablam! error: linking with `cc` failed: exit code: 1
kablam!   |
kablam!   = note: "cc" "-Wl,--as-needed" "-Wl,-z,noexecstack" "-m64" "-L" "/rustup-home/toolchains/beta-x86_64-unknown-linux-gnu/lib/rustlib/x86_64-unknown-linux-gnu/lib" "/target/debug/examples/basic-797ac879399b53f3.0.o" "-o" "/target/debug/examples/basic-797ac879399b53f3" "-Wl,--gc-sections" "-pie" "-nodefaultlibs" "-L" "/target/debug/deps" "-L" "/target/debug/build/rust-crypto-1726770e89591a2e/out" "-L" "/rustup-home/toolchains/beta-x86_64-unknown-linux-gnu/lib/rustlib/x86_64-unknown-linux-gnu/lib" "-Wl,-Bstatic" "-Wl,-Bdynamic" "/target/debug/deps/libcarp-451aec66358be611.rlib" "/target/debug/deps/libnix-2d1be38b2b345d12.rlib" "/target/debug/deps/libpcap-9ba37a1b730973d2.rlib" "/target/debug/deps/libenv_logger-25d6e02029b27322.rlib" "/target/debug/deps/liblog-2f7366be74992849.rlib" "/target/debug/deps/libgetopts-3facdbd0235704b0.rlib" "/target/debug/deps/libbitflags-6c0c42f1f858d67c.rlib" "/target/debug/deps/libcrypto-2d12c53d797abb19.rlib" "/target/debug/deps/libtime-cd5e3a346d1a17b6.rlib" "/target/debug/deps/librustc_serialize-2c0b16b7ceb9fdcb.rlib" "/target/debug/deps/librand-c9d9fbdab2355ee4.rlib" "/target/debug/deps/libbyteorder-35109819e11170bf.rlib" "/target/debug/deps/libregex-bf57a839db75dbae.rlib" "/target/debug/deps/libregex_syntax-8b74a2985735b213.rlib" "/target/debug/deps/libaho_corasick-c795bbd3a96f4a35.rlib" "/target/debug/deps/libmemchr-4c3682d5f0e14581.rlib" "/target/debug/deps/libthread_local-a561abce7ea185f1.rlib" "/target/debug/deps/libthread_id-e41c347f28e6505f.rlib" "/target/debug/deps/liblibc-2a4507ee5e52ea3e.rlib" "/target/debug/deps/libutf8_ranges-142806e76d52d8c6.rlib" "/rustup-home/toolchains/beta-x86_64-unknown-linux-gnu/lib/rustlib/x86_64-unknown-linux-gnu/lib/libstd-dfc89321dbee872e.rlib" "/rustup-home/toolchains/beta-x86_64-unknown-linux-gnu/lib/rustlib/x86_64-unknown-linux-gnu/lib/libpanic_unwind-b9a1672c9b07eb79.rlib" "/rustup-home/toolchains/beta-x86_64-unknown-linux-gnu/lib/rustlib/x86_64-unknown-linux-gnu/lib/libunwind-2368fc95b0a72ca5.rlib" "/rustup-home/toolchains/beta-x86_64-unknown-linux-gnu/lib/rustlib/x86_64-unknown-linux-gnu/lib/librand-7b8c40539a92cc94.rlib" "/rustup-home/toolchains/beta-x86_64-unknown-linux-gnu/lib/rustlib/x86_64-unknown-linux-gnu/lib/libcollections-248c1fb3029c3b47.rlib" "/rustup-home/toolchains/beta-x86_64-unknown-linux-gnu/lib/rustlib/x86_64-unknown-linux-gnu/lib/liballoc-716ec913507cca23.rlib" "/rustup-home/toolchains/beta-x86_64-unknown-linux-gnu/lib/rustlib/x86_64-unknown-linux-gnu/lib/liballoc_jemalloc-73671a945a075b27.rlib" "/rustup-home/toolchains/beta-x86_64-unknown-linux-gnu/lib/rustlib/x86_64-unknown-linux-gnu/lib/liblibc-40657eb22c503f7a.rlib" "/rustup-home/toolchains/beta-x86_64-unknown-linux-gnu/lib/rustlib/x86_64-unknown-linux-gnu/lib/libstd_unicode-86ff76aef4ef75d0.rlib" "/rustup-home/toolchains/beta-x86_64-unknown-linux-gnu/lib/rustlib/x86_64-unknown-linux-gnu/lib/libcore-3f5cb0b311b4f9c5.rlib" "/rustup-home/toolchains/beta-x86_64-unknown-linux-gnu/lib/rustlib/x86_64-unknown-linux-gnu/lib/libcompiler_builtins-a27e0b02588f3694.rlib" "-l" "pcap" "-l" "util" "-l" "dl" "-l" "rt" "-l" "pthread" "-l" "gcc_s" "-l" "pthread" "-l" "c" "-l" "m" "-l" "rt" "-l" "util"
kablam!   = note: /usr/bin/ld: cannot find -lpcap
kablam!           collect2: error: ld returned 1 exit status
kablam!           
kablam! 
kablam! error: aborting due to previous error
kablam! 
kablam! error: build failed
boom! running `docker rm -f 35189a177df1c3524faef86c5adb9f32b56974be7956042a31513def95ec292a`
blam! 35189a177df1c3524faef86c5adb9f32b56974be7956042a31513def95ec292a
