boom! testing cargo-script-0.1.5 against stable for nightly
boom! running: cargo +stable build --frozen
boom! creating container for: cargo +stable build --frozen
boom! running `docker create -v /home/ec2-user/cargobomb/./work/local/test-source/nightly/stable:/source:ro -v /home/ec2-user/cargobomb/./work/local/cargo-home:/cargo-home:ro -v /home/ec2-user/cargobomb/./work/local/rustup-home:/rustup-home:ro -v /home/ec2-user/cargobomb/./work/local/target-dirs/nightly/stable:/target:rw -e USER_ID=500 -e CMD=cargo +stable build --frozen cargobomb`
blam! 12673e74a190913e807f1cba576b2a3b6c6d97e92ca7785472cdedcaa9ded14c
boom! running `docker start -a 12673e74a190913e807f1cba576b2a3b6c6d97e92ca7785472cdedcaa9ded14c`
kablam!    Compiling shaman v0.1.0
kablam!    Compiling clap v1.5.6
kablam!    Compiling gcc v0.3.28
kablam!    Compiling hoedown v3.0.5
kablam!    Compiling cargo-script v0.1.5 (file:///source)
kablam!     Finished debug [unoptimized + debuginfo] target(s) in 20.41 secs
boom! running `docker rm -f 12673e74a190913e807f1cba576b2a3b6c6d97e92ca7785472cdedcaa9ded14c`
blam! 12673e74a190913e807f1cba576b2a3b6c6d97e92ca7785472cdedcaa9ded14c
boom! running: cargo +stable test --frozen --no-run
boom! creating container for: cargo +stable test --frozen --no-run
boom! running `docker create -v /home/ec2-user/cargobomb/./work/local/test-source/nightly/stable:/source:ro -v /home/ec2-user/cargobomb/./work/local/cargo-home:/cargo-home:ro -v /home/ec2-user/cargobomb/./work/local/rustup-home:/rustup-home:ro -v /home/ec2-user/cargobomb/./work/local/target-dirs/nightly/stable:/target:rw -e USER_ID=500 -e CMD=cargo +stable test --frozen --no-run cargobomb`
blam! e495ecee935acc1a696ec98121f9563e6719e2b358812b693cdbfab1cad9a55e
boom! running `docker start -a e495ecee935acc1a696ec98121f9563e6719e2b358812b693cdbfab1cad9a55e`
kablam!    Compiling strcursor v0.2.3
kablam!    Compiling scan-rules v0.1.3
kablam!    Compiling cargo-script v0.1.5 (file:///source)
kablam!     Finished debug [unoptimized + debuginfo] target(s) in 12.75 secs
boom! running `docker rm -f e495ecee935acc1a696ec98121f9563e6719e2b358812b693cdbfab1cad9a55e`
blam! e495ecee935acc1a696ec98121f9563e6719e2b358812b693cdbfab1cad9a55e
boom! running: cargo +stable test --frozen
boom! creating container for: cargo +stable test --frozen
boom! running `docker create -v /home/ec2-user/cargobomb/./work/local/test-source/nightly/stable:/source:ro -v /home/ec2-user/cargobomb/./work/local/cargo-home:/cargo-home:ro -v /home/ec2-user/cargobomb/./work/local/rustup-home:/rustup-home:ro -v /home/ec2-user/cargobomb/./work/local/target-dirs/nightly/stable:/target:rw -e USER_ID=500 -e CMD=cargo +stable test --frozen cargobomb`
blam! 5dd7af843c31b2776bd90ee0b93dbb047505aa8724ad032428cc4e1c68dc5027
boom! running `docker start -a 5dd7af843c31b2776bd90ee0b93dbb047505aa8724ad032428cc4e1c68dc5027`
kablam!     Finished debug [unoptimized + debuginfo] target(s) in 0.0 secs
kablam!      Running /target/debug/deps/cargo_script-381fc57fc2705450
blam! 
blam! running 5 tests
blam! test manifest::test_scrape_markdown_manifest ... ok
blam! test manifest::test_extract_comment ... ok
blam! test manifest::test_strip_hashbang ... ok
blam! test manifest::test_find_embedded_manifest ... ok
kablam!      Running /target/debug/deps/integration-8300418cad07430c
blam! test manifest::test_split_input ... ok
blam! 
blam! test result: ok. 5 passed; 0 failed; 0 ignored; 0 measured
blam! 
blam! 
blam! running 12 tests
blam! test tests::expr::test_expr_0 ... ok
blam! test tests::expr::test_expr_dep ... FAILED
blam! test tests::expr::test_expr_dep_extern ... FAILED
blam! test tests::expr::test_expr_dnc ... ok
blam! test tests::expr::test_expr_panic ... ok
blam! test tests::script::test_script_explicit ... FAILED
blam! test tests::script::test_script_full_block ... FAILED
blam! test tests::script::test_script_full_line ... FAILED
blam! test tests::script::test_script_no_deps ... ok
blam! test tests::script::test_script_features ... ok
blam! test tests::script::test_script_short ... FAILED
blam! test tests::version::test_version ... ok
blam! 
blam! failures:
blam! 
blam! ---- tests::expr::test_expr_dep stdout ----
blam! 	cargo-script cmd: "/target/debug/cargo-script" "script" "--pkg-path" "/tmp/cargo-script-test.DyfGoBVVgqbh" "-D" "boolinator=0.1.0" "-e" "use boolinator::Boolinator;println!(\"--output--\");true.as_some(1)"
blam! cargo-script stdout:
blam! -----
blam! 
blam! -----
blam! cargo-script stderr:
blam! -----
blam! error: failed to load source for a dependency on `boolinator`
blam! 
blam! Caused by:
blam!   Unable to update registry https://github.com/rust-lang/crates.io-index
blam! 
blam! Caused by:
blam!   failed to open: /cargo-home/registry/index/github.com-1ecc6299db9ec823/.cargo-index-lock
blam! 
blam! To learn more, run the command again with --verbose.
blam! internal error: cargo failed with status 101
blam! 
blam! -----
blam! thread 'tests::expr::test_expr_dep' panicked at 'assertion failed: self.success()', tests/util/mod.rs:77
blam! note: Run with `RUST_BACKTRACE=1` for a backtrace.
blam! 
blam! ---- tests::expr::test_expr_dep_extern stdout ----
blam! 	cargo-script cmd: "/target/debug/cargo-script" "script" "--pkg-path" "/tmp/cargo-script-test.7GkJYXNy88GZ" "-d" "boolinator=0.1.0" "-x" "boolinator" "-e" "use boolinator::Boolinator;println!(\"--output--\");true.as_some(1)"
blam! cargo-script stdout:
blam! -----
blam! 
blam! -----
blam! cargo-script stderr:
blam! -----
blam! error: failed to load source for a dependency on `boolinator`
blam! 
blam! Caused by:
blam!   Unable to update registry https://github.com/rust-lang/crates.io-index
blam! 
blam! Caused by:
blam!   failed to open: /cargo-home/registry/index/github.com-1ecc6299db9ec823/.cargo-index-lock
blam! 
blam! To learn more, run the command again with --verbose.
blam! internal error: cargo failed with status 101
blam! 
blam! -----
blam! thread 'tests::expr::test_expr_dep_extern' panicked at 'assertion failed: self.success()', tests/util/mod.rs:77
blam! 
blam! ---- tests::script::test_script_explicit stdout ----
blam! 	cargo-script cmd: "/target/debug/cargo-script" "script" "--pkg-path" "/tmp/cargo-script-test.ADMTY40kckUm" "-dboolinator" "tests/data/script-explicit.rs"
blam! cargo-script stdout:
blam! -----
blam! 
blam! -----
blam! cargo-script stderr:
blam! -----
blam! error: failed to load source for a dependency on `boolinator`
blam! 
blam! Caused by:
blam!   Unable to update registry https://github.com/rust-lang/crates.io-index
blam! 
blam! Caused by:
blam!   failed to open: /cargo-home/registry/index/github.com-1ecc6299db9ec823/.cargo-index-lock
blam! 
blam! To learn more, run the command again with --verbose.
blam! internal error: cargo failed with status 101
blam! 
blam! -----
blam! thread 'tests::script::test_script_explicit' panicked at 'assertion failed: self.success()', tests/util/mod.rs:77
blam! 
blam! ---- tests::script::test_script_full_block stdout ----
blam! 	cargo-script cmd: "/target/debug/cargo-script" "script" "--pkg-path" "/tmp/cargo-script-test.GFMgWbPdwc5x" "tests/data/script-full-block.rs"
blam! cargo-script stdout:
blam! -----
blam! 
blam! -----
blam! cargo-script stderr:
blam! -----
blam! error: failed to load source for a dependency on `boolinator`
blam! 
blam! Caused by:
blam!   Unable to update registry https://github.com/rust-lang/crates.io-index
blam! 
blam! Caused by:
blam!   failed to open: /cargo-home/registry/index/github.com-1ecc6299db9ec823/.cargo-index-lock
blam! 
blam! To learn more, run the command again with --verbose.
blam! internal error: cargo failed with status 101
blam! 
blam! -----
blam! thread 'tests::script::test_script_full_block' panicked at 'assertion failed: self.success()', tests/util/mod.rs:77
blam! 
blam! ---- tests::script::test_script_full_line stdout ----
blam! 	cargo-script cmd: "/target/debug/cargo-script" "script" "--pkg-path" "/tmp/cargo-script-test.CmIsPN8eRnuw" "tests/data/script-full-line.rs"
blam! cargo-script stdout:
blam! -----
blam! 
blam! -----
blam! cargo-script stderr:
blam! -----
blam! error: failed to load source for a dependency on `boolinator`
blam! 
blam! Caused by:
blam!   Unable to update registry https://github.com/rust-lang/crates.io-index
blam! 
blam! Caused by:
blam!   failed to open: /cargo-home/registry/index/github.com-1ecc6299db9ec823/.cargo-index-lock
blam! 
blam! To learn more, run the command again with --verbose.
blam! internal error: cargo failed with status 101
blam! 
blam! -----
blam! thread 'tests::script::test_script_full_line' panicked at 'assertion failed: self.success()', tests/util/mod.rs:77
blam! 
blam! ---- tests::script::test_script_short stdout ----
blam! 	cargo-script cmd: "/target/debug/cargo-script" "script" "--pkg-path" "/tmp/cargo-script-test.j0bhRh2WnQ9t" "tests/data/script-short.rs"
blam! cargo-script stdout:
blam! -----
blam! 
blam! -----
blam! cargo-script stderr:
blam! -----
blam! error: failed to load source for a dependency on `boolinator`
blam! 
blam! Caused by:
blam!   Unable to update registry https://github.com/rust-lang/crates.io-index
blam! 
blam! Caused by:
blam!   failed to open: /cargo-home/registry/index/github.com-1ecc6299db9ec823/.cargo-index-lock
blam! 
blam! To learn more, run the command again with --verbose.
blam! internal error: cargo failed with status 101
blam! 
blam! -----
blam! thread 'tests::script::test_script_short' panicked at 'assertion failed: self.success()', tests/util/mod.rs:77
blam! 
blam! 
blam! failures:
blam!     tests::expr::test_expr_dep
blam!     tests::expr::test_expr_dep_extern
blam!     tests::script::test_script_explicit
blam!     tests::script::test_script_full_block
blam!     tests::script::test_script_full_line
blam!     tests::script::test_script_short
blam! 
blam! test result: FAILED. 6 passed; 6 failed; 0 ignored; 0 measured
blam! 
kablam! error: test failed
boom! running `docker rm -f 5dd7af843c31b2776bd90ee0b93dbb047505aa8724ad032428cc4e1c68dc5027`
blam! 5dd7af843c31b2776bd90ee0b93dbb047505aa8724ad032428cc4e1c68dc5027
