boom! testing rjq-0.1.1 against stable for beta
boom! running: cargo +stable build --frozen
boom! creating container for: cargo +stable build --frozen
boom! running `docker create -v /home/ec2-user/cargobomb/./work/local/test-source/beta/stable:/source:ro -v /home/ec2-user/cargobomb/./work/local/cargo-home:/cargo-home:ro -v /home/ec2-user/cargobomb/./work/local/rustup-home:/rustup-home:ro -v /home/ec2-user/cargobomb/./work/local/target-dirs/beta/stable:/target:rw -e USER_ID=500 -e CMD=cargo +stable build --frozen cargobomb`
blam! 0aea63b4ab4b6d6446dde263b8a8a939e80715827a2cef55fecaf27776a23975
boom! running `docker start -a 0aea63b4ab4b6d6446dde263b8a8a939e80715827a2cef55fecaf27776a23975`
kablam!    Compiling uuid v0.2.3
kablam!    Compiling rjq v0.1.1 (file:///source)
kablam!     Finished debug [unoptimized + debuginfo] target(s) in 3.2 secs
boom! running `docker rm -f 0aea63b4ab4b6d6446dde263b8a8a939e80715827a2cef55fecaf27776a23975`
blam! 0aea63b4ab4b6d6446dde263b8a8a939e80715827a2cef55fecaf27776a23975
boom! running: cargo +stable test --frozen --no-run
boom! creating container for: cargo +stable test --frozen --no-run
boom! running `docker create -v /home/ec2-user/cargobomb/./work/local/test-source/beta/stable:/source:ro -v /home/ec2-user/cargobomb/./work/local/cargo-home:/cargo-home:ro -v /home/ec2-user/cargobomb/./work/local/rustup-home:/rustup-home:ro -v /home/ec2-user/cargobomb/./work/local/target-dirs/beta/stable:/target:rw -e USER_ID=500 -e CMD=cargo +stable test --frozen --no-run cargobomb`
blam! ff7686abb6b807371a14a4744b483a404291479bc4db276fec48d6b43b20af7d
boom! running `docker start -a ff7686abb6b807371a14a4744b483a404291479bc4db276fec48d6b43b20af7d`
kablam!    Compiling rjq v0.1.1 (file:///source)
kablam!     Finished debug [unoptimized + debuginfo] target(s) in 3.85 secs
boom! running `docker rm -f ff7686abb6b807371a14a4744b483a404291479bc4db276fec48d6b43b20af7d`
blam! ff7686abb6b807371a14a4744b483a404291479bc4db276fec48d6b43b20af7d
boom! running: cargo +stable test --frozen
boom! creating container for: cargo +stable test --frozen
boom! running `docker create -v /home/ec2-user/cargobomb/./work/local/test-source/beta/stable:/source:ro -v /home/ec2-user/cargobomb/./work/local/cargo-home:/cargo-home:ro -v /home/ec2-user/cargobomb/./work/local/rustup-home:/rustup-home:ro -v /home/ec2-user/cargobomb/./work/local/target-dirs/beta/stable:/target:rw -e USER_ID=500 -e CMD=cargo +stable test --frozen cargobomb`
blam! c86ec2463085373f107258d75d5f32313592565dd19c0267b37bdf105e7cec06
boom! running `docker start -a c86ec2463085373f107258d75d5f32313592565dd19c0267b37bdf105e7cec06`
kablam!     Finished debug [unoptimized + debuginfo] target(s) in 0.0 secs
kablam!      Running /target/debug/deps/mod-55635bed1a0cf08d
blam! 
blam! running 6 tests
blam! test test_job_lost ... FAILED
blam! test test_job_failed ... FAILED
blam! test test_job_expired ... ok
blam! test test_job_result ... FAILED
blam! test test_job_queued ... FAILED
blam! test test_job_finished ... FAILED
blam! 
blam! failures:
blam! 
blam! ---- test_job_lost stdout ----
blam! 	thread 'test_job_lost' panicked at 'called `Result::unwrap()` on an `Err` value: Connection refused (os error 111)', /buildslave/rust-buildbot/slave/stable-dist-rustc-linux/build/src/libcore/result.rs:837
blam! 
blam! ---- test_job_failed stdout ----
blam! 	thread 'test_job_failed' panicked at 'called `Result::unwrap()` on an `Err` value: Connection refused (os error 111)', /buildslave/rust-buildbot/slave/stable-dist-rustc-linux/build/src/libcore/result.rs:837
blam! 
blam! ---- test_job_result stdout ----
blam! 	thread 'test_job_result' panicked at 'called `Result::unwrap()` on an `Err` value: Connection refused (os error 111)', /buildslave/rust-buildbot/slave/stable-dist-rustc-linux/build/src/libcore/result.rs:837
blam! 
blam! ---- test_job_queued stdout ----
blam! 	thread 'test_job_queued' panicked at 'called `Result::unwrap()` on an `Err` value: Connection refused (os error 111)', /buildslave/rust-buildbot/slave/stable-dist-rustc-linux/build/src/libcore/result.rs:837
blam! 
kablam! error: test failed
blam! ---- test_job_finished stdout ----
blam! 	thread 'test_job_finished' panicked at 'called `Result::unwrap()` on an `Err` value: Connection refused (os error 111)', /buildslave/rust-buildbot/slave/stable-dist-rustc-linux/build/src/libcore/result.rs:837
blam! 
blam! 
blam! failures:
blam!     test_job_failed
blam!     test_job_finished
blam!     test_job_lost
blam!     test_job_queued
blam!     test_job_result
blam! 
blam! test result: FAILED. 1 passed; 5 failed; 0 ignored; 0 measured
blam! 
boom! running `docker rm -f c86ec2463085373f107258d75d5f32313592565dd19c0267b37bdf105e7cec06`
blam! c86ec2463085373f107258d75d5f32313592565dd19c0267b37bdf105e7cec06
