boom! testing peano-1.0.2 against nightly for nightly
boom! running: cargo +nightly build --frozen
boom! creating container for: cargo +nightly build --frozen
boom! running `docker create -v /home/ec2-user/cargobomb/./work/local/test-source/nightly/nightly:/source:ro -v /home/ec2-user/cargobomb/./work/local/cargo-home:/cargo-home:ro -v /home/ec2-user/cargobomb/./work/local/rustup-home:/rustup-home:ro -v /home/ec2-user/cargobomb/./work/local/target-dirs/nightly/nightly:/target:rw -e USER_ID=500 -e CMD=cargo +nightly build --frozen cargobomb`
blam! 1f9c7c9aa861e136380a8f1f44467a68bff57b2d04f0355c6f65bf98c76bae25
boom! running `docker start -a 1f9c7c9aa861e136380a8f1f44467a68bff57b2d04f0355c6f65bf98c76bae25`
kablam!    Compiling peano v1.0.2 (file:///source)
kablam!     Finished dev [unoptimized + debuginfo] target(s) in 0.38 secs
boom! running `docker rm -f 1f9c7c9aa861e136380a8f1f44467a68bff57b2d04f0355c6f65bf98c76bae25`
blam! 1f9c7c9aa861e136380a8f1f44467a68bff57b2d04f0355c6f65bf98c76bae25
boom! running: cargo +nightly test --frozen --no-run
boom! creating container for: cargo +nightly test --frozen --no-run
boom! running `docker create -v /home/ec2-user/cargobomb/./work/local/test-source/nightly/nightly:/source:ro -v /home/ec2-user/cargobomb/./work/local/cargo-home:/cargo-home:ro -v /home/ec2-user/cargobomb/./work/local/rustup-home:/rustup-home:ro -v /home/ec2-user/cargobomb/./work/local/target-dirs/nightly/nightly:/target:rw -e USER_ID=500 -e CMD=cargo +nightly test --frozen --no-run cargobomb`
blam! 35d4b380f673e61eea43f7d33aeed5573303a805b2918224bc8e416246aa8c45
boom! running `docker start -a 35d4b380f673e61eea43f7d33aeed5573303a805b2918224bc8e416246aa8c45`
kablam!    Compiling peano v1.0.2 (file:///source)
kablam! error[E0275]: overflow evaluating the requirement `peano::Succ<peano::Zero>: peano::detail::DivPrivate<peano::Succ<peano::Zero>>`
kablam!    --> tests/peano-ops.rs:105:28
kablam!     |
kablam! 105 |     assert_eq!( 1, <<P1 as Div<P1>>::Output as ToInt>::to_int() );
kablam!     |                            ^^^^^^^^^^^^^^^^
kablam!     |
kablam!     = note: required because of the requirements on the impl of `std::ops::Div` for `peano::Succ<peano::Zero>`
kablam! 
kablam! error: aborting due to previous error
kablam! 
kablam! error: Could not compile `peano`.
blam! Build failed, waiting for other jobs to finish...
kablam! error: build failed
boom! running `docker rm -f 35d4b380f673e61eea43f7d33aeed5573303a805b2918224bc8e416246aa8c45`
blam! 35d4b380f673e61eea43f7d33aeed5573303a805b2918224bc8e416246aa8c45
boom! running: cargo +nightly test --frozen
boom! creating container for: cargo +nightly test --frozen
boom! running `docker create -v /home/ec2-user/cargobomb/./work/local/test-source/nightly/nightly:/source:ro -v /home/ec2-user/cargobomb/./work/local/cargo-home:/cargo-home:ro -v /home/ec2-user/cargobomb/./work/local/rustup-home:/rustup-home:ro -v /home/ec2-user/cargobomb/./work/local/target-dirs/nightly/nightly:/target:rw -e USER_ID=500 -e CMD=cargo +nightly test --frozen cargobomb`
blam! c076200cbb375a44a84e62af8fabfc19e0b60e3f24428943637958bb49fd354c
boom! running `docker start -a c076200cbb375a44a84e62af8fabfc19e0b60e3f24428943637958bb49fd354c`
kablam!    Compiling peano v1.0.2 (file:///source)
kablam! error[E0275]: overflow evaluating the requirement `peano::Succ<peano::Zero>: peano::detail::DivPrivate<peano::Succ<peano::Zero>>`
kablam!    --> tests/peano-ops.rs:105:28
kablam!     |
kablam! 105 |     assert_eq!( 1, <<P1 as Div<P1>>::Output as ToInt>::to_int() );
kablam!     |                            ^^^^^^^^^^^^^^^^
kablam!     |
kablam!     = note: required because of the requirements on the impl of `std::ops::Div` for `peano::Succ<peano::Zero>`
kablam! 
kablam! error: aborting due to previous error
kablam! 
kablam! error: Could not compile `peano`.
kablam! 
kablam! To learn more, run the command again with --verbose.
boom! running `docker rm -f c076200cbb375a44a84e62af8fabfc19e0b60e3f24428943637958bb49fd354c`
blam! c076200cbb375a44a84e62af8fabfc19e0b60e3f24428943637958bb49fd354c
