boom! testing nix-0.7.0 against stable for nightly
boom! running: cargo +stable build --frozen
boom! creating container for: cargo +stable build --frozen
boom! running `docker create -v /home/ec2-user/cargobomb/./work/local/test-source/nightly/stable:/source:ro -v /home/ec2-user/cargobomb/./work/local/cargo-home:/cargo-home:ro -v /home/ec2-user/cargobomb/./work/local/rustup-home:/rustup-home:ro -v /home/ec2-user/cargobomb/./work/local/target-dirs/nightly/stable:/target:rw -e USER_ID=500 -e CMD=cargo +stable build --frozen cargobomb`
blam! 6dffef130fa26c50efe5584aaf01d4719405d608f2d7b9091fae3ffe1f77557a
boom! running `docker start -a 6dffef130fa26c50efe5584aaf01d4719405d608f2d7b9091fae3ffe1f77557a`
kablam!    Compiling nix v0.7.0 (file:///source)
kablam!     Finished debug [unoptimized + debuginfo] target(s) in 8.34 secs
boom! running `docker rm -f 6dffef130fa26c50efe5584aaf01d4719405d608f2d7b9091fae3ffe1f77557a`
blam! 6dffef130fa26c50efe5584aaf01d4719405d608f2d7b9091fae3ffe1f77557a
boom! running: cargo +stable test --frozen --no-run
boom! creating container for: cargo +stable test --frozen --no-run
boom! running `docker create -v /home/ec2-user/cargobomb/./work/local/test-source/nightly/stable:/source:ro -v /home/ec2-user/cargobomb/./work/local/cargo-home:/cargo-home:ro -v /home/ec2-user/cargobomb/./work/local/rustup-home:/rustup-home:ro -v /home/ec2-user/cargobomb/./work/local/target-dirs/nightly/stable:/target:rw -e USER_ID=500 -e CMD=cargo +stable test --frozen --no-run cargobomb`
blam! 6e26820483e57473ca9719f396ea7536c8a37ec54633536a9d019b63e37b644d
boom! running `docker start -a 6e26820483e57473ca9719f396ea7536c8a37ec54633536a9d019b63e37b644d`
kablam!    Compiling nix-test v0.0.1
kablam! error[E0554]: #[feature] may not be used on the stable release channel
kablam!  --> /cargo-home/registry/src/github.com-1ecc6299db9ec823/nix-test-0.0.1/build.rs:1:1
kablam!   |
kablam! 1 | #![feature(env, process)]
kablam!   | ^^^^^^^^^^^^^^^^^^^^^^^^^
kablam! 
kablam! error: aborting due to previous error
kablam! 
kablam! error: Could not compile `nix-test`.
kablam! 
kablam! To learn more, run the command again with --verbose.
boom! running `docker rm -f 6e26820483e57473ca9719f396ea7536c8a37ec54633536a9d019b63e37b644d`
blam! 6e26820483e57473ca9719f396ea7536c8a37ec54633536a9d019b63e37b644d
boom! running: cargo +stable test --frozen
boom! creating container for: cargo +stable test --frozen
boom! running `docker create -v /home/ec2-user/cargobomb/./work/local/test-source/nightly/stable:/source:ro -v /home/ec2-user/cargobomb/./work/local/cargo-home:/cargo-home:ro -v /home/ec2-user/cargobomb/./work/local/rustup-home:/rustup-home:ro -v /home/ec2-user/cargobomb/./work/local/target-dirs/nightly/stable:/target:rw -e USER_ID=500 -e CMD=cargo +stable test --frozen cargobomb`
blam! 211bf54014fef25f61235e7e3e35171ee28df96583f7fe2c74d12616656f2233
boom! running `docker start -a 211bf54014fef25f61235e7e3e35171ee28df96583f7fe2c74d12616656f2233`
kablam!    Compiling nix-test v0.0.1
kablam! error[E0554]: #[feature] may not be used on the stable release channel
kablam!  --> /cargo-home/registry/src/github.com-1ecc6299db9ec823/nix-test-0.0.1/build.rs:1:1
kablam!   |
kablam! 1 | #![feature(env, process)]
kablam!   | ^^^^^^^^^^^^^^^^^^^^^^^^^
kablam! 
kablam! error: aborting due to previous error
kablam! 
kablam! error: Could not compile `nix-test`.
kablam! 
kablam! To learn more, run the command again with --verbose.
boom! running `docker rm -f 211bf54014fef25f61235e7e3e35171ee28df96583f7fe2c74d12616656f2233`
blam! 211bf54014fef25f61235e7e3e35171ee28df96583f7fe2c74d12616656f2233
