boom! testing terminfo-0.3.1 against stable for nightly
boom! running: cargo +stable build --frozen
boom! creating container for: cargo +stable build --frozen
boom! running `docker create -v /home/ec2-user/cargobomb/./work/local/test-source/nightly/stable:/source:ro -v /home/ec2-user/cargobomb/./work/local/cargo-home:/cargo-home:ro -v /home/ec2-user/cargobomb/./work/local/rustup-home:/rustup-home:ro -v /home/ec2-user/cargobomb/./work/local/target-dirs/nightly/stable:/target:rw -e USER_ID=500 -e CMD=cargo +stable build --frozen cargobomb`
blam! bbccf21f3cd25103f507dc8098b1dd6f5eed2d021ca8390734f045e47caf6472
boom! running `docker start -a bbccf21f3cd25103f507dc8098b1dd6f5eed2d021ca8390734f045e47caf6472`
kablam! warning: unused manifest key: package.categories
kablam!    Compiling phf_generator v0.7.21
kablam!    Compiling phf_codegen v0.7.21
kablam!    Compiling terminfo v0.3.1 (file:///source)
kablam!     Finished debug [unoptimized + debuginfo] target(s) in 17.8 secs
boom! running `docker rm -f bbccf21f3cd25103f507dc8098b1dd6f5eed2d021ca8390734f045e47caf6472`
blam! bbccf21f3cd25103f507dc8098b1dd6f5eed2d021ca8390734f045e47caf6472
boom! running: cargo +stable test --frozen --no-run
boom! creating container for: cargo +stable test --frozen --no-run
boom! running `docker create -v /home/ec2-user/cargobomb/./work/local/test-source/nightly/stable:/source:ro -v /home/ec2-user/cargobomb/./work/local/cargo-home:/cargo-home:ro -v /home/ec2-user/cargobomb/./work/local/rustup-home:/rustup-home:ro -v /home/ec2-user/cargobomb/./work/local/target-dirs/nightly/stable:/target:rw -e USER_ID=500 -e CMD=cargo +stable test --frozen --no-run cargobomb`
blam! 1eb84a8a7ec9054b7afcfae8d5d2f144493abe5e58a88869f79447f2a2d7de19
boom! running `docker start -a 1eb84a8a7ec9054b7afcfae8d5d2f144493abe5e58a88869f79447f2a2d7de19`
kablam! warning: unused manifest key: package.categories
kablam!    Compiling terminfo v0.3.1 (file:///source)
kablam!     Finished debug [unoptimized + debuginfo] target(s) in 17.76 secs
boom! running `docker rm -f 1eb84a8a7ec9054b7afcfae8d5d2f144493abe5e58a88869f79447f2a2d7de19`
blam! 1eb84a8a7ec9054b7afcfae8d5d2f144493abe5e58a88869f79447f2a2d7de19
boom! running: cargo +stable test --frozen
boom! creating container for: cargo +stable test --frozen
boom! running `docker create -v /home/ec2-user/cargobomb/./work/local/test-source/nightly/stable:/source:ro -v /home/ec2-user/cargobomb/./work/local/cargo-home:/cargo-home:ro -v /home/ec2-user/cargobomb/./work/local/rustup-home:/rustup-home:ro -v /home/ec2-user/cargobomb/./work/local/target-dirs/nightly/stable:/target:rw -e USER_ID=500 -e CMD=cargo +stable test --frozen cargobomb`
blam! 7d10735dd3e61178a2d9d019a469c43c9ea1dd1ce4458205d1c00ec12d45c77a
boom! running `docker start -a 7d10735dd3e61178a2d9d019a469c43c9ea1dd1ce4458205d1c00ec12d45c77a`
kablam! warning: unused manifest key: package.categories
kablam!     Finished debug [unoptimized + debuginfo] target(s) in 0.0 secs
kablam!      Running /target/debug/deps/terminfo-e22768d96461c240
blam! 
blam! running 17 tests
blam! test expand::test::test_basic_setabf ... ok
blam! test expand::test::print ... ok
blam! test expand::test::conditional ... ok
blam! test capability::test::cursor_address ... ok
blam! test parser::compiled::test::description ... ok
blam! test parser::compiled::test::aliases ... ok
blam! test parser::compiled::test::name ... ok
blam! test parser::compiled::test::extended ... ok
blam! test parser::expansion::test::conditional ... ok
blam! test parser::expansion::test::constant ... ok
blam! test parser::compiled::test::standard ... ok
blam! test parser::expansion::test::string ... ok
blam! test parser::expansion::test::print ... ok
blam! test parser::expansion::test::variable ... ok
blam! test parser::expansion::test::percent ... ok
blam! test parser::expansion::test::operation ... ok
blam! test parser::source::test::parsing ... ok
blam! 
blam! test result: ok. 17 passed; 0 failed; 0 ignored; 0 measured
blam! 
kablam!    Doc-tests terminfo
blam! 
blam! running 6 tests
blam! test database::Database::raw_0 ... FAILED
blam! test database::Database::get_0 ... FAILED
blam! test database::Builder::set_0 ... ok
blam! test database::Builder::raw_0 ... ok
blam! test expand_1 ... FAILED
blam! test expand_0 ... FAILED
blam! 
blam! failures:
blam! 
blam! ---- database::Database::raw_0 stdout ----
blam! 	warning: unused variable: `truecolor`, #[warn(unused_variables)] on by default
blam!  --> <anon>:6:5
blam!   |
blam! 6 | let truecolor = info.raw("Tc").is_some();
blam!   |     ^^^^^^^^^
blam! 
blam! thread 'database::Database::raw_0' panicked at 'test executable failed:
blam! 
blam! thread 'main' panicked at 'called `Result::unwrap()` on an `Err` value: NotFound', /buildslave/rust-buildbot/slave/stable-dist-rustc-linux/build/src/libcore/result.rs:837
blam! note: Run with `RUST_BACKTRACE=1` for a backtrace.
blam! ', /buildslave/rust-buildbot/slave/stable-dist-rustc-linux/build/src/librustdoc/test.rs:301
blam! note: Run with `RUST_BACKTRACE=1` for a backtrace.
blam! 
blam! ---- database::Database::get_0 stdout ----
blam! 	warning: unused variable: `colors`, #[warn(unused_variables)] on by default
blam!  --> <anon>:6:5
blam!   |
blam! 6 | let colors: i16 = info.get::<cap::MaxColors>().unwrap().into();
blam!   |     ^^^^^^
blam! 
blam! thread 'database::Database::get_0' panicked at 'test executable failed:
blam! 
blam! thread 'main' panicked at 'called `Result::unwrap()` on an `Err` value: NotFound', /buildslave/rust-buildbot/slave/stable-dist-rustc-linux/build/src/libcore/result.rs:837
blam! note: Run with `RUST_BACKTRACE=1` for a backtrace.
blam! ', /buildslave/rust-buildbot/slave/stable-dist-rustc-linux/build/src/librustdoc/test.rs:301
blam! 
blam! ---- expand_1 stdout ----
blam! 	warning: unused import: `std::io`, #[warn(unused_imports)] on by default
blam!  --> <anon>:4:5
blam!   |
blam! 4 | use std::io;
blam!   |     ^^^^^^^
blam! 
blam! warning: unused variable: `red`, #[warn(unused_variables)] on by default
blam!   --> <anon>:11:5
blam!    |
blam! 11 | let red     = expand!(info.get::<cap::SetAForeground>().unwrap().as_ref(); 1).unwrap();
blam!    |     ^^^
blam! 
blam! warning: unused variable: `on_blue`, #[warn(unused_variables)] on by default
blam!   --> <anon>:12:5
blam!    |
blam! 12 | let on_blue = expand!(info.get::<cap::SetABackground>().unwrap().as_ref(); 4).unwrap();
blam!    |     ^^^^^^^
blam! 
blam! thread 'expand_1' panicked at 'test executable failed:
blam! 
blam! thread 'main' panicked at 'called `Result::unwrap()` on an `Err` value: NotFound', /buildslave/rust-buildbot/slave/stable-dist-rustc-linux/build/src/libcore/result.rs:837
blam! note: Run with `RUST_BACKTRACE=1` for a backtrace.
blam! ', /buildslave/rust-buildbot/slave/stable-dist-rustc-linux/build/src/librustdoc/test.rs:301
blam! 
blam! ---- expand_0 stdout ----
blam! 	thread 'expand_0' panicked at 'test executable failed:
blam! 
blam! thread 'main' panicked at 'called `Result::unwrap()` on an `Err` value: NotFound', /buildslave/rust-buildbot/slave/stable-dist-rustc-linux/build/src/libcore/result.rs:837
blam! note: Run with `RUST_BACKTRACE=1` for a backtrace.
blam! ', /buildslave/rust-buildbot/slave/stable-dist-rustc-linux/build/src/librustdoc/test.rs:301
blam! 
blam! 
blam! failures:
blam!     database::Database::get_0
blam!     database::Database::raw_0
blam!     expand_0
blam!     expand_1
blam! 
blam! test result: FAILED. 2 passed; 4 failed; 0 ignored; 0 measured
blam! 
kablam! error: test failed
boom! running `docker rm -f 7d10735dd3e61178a2d9d019a469c43c9ea1dd1ce4458205d1c00ec12d45c77a`
blam! 7d10735dd3e61178a2d9d019a469c43c9ea1dd1ce4458205d1c00ec12d45c77a
