boom! testing yabs-0.1.2 against beta for beta
boom! running: cargo +beta build --frozen
boom! creating container for: cargo +beta build --frozen
boom! running `docker create -v /home/ec2-user/cargobomb/./work/local/test-source/beta/beta:/source:ro -v /home/ec2-user/cargobomb/./work/local/cargo-home:/cargo-home:ro -v /home/ec2-user/cargobomb/./work/local/rustup-home:/rustup-home:ro -v /home/ec2-user/cargobomb/./work/local/target-dirs/beta/beta:/target:rw -e USER_ID=500 -e CMD=cargo +beta build --frozen cargobomb`
blam! 27f85920248bff66f8f749718a4ae5308d91b02870c4dd2b936e082cc841eb1a
boom! running `docker start -a 27f85920248bff66f8f749718a4ae5308d91b02870c4dd2b936e082cc841eb1a`
kablam!    Compiling yabs v0.1.2 (file:///source)
kablam!     Finished dev [unoptimized + debuginfo] target(s) in 5.38 secs
boom! running `docker rm -f 27f85920248bff66f8f749718a4ae5308d91b02870c4dd2b936e082cc841eb1a`
blam! 27f85920248bff66f8f749718a4ae5308d91b02870c4dd2b936e082cc841eb1a
boom! running: cargo +beta test --frozen --no-run
boom! creating container for: cargo +beta test --frozen --no-run
boom! running `docker create -v /home/ec2-user/cargobomb/./work/local/test-source/beta/beta:/source:ro -v /home/ec2-user/cargobomb/./work/local/cargo-home:/cargo-home:ro -v /home/ec2-user/cargobomb/./work/local/rustup-home:/rustup-home:ro -v /home/ec2-user/cargobomb/./work/local/target-dirs/beta/beta:/target:rw -e USER_ID=500 -e CMD=cargo +beta test --frozen --no-run cargobomb`
blam! 0cf9c4e4abe9896a50b7406e4e44e8224a567c0fe743022b90308719bd5c3e4a
boom! running `docker start -a 0cf9c4e4abe9896a50b7406e4e44e8224a567c0fe743022b90308719bd5c3e4a`
kablam!    Compiling yabs v0.1.2 (file:///source)
kablam!     Finished dev [unoptimized + debuginfo] target(s) in 3.90 secs
boom! running `docker rm -f 0cf9c4e4abe9896a50b7406e4e44e8224a567c0fe743022b90308719bd5c3e4a`
blam! 0cf9c4e4abe9896a50b7406e4e44e8224a567c0fe743022b90308719bd5c3e4a
boom! running: cargo +beta test --frozen
boom! creating container for: cargo +beta test --frozen
boom! running `docker create -v /home/ec2-user/cargobomb/./work/local/test-source/beta/beta:/source:ro -v /home/ec2-user/cargobomb/./work/local/cargo-home:/cargo-home:ro -v /home/ec2-user/cargobomb/./work/local/rustup-home:/rustup-home:ro -v /home/ec2-user/cargobomb/./work/local/target-dirs/beta/beta:/target:rw -e USER_ID=500 -e CMD=cargo +beta test --frozen cargobomb`
blam! 93f3e4277156402cec55561afb83031d8aa277ad55aa2e12578860a339076510
boom! running `docker start -a 93f3e4277156402cec55561afb83031d8aa277ad55aa2e12578860a339076510`
kablam!     Finished dev [unoptimized + debuginfo] target(s) in 0.0 secs
kablam!      Running /target/debug/deps/util-673ea0756bd00449
blam! 
blam! running 4 tests
blam! test build::test_empty_buildfile ... ok
blam! test build::test_non_empty_buildfile ... ok
blam! test build::test_buildfile_gen_make ... FAILED
kablam! sh: 1: g++: not found
kablam! sh: 1: g++: not found
blam! test build::test_buildfile_build ... ok
blam! 
blam! failures:
blam! 
blam! ---- build::test_buildfile_gen_make stdout ----
blam! 	thread 'build::test_buildfile_gen_make' panicked at 'called `Result::unwrap()` on an `Err` value: Io(Error { repr: Os { code: 30, message: "Read-only file system" } })', /buildslave/rust-buildbot/slave/beta-dist-rustc-linux/build/src/libcore/result.rs:868
blam! 
blam! 
blam! failures:
blam!     build::test_buildfile_gen_make
blam! 
blam! test result: FAILED. 3 passed; 1 failed; 0 ignored; 0 measured
blam! 
kablam! error: test failed
boom! running `docker rm -f 93f3e4277156402cec55561afb83031d8aa277ad55aa2e12578860a339076510`
blam! 93f3e4277156402cec55561afb83031d8aa277ad55aa2e12578860a339076510
