boom! testing https://github.com/AgilData/agildata-zero#1087287adec8c232c414a37e559c56a1a4094694 against nightly for nightly
boom! running: cargo +nightly build --frozen
boom! creating container for: cargo +nightly build --frozen
boom! running `docker create -v /home/ec2-user/cargobomb/./work/local/test-source/nightly/nightly:/source:ro -v /home/ec2-user/cargobomb/./work/local/cargo-home:/cargo-home:ro -v /home/ec2-user/cargobomb/./work/local/rustup-home:/rustup-home:ro -v /home/ec2-user/cargobomb/./work/local/target-dirs/nightly/nightly:/target:rw -e USER_ID=500 -e CMD=cargo +nightly build --frozen cargobomb`
blam! 8cbe0eeb009a931b9074148f4620dc1ea4efd7d54acfe16e99994ffb83c75453
boom! running `docker start -a 8cbe0eeb009a931b9074148f4620dc1ea4efd7d54acfe16e99994ffb83c75453`
kablam!    Compiling num-traits v0.1.35
kablam!    Compiling lazy_static v0.2.1
kablam!    Compiling openssl-sys v0.7.17
kablam!    Compiling fnv v1.0.4
kablam!    Compiling unicode-normalization v0.1.2
kablam!    Compiling matches v0.1.2
kablam!    Compiling unicode-bidi v0.2.3
kablam!    Compiling rustc-serialize v0.3.19
kablam!    Compiling gcc v0.3.35
kablam!    Compiling regex-syntax v0.3.5
kablam!    Compiling idna v0.1.0
kablam!    Compiling decimal v0.5.0
kablam!    Compiling openssl v0.7.14
kablam!    Compiling url v1.2.0
kablam!    Compiling openssl-sys-extras v0.7.14
kablam!    Compiling rust-crypto v0.2.36
kablam!    Compiling toml v0.2.1
kablam!    Compiling futures v0.1.1
kablam!    Compiling libc v0.2.16
blam! Build failed, waiting for other jobs to finish...
kablam! error: failed to run custom build command for `openssl v0.7.14`
kablam! process didn't exit successfully: `/target/debug/build/openssl-f2d87cfdc2e2aa2f/build-script-build` (exit code: 101)
kablam! --- stdout
kablam! TARGET = Some("x86_64-unknown-linux-gnu")
kablam! OPT_LEVEL = Some("0")
kablam! PROFILE = Some("debug")
kablam! TARGET = Some("x86_64-unknown-linux-gnu")
kablam! debug=true opt-level=0
kablam! HOST = Some("x86_64-unknown-linux-gnu")
kablam! TARGET = Some("x86_64-unknown-linux-gnu")
kablam! TARGET = Some("x86_64-unknown-linux-gnu")
kablam! HOST = Some("x86_64-unknown-linux-gnu")
kablam! CC_x86_64-unknown-linux-gnu = None
kablam! CC_x86_64_unknown_linux_gnu = None
kablam! HOST_CC = None
kablam! CC = None
kablam! HOST = Some("x86_64-unknown-linux-gnu")
kablam! TARGET = Some("x86_64-unknown-linux-gnu")
kablam! HOST = Some("x86_64-unknown-linux-gnu")
kablam! CFLAGS_x86_64-unknown-linux-gnu = None
kablam! CFLAGS_x86_64_unknown_linux_gnu = None
kablam! HOST_CFLAGS = None
kablam! CFLAGS = None
kablam! running: "cc" "-O0" "-ffunction-sections" "-fdata-sections" "-g" "-m64" "-fPIC" "-o" "/target/debug/build/openssl-1d3ea894fa03cc5a/out/src/c_helpers.o" "-c" "src/c_helpers.c"
kablam! cargo:warning=src/c_helpers.c:1:25: fatal error: openssl/ssl.h: No such file or directory
kablam! cargo:warning=compilation terminated.
kablam! ExitStatus(ExitStatus(256))
kablam! 
kablam! 
kablam! command did not execute successfully, got: exit code: 1
kablam! 
kablam! 
kablam! 
kablam! --- stderr
kablam! thread 'main' panicked at 'explicit panic', /cargo-home/registry/src/github.com-1ecc6299db9ec823/gcc-0.3.35/src/lib.rs:897
kablam! note: Run with `RUST_BACKTRACE=1` for a backtrace.
kablam! 
boom! running `docker rm -f 8cbe0eeb009a931b9074148f4620dc1ea4efd7d54acfe16e99994ffb83c75453`
blam! 8cbe0eeb009a931b9074148f4620dc1ea4efd7d54acfe16e99994ffb83c75453
