boom! testing cargo-0.14.0 against stable for nightly
boom! running: cargo +stable build --frozen
boom! creating container for: cargo +stable build --frozen
boom! running `docker create -v /home/ec2-user/cargobomb/./work/local/test-source/nightly/stable:/source:ro -v /home/ec2-user/cargobomb/./work/local/cargo-home:/cargo-home:ro -v /home/ec2-user/cargobomb/./work/local/rustup-home:/rustup-home:ro -v /home/ec2-user/cargobomb/./work/local/target-dirs/nightly/stable:/target:rw -e USER_ID=500 -e CMD=cargo +stable build --frozen cargobomb`
blam! 4059827c781d9b3b0cc0f0c286153a2201d8137c5518364e06f886b992e8f527
boom! running `docker start -a 4059827c781d9b3b0cc0f0c286153a2201d8137c5518364e06f886b992e8f527`
kablam!    Compiling psapi-sys v0.1.0
kablam!    Compiling toml v0.2.1
kablam!    Compiling openssl v0.7.14
kablam!    Compiling libssh2-sys v0.1.41
blam! Build failed, waiting for other jobs to finish...
blam! Build failed, waiting for other jobs to finish...
kablam! error: failed to run custom build command for `openssl v0.7.14`
kablam! process didn't exit successfully: `/target/debug/build/openssl-5464f8f6e728c35a/build-script-build` (exit code: 101)
kablam! --- stdout
kablam! TARGET = Some("x86_64-unknown-linux-gnu")
kablam! OPT_LEVEL = Some("0")
kablam! TARGET = Some("x86_64-unknown-linux-gnu")
kablam! HOST = Some("x86_64-unknown-linux-gnu")
kablam! TARGET = Some("x86_64-unknown-linux-gnu")
kablam! TARGET = Some("x86_64-unknown-linux-gnu")
kablam! HOST = Some("x86_64-unknown-linux-gnu")
kablam! CC_x86_64-unknown-linux-gnu = None
kablam! CC_x86_64_unknown_linux_gnu = None
kablam! HOST_CC = None
kablam! CC = None
kablam! HOST = Some("x86_64-unknown-linux-gnu")
kablam! TARGET = Some("x86_64-unknown-linux-gnu")
kablam! HOST = Some("x86_64-unknown-linux-gnu")
kablam! CFLAGS_x86_64-unknown-linux-gnu = None
kablam! CFLAGS_x86_64_unknown_linux_gnu = None
kablam! HOST_CFLAGS = None
kablam! CFLAGS = None
kablam! PROFILE = Some("debug")
kablam! running: "cc" "-O0" "-ffunction-sections" "-fdata-sections" "-fPIC" "-g" "-m64" "-o" "/target/debug/build/openssl-5464f8f6e728c35a/out/src/c_helpers.o" "-c" "src/c_helpers.c"
kablam! cargo:warning=src/c_helpers.c:1:25: fatal error: openssl/ssl.h: No such file or directory
kablam! cargo:warning=compilation terminated.
kablam! ExitStatus(ExitStatus(256))
kablam! 
kablam! 
kablam! command did not execute successfully, got: exit code: 1
kablam! 
kablam! 
kablam! 
kablam! --- stderr
kablam! thread 'main' panicked at 'explicit panic', /cargo-home/registry/src/github.com-1ecc6299db9ec823/gcc-0.3.42/src/lib.rs:1127
kablam! note: Run with `RUST_BACKTRACE=1` for a backtrace.
kablam! 
boom! running `docker rm -f 4059827c781d9b3b0cc0f0c286153a2201d8137c5518364e06f886b992e8f527`
blam! 4059827c781d9b3b0cc0f0c286153a2201d8137c5518364e06f886b992e8f527
