boom! testing peel-ip-0.2.0 against nightly for nightly
boom! running: cargo +nightly build --frozen
boom! creating container for: cargo +nightly build --frozen
boom! running `docker create -v /home/ec2-user/cargobomb/./work/local/test-source/nightly/nightly:/source:ro -v /home/ec2-user/cargobomb/./work/local/cargo-home:/cargo-home:ro -v /home/ec2-user/cargobomb/./work/local/rustup-home:/rustup-home:ro -v /home/ec2-user/cargobomb/./work/local/target-dirs/nightly/nightly:/target:rw -e USER_ID=500 -e CMD=cargo +nightly build --frozen cargobomb`
blam! 88b002028ee00d71247224389768bd69268808acd02efd7e3be1c64c538b9968
boom! running `docker start -a 88b002028ee00d71247224389768bd69268808acd02efd7e3be1c64c538b9968`
kablam! warning: only one of `license` or `license-file` is necessary
kablam!    Compiling path v0.8.2
kablam!    Compiling peel v0.8.0
kablam!    Compiling peel-ip v0.2.0 (file:///source)
kablam! warning: unused `#[macro_use]` import
kablam!   --> src/lib.rs:14:1
kablam!    |
kablam! 14 | #[macro_use]
kablam!    | ^^^^^^^^^^^^
kablam!    |
kablam!    = note: #[warn(unused_imports)] on by default
kablam! 
kablam!     Finished dev [unoptimized + debuginfo] target(s) in 7.5 secs
boom! running `docker rm -f 88b002028ee00d71247224389768bd69268808acd02efd7e3be1c64c538b9968`
blam! 88b002028ee00d71247224389768bd69268808acd02efd7e3be1c64c538b9968
boom! running: cargo +nightly test --frozen --no-run
boom! creating container for: cargo +nightly test --frozen --no-run
boom! running `docker create -v /home/ec2-user/cargobomb/./work/local/test-source/nightly/nightly:/source:ro -v /home/ec2-user/cargobomb/./work/local/cargo-home:/cargo-home:ro -v /home/ec2-user/cargobomb/./work/local/rustup-home:/rustup-home:ro -v /home/ec2-user/cargobomb/./work/local/target-dirs/nightly/nightly:/target:rw -e USER_ID=500 -e CMD=cargo +nightly test --frozen --no-run cargobomb`
blam! b02bb16cb9af7673900ac21ff731813d5f00aab5b2dc093ff26d226fe789347c
boom! running `docker start -a b02bb16cb9af7673900ac21ff731813d5f00aab5b2dc093ff26d226fe789347c`
kablam! warning: only one of `license` or `license-file` is necessary
kablam!    Compiling peel-ip v0.2.0 (file:///source)
kablam! warning: unused `#[macro_use]` import
kablam!   --> src/lib.rs:14:1
kablam!    |
kablam! 14 | #[macro_use]
kablam!    | ^^^^^^^^^^^^
kablam!    |
kablam!    = note: #[warn(unused_imports)] on by default
kablam! 
kablam!     Finished dev [unoptimized + debuginfo] target(s) in 13.41 secs
boom! running `docker rm -f b02bb16cb9af7673900ac21ff731813d5f00aab5b2dc093ff26d226fe789347c`
blam! b02bb16cb9af7673900ac21ff731813d5f00aab5b2dc093ff26d226fe789347c
boom! running: cargo +nightly test --frozen
boom! creating container for: cargo +nightly test --frozen
boom! running `docker create -v /home/ec2-user/cargobomb/./work/local/test-source/nightly/nightly:/source:ro -v /home/ec2-user/cargobomb/./work/local/cargo-home:/cargo-home:ro -v /home/ec2-user/cargobomb/./work/local/rustup-home:/rustup-home:ro -v /home/ec2-user/cargobomb/./work/local/target-dirs/nightly/nightly:/target:rw -e USER_ID=500 -e CMD=cargo +nightly test --frozen cargobomb`
blam! b6fabd907fa8d41b8811819e8b5b226ce0e17f329cb4b412744b5a58a0e81a07
boom! running `docker start -a b6fabd907fa8d41b8811819e8b5b226ce0e17f329cb4b412744b5a58a0e81a07`
kablam! warning: only one of `license` or `license-file` is necessary
kablam!     Finished dev [unoptimized + debuginfo] target(s) in 0.0 secs
kablam!      Running /target/debug/deps/arp-b50c65af3727f07a
blam! 
blam! running 5 tests
blam! test parse_arp_failure_wrong_hardware_type ... ok
blam! test parse_arp_failure_wrong_operation ... ok
blam! test parse_arp_failure_too_small ... ok
blam! test parse_rarp_success ... ok
blam! test parse_arp_success ... ok
blam! 
blam! test result: ok. 5 passed; 0 failed; 0 ignored; 0 measured
blam! 
kablam!      Running /target/debug/deps/ethernet-0a300324fe1eb21b
blam! 
blam! running 4 tests
blam! test parse_eth_failure_too_small ... ok
blam! test parse_eth_success_ethertypes ... ok
blam! test parse_eth_failure_wrong_ethertype ... ok
blam! test parse_eth_success ... ok
blam! 
blam! test result: ok. 4 passed; 0 failed; 0 ignored; 0 measured
blam! 
kablam!      Running /target/debug/deps/http-484f1f1c8357efdf
blam! 
blam! running 12 tests
blam! test parse_http_request_failure_too_small ... ok
blam! test parse_http_request_failure_wrong_method ... ok
blam! test parse_http_request_failure_wrong_path ... ok
blam! test parse_http_request_success_post ... ok
blam! test parse_http_request_success_get ... ok
blam! test parse_http_request_success_methods ... ok
blam! test parse_http_response_failure_wrong_protocol ... ok
blam! test parse_http_request_failure_wrong_version ... ok
blam! test parse_http_response_failure_too_small ... ok
blam! test parse_http_response_failure_wrong_status_code ... ok
blam! test parse_http_response_success_moved ... ok
kablam!      Running /target/debug/deps/icmp-c63393dbd18309ab
blam! test parse_http_response_success_ok ... ok
blam! 
blam! test result: ok. 12 passed; 0 failed; 0 ignored; 0 measured
blam! 
blam! 
blam! running 4 tests
blam! test parse_icmp_failure_wrong_icmp_type ... ok
blam! test parse_icmp_reply_success ... ok
blam! test parse_icmp_failure_too_small ... ok
blam! test parse_icmp_request_success ... ok
blam! 
blam! test result: ok. 4 passed; 0 failed; 0 ignored; 0 measured
blam! 
kablam!      Running /target/debug/deps/icmpv6-235cc4c13d4a0a0f
blam! 
blam! running 4 tests
blam! test parse_icmpv6_failure_too_small ... ok
blam! test parse_icmpv6_failure_wrong_icmpv6_type ... ok
blam! test parse_icmpv6_reply_success ... ok
blam! test parse_icmpv6_request_success ... ok
blam! 
blam! test result: ok. 4 passed; 0 failed; 0 ignored; 0 measured
blam! 
kablam!      Running /target/debug/deps/ipv4-c56dea9e72e5427c
blam! 
blam! running 5 tests
blam! test parse_ipv4_failure_too_small ... ok
blam! test parse_ipv4_failure_wrong_ipprotocol ... ok
blam! test parse_ipv4_failure_wrong_version ... ok
blam! test parse_ipv4_success ... ok
blam! test parse_ipv4_success_ipprotocols ... ok
blam! 
blam! test result: ok. 5 passed; 0 failed; 0 ignored; 0 measured
blam! 
kablam!      Running /target/debug/deps/ipv6-0f14a06ddc4fb825
blam! 
blam! running 5 tests
blam! test parse_ipv6_failure_too_small ... ok
blam! test parse_ipv6_failure_wrong_version ... ok
blam! test parse_ipv6_failure_wrong_ipprotocol ... ok
blam! test parse_ipv6_success ... ok
blam! test parse_ipv6_success_ipprotocols ... ok
blam! 
blam! test result: ok. 5 passed; 0 failed; 0 ignored; 0 measured
blam! 
kablam!      Running /target/debug/deps/lib-0c8c4e2328fbaf2f
blam! 
blam! running 12 tests
blam! test peel_success_dot ... FAILED
blam! test peel_success_icmpv6 ... ok
blam! test peel_failure_path_tracking ... ok
blam! test peel_success_ipv6_in_ipv4 ... ok
blam! test peel_success_ntp ... ok
blam! test peel_success_eth ... ok
blam! test peel_success_ipv4_in_ipv4 ... ok
blam! test peel_success_tcp ... ok
blam! test peel_success_udp ... ok
blam! test peel_success_ipv6_in_ipv6 ... ok
blam! test peel_success_tls_http ... ok
blam! test peel_track_timeout ... ok
blam! 
blam! failures:
blam! 
blam! ---- peel_success_dot stdout ----
blam! 	Logging failed: Could not create terminal.
blam! Logging failed: Could not create terminal.
blam! Logging failed: Could not create terminal.
blam! Logging failed: Could not create terminal.
blam! Logging failed: Could not create terminal.
blam! Logging failed: Could not create terminal.
blam! Logging failed: Could not create terminal.
blam! Logging failed: Could not create terminal.
blam! Logging failed: Could not create terminal.
blam! Logging failed: Could not create terminal.
blam! Logging failed: Could not create terminal.
blam! Logging failed: Could not create terminal.
blam! Logging failed: Could not create terminal.
blam! Logging failed: Could not create terminal.
blam! Logging failed: Could not create terminal.
blam! Logging failed: Could not create terminal.
blam! Logging failed: Could not create terminal.
blam! Logging failed: Could not create terminal.
blam! Logging failed: Could not create terminal.
blam! Logging failed: Could not create terminal.
blam! Logging failed: Could not create terminal.
blam! Logging failed: Could not create terminal.
blam! Logging failed: Could not create terminal.
blam! Logging failed: Could not create terminal.
blam! Logging failed: Could not create terminal.
blam! Logging failed: Could not create terminal.
blam! Logging failed: Could not create terminal.
blam! thread 'peel_success_dot' panicked at 'assertion failed: peel.create_dot_file().is_ok()', tests/lib.rs:73
blam! note: Run with `RUST_BACKTRACE=1` for a backtrace.
blam! 
blam! 
blam! failures:
blam!     peel_success_dot
blam! 
blam! test result: FAILED. 11 passed; 1 failed; 0 ignored; 0 measured
blam! 
kablam! error: test failed
boom! running `docker rm -f b6fabd907fa8d41b8811819e8b5b226ce0e17f329cb4b412744b5a58a0e81a07`
blam! b6fabd907fa8d41b8811819e8b5b226ce0e17f329cb4b412744b5a58a0e81a07
