boom! testing test-logger-0.1.0 against nightly for nightly
boom! running: cargo +nightly build --frozen
boom! creating container for: cargo +nightly build --frozen
boom! running `docker create -v /home/ec2-user/cargobomb/./work/local/test-source/nightly/nightly:/source:ro -v /home/ec2-user/cargobomb/./work/local/cargo-home:/cargo-home:ro -v /home/ec2-user/cargobomb/./work/local/rustup-home:/rustup-home:ro -v /home/ec2-user/cargobomb/./work/local/target-dirs/nightly/nightly:/target:rw -e USER_ID=500 -e CMD=cargo +nightly build --frozen cargobomb`
blam! 390768b153f1db73cc6f06e5c4de113b6b79bc96cc532b05654b4c211e4cdf42
boom! running `docker start -a 390768b153f1db73cc6f06e5c4de113b6b79bc96cc532b05654b4c211e4cdf42`
kablam!    Compiling test-logger v0.1.0 (file:///source)
kablam!     Finished dev [unoptimized + debuginfo] target(s) in 1.81 secs
boom! running `docker rm -f 390768b153f1db73cc6f06e5c4de113b6b79bc96cc532b05654b4c211e4cdf42`
blam! 390768b153f1db73cc6f06e5c4de113b6b79bc96cc532b05654b4c211e4cdf42
boom! running: cargo +nightly test --frozen --no-run
boom! creating container for: cargo +nightly test --frozen --no-run
boom! running `docker create -v /home/ec2-user/cargobomb/./work/local/test-source/nightly/nightly:/source:ro -v /home/ec2-user/cargobomb/./work/local/cargo-home:/cargo-home:ro -v /home/ec2-user/cargobomb/./work/local/rustup-home:/rustup-home:ro -v /home/ec2-user/cargobomb/./work/local/target-dirs/nightly/nightly:/target:rw -e USER_ID=500 -e CMD=cargo +nightly test --frozen --no-run cargobomb`
blam! 9a3e6bce3fc88574ca1b231c4f47f4459859a8fea65af93342171140b33a0e64
boom! running `docker start -a 9a3e6bce3fc88574ca1b231c4f47f4459859a8fea65af93342171140b33a0e64`
kablam!    Compiling test-logger v0.1.0 (file:///source)
kablam!     Finished dev [unoptimized + debuginfo] target(s) in 3.44 secs
boom! running `docker rm -f 9a3e6bce3fc88574ca1b231c4f47f4459859a8fea65af93342171140b33a0e64`
blam! 9a3e6bce3fc88574ca1b231c4f47f4459859a8fea65af93342171140b33a0e64
boom! running: cargo +nightly test --frozen
boom! creating container for: cargo +nightly test --frozen
boom! running `docker create -v /home/ec2-user/cargobomb/./work/local/test-source/nightly/nightly:/source:ro -v /home/ec2-user/cargobomb/./work/local/cargo-home:/cargo-home:ro -v /home/ec2-user/cargobomb/./work/local/rustup-home:/rustup-home:ro -v /home/ec2-user/cargobomb/./work/local/target-dirs/nightly/nightly:/target:rw -e USER_ID=500 -e CMD=cargo +nightly test --frozen cargobomb`
blam! 5cbb21ae27fe7f7bc1aa511c0b392520986b9d600095c650f1eb837913cd1178
boom! running `docker start -a 5cbb21ae27fe7f7bc1aa511c0b392520986b9d600095c650f1eb837913cd1178`
kablam!     Finished dev [unoptimized + debuginfo] target(s) in 0.0 secs
kablam!      Running /target/debug/deps/should_fail-6b5fa25a7636108b
blam! 
blam! running 1 test
kablam! ERROR:should_fail: This output will be be printed by default if the test fails
blam! test failing_test_has_log_output_printed_if_log_level_is_high_enough ... FAILED
blam! 
blam! failures:
blam! 
blam! ---- failing_test_has_log_output_printed_if_log_level_is_high_enough stdout ----
blam! 	thread 'failing_test_has_log_output_printed_if_log_level_is_high_enough' panicked at 'assertion failed: `(left == right)` (left: `100`, right: `99`)', tests/should_fail.rs:13
blam! note: Run with `RUST_BACKTRACE=1` for a backtrace.
blam! 
blam! 
blam! failures:
blam!     failing_test_has_log_output_printed_if_log_level_is_high_enough
blam! 
blam! test result: FAILED. 0 passed; 1 failed; 0 ignored; 0 measured
blam! 
kablam! error: test failed
boom! running `docker rm -f 5cbb21ae27fe7f7bc1aa511c0b392520986b9d600095c650f1eb837913cd1178`
blam! 5cbb21ae27fe7f7bc1aa511c0b392520986b9d600095c650f1eb837913cd1178
