boom! testing ceph-0.3.0 against stable for beta
boom! running: cargo +stable build --frozen
boom! creating container for: cargo +stable build --frozen
boom! running `docker create -v /home/ec2-user/cargobomb/./work/local/test-source/beta/stable:/source:ro -v /home/ec2-user/cargobomb/./work/local/cargo-home:/cargo-home:ro -v /home/ec2-user/cargobomb/./work/local/rustup-home:/rustup-home:ro -v /home/ec2-user/cargobomb/./work/local/target-dirs/beta/stable:/target:rw -e USER_ID=500 -e CMD=cargo +stable build --frozen cargobomb`
blam! ae565820b22ee563151e50dcc950ad3fb46d477061737e26460b2d50876b2478
boom! running `docker start -a ae565820b22ee563151e50dcc950ad3fb46d477061737e26460b2d50876b2478`
kablam!    Compiling ceph v0.3.0 (file:///source)
kablam! warning: unused import: `Decoder`, #[warn(unused_imports)] on by default
kablam!  --> src/osd/perf_dump.rs:2:23
kablam!   |
kablam! 2 | use rustc_serialize::{Decoder, json};
kablam!   |                       ^^^^^^^
kablam! 
kablam! warning: unused import: `Decoder`, #[warn(unused_imports)] on by default
kablam!  --> src/mon/quorum_status.rs:2:23
kablam!   |
kablam! 2 | use rustc_serialize::{Decoder, json};
kablam!   |                       ^^^^^^^
kablam! 
kablam! warning: unused import: `Decoder`, #[warn(unused_imports)] on by default
kablam!  --> src/mon/status.rs:2:23
kablam!   |
kablam! 2 | use rustc_serialize::{Decoder, json};
kablam!   |                       ^^^^^^^
kablam! 
kablam! warning: unused import: `Decoder`, #[warn(unused_imports)] on by default
kablam!  --> src/mon/perf_dump.rs:2:23
kablam!   |
kablam! 2 | use rustc_serialize::{Decoder, json};
kablam!   |                       ^^^^^^^
kablam! 
kablam!     Finished debug [unoptimized + debuginfo] target(s) in 5.52 secs
boom! running `docker rm -f ae565820b22ee563151e50dcc950ad3fb46d477061737e26460b2d50876b2478`
blam! ae565820b22ee563151e50dcc950ad3fb46d477061737e26460b2d50876b2478
boom! running: cargo +stable test --frozen --no-run
boom! creating container for: cargo +stable test --frozen --no-run
boom! running `docker create -v /home/ec2-user/cargobomb/./work/local/test-source/beta/stable:/source:ro -v /home/ec2-user/cargobomb/./work/local/cargo-home:/cargo-home:ro -v /home/ec2-user/cargobomb/./work/local/rustup-home:/rustup-home:ro -v /home/ec2-user/cargobomb/./work/local/target-dirs/beta/stable:/target:rw -e USER_ID=500 -e CMD=cargo +stable test --frozen --no-run cargobomb`
blam! d80df4e97bd4281b70686990a437af11c8491deec1802f0bf2ecfe9253c7ed47
boom! running `docker start -a d80df4e97bd4281b70686990a437af11c8491deec1802f0bf2ecfe9253c7ed47`
kablam!    Compiling ceph v0.3.0 (file:///source)
kablam! warning: unused import: `Decoder`, #[warn(unused_imports)] on by default
kablam!  --> src/osd/perf_dump.rs:2:23
kablam!   |
kablam! 2 | use rustc_serialize::{Decoder, json};
kablam!   |                       ^^^^^^^
kablam! 
kablam! warning: unused import: `Decoder`, #[warn(unused_imports)] on by default
kablam!  --> src/mon/quorum_status.rs:2:23
kablam!   |
kablam! 2 | use rustc_serialize::{Decoder, json};
kablam!   |                       ^^^^^^^
kablam! 
kablam! warning: unused import: `Decoder`, #[warn(unused_imports)] on by default
kablam!  --> src/mon/status.rs:2:23
kablam!   |
kablam! 2 | use rustc_serialize::{Decoder, json};
kablam!   |                       ^^^^^^^
kablam! 
kablam! warning: unused import: `Decoder`, #[warn(unused_imports)] on by default
kablam!  --> src/mon/perf_dump.rs:2:23
kablam!   |
kablam! 2 | use rustc_serialize::{Decoder, json};
kablam!   |                       ^^^^^^^
kablam! 
kablam!     Finished debug [unoptimized + debuginfo] target(s) in 6.40 secs
boom! running `docker rm -f d80df4e97bd4281b70686990a437af11c8491deec1802f0bf2ecfe9253c7ed47`
blam! d80df4e97bd4281b70686990a437af11c8491deec1802f0bf2ecfe9253c7ed47
boom! running: cargo +stable test --frozen
boom! creating container for: cargo +stable test --frozen
boom! running `docker create -v /home/ec2-user/cargobomb/./work/local/test-source/beta/stable:/source:ro -v /home/ec2-user/cargobomb/./work/local/cargo-home:/cargo-home:ro -v /home/ec2-user/cargobomb/./work/local/rustup-home:/rustup-home:ro -v /home/ec2-user/cargobomb/./work/local/target-dirs/beta/stable:/target:rw -e USER_ID=500 -e CMD=cargo +stable test --frozen cargobomb`
blam! 430b20c965c41119f3d99a1fbad25647643ee17071383d7db7a09f6e97d08735
boom! running `docker start -a 430b20c965c41119f3d99a1fbad25647643ee17071383d7db7a09f6e97d08735`
kablam!     Finished debug [unoptimized + debuginfo] target(s) in 0.0 secs
kablam!      Running /target/debug/deps/ceph-592100fddddd738b
blam! 
blam! running 6 tests
blam! test socket::tests::test_socket_send ... ok
blam! test tests::test_monitor_health ... FAILED
blam! test tests::test_monitor_perf_dump ... FAILED
blam! test tests::test_quorum_status ... FAILED
blam! test mon::test_is_a_mon ... ok
blam! test tests::test_osd_perf_dump ... ok
blam! 
blam! failures:
blam! 
blam! ---- tests::test_monitor_health stdout ----
blam! 	Testing with command 'mon_status' to socket '/var/run/ceph/ip-172-31-62-169'
blam! thread 'tests::test_monitor_health' panicked at 'called `Option::unwrap()` on a `None` value', /buildslave/rust-buildbot/slave/stable-dist-rustc-linux/build/src/libcore/option.rs:323
blam! 
blam! ---- tests::test_monitor_perf_dump stdout ----
blam! 	Testing with command 'perf dump' to socket '/var/run/ceph/ip-172-31-62-169'
blam! thread 'tests::test_monitor_perf_dump' panicked at 'called `Option::unwrap()` on a `None` value', /buildslave/rust-buildbot/slave/stable-dist-rustc-linux/build/src/libcore/option.rs:323
blam! note: Run with `RUST_BACKTRACE=1` for a backtrace.
blam! 
blam! ---- tests::test_quorum_status stdout ----
blam! 	Testing with command 'quorum_status' to socket '/var/run/ceph/ip-172-31-62-169'
blam! thread 'tests::test_quorum_status' panicked at 'called `Option::unwrap()` on a `None` value', /buildslave/rust-buildbot/slave/stable-dist-rustc-linux/build/src/libcore/option.rs:323
blam! 
blam! 
blam! failures:
blam!     tests::test_monitor_health
blam!     tests::test_monitor_perf_dump
blam!     tests::test_quorum_status
blam! 
blam! test result: FAILED. 3 passed; 3 failed; 0 ignored; 0 measured
blam! 
kablam! error: test failed
boom! running `docker rm -f 430b20c965c41119f3d99a1fbad25647643ee17071383d7db7a09f6e97d08735`
blam! 430b20c965c41119f3d99a1fbad25647643ee17071383d7db7a09f6e97d08735
