boom! testing r2d2-diesel-0.10.0 against stable for beta
boom! running: cargo +stable build --frozen
boom! creating container for: cargo +stable build --frozen
boom! running `docker create -v /home/ec2-user/cargobomb/./work/local/test-source/beta/stable:/source:ro -v /home/ec2-user/cargobomb/./work/local/cargo-home:/cargo-home:ro -v /home/ec2-user/cargobomb/./work/local/rustup-home:/rustup-home:ro -v /home/ec2-user/cargobomb/./work/local/target-dirs/beta/stable:/target:rw -e USER_ID=500 -e CMD=cargo +stable build --frozen cargobomb`
blam! 3d6199772612a41c1f779f83890bdc0bb30ce157733e1d7403b34b1db99e3b29
boom! running `docker start -a 3d6199772612a41c1f779f83890bdc0bb30ce157733e1d7403b34b1db99e3b29`
kablam!    Compiling diesel v0.10.0
kablam!    Compiling r2d2-diesel v0.10.0 (file:///source)
kablam!     Finished debug [unoptimized + debuginfo] target(s) in 15.42 secs
boom! running `docker rm -f 3d6199772612a41c1f779f83890bdc0bb30ce157733e1d7403b34b1db99e3b29`
blam! 3d6199772612a41c1f779f83890bdc0bb30ce157733e1d7403b34b1db99e3b29
boom! running: cargo +stable test --frozen --no-run
boom! creating container for: cargo +stable test --frozen --no-run
boom! running `docker create -v /home/ec2-user/cargobomb/./work/local/test-source/beta/stable:/source:ro -v /home/ec2-user/cargobomb/./work/local/cargo-home:/cargo-home:ro -v /home/ec2-user/cargobomb/./work/local/rustup-home:/rustup-home:ro -v /home/ec2-user/cargobomb/./work/local/target-dirs/beta/stable:/target:rw -e USER_ID=500 -e CMD=cargo +stable test --frozen --no-run cargobomb`
blam! b9a0c66375040f0dfb2b14db5f4b1b6be31045383e07043f6a050a50a72c631d
boom! running `docker start -a b9a0c66375040f0dfb2b14db5f4b1b6be31045383e07043f6a050a50a72c631d`
kablam!    Compiling r2d2-diesel v0.10.0 (file:///source)
kablam! error[E0432]: unresolved import `diesel::sqlite::SqliteConnection`
kablam!  --> examples/sqlite.rs:7:5
kablam!   |
kablam! 7 | use diesel::sqlite::SqliteConnection;
kablam!   |     ^^^^^^^^^^^^^^^^^^^^^^^^^^^^^^^^ Could not find `sqlite` in `diesel`
kablam! 
kablam! error[E0432]: unresolved import `diesel::pg::PgConnection`
kablam!  --> examples/postgres.rs:7:5
kablam!   |
kablam! 7 | use diesel::pg::PgConnection;
kablam!   |     ^^^^^^^^^^^^^^^^^^^^^^^^ Could not find `pg` in `diesel`
kablam! 
kablam! error: aborting due to previous error
kablam! 
blam! Build failed, waiting for other jobs to finish...
kablam! error: aborting due to previous error
kablam! 
blam! Build failed, waiting for other jobs to finish...
kablam! error[E0432]: unresolved import `diesel::pg::PgConnection`
kablam!  --> tests/test.rs:9:5
kablam!   |
kablam! 9 | use diesel::pg::PgConnection;
kablam!   |     ^^^^^^^^^^^^^^^^^^^^^^^^ Could not find `pg` in `diesel`
kablam! 
kablam! error: aborting due to previous error
kablam! 
blam! Build failed, waiting for other jobs to finish...
kablam! error: Could not compile `r2d2-diesel`.
kablam! 
kablam! To learn more, run the command again with --verbose.
boom! running `docker rm -f b9a0c66375040f0dfb2b14db5f4b1b6be31045383e07043f6a050a50a72c631d`
blam! b9a0c66375040f0dfb2b14db5f4b1b6be31045383e07043f6a050a50a72c631d
boom! running: cargo +stable test --frozen
boom! creating container for: cargo +stable test --frozen
boom! running `docker create -v /home/ec2-user/cargobomb/./work/local/test-source/beta/stable:/source:ro -v /home/ec2-user/cargobomb/./work/local/cargo-home:/cargo-home:ro -v /home/ec2-user/cargobomb/./work/local/rustup-home:/rustup-home:ro -v /home/ec2-user/cargobomb/./work/local/target-dirs/beta/stable:/target:rw -e USER_ID=500 -e CMD=cargo +stable test --frozen cargobomb`
blam! 073087a95f02e84689a7a78fb9bc473982c1794ff2055e4ccd9fa65e9ad2a85f
boom! running `docker start -a 073087a95f02e84689a7a78fb9bc473982c1794ff2055e4ccd9fa65e9ad2a85f`
kablam!    Compiling r2d2-diesel v0.10.0 (file:///source)
kablam! error[E0432]: unresolved import `diesel::pg::PgConnection`
kablam!  --> examples/postgres.rs:7:5
kablam!   |
kablam! 7 | use diesel::pg::PgConnection;
kablam!   |     ^^^^^^^^^^^^^^^^^^^^^^^^ Could not find `pg` in `diesel`
kablam! 
kablam! error: aborting due to previous error
kablam! 
blam! Build failed, waiting for other jobs to finish...
kablam! error[E0432]: unresolved import `diesel::sqlite::SqliteConnection`
kablam!  --> examples/sqlite.rs:7:5
kablam!   |
kablam! 7 | use diesel::sqlite::SqliteConnection;
kablam!   |     ^^^^^^^^^^^^^^^^^^^^^^^^^^^^^^^^ Could not find `sqlite` in `diesel`
kablam! 
kablam! error[E0432]: unresolved import `diesel::pg::PgConnection`
kablam!  --> tests/test.rs:9:5
kablam!   |
kablam! 9 | use diesel::pg::PgConnection;
kablam!   |     ^^^^^^^^^^^^^^^^^^^^^^^^ Could not find `pg` in `diesel`
kablam! 
kablam! error: aborting due to previous error
kablam! 
blam! Build failed, waiting for other jobs to finish...
kablam! error: aborting due to previous error
kablam! 
kablam! error: Could not compile `r2d2-diesel`.
kablam! 
kablam! To learn more, run the command again with --verbose.
boom! running `docker rm -f 073087a95f02e84689a7a78fb9bc473982c1794ff2055e4ccd9fa65e9ad2a85f`
blam! 073087a95f02e84689a7a78fb9bc473982c1794ff2055e4ccd9fa65e9ad2a85f
