boom! testing region-0.0.5 against nightly for nightly
boom! running: cargo +nightly build --frozen
boom! creating container for: cargo +nightly build --frozen
boom! running `docker create -v /home/ec2-user/cargobomb/./work/local/test-source/nightly/nightly:/source:ro -v /home/ec2-user/cargobomb/./work/local/cargo-home:/cargo-home:ro -v /home/ec2-user/cargobomb/./work/local/rustup-home:/rustup-home:ro -v /home/ec2-user/cargobomb/./work/local/target-dirs/nightly/nightly:/target:rw -e USER_ID=500 -e CMD=cargo +nightly build --frozen cargobomb`
blam! 550622df3aaa0347d3f869086fe53c0c26ad2bb433136e0d33cefbba57084026
boom! running `docker start -a 550622df3aaa0347d3f869086fe53c0c26ad2bb433136e0d33cefbba57084026`
kablam!    Compiling region v0.0.5 (file:///source)
kablam!     Finished dev [unoptimized + debuginfo] target(s) in 3.51 secs
boom! running `docker rm -f 550622df3aaa0347d3f869086fe53c0c26ad2bb433136e0d33cefbba57084026`
blam! 550622df3aaa0347d3f869086fe53c0c26ad2bb433136e0d33cefbba57084026
boom! running: cargo +nightly test --frozen --no-run
boom! creating container for: cargo +nightly test --frozen --no-run
boom! running `docker create -v /home/ec2-user/cargobomb/./work/local/test-source/nightly/nightly:/source:ro -v /home/ec2-user/cargobomb/./work/local/cargo-home:/cargo-home:ro -v /home/ec2-user/cargobomb/./work/local/rustup-home:/rustup-home:ro -v /home/ec2-user/cargobomb/./work/local/target-dirs/nightly/nightly:/target:rw -e USER_ID=500 -e CMD=cargo +nightly test --frozen --no-run cargobomb`
blam! abee907dbeee7763c4b15a390b5aa37d084eefaa3a04f72a64369848c237aa2f
boom! running `docker start -a abee907dbeee7763c4b15a390b5aa37d084eefaa3a04f72a64369848c237aa2f`
kablam!    Compiling region v0.0.5 (file:///source)
kablam!     Finished dev [unoptimized + debuginfo] target(s) in 4.17 secs
boom! running `docker rm -f abee907dbeee7763c4b15a390b5aa37d084eefaa3a04f72a64369848c237aa2f`
blam! abee907dbeee7763c4b15a390b5aa37d084eefaa3a04f72a64369848c237aa2f
boom! running: cargo +nightly test --frozen
boom! creating container for: cargo +nightly test --frozen
boom! running `docker create -v /home/ec2-user/cargobomb/./work/local/test-source/nightly/nightly:/source:ro -v /home/ec2-user/cargobomb/./work/local/cargo-home:/cargo-home:ro -v /home/ec2-user/cargobomb/./work/local/rustup-home:/rustup-home:ro -v /home/ec2-user/cargobomb/./work/local/target-dirs/nightly/nightly:/target:rw -e USER_ID=500 -e CMD=cargo +nightly test --frozen cargobomb`
blam! b98e80bc36d2b7449f7c73bd3b5c516e53ba2573483ad2502d8f2a8a5bc8400d
boom! running `docker start -a b98e80bc36d2b7449f7c73bd3b5c516e53ba2573483ad2502d8f2a8a5bc8400d`
kablam!     Finished dev [unoptimized + debuginfo] target(s) in 0.0 secs
kablam!      Running /target/debug/deps/region-26f6bf46ee8c71e3
blam! 
blam! running 21 tests
blam! test lock::tests::lock_page_release ... ok
blam! test os::linux::tests::parse_flags ... ok
blam! test lock::tests::lock_page ... ok
blam! test os::tests::page_size_value ... ok
blam! test os::tests::page_rounding ... ok
blam! test tests::protect_code ... ok
blam! test tests::protect_null ... ok
blam! test tests::protect_alloc ... ok
blam! test os::linux::tests::parse_region ... ok
blam! test tests::query_alloc ... ok
blam! test tests::protect_overlap ... ok
blam! test tests::query_area_zero ... ok
blam! test tests::query_code ... ok
blam! test tests::query_null ... ok
blam! test view::tests::view_exec_prot ... ok
blam! test tests::query_area_alloc ... ok
blam! test view::tests::view_check_size ... ok
blam! test view::tests::view_get_prot ... ok
blam! test view::tests::view_prot_initial ... ok
blam! test view::tests::view_prot_prev ... FAILED
blam! test tests::query_area_overlap ... FAILED
blam! 
blam! failures:
blam! 
blam! ---- view::tests::view_prot_prev stdout ----
blam! 	thread 'view::tests::view_prot_prev' panicked at 'called `Result::unwrap()` on an `Err` value: Error(Freed, State { next_error: None, backtrace: None })', /buildslave/rust-buildbot/slave/nightly-dist-rustc-linux/build/src/libcore/result.rs:870
blam! note: Run with `RUST_BACKTRACE=1` for a backtrace.
blam! 
blam! ---- tests::query_area_overlap stdout ----
blam! 	thread 'tests::query_area_overlap' panicked at 'called `Result::unwrap()` on an `Err` value: Error(Freed, State { next_error: None, backtrace: None })', /buildslave/rust-buildbot/slave/nightly-dist-rustc-linux/build/src/libcore/result.rs:870
blam! 
blam! 
blam! failures:
blam!     tests::query_area_overlap
blam!     view::tests::view_prot_prev
blam! 
blam! test result: FAILED. 19 passed; 2 failed; 0 ignored; 0 measured
blam! 
kablam! error: test failed
boom! running `docker rm -f b98e80bc36d2b7449f7c73bd3b5c516e53ba2573483ad2502d8f2a8a5bc8400d`
blam! b98e80bc36d2b7449f7c73bd3b5c516e53ba2573483ad2502d8f2a8a5bc8400d
