boom! testing palette-0.2.1 against nightly for nightly
boom! running: cargo +nightly build --frozen
boom! creating container for: cargo +nightly build --frozen
boom! running `docker create -v /home/ec2-user/cargobomb/./work/local/test-source/nightly/nightly:/source:ro -v /home/ec2-user/cargobomb/./work/local/cargo-home:/cargo-home:ro -v /home/ec2-user/cargobomb/./work/local/rustup-home:/rustup-home:ro -v /home/ec2-user/cargobomb/./work/local/target-dirs/nightly/nightly:/target:rw -e USER_ID=500 -e CMD=cargo +nightly build --frozen cargobomb`
blam! a5e5e362fdbd9041703290b3e75df53cec4eb727b5d5511c83e79bb375b6780e
boom! running `docker start -a a5e5e362fdbd9041703290b3e75df53cec4eb727b5d5511c83e79bb375b6780e`
kablam!    Compiling palette v0.2.1 (file:///source)
kablam! warning: unused `#[macro_use]` import
kablam!   --> src/lib.rs:46:1
kablam!    |
kablam! 46 | #[macro_use]
kablam!    | ^^^^^^^^^^^^
kablam!    |
kablam!    = note: #[warn(unused_imports)] on by default
kablam! 
kablam! warning: unused import: `NumCast`
kablam!  --> src/gradient.rs:3:29
kablam!   |
kablam! 3 | use num::{Float, One, Zero, NumCast};
kablam!   |                             ^^^^^^^
kablam!   |
kablam!   = note: #[warn(unused_imports)] on by default
kablam! 
kablam!     Finished dev [unoptimized + debuginfo] target(s) in 7.4 secs
boom! running `docker rm -f a5e5e362fdbd9041703290b3e75df53cec4eb727b5d5511c83e79bb375b6780e`
blam! a5e5e362fdbd9041703290b3e75df53cec4eb727b5d5511c83e79bb375b6780e
boom! running: cargo +nightly test --frozen --no-run
boom! creating container for: cargo +nightly test --frozen --no-run
boom! running `docker create -v /home/ec2-user/cargobomb/./work/local/test-source/nightly/nightly:/source:ro -v /home/ec2-user/cargobomb/./work/local/cargo-home:/cargo-home:ro -v /home/ec2-user/cargobomb/./work/local/rustup-home:/rustup-home:ro -v /home/ec2-user/cargobomb/./work/local/target-dirs/nightly/nightly:/target:rw -e USER_ID=500 -e CMD=cargo +nightly test --frozen --no-run cargobomb`
blam! af543cc3813ea3587f9e87adbfe18639c9c036a34e17042564c4b3ad45eca940
boom! running `docker start -a af543cc3813ea3587f9e87adbfe18639c9c036a34e17042564c4b3ad45eca940`
kablam!    Compiling png v0.3.1
kablam! error[E0425]: cannot find value `TRANSFORM_EXPAND` in the crate root
kablam!   --> /cargo-home/registry/src/github.com-1ecc6299db9ec823/png-0.3.1/src/decoder/mod.rs:68:24
kablam!    |
kablam! 68 |             transform: ::TRANSFORM_EXPAND | ::TRANSFORM_SCALE_16 | ::TRANSFORM_STRIP_16,
kablam!    |                        ^^^^^^^^^^^^^^^^^^ not found in the crate root
kablam!    |
kablam!    = help: possible candidate is found in another module, you can import it into scope:
kablam!              `use common::TRANSFORM_EXPAND;`
kablam! 
kablam! error[E0425]: cannot find value `TRANSFORM_SCALE_16` in the crate root
kablam!   --> /cargo-home/registry/src/github.com-1ecc6299db9ec823/png-0.3.1/src/decoder/mod.rs:68:45
kablam!    |
kablam! 68 |             transform: ::TRANSFORM_EXPAND | ::TRANSFORM_SCALE_16 | ::TRANSFORM_STRIP_16,
kablam!    |                                             ^^^^^^^^^^^^^^^^^^^^ not found in the crate root
kablam!    |
kablam!    = help: possible candidate is found in another module, you can import it into scope:
kablam!              `use common::TRANSFORM_SCALE_16;`
kablam! 
kablam! error[E0425]: cannot find value `TRANSFORM_STRIP_16` in the crate root
kablam!   --> /cargo-home/registry/src/github.com-1ecc6299db9ec823/png-0.3.1/src/decoder/mod.rs:68:68
kablam!    |
kablam! 68 |             transform: ::TRANSFORM_EXPAND | ::TRANSFORM_SCALE_16 | ::TRANSFORM_STRIP_16,
kablam!    |                                                                    ^^^^^^^^^^^^^^^^^^^^ not found in the crate root
kablam!    |
kablam!    = help: possible candidate is found in another module, you can import it into scope:
kablam!              `use common::TRANSFORM_STRIP_16;`
kablam! 
kablam! error[E0425]: cannot find value `TRANSFORM_IDENTITY` in the crate root
kablam!    --> /cargo-home/registry/src/github.com-1ecc6299db9ec823/png-0.3.1/src/decoder/mod.rs:250:25
kablam!     |
kablam! 250 |         if transform == ::TRANSFORM_IDENTITY {
kablam!     |                         ^^^^^^^^^^^^^^^^^^^^ not found in the crate root
kablam!     |
kablam!     = help: possible candidate is found in another module, you can import it into scope:
kablam!               `use common::TRANSFORM_IDENTITY;`
kablam! 
kablam! error[E0425]: cannot find value `TRANSFORM_EXPAND` in the crate root
kablam!    --> /cargo-home/registry/src/github.com-1ecc6299db9ec823/png-0.3.1/src/decoder/mod.rs:271:39
kablam!     |
kablam! 271 |                 if transform.contains(::TRANSFORM_EXPAND) {
kablam!     |                                       ^^^^^^^^^^^^^^^^^^ not found in the crate root
kablam!     |
kablam!     = help: possible candidate is found in another module, you can import it into scope:
kablam!               `use common::TRANSFORM_EXPAND;`
kablam! 
kablam! error[E0425]: cannot find value `TRANSFORM_SCALE_16` in the crate root
kablam!    --> /cargo-home/registry/src/github.com-1ecc6299db9ec823/png-0.3.1/src/decoder/mod.rs:291:60
kablam!     |
kablam! 291 |                 if bit_depth == 16 && transform.intersects(::TRANSFORM_SCALE_16 | ::TRANSFORM_STRIP_16) {
kablam!     |                                                            ^^^^^^^^^^^^^^^^^^^^ not found in the crate root
kablam!     |
kablam!     = help: possible candidate is found in another module, you can import it into scope:
kablam!               `use common::TRANSFORM_SCALE_16;`
kablam! 
kablam! error[E0425]: cannot find value `TRANSFORM_STRIP_16` in the crate root
kablam!    --> /cargo-home/registry/src/github.com-1ecc6299db9ec823/png-0.3.1/src/decoder/mod.rs:291:83
kablam!     |
kablam! 291 |                 if bit_depth == 16 && transform.intersects(::TRANSFORM_SCALE_16 | ::TRANSFORM_STRIP_16) {
kablam!     |                                                                                   ^^^^^^^^^^^^^^^^^^^^ not found in the crate root
kablam!     |
kablam!     = help: possible candidate is found in another module, you can import it into scope:
kablam!               `use common::TRANSFORM_STRIP_16;`
kablam! 
kablam! error[E0425]: cannot find value `TRANSFORM_IDENTITY` in the crate root
kablam!    --> /cargo-home/registry/src/github.com-1ecc6299db9ec823/png-0.3.1/src/decoder/mod.rs:313:17
kablam!     |
kablam! 313 |         if t == ::TRANSFORM_IDENTITY {
kablam!     |                 ^^^^^^^^^^^^^^^^^^^^ not found in the crate root
kablam!     |
kablam!     = help: possible candidate is found in another module, you can import it into scope:
kablam!               `use common::TRANSFORM_IDENTITY;`
kablam! 
kablam! error[E0425]: cannot find value `TRANSFORM_SCALE_16` in the crate root
kablam!    --> /cargo-home/registry/src/github.com-1ecc6299db9ec823/png-0.3.1/src/decoder/mod.rs:318:21
kablam!     |
kablam! 318 |                     ::TRANSFORM_SCALE_16 | ::TRANSFORM_STRIP_16
kablam!     |                     ^^^^^^^^^^^^^^^^^^^^ not found in the crate root
kablam!     |
kablam!     = help: possible candidate is found in another module, you can import it into scope:
kablam!               `use common::TRANSFORM_SCALE_16;`
kablam! 
kablam! error[E0425]: cannot find value `TRANSFORM_STRIP_16` in the crate root
kablam!    --> /cargo-home/registry/src/github.com-1ecc6299db9ec823/png-0.3.1/src/decoder/mod.rs:318:44
kablam!     |
kablam! 318 |                     ::TRANSFORM_SCALE_16 | ::TRANSFORM_STRIP_16
kablam!     |                                            ^^^^^^^^^^^^^^^^^^^^ not found in the crate root
kablam!     |
kablam!     = help: possible candidate is found in another module, you can import it into scope:
kablam!               `use common::TRANSFORM_STRIP_16;`
kablam! 
kablam! error[E0425]: cannot find value `TRANSFORM_EXPAND` in the crate root
kablam!    --> /cargo-home/registry/src/github.com-1ecc6299db9ec823/png-0.3.1/src/decoder/mod.rs:320:33
kablam!     |
kablam! 320 |                 _ if t.contains(::TRANSFORM_EXPAND) => 8,
kablam!     |                                 ^^^^^^^^^^^^^^^^^^ not found in the crate root
kablam!     |
kablam!     = help: possible candidate is found in another module, you can import it into scope:
kablam!               `use common::TRANSFORM_EXPAND;`
kablam! 
kablam! error[E0425]: cannot find value `TRANSFORM_EXPAND` in the crate root
kablam!    --> /cargo-home/registry/src/github.com-1ecc6299db9ec823/png-0.3.1/src/decoder/mod.rs:323:44
kablam!     |
kablam! 323 |             let color_type = if t.contains(::TRANSFORM_EXPAND) {
kablam!     |                                            ^^^^^^^^^^^^^^^^^^ not found in the crate root
kablam!     |
kablam!     = help: possible candidate is found in another module, you can import it into scope:
kablam!               `use common::TRANSFORM_EXPAND;`
kablam! 
kablam! error[E0425]: cannot find value `TRANSFORM_SCALE_16` in the crate root
kablam!    --> /cargo-home/registry/src/github.com-1ecc6299db9ec823/png-0.3.1/src/decoder/mod.rs:351:13
kablam!     |
kablam! 351 |             ::TRANSFORM_SCALE_16 | ::TRANSFORM_STRIP_16
kablam!     |             ^^^^^^^^^^^^^^^^^^^^ not found in the crate root
kablam!     |
kablam!     = help: possible candidate is found in another module, you can import it into scope:
kablam!               `use common::TRANSFORM_SCALE_16;`
kablam! 
kablam! error[E0425]: cannot find value `TRANSFORM_STRIP_16` in the crate root
kablam!    --> /cargo-home/registry/src/github.com-1ecc6299db9ec823/png-0.3.1/src/decoder/mod.rs:351:36
kablam!     |
kablam! 351 |             ::TRANSFORM_SCALE_16 | ::TRANSFORM_STRIP_16
kablam!     |                                    ^^^^^^^^^^^^^^^^^^^^ not found in the crate root
kablam!     |
kablam!     = help: possible candidate is found in another module, you can import it into scope:
kablam!               `use common::TRANSFORM_STRIP_16;`
kablam! 
kablam! error[E0425]: cannot find value `TRANSFORM_EXPAND` in the crate root
kablam!    --> /cargo-home/registry/src/github.com-1ecc6299db9ec823/png-0.3.1/src/decoder/mod.rs:367:43
kablam!     |
kablam! 367 |             Indexed if trns && t.contains(::TRANSFORM_EXPAND) => 4 * 8,
kablam!     |                                           ^^^^^^^^^^^^^^^^^^ not found in the crate root
kablam!     |
kablam!     = help: possible candidate is found in another module, you can import it into scope:
kablam!               `use common::TRANSFORM_EXPAND;`
kablam! 
kablam! error[E0425]: cannot find value `TRANSFORM_EXPAND` in the crate root
kablam!    --> /cargo-home/registry/src/github.com-1ecc6299db9ec823/png-0.3.1/src/decoder/mod.rs:368:35
kablam!     |
kablam! 368 |             Indexed if t.contains(::TRANSFORM_EXPAND) => 3 * 8,
kablam!     |                                   ^^^^^^^^^^^^^^^^^^ not found in the crate root
kablam!     |
kablam!     = help: possible candidate is found in another module, you can import it into scope:
kablam!               `use common::TRANSFORM_EXPAND;`
kablam! 
kablam! error[E0425]: cannot find value `TRANSFORM_EXPAND` in the crate root
kablam!    --> /cargo-home/registry/src/github.com-1ecc6299db9ec823/png-0.3.1/src/decoder/mod.rs:369:39
kablam!     |
kablam! 369 |             RGB if trns && t.contains(::TRANSFORM_EXPAND) => 4 * 8,
kablam!     |                                       ^^^^^^^^^^^^^^^^^^ not found in the crate root
kablam!     |
kablam!     = help: possible candidate is found in another module, you can import it into scope:
kablam!               `use common::TRANSFORM_EXPAND;`
kablam! 
kablam! error[E0425]: cannot find value `TRANSFORM_EXPAND` in the crate root
kablam!    --> /cargo-home/registry/src/github.com-1ecc6299db9ec823/png-0.3.1/src/decoder/mod.rs:370:45
kablam!     |
kablam! 370 |             Grayscale if trns && t.contains(::TRANSFORM_EXPAND) => 2 * 8,
kablam!     |                                             ^^^^^^^^^^^^^^^^^^ not found in the crate root
kablam!     |
kablam!     = help: possible candidate is found in another module, you can import it into scope:
kablam!               `use common::TRANSFORM_EXPAND;`
kablam! 
kablam! error[E0425]: cannot find value `TRANSFORM_EXPAND` in the crate root
kablam!    --> /cargo-home/registry/src/github.com-1ecc6299db9ec823/png-0.3.1/src/decoder/mod.rs:371:37
kablam!     |
kablam! 371 |             Grayscale if t.contains(::TRANSFORM_EXPAND) => 1 * 8,
kablam!     |                                     ^^^^^^^^^^^^^^^^^^ not found in the crate root
kablam!     |
kablam!     = help: possible candidate is found in another module, you can import it into scope:
kablam!               `use common::TRANSFORM_EXPAND;`
kablam! 
kablam! error[E0425]: cannot find value `TRANSFORM_EXPAND` in the crate root
kablam!    --> /cargo-home/registry/src/github.com-1ecc6299db9ec823/png-0.3.1/src/decoder/mod.rs:372:42
kablam!     |
kablam! 372 |             GrayscaleAlpha if t.contains(::TRANSFORM_EXPAND) => 2 * 8,
kablam!     |                                          ^^^^^^^^^^^^^^^^^^ not found in the crate root
kablam!     |
kablam!     = help: possible candidate is found in another module, you can import it into scope:
kablam!               `use common::TRANSFORM_EXPAND;`
kablam! 
kablam! error: struct `Transformations` is private
kablam!   --> /cargo-home/registry/src/github.com-1ecc6299db9ec823/png-0.3.1/src/decoder/mod.rs:11:41
kablam!    |
kablam! 11 | use common::{ColorType, BitDepth, Info, Transformations};
kablam!    |                                         ^^^^^^^^^^^^^^^
kablam! 
kablam! error: aborting due to 21 previous errors
kablam! 
kablam! error: Could not compile `png`.
kablam! 
kablam! To learn more, run the command again with --verbose.
boom! running `docker rm -f af543cc3813ea3587f9e87adbfe18639c9c036a34e17042564c4b3ad45eca940`
blam! af543cc3813ea3587f9e87adbfe18639c9c036a34e17042564c4b3ad45eca940
boom! running: cargo +nightly test --frozen
boom! creating container for: cargo +nightly test --frozen
boom! running `docker create -v /home/ec2-user/cargobomb/./work/local/test-source/nightly/nightly:/source:ro -v /home/ec2-user/cargobomb/./work/local/cargo-home:/cargo-home:ro -v /home/ec2-user/cargobomb/./work/local/rustup-home:/rustup-home:ro -v /home/ec2-user/cargobomb/./work/local/target-dirs/nightly/nightly:/target:rw -e USER_ID=500 -e CMD=cargo +nightly test --frozen cargobomb`
blam! 01c0dddd697f702e0c242ba09eec2a07454e0ff576e5563af1bdca4459f07e6b
boom! running `docker start -a 01c0dddd697f702e0c242ba09eec2a07454e0ff576e5563af1bdca4459f07e6b`
kablam!    Compiling png v0.3.1
kablam! error[E0425]: cannot find value `TRANSFORM_EXPAND` in the crate root
kablam!   --> /cargo-home/registry/src/github.com-1ecc6299db9ec823/png-0.3.1/src/decoder/mod.rs:68:24
kablam!    |
kablam! 68 |             transform: ::TRANSFORM_EXPAND | ::TRANSFORM_SCALE_16 | ::TRANSFORM_STRIP_16,
kablam!    |                        ^^^^^^^^^^^^^^^^^^ not found in the crate root
kablam!    |
kablam!    = help: possible candidate is found in another module, you can import it into scope:
kablam!              `use common::TRANSFORM_EXPAND;`
kablam! 
kablam! error[E0425]: cannot find value `TRANSFORM_SCALE_16` in the crate root
kablam!   --> /cargo-home/registry/src/github.com-1ecc6299db9ec823/png-0.3.1/src/decoder/mod.rs:68:45
kablam!    |
kablam! 68 |             transform: ::TRANSFORM_EXPAND | ::TRANSFORM_SCALE_16 | ::TRANSFORM_STRIP_16,
kablam!    |                                             ^^^^^^^^^^^^^^^^^^^^ not found in the crate root
kablam!    |
kablam!    = help: possible candidate is found in another module, you can import it into scope:
kablam!              `use common::TRANSFORM_SCALE_16;`
kablam! 
kablam! error[E0425]: cannot find value `TRANSFORM_STRIP_16` in the crate root
kablam!   --> /cargo-home/registry/src/github.com-1ecc6299db9ec823/png-0.3.1/src/decoder/mod.rs:68:68
kablam!    |
kablam! 68 |             transform: ::TRANSFORM_EXPAND | ::TRANSFORM_SCALE_16 | ::TRANSFORM_STRIP_16,
kablam!    |                                                                    ^^^^^^^^^^^^^^^^^^^^ not found in the crate root
kablam!    |
kablam!    = help: possible candidate is found in another module, you can import it into scope:
kablam!              `use common::TRANSFORM_STRIP_16;`
kablam! 
kablam! error[E0425]: cannot find value `TRANSFORM_IDENTITY` in the crate root
kablam!    --> /cargo-home/registry/src/github.com-1ecc6299db9ec823/png-0.3.1/src/decoder/mod.rs:250:25
kablam!     |
kablam! 250 |         if transform == ::TRANSFORM_IDENTITY {
kablam!     |                         ^^^^^^^^^^^^^^^^^^^^ not found in the crate root
kablam!     |
kablam!     = help: possible candidate is found in another module, you can import it into scope:
kablam!               `use common::TRANSFORM_IDENTITY;`
kablam! 
kablam! error[E0425]: cannot find value `TRANSFORM_EXPAND` in the crate root
kablam!    --> /cargo-home/registry/src/github.com-1ecc6299db9ec823/png-0.3.1/src/decoder/mod.rs:271:39
kablam!     |
kablam! 271 |                 if transform.contains(::TRANSFORM_EXPAND) {
kablam!     |                                       ^^^^^^^^^^^^^^^^^^ not found in the crate root
kablam!     |
kablam!     = help: possible candidate is found in another module, you can import it into scope:
kablam!               `use common::TRANSFORM_EXPAND;`
kablam! 
kablam! error[E0425]: cannot find value `TRANSFORM_SCALE_16` in the crate root
kablam!    --> /cargo-home/registry/src/github.com-1ecc6299db9ec823/png-0.3.1/src/decoder/mod.rs:291:60
kablam!     |
kablam! 291 |                 if bit_depth == 16 && transform.intersects(::TRANSFORM_SCALE_16 | ::TRANSFORM_STRIP_16) {
kablam!     |                                                            ^^^^^^^^^^^^^^^^^^^^ not found in the crate root
kablam!     |
kablam!     = help: possible candidate is found in another module, you can import it into scope:
kablam!               `use common::TRANSFORM_SCALE_16;`
kablam! 
kablam! error[E0425]: cannot find value `TRANSFORM_STRIP_16` in the crate root
kablam!    --> /cargo-home/registry/src/github.com-1ecc6299db9ec823/png-0.3.1/src/decoder/mod.rs:291:83
kablam!     |
kablam! 291 |                 if bit_depth == 16 && transform.intersects(::TRANSFORM_SCALE_16 | ::TRANSFORM_STRIP_16) {
kablam!     |                                                                                   ^^^^^^^^^^^^^^^^^^^^ not found in the crate root
kablam!     |
kablam!     = help: possible candidate is found in another module, you can import it into scope:
kablam!               `use common::TRANSFORM_STRIP_16;`
kablam! 
kablam! error[E0425]: cannot find value `TRANSFORM_IDENTITY` in the crate root
kablam!    --> /cargo-home/registry/src/github.com-1ecc6299db9ec823/png-0.3.1/src/decoder/mod.rs:313:17
kablam!     |
kablam! 313 |         if t == ::TRANSFORM_IDENTITY {
kablam!     |                 ^^^^^^^^^^^^^^^^^^^^ not found in the crate root
kablam!     |
kablam!     = help: possible candidate is found in another module, you can import it into scope:
kablam!               `use common::TRANSFORM_IDENTITY;`
kablam! 
kablam! error[E0425]: cannot find value `TRANSFORM_SCALE_16` in the crate root
kablam!    --> /cargo-home/registry/src/github.com-1ecc6299db9ec823/png-0.3.1/src/decoder/mod.rs:318:21
kablam!     |
kablam! 318 |                     ::TRANSFORM_SCALE_16 | ::TRANSFORM_STRIP_16
kablam!     |                     ^^^^^^^^^^^^^^^^^^^^ not found in the crate root
kablam!     |
kablam!     = help: possible candidate is found in another module, you can import it into scope:
kablam!               `use common::TRANSFORM_SCALE_16;`
kablam! 
kablam! error[E0425]: cannot find value `TRANSFORM_STRIP_16` in the crate root
kablam!    --> /cargo-home/registry/src/github.com-1ecc6299db9ec823/png-0.3.1/src/decoder/mod.rs:318:44
kablam!     |
kablam! 318 |                     ::TRANSFORM_SCALE_16 | ::TRANSFORM_STRIP_16
kablam!     |                                            ^^^^^^^^^^^^^^^^^^^^ not found in the crate root
kablam!     |
kablam!     = help: possible candidate is found in another module, you can import it into scope:
kablam!               `use common::TRANSFORM_STRIP_16;`
kablam! 
kablam! error[E0425]: cannot find value `TRANSFORM_EXPAND` in the crate root
kablam!    --> /cargo-home/registry/src/github.com-1ecc6299db9ec823/png-0.3.1/src/decoder/mod.rs:320:33
kablam!     |
kablam! 320 |                 _ if t.contains(::TRANSFORM_EXPAND) => 8,
kablam!     |                                 ^^^^^^^^^^^^^^^^^^ not found in the crate root
kablam!     |
kablam!     = help: possible candidate is found in another module, you can import it into scope:
kablam!               `use common::TRANSFORM_EXPAND;`
kablam! 
kablam! error[E0425]: cannot find value `TRANSFORM_EXPAND` in the crate root
kablam!    --> /cargo-home/registry/src/github.com-1ecc6299db9ec823/png-0.3.1/src/decoder/mod.rs:323:44
kablam!     |
kablam! 323 |             let color_type = if t.contains(::TRANSFORM_EXPAND) {
kablam!     |                                            ^^^^^^^^^^^^^^^^^^ not found in the crate root
kablam!     |
kablam!     = help: possible candidate is found in another module, you can import it into scope:
kablam!               `use common::TRANSFORM_EXPAND;`
kablam! 
kablam! error[E0425]: cannot find value `TRANSFORM_SCALE_16` in the crate root
kablam!    --> /cargo-home/registry/src/github.com-1ecc6299db9ec823/png-0.3.1/src/decoder/mod.rs:351:13
kablam!     |
kablam! 351 |             ::TRANSFORM_SCALE_16 | ::TRANSFORM_STRIP_16
kablam!     |             ^^^^^^^^^^^^^^^^^^^^ not found in the crate root
kablam!     |
kablam!     = help: possible candidate is found in another module, you can import it into scope:
kablam!               `use common::TRANSFORM_SCALE_16;`
kablam! 
kablam! error[E0425]: cannot find value `TRANSFORM_STRIP_16` in the crate root
kablam!    --> /cargo-home/registry/src/github.com-1ecc6299db9ec823/png-0.3.1/src/decoder/mod.rs:351:36
kablam!     |
kablam! 351 |             ::TRANSFORM_SCALE_16 | ::TRANSFORM_STRIP_16
kablam!     |                                    ^^^^^^^^^^^^^^^^^^^^ not found in the crate root
kablam!     |
kablam!     = help: possible candidate is found in another module, you can import it into scope:
kablam!               `use common::TRANSFORM_STRIP_16;`
kablam! 
kablam! error[E0425]: cannot find value `TRANSFORM_EXPAND` in the crate root
kablam!    --> /cargo-home/registry/src/github.com-1ecc6299db9ec823/png-0.3.1/src/decoder/mod.rs:367:43
kablam!     |
kablam! 367 |             Indexed if trns && t.contains(::TRANSFORM_EXPAND) => 4 * 8,
kablam!     |                                           ^^^^^^^^^^^^^^^^^^ not found in the crate root
kablam!     |
kablam!     = help: possible candidate is found in another module, you can import it into scope:
kablam!               `use common::TRANSFORM_EXPAND;`
kablam! 
kablam! error[E0425]: cannot find value `TRANSFORM_EXPAND` in the crate root
kablam!    --> /cargo-home/registry/src/github.com-1ecc6299db9ec823/png-0.3.1/src/decoder/mod.rs:368:35
kablam!     |
kablam! 368 |             Indexed if t.contains(::TRANSFORM_EXPAND) => 3 * 8,
kablam!     |                                   ^^^^^^^^^^^^^^^^^^ not found in the crate root
kablam!     |
kablam!     = help: possible candidate is found in another module, you can import it into scope:
kablam!               `use common::TRANSFORM_EXPAND;`
kablam! 
kablam! error[E0425]: cannot find value `TRANSFORM_EXPAND` in the crate root
kablam!    --> /cargo-home/registry/src/github.com-1ecc6299db9ec823/png-0.3.1/src/decoder/mod.rs:369:39
kablam!     |
kablam! 369 |             RGB if trns && t.contains(::TRANSFORM_EXPAND) => 4 * 8,
kablam!     |                                       ^^^^^^^^^^^^^^^^^^ not found in the crate root
kablam!     |
kablam!     = help: possible candidate is found in another module, you can import it into scope:
kablam!               `use common::TRANSFORM_EXPAND;`
kablam! 
kablam! error[E0425]: cannot find value `TRANSFORM_EXPAND` in the crate root
kablam!    --> /cargo-home/registry/src/github.com-1ecc6299db9ec823/png-0.3.1/src/decoder/mod.rs:370:45
kablam!     |
kablam! 370 |             Grayscale if trns && t.contains(::TRANSFORM_EXPAND) => 2 * 8,
kablam!     |                                             ^^^^^^^^^^^^^^^^^^ not found in the crate root
kablam!     |
kablam!     = help: possible candidate is found in another module, you can import it into scope:
kablam!               `use common::TRANSFORM_EXPAND;`
kablam! 
kablam! error[E0425]: cannot find value `TRANSFORM_EXPAND` in the crate root
kablam!    --> /cargo-home/registry/src/github.com-1ecc6299db9ec823/png-0.3.1/src/decoder/mod.rs:371:37
kablam!     |
kablam! 371 |             Grayscale if t.contains(::TRANSFORM_EXPAND) => 1 * 8,
kablam!     |                                     ^^^^^^^^^^^^^^^^^^ not found in the crate root
kablam!     |
kablam!     = help: possible candidate is found in another module, you can import it into scope:
kablam!               `use common::TRANSFORM_EXPAND;`
kablam! 
kablam! error[E0425]: cannot find value `TRANSFORM_EXPAND` in the crate root
kablam!    --> /cargo-home/registry/src/github.com-1ecc6299db9ec823/png-0.3.1/src/decoder/mod.rs:372:42
kablam!     |
kablam! 372 |             GrayscaleAlpha if t.contains(::TRANSFORM_EXPAND) => 2 * 8,
kablam!     |                                          ^^^^^^^^^^^^^^^^^^ not found in the crate root
kablam!     |
kablam!     = help: possible candidate is found in another module, you can import it into scope:
kablam!               `use common::TRANSFORM_EXPAND;`
kablam! 
kablam! error: struct `Transformations` is private
kablam!   --> /cargo-home/registry/src/github.com-1ecc6299db9ec823/png-0.3.1/src/decoder/mod.rs:11:41
kablam!    |
kablam! 11 | use common::{ColorType, BitDepth, Info, Transformations};
kablam!    |                                         ^^^^^^^^^^^^^^^
kablam! 
kablam! error: aborting due to 21 previous errors
kablam! 
kablam! error: Could not compile `png`.
kablam! 
kablam! To learn more, run the command again with --verbose.
boom! running `docker rm -f 01c0dddd697f702e0c242ba09eec2a07454e0ff576e5563af1bdca4459f07e6b`
blam! 01c0dddd697f702e0c242ba09eec2a07454e0ff576e5563af1bdca4459f07e6b
