boom! testing regex_dfa-0.5.0 against stable for beta
boom! running: cargo +stable build --frozen
boom! creating container for: cargo +stable build --frozen
boom! running `docker create -v /home/ec2-user/cargobomb/./work/local/test-source/beta/stable:/source:ro -v /home/ec2-user/cargobomb/./work/local/cargo-home:/cargo-home:ro -v /home/ec2-user/cargobomb/./work/local/rustup-home:/rustup-home:ro -v /home/ec2-user/cargobomb/./work/local/target-dirs/beta/stable:/target:rw -e USER_ID=500 -e CMD=cargo +stable build --frozen cargobomb`
blam! 37551d01b0796d7ab75ad666ca7b077aa4e2262f713f460c1ad25165b9ad8124
boom! running `docker start -a 37551d01b0796d7ab75ad666ca7b077aa4e2262f713f460c1ad25165b9ad8124`
kablam! warning: file found to be present in multiple build targets: /source/src/lib.rs
kablam!    Compiling regex_dfa v0.5.0 (file:///source)
kablam! warning: unused import: `std::cmp::max`, #[warn(unused_imports)] on by default
kablam!   --> src/nfa/has_looks.rs:11:5
kablam!    |
kablam! 11 | use std::cmp::max;
kablam!    |     ^^^^^^^^^^^^^
kablam! 
kablam!     Finished debug [unoptimized + debuginfo] target(s) in 20.9 secs
boom! running `docker rm -f 37551d01b0796d7ab75ad666ca7b077aa4e2262f713f460c1ad25165b9ad8124`
blam! 37551d01b0796d7ab75ad666ca7b077aa4e2262f713f460c1ad25165b9ad8124
boom! running: cargo +stable test --frozen --no-run
boom! creating container for: cargo +stable test --frozen --no-run
boom! running `docker create -v /home/ec2-user/cargobomb/./work/local/test-source/beta/stable:/source:ro -v /home/ec2-user/cargobomb/./work/local/cargo-home:/cargo-home:ro -v /home/ec2-user/cargobomb/./work/local/rustup-home:/rustup-home:ro -v /home/ec2-user/cargobomb/./work/local/target-dirs/beta/stable:/target:rw -e USER_ID=500 -e CMD=cargo +stable test --frozen --no-run cargobomb`
blam! e6be4b5594ef3e1420c0f90d7fe0c5377341c9b0018c8d7f8ae496a7adce6c26
boom! running `docker start -a e6be4b5594ef3e1420c0f90d7fe0c5377341c9b0018c8d7f8ae496a7adce6c26`
kablam! warning: file found to be present in multiple build targets: /source/src/lib.rs
kablam!    Compiling serde v0.6.15
kablam!    Compiling serde_json v0.6.1
kablam!    Compiling regex_dfa v0.5.0 (file:///source)
kablam! error[E0554]: #[feature] may not be used on the stable release channel
kablam!   --> benches/bench_default.rs:10:1
kablam!    |
kablam! 10 | #![feature(test)]
kablam!    | ^^^^^^^^^^^^^^^^^
kablam! 
kablam! error: aborting due to previous error
kablam! 
blam! Build failed, waiting for other jobs to finish...
kablam! error[E0554]: #[feature] may not be used on the stable release channel
kablam!   --> src/lib.rs:61:19
kablam!    |
kablam! 61 | #![cfg_attr(test, feature(test))]
kablam!    |                   ^^^^^^^^^^^^^
kablam! 
kablam! error: aborting due to previous error
kablam! 
blam! Build failed, waiting for other jobs to finish...
kablam! error[E0554]: #[feature] may not be used on the stable release channel
kablam!   --> src/lib.rs:61:19
kablam!    |
kablam! 61 | #![cfg_attr(test, feature(test))]
kablam!    |                   ^^^^^^^^^^^^^
kablam! 
kablam! error: aborting due to previous error
kablam! 
blam! Build failed, waiting for other jobs to finish...
kablam! error: Could not compile `regex_dfa`.
kablam! 
kablam! To learn more, run the command again with --verbose.
boom! running `docker rm -f e6be4b5594ef3e1420c0f90d7fe0c5377341c9b0018c8d7f8ae496a7adce6c26`
blam! e6be4b5594ef3e1420c0f90d7fe0c5377341c9b0018c8d7f8ae496a7adce6c26
boom! running: cargo +stable test --frozen
boom! creating container for: cargo +stable test --frozen
boom! running `docker create -v /home/ec2-user/cargobomb/./work/local/test-source/beta/stable:/source:ro -v /home/ec2-user/cargobomb/./work/local/cargo-home:/cargo-home:ro -v /home/ec2-user/cargobomb/./work/local/rustup-home:/rustup-home:ro -v /home/ec2-user/cargobomb/./work/local/target-dirs/beta/stable:/target:rw -e USER_ID=500 -e CMD=cargo +stable test --frozen cargobomb`
blam! 2790ab01ad868d6aa07dda7ad9a8c81c8d8f7f51957532766b2be6a04c081b21
boom! running `docker start -a 2790ab01ad868d6aa07dda7ad9a8c81c8d8f7f51957532766b2be6a04c081b21`
kablam! warning: file found to be present in multiple build targets: /source/src/lib.rs
kablam!    Compiling regex_dfa v0.5.0 (file:///source)
kablam! error[E0554]: #[feature] may not be used on the stable release channel
kablam!   --> benches/bench_default.rs:10:1
kablam!    |
kablam! 10 | #![feature(test)]
kablam!    | ^^^^^^^^^^^^^^^^^
kablam! 
kablam! error: aborting due to previous error
kablam! 
blam! Build failed, waiting for other jobs to finish...
kablam! error[E0554]: #[feature] may not be used on the stable release channel
kablam!   --> src/lib.rs:61:19
kablam!    |
kablam! 61 | #![cfg_attr(test, feature(test))]
kablam!    |                   ^^^^^^^^^^^^^
kablam! 
kablam! error: aborting due to previous error
kablam! 
blam! Build failed, waiting for other jobs to finish...
kablam! error[E0554]: #[feature] may not be used on the stable release channel
kablam!   --> src/lib.rs:61:19
kablam!    |
kablam! 61 | #![cfg_attr(test, feature(test))]
kablam!    |                   ^^^^^^^^^^^^^
kablam! 
kablam! error: aborting due to previous error
kablam! 
kablam! error: Could not compile `regex_dfa`.
kablam! 
kablam! To learn more, run the command again with --verbose.
boom! running `docker rm -f 2790ab01ad868d6aa07dda7ad9a8c81c8d8f7f51957532766b2be6a04c081b21`
blam! 2790ab01ad868d6aa07dda7ad9a8c81c8d8f7f51957532766b2be6a04c081b21
