boom! testing rocket-0.1.6 against stable for beta
boom! running: cargo +stable build --frozen
boom! creating container for: cargo +stable build --frozen
boom! running `docker create -v /home/ec2-user/cargobomb/./work/local/test-source/beta/stable:/source:ro -v /home/ec2-user/cargobomb/./work/local/cargo-home:/cargo-home:ro -v /home/ec2-user/cargobomb/./work/local/rustup-home:/rustup-home:ro -v /home/ec2-user/cargobomb/./work/local/target-dirs/beta/stable:/target:rw -e USER_ID=500 -e CMD=cargo +stable build --frozen cargobomb`
blam! cd1c2fa11dbcd260bc2a444ee9885c05c24288c4f20b904d3b20bd4d79945050
boom! running `docker start -a cd1c2fa11dbcd260bc2a444ee9885c05c24288c4f20b904d3b20bd4d79945050`
kablam!    Compiling hyper v0.9.14
kablam!    Compiling rocket v0.1.6 (file:///source)
kablam! error[E0554]: #[feature] may not be used on the stable release channel
kablam!  --> src/lib.rs:1:1
kablam!   |
kablam! 1 | #![feature(specialization)]
kablam!   | ^^^^^^^^^^^^^^^^^^^^^^^^^^^
kablam! 
kablam! error[E0554]: #[feature] may not be used on the stable release channel
kablam!  --> src/lib.rs:2:1
kablam!   |
kablam! 2 | #![feature(conservative_impl_trait)]
kablam!   | ^^^^^^^^^^^^^^^^^^^^^^^^^^^^^^^^^^^^
kablam! 
kablam! error[E0554]: #[feature] may not be used on the stable release channel
kablam!  --> src/lib.rs:3:1
kablam!   |
kablam! 3 | #![feature(drop_types_in_const)]
kablam!   | ^^^^^^^^^^^^^^^^^^^^^^^^^^^^^^^^
kablam! 
kablam! error[E0554]: #[feature] may not be used on the stable release channel
kablam!  --> src/lib.rs:4:1
kablam!   |
kablam! 4 | #![feature(associated_consts)]
kablam!   | ^^^^^^^^^^^^^^^^^^^^^^^^^^^^^^
kablam! 
kablam! error[E0554]: #[feature] may not be used on the stable release channel
kablam!  --> src/lib.rs:5:1
kablam!   |
kablam! 5 | #![feature(const_fn)]
kablam!   | ^^^^^^^^^^^^^^^^^^^^^
kablam! 
kablam! error[E0554]: #[feature] may not be used on the stable release channel
kablam!  --> src/lib.rs:6:1
kablam!   |
kablam! 6 | #![feature(type_ascription)]
kablam!   | ^^^^^^^^^^^^^^^^^^^^^^^^^^^^
kablam! 
kablam! error: aborting due to 6 previous errors
kablam! 
kablam! error: Could not compile `rocket`.
kablam! 
kablam! To learn more, run the command again with --verbose.
boom! running `docker rm -f cd1c2fa11dbcd260bc2a444ee9885c05c24288c4f20b904d3b20bd4d79945050`
blam! cd1c2fa11dbcd260bc2a444ee9885c05c24288c4f20b904d3b20bd4d79945050
