boom! testing range_check-0.1.0 against stable for beta
boom! running: cargo +stable build --frozen
boom! creating container for: cargo +stable build --frozen
boom! running `docker create -v /home/ec2-user/cargobomb/./work/local/test-source/beta/stable:/source:ro -v /home/ec2-user/cargobomb/./work/local/cargo-home:/cargo-home:ro -v /home/ec2-user/cargobomb/./work/local/rustup-home:/rustup-home:ro -v /home/ec2-user/cargobomb/./work/local/target-dirs/beta/stable:/target:rw -e USER_ID=500 -e CMD=cargo +stable build --frozen cargobomb`
blam! 028bd0b223ca34657149ca6bc74cd17c47884a66b781703df42ec0436ab0e57f
boom! running `docker start -a 028bd0b223ca34657149ca6bc74cd17c47884a66b781703df42ec0436ab0e57f`
kablam!    Compiling range_check v0.1.0 (file:///source)
kablam!     Finished debug [unoptimized + debuginfo] target(s) in 0.59 secs
boom! running `docker rm -f 028bd0b223ca34657149ca6bc74cd17c47884a66b781703df42ec0436ab0e57f`
blam! 028bd0b223ca34657149ca6bc74cd17c47884a66b781703df42ec0436ab0e57f
boom! running: cargo +stable test --frozen --no-run
boom! creating container for: cargo +stable test --frozen --no-run
boom! running `docker create -v /home/ec2-user/cargobomb/./work/local/test-source/beta/stable:/source:ro -v /home/ec2-user/cargobomb/./work/local/cargo-home:/cargo-home:ro -v /home/ec2-user/cargobomb/./work/local/rustup-home:/rustup-home:ro -v /home/ec2-user/cargobomb/./work/local/target-dirs/beta/stable:/target:rw -e USER_ID=500 -e CMD=cargo +stable test --frozen --no-run cargobomb`
blam! 48c71afc31720b48035bb5861e2ffa0a137d79bdf5da5b6092046e78f82ca777
boom! running `docker start -a 48c71afc31720b48035bb5861e2ffa0a137d79bdf5da5b6092046e78f82ca777`
kablam!    Compiling range_check v0.1.0 (file:///source)
kablam! error: use of unstable library feature 'range_contains': recently added as per RFC (see issue #32311)
kablam!    --> src/lib.rs:173:24
kablam!     |
kablam! 173 |         assert!((1..5).contains(3));
kablam!     |                        ^^^^^^^^
kablam! 
kablam! error: use of unstable library feature 'range_contains': recently added as per RFC (see issue #32311)
kablam!    --> src/lib.rs:179:25
kablam!     |
kablam! 179 |         assert!(!(1..5).contains(&7));
kablam!     |                         ^^^^^^^^
kablam! 
kablam! error[E0308]: mismatched types
kablam!    --> src/lib.rs:179:34
kablam!     |
kablam! 179 |         assert!(!(1..5).contains(&7));
kablam!     |                                  ^^ expected integral variable, found &{integer}
kablam!     |
kablam!     = note: expected type `{integer}`
kablam!     = note:    found type `&{integer}`
kablam! 
kablam! error: use of unstable library feature 'range_contains': recently added as per RFC (see issue #32311)
kablam!    --> src/lib.rs:185:23
kablam!     |
kablam! 185 |         assert!((1..).contains(&3));
kablam!     |                       ^^^^^^^^
kablam! 
kablam! error[E0308]: mismatched types
kablam!    --> src/lib.rs:185:32
kablam!     |
kablam! 185 |         assert!((1..).contains(&3));
kablam!     |                                ^^ expected integral variable, found &{integer}
kablam!     |
kablam!     = note: expected type `{integer}`
kablam!     = note:    found type `&{integer}`
kablam! 
kablam! error: use of unstable library feature 'range_contains': recently added as per RFC (see issue #32311)
kablam!    --> src/lib.rs:191:24
kablam!     |
kablam! 191 |         assert!(!(1..).contains(&-7));
kablam!     |                        ^^^^^^^^
kablam! 
kablam! error[E0308]: mismatched types
kablam!    --> src/lib.rs:191:33
kablam!     |
kablam! 191 |         assert!(!(1..).contains(&-7));
kablam!     |                                 ^^^ expected integral variable, found &{integer}
kablam!     |
kablam!     = note: expected type `{integer}`
kablam!     = note:    found type `&{integer}`
kablam! 
kablam! error: use of unstable library feature 'range_contains': recently added as per RFC (see issue #32311)
kablam!    --> src/lib.rs:197:23
kablam!     |
kablam! 197 |         assert!((..5).contains(&3));
kablam!     |                       ^^^^^^^^
kablam! 
kablam! error[E0308]: mismatched types
kablam!    --> src/lib.rs:197:32
kablam!     |
kablam! 197 |         assert!((..5).contains(&3));
kablam!     |                                ^^ expected integral variable, found &{integer}
kablam!     |
kablam!     = note: expected type `{integer}`
kablam!     = note:    found type `&{integer}`
kablam! 
kablam! error: use of unstable library feature 'range_contains': recently added as per RFC (see issue #32311)
kablam!    --> src/lib.rs:203:24
kablam!     |
kablam! 203 |         assert!(!(..5).contains(&7));
kablam!     |                        ^^^^^^^^
kablam! 
kablam! error[E0308]: mismatched types
kablam!    --> src/lib.rs:203:33
kablam!     |
kablam! 203 |         assert!(!(..5).contains(&7));
kablam!     |                                 ^^ expected integral variable, found &{integer}
kablam!     |
kablam!     = note: expected type `{integer}`
kablam!     = note:    found type `&{integer}`
kablam! 
kablam! error: aborting due to 11 previous errors
kablam! 
kablam! error: Could not compile `range_check`.
kablam! 
kablam! To learn more, run the command again with --verbose.
boom! running `docker rm -f 48c71afc31720b48035bb5861e2ffa0a137d79bdf5da5b6092046e78f82ca777`
blam! 48c71afc31720b48035bb5861e2ffa0a137d79bdf5da5b6092046e78f82ca777
boom! running: cargo +stable test --frozen
boom! creating container for: cargo +stable test --frozen
boom! running `docker create -v /home/ec2-user/cargobomb/./work/local/test-source/beta/stable:/source:ro -v /home/ec2-user/cargobomb/./work/local/cargo-home:/cargo-home:ro -v /home/ec2-user/cargobomb/./work/local/rustup-home:/rustup-home:ro -v /home/ec2-user/cargobomb/./work/local/target-dirs/beta/stable:/target:rw -e USER_ID=500 -e CMD=cargo +stable test --frozen cargobomb`
blam! 970207a47f7dbb61b313954f73674b5d67b67e78f1f02f66a8ce873212c1380a
boom! running `docker start -a 970207a47f7dbb61b313954f73674b5d67b67e78f1f02f66a8ce873212c1380a`
kablam!    Compiling range_check v0.1.0 (file:///source)
kablam! error: use of unstable library feature 'range_contains': recently added as per RFC (see issue #32311)
kablam!    --> src/lib.rs:173:24
kablam!     |
kablam! 173 |         assert!((1..5).contains(3));
kablam!     |                        ^^^^^^^^
kablam! 
kablam! error: use of unstable library feature 'range_contains': recently added as per RFC (see issue #32311)
kablam!    --> src/lib.rs:179:25
kablam!     |
kablam! 179 |         assert!(!(1..5).contains(&7));
kablam!     |                         ^^^^^^^^
kablam! 
kablam! error[E0308]: mismatched types
kablam!    --> src/lib.rs:179:34
kablam!     |
kablam! 179 |         assert!(!(1..5).contains(&7));
kablam!     |                                  ^^ expected integral variable, found &{integer}
kablam!     |
kablam!     = note: expected type `{integer}`
kablam!     = note:    found type `&{integer}`
kablam! 
kablam! error: use of unstable library feature 'range_contains': recently added as per RFC (see issue #32311)
kablam!    --> src/lib.rs:185:23
kablam!     |
kablam! 185 |         assert!((1..).contains(&3));
kablam!     |                       ^^^^^^^^
kablam! 
kablam! error[E0308]: mismatched types
kablam!    --> src/lib.rs:185:32
kablam!     |
kablam! 185 |         assert!((1..).contains(&3));
kablam!     |                                ^^ expected integral variable, found &{integer}
kablam!     |
kablam!     = note: expected type `{integer}`
kablam!     = note:    found type `&{integer}`
kablam! 
kablam! error: use of unstable library feature 'range_contains': recently added as per RFC (see issue #32311)
kablam!    --> src/lib.rs:191:24
kablam!     |
kablam! 191 |         assert!(!(1..).contains(&-7));
kablam!     |                        ^^^^^^^^
kablam! 
kablam! error[E0308]: mismatched types
kablam!    --> src/lib.rs:191:33
kablam!     |
kablam! 191 |         assert!(!(1..).contains(&-7));
kablam!     |                                 ^^^ expected integral variable, found &{integer}
kablam!     |
kablam!     = note: expected type `{integer}`
kablam!     = note:    found type `&{integer}`
kablam! 
kablam! error: use of unstable library feature 'range_contains': recently added as per RFC (see issue #32311)
kablam!    --> src/lib.rs:197:23
kablam!     |
kablam! 197 |         assert!((..5).contains(&3));
kablam!     |                       ^^^^^^^^
kablam! 
kablam! error[E0308]: mismatched types
kablam!    --> src/lib.rs:197:32
kablam!     |
kablam! 197 |         assert!((..5).contains(&3));
kablam!     |                                ^^ expected integral variable, found &{integer}
kablam!     |
kablam!     = note: expected type `{integer}`
kablam!     = note:    found type `&{integer}`
kablam! 
kablam! error: use of unstable library feature 'range_contains': recently added as per RFC (see issue #32311)
kablam!    --> src/lib.rs:203:24
kablam!     |
kablam! 203 |         assert!(!(..5).contains(&7));
kablam!     |                        ^^^^^^^^
kablam! 
kablam! error[E0308]: mismatched types
kablam!    --> src/lib.rs:203:33
kablam!     |
kablam! 203 |         assert!(!(..5).contains(&7));
kablam!     |                                 ^^ expected integral variable, found &{integer}
kablam!     |
kablam!     = note: expected type `{integer}`
kablam!     = note:    found type `&{integer}`
kablam! 
kablam! error: aborting due to 11 previous errors
kablam! 
kablam! error: Could not compile `range_check`.
kablam! 
kablam! To learn more, run the command again with --verbose.
boom! running `docker rm -f 970207a47f7dbb61b313954f73674b5d67b67e78f1f02f66a8ce873212c1380a`
blam! 970207a47f7dbb61b313954f73674b5d67b67e78f1f02f66a8ce873212c1380a
