boom! testing lz4-1.20.0 against nightly for nightly
boom! running: cargo +nightly build --frozen
boom! creating container for: cargo +nightly build --frozen
boom! running `docker create -v /home/ec2-user/cargobomb/./work/local/test-source/nightly/nightly:/source:ro -v /home/ec2-user/cargobomb/./work/local/cargo-home:/cargo-home:ro -v /home/ec2-user/cargobomb/./work/local/rustup-home:/rustup-home:ro -v /home/ec2-user/cargobomb/./work/local/target-dirs/nightly/nightly:/target:rw -e USER_ID=500 -e CMD=cargo +nightly build --frozen cargobomb`
blam! 218909fd4978f12bf0dfe33a48d6377067dd8dd7d12999285a855e56721d6758
boom! running `docker start -a 218909fd4978f12bf0dfe33a48d6377067dd8dd7d12999285a855e56721d6758`
kablam!    Compiling lz4 v1.20.0 (file:///source)
kablam!     Finished dev [unoptimized + debuginfo] target(s) in 2.77 secs
boom! running `docker rm -f 218909fd4978f12bf0dfe33a48d6377067dd8dd7d12999285a855e56721d6758`
blam! 218909fd4978f12bf0dfe33a48d6377067dd8dd7d12999285a855e56721d6758
boom! running: cargo +nightly test --frozen --no-run
boom! creating container for: cargo +nightly test --frozen --no-run
boom! running `docker create -v /home/ec2-user/cargobomb/./work/local/test-source/nightly/nightly:/source:ro -v /home/ec2-user/cargobomb/./work/local/cargo-home:/cargo-home:ro -v /home/ec2-user/cargobomb/./work/local/rustup-home:/rustup-home:ro -v /home/ec2-user/cargobomb/./work/local/target-dirs/nightly/nightly:/target:rw -e USER_ID=500 -e CMD=cargo +nightly test --frozen --no-run cargobomb`
blam! 8397b10e4e420460792c1085b1f68a2fdc3f3a91b10a370b7f407e4de06de739
boom! running `docker start -a 8397b10e4e420460792c1085b1f68a2fdc3f3a91b10a370b7f407e4de06de739`
kablam!    Compiling lz4 v1.20.0 (file:///source)
kablam!     Finished dev [unoptimized + debuginfo] target(s) in 1.68 secs
boom! running `docker rm -f 8397b10e4e420460792c1085b1f68a2fdc3f3a91b10a370b7f407e4de06de739`
blam! 8397b10e4e420460792c1085b1f68a2fdc3f3a91b10a370b7f407e4de06de739
boom! running: cargo +nightly test --frozen
boom! creating container for: cargo +nightly test --frozen
boom! running `docker create -v /home/ec2-user/cargobomb/./work/local/test-source/nightly/nightly:/source:ro -v /home/ec2-user/cargobomb/./work/local/cargo-home:/cargo-home:ro -v /home/ec2-user/cargobomb/./work/local/rustup-home:/rustup-home:ro -v /home/ec2-user/cargobomb/./work/local/target-dirs/nightly/nightly:/target:rw -e USER_ID=500 -e CMD=cargo +nightly test --frozen cargobomb`
blam! 34f0d8bb93a3ed39a025366dbff427363ea207e9373d29285ab97d549c039905
boom! running `docker start -a 34f0d8bb93a3ed39a025366dbff427363ea207e9373d29285ab97d549c039905`
kablam!     Finished dev [unoptimized + debuginfo] target(s) in 0.0 secs
kablam!      Running /target/debug/deps/lz4-d06ca48bc182cf0c
blam! 
blam! running 9 tests
blam! test decoder::test::test_decoder_smoke ... ok
blam! test decoder::test::test_decoder_empty ... ok
blam! test decoder::test::test_decoder_send ... ok
blam! test encoder::test::test_encoder_send ... ok
blam! test decoder::test::test_decoder_random ... ok
blam! test decoder::test::test_retry_read ... ok
blam! test encoder::test::test_encoder_smoke ... ok
blam! test liblz4::test_version_number ... ok
blam! test encoder::test::test_encoder_random ... ok
blam! 
blam! test result: ok. 9 passed; 0 failed; 0 ignored; 0 measured
blam! 
kablam!      Running /target/debug/deps/skeptic-d9268b335c188c3c
blam! 
blam! running 1 test
kablam! error[E0464]: multiple matching crates for `lz4`
kablam!  --> /tmp/rust-skeptic.xs3bgZMvjfbD/test.rs:1:1
kablam!   |
kablam! 1 | extern crate lz4;
kablam!   | ^^^^^^^^^^^^^^^^^
kablam!   |
kablam!   = note: candidates:
kablam!   = note: path: /target/debug/deps/liblz4-799aedb4c2709246.rlib
kablam!   = note: crate name: lz4
kablam!   = note: path: /target/debug/deps/liblz4-8a9f3b9fa9d21ec3.rlib
kablam!   = note: crate name: lz4
kablam! 
kablam! error[E0463]: can't find crate for `lz4`
kablam!  --> /tmp/rust-skeptic.xs3bgZMvjfbD/test.rs:1:1
kablam!   |
kablam! 1 | extern crate lz4;
kablam!   | ^^^^^^^^^^^^^^^^^ can't find crate
kablam! 
kablam! error: aborting due to 2 previous errors
kablam! 
blam! test readme_0 ... FAILED
blam! 
blam! failures:
blam! 
blam! ---- readme_0 stdout ----
blam! 	thread 'readme_0' panicked at 'command `compile` failed', /cargo-home/registry/src/github.com-1ecc6299db9ec823/skeptic-0.6.1/lib.rs:391
blam! note: Run with `RUST_BACKTRACE=1` for a backtrace.
blam! 
blam! 
blam! failures:
blam!     readme_0
blam! 
blam! test result: FAILED. 0 passed; 1 failed; 0 ignored; 0 measured
blam! 
kablam! error: test failed
boom! running `docker rm -f 34f0d8bb93a3ed39a025366dbff427363ea207e9373d29285ab97d549c039905`
blam! 34f0d8bb93a3ed39a025366dbff427363ea207e9373d29285ab97d549c039905
