boom! testing glop-0.1.4 against stable for nightly
boom! running: cargo +stable build --frozen
boom! creating container for: cargo +stable build --frozen
boom! running `docker create -v /home/ec2-user/cargobomb/./work/local/test-source/nightly/stable:/source:ro -v /home/ec2-user/cargobomb/./work/local/cargo-home:/cargo-home:ro -v /home/ec2-user/cargobomb/./work/local/rustup-home:/rustup-home:ro -v /home/ec2-user/cargobomb/./work/local/target-dirs/nightly/stable:/target:rw -e USER_ID=500 -e CMD=cargo +stable build --frozen cargobomb`
blam! d4e48c771716cb75f057662f8b4abb0eaf5cbaa7e2b9d41aec4d00841162525f
boom! running `docker start -a d4e48c771716cb75f057662f8b4abb0eaf5cbaa7e2b9d41aec4d00841162525f`
kablam!    Compiling smallvec v0.2.1
kablam!    Compiling peg v0.4.0
kablam!    Compiling tokio-service v0.1.0
kablam!    Compiling futures-cpupool v0.1.2
kablam!    Compiling take v0.1.0
kablam!    Compiling mio-uds v0.6.2
kablam!    Compiling tokio-proto v0.1.0
kablam!    Compiling tokio-signal v0.1.2
kablam!    Compiling tokio-process v0.1.2
kablam!    Compiling glop v0.1.4 (file:///source)
kablam!     Finished debug [unoptimized + debuginfo] target(s) in 28.49 secs
boom! running `docker rm -f d4e48c771716cb75f057662f8b4abb0eaf5cbaa7e2b9d41aec4d00841162525f`
blam! d4e48c771716cb75f057662f8b4abb0eaf5cbaa7e2b9d41aec4d00841162525f
boom! running: cargo +stable test --frozen --no-run
boom! creating container for: cargo +stable test --frozen --no-run
boom! running `docker create -v /home/ec2-user/cargobomb/./work/local/test-source/nightly/stable:/source:ro -v /home/ec2-user/cargobomb/./work/local/cargo-home:/cargo-home:ro -v /home/ec2-user/cargobomb/./work/local/rustup-home:/rustup-home:ro -v /home/ec2-user/cargobomb/./work/local/target-dirs/nightly/stable:/target:rw -e USER_ID=500 -e CMD=cargo +stable test --frozen --no-run cargobomb`
blam! b2894f29bf6124190daf5b0e1705ac2c9378b47b0fae011952e5b348ef63d950
boom! running `docker start -a b2894f29bf6124190daf5b0e1705ac2c9378b47b0fae011952e5b348ef63d950`
kablam!    Compiling glop v0.1.4 (file:///source)
kablam!     Finished debug [unoptimized + debuginfo] target(s) in 18.45 secs
boom! running `docker rm -f b2894f29bf6124190daf5b0e1705ac2c9378b47b0fae011952e5b348ef63d950`
blam! b2894f29bf6124190daf5b0e1705ac2c9378b47b0fae011952e5b348ef63d950
boom! running: cargo +stable test --frozen
boom! creating container for: cargo +stable test --frozen
boom! running `docker create -v /home/ec2-user/cargobomb/./work/local/test-source/nightly/stable:/source:ro -v /home/ec2-user/cargobomb/./work/local/cargo-home:/cargo-home:ro -v /home/ec2-user/cargobomb/./work/local/rustup-home:/rustup-home:ro -v /home/ec2-user/cargobomb/./work/local/target-dirs/nightly/stable:/target:rw -e USER_ID=500 -e CMD=cargo +stable test --frozen cargobomb`
blam! 61b709dcaebf000d21302af2d091b91476f3bca5e9846c289643724f67c80847
boom! running `docker start -a 61b709dcaebf000d21302af2d091b91476f3bca5e9846c289643724f67c80847`
blam! 
blam! running 28 tests
kablam!     Finished debug [unoptimized + debuginfo] target(s) in 0.0 secs
kablam!      Running /target/debug/deps/glop-81995be724f15c31
kablam! error: test failed
blam! test test_grammar::err_empty ... ok
blam! test test_grammar::err_empty_conditions ... ok
blam! test test_runtime::match_equal ... ok
blam! test test_grammar::err_empty_actions ... ok
blam! test test_runtime::match_is_set ... ok
blam! test test_runtime::match_not_equal ... ok
blam! test test_runtime::matched_two_messages ... ok
blam! test test_grammar::round_trip_simple ... ok
blam! test test_runtime::simple_commit_progression ... ok
blam! test test_runtime::matched_init_message ... ok
blam! test test_runtime::unmatched_init_empty_state ... ok
blam! test test_runtime::matched_only_init_message ... ok
blam! test test_script::env_check_script_ok ... ok
blam! test test_script::script_server_access_msg ... FAILED
blam! test test_script::simple_script ... FAILED
blam! test test_value::get_l1_value_exist ... ok
blam! test test_script::hello_script_server ... FAILED
blam! test test_script::simple_script_err ... FAILED
blam! test test_value::get_l1_value_not_exist ... ok
blam! test test_value::get_l2_value_exist ... ok
blam! test test_value::get_ln_value_not_exist ... ok
blam! test test_value::set_change_flatten_value_exist ... ok
blam! test test_value::set_change_value_exist ... ok
blam! test test_value::unset_parent_exist ... ok
blam! test test_value::set_change_extrude_value_exist ... ok
blam! test test_value::test_to_env ... ok
blam! test test_value::unset_value_exist ... ok
blam! test test_value::unset_value_not_exist ... ok
blam! 
blam! failures:
blam! 
blam! ---- test_script::script_server_access_msg stdout ----
blam! 	stderr: /tmp/XYWjWAAAAADWRF4495rMG9vD-1_ZZ7d5: line 12: warning: here-document at line 10 delimited by end-of-file (wanted `EOF')
blam! /tmp/XYWjWAAAAADWRF4495rMG9vD-1_ZZ7d5: line 9: nc: command not found
blam! thread 'test_script::script_server_access_msg' panicked at 'called `Result::unwrap()` on an `Err` value: Exec(127, "/tmp/XYWjWAAAAADWRF4495rMG9vD-1_ZZ7d5: line 12: warning: here-document at line 10 delimited by end-of-file (wanted `EOF\')\n/tmp/XYWjWAAAAADWRF4495rMG9vD-1_ZZ7d5: line 9: nc: command not found\n")', /buildslave/rust-buildbot/slave/stable-dist-rustc-linux/build/src/libcore/result.rs:837
blam! note: Run with `RUST_BACKTRACE=1` for a backtrace.
blam! 
blam! ---- test_script::simple_script stdout ----
blam! 	thread 'test_script::simple_script' panicked at 'called `Result::unwrap()` on an `Err` value: "PoisonError { inner: .. }"', /buildslave/rust-buildbot/slave/stable-dist-rustc-linux/build/src/libcore/result.rs:837
blam! 
blam! ---- test_script::hello_script_server stdout ----
blam! 	thread 'test_script::hello_script_server' panicked at 'called `Result::unwrap()` on an `Err` value: "PoisonError { inner: .. }"', /buildslave/rust-buildbot/slave/stable-dist-rustc-linux/build/src/libcore/result.rs:837
blam! 
blam! ---- test_script::simple_script_err stdout ----
blam! 	thread 'test_script::simple_script_err' panicked at 'called `Result::unwrap()` on an `Err` value: "PoisonError { inner: .. }"', /buildslave/rust-buildbot/slave/stable-dist-rustc-linux/build/src/libcore/result.rs:837
blam! 
blam! 
blam! failures:
blam!     test_script::hello_script_server
blam!     test_script::script_server_access_msg
blam!     test_script::simple_script
blam!     test_script::simple_script_err
blam! 
blam! test result: FAILED. 24 passed; 4 failed; 0 ignored; 0 measured
blam! 
boom! running `docker rm -f 61b709dcaebf000d21302af2d091b91476f3bca5e9846c289643724f67c80847`
blam! 61b709dcaebf000d21302af2d091b91476f3bca5e9846c289643724f67c80847
