boom! testing https://github.com/Sloth6/fastaq_ngrams#a3ba5361c8320b635d19769cea948b117a0beb56 against beta for beta
boom! running: cargo +beta build --frozen
boom! creating container for: cargo +beta build --frozen
boom! running `docker create -v /home/ec2-user/cargobomb/./work/local/test-source/beta/beta:/source:ro -v /home/ec2-user/cargobomb/./work/local/cargo-home:/cargo-home:ro -v /home/ec2-user/cargobomb/./work/local/rustup-home:/rustup-home:ro -v /home/ec2-user/cargobomb/./work/local/target-dirs/beta/beta:/target:rw -e USER_ID=500 -e CMD=cargo +beta build --frozen cargobomb`
blam! 09da8c4ca0809b5b381dba0c4ec97a6af41b7e2987bf8d703f7500d611c05a6a
boom! running `docker start -a 09da8c4ca0809b5b381dba0c4ec97a6af41b7e2987bf8d703f7500d611c05a6a`
kablam!    Compiling seq_cluster v0.0.1 (file:///source)
kablam! error[E0432]: unresolved import `std::old_io::File`
kablam!  --> src/main.rs:2:5
kablam!   |
kablam! 2 | use std::old_io::File;
kablam!   |     ^^^^^^^^^^^^^^^^^ Could not find `old_io` in `std`
kablam! 
kablam! error[E0432]: unresolved import `std::old_io::BufferedReader`
kablam!  --> src/main.rs:4:5
kablam!   |
kablam! 4 | use std::old_io::BufferedReader;
kablam!   |     ^^^^^^^^^^^^^^^^^^^^^^^^^^^ Could not find `old_io` in `std`
kablam! 
kablam! error[E0433]: failed to resolve. Use of undeclared type or module `Path`
kablam!   --> src/main.rs:52:14
kablam!    |
kablam! 52 |   let path = Path::new(path);
kablam!    |              ^^^^^^^^^ Use of undeclared type or module `Path`
kablam! 
kablam! error[E0425]: cannot find function `range` in this scope
kablam!    --> src/main.rs:103:14
kablam!     |
kablam! 103 |     for i in range(0, (*record).seq.len() - k +1) {
kablam!     |              ^^^^^ not found in this scope
kablam! 
kablam! error[E0425]: cannot find function `range` in this scope
kablam!    --> src/main.rs:105:16
kablam!     |
kablam! 105 |       for j in range(i, i+k) {
kablam!     |                ^^^^^ not found in this scope
kablam! 
kablam! error[E0554]: #[feature] may not be used on the beta release channel
kablam!  --> src/main.rs:1:1
kablam!   |
kablam! 1 | #![feature(collections,path,io,core)]
kablam!   | ^^^^^^^^^^^^^^^^^^^^^^^^^^^^^^^^^^^^^
kablam! 
kablam! error: aborting due to previous error
kablam! 
kablam! error: Could not compile `seq_cluster`.
kablam! 
kablam! To learn more, run the command again with --verbose.
boom! running `docker rm -f 09da8c4ca0809b5b381dba0c4ec97a6af41b7e2987bf8d703f7500d611c05a6a`
blam! 09da8c4ca0809b5b381dba0c4ec97a6af41b7e2987bf8d703f7500d611c05a6a
