boom! testing grow-0.0.0 against nightly for nightly
boom! running: cargo +nightly build --frozen
boom! creating container for: cargo +nightly build --frozen
boom! running `docker create -v /home/ec2-user/cargobomb/./work/local/test-source/nightly/nightly:/source:ro -v /home/ec2-user/cargobomb/./work/local/cargo-home:/cargo-home:ro -v /home/ec2-user/cargobomb/./work/local/rustup-home:/rustup-home:ro -v /home/ec2-user/cargobomb/./work/local/target-dirs/nightly/nightly:/target:rw -e USER_ID=500 -e CMD=cargo +nightly build --frozen cargobomb`
blam! fb5a4f0b00977a01e11763bf3bdeba1694524a89f571704338092cff2652ba55
boom! running `docker start -a fb5a4f0b00977a01e11763bf3bdeba1694524a89f571704338092cff2652ba55`
kablam!    Compiling grow v0.0.0 (file:///source)
kablam! error[E0557]: feature has been removed
kablam!  --> src/lib.rs:2:12
kablam!   |
kablam! 2 | #![feature(unsafe_no_drop_flag, filling_drop)]
kablam!   |            ^^^^^^^^^^^^^^^^^^^
kablam! 
kablam! error[E0425]: cannot find value `POST_DROP_USIZE` in module `mem`
kablam!    --> src/lib.rs:137:52
kablam!     |
kablam! 137 |         if self._capacity > 0 && self._capacity != mem::POST_DROP_USIZE {
kablam!     |                                                    ^^^^^^^^^^^^^^^^^^^^ not found in `mem`
kablam! 
kablam! error: The attribute `unsafe_no_drop_flag` is currently unknown to the compiler and may have meaning added to it in the future (see issue #29642)
kablam!   --> src/lib.rs:11:1
kablam!    |
kablam! 11 | #[unsafe_no_drop_flag]
kablam!    | ^^^^^^^^^^^^^^^^^^^^^^
kablam!    |
kablam!    = help: add #![feature(custom_attribute)] to the crate attributes to enable
kablam! 
kablam! error: aborting due to previous error
kablam! 
kablam! error: Could not compile `grow`.
kablam! 
kablam! To learn more, run the command again with --verbose.
boom! running `docker rm -f fb5a4f0b00977a01e11763bf3bdeba1694524a89f571704338092cff2652ba55`
blam! fb5a4f0b00977a01e11763bf3bdeba1694524a89f571704338092cff2652ba55
