boom! testing svgparser-0.1.0 against nightly for nightly
boom! running: cargo +nightly build --frozen
boom! creating container for: cargo +nightly build --frozen
boom! running `docker create -v /home/ec2-user/cargobomb/./work/local/test-source/nightly/nightly:/source:ro -v /home/ec2-user/cargobomb/./work/local/cargo-home:/cargo-home:ro -v /home/ec2-user/cargobomb/./work/local/rustup-home:/rustup-home:ro -v /home/ec2-user/cargobomb/./work/local/target-dirs/nightly/nightly:/target:rw -e USER_ID=500 -e CMD=cargo +nightly build --frozen cargobomb`
blam! 363a5872ea6d2b0c8bc29a7823158f7957c178330a775d74537a75d99f074b5e
boom! running `docker start -a 363a5872ea6d2b0c8bc29a7823158f7957c178330a775d74537a75d99f074b5e`
kablam!    Compiling svgparser v0.1.0 (file:///source)
kablam!     Finished dev [unoptimized + debuginfo] target(s) in 3.43 secs
boom! running `docker rm -f 363a5872ea6d2b0c8bc29a7823158f7957c178330a775d74537a75d99f074b5e`
blam! 363a5872ea6d2b0c8bc29a7823158f7957c178330a775d74537a75d99f074b5e
boom! running: cargo +nightly test --frozen --no-run
boom! creating container for: cargo +nightly test --frozen --no-run
boom! running `docker create -v /home/ec2-user/cargobomb/./work/local/test-source/nightly/nightly:/source:ro -v /home/ec2-user/cargobomb/./work/local/cargo-home:/cargo-home:ro -v /home/ec2-user/cargobomb/./work/local/rustup-home:/rustup-home:ro -v /home/ec2-user/cargobomb/./work/local/target-dirs/nightly/nightly:/target:rw -e USER_ID=500 -e CMD=cargo +nightly test --frozen --no-run cargobomb`
blam! 642a3d3ffe34953e83968766dd55095b109a8d83406dfd48c87394f7def62d72
boom! running `docker start -a 642a3d3ffe34953e83968766dd55095b109a8d83406dfd48c87394f7def62d72`
kablam!    Compiling svgparser v0.1.0 (file:///source)
kablam!     Finished dev [unoptimized + debuginfo] target(s) in 8.6 secs
boom! running `docker rm -f 642a3d3ffe34953e83968766dd55095b109a8d83406dfd48c87394f7def62d72`
blam! 642a3d3ffe34953e83968766dd55095b109a8d83406dfd48c87394f7def62d72
boom! running: cargo +nightly test --frozen
boom! creating container for: cargo +nightly test --frozen
boom! running `docker create -v /home/ec2-user/cargobomb/./work/local/test-source/nightly/nightly:/source:ro -v /home/ec2-user/cargobomb/./work/local/cargo-home:/cargo-home:ro -v /home/ec2-user/cargobomb/./work/local/rustup-home:/rustup-home:ro -v /home/ec2-user/cargobomb/./work/local/target-dirs/nightly/nightly:/target:rw -e USER_ID=500 -e CMD=cargo +nightly test --frozen cargobomb`
blam! d1025a421d395863c48959125f54fc77d35665c840e98470e8864e43b95f9a07
boom! running `docker start -a d1025a421d395863c48959125f54fc77d35665c840e98470e8864e43b95f9a07`
kablam!     Finished dev [unoptimized + debuginfo] target(s) in 0.0 secs
kablam!      Running /target/debug/deps/attribute_value-fa8d8fee4dc71248
blam! 
blam! running 14 tests
blam! test eb_1 ... ok
blam! test empty_2 ... ok
blam! test empty_1 ... ok
blam! test paint_2 ... FAILED
blam! test paint_3 ... FAILED
blam! test paint_1 ... FAILED
blam! test paint_4 ... FAILED
blam! test paint_7 ... FAILED
blam! test paint_6 ... FAILED
blam! test paint_5 ... ok
blam! test paint_8 ... FAILED
blam! test ref_1 ... ok
blam! test paint_err_1 ... ok
blam! test unicode_1 ... ok
blam! 
blam! failures:
kablam! error: test failed
blam! 
blam! ---- paint_2 stdout ----
blam! 	thread 'paint_2' panicked at 'called `Result::unwrap()` on an `Err` value: Invalid color at 1:1', /buildslave/rust-buildbot/slave/nightly-dist-rustc-linux/build/src/libcore/result.rs:870
blam! note: Run with `RUST_BACKTRACE=1` for a backtrace.
blam! 
blam! ---- paint_3 stdout ----
blam! 	thread 'paint_3' panicked at 'called `Result::unwrap()` on an `Err` value: Invalid color at 1:1', /buildslave/rust-buildbot/slave/nightly-dist-rustc-linux/build/src/libcore/result.rs:870
blam! 
blam! ---- paint_1 stdout ----
blam! 	thread 'paint_1' panicked at 'called `Result::unwrap()` on an `Err` value: Invalid color at 1:1', /buildslave/rust-buildbot/slave/nightly-dist-rustc-linux/build/src/libcore/result.rs:870
blam! 
blam! ---- paint_4 stdout ----
blam! 	thread 'paint_4' panicked at 'called `Result::unwrap()` on an `Err` value: Invalid color at 1:1', /buildslave/rust-buildbot/slave/nightly-dist-rustc-linux/build/src/libcore/result.rs:870
blam! 
blam! ---- paint_7 stdout ----
blam! 	thread 'paint_7' panicked at 'called `Result::unwrap()` on an `Err` value: Invalid color at 1:12', /buildslave/rust-buildbot/slave/nightly-dist-rustc-linux/build/src/libcore/result.rs:870
blam! 
blam! ---- paint_6 stdout ----
blam! 	thread 'paint_6' panicked at 'called `Result::unwrap()` on an `Err` value: Invalid color at 1:12', /buildslave/rust-buildbot/slave/nightly-dist-rustc-linux/build/src/libcore/result.rs:870
blam! 
blam! ---- paint_8 stdout ----
blam! 	thread 'paint_8' panicked at 'called `Result::unwrap()` on an `Err` value: Invalid color at 1:12', /buildslave/rust-buildbot/slave/nightly-dist-rustc-linux/build/src/libcore/result.rs:870
blam! 
blam! 
blam! failures:
blam!     paint_1
blam!     paint_2
blam!     paint_3
blam!     paint_4
blam!     paint_6
blam!     paint_7
blam!     paint_8
blam! 
blam! test result: FAILED. 7 passed; 7 failed; 0 ignored; 0 measured
blam! 
boom! running `docker rm -f d1025a421d395863c48959125f54fc77d35665c840e98470e8864e43b95f9a07`
blam! d1025a421d395863c48959125f54fc77d35665c840e98470e8864e43b95f9a07
