boom! testing assert_cli-0.3.0 against nightly for nightly
boom! running: cargo +nightly build --frozen
boom! creating container for: cargo +nightly build --frozen
boom! running `docker create -v /home/ec2-user/cargobomb/./work/local/test-source/nightly/nightly:/source:ro -v /home/ec2-user/cargobomb/./work/local/cargo-home:/cargo-home:ro -v /home/ec2-user/cargobomb/./work/local/rustup-home:/rustup-home:ro -v /home/ec2-user/cargobomb/./work/local/target-dirs/nightly/nightly:/target:rw -e USER_ID=500 -e CMD=cargo +nightly build --frozen cargobomb`
blam! 634a25b3b1b84e0568c3c6318b291d235498f4a772251976fa429072ec2cd17b
boom! running `docker start -a 634a25b3b1b84e0568c3c6318b291d235498f4a772251976fa429072ec2cd17b`
kablam!    Compiling pulldown-cmark v0.0.3
kablam!    Compiling skeptic v0.5.0
kablam!    Compiling assert_cli v0.3.0 (file:///source)
kablam!     Finished dev [unoptimized + debuginfo] target(s) in 6.86 secs
boom! running `docker rm -f 634a25b3b1b84e0568c3c6318b291d235498f4a772251976fa429072ec2cd17b`
blam! 634a25b3b1b84e0568c3c6318b291d235498f4a772251976fa429072ec2cd17b
boom! running: cargo +nightly test --frozen --no-run
boom! creating container for: cargo +nightly test --frozen --no-run
boom! running `docker create -v /home/ec2-user/cargobomb/./work/local/test-source/nightly/nightly:/source:ro -v /home/ec2-user/cargobomb/./work/local/cargo-home:/cargo-home:ro -v /home/ec2-user/cargobomb/./work/local/rustup-home:/rustup-home:ro -v /home/ec2-user/cargobomb/./work/local/target-dirs/nightly/nightly:/target:rw -e USER_ID=500 -e CMD=cargo +nightly test --frozen --no-run cargobomb`
blam! fc4ae8f4447484495c9efc0b0aadda35cb5dddefaf967037e31a3f674ad56f2c
boom! running `docker start -a fc4ae8f4447484495c9efc0b0aadda35cb5dddefaf967037e31a3f674ad56f2c`
kablam!    Compiling assert_cli v0.3.0 (file:///source)
kablam!     Finished dev [unoptimized + debuginfo] target(s) in 1.49 secs
boom! running `docker rm -f fc4ae8f4447484495c9efc0b0aadda35cb5dddefaf967037e31a3f674ad56f2c`
blam! fc4ae8f4447484495c9efc0b0aadda35cb5dddefaf967037e31a3f674ad56f2c
boom! running: cargo +nightly test --frozen
boom! creating container for: cargo +nightly test --frozen
boom! running `docker create -v /home/ec2-user/cargobomb/./work/local/test-source/nightly/nightly:/source:ro -v /home/ec2-user/cargobomb/./work/local/cargo-home:/cargo-home:ro -v /home/ec2-user/cargobomb/./work/local/rustup-home:/rustup-home:ro -v /home/ec2-user/cargobomb/./work/local/target-dirs/nightly/nightly:/target:rw -e USER_ID=500 -e CMD=cargo +nightly test --frozen cargobomb`
blam! bae689e5ccb9256eeabd7d17a0c0e26219044a87323e1a136f2564da35f6214d
boom! running `docker start -a bae689e5ccb9256eeabd7d17a0c0e26219044a87323e1a136f2564da35f6214d`
kablam!     Finished dev [unoptimized + debuginfo] target(s) in 0.0 secs
kablam!      Running /target/debug/deps/assert_cli-e6e4283077d0328c
blam! 
blam! running 2 tests
blam! test diff::tests::basic_diff ... ok
blam! test diff::tests::multiline_diff ... ok
blam! 
blam! test result: ok. 2 passed; 0 failed; 0 ignored; 0 measured
blam! 
kablam!      Running /target/debug/deps/macro-a8659ca31402fe3b
blam! 
blam! running 2 tests
blam! test assert_success ... ok
blam! test assert_failure ... ok
blam! 
blam! test result: ok. 2 passed; 0 failed; 0 ignored; 0 measured
blam! 
kablam!      Running /target/debug/deps/skeptic-2e0a24b283ee13a0
blam! 
blam! running 5 tests
blam! test readme_1 ... ignored
kablam! error[E0464]: multiple matching crates for `assert_cli`
kablam!  --> /tmp/rust-skeptic.DwV9XZVVoKfR/test.rs:1:14
kablam!   |
kablam! 1 | #[macro_use] extern crate assert_cli;
kablam!   |              ^^^^^^^^^^^^^^^^^^^^^^^^
kablam!   |
kablam!   = note: candidates:
kablam!   = note: path: /target/debug/deps/libassert_cli-426043de06a8450d.rlib
kablam!   = note: crate name: assert_cli
kablam!   = note: path: /target/debug/deps/libassert_cli-ca1de31d764487e1.rlib
kablam!   = note: crate name: assert_cli
kablam! 
kablam! error[E0463]: can't find crate for `assert_cli`
kablam!  --> /tmp/rust-skeptic.DwV9XZVVoKfR/test.rs:1:14
kablam!   |
kablam! 1 | #[macro_use] extern crate assert_cli;
kablam!   |              ^^^^^^^^^^^^^^^^^^^^^^^^ can't find crate
kablam! 
kablam! error: aborting due to 2 previous errors
kablam! 
kablam! error[E0464]: multiple matching crates for `assert_cli`
kablam!  --> /tmp/rust-skeptic.6I6cERZ94jAj/test.rs:1:14
kablam!   |
kablam! 1 | #[macro_use] extern crate assert_cli;
kablam!   |              ^^^^^^^^^^^^^^^^^^^^^^^^
kablam!   |
kablam!   = note: candidates:
kablam!   = note: path: /target/debug/deps/libassert_cli-426043de06a8450d.rlib
kablam!   = note: crate name: assert_cli
kablam!   = note: path: /target/debug/deps/libassert_cli-ca1de31d764487e1.rlib
kablam!   = note: crate name: assert_cli
kablam! 
kablam! error[E0463]: can't find crate for `assert_cli`
kablam!  --> /tmp/rust-skeptic.6I6cERZ94jAj/test.rs:1:14
kablam!   |
kablam! 1 | #[macro_use] extern crate assert_cli;
kablam!   |              ^^^^^^^^^^^^^^^^^^^^^^^^ can't find crate
kablam! 
kablam! error: aborting due to 2 previous errors
kablam! 
blam! test readme_4 ... FAILED
blam! test readme_3 ... FAILED
kablam! error[E0464]: multiple matching crates for `assert_cli`
kablam!  --> /tmp/rust-skeptic.g5ll25yqZx9Y/test.rs:1:1
kablam!   |
kablam! 1 | extern crate assert_cli;
kablam!   | ^^^^^^^^^^^^^^^^^^^^^^^^
kablam!   |
kablam!   = note: candidates:
kablam!   = note: path: /target/debug/deps/libassert_cli-426043de06a8450d.rlib
kablam!   = note: crate name: assert_cli
kablam!   = note: path: /target/debug/deps/libassert_cli-ca1de31d764487e1.rlib
kablam!   = note: crate name: assert_cli
kablam! 
kablam! error[E0463]: can't find crate for `assert_cli`
kablam!  --> /tmp/rust-skeptic.g5ll25yqZx9Y/test.rs:1:1
kablam!   |
kablam! 1 | extern crate assert_cli;
kablam!   | ^^^^^^^^^^^^^^^^^^^^^^^^ can't find crate
kablam! 
kablam! error: aborting due to 2 previous errors
kablam! 
blam! test readme_0 ... FAILED
kablam! error[E0464]: multiple matching crates for `assert_cli`
kablam!  --> /tmp/rust-skeptic.4RvdT4OWYuBX/test.rs:1:1
kablam!   |
kablam! 1 | extern crate assert_cli;
kablam!   | ^^^^^^^^^^^^^^^^^^^^^^^^
kablam!   |
kablam!   = note: candidates:
kablam!   = note: path: /target/debug/deps/libassert_cli-426043de06a8450d.rlib
kablam!   = note: crate name: assert_cli
kablam!   = note: path: /target/debug/deps/libassert_cli-ca1de31d764487e1.rlib
kablam!   = note: crate name: assert_cli
kablam! 
kablam! error[E0463]: can't find crate for `assert_cli`
kablam!  --> /tmp/rust-skeptic.4RvdT4OWYuBX/test.rs:1:1
kablam!   |
kablam! 1 | extern crate assert_cli;
kablam!   | ^^^^^^^^^^^^^^^^^^^^^^^^ can't find crate
kablam! 
kablam! error: aborting due to 2 previous errors
kablam! 
blam! test readme_2 ... ok
blam! 
blam! failures:
blam! 
blam! ---- readme_4 stdout ----
blam! 	thread 'readme_4' panicked at 'command failed', /cargo-home/registry/src/github.com-1ecc6299db9ec823/skeptic-0.5.0/lib.rs:351
blam! note: Run with `RUST_BACKTRACE=1` for a backtrace.
blam! 
blam! ---- readme_3 stdout ----
blam! 	thread 'readme_3' panicked at 'command failed', /cargo-home/registry/src/github.com-1ecc6299db9ec823/skeptic-0.5.0/lib.rs:351
blam! 
blam! ---- readme_0 stdout ----
blam! 	thread 'readme_0' panicked at 'command failed', /cargo-home/registry/src/github.com-1ecc6299db9ec823/skeptic-0.5.0/lib.rs:351
blam! 
blam! 
blam! failures:
blam!     readme_0
blam!     readme_3
blam!     readme_4
blam! 
blam! test result: FAILED. 1 passed; 3 failed; 1 ignored; 0 measured
blam! 
kablam! error: test failed
boom! running `docker rm -f bae689e5ccb9256eeabd7d17a0c0e26219044a87323e1a136f2564da35f6214d`
blam! bae689e5ccb9256eeabd7d17a0c0e26219044a87323e1a136f2564da35f6214d
