boom! testing dylib-0.0.1 against stable for nightly
boom! running: cargo +stable build --frozen
boom! creating container for: cargo +stable build --frozen
boom! running `docker create -v /home/ec2-user/cargobomb/./work/local/test-source/nightly/stable:/source:ro -v /home/ec2-user/cargobomb/./work/local/cargo-home:/cargo-home:ro -v /home/ec2-user/cargobomb/./work/local/rustup-home:/rustup-home:ro -v /home/ec2-user/cargobomb/./work/local/target-dirs/nightly/stable:/target:rw -e USER_ID=500 -e CMD=cargo +stable build --frozen cargobomb`
blam! 8617eea9845cc441458c88f281f89c4c3d9c4108bafe0a41ab733a41abad2f3d
boom! running `docker start -a 8617eea9845cc441458c88f281f89c4c3d9c4108bafe0a41ab733a41abad2f3d`
kablam!    Compiling dylib v0.0.1 (file:///source)
kablam!     Finished debug [unoptimized + debuginfo] target(s) in 0.46 secs
boom! running `docker rm -f 8617eea9845cc441458c88f281f89c4c3d9c4108bafe0a41ab733a41abad2f3d`
blam! 8617eea9845cc441458c88f281f89c4c3d9c4108bafe0a41ab733a41abad2f3d
boom! running: cargo +stable test --frozen --no-run
boom! creating container for: cargo +stable test --frozen --no-run
boom! running `docker create -v /home/ec2-user/cargobomb/./work/local/test-source/nightly/stable:/source:ro -v /home/ec2-user/cargobomb/./work/local/cargo-home:/cargo-home:ro -v /home/ec2-user/cargobomb/./work/local/rustup-home:/rustup-home:ro -v /home/ec2-user/cargobomb/./work/local/target-dirs/nightly/stable:/target:rw -e USER_ID=500 -e CMD=cargo +stable test --frozen --no-run cargobomb`
blam! 0159bc76689d667b571b296ee82b2d0699a494eb577479394b27ef1a5977461c
boom! running `docker start -a 0159bc76689d667b571b296ee82b2d0699a494eb577479394b27ef1a5977461c`
kablam!    Compiling dylib v0.0.1 (file:///source)
kablam! error[E0432]: unresolved import `path::Path`
kablam!    --> src/lib.rs:128:9
kablam!     |
kablam! 128 |     use path::Path;
kablam!     |         ^^^^^^^^^^ Maybe a missing `extern crate path;`?
kablam! 
kablam! error[E0433]: failed to resolve. Use of undeclared type or module `libc`
kablam!    --> src/lib.rs:140:31
kablam!     |
kablam! 140 |         let cosine: extern fn(libc::c_double) -> libc::c_double = unsafe {
kablam!     |                               ^^^^^^^^^^^^^^ Use of undeclared type or module `libc`
kablam! 
kablam! error[E0433]: failed to resolve. Use of undeclared type or module `libc`
kablam!    --> src/lib.rs:140:50
kablam!     |
kablam! 140 |         let cosine: extern fn(libc::c_double) -> libc::c_double = unsafe {
kablam!     |                                                  ^^^^^^^^^^^^^^ Use of undeclared type or module `libc`
kablam! 
kablam! error[E0277]: the trait bound `[u8]: std::marker::Sized` is not satisfied
kablam!    --> src/lib.rs:166:13
kablam!     |
kablam! 166 |         let path = Path::new("/dev/null");
kablam!     |             ^^^^ the trait `std::marker::Sized` is not implemented for `[u8]`
kablam!     |
kablam!     = note: `[u8]` does not have a constant size known at compile-time
kablam!     = note: required because it appears within the type `std::path::Path`
kablam!     = note: all local variables must have a statically known size
kablam! 
kablam! error: aborting due to previous error
kablam! 
kablam! error: Could not compile `dylib`.
kablam! 
kablam! To learn more, run the command again with --verbose.
boom! running `docker rm -f 0159bc76689d667b571b296ee82b2d0699a494eb577479394b27ef1a5977461c`
blam! 0159bc76689d667b571b296ee82b2d0699a494eb577479394b27ef1a5977461c
boom! running: cargo +stable test --frozen
boom! creating container for: cargo +stable test --frozen
boom! running `docker create -v /home/ec2-user/cargobomb/./work/local/test-source/nightly/stable:/source:ro -v /home/ec2-user/cargobomb/./work/local/cargo-home:/cargo-home:ro -v /home/ec2-user/cargobomb/./work/local/rustup-home:/rustup-home:ro -v /home/ec2-user/cargobomb/./work/local/target-dirs/nightly/stable:/target:rw -e USER_ID=500 -e CMD=cargo +stable test --frozen cargobomb`
blam! c530eae2818344552eb1a123b4daa4786917395343163379b255a1343cc5ce35
boom! running `docker start -a c530eae2818344552eb1a123b4daa4786917395343163379b255a1343cc5ce35`
kablam!    Compiling dylib v0.0.1 (file:///source)
kablam! error[E0432]: unresolved import `path::Path`
kablam!    --> src/lib.rs:128:9
kablam!     |
kablam! 128 |     use path::Path;
kablam!     |         ^^^^^^^^^^ Maybe a missing `extern crate path;`?
kablam! 
kablam! error[E0433]: failed to resolve. Use of undeclared type or module `libc`
kablam!    --> src/lib.rs:140:31
kablam!     |
kablam! 140 |         let cosine: extern fn(libc::c_double) -> libc::c_double = unsafe {
kablam!     |                               ^^^^^^^^^^^^^^ Use of undeclared type or module `libc`
kablam! 
kablam! error[E0433]: failed to resolve. Use of undeclared type or module `libc`
kablam!    --> src/lib.rs:140:50
kablam!     |
kablam! 140 |         let cosine: extern fn(libc::c_double) -> libc::c_double = unsafe {
kablam!     |                                                  ^^^^^^^^^^^^^^ Use of undeclared type or module `libc`
kablam! 
kablam! error[E0277]: the trait bound `[u8]: std::marker::Sized` is not satisfied
kablam!    --> src/lib.rs:166:13
kablam!     |
kablam! 166 |         let path = Path::new("/dev/null");
kablam!     |             ^^^^ the trait `std::marker::Sized` is not implemented for `[u8]`
kablam!     |
kablam!     = note: `[u8]` does not have a constant size known at compile-time
kablam!     = note: required because it appears within the type `std::path::Path`
kablam!     = note: all local variables must have a statically known size
kablam! 
kablam! error: aborting due to previous error
kablam! 
kablam! error: Could not compile `dylib`.
kablam! 
kablam! To learn more, run the command again with --verbose.
boom! running `docker rm -f c530eae2818344552eb1a123b4daa4786917395343163379b255a1343cc5ce35`
blam! c530eae2818344552eb1a123b4daa4786917395343163379b255a1343cc5ce35
