boom! testing crc32-0.0.2 against beta for beta
boom! running: cargo +beta build --frozen
boom! creating container for: cargo +beta build --frozen
boom! running `docker create -v /home/ec2-user/cargobomb/./work/local/test-source/beta/beta:/source:ro -v /home/ec2-user/cargobomb/./work/local/cargo-home:/cargo-home:ro -v /home/ec2-user/cargobomb/./work/local/rustup-home:/rustup-home:ro -v /home/ec2-user/cargobomb/./work/local/target-dirs/beta/beta:/target:rw -e USER_ID=500 -e CMD=cargo +beta build --frozen cargobomb`
blam! 093bc95abd538e034f65790456d9ab186bdb49511127f31047c0b409d97d234c
boom! running `docker start -a 093bc95abd538e034f65790456d9ab186bdb49511127f31047c0b409d97d234c`
kablam!    Compiling crc32 v0.0.2 (file:///source)
kablam! error: invalid suffix `u` for numeric literal
kablam!   --> src/crc32gen.rs:50:24
kablam!    |
kablam! 50 |         for _ in range(0u, 8u) {
kablam!    |                        ^^
kablam!    |
kablam!    = help: the suffix must be one of the integral types (`u32`, `isize`, etc)
kablam! 
kablam! error: invalid suffix `u` for numeric literal
kablam!   --> src/crc32gen.rs:50:28
kablam!    |
kablam! 50 |         for _ in range(0u, 8u) {
kablam!    |                            ^^
kablam!    |
kablam!    = help: the suffix must be one of the integral types (`u32`, `isize`, etc)
kablam! 
kablam! error[E0412]: cannot find type `uint` in this scope
kablam!  --> src/crc32gen.rs:2:14
kablam!   |
kablam! 2 | const TBLS : uint = 8;
kablam!   |              ^^^^ not found in this scope
kablam! 
kablam! error[E0412]: cannot find type `uint` in this scope
kablam!   --> src/crc32gen.rs:41:40
kablam!    |
kablam! 41 |         poly |= 1u32 << (31 - *term as uint);
kablam!    |                                        ^^^^ not found in this scope
kablam! 
kablam! error[E0425]: cannot find function `range` in this scope
kablam!   --> src/crc32gen.rs:48:14
kablam!    |
kablam! 48 |     for n in range(0, 0x100) {
kablam!    |              ^^^^^ not found in this scope
kablam! 
kablam! error[E0425]: cannot find function `range` in this scope
kablam!   --> src/crc32gen.rs:50:18
kablam!    |
kablam! 50 |         for _ in range(0u, 8u) {
kablam!    |                  ^^^^^ not found in this scope
kablam! 
kablam! error[E0425]: cannot find function `range` in this scope
kablam!   --> src/crc32gen.rs:59:14
kablam!    |
kablam! 59 |     for n in range(0, 0x100) {
kablam!    |              ^^^^^ not found in this scope
kablam! 
kablam! error[E0425]: cannot find function `range` in this scope
kablam!   --> src/crc32gen.rs:62:18
kablam!    |
kablam! 62 |         for k in range(1, 3) {
kablam!    |                  ^^^^^ not found in this scope
kablam! 
kablam! error[E0412]: cannot find type `uint` in this scope
kablam!   --> src/crc32gen.rs:63:35
kablam!    |
kablam! 63 |             c = crc_table[0][c as uint & 0xff] ^ (c >> 8);
kablam!    |                                   ^^^^ not found in this scope
kablam! 
kablam! error[E0425]: cannot find function `range` in this scope
kablam!   --> src/crc32gen.rs:95:14
kablam!    |
kablam! 95 |     for k in range(1, 8) {
kablam!    |              ^^^^^ not found in this scope
kablam! 
kablam! error[E0425]: cannot find function `range` in this scope
kablam!    --> src/crc32gen.rs:107:14
kablam!     |
kablam! 107 |     for n in range(0, 0x100) {
kablam!     |              ^^^^^ not found in this scope
kablam! 
kablam! error[E0433]: failed to resolve. Use of undeclared type or module `Path`
kablam!   --> build.rs:16:19
kablam!    |
kablam! 16 |     let outpath = Path::new(outfile_name);
kablam!    |                   ^^^^^^^^^ Use of undeclared type or module `Path`
kablam! 
kablam! error[E0433]: failed to resolve. Could not find `File` in `io`
kablam!   --> build.rs:18:19
kablam!    |
kablam! 18 |     let outfile = io::File::create(&outpath);
kablam!    |                   ^^^^^^^^^^^^^^^^ Could not find `File` in `io`
kablam! 
kablam! error[E0433]: failed to resolve. Could not find `BufferedWriter` in `io`
kablam!   --> build.rs:19:21
kablam!    |
kablam! 19 |     let mut outwr = io::BufferedWriter::new(outfile);
kablam!    |                     ^^^^^^^^^^^^^^^^^^^^^^^ Could not find `BufferedWriter` in `io`
kablam! 
kablam! error: no method named `as_slice` found for type `std::string::String` in the current scope
kablam!    --> src/crc32gen.rs:111:25
kablam!     |
kablam! 111 |         s.push_str(line.as_slice());
kablam!     |                         ^^^^^^^^
kablam! 
kablam! error: no method named `as_slice` found for type `std::string::String` in the current scope
kablam!   --> build.rs:21:23
kablam!    |
kablam! 21 |     outwr.write_str(s.as_slice()).unwrap();
kablam!    |                       ^^^^^^^^
kablam! 
kablam! error: aborting due to 2 previous errors
kablam! 
kablam! error: Could not compile `crc32`.
kablam! 
kablam! To learn more, run the command again with --verbose.
boom! running `docker rm -f 093bc95abd538e034f65790456d9ab186bdb49511127f31047c0b409d97d234c`
blam! 093bc95abd538e034f65790456d9ab186bdb49511127f31047c0b409d97d234c
