boom! testing semver-0.6.0 against beta for beta
boom! running: cargo +beta build --frozen
boom! creating container for: cargo +beta build --frozen
boom! running `docker create -v /home/ec2-user/cargobomb/./work/local/test-source/beta/beta:/source:ro -v /home/ec2-user/cargobomb/./work/local/cargo-home:/cargo-home:ro -v /home/ec2-user/cargobomb/./work/local/rustup-home:/rustup-home:ro -v /home/ec2-user/cargobomb/./work/local/target-dirs/beta/beta:/target:rw -e USER_ID=500 -e CMD=cargo +beta build --frozen cargobomb`
blam! db2a2f2b8286b97db4e13124bf72bd2b0f7d76d0d4a6175be2528a76b29a7148
boom! running `docker start -a db2a2f2b8286b97db4e13124bf72bd2b0f7d76d0d4a6175be2528a76b29a7148`
kablam!    Compiling semver v0.6.0 (file:///source)
kablam!     Finished dev [unoptimized + debuginfo] target(s) in 1.19 secs
boom! running `docker rm -f db2a2f2b8286b97db4e13124bf72bd2b0f7d76d0d4a6175be2528a76b29a7148`
blam! db2a2f2b8286b97db4e13124bf72bd2b0f7d76d0d4a6175be2528a76b29a7148
boom! running: cargo +beta test --frozen --no-run
boom! creating container for: cargo +beta test --frozen --no-run
boom! running `docker create -v /home/ec2-user/cargobomb/./work/local/test-source/beta/beta:/source:ro -v /home/ec2-user/cargobomb/./work/local/cargo-home:/cargo-home:ro -v /home/ec2-user/cargobomb/./work/local/rustup-home:/rustup-home:ro -v /home/ec2-user/cargobomb/./work/local/target-dirs/beta/beta:/target:rw -e USER_ID=500 -e CMD=cargo +beta test --frozen --no-run cargobomb`
blam! 5f72cda151042107b6b26df2b12efc119afb85d0818c1c769f3a8a86d5b0ca5c
boom! running `docker start -a 5f72cda151042107b6b26df2b12efc119afb85d0818c1c769f3a8a86d5b0ca5c`
kablam!    Compiling openssl-sys v0.9.7
kablam! error: failed to run custom build command for `openssl-sys v0.9.7`
kablam! process didn't exit successfully: `/target/debug/build/openssl-sys-275ed670a1b307b2/build-script-build` (exit code: 101)
kablam! --- stderr
kablam! thread 'main' panicked at 'called `Result::unwrap()` on an `Err` value: "Failed to run `\"pkg-config\" \"--libs\" \"--cflags\" \"openssl\"`: No such file or directory (os error 2)"', /buildslave/rust-buildbot/slave/beta-dist-rustc-linux/build/src/libcore/result.rs:868
kablam! note: Run with `RUST_BACKTRACE=1` for a backtrace.
kablam! 
boom! running `docker rm -f 5f72cda151042107b6b26df2b12efc119afb85d0818c1c769f3a8a86d5b0ca5c`
blam! 5f72cda151042107b6b26df2b12efc119afb85d0818c1c769f3a8a86d5b0ca5c
boom! running: cargo +beta test --frozen
boom! creating container for: cargo +beta test --frozen
boom! running `docker create -v /home/ec2-user/cargobomb/./work/local/test-source/beta/beta:/source:ro -v /home/ec2-user/cargobomb/./work/local/cargo-home:/cargo-home:ro -v /home/ec2-user/cargobomb/./work/local/rustup-home:/rustup-home:ro -v /home/ec2-user/cargobomb/./work/local/target-dirs/beta/beta:/target:rw -e USER_ID=500 -e CMD=cargo +beta test --frozen cargobomb`
blam! f3d2ceb95afac056d6a2fbad75a6f93a1d3a86a5d2beee25b145c24b4bc9f07c
boom! running `docker start -a f3d2ceb95afac056d6a2fbad75a6f93a1d3a86a5d2beee25b145c24b4bc9f07c`
kablam!    Compiling openssl-sys v0.9.7
kablam! error: failed to run custom build command for `openssl-sys v0.9.7`
kablam! process didn't exit successfully: `/target/debug/build/openssl-sys-275ed670a1b307b2/build-script-build` (exit code: 101)
kablam! --- stderr
kablam! thread 'main' panicked at 'called `Result::unwrap()` on an `Err` value: "Failed to run `\"pkg-config\" \"--libs\" \"--cflags\" \"openssl\"`: No such file or directory (os error 2)"', /buildslave/rust-buildbot/slave/beta-dist-rustc-linux/build/src/libcore/result.rs:868
kablam! note: Run with `RUST_BACKTRACE=1` for a backtrace.
kablam! 
boom! running `docker rm -f f3d2ceb95afac056d6a2fbad75a6f93a1d3a86a5d2beee25b145c24b4bc9f07c`
blam! f3d2ceb95afac056d6a2fbad75a6f93a1d3a86a5d2beee25b145c24b4bc9f07c
