boom! testing austenite-0.0.1 against beta for beta
boom! running: cargo +beta build --frozen
boom! creating container for: cargo +beta build --frozen
boom! running `docker create -v /home/ec2-user/cargobomb/./work/local/test-source/beta/beta:/source:ro -v /home/ec2-user/cargobomb/./work/local/cargo-home:/cargo-home:ro -v /home/ec2-user/cargobomb/./work/local/rustup-home:/rustup-home:ro -v /home/ec2-user/cargobomb/./work/local/target-dirs/beta/beta:/target:rw -e USER_ID=500 -e CMD=cargo +beta build --frozen cargobomb`
blam! fe71d9bdb384da7ab6b1caaf9f01a256b14a65ef82d89f7abbdb4840d0814e7a
boom! running `docker start -a fe71d9bdb384da7ab6b1caaf9f01a256b14a65ef82d89f7abbdb4840d0814e7a`
kablam! warning: parsed version requirement `0.2*` is no longer valid
kablam! 
kablam! Previous versions of Cargo accepted this malformed requirement,
kablam! but it is being deprecated. This was found when parsing the manifest
kablam! of iron 0.1.21, and the correct version requirement is `0.2.*`.
kablam! 
kablam! This will soon become a hard error, so it's either recommended to
kablam! update to a fixed version or contact the upstream maintainer about
kablam! this warning.
kablam! 
kablam!    Compiling language-tags v0.0.7
kablam!    Compiling hyper v0.10.4
kablam!    Compiling openssl-sys v0.6.7
kablam!    Compiling serde v0.6.15
blam! Build failed, waiting for other jobs to finish...
kablam! error: failed to run custom build command for `openssl-sys v0.6.7`
kablam! process didn't exit successfully: `/target/debug/build/openssl-sys-c3c8cf6a822446d7/build-script-build` (exit code: 101)
kablam! --- stdout
kablam! cargo:rustc-link-lib=dylib=ssl
kablam! cargo:rustc-link-lib=dylib=crypto
kablam! TARGET = Some("x86_64-unknown-linux-gnu")
kablam! OPT_LEVEL = Some("0")
kablam! TARGET = Some("x86_64-unknown-linux-gnu")
kablam! HOST = Some("x86_64-unknown-linux-gnu")
kablam! TARGET = Some("x86_64-unknown-linux-gnu")
kablam! TARGET = Some("x86_64-unknown-linux-gnu")
kablam! HOST = Some("x86_64-unknown-linux-gnu")
kablam! CC_x86_64-unknown-linux-gnu = None
kablam! CC_x86_64_unknown_linux_gnu = None
kablam! HOST_CC = None
kablam! CC = None
kablam! HOST = Some("x86_64-unknown-linux-gnu")
kablam! TARGET = Some("x86_64-unknown-linux-gnu")
kablam! HOST = Some("x86_64-unknown-linux-gnu")
kablam! CFLAGS_x86_64-unknown-linux-gnu = None
kablam! CFLAGS_x86_64_unknown_linux_gnu = None
kablam! HOST_CFLAGS = None
kablam! CFLAGS = None
kablam! PROFILE = Some("debug")
kablam! running: "cc" "-O0" "-ffunction-sections" "-fdata-sections" "-fPIC" "-g" "-m64" "-o" "/target/debug/build/openssl-sys-b3cd5d949d568c87/out/src/openssl_shim.o" "-c" "src/openssl_shim.c"
kablam! cargo:warning=src/openssl_shim.c:1:26: fatal error: openssl/hmac.h: No such file or directory
kablam! cargo:warning=compilation terminated.
kablam! ExitStatus(ExitStatus(256))
kablam! 
kablam! 
kablam! command did not execute successfully, got: exit code: 1
kablam! 
kablam! 
kablam! 
kablam! --- stderr
kablam! thread 'main' panicked at 'explicit panic', /cargo-home/registry/src/github.com-1ecc6299db9ec823/gcc-0.3.42/src/lib.rs:1127
kablam! note: Run with `RUST_BACKTRACE=1` for a backtrace.
kablam! 
kablam! error: build failed
boom! running `docker rm -f fe71d9bdb384da7ab6b1caaf9f01a256b14a65ef82d89f7abbdb4840d0814e7a`
blam! fe71d9bdb384da7ab6b1caaf9f01a256b14a65ef82d89f7abbdb4840d0814e7a
