boom! testing r2d2-0.7.1 against stable for nightly
boom! running: cargo +stable build --frozen
boom! creating container for: cargo +stable build --frozen
boom! running `docker create -v /home/ec2-user/cargobomb/./work/local/test-source/nightly/stable:/source:ro -v /home/ec2-user/cargobomb/./work/local/cargo-home:/cargo-home:ro -v /home/ec2-user/cargobomb/./work/local/rustup-home:/rustup-home:ro -v /home/ec2-user/cargobomb/./work/local/target-dirs/nightly/stable:/target:rw -e USER_ID=500 -e CMD=cargo +stable build --frozen cargobomb`
blam! 94fc0019f150a313ac035d825667ab7f5f0d3d458d166679db3b6e728c52fb33
boom! running `docker start -a 94fc0019f150a313ac035d825667ab7f5f0d3d458d166679db3b6e728c52fb33`
kablam!    Compiling r2d2 v0.7.1 (file:///source)
kablam!     Finished debug [unoptimized + debuginfo] target(s) in 0.92 secs
boom! running `docker rm -f 94fc0019f150a313ac035d825667ab7f5f0d3d458d166679db3b6e728c52fb33`
blam! 94fc0019f150a313ac035d825667ab7f5f0d3d458d166679db3b6e728c52fb33
boom! running: cargo +stable test --frozen --no-run
boom! creating container for: cargo +stable test --frozen --no-run
boom! running `docker create -v /home/ec2-user/cargobomb/./work/local/test-source/nightly/stable:/source:ro -v /home/ec2-user/cargobomb/./work/local/cargo-home:/cargo-home:ro -v /home/ec2-user/cargobomb/./work/local/rustup-home:/rustup-home:ro -v /home/ec2-user/cargobomb/./work/local/target-dirs/nightly/stable:/target:rw -e USER_ID=500 -e CMD=cargo +stable test --frozen --no-run cargobomb`
blam! afa2f07fd06c781cfd20d659c53e520e18aa497af885a461162fc28198e47f22
boom! running `docker start -a afa2f07fd06c781cfd20d659c53e520e18aa497af885a461162fc28198e47f22`
kablam!    Compiling r2d2 v0.7.1 (file:///source)
kablam!     Finished debug [unoptimized + debuginfo] target(s) in 6.27 secs
boom! running `docker rm -f afa2f07fd06c781cfd20d659c53e520e18aa497af885a461162fc28198e47f22`
blam! afa2f07fd06c781cfd20d659c53e520e18aa497af885a461162fc28198e47f22
boom! running: cargo +stable test --frozen
boom! creating container for: cargo +stable test --frozen
boom! running `docker create -v /home/ec2-user/cargobomb/./work/local/test-source/nightly/stable:/source:ro -v /home/ec2-user/cargobomb/./work/local/cargo-home:/cargo-home:ro -v /home/ec2-user/cargobomb/./work/local/rustup-home:/rustup-home:ro -v /home/ec2-user/cargobomb/./work/local/target-dirs/nightly/stable:/target:rw -e USER_ID=500 -e CMD=cargo +stable test --frozen cargobomb`
blam! bb9e16cc194aeb1143ae53559a435f7c7d8e3b5bf15e9f049f775a4ffa1fe035
boom! running `docker start -a bb9e16cc194aeb1143ae53559a435f7c7d8e3b5bf15e9f049f775a4ffa1fe035`
kablam!     Finished debug [unoptimized + debuginfo] target(s) in 0.0 secs
kablam!      Running /target/debug/deps/r2d2-291c7640b3ef1f85
blam! 
blam! running 26 tests
blam! test config::test::builder ... ok
blam! test config::test::builder_zero_helper_threads ... ok
blam! test config::test::builder_zero_connection_timeout ... ok
blam! test config::test::builder_zero_idle_timeout ... ok
blam! test config::test::builder_too_many_num_idle ... ok
blam! test config::test::builder_zero_max_lifetime ... ok
blam! test config::test::builder_zero_pool_size ... ok
kablam! thread 'r2d2-worker-2' panicked at 'explicit panic', src/task.rs:254
kablam! thread 'r2d2-worker-1' panicked at 'explicit panic', src/task.rs:254
kablam! thread 'r2d2-worker-0' panicked at 'explicit panic', src/task.rs:254
kablam! thread 'r2d2-worker-3' panicked at 'explicit panic', src/task.rs:254
blam! test task::test::test_recovery_from_subtask_panic ... ok
blam! test task::test::test_works ... ok
blam! test task::test::test_zero_tasks_panic ... ok
blam! test test::conns_drop_on_pool_drop ... ok
blam! test test::min_idle ... ok
blam! test test::test_acquire_release ... ok
blam! test test::test_connection_customizer ... ok
blam! test test::test_drop_on_broken ... ok
blam! test task::test::test_fixed_delay_jobs_stop_after_drop ... ok
blam! test task::test::test_jobs_complete_after_drop ... ok
blam! test task::test::test_run_after ... ok
blam! test test::test_is_send_sync ... ok
blam! test test::test_issue_2_unlocked_during_is_valid ... ok
blam! test test::test_get_timeout ... ok
blam! test test::test_initialization_failure ... ok
blam! test test::test_pool_size_ok ... ok
blam! test test::test_lazy_initialization_failure ... ok
blam! test test::test_idle_timeout ... ok
blam! test test::test_max_lifetime ... ok
blam! 
blam! test result: ok. 26 passed; 0 failed; 0 ignored; 0 measured
blam! 
kablam!    Doc-tests r2d2
blam! 
blam! running 1 test
blam! test _0 ... ignored
blam! 
blam! test result: ok. 0 passed; 0 failed; 1 ignored; 0 measured
blam! 
boom! running `docker rm -f bb9e16cc194aeb1143ae53559a435f7c7d8e3b5bf15e9f049f775a4ffa1fe035`
blam! bb9e16cc194aeb1143ae53559a435f7c7d8e3b5bf15e9f049f775a4ffa1fe035
