boom! testing flexi_logger-0.5.2 against nightly for nightly
boom! running: cargo +nightly build --frozen
boom! creating container for: cargo +nightly build --frozen
boom! running `docker create -v /home/ec2-user/cargobomb/./work/local/test-source/nightly/nightly:/source:ro -v /home/ec2-user/cargobomb/./work/local/cargo-home:/cargo-home:ro -v /home/ec2-user/cargobomb/./work/local/rustup-home:/rustup-home:ro -v /home/ec2-user/cargobomb/./work/local/target-dirs/nightly/nightly:/target:rw -e USER_ID=500 -e CMD=cargo +nightly build --frozen cargobomb`
blam! 0b8f21d3a08e360aa73b2498cfdf7f2c8e1ffb6ed2134a1a87af47bffafbe86e
boom! running `docker start -a 0b8f21d3a08e360aa73b2498cfdf7f2c8e1ffb6ed2134a1a87af47bffafbe86e`
kablam!    Compiling flexi_logger v0.5.2 (file:///source)
kablam!     Finished dev [unoptimized + debuginfo] target(s) in 3.17 secs
boom! running `docker rm -f 0b8f21d3a08e360aa73b2498cfdf7f2c8e1ffb6ed2134a1a87af47bffafbe86e`
blam! 0b8f21d3a08e360aa73b2498cfdf7f2c8e1ffb6ed2134a1a87af47bffafbe86e
boom! running: cargo +nightly test --frozen --no-run
boom! creating container for: cargo +nightly test --frozen --no-run
boom! running `docker create -v /home/ec2-user/cargobomb/./work/local/test-source/nightly/nightly:/source:ro -v /home/ec2-user/cargobomb/./work/local/cargo-home:/cargo-home:ro -v /home/ec2-user/cargobomb/./work/local/rustup-home:/rustup-home:ro -v /home/ec2-user/cargobomb/./work/local/target-dirs/nightly/nightly:/target:rw -e USER_ID=500 -e CMD=cargo +nightly test --frozen --no-run cargobomb`
blam! 7a78c2d089cf3561307c1c54a1424d7515793eafc2783e155a1f266a5eced231
boom! running `docker start -a 7a78c2d089cf3561307c1c54a1424d7515793eafc2783e155a1f266a5eced231`
kablam!    Compiling flexi_logger v0.5.2 (file:///source)
kablam!     Finished dev [unoptimized + debuginfo] target(s) in 17.42 secs
boom! running `docker rm -f 7a78c2d089cf3561307c1c54a1424d7515793eafc2783e155a1f266a5eced231`
blam! 7a78c2d089cf3561307c1c54a1424d7515793eafc2783e155a1f266a5eced231
boom! running: cargo +nightly test --frozen
boom! creating container for: cargo +nightly test --frozen
boom! running `docker create -v /home/ec2-user/cargobomb/./work/local/test-source/nightly/nightly:/source:ro -v /home/ec2-user/cargobomb/./work/local/cargo-home:/cargo-home:ro -v /home/ec2-user/cargobomb/./work/local/rustup-home:/rustup-home:ro -v /home/ec2-user/cargobomb/./work/local/target-dirs/nightly/nightly:/target:rw -e USER_ID=500 -e CMD=cargo +nightly test --frozen cargobomb`
blam! 891d82d614d2c9258cefac2a169390540fb97074baf442657250e2e62012297c
boom! running `docker start -a 891d82d614d2c9258cefac2a169390540fb97074baf442657250e2e62012297c`
kablam!     Finished dev [unoptimized + debuginfo] target(s) in 0.19 secs
kablam!      Running /target/debug/deps/flexi_logger-c0d0de9e1604264e
blam! 
blam! running 15 tests
blam! test flexi_logger::tests::match_beginning_longest_match ... ok
blam! test flexi_logger::tests::match_beginning ... ok
blam! test flexi_logger::tests::match_default ... ok
blam! test flexi_logger::tests::match_full_path ... ok
blam! test flexi_logger::tests::no_match ... ok
kablam! warning: invalid logging spec 'crate1::mod1=warn=info', ignoring it
blam! test flexi_logger::tests::parse_logging_spec_invalid_crate ... ok
blam! test flexi_logger::tests::parse_logging_spec_global ... ok
kablam! warning: invalid logging spec 'crate1::mod1=error=warn', ignoring it
kablam! warning: invalid logging spec 'wrong', ignoring it
blam! test flexi_logger::tests::parse_logging_spec_empty_log_level ... ok
blam! test flexi_logger::tests::parse_logging_spec_invalid_crate_filter ... ok
blam! test flexi_logger::tests::parse_logging_spec_empty_with_filter ... ok
kablam! warning: invalid logging spec 'noNumber', ignoring it
blam! test flexi_logger::tests::parse_logging_spec_invalid_log_level ... ok
kablam! warning: invalid logging spec 'wrong', ignoring it
blam! test flexi_logger::tests::parse_logging_spec_string_log_level ... ok
blam! test flexi_logger::tests::zero_level ... ok
blam! test flexi_logger::tests::parse_logging_spec_valid ... ok
blam! test flexi_logger::tests::parse_logging_spec_valid_filter ... ok
blam! 
blam! test result: ok. 15 passed; 0 failed; 0 ignored; 0 measured
blam! 
kablam!      Running /target/debug/deps/initopts_default_files_dir-84d0467f7e8acbc3
blam! 
blam! running 1 test
blam! test files_dir ... FAILED
blam! 
blam! failures:
blam! 
blam! ---- files_dir stdout ----
blam! 	thread 'files_dir' panicked at 'called `Result::unwrap()` on an `Err` value: Io(Error { repr: Os { code: 30, message: "Read-only file system" } })', /buildslave/rust-buildbot/slave/nightly-dist-rustc-linux/build/src/libcore/result.rs:860
blam! note: Run with `RUST_BACKTRACE=1` for a backtrace.
blam! 
blam! 
blam! failures:
blam!     files_dir
blam! 
blam! test result: FAILED. 0 passed; 1 failed; 0 ignored; 0 measured
blam! 
kablam! error: test failed
boom! running `docker rm -f 891d82d614d2c9258cefac2a169390540fb97074baf442657250e2e62012297c`
blam! 891d82d614d2c9258cefac2a169390540fb97074baf442657250e2e62012297c
