boom! testing scroll_derive-0.1.0 against stable for beta
boom! running: cargo +stable build --frozen
boom! creating container for: cargo +stable build --frozen
boom! running `docker create -v /home/ec2-user/cargobomb/./work/local/test-source/beta/stable:/source:ro -v /home/ec2-user/cargobomb/./work/local/cargo-home:/cargo-home:ro -v /home/ec2-user/cargobomb/./work/local/rustup-home:/rustup-home:ro -v /home/ec2-user/cargobomb/./work/local/target-dirs/beta/stable:/target:rw -e USER_ID=500 -e CMD=cargo +stable build --frozen cargobomb`
blam! 1b1621adaa069e049e65bf3a8f4afb447f4f167bd6f5021f4259a182ec74797f
boom! running `docker start -a 1b1621adaa069e049e65bf3a8f4afb447f4f167bd6f5021f4259a182ec74797f`
kablam!    Compiling scroll_derive v0.1.0 (file:///source)
kablam!     Finished debug [unoptimized + debuginfo] target(s) in 1.78 secs
boom! running `docker rm -f 1b1621adaa069e049e65bf3a8f4afb447f4f167bd6f5021f4259a182ec74797f`
blam! 1b1621adaa069e049e65bf3a8f4afb447f4f167bd6f5021f4259a182ec74797f
boom! running: cargo +stable test --frozen --no-run
boom! creating container for: cargo +stable test --frozen --no-run
boom! running `docker create -v /home/ec2-user/cargobomb/./work/local/test-source/beta/stable:/source:ro -v /home/ec2-user/cargobomb/./work/local/cargo-home:/cargo-home:ro -v /home/ec2-user/cargobomb/./work/local/rustup-home:/rustup-home:ro -v /home/ec2-user/cargobomb/./work/local/target-dirs/beta/stable:/target:rw -e USER_ID=500 -e CMD=cargo +stable test --frozen --no-run cargobomb`
blam! 48f6d88d05df067e037e3352588e485955df76735e45df4547bc3b9571d3a833
boom! running `docker start -a 48f6d88d05df067e037e3352588e485955df76735e45df4547bc3b9571d3a833`
kablam!    Compiling scroll_derive v0.1.0 (file:///source)
kablam! error[E0061]: this function takes 1 parameter but 2 parameters were supplied
kablam!   --> examples/main.rs:15:34
kablam!    |
kablam! 15 |     let data: Data = bytes.pread(0, LE).unwrap();
kablam!    |                                  ^^^^^ expected 1 parameter
kablam! 
kablam! error[E0061]: this function takes 2 parameters but 3 parameters were supplied
kablam!   --> examples/main.rs:19:19
kablam!    |
kablam! 19 |     bytes2.pwrite(data, 0, LE).unwrap();
kablam!    |                   ^^^^^^^^^^^ expected 2 parameters
kablam! 
kablam! error[E0061]: this function takes 1 parameter but 2 parameters were supplied
kablam!   --> examples/main.rs:20:34
kablam!    |
kablam! 20 |     let data: Data = bytes.pread(0, LE).unwrap();
kablam!    |                                  ^^^^^ expected 1 parameter
kablam! 
kablam! error[E0061]: this function takes 1 parameter but 2 parameters were supplied
kablam!   --> examples/main.rs:21:36
kablam!    |
kablam! 21 |     let data2: Data = bytes2.pread(0, LE).unwrap();
kablam!    |                                    ^^^^^ expected 1 parameter
kablam! 
kablam! error: aborting due to 4 previous errors
kablam! 
blam! Build failed, waiting for other jobs to finish...
kablam! error[E0061]: this function takes 1 parameter but 2 parameters were supplied
kablam!   --> tests/tests.rs:15:34
kablam!    |
kablam! 15 |     let data: Data = bytes.pread(0, LE).unwrap();
kablam!    |                                  ^^^^^ expected 1 parameter
kablam! 
kablam! error[E0061]: this function takes 2 parameters but 3 parameters were supplied
kablam!   --> tests/tests.rs:20:19
kablam!    |
kablam! 20 |     bytes2.pwrite(data, 0, LE).unwrap();
kablam!    |                   ^^^^^^^^^^^ expected 2 parameters
kablam! 
kablam! error[E0061]: this function takes 1 parameter but 2 parameters were supplied
kablam!   --> tests/tests.rs:21:34
kablam!    |
kablam! 21 |     let data: Data = bytes.pread(0, LE).unwrap();
kablam!    |                                  ^^^^^ expected 1 parameter
kablam! 
kablam! error[E0061]: this function takes 1 parameter but 2 parameters were supplied
kablam!   --> tests/tests.rs:22:36
kablam!    |
kablam! 22 |     let data2: Data = bytes2.pread(0, LE).unwrap();
kablam!    |                                    ^^^^^ expected 1 parameter
kablam! 
kablam! error: aborting due to 4 previous errors
kablam! 
blam! Build failed, waiting for other jobs to finish...
kablam! error: Could not compile `scroll_derive`.
kablam! 
kablam! To learn more, run the command again with --verbose.
boom! running `docker rm -f 48f6d88d05df067e037e3352588e485955df76735e45df4547bc3b9571d3a833`
blam! 48f6d88d05df067e037e3352588e485955df76735e45df4547bc3b9571d3a833
boom! running: cargo +stable test --frozen
boom! creating container for: cargo +stable test --frozen
boom! running `docker create -v /home/ec2-user/cargobomb/./work/local/test-source/beta/stable:/source:ro -v /home/ec2-user/cargobomb/./work/local/cargo-home:/cargo-home:ro -v /home/ec2-user/cargobomb/./work/local/rustup-home:/rustup-home:ro -v /home/ec2-user/cargobomb/./work/local/target-dirs/beta/stable:/target:rw -e USER_ID=500 -e CMD=cargo +stable test --frozen cargobomb`
blam! 3e0d28aa6a243c7fc03d0436a3e842630ab782e76b4d7d56de39b96e41955f5f
boom! running `docker start -a 3e0d28aa6a243c7fc03d0436a3e842630ab782e76b4d7d56de39b96e41955f5f`
kablam!    Compiling scroll_derive v0.1.0 (file:///source)
kablam! error[E0061]: this function takes 1 parameter but 2 parameters were supplied
kablam!   --> tests/tests.rs:15:34
kablam!    |
kablam! 15 |     let data: Data = bytes.pread(0, LE).unwrap();
kablam!    |                                  ^^^^^ expected 1 parameter
kablam! 
kablam! error[E0061]: this function takes 2 parameters but 3 parameters were supplied
kablam!   --> tests/tests.rs:20:19
kablam!    |
kablam! 20 |     bytes2.pwrite(data, 0, LE).unwrap();
kablam!    |                   ^^^^^^^^^^^ expected 2 parameters
kablam! 
kablam! error[E0061]: this function takes 1 parameter but 2 parameters were supplied
kablam!   --> tests/tests.rs:21:34
kablam!    |
kablam! 21 |     let data: Data = bytes.pread(0, LE).unwrap();
kablam!    |                                  ^^^^^ expected 1 parameter
kablam! 
kablam! error[E0061]: this function takes 1 parameter but 2 parameters were supplied
kablam!   --> tests/tests.rs:22:36
kablam!    |
kablam! 22 |     let data2: Data = bytes2.pread(0, LE).unwrap();
kablam!    |                                    ^^^^^ expected 1 parameter
kablam! 
kablam! error: aborting due to 4 previous errors
kablam! 
blam! Build failed, waiting for other jobs to finish...
kablam! error[E0061]: this function takes 1 parameter but 2 parameters were supplied
kablam!   --> examples/main.rs:15:34
kablam!    |
kablam! 15 |     let data: Data = bytes.pread(0, LE).unwrap();
kablam!    |                                  ^^^^^ expected 1 parameter
kablam! 
kablam! error[E0061]: this function takes 2 parameters but 3 parameters were supplied
kablam!   --> examples/main.rs:19:19
kablam!    |
kablam! 19 |     bytes2.pwrite(data, 0, LE).unwrap();
kablam!    |                   ^^^^^^^^^^^ expected 2 parameters
kablam! 
kablam! error[E0061]: this function takes 1 parameter but 2 parameters were supplied
kablam!   --> examples/main.rs:20:34
kablam!    |
kablam! 20 |     let data: Data = bytes.pread(0, LE).unwrap();
kablam!    |                                  ^^^^^ expected 1 parameter
kablam! 
kablam! error[E0061]: this function takes 1 parameter but 2 parameters were supplied
kablam!   --> examples/main.rs:21:36
kablam!    |
kablam! 21 |     let data2: Data = bytes2.pread(0, LE).unwrap();
kablam!    |                                    ^^^^^ expected 1 parameter
kablam! 
kablam! error: aborting due to 4 previous errors
kablam! 
kablam! error: Could not compile `scroll_derive`.
kablam! 
kablam! To learn more, run the command again with --verbose.
boom! running `docker rm -f 3e0d28aa6a243c7fc03d0436a3e842630ab782e76b4d7d56de39b96e41955f5f`
blam! 3e0d28aa6a243c7fc03d0436a3e842630ab782e76b4d7d56de39b96e41955f5f
