boom! testing cdb-0.5.0 against beta for beta
boom! running: cargo +beta build --frozen
boom! creating container for: cargo +beta build --frozen
boom! running `docker create -v /home/ec2-user/cargobomb/./work/local/test-source/beta/beta:/source:ro -v /home/ec2-user/cargobomb/./work/local/cargo-home:/cargo-home:ro -v /home/ec2-user/cargobomb/./work/local/rustup-home:/rustup-home:ro -v /home/ec2-user/cargobomb/./work/local/target-dirs/beta/beta:/target:rw -e USER_ID=500 -e CMD=cargo +beta build --frozen cargobomb`
blam! 69e8788b5f3ae061badcb9b9dff254752b8cf69b9a381518866c580f39376724
boom! running `docker start -a 69e8788b5f3ae061badcb9b9dff254752b8cf69b9a381518866c580f39376724`
kablam!    Compiling mmap v0.1.1
kablam!    Compiling cdb v0.5.0 (file:///source)
kablam!     Finished dev [unoptimized + debuginfo] target(s) in 1.25 secs
boom! running `docker rm -f 69e8788b5f3ae061badcb9b9dff254752b8cf69b9a381518866c580f39376724`
blam! 69e8788b5f3ae061badcb9b9dff254752b8cf69b9a381518866c580f39376724
boom! running: cargo +beta test --frozen --no-run
boom! creating container for: cargo +beta test --frozen --no-run
boom! running `docker create -v /home/ec2-user/cargobomb/./work/local/test-source/beta/beta:/source:ro -v /home/ec2-user/cargobomb/./work/local/cargo-home:/cargo-home:ro -v /home/ec2-user/cargobomb/./work/local/rustup-home:/rustup-home:ro -v /home/ec2-user/cargobomb/./work/local/target-dirs/beta/beta:/target:rw -e USER_ID=500 -e CMD=cargo +beta test --frozen --no-run cargobomb`
blam! 18209824de9cf23273432dbc24a59a2b30a34a8c135c70110d490ff5a259eb39
boom! running `docker start -a 18209824de9cf23273432dbc24a59a2b30a34a8c135c70110d490ff5a259eb39`
kablam!    Compiling cdb v0.5.0 (file:///source)
kablam!     Finished dev [unoptimized + debuginfo] target(s) in 1.75 secs
boom! running `docker rm -f 18209824de9cf23273432dbc24a59a2b30a34a8c135c70110d490ff5a259eb39`
blam! 18209824de9cf23273432dbc24a59a2b30a34a8c135c70110d490ff5a259eb39
boom! running: cargo +beta test --frozen
boom! creating container for: cargo +beta test --frozen
boom! running `docker create -v /home/ec2-user/cargobomb/./work/local/test-source/beta/beta:/source:ro -v /home/ec2-user/cargobomb/./work/local/cargo-home:/cargo-home:ro -v /home/ec2-user/cargobomb/./work/local/rustup-home:/rustup-home:ro -v /home/ec2-user/cargobomb/./work/local/target-dirs/beta/beta:/target:rw -e USER_ID=500 -e CMD=cargo +beta test --frozen cargobomb`
blam! 22eb41f400d8643612e67c10f5571b4b9140f727a8d0951cbb5c69ee9e7ea505
boom! running `docker start -a 22eb41f400d8643612e67c10f5571b4b9140f727a8d0951cbb5c69ee9e7ea505`
kablam!     Finished dev [unoptimized + debuginfo] target(s) in 0.0 secs
kablam!      Running /target/debug/deps/cdb-fac700b6733f9f80
blam! 
blam! running 1 test
blam! test hash::samples ... ok
blam! 
blam! test result: ok. 1 passed; 0 failed; 0 ignored; 0 measured
blam! 
kablam!      Running /target/debug/deps/make-5f7a1f883970a52b
blam! 
blam! running 1 test
blam! test test_make ... FAILED
blam! 
blam! failures:
blam! 
blam! ---- test_make stdout ----
blam! 	thread 'test_make' panicked at 'called `Result::unwrap()` on an `Err` value: Error { repr: Os { code: 30, message: "Read-only file system" } }', /buildslave/rust-buildbot/slave/beta-dist-rustc-linux/build/src/libcore/result.rs:868
blam! note: Run with `RUST_BACKTRACE=1` for a backtrace.
blam! 
blam! 
blam! failures:
blam!     test_make
blam! 
blam! test result: FAILED. 0 passed; 1 failed; 0 ignored; 0 measured
blam! 
kablam! error: test failed
boom! running `docker rm -f 22eb41f400d8643612e67c10f5571b4b9140f727a8d0951cbb5c69ee9e7ea505`
blam! 22eb41f400d8643612e67c10f5571b4b9140f727a8d0951cbb5c69ee9e7ea505
