boom! testing capabilities-0.2.1 against stable for nightly
boom! running: cargo +stable build --frozen
boom! creating container for: cargo +stable build --frozen
boom! running `docker create -v /home/ec2-user/cargobomb/./work/local/test-source/nightly/stable:/source:ro -v /home/ec2-user/cargobomb/./work/local/cargo-home:/cargo-home:ro -v /home/ec2-user/cargobomb/./work/local/rustup-home:/rustup-home:ro -v /home/ec2-user/cargobomb/./work/local/target-dirs/nightly/stable:/target:rw -e USER_ID=500 -e CMD=cargo +stable build --frozen cargobomb`
blam! 00fde5382506d77db5121fc59e9f426c2bfe081543bdea18ce32d0ec778d487c
boom! running `docker start -a 00fde5382506d77db5121fc59e9f426c2bfe081543bdea18ce32d0ec778d487c`
kablam!    Compiling capabilities v0.2.1 (file:///source)
kablam!     Finished dev [unoptimized + debuginfo] target(s) in 1.71 secs
boom! running `docker rm -f 00fde5382506d77db5121fc59e9f426c2bfe081543bdea18ce32d0ec778d487c`
blam! 00fde5382506d77db5121fc59e9f426c2bfe081543bdea18ce32d0ec778d487c
boom! running: cargo +stable test --frozen --no-run
boom! creating container for: cargo +stable test --frozen --no-run
boom! running `docker create -v /home/ec2-user/cargobomb/./work/local/test-source/nightly/stable:/source:ro -v /home/ec2-user/cargobomb/./work/local/cargo-home:/cargo-home:ro -v /home/ec2-user/cargobomb/./work/local/rustup-home:/rustup-home:ro -v /home/ec2-user/cargobomb/./work/local/target-dirs/nightly/stable:/target:rw -e USER_ID=500 -e CMD=cargo +stable test --frozen --no-run cargobomb`
blam! feeaf9c3d76ee21e87ccd7ceab0a4819d9bae1ae28a74872b5f4864bf59c126f
boom! running `docker start -a feeaf9c3d76ee21e87ccd7ceab0a4819d9bae1ae28a74872b5f4864bf59c126f`
kablam!    Compiling capabilities v0.2.1 (file:///source)
kablam! error: linking with `cc` failed: exit code: 1
kablam!   |
kablam!   = note: "cc" "-Wl,--as-needed" "-Wl,-z,noexecstack" "-m64" "-L" "/rustup-home/toolchains/stable-x86_64-unknown-linux-gnu/lib/rustlib/x86_64-unknown-linux-gnu/lib" "/target/debug/examples/demo-5a42a43112a08d5c.0.o" "-o" "/target/debug/examples/demo-5a42a43112a08d5c" "-Wl,--gc-sections" "-pie" "-nodefaultlibs" "-L" "/target/debug/deps" "-L" "/rustup-home/toolchains/stable-x86_64-unknown-linux-gnu/lib/rustlib/x86_64-unknown-linux-gnu/lib" "-Wl,-Bstatic" "-Wl,-Bdynamic" "/target/debug/deps/libcapabilities-264f626a29a711fc.rlib" "/target/debug/deps/liblibc-5dc7b85e748840b4.rlib" "/rustup-home/toolchains/stable-x86_64-unknown-linux-gnu/lib/rustlib/x86_64-unknown-linux-gnu/lib/libstd-13f36e2630c2d79b.rlib" "/rustup-home/toolchains/stable-x86_64-unknown-linux-gnu/lib/rustlib/x86_64-unknown-linux-gnu/lib/librand-a2ef7979b4b3e1d5.rlib" "/rustup-home/toolchains/stable-x86_64-unknown-linux-gnu/lib/rustlib/x86_64-unknown-linux-gnu/lib/libcollections-d22754c8c52de3a1.rlib" "/rustup-home/toolchains/stable-x86_64-unknown-linux-gnu/lib/rustlib/x86_64-unknown-linux-gnu/lib/libstd_unicode-1cc5fcd37568ebc4.rlib" "/rustup-home/toolchains/stable-x86_64-unknown-linux-gnu/lib/rustlib/x86_64-unknown-linux-gnu/lib/libpanic_unwind-3b9d178f1de89528.rlib" "/rustup-home/toolchains/stable-x86_64-unknown-linux-gnu/lib/rustlib/x86_64-unknown-linux-gnu/lib/libunwind-93bb403c9fc56f72.rlib" "/rustup-home/toolchains/stable-x86_64-unknown-linux-gnu/lib/rustlib/x86_64-unknown-linux-gnu/lib/liballoc-c53f99154bf815c4.rlib" "/rustup-home/toolchains/stable-x86_64-unknown-linux-gnu/lib/rustlib/x86_64-unknown-linux-gnu/lib/liballoc_jemalloc-f1bb04f5989dcb98.rlib" "/rustup-home/toolchains/stable-x86_64-unknown-linux-gnu/lib/rustlib/x86_64-unknown-linux-gnu/lib/liblibc-739908a2e215dd88.rlib" "/rustup-home/toolchains/stable-x86_64-unknown-linux-gnu/lib/rustlib/x86_64-unknown-linux-gnu/lib/libcore-3f4289353c600297.rlib" "/rustup-home/toolchains/stable-x86_64-unknown-linux-gnu/lib/rustlib/x86_64-unknown-linux-gnu/lib/libcompiler_builtins-07bfb3bcb2a51da0.rlib" "-l" "cap" "-l" "util" "-l" "dl" "-l" "rt" "-l" "pthread" "-l" "gcc_s" "-l" "pthread" "-l" "c" "-l" "m" "-l" "rt" "-l" "util"
kablam!   = note: /usr/bin/ld: cannot find -lcap
kablam!           collect2: error: ld returned 1 exit status
kablam!           
kablam! 
kablam! error: aborting due to previous error
kablam! 
kablam! error: Could not compile `capabilities`.
blam! Build failed, waiting for other jobs to finish...
kablam! error: linking with `cc` failed: exit code: 1
kablam!   |
kablam!   = note: "cc" "-Wl,--as-needed" "-Wl,-z,noexecstack" "-m64" "-L" "/rustup-home/toolchains/stable-x86_64-unknown-linux-gnu/lib/rustlib/x86_64-unknown-linux-gnu/lib" "/target/debug/deps/capabilities-aa8ac65dd93d2c44.0.o" "-o" "/target/debug/deps/capabilities-aa8ac65dd93d2c44" "-Wl,--gc-sections" "-pie" "-nodefaultlibs" "-L" "/target/debug/deps" "-L" "/rustup-home/toolchains/stable-x86_64-unknown-linux-gnu/lib/rustlib/x86_64-unknown-linux-gnu/lib" "-Wl,-Bstatic" "-Wl,-Bdynamic" "-l" "cap" "/target/debug/deps/liblibc-5dc7b85e748840b4.rlib" "/rustup-home/toolchains/stable-x86_64-unknown-linux-gnu/lib/rustlib/x86_64-unknown-linux-gnu/lib/libtest-2efd40164e9eb949.rlib" "/rustup-home/toolchains/stable-x86_64-unknown-linux-gnu/lib/rustlib/x86_64-unknown-linux-gnu/lib/libterm-0ed6e2f3d67b4012.rlib" "/rustup-home/toolchains/stable-x86_64-unknown-linux-gnu/lib/rustlib/x86_64-unknown-linux-gnu/lib/libgetopts-b979e1c23fc9ba25.rlib" "/rustup-home/toolchains/stable-x86_64-unknown-linux-gnu/lib/rustlib/x86_64-unknown-linux-gnu/lib/libstd-13f36e2630c2d79b.rlib" "/rustup-home/toolchains/stable-x86_64-unknown-linux-gnu/lib/rustlib/x86_64-unknown-linux-gnu/lib/libpanic_unwind-3b9d178f1de89528.rlib" "/rustup-home/toolchains/stable-x86_64-unknown-linux-gnu/lib/rustlib/x86_64-unknown-linux-gnu/lib/libunwind-93bb403c9fc56f72.rlib" "/rustup-home/toolchains/stable-x86_64-unknown-linux-gnu/lib/rustlib/x86_64-unknown-linux-gnu/lib/librand-a2ef7979b4b3e1d5.rlib" "/rustup-home/toolchains/stable-x86_64-unknown-linux-gnu/lib/rustlib/x86_64-unknown-linux-gnu/lib/libcollections-d22754c8c52de3a1.rlib" "/rustup-home/toolchains/stable-x86_64-unknown-linux-gnu/lib/rustlib/x86_64-unknown-linux-gnu/lib/liballoc-c53f99154bf815c4.rlib" "/rustup-home/toolchains/stable-x86_64-unknown-linux-gnu/lib/rustlib/x86_64-unknown-linux-gnu/lib/liballoc_jemalloc-f1bb04f5989dcb98.rlib" "/rustup-home/toolchains/stable-x86_64-unknown-linux-gnu/lib/rustlib/x86_64-unknown-linux-gnu/lib/liblibc-739908a2e215dd88.rlib" "/rustup-home/toolchains/stable-x86_64-unknown-linux-gnu/lib/rustlib/x86_64-unknown-linux-gnu/lib/libstd_unicode-1cc5fcd37568ebc4.rlib" "/rustup-home/toolchains/stable-x86_64-unknown-linux-gnu/lib/rustlib/x86_64-unknown-linux-gnu/lib/libcore-3f4289353c600297.rlib" "/rustup-home/toolchains/stable-x86_64-unknown-linux-gnu/lib/rustlib/x86_64-unknown-linux-gnu/lib/libcompiler_builtins-07bfb3bcb2a51da0.rlib" "-l" "util" "-l" "dl" "-l" "rt" "-l" "pthread" "-l" "gcc_s" "-l" "pthread" "-l" "c" "-l" "m" "-l" "rt" "-l" "util"
kablam!   = note: /usr/bin/ld: cannot find -lcap
kablam!           collect2: error: ld returned 1 exit status
kablam!           
kablam! 
kablam! error: aborting due to previous error
kablam! 
kablam! error: build failed
boom! running `docker rm -f feeaf9c3d76ee21e87ccd7ceab0a4819d9bae1ae28a74872b5f4864bf59c126f`
blam! feeaf9c3d76ee21e87ccd7ceab0a4819d9bae1ae28a74872b5f4864bf59c126f
boom! running: cargo +stable test --frozen
boom! creating container for: cargo +stable test --frozen
boom! running `docker create -v /home/ec2-user/cargobomb/./work/local/test-source/nightly/stable:/source:ro -v /home/ec2-user/cargobomb/./work/local/cargo-home:/cargo-home:ro -v /home/ec2-user/cargobomb/./work/local/rustup-home:/rustup-home:ro -v /home/ec2-user/cargobomb/./work/local/target-dirs/nightly/stable:/target:rw -e USER_ID=500 -e CMD=cargo +stable test --frozen cargobomb`
blam! c1a872a9f6e7db10db4d354b5fdabe7861ec35748a0cff5587f2be8159df7024
boom! running `docker start -a c1a872a9f6e7db10db4d354b5fdabe7861ec35748a0cff5587f2be8159df7024`
kablam!    Compiling capabilities v0.2.1 (file:///source)
kablam! error: linking with `cc` failed: exit code: 1
kablam!   |
kablam!   = note: "cc" "-Wl,--as-needed" "-Wl,-z,noexecstack" "-m64" "-L" "/rustup-home/toolchains/stable-x86_64-unknown-linux-gnu/lib/rustlib/x86_64-unknown-linux-gnu/lib" "/target/debug/examples/demo-5a42a43112a08d5c.0.o" "-o" "/target/debug/examples/demo-5a42a43112a08d5c" "-Wl,--gc-sections" "-pie" "-nodefaultlibs" "-L" "/target/debug/deps" "-L" "/rustup-home/toolchains/stable-x86_64-unknown-linux-gnu/lib/rustlib/x86_64-unknown-linux-gnu/lib" "-Wl,-Bstatic" "-Wl,-Bdynamic" "/target/debug/deps/libcapabilities-264f626a29a711fc.rlib" "/target/debug/deps/liblibc-5dc7b85e748840b4.rlib" "/rustup-home/toolchains/stable-x86_64-unknown-linux-gnu/lib/rustlib/x86_64-unknown-linux-gnu/lib/libstd-13f36e2630c2d79b.rlib" "/rustup-home/toolchains/stable-x86_64-unknown-linux-gnu/lib/rustlib/x86_64-unknown-linux-gnu/lib/librand-a2ef7979b4b3e1d5.rlib" "/rustup-home/toolchains/stable-x86_64-unknown-linux-gnu/lib/rustlib/x86_64-unknown-linux-gnu/lib/libcollections-d22754c8c52de3a1.rlib" "/rustup-home/toolchains/stable-x86_64-unknown-linux-gnu/lib/rustlib/x86_64-unknown-linux-gnu/lib/libstd_unicode-1cc5fcd37568ebc4.rlib" "/rustup-home/toolchains/stable-x86_64-unknown-linux-gnu/lib/rustlib/x86_64-unknown-linux-gnu/lib/libpanic_unwind-3b9d178f1de89528.rlib" "/rustup-home/toolchains/stable-x86_64-unknown-linux-gnu/lib/rustlib/x86_64-unknown-linux-gnu/lib/libunwind-93bb403c9fc56f72.rlib" "/rustup-home/toolchains/stable-x86_64-unknown-linux-gnu/lib/rustlib/x86_64-unknown-linux-gnu/lib/liballoc-c53f99154bf815c4.rlib" "/rustup-home/toolchains/stable-x86_64-unknown-linux-gnu/lib/rustlib/x86_64-unknown-linux-gnu/lib/liballoc_jemalloc-f1bb04f5989dcb98.rlib" "/rustup-home/toolchains/stable-x86_64-unknown-linux-gnu/lib/rustlib/x86_64-unknown-linux-gnu/lib/liblibc-739908a2e215dd88.rlib" "/rustup-home/toolchains/stable-x86_64-unknown-linux-gnu/lib/rustlib/x86_64-unknown-linux-gnu/lib/libcore-3f4289353c600297.rlib" "/rustup-home/toolchains/stable-x86_64-unknown-linux-gnu/lib/rustlib/x86_64-unknown-linux-gnu/lib/libcompiler_builtins-07bfb3bcb2a51da0.rlib" "-l" "cap" "-l" "util" "-l" "dl" "-l" "rt" "-l" "pthread" "-l" "gcc_s" "-l" "pthread" "-l" "c" "-l" "m" "-l" "rt" "-l" "util"
kablam!   = note: /usr/bin/ld: cannot find -lcap
kablam!           collect2: error: ld returned 1 exit status
kablam!           
kablam! 
kablam! error: aborting due to previous error
kablam! 
blam! Build failed, waiting for other jobs to finish...
kablam! error: Could not compile `capabilities`.
kablam! error: linking with `cc` failed: exit code: 1
kablam!   |
kablam!   = note: "cc" "-Wl,--as-needed" "-Wl,-z,noexecstack" "-m64" "-L" "/rustup-home/toolchains/stable-x86_64-unknown-linux-gnu/lib/rustlib/x86_64-unknown-linux-gnu/lib" "/target/debug/deps/capabilities-aa8ac65dd93d2c44.0.o" "-o" "/target/debug/deps/capabilities-aa8ac65dd93d2c44" "-Wl,--gc-sections" "-pie" "-nodefaultlibs" "-L" "/target/debug/deps" "-L" "/rustup-home/toolchains/stable-x86_64-unknown-linux-gnu/lib/rustlib/x86_64-unknown-linux-gnu/lib" "-Wl,-Bstatic" "-Wl,-Bdynamic" "-l" "cap" "/target/debug/deps/liblibc-5dc7b85e748840b4.rlib" "/rustup-home/toolchains/stable-x86_64-unknown-linux-gnu/lib/rustlib/x86_64-unknown-linux-gnu/lib/libtest-2efd40164e9eb949.rlib" "/rustup-home/toolchains/stable-x86_64-unknown-linux-gnu/lib/rustlib/x86_64-unknown-linux-gnu/lib/libterm-0ed6e2f3d67b4012.rlib" "/rustup-home/toolchains/stable-x86_64-unknown-linux-gnu/lib/rustlib/x86_64-unknown-linux-gnu/lib/libgetopts-b979e1c23fc9ba25.rlib" "/rustup-home/toolchains/stable-x86_64-unknown-linux-gnu/lib/rustlib/x86_64-unknown-linux-gnu/lib/libstd-13f36e2630c2d79b.rlib" "/rustup-home/toolchains/stable-x86_64-unknown-linux-gnu/lib/rustlib/x86_64-unknown-linux-gnu/lib/libpanic_unwind-3b9d178f1de89528.rlib" "/rustup-home/toolchains/stable-x86_64-unknown-linux-gnu/lib/rustlib/x86_64-unknown-linux-gnu/lib/libunwind-93bb403c9fc56f72.rlib" "/rustup-home/toolchains/stable-x86_64-unknown-linux-gnu/lib/rustlib/x86_64-unknown-linux-gnu/lib/librand-a2ef7979b4b3e1d5.rlib" "/rustup-home/toolchains/stable-x86_64-unknown-linux-gnu/lib/rustlib/x86_64-unknown-linux-gnu/lib/libcollections-d22754c8c52de3a1.rlib" "/rustup-home/toolchains/stable-x86_64-unknown-linux-gnu/lib/rustlib/x86_64-unknown-linux-gnu/lib/liballoc-c53f99154bf815c4.rlib" "/rustup-home/toolchains/stable-x86_64-unknown-linux-gnu/lib/rustlib/x86_64-unknown-linux-gnu/lib/liballoc_jemalloc-f1bb04f5989dcb98.rlib" "/rustup-home/toolchains/stable-x86_64-unknown-linux-gnu/lib/rustlib/x86_64-unknown-linux-gnu/lib/liblibc-739908a2e215dd88.rlib" "/rustup-home/toolchains/stable-x86_64-unknown-linux-gnu/lib/rustlib/x86_64-unknown-linux-gnu/lib/libstd_unicode-1cc5fcd37568ebc4.rlib" "/rustup-home/toolchains/stable-x86_64-unknown-linux-gnu/lib/rustlib/x86_64-unknown-linux-gnu/lib/libcore-3f4289353c600297.rlib" "/rustup-home/toolchains/stable-x86_64-unknown-linux-gnu/lib/rustlib/x86_64-unknown-linux-gnu/lib/libcompiler_builtins-07bfb3bcb2a51da0.rlib" "-l" "util" "-l" "dl" "-l" "rt" "-l" "pthread" "-l" "gcc_s" "-l" "pthread" "-l" "c" "-l" "m" "-l" "rt" "-l" "util"
kablam!   = note: /usr/bin/ld: cannot find -lcap
kablam!           collect2: error: ld returned 1 exit status
kablam!           
kablam! 
kablam! error: aborting due to previous error
kablam! 
kablam! error: build failed
boom! running `docker rm -f c1a872a9f6e7db10db4d354b5fdabe7861ec35748a0cff5587f2be8159df7024`
blam! c1a872a9f6e7db10db4d354b5fdabe7861ec35748a0cff5587f2be8159df7024
