boom! testing shadow-0.0.1 against beta for beta
boom! running: cargo +beta build --frozen
boom! creating container for: cargo +beta build --frozen
boom! running `docker create -v /home/ec2-user/cargobomb/./work/local/test-source/beta/beta:/source:ro -v /home/ec2-user/cargobomb/./work/local/cargo-home:/cargo-home:ro -v /home/ec2-user/cargobomb/./work/local/rustup-home:/rustup-home:ro -v /home/ec2-user/cargobomb/./work/local/target-dirs/beta/beta:/target:rw -e USER_ID=500 -e CMD=cargo +beta build --frozen cargobomb`
blam! 2a69b4c66ca0ed7518e19499cacd693d4b5d2de2568a73a045964d99258d52d0
boom! running `docker start -a 2a69b4c66ca0ed7518e19499cacd693d4b5d2de2568a73a045964d99258d52d0`
kablam!    Compiling shadow v0.0.1 (file:///source)
kablam!     Finished dev [unoptimized + debuginfo] target(s) in 0.55 secs
boom! running `docker rm -f 2a69b4c66ca0ed7518e19499cacd693d4b5d2de2568a73a045964d99258d52d0`
blam! 2a69b4c66ca0ed7518e19499cacd693d4b5d2de2568a73a045964d99258d52d0
boom! running: cargo +beta test --frozen --no-run
boom! creating container for: cargo +beta test --frozen --no-run
boom! running `docker create -v /home/ec2-user/cargobomb/./work/local/test-source/beta/beta:/source:ro -v /home/ec2-user/cargobomb/./work/local/cargo-home:/cargo-home:ro -v /home/ec2-user/cargobomb/./work/local/rustup-home:/rustup-home:ro -v /home/ec2-user/cargobomb/./work/local/target-dirs/beta/beta:/target:rw -e USER_ID=500 -e CMD=cargo +beta test --frozen --no-run cargobomb`
blam! 09d93222cebebd161598ec61683f9217f59c9c855bb9952645a7047d4b83f753
boom! running `docker start -a 09d93222cebebd161598ec61683f9217f59c9c855bb9952645a7047d4b83f753`
kablam!    Compiling shadow v0.0.1 (file:///source)
kablam!     Finished dev [unoptimized + debuginfo] target(s) in 0.90 secs
boom! running `docker rm -f 09d93222cebebd161598ec61683f9217f59c9c855bb9952645a7047d4b83f753`
blam! 09d93222cebebd161598ec61683f9217f59c9c855bb9952645a7047d4b83f753
boom! running: cargo +beta test --frozen
boom! creating container for: cargo +beta test --frozen
boom! running `docker create -v /home/ec2-user/cargobomb/./work/local/test-source/beta/beta:/source:ro -v /home/ec2-user/cargobomb/./work/local/cargo-home:/cargo-home:ro -v /home/ec2-user/cargobomb/./work/local/rustup-home:/rustup-home:ro -v /home/ec2-user/cargobomb/./work/local/target-dirs/beta/beta:/target:rw -e USER_ID=500 -e CMD=cargo +beta test --frozen cargobomb`
blam! 26635885b418db624b71103bfff68b4f11fc8aa76c3dde2b84b4f1d5cf0a7661
boom! running `docker start -a 26635885b418db624b71103bfff68b4f11fc8aa76c3dde2b84b4f1d5cf0a7661`
kablam!     Finished dev [unoptimized + debuginfo] target(s) in 0.0 secs
kablam!      Running /target/debug/deps/shadow-fa904d481171bc71
kablam!    Doc-tests shadow
blam! 
blam! running 0 tests
blam! 
blam! test result: ok. 0 passed; 0 failed; 0 ignored; 0 measured
blam! 
blam! 
blam! running 2 tests
blam! test _1 ... FAILED
blam! test _0 ... ok
blam! 
blam! failures:
blam! 
blam! ---- _1 stdout ----
blam! 	error[E0433]: failed to resolve. Use of undeclared type or module `pwhash`
blam!  --> <anon>:4:15
blam!   |
blam! 4 | let correct = pwhash::unix::verify("password", &hash.password);
blam!   |               ^^^^^^^^^^^^^^^^^^^^ Use of undeclared type or module `pwhash`
blam! 
blam! error: aborting due to previous error(s)
blam! 
blam! thread 'rustc' panicked at 'Box<Any>', /buildslave/rust-buildbot/slave/beta-dist-rustc-linux/build/src/librustc/session/mod.rs:203
blam! note: Run with `RUST_BACKTRACE=1` for a backtrace.
blam! 
blam! 
blam! failures:
blam!     _1
blam! 
blam! test result: FAILED. 1 passed; 1 failed; 0 ignored; 0 measured
blam! 
kablam! error: test failed
boom! running `docker rm -f 26635885b418db624b71103bfff68b4f11fc8aa76c3dde2b84b4f1d5cf0a7661`
blam! 26635885b418db624b71103bfff68b4f11fc8aa76c3dde2b84b4f1d5cf0a7661
