boom! testing https://github.com/dutt/oxidize#54c1eea959035d7a4faf93aa3ac3b6bac164cb26 against nightly for nightly
boom! running: cargo +nightly build --frozen
boom! creating container for: cargo +nightly build --frozen
boom! running `docker create -v /home/ec2-user/cargobomb/./work/local/test-source/nightly/nightly:/source:ro -v /home/ec2-user/cargobomb/./work/local/cargo-home:/cargo-home:ro -v /home/ec2-user/cargobomb/./work/local/rustup-home:/rustup-home:ro -v /home/ec2-user/cargobomb/./work/local/target-dirs/nightly/nightly:/target:rw -e USER_ID=500 -e CMD=cargo +nightly build --frozen cargobomb`
blam! b36d24fc2358923f2bb048148317725a248bba17233d2127127a00b45c40532c
boom! running `docker start -a b36d24fc2358923f2bb048148317725a248bba17233d2127127a00b45c40532c`
kablam!    Compiling oxidize v0.0.1 (file:///source)
kablam! error[E0432]: unresolved import `std::io::Command`
kablam!  --> src/main.rs:7:5
kablam!   |
kablam! 7 |     Command,
kablam!   |     ^^^^^^^ no `Command` in `io`
kablam! 
kablam! error[E0432]: unresolved import `std::io::process`
kablam!  --> src/main.rs:8:5
kablam!   |
kablam! 8 |     process,
kablam!   |     ^^^^^^^ no `process` in `io`
kablam! 
kablam! error[E0432]: unresolved import `std::path::GenericPath`
kablam!   --> src/main.rs:10:5
kablam!    |
kablam! 10 | use std::path::GenericPath;
kablam!    |     ^^^^^^^^^^^^^^^^^^^^^^ no `GenericPath` in `path`
kablam! 
kablam! error[E0432]: unresolved import `std::io::fs::PathExtensions`
kablam!   --> src/main.rs:11:5
kablam!    |
kablam! 11 | use std::io::fs::PathExtensions;
kablam!    |     ^^^^^^^^^^^^^^^^^^^^^^^^^^^ Could not find `fs` in `io`
kablam! 
kablam! error[E0432]: unresolved import `self::rustc_trans::driver::driver::FileInput`
kablam!  --> src/compiler.rs:6:5
kablam!   |
kablam! 6 |     FileInput,
kablam!   |     ^^^^^^^^^ Could not find `driver` in `rustc_trans`
kablam! 
kablam! error[E0432]: unresolved import `self::rustc_trans::driver::driver::StrInput`
kablam!  --> src/compiler.rs:7:5
kablam!   |
kablam! 7 |     StrInput,
kablam!   |     ^^^^^^^^ Could not find `driver` in `rustc_trans`
kablam! 
kablam! error[E0432]: unresolved import `self::rustc_trans::driver::driver::Input`
kablam!  --> src/compiler.rs:8:5
kablam!   |
kablam! 8 |     Input,
kablam!   |     ^^^^^ Could not find `driver` in `rustc_trans`
kablam! 
kablam! error[E0432]: unresolved import `self::rustc_trans::driver::driver::compile_input`
kablam!  --> src/compiler.rs:9:5
kablam!   |
kablam! 9 |     compile_input
kablam!   |     ^^^^^^^^^^^^^ Could not find `driver` in `rustc_trans`
kablam! 
kablam! error[E0432]: unresolved import `self::rustc_trans::session::config::OutputTypeExe`
kablam!   --> src/compiler.rs:14:5
kablam!    |
kablam! 14 |     OutputTypeExe
kablam!    |     ^^^^^^^^^^^^^ no `OutputTypeExe` in `session::config`. Did you mean to use `OutputTypes`?
kablam! 
kablam! error[E0412]: cannot find type `Path` in this scope
kablam!   --> src/compiler.rs:22:25
kablam!    |
kablam! 22 | fn basic_sess(sysroot : Path) -> Session {
kablam!    |                         ^^^^ not found in this scope
kablam!    |
kablam!    = help: possible candidates are found in other modules, you can import them into scope:
kablam!              `use compiler::rustc::hir::Path;`
kablam!              `use compiler::syntax::ast::Path;`
kablam!              `use std::path::Path;`
kablam! 
kablam! error[E0433]: failed to resolve. Could not find `registry` in `diagnostics`
kablam!   --> src/compiler.rs:27:24
kablam!    |
kablam! 27 |     let descriptions = diagnostics::registry::Registry::new(&rustc::DIAGNOSTICS);
kablam!    |                        ^^^^^^^^^^^^^^^^^^^^^^^^^^^^^^^^^^^^ Could not find `registry` in `diagnostics`
kablam! 
kablam! error[E0412]: cannot find type `Path` in this scope
kablam!   --> src/compiler.rs:33:44
kablam!    |
kablam! 33 | pub fn compile_string(input: &str, output: Path, sysroot: Option<Path>) {
kablam!    |                                            ^^^^ not found in this scope
kablam!    |
kablam!    = help: possible candidates are found in other modules, you can import them into scope:
kablam!              `use compiler::rustc::hir::Path;`
kablam!              `use compiler::syntax::ast::Path;`
kablam!              `use std::path::Path;`
kablam! 
kablam! error[E0412]: cannot find type `Path` in this scope
kablam!   --> src/compiler.rs:33:66
kablam!    |
kablam! 33 | pub fn compile_string(input: &str, output: Path, sysroot: Option<Path>) {
kablam!    |                                                                  ^^^^ not found in this scope
kablam!    |
kablam!    = help: possible candidates are found in other modules, you can import them into scope:
kablam!              `use compiler::rustc::hir::Path;`
kablam!              `use compiler::syntax::ast::Path;`
kablam!              `use std::path::Path;`
kablam! 
kablam! error[E0412]: cannot find type `Path` in this scope
kablam!   --> src/compiler.rs:38:27
kablam!    |
kablam! 38 | pub fn compile_file(path: Path, output: Path, sysroot: Option<Path>) {
kablam!    |                           ^^^^ not found in this scope
kablam!    |
kablam!    = help: possible candidates are found in other modules, you can import them into scope:
kablam!              `use compiler::rustc::hir::Path;`
kablam!              `use compiler::syntax::ast::Path;`
kablam!              `use std::path::Path;`
kablam! 
kablam! error[E0412]: cannot find type `Path` in this scope
kablam!   --> src/compiler.rs:38:41
kablam!    |
kablam! 38 | pub fn compile_file(path: Path, output: Path, sysroot: Option<Path>) {
kablam!    |                                         ^^^^ not found in this scope
kablam!    |
kablam!    = help: possible candidates are found in other modules, you can import them into scope:
kablam!              `use compiler::rustc::hir::Path;`
kablam!              `use compiler::syntax::ast::Path;`
kablam!              `use std::path::Path;`
kablam! 
kablam! error[E0412]: cannot find type `Path` in this scope
kablam!   --> src/compiler.rs:38:63
kablam!    |
kablam! 38 | pub fn compile_file(path: Path, output: Path, sysroot: Option<Path>) {
kablam!    |                                                               ^^^^ not found in this scope
kablam!    |
kablam!    = help: possible candidates are found in other modules, you can import them into scope:
kablam!              `use compiler::rustc::hir::Path;`
kablam!              `use compiler::syntax::ast::Path;`
kablam!              `use std::path::Path;`
kablam! 
kablam! error[E0412]: cannot find type `Path` in this scope
kablam!   --> src/compiler.rs:41:41
kablam!    |
kablam! 41 | fn compile_simple(input: Input, output: Path, sysroot: Option<Path>) {
kablam!    |                                         ^^^^ not found in this scope
kablam!    |
kablam!    = help: possible candidates are found in other modules, you can import them into scope:
kablam!              `use compiler::rustc::hir::Path;`
kablam!              `use compiler::syntax::ast::Path;`
kablam!              `use std::path::Path;`
kablam! 
kablam! error[E0412]: cannot find type `Path` in this scope
kablam!   --> src/compiler.rs:41:63
kablam!    |
kablam! 41 | fn compile_simple(input: Input, output: Path, sysroot: Option<Path>) {
kablam!    |                                                               ^^^^ not found in this scope
kablam!    |
kablam!    = help: possible candidates are found in other modules, you can import them into scope:
kablam!              `use compiler::rustc::hir::Path;`
kablam!              `use compiler::syntax::ast::Path;`
kablam!              `use std::path::Path;`
kablam! 
kablam! error[E0433]: failed to resolve. Use of undeclared type or module `Path`
kablam!   --> src/compiler.rs:44:17
kablam!    |
kablam! 44 |         None => Path::new("/usr/local/")
kablam!    |                 ^^^^^^^^^ Use of undeclared type or module `Path`
kablam! 
kablam! error[E0433]: failed to resolve. Use of undeclared type or module `Path`
kablam!   --> src/main.rs:16:19
kablam!    |
kablam! 16 |     let scriptp = Path::new(script_path);
kablam!    |                   ^^^^^^^^^ Use of undeclared type or module `Path`
kablam! 
kablam! error[E0433]: failed to resolve. Use of undeclared type or module `Path`
kablam!   --> src/main.rs:17:18
kablam!    |
kablam! 17 |     let cachep = Path::new(cache_path);  
kablam!    |                  ^^^^^^^^^ Use of undeclared type or module `Path`
kablam! 
kablam! error[E0412]: cannot find type `Path` in this scope
kablam!   --> src/main.rs:34:32
kablam!    |
kablam! 34 | fn get_cache_path(script_name: Path) -> String {
kablam!    |                                ^^^^ not found in this scope
kablam!    |
kablam!    = help: possible candidates are found in other modules, you can import them into scope:
kablam!              `use compiler::rustc::hir::Path;`
kablam!              `use compiler::syntax::ast::Path;`
kablam!              `use std::path::Path;`
kablam! 
kablam! error[E0425]: cannot find function `homedir` in module `std::os`
kablam!   --> src/main.rs:44:22
kablam!    |
kablam! 44 |     let home = match std::os::homedir() {
kablam!    |                      ^^^^^^^^^^^^^^^^ not found in `std::os`
kablam! 
kablam! error[E0433]: failed to resolve. Use of undeclared type or module `Path`
kablam!   --> src/main.rs:49:19
kablam!    |
kablam! 49 |     let dirpath = Path::new(dir);
kablam!    |                   ^^^^^^^^^ Use of undeclared type or module `Path`
kablam! 
kablam! error[E0433]: failed to resolve. Could not find `fs` in `io`
kablam!   --> src/main.rs:50:11
kablam!    |
kablam! 50 |     match std::io::fs::mkdir_recursive(&dirpath, std::io::USER_RWX) {
kablam!    |           ^^^^^^^^^^^^^^^^^^^^^^^^^^^^ Could not find `fs` in `io`
kablam! 
kablam! error[E0425]: cannot find value `USER_RWX` in module `std::io`
kablam!   --> src/main.rs:50:50
kablam!    |
kablam! 50 |     match std::io::fs::mkdir_recursive(&dirpath, std::io::USER_RWX) {
kablam!    |                                                  ^^^^^^^^^^^^^^^^^ not found in `std::io`
kablam! 
kablam! error[E0433]: failed to resolve. Use of undeclared type or module `Path`
kablam!   --> src/main.rs:58:22
kablam!    |
kablam! 58 |     String::from_str(Path::new(script_path).filename_str().unwrap())
kablam!    |                      ^^^^^^^^^ Use of undeclared type or module `Path`
kablam! 
kablam! error[E0425]: cannot find function `args` in module `os`
kablam!   --> src/main.rs:62:16
kablam!    |
kablam! 62 |     let args = os::args();
kablam!    |                ^^^^^^^^ not found in `os`
kablam!    |
kablam!    = help: possible candidate is found in another module, you can import it into scope:
kablam!              `use std::env::args;`
kablam! 
kablam! error[E0433]: failed to resolve. Use of undeclared type or module `Path`
kablam!   --> src/main.rs:68:15
kablam!    |
kablam! 68 |     let src = Path::new(String::from_str(arg.as_slice()));
kablam!    |               ^^^^^^^^^ Use of undeclared type or module `Path`
kablam! 
kablam! error[E0433]: failed to resolve. Use of undeclared type or module `Path`
kablam!   --> src/main.rs:69:33
kablam!    |
kablam! 69 |     let target = get_cache_path(Path::new(cleaned.as_slice()));
kablam!    |                                 ^^^^^^^^^ Use of undeclared type or module `Path`
kablam! 
kablam! error[E0433]: failed to resolve. Use of undeclared type or module `Path`
kablam!   --> src/main.rs:70:19
kablam!    |
kablam! 70 |     let sysroot = Path::new("/usr/local");
kablam!    |                   ^^^^^^^^^ Use of undeclared type or module `Path`
kablam! 
kablam! error[E0433]: failed to resolve. Use of undeclared type or module `Path`
kablam!   --> src/main.rs:73:37
kablam!    |
kablam! 73 |         compiler::compile_file(src, Path::new(target.as_slice()), Some(sysroot));
kablam!    |                                     ^^^^^^^^^ Use of undeclared type or module `Path`
kablam! 
kablam! error[E0425]: cannot find function `range` in this scope
kablam!   --> src/main.rs:81:14
kablam!    |
kablam! 81 |     for i in range(1, argsvec.len()) {
kablam!    |              ^^^^^ not found in this scope
kablam! 
kablam! error: use of unstable library feature 'libc': use `libc` from crates.io (see issue #27783)
kablam!  --> src/main.rs:3:1
kablam!   |
kablam! 3 | extern crate libc;
kablam!   | ^^^^^^^^^^^^^^^^^^
kablam!   |
kablam!   = help: add #![feature(libc)] to the crate attributes to enable
kablam! 
kablam! error: use of unstable library feature 'rustc_private' (see issue #27812)
kablam!  --> src/compiler.rs:1:1
kablam!   |
kablam! 1 | extern crate rustc;
kablam!   | ^^^^^^^^^^^^^^^^^^^
kablam!   |
kablam!   = help: add #![feature(rustc_private)] to the crate attributes to enable
kablam! 
kablam! error: use of unstable library feature 'rustc_private' (see issue #27812)
kablam!  --> src/compiler.rs:2:1
kablam!   |
kablam! 2 | extern crate rustc_trans;
kablam!   | ^^^^^^^^^^^^^^^^^^^^^^^^^
kablam!   |
kablam!   = help: add #![feature(rustc_private)] to the crate attributes to enable
kablam! 
kablam! error: use of unstable library feature 'rustc_private' (see issue #27812)
kablam!  --> src/compiler.rs:3:1
kablam!   |
kablam! 3 | extern crate syntax;
kablam!   | ^^^^^^^^^^^^^^^^^^^^
kablam!   |
kablam!   = help: add #![feature(rustc_private)] to the crate attributes to enable
kablam! 
kablam! error: use of unstable library feature 'rustc_private' (see issue #27812)
kablam!   --> src/compiler.rs:12:5
kablam!    |
kablam! 12 |     basic_options,
kablam!    |     ^^^^^^^^^^^^^
kablam!    |
kablam!    = help: add #![feature(rustc_private)] to the crate attributes to enable
kablam! 
kablam! error: use of unstable library feature 'rustc_private' (see issue #27812)
kablam!   --> src/compiler.rs:13:5
kablam!    |
kablam! 13 |     build_configuration,
kablam!    |     ^^^^^^^^^^^^^^^^^^^
kablam!    |
kablam!    = help: add #![feature(rustc_private)] to the crate attributes to enable
kablam! 
kablam! error: use of unstable library feature 'rustc_private' (see issue #27812)
kablam!   --> src/compiler.rs:17:5
kablam!    |
kablam! 17 |     build_session,
kablam!    |     ^^^^^^^^^^^^^
kablam!    |
kablam!    = help: add #![feature(rustc_private)] to the crate attributes to enable
kablam! 
kablam! error: use of unstable library feature 'rustc_private' (see issue #27812)
kablam!   --> src/compiler.rs:18:5
kablam!    |
kablam! 18 |     Session
kablam!    |     ^^^^^^^
kablam!    |
kablam!    = help: add #![feature(rustc_private)] to the crate attributes to enable
kablam! 
kablam! error: use of unstable library feature 'rustc_private' (see issue #27812)
kablam!   --> src/compiler.rs:20:5
kablam!    |
kablam! 20 | use self::syntax::diagnostics;
kablam!    |     ^^^^^^^^^^^^^^^^^^^^^^^^^
kablam!    |
kablam!    = help: add #![feature(rustc_private)] to the crate attributes to enable
kablam! 
kablam! error: use of unstable library feature 'rustc_private' (see issue #27812)
kablam!   --> src/compiler.rs:22:34
kablam!    |
kablam! 22 | fn basic_sess(sysroot : Path) -> Session {
kablam!    |                                  ^^^^^^^
kablam!    |
kablam!    = help: add #![feature(rustc_private)] to the crate attributes to enable
kablam! 
kablam! error: use of unstable library feature 'rustc_private' (see issue #27812)
kablam!   --> src/compiler.rs:23:20
kablam!    |
kablam! 23 |     let mut opts = basic_options();
kablam!    |                    ^^^^^^^^^^^^^
kablam!    |
kablam!    = help: add #![feature(rustc_private)] to the crate attributes to enable
kablam! 
kablam! error: use of unstable library feature 'rustc_private' (see issue #27812)
kablam!   --> src/compiler.rs:27:62
kablam!    |
kablam! 27 |     let descriptions = diagnostics::registry::Registry::new(&rustc::DIAGNOSTICS);
kablam!    |                                                              ^^^^^^^^^^^^^^^^^^
kablam!    |
kablam!    = help: add #![feature(rustc_private)] to the crate attributes to enable
kablam! 
kablam! error: use of unstable library feature 'rustc_private' (see issue #27812)
kablam!   --> src/compiler.rs:28:16
kablam!    |
kablam! 28 |     let sess = build_session(opts, None, descriptions);
kablam!    |                ^^^^^^^^^^^^^
kablam!    |
kablam!    = help: add #![feature(rustc_private)] to the crate attributes to enable
kablam! 
kablam! error: use of unstable library feature 'rustc_private' (see issue #27812)
kablam!   --> src/compiler.rs:46:15
kablam!    |
kablam! 46 |     let cfg = build_configuration(&sess);
kablam!    |               ^^^^^^^^^^^^^^^^^^^
kablam!    |
kablam!    = help: add #![feature(rustc_private)] to the crate attributes to enable
kablam! 
kablam! error: use of unstable library feature 'libc': use `libc` from crates.io (see issue #27783)
kablam!   --> src/main.rs:84:51
kablam!    |
kablam! 84 |     cmd.stdout(process::StdioContainer::InheritFd(libc::STDOUT_FILENO));
kablam!    |                                                   ^^^^^^^^^^^^^^^^^^^
kablam!    |
kablam!    = help: add #![feature(libc)] to the crate attributes to enable
kablam! 
kablam! error: use of unstable library feature 'libc': use `libc` from crates.io (see issue #27783)
kablam!   --> src/main.rs:85:51
kablam!    |
kablam! 85 |     cmd.stderr(process::StdioContainer::InheritFd(libc::STDERR_FILENO));
kablam!    |                                                   ^^^^^^^^^^^^^^^^^^^
kablam!    |
kablam!    = help: add #![feature(libc)] to the crate attributes to enable
kablam! 
kablam! error: use of unstable library feature 'libc': use `libc` from crates.io (see issue #27783)
kablam!   --> src/main.rs:86:50
kablam!    |
kablam! 86 |     cmd.stdin(process::StdioContainer::InheritFd(libc::STDIN_FILENO));
kablam!    |                                                  ^^^^^^^^^^^^^^^^^^
kablam!    |
kablam!    = help: add #![feature(libc)] to the crate attributes to enable
kablam! 
kablam! error: use of unstable library feature 'rustc_private' (see issue #27812)
kablam!   --> src/compiler.rs:24:5
kablam!    |
kablam! 24 |     opts.output_types = vec![OutputTypeExe];
kablam!    |     ^^^^^^^^^^^^^^^^^
kablam!    |
kablam!    = help: add #![feature(rustc_private)] to the crate attributes to enable
kablam! 
kablam! error[E0308]: mismatched types
kablam!   --> src/compiler.rs:24:25
kablam!    |
kablam! 24 |     opts.output_types = vec![OutputTypeExe];
kablam!    |                         ^^^^^^^^^^^^^^^^^^^ expected struct `compiler::rustc::session::config::OutputTypes`, found struct `std::vec::Vec`
kablam!    |
kablam!    = note: expected type `compiler::rustc::session::config::OutputTypes`
kablam!               found type `std::vec::Vec<_>`
kablam!    = help: here are some functions which might fulfill your needs:
kablam!            - .remove(...)
kablam!            - .swap_remove(...)
kablam!    = note: this error originates in a macro outside of the current crate
kablam! 
kablam! error: use of unstable library feature 'rustc_private' (see issue #27812)
kablam!   --> src/compiler.rs:25:5
kablam!    |
kablam! 25 |     opts.maybe_sysroot = Some(sysroot);
kablam!    |     ^^^^^^^^^^^^^^^^^^
kablam!    |
kablam!    = help: add #![feature(rustc_private)] to the crate attributes to enable
kablam! 
kablam! error[E0061]: this function takes 5 parameters but 3 parameters were supplied
kablam!   --> src/compiler.rs:28:30
kablam!    |
kablam! 28 |     let sess = build_session(opts, None, descriptions);
kablam!    |                              ^^^^^^^^^^^^^^^^^^^^^^^^ expected 5 parameters
kablam! 
kablam! error: no associated item named `from_str` found for type `std::string::String` in the current scope
kablam!   --> src/compiler.rs:34:29
kablam!    |
kablam! 34 |     compile_simple(StrInput(String::from_str(input)), output, sysroot)
kablam!    |                             ^^^^^^^^^^^^^^^^
kablam!    |
kablam!    = help: items from traits can only be used if the trait is in scope; the following trait is implemented but not in scope, perhaps add a `use` for it:
kablam!    = help: candidate #1: `use std::str::FromStr;`
kablam! 
kablam! error[E0061]: this function takes 2 parameters but 1 parameter was supplied
kablam!   --> src/compiler.rs:46:35
kablam!    |
kablam! 46 |     let cfg = build_configuration(&sess);
kablam!    |                                   ^^^^^ expected 2 parameters
kablam! 
kablam! error: the type of this value must be known in this context
kablam!   --> src/main.rs:36:22
kablam!    |
kablam! 36 |     let stem = match file.rfind('.') {
kablam!    |                      ^^^^^^^^^^^^^^^
kablam! 
kablam! error: no associated item named `from_str` found for type `std::string::String` in the current scope
kablam!   --> src/main.rs:45:42
kablam!    |
kablam! 45 |         Some(p) => { let s = p.as_str(); String::from_str(s.unwrap()) },
kablam!    |                                          ^^^^^^^^^^^^^^^^
kablam!    |
kablam!    = help: items from traits can only be used if the trait is in scope; the following trait is implemented but not in scope, perhaps add a `use` for it:
kablam!    = help: candidate #1: `use std::str::FromStr;`
kablam! 
kablam! error: no associated item named `from_str` found for type `std::string::String` in the current scope
kablam!   --> src/main.rs:58:5
kablam!    |
kablam! 58 |     String::from_str(Path::new(script_path).filename_str().unwrap())
kablam!    |     ^^^^^^^^^^^^^^^^
kablam!    |
kablam!    = help: items from traits can only be used if the trait is in scope; the following trait is implemented but not in scope, perhaps add a `use` for it:
kablam!    = help: candidate #1: `use std::str::FromStr;`
kablam! 
kablam! error: no associated item named `from_str` found for type `std::string::String` in the current scope
kablam!   --> src/main.rs:68:25
kablam!    |
kablam! 68 |     let src = Path::new(String::from_str(arg.as_slice()));
kablam!    |                         ^^^^^^^^^^^^^^^^
kablam!    |
kablam!    = help: items from traits can only be used if the trait is in scope; the following trait is implemented but not in scope, perhaps add a `use` for it:
kablam!    = help: candidate #1: `use std::str::FromStr;`
kablam! 
kablam! error: no method named `as_slice` found for type `std::string::String` in the current scope
kablam!   --> src/main.rs:69:51
kablam!    |
kablam! 69 |     let target = get_cache_path(Path::new(cleaned.as_slice()));
kablam!    |                                                   ^^^^^^^^
kablam! 
kablam! error: no method named `as_slice` found for type `std::string::String` in the current scope
kablam!   --> src/main.rs:71:51
kablam!    |
kablam! 71 |     let cached = has_cache(arg.as_slice(), target.as_slice());
kablam!    |                                                   ^^^^^^^^
kablam! 
kablam! error: no method named `as_slice` found for type `std::string::String` in the current scope
kablam!   --> src/main.rs:73:54
kablam!    |
kablam! 73 |         compiler::compile_file(src, Path::new(target.as_slice()), Some(sysroot));
kablam!    |                                                      ^^^^^^^^
kablam! 
kablam! error: aborting due to 13 previous errors
kablam! 
kablam! error: Could not compile `oxidize`.
kablam! 
kablam! To learn more, run the command again with --verbose.
boom! running `docker rm -f b36d24fc2358923f2bb048148317725a248bba17233d2127127a00b45c40532c`
blam! b36d24fc2358923f2bb048148317725a248bba17233d2127127a00b45c40532c
