boom! testing woot-0.1.2 against nightly for nightly
boom! running: cargo +nightly build --frozen
boom! creating container for: cargo +nightly build --frozen
boom! running `docker create -v /home/ec2-user/cargobomb/./work/local/test-source/nightly/nightly:/source:ro -v /home/ec2-user/cargobomb/./work/local/cargo-home:/cargo-home:ro -v /home/ec2-user/cargobomb/./work/local/rustup-home:/rustup-home:ro -v /home/ec2-user/cargobomb/./work/local/target-dirs/nightly/nightly:/target:rw -e USER_ID=500 -e CMD=cargo +nightly build --frozen cargobomb`
blam! 19da1f0d4be65323ad8adcc3c4da2315dda2c958e726af58b510a35085329b13
boom! running `docker start -a 19da1f0d4be65323ad8adcc3c4da2315dda2c958e726af58b510a35085329b13`
kablam!    Compiling woot v0.1.2 (file:///source)
kablam!     Finished dev [unoptimized + debuginfo] target(s) in 1.35 secs
boom! running `docker rm -f 19da1f0d4be65323ad8adcc3c4da2315dda2c958e726af58b510a35085329b13`
blam! 19da1f0d4be65323ad8adcc3c4da2315dda2c958e726af58b510a35085329b13
boom! running: cargo +nightly test --frozen --no-run
boom! creating container for: cargo +nightly test --frozen --no-run
boom! running `docker create -v /home/ec2-user/cargobomb/./work/local/test-source/nightly/nightly:/source:ro -v /home/ec2-user/cargobomb/./work/local/cargo-home:/cargo-home:ro -v /home/ec2-user/cargobomb/./work/local/rustup-home:/rustup-home:ro -v /home/ec2-user/cargobomb/./work/local/target-dirs/nightly/nightly:/target:rw -e USER_ID=500 -e CMD=cargo +nightly test --frozen --no-run cargobomb`
blam! df5dbee5801f335ece4ea521704dee4f12e12b9bcb62e12e6c1abbf4ef4b334e
boom! running `docker start -a df5dbee5801f335ece4ea521704dee4f12e12b9bcb62e12e6c1abbf4ef4b334e`
kablam!    Compiling woot v0.1.2 (file:///source)
kablam! error[E0243]: wrong number of type arguments: expected 2, found 1
kablam!  --> tests/brute.rs:8:10
kablam!   |
kablam! 8 | type W = WString<u8>;
kablam!   |          ^^^^^^^^^^^ expected 2 type arguments
kablam! 
kablam! error[E0243]: wrong number of type arguments: expected 2, found 1
kablam!   --> tests/brute.rs:10:23
kablam!    |
kablam! 10 | struct E (u64, usize, Operation<u8>);
kablam!    |                       ^^^^^^^^^^^^^ expected 2 type arguments
kablam! 
kablam! error: aborting due to 2 previous errors
kablam! 
kablam! error: Could not compile `woot`.
blam! Build failed, waiting for other jobs to finish...
kablam! error[E0061]: this function takes 3 parameters but 2 parameters were supplied
kablam!  --> tests/tp2.rs:7:11
kablam!   |
kablam! 7 |     s.ins(0, 'a');
kablam!   |           ^^^^^^ expected 3 parameters
kablam! 
kablam! error[E0061]: this function takes 3 parameters but 2 parameters were supplied
kablam!  --> tests/tp2.rs:9:11
kablam!   |
kablam! 9 |     s.ins(1, 'b');
kablam!   |           ^^^^^^ expected 3 parameters
kablam! 
kablam! error[E0061]: this function takes 3 parameters but 2 parameters were supplied
kablam!   --> tests/tp2.rs:11:11
kablam!    |
kablam! 11 |     s.ins(2, 'c');
kablam!    |           ^^^^^^ expected 3 parameters
kablam! 
kablam! error[E0061]: this function takes 3 parameters but 2 parameters were supplied
kablam!   --> tests/tp2.rs:13:11
kablam!    |
kablam! 13 |     s.ins(3, 'd');
kablam!    |           ^^^^^^ expected 3 parameters
kablam! 
kablam! error: no method named `clone` found for type `woot::WString<_, _>` in the current scope
kablam!   --> tests/tp2.rs:16:20
kablam!    |
kablam! 16 |     let mut s1 = s.clone();
kablam!    |                    ^^^^^
kablam! 
kablam! error: no method named `clone` found for type `woot::WString<_, _>` in the current scope
kablam!   --> tests/tp2.rs:17:20
kablam!    |
kablam! 17 |     let mut s2 = s.clone();
kablam!    |                    ^^^^^
kablam! 
kablam! error: no method named `clone` found for type `woot::WString<_, _>` in the current scope
kablam!   --> tests/tp2.rs:18:20
kablam!    |
kablam! 18 |     let mut s3 = s.clone();
kablam!    |                    ^^^^^
kablam! 
kablam! error: aborting due to 7 previous errors
kablam! 
kablam! error: Could not compile `woot`.
blam! Build failed, waiting for other jobs to finish...
kablam! error: build failed
boom! running `docker rm -f df5dbee5801f335ece4ea521704dee4f12e12b9bcb62e12e6c1abbf4ef4b334e`
blam! df5dbee5801f335ece4ea521704dee4f12e12b9bcb62e12e6c1abbf4ef4b334e
boom! running: cargo +nightly test --frozen
boom! creating container for: cargo +nightly test --frozen
boom! running `docker create -v /home/ec2-user/cargobomb/./work/local/test-source/nightly/nightly:/source:ro -v /home/ec2-user/cargobomb/./work/local/cargo-home:/cargo-home:ro -v /home/ec2-user/cargobomb/./work/local/rustup-home:/rustup-home:ro -v /home/ec2-user/cargobomb/./work/local/target-dirs/nightly/nightly:/target:rw -e USER_ID=500 -e CMD=cargo +nightly test --frozen cargobomb`
blam! 2500d731ac64ca3f57223c624695a73cdc0225f2be5ab433ed80f97262244d5e
boom! running `docker start -a 2500d731ac64ca3f57223c624695a73cdc0225f2be5ab433ed80f97262244d5e`
kablam!    Compiling woot v0.1.2 (file:///source)
kablam! error[E0243]: wrong number of type arguments: expected 2, found 1
kablam!  --> tests/brute.rs:8:10
kablam!   |
kablam! 8 | type W = WString<u8>;
kablam!   |          ^^^^^^^^^^^ expected 2 type arguments
kablam! 
kablam! error[E0243]: wrong number of type arguments: expected 2, found 1
kablam!   --> tests/brute.rs:10:23
kablam!    |
kablam! 10 | struct E (u64, usize, Operation<u8>);
kablam!    |                       ^^^^^^^^^^^^^ expected 2 type arguments
kablam! 
kablam! error: aborting due to 2 previous errors
kablam! 
blam! Build failed, waiting for other jobs to finish...
kablam! error: Could not compile `woot`.
kablam! error[E0061]: this function takes 3 parameters but 2 parameters were supplied
kablam!  --> tests/tp2.rs:7:11
kablam!   |
kablam! 7 |     s.ins(0, 'a');
kablam!   |           ^^^^^^ expected 3 parameters
kablam! 
kablam! error[E0061]: this function takes 3 parameters but 2 parameters were supplied
kablam!  --> tests/tp2.rs:9:11
kablam!   |
kablam! 9 |     s.ins(1, 'b');
kablam!   |           ^^^^^^ expected 3 parameters
kablam! 
kablam! error[E0061]: this function takes 3 parameters but 2 parameters were supplied
kablam!   --> tests/tp2.rs:11:11
kablam!    |
kablam! 11 |     s.ins(2, 'c');
kablam!    |           ^^^^^^ expected 3 parameters
kablam! 
kablam! error[E0061]: this function takes 3 parameters but 2 parameters were supplied
kablam!   --> tests/tp2.rs:13:11
kablam!    |
kablam! 13 |     s.ins(3, 'd');
kablam!    |           ^^^^^^ expected 3 parameters
kablam! 
kablam! error: no method named `clone` found for type `woot::WString<_, _>` in the current scope
kablam!   --> tests/tp2.rs:16:20
kablam!    |
kablam! 16 |     let mut s1 = s.clone();
kablam!    |                    ^^^^^
kablam! 
kablam! error: no method named `clone` found for type `woot::WString<_, _>` in the current scope
kablam!   --> tests/tp2.rs:17:20
kablam!    |
kablam! 17 |     let mut s2 = s.clone();
kablam!    |                    ^^^^^
kablam! 
kablam! error: no method named `clone` found for type `woot::WString<_, _>` in the current scope
kablam!   --> tests/tp2.rs:18:20
kablam!    |
kablam! 18 |     let mut s3 = s.clone();
kablam!    |                    ^^^^^
kablam! 
kablam! error: aborting due to 7 previous errors
kablam! 
kablam! error: build failed
boom! running `docker rm -f 2500d731ac64ca3f57223c624695a73cdc0225f2be5ab433ed80f97262244d5e`
blam! 2500d731ac64ca3f57223c624695a73cdc0225f2be5ab433ed80f97262244d5e
