boom! testing opal-0.1.1 against beta for beta
boom! running: cargo +beta build --frozen
boom! creating container for: cargo +beta build --frozen
boom! running `docker create -v /home/ec2-user/cargobomb/./work/local/test-source/beta/beta:/source:ro -v /home/ec2-user/cargobomb/./work/local/cargo-home:/cargo-home:ro -v /home/ec2-user/cargobomb/./work/local/rustup-home:/rustup-home:ro -v /home/ec2-user/cargobomb/./work/local/target-dirs/beta/beta:/target:rw -e USER_ID=500 -e CMD=cargo +beta build --frozen cargobomb`
blam! 41b0eaf70aa00c20180bf86b2e272769b649bffb5945bdb9c8e0752c7f475fbf
boom! running `docker start -a 41b0eaf70aa00c20180bf86b2e272769b649bffb5945bdb9c8e0752c7f475fbf`
kablam!    Compiling opal v0.1.1 (file:///source)
kablam! error[E0554]: #[feature] may not be used on the beta release channel
kablam!  --> src/lib.rs:1:1
kablam!   |
kablam! 1 | #![feature(core)]
kablam!   | ^^^^^^^^^^^^^^^^^
kablam! 
kablam! error[E0554]: #[feature] may not be used on the beta release channel
kablam!  --> src/lib.rs:2:1
kablam!   |
kablam! 2 | #![feature(custom_derive)]
kablam!   | ^^^^^^^^^^^^^^^^^^^^^^^^^^
kablam! 
kablam! error: aborting due to 2 previous errors
kablam! 
kablam! error: Could not compile `opal`.
kablam! 
kablam! To learn more, run the command again with --verbose.
boom! running `docker rm -f 41b0eaf70aa00c20180bf86b2e272769b649bffb5945bdb9c8e0752c7f475fbf`
blam! 41b0eaf70aa00c20180bf86b2e272769b649bffb5945bdb9c8e0752c7f475fbf
