boom! testing rayon-0.6.0 against stable for nightly
boom! running: cargo +stable build --frozen
boom! creating container for: cargo +stable build --frozen
boom! running `docker create -v /home/ec2-user/cargobomb/./work/local/test-source/nightly/stable:/source:ro -v /home/ec2-user/cargobomb/./work/local/cargo-home:/cargo-home:ro -v /home/ec2-user/cargobomb/./work/local/rustup-home:/rustup-home:ro -v /home/ec2-user/cargobomb/./work/local/target-dirs/nightly/stable:/target:rw -e USER_ID=500 -e CMD=cargo +stable build --frozen cargobomb`
blam! 878e72fb06db7d7ce010be830c8ca83fb07f1359c886df296adfae32c1caec78
boom! running `docker start -a 878e72fb06db7d7ce010be830c8ca83fb07f1359c886df296adfae32c1caec78`
kablam!    Compiling rayon v0.6.0 (file:///source)
kablam! warning: struct is never used: `HeapJob`, #[warn(dead_code)] on by default
kablam!    --> src/job.rs:130:1
kablam!     |
kablam! 130 | pub struct HeapJob<BODY>
kablam!     | ^
kablam! 
kablam! warning: method is never used: `new`, #[warn(dead_code)] on by default
kablam!    --> src/job.rs:139:5
kablam!     |
kablam! 139 |     pub fn new(func: BODY) -> Self {
kablam!     |     ^
kablam! 
kablam! warning: method is never used: `as_job_ref`, #[warn(dead_code)] on by default
kablam!    --> src/job.rs:146:5
kablam!     |
kablam! 146 |     pub unsafe fn as_job_ref(self: Box<Self>) -> JobRef {
kablam!     |     ^
kablam! 
kablam! warning: method is never used: `bump_spawn_count`, #[warn(dead_code)] on by default
kablam!    --> src/thread_pool.rs:334:5
kablam!     |
kablam! 334 |     pub fn bump_spawn_count(&self) {
kablam!     |     ^
kablam! 
kablam!     Finished debug [unoptimized + debuginfo] target(s) in 3.24 secs
boom! running `docker rm -f 878e72fb06db7d7ce010be830c8ca83fb07f1359c886df296adfae32c1caec78`
blam! 878e72fb06db7d7ce010be830c8ca83fb07f1359c886df296adfae32c1caec78
boom! running: cargo +stable test --frozen --no-run
boom! creating container for: cargo +stable test --frozen --no-run
boom! running `docker create -v /home/ec2-user/cargobomb/./work/local/test-source/nightly/stable:/source:ro -v /home/ec2-user/cargobomb/./work/local/cargo-home:/cargo-home:ro -v /home/ec2-user/cargobomb/./work/local/rustup-home:/rustup-home:ro -v /home/ec2-user/cargobomb/./work/local/target-dirs/nightly/stable:/target:rw -e USER_ID=500 -e CMD=cargo +stable test --frozen --no-run cargobomb`
blam! 08543e2a1de58159abbf781fb217773a547fdf6dceae3c02cac1092c7fc4d750
boom! running `docker start -a 08543e2a1de58159abbf781fb217773a547fdf6dceae3c02cac1092c7fc4d750`
kablam!    Compiling compiletest_rs v0.2.5
kablam!    Compiling num v0.1.36
kablam! error[E0554]: #[feature] may not be used on the stable release channel
kablam!   --> /cargo-home/registry/src/github.com-1ecc6299db9ec823/compiletest_rs-0.2.5/src/compiletest.rs:13:1
kablam!    |
kablam! 13 | #![feature(rustc_private)]
kablam!    | ^^^^^^^^^^^^^^^^^^^^^^^^^^
kablam! 
kablam! error[E0554]: #[feature] may not be used on the stable release channel
kablam!   --> /cargo-home/registry/src/github.com-1ecc6299db9ec823/compiletest_rs-0.2.5/src/compiletest.rs:14:1
kablam!    |
kablam! 14 | #![feature(test)]
kablam!    | ^^^^^^^^^^^^^^^^^
kablam! 
kablam! error: aborting due to 2 previous errors
kablam! 
kablam! error: Could not compile `compiletest_rs`.
kablam! 
kablam! To learn more, run the command again with --verbose.
boom! running `docker rm -f 08543e2a1de58159abbf781fb217773a547fdf6dceae3c02cac1092c7fc4d750`
blam! 08543e2a1de58159abbf781fb217773a547fdf6dceae3c02cac1092c7fc4d750
boom! running: cargo +stable test --frozen
boom! creating container for: cargo +stable test --frozen
boom! running `docker create -v /home/ec2-user/cargobomb/./work/local/test-source/nightly/stable:/source:ro -v /home/ec2-user/cargobomb/./work/local/cargo-home:/cargo-home:ro -v /home/ec2-user/cargobomb/./work/local/rustup-home:/rustup-home:ro -v /home/ec2-user/cargobomb/./work/local/target-dirs/nightly/stable:/target:rw -e USER_ID=500 -e CMD=cargo +stable test --frozen cargobomb`
blam! 6f2bdd612e0ae8628cf8c6d053034e59dae42136e202a4010c9ee538d7a46d59
boom! running `docker start -a 6f2bdd612e0ae8628cf8c6d053034e59dae42136e202a4010c9ee538d7a46d59`
kablam!    Compiling compiletest_rs v0.2.5
kablam! error[E0554]: #[feature] may not be used on the stable release channel
kablam!   --> /cargo-home/registry/src/github.com-1ecc6299db9ec823/compiletest_rs-0.2.5/src/compiletest.rs:13:1
kablam!    |
kablam! 13 | #![feature(rustc_private)]
kablam!    | ^^^^^^^^^^^^^^^^^^^^^^^^^^
kablam! 
kablam! error[E0554]: #[feature] may not be used on the stable release channel
kablam!   --> /cargo-home/registry/src/github.com-1ecc6299db9ec823/compiletest_rs-0.2.5/src/compiletest.rs:14:1
kablam!    |
kablam! 14 | #![feature(test)]
kablam!    | ^^^^^^^^^^^^^^^^^
kablam! 
kablam! error: aborting due to 2 previous errors
kablam! 
kablam! error: Could not compile `compiletest_rs`.
kablam! 
kablam! To learn more, run the command again with --verbose.
boom! running `docker rm -f 6f2bdd612e0ae8628cf8c6d053034e59dae42136e202a4010c9ee538d7a46d59`
blam! 6f2bdd612e0ae8628cf8c6d053034e59dae42136e202a4010c9ee538d7a46d59
