boom! testing tempdir-0.3.5 against stable for beta
boom! running: cargo +stable build --frozen
boom! creating container for: cargo +stable build --frozen
boom! running `docker create -v /home/ec2-user/cargobomb/./work/local/test-source/beta/stable:/source:ro -v /home/ec2-user/cargobomb/./work/local/cargo-home:/cargo-home:ro -v /home/ec2-user/cargobomb/./work/local/rustup-home:/rustup-home:ro -v /home/ec2-user/cargobomb/./work/local/target-dirs/beta/stable:/target:rw -e USER_ID=500 -e CMD=cargo +stable build --frozen cargobomb`
blam! ae41e66b6570b10dab00a18c0f13a73d538dc88057a74d05e9c6bf6c52647d39
boom! running `docker start -a ae41e66b6570b10dab00a18c0f13a73d538dc88057a74d05e9c6bf6c52647d39`
kablam!    Compiling tempdir v0.3.5 (file:///source)
kablam!     Finished debug [unoptimized + debuginfo] target(s) in 1.83 secs
boom! running `docker rm -f ae41e66b6570b10dab00a18c0f13a73d538dc88057a74d05e9c6bf6c52647d39`
blam! ae41e66b6570b10dab00a18c0f13a73d538dc88057a74d05e9c6bf6c52647d39
boom! running: cargo +stable test --frozen --no-run
boom! creating container for: cargo +stable test --frozen --no-run
boom! running `docker create -v /home/ec2-user/cargobomb/./work/local/test-source/beta/stable:/source:ro -v /home/ec2-user/cargobomb/./work/local/cargo-home:/cargo-home:ro -v /home/ec2-user/cargobomb/./work/local/rustup-home:/rustup-home:ro -v /home/ec2-user/cargobomb/./work/local/target-dirs/beta/stable:/target:rw -e USER_ID=500 -e CMD=cargo +stable test --frozen --no-run cargobomb`
blam! a7f211cae0f8855f1ac4f2f764bb7642511802fb4ff9b405c658d9aca3ba5d04
boom! running `docker start -a a7f211cae0f8855f1ac4f2f764bb7642511802fb4ff9b405c658d9aca3ba5d04`
kablam!    Compiling tempdir v0.3.5 (file:///source)
kablam!     Finished debug [unoptimized + debuginfo] target(s) in 4.48 secs
boom! running `docker rm -f a7f211cae0f8855f1ac4f2f764bb7642511802fb4ff9b405c658d9aca3ba5d04`
blam! a7f211cae0f8855f1ac4f2f764bb7642511802fb4ff9b405c658d9aca3ba5d04
boom! running: cargo +stable test --frozen
boom! creating container for: cargo +stable test --frozen
boom! running `docker create -v /home/ec2-user/cargobomb/./work/local/test-source/beta/stable:/source:ro -v /home/ec2-user/cargobomb/./work/local/cargo-home:/cargo-home:ro -v /home/ec2-user/cargobomb/./work/local/rustup-home:/rustup-home:ro -v /home/ec2-user/cargobomb/./work/local/target-dirs/beta/stable:/target:rw -e USER_ID=500 -e CMD=cargo +stable test --frozen cargobomb`
blam! dfdf10b8c27f1a3bafb003254a34a7405288f3c7e7712d4f129f11ed484f875e
boom! running `docker start -a dfdf10b8c27f1a3bafb003254a34a7405288f3c7e7712d4f129f11ed484f875e`
kablam!     Finished debug [unoptimized + debuginfo] target(s) in 0.0 secs
kablam!      Running /target/debug/deps/smoke-61e18b909de67cc7
blam! 
blam! running 1 test
kablam! thread '<unnamed>' panicked at 'panic to unwind past `tmp`', tests/smoke.rs:52
kablam! note: Run with `RUST_BACKTRACE=1` for a backtrace.
kablam! thread '<unnamed>' panicked at 'panic to unwind past `tmp`', tests/smoke.rs:62
kablam! thread '<unnamed>' panicked at 'panic when unwinding past `tmp`', tests/smoke.rs:95
kablam! thread '<unnamed>' panicked at 'panic when unwinding past `tmp`', tests/smoke.rs:106
kablam! thread '<unnamed>' panicked at 'explicit panic', tests/smoke.rs:196
blam! test main ... ok
blam! 
blam! test result: ok. 1 passed; 0 failed; 0 ignored; 0 measured
blam! 
kablam!      Running /target/debug/deps/tempdir-8938b485c24a8295
blam! 
blam! running 0 tests
blam! 
blam! test result: ok. 0 passed; 0 failed; 0 ignored; 0 measured
blam! 
kablam!    Doc-tests tempdir
blam! 
blam! running 6 tests
blam! test TempDir::into_path_0 ... ok
blam! test TempDir::close_0 ... ok
blam! test TempDir::new_0 ... ok
blam! test TempDir::new_in_0 ... FAILED
blam! test _0 ... ok
blam! test TempDir::path_0 ... ok
blam! 
blam! failures:
blam! 
blam! ---- TempDir::new_in_0 stdout ----
blam! 	warning: unused import: `self`, #[warn(unused_imports)] on by default
blam!  --> <anon>:3:15
blam!   |
blam! 3 | use std::fs::{self, File};
blam!   |               ^^^^
blam! 
blam! thread 'TempDir::new_in_0' panicked at 'test executable failed:
blam! 
blam! thread 'main' panicked at 'create temp dir: Error { repr: Os { code: 30, message: "Read-only file system" } }', /buildslave/rust-buildbot/slave/stable-dist-rustc-linux/build/src/libcore/result.rs:837
blam! note: Run with `RUST_BACKTRACE=1` for a backtrace.
blam! ', /buildslave/rust-buildbot/slave/stable-dist-rustc-linux/build/src/librustdoc/test.rs:301
blam! note: Run with `RUST_BACKTRACE=1` for a backtrace.
blam! 
blam! 
blam! failures:
blam!     TempDir::new_in_0
blam! 
blam! test result: FAILED. 5 passed; 1 failed; 0 ignored; 0 measured
blam! 
kablam! error: test failed
boom! running `docker rm -f dfdf10b8c27f1a3bafb003254a34a7405288f3c7e7712d4f129f11ed484f875e`
blam! dfdf10b8c27f1a3bafb003254a34a7405288f3c7e7712d4f129f11ed484f875e
