boom! testing libgitmask-0.1.0 against nightly for nightly
boom! running: cargo +nightly build --frozen
boom! creating container for: cargo +nightly build --frozen
boom! running `docker create -v /home/ec2-user/cargobomb/./work/local/test-source/nightly/nightly:/source:ro -v /home/ec2-user/cargobomb/./work/local/cargo-home:/cargo-home:ro -v /home/ec2-user/cargobomb/./work/local/rustup-home:/rustup-home:ro -v /home/ec2-user/cargobomb/./work/local/target-dirs/nightly/nightly:/target:rw -e USER_ID=500 -e CMD=cargo +nightly build --frozen cargobomb`
blam! 23d616717146233db11039ab97be1b29d0924c936a05b633af254414f0e7af47
boom! running `docker start -a 23d616717146233db11039ab97be1b29d0924c936a05b633af254414f0e7af47`
kablam!    Compiling libsqlite3-sys v0.7.1
kablam!    Compiling barnacl_sys v0.1.1
kablam!    Compiling libgitmask v0.1.0 (file:///source)
blam! Build failed, waiting for other jobs to finish...
kablam! error: failed to run custom build command for `barnacl_sys v0.1.1`
kablam! process didn't exit successfully: `/target/debug/build/barnacl_sys-4a4922c64c2a49c5/build-script-build` (exit code: 101)
kablam! --- stderr
kablam! ./autogen.sh: 13: ./autogen.sh: libtoolize: not found
kablam! thread 'main' panicked at 'assertion failed: status.success()', /cargo-home/registry/src/github.com-1ecc6299db9ec823/barnacl_sys-0.1.1/build.rs:50
kablam! note: Run with `RUST_BACKTRACE=1` for a backtrace.
kablam! 
kablam! error[E0433]: failed to resolve. Use of undeclared type or module `Flags`
kablam!  --> build.rs:7:21
kablam!   |
kablam! 7 |     let mut flags = Flags::all();
kablam!   |                     ^^^^^^^^^^ Use of undeclared type or module `Flags`
kablam! 
kablam! error: aborting due to previous error
kablam! 
kablam! error: Could not compile `libgitmask`.
blam! Build failed, waiting for other jobs to finish...
kablam! error: build failed
boom! running `docker rm -f 23d616717146233db11039ab97be1b29d0924c936a05b633af254414f0e7af47`
blam! 23d616717146233db11039ab97be1b29d0924c936a05b633af254414f0e7af47
