boom! testing graphy_environment-0.3.0 against stable for nightly
boom! running: cargo +stable build --frozen
boom! creating container for: cargo +stable build --frozen
boom! running `docker create -v /home/ec2-user/cargobomb/./work/local/test-source/nightly/stable:/source:ro -v /home/ec2-user/cargobomb/./work/local/cargo-home:/cargo-home:ro -v /home/ec2-user/cargobomb/./work/local/rustup-home:/rustup-home:ro -v /home/ec2-user/cargobomb/./work/local/target-dirs/nightly/stable:/target:rw -e USER_ID=500 -e CMD=cargo +stable build --frozen cargobomb`
blam! 195d41f453190d06b163b0abd559d42987c9b5565c0f834e79343c6923f71d73
boom! running `docker start -a 195d41f453190d06b163b0abd559d42987c9b5565c0f834e79343c6923f71d73`
kablam!    Compiling graphy_module v0.3.0
kablam!    Compiling graphy_dll v0.3.0
kablam! error[E0308]: mismatched types
kablam!   --> /cargo-home/registry/src/github.com-1ecc6299db9ec823/graphy_dll-0.3.0/build.rs:15:29
kablam!    |
kablam! 15 |     serde_codegen::register(&mut registry);
kablam!    |                             ^^^^^^^^^^^^^ expected struct `syntex::Registry`, found a different struct `syntex::Registry`
kablam!    |
kablam!    = note: expected type `&mut syntex::Registry` (struct `syntex::Registry`)
kablam!               found type `&mut syntex::Registry` (struct `syntex::Registry`)
kablam! note: Perhaps two different versions of crate `syntex` are being used?
kablam!   --> /cargo-home/registry/src/github.com-1ecc6299db9ec823/graphy_dll-0.3.0/build.rs:15:29
kablam!    |
kablam! 15 |     serde_codegen::register(&mut registry);
kablam!    |                             ^^^^^^^^^^^^^
kablam! 
kablam! error: aborting due to previous error
kablam! 
blam! Build failed, waiting for other jobs to finish...
kablam! error: Could not compile `graphy_dll`.
kablam! error[E0308]: mismatched types
kablam!   --> /cargo-home/registry/src/github.com-1ecc6299db9ec823/graphy_module-0.3.0/build.rs:15:29
kablam!    |
kablam! 15 |     serde_codegen::register(&mut registry);
kablam!    |                             ^^^^^^^^^^^^^ expected struct `syntex::Registry`, found a different struct `syntex::Registry`
kablam!    |
kablam!    = note: expected type `&mut syntex::Registry` (struct `syntex::Registry`)
kablam!               found type `&mut syntex::Registry` (struct `syntex::Registry`)
kablam! note: Perhaps two different versions of crate `syntex` are being used?
kablam!   --> /cargo-home/registry/src/github.com-1ecc6299db9ec823/graphy_module-0.3.0/build.rs:15:29
kablam!    |
kablam! 15 |     serde_codegen::register(&mut registry);
kablam!    |                             ^^^^^^^^^^^^^
kablam! 
kablam! error: aborting due to previous error
kablam! 
kablam! error: build failed
boom! running `docker rm -f 195d41f453190d06b163b0abd559d42987c9b5565c0f834e79343c6923f71d73`
blam! 195d41f453190d06b163b0abd559d42987c9b5565c0f834e79343c6923f71d73
