boom! testing git-brws-0.6.0 against stable for beta
boom! running: cargo +stable build --frozen
boom! creating container for: cargo +stable build --frozen
boom! running `docker create -v /home/ec2-user/cargobomb/./work/local/test-source/beta/stable:/source:ro -v /home/ec2-user/cargobomb/./work/local/cargo-home:/cargo-home:ro -v /home/ec2-user/cargobomb/./work/local/rustup-home:/rustup-home:ro -v /home/ec2-user/cargobomb/./work/local/target-dirs/beta/stable:/target:rw -e USER_ID=500 -e CMD=cargo +stable build --frozen cargobomb`
blam! 480fd22cbd270c1bfe0dfa2a8a7800499e262cf251aabc3fb242729c52c59a10
boom! running `docker start -a 480fd22cbd270c1bfe0dfa2a8a7800499e262cf251aabc3fb242729c52c59a10`
kablam!    Compiling git-brws v0.6.0 (file:///source)
kablam!     Finished debug [unoptimized + debuginfo] target(s) in 3.83 secs
boom! running `docker rm -f 480fd22cbd270c1bfe0dfa2a8a7800499e262cf251aabc3fb242729c52c59a10`
blam! 480fd22cbd270c1bfe0dfa2a8a7800499e262cf251aabc3fb242729c52c59a10
boom! running: cargo +stable test --frozen --no-run
boom! creating container for: cargo +stable test --frozen --no-run
boom! running `docker create -v /home/ec2-user/cargobomb/./work/local/test-source/beta/stable:/source:ro -v /home/ec2-user/cargobomb/./work/local/cargo-home:/cargo-home:ro -v /home/ec2-user/cargobomb/./work/local/rustup-home:/rustup-home:ro -v /home/ec2-user/cargobomb/./work/local/target-dirs/beta/stable:/target:rw -e USER_ID=500 -e CMD=cargo +stable test --frozen --no-run cargobomb`
blam! b3d51c1fa12b961c0cc7e2128ece065a95cbc3076f3d7a13f2736186e0652a0d
boom! running `docker start -a b3d51c1fa12b961c0cc7e2128ece065a95cbc3076f3d7a13f2736186e0652a0d`
kablam!    Compiling git-brws v0.6.0 (file:///source)
kablam!     Finished debug [unoptimized + debuginfo] target(s) in 3.7 secs
boom! running `docker rm -f b3d51c1fa12b961c0cc7e2128ece065a95cbc3076f3d7a13f2736186e0652a0d`
blam! b3d51c1fa12b961c0cc7e2128ece065a95cbc3076f3d7a13f2736186e0652a0d
boom! running: cargo +stable test --frozen
boom! creating container for: cargo +stable test --frozen
boom! running `docker create -v /home/ec2-user/cargobomb/./work/local/test-source/beta/stable:/source:ro -v /home/ec2-user/cargobomb/./work/local/cargo-home:/cargo-home:ro -v /home/ec2-user/cargobomb/./work/local/rustup-home:/rustup-home:ro -v /home/ec2-user/cargobomb/./work/local/target-dirs/beta/stable:/target:rw -e USER_ID=500 -e CMD=cargo +stable test --frozen cargobomb`
blam! b61573ec7550df5cb1735c873814c37e4d0507d285a7d9542134317cda988f65
boom! running `docker start -a b61573ec7550df5cb1735c873814c37e4d0507d285a7d9542134317cda988f65`
kablam!     Finished debug [unoptimized + debuginfo] target(s) in 0.0 secs
kablam!      Running /target/debug/deps/git_brws-4f9ae0c47f5b01fc
blam! 
blam! running 30 tests
blam! test test::argv::help_option ... ok
blam! test test::argv::no_option ... FAILED
blam! test test::argv::detect_git_dir ... FAILED
blam! test test::argv::unknown_options ... ok
blam! test test::argv::repo_formatting ... FAILED
blam! test test::argv::ssh_conversion_with_option ... FAILED
blam! test test::argv::version_option ... ok
blam! test test::argv::with_options ... FAILED
blam! test test::page::file_for_unknown_commit ... ok
blam! test test::command::smoke ... ok
blam! test test::page::file_at_specific_commit ... FAILED
blam! test test::page::not_exsiting_file ... ok
blam! test test::page::parse_commit_ref ... FAILED
blam! test test::page::parse_empty_args ... ok
blam! test test::page::parse_diff ... FAILED
blam! test test::page::parse_file_or_dir ... FAILED
blam! test test::page::parse_file_line ... FAILED
blam! test test::page::wrong_num_of_args ... ok
blam! test test::page::parse_diff_ref_name ... FAILED
blam! test test::service::convert_ssh_url ... ok
blam! test test::page::parse_short_commit_hash ... FAILED
blam! test test::service::invalid_repo_url ... ok
blam! test test::page::unknown_diff ... ok
blam! test test::service::parse_and_build_commit_page ... FAILED
blam! test test::service::customized_host_ssh_port ... ok
blam! test test::service::parse_and_build_diff_page ... ok
blam! test test::service::parse_and_build_file_page ... ok
blam! test test::service::parse_and_build_open_page ... ok
blam! test test::service::parse_and_build_open_branch_page ... ok
blam! test test::service::parse_and_build_file_page_with_line_number ... ok
blam! 
blam! failures:
blam! 
blam! ---- test::argv::no_option stdout ----
blam! 	thread 'test::argv::no_option' panicked at 'called `Result::unwrap()` on an `Err` value: "Git command exited with non-zero status: fatal: Not a git repository (or any parent up to mount point /source)\nStopping at filesystem boundary (GIT_DISCOVERY_ACROSS_FILESYSTEM not set).\n"', /buildslave/rust-buildbot/slave/stable-dist-rustc-linux/build/src/libcore/result.rs:837
blam! note: Run with `RUST_BACKTRACE=1` for a backtrace.
blam! 
blam! ---- test::argv::detect_git_dir stdout ----
blam! 	thread 'test::argv::detect_git_dir' panicked at 'called `Result::unwrap()` on an `Err` value: "Git command exited with non-zero status: fatal: Not a git repository (or any parent up to mount point /source)\nStopping at filesystem boundary (GIT_DISCOVERY_ACROSS_FILESYSTEM not set).\n"', /buildslave/rust-buildbot/slave/stable-dist-rustc-linux/build/src/libcore/result.rs:837
blam! 
blam! ---- test::argv::repo_formatting stdout ----
blam! 	thread 'test::argv::repo_formatting' panicked at 'called `Result::unwrap()` on an `Err` value: "Git command exited with non-zero status: fatal: Not a git repository (or any parent up to mount point /source)\nStopping at filesystem boundary (GIT_DISCOVERY_ACROSS_FILESYSTEM not set).\n"', /buildslave/rust-buildbot/slave/stable-dist-rustc-linux/build/src/libcore/result.rs:837
blam! 
blam! ---- test::argv::ssh_conversion_with_option stdout ----
blam! 	thread 'test::argv::ssh_conversion_with_option' panicked at 'called `Result::unwrap()` on an `Err` value: "Git command exited with non-zero status: fatal: Not a git repository (or any parent up to mount point /source)\nStopping at filesystem boundary (GIT_DISCOVERY_ACROSS_FILESYSTEM not set).\n"', /buildslave/rust-buildbot/slave/stable-dist-rustc-linux/build/src/libcore/result.rs:837
blam! 
blam! ---- test::argv::with_options stdout ----
blam! 	thread 'test::argv::with_options' panicked at 'called `Result::unwrap()` on an `Err` value: "Git command exited with non-zero status: fatal: Not a git repository (or any parent up to mount point /source)\nStopping at filesystem boundary (GIT_DISCOVERY_ACROSS_FILESYSTEM not set).\n"', /buildslave/rust-buildbot/slave/stable-dist-rustc-linux/build/src/libcore/result.rs:837
blam! 
blam! ---- test::page::file_at_specific_commit stdout ----
blam! 	thread 'test::page::file_at_specific_commit' panicked at 'called `Result::unwrap()` on an `Err` value: "Error on parsing command line arguments\n  Unable to locate file \'README.md\': No such file or directory (os error 2)\n  Diff format must be specified as LHS..RHS but found README.md\nGit command exited with non-zero status (git-dir: \'/source/.git\', args: \'[\"rev-parse\", \"README.md\"]\'): fatal: Not a git repository: \'/source/.git\'\n"', /buildslave/rust-buildbot/slave/stable-dist-rustc-linux/build/src/libcore/result.rs:837
blam! 
blam! ---- test::page::parse_commit_ref stdout ----
blam! 	thread 'test::page::parse_commit_ref' panicked at 'called `Result::unwrap()` on an `Err` value: "Error on parsing command line arguments\n  Unable to locate file \'HEAD\': No such file or directory (os error 2)\n  Diff format must be specified as LHS..RHS but found HEAD\nGit command exited with non-zero status (git-dir: \'/source/.git\', args: \'[\"rev-parse\", \"HEAD\"]\'): fatal: Not a git repository: \'/source/.git\'\n"', /buildslave/rust-buildbot/slave/stable-dist-rustc-linux/build/src/libcore/result.rs:837
blam! 
blam! ---- test::page::parse_diff stdout ----
blam! 	thread 'test::page::parse_diff' panicked at 'called `Result::unwrap()` on an `Err` value: "Error on parsing command line arguments\n  Unable to locate file \'499edbb..bc869a1\': No such file or directory (os error 2)\nGit command exited with non-zero status (git-dir: \'/source/.git\', args: \'[\"rev-parse\", \"499edbb\"]\'): fatal: Not a git repository: \'/source/.git\'\n\nGit command exited with non-zero status (git-dir: \'/source/.git\', args: \'[\"rev-parse\", \"499edbb..bc869a1\"]\'): fatal: Not a git repository: \'/source/.git\'\n"', /buildslave/rust-buildbot/slave/stable-dist-rustc-linux/build/src/libcore/result.rs:837
blam! 
blam! ---- test::page::parse_file_or_dir stdout ----
blam! 	thread 'test::page::parse_file_or_dir' panicked at 'called `Result::unwrap()` on an `Err` value: "Error on parsing command line arguments\n  Unable to locate file \'./README.md\': No such file or directory (os error 2)\n  Diff format must be specified as LHS..RHS but found ./README.md\nGit command exited with non-zero status (git-dir: \'/source/.git\', args: \'[\"rev-parse\", \"./README.md\"]\'): fatal: Not a git repository: \'/source/.git\'\n"', /buildslave/rust-buildbot/slave/stable-dist-rustc-linux/build/src/libcore/result.rs:837
blam! 
blam! ---- test::page::parse_file_line stdout ----
blam! 	thread 'test::page::parse_file_line' panicked at 'called `Result::unwrap()` on an `Err` value: "Error on parsing command line arguments\n  Unable to locate file \'./README.md\': No such file or directory (os error 2)\n  Diff format must be specified as LHS..RHS but found ./README.md#21\nGit command exited with non-zero status (git-dir: \'/source/.git\', args: \'[\"rev-parse\", \"./README.md#21\"]\'): fatal: Not a git repository: \'/source/.git\'\n"', /buildslave/rust-buildbot/slave/stable-dist-rustc-linux/build/src/libcore/result.rs:837
blam! 
blam! ---- test::page::parse_diff_ref_name stdout ----
blam! 	thread 'test::page::parse_diff_ref_name' panicked at 'called `Result::unwrap()` on an `Err` value: "Error on parsing command line arguments\n  Unable to locate file \'HEAD^..HEAD\': No such file or directory (os error 2)\nGit command exited with non-zero status (git-dir: \'/source/.git\', args: \'[\"rev-parse\", \"HEAD^\"]\'): fatal: Not a git repository: \'/source/.git\'\n\nGit command exited with non-zero status (git-dir: \'/source/.git\', args: \'[\"rev-parse\", \"HEAD^..HEAD\"]\'): fatal: Not a git repository: \'/source/.git\'\n"', /buildslave/rust-buildbot/slave/stable-dist-rustc-linux/build/src/libcore/result.rs:837
blam! 
blam! ---- test::page::parse_short_commit_hash stdout ----
blam! 	thread 'test::page::parse_short_commit_hash' panicked at 'called `Result::unwrap()` on an `Err` value: "Error on parsing command line arguments\n  Unable to locate file \'499edbb\': No such file or directory (os error 2)\n  Diff format must be specified as LHS..RHS but found 499edbb\nGit command exited with non-zero status (git-dir: \'/source/.git\', args: \'[\"rev-parse\", \"499edbb\"]\'): fatal: Not a git repository: \'/source/.git\'\n"', /buildslave/rust-buildbot/slave/stable-dist-rustc-linux/build/src/libcore/result.rs:837
blam! 
blam! ---- test::service::parse_and_build_commit_page stdout ----
blam! 	thread 'test::service::parse_and_build_commit_page' panicked at 'assertion failed: `(left == right)` (left: `"https://github.somewhere.com:10022/user/repo/commit/90601f1037142605a32426f9ece0c07d479b9cc5"`, right: `"https://github.somewhere.com/user/repo/commit/90601f1037142605a32426f9ece0c07d479b9cc5"`)', src/test/service.rs:56
blam! 
blam! 
blam! failures:
blam!     test::argv::detect_git_dir
blam!     test::argv::no_option
blam!     test::argv::repo_formatting
blam!     test::argv::ssh_conversion_with_option
blam!     test::argv::with_options
blam!     test::page::file_at_specific_commit
blam!     test::page::parse_commit_ref
blam!     test::page::parse_diff
blam!     test::page::parse_diff_ref_name
blam!     test::page::parse_file_line
blam!     test::page::parse_file_or_dir
blam!     test::page::parse_short_commit_hash
blam!     test::service::parse_and_build_commit_page
blam! 
blam! test result: FAILED. 17 passed; 13 failed; 0 ignored; 0 measured
blam! 
kablam! error: test failed
boom! running `docker rm -f b61573ec7550df5cb1735c873814c37e4d0507d285a7d9542134317cda988f65`
blam! b61573ec7550df5cb1735c873814c37e4d0507d285a7d9542134317cda988f65
