boom! testing gnupg-0.2.0 against nightly for nightly
boom! running: cargo +nightly build --frozen
boom! creating container for: cargo +nightly build --frozen
boom! running `docker create -v /home/ec2-user/cargobomb/./work/local/test-source/nightly/nightly:/source:ro -v /home/ec2-user/cargobomb/./work/local/cargo-home:/cargo-home:ro -v /home/ec2-user/cargobomb/./work/local/rustup-home:/rustup-home:ro -v /home/ec2-user/cargobomb/./work/local/target-dirs/nightly/nightly:/target:rw -e USER_ID=500 -e CMD=cargo +nightly build --frozen cargobomb`
blam! 20f5056641e59b1ec7404b9fca0ba94324e03c3b842bf612d0c0f8fd176f0f51
boom! running `docker start -a 20f5056641e59b1ec7404b9fca0ba94324e03c3b842bf612d0c0f8fd176f0f51`
kablam!    Compiling clippy v0.0.5
kablam! error[E0432]: unresolved import `rustc::plugin::Registry`
kablam!   --> /cargo-home/registry/src/github.com-1ecc6299db9ec823/clippy-0.0.5/src/lib.rs:13:5
kablam!    |
kablam! 13 | use rustc::plugin::Registry;
kablam!    |     ^^^^^^^^^^^^^^^^^^^^^^^ Could not find `plugin` in `rustc`
kablam! 
kablam! error[E0432]: unresolved import `rustc::lint::LintPassObject`
kablam!   --> /cargo-home/registry/src/github.com-1ecc6299db9ec823/clippy-0.0.5/src/lib.rs:14:5
kablam!    |
kablam! 14 | use rustc::lint::LintPassObject;
kablam!    |     ^^^^^^^^^^^^^^^^^^^^^^^^^^^ no `LintPassObject` in `lint`. Did you mean to use `LateLintPassObject`?
kablam! 
kablam! error[E0432]: unresolved import `rustc::lint::Context`
kablam!  --> /cargo-home/registry/src/github.com-1ecc6299db9ec823/clippy-0.0.5/src/types.rs:6:19
kablam!   |
kablam! 6 | use rustc::lint::{Context, LintPass, LintArray, Lint, Level};
kablam!   |                   ^^^^^^^ no `Context` in `lint`. Did you mean to use `context`?
kablam! 
kablam! error[E0432]: unresolved import `syntax::ast_util::is_comparison_binop`
kablam!  --> /cargo-home/registry/src/github.com-1ecc6299db9ec823/clippy-0.0.5/src/misc.rs:4:24
kablam!   |
kablam! 4 | use syntax::ast_util::{is_comparison_binop, binop_to_string};
kablam!   |                        ^^^^^^^^^^^^^^^^^^^ Could not find `ast_util` in `syntax`
kablam! 
kablam! error[E0432]: unresolved import `syntax::ast_util::binop_to_string`
kablam!  --> /cargo-home/registry/src/github.com-1ecc6299db9ec823/clippy-0.0.5/src/misc.rs:4:45
kablam!   |
kablam! 4 | use syntax::ast_util::{is_comparison_binop, binop_to_string};
kablam!   |                                             ^^^^^^^^^^^^^^^ Could not find `ast_util` in `syntax`
kablam! 
kablam! error[E0432]: unresolved import `rustc::lint::Context`
kablam!  --> /cargo-home/registry/src/github.com-1ecc6299db9ec823/clippy-0.0.5/src/misc.rs:6:19
kablam!   |
kablam! 6 | use rustc::lint::{Context, LintPass, LintArray, Lint, Level};
kablam!   |                   ^^^^^^^ no `Context` in `lint`. Did you mean to use `context`?
kablam! 
kablam! error[E0432]: unresolved import `rustc::middle::ty`
kablam!  --> /cargo-home/registry/src/github.com-1ecc6299db9ec823/clippy-0.0.5/src/misc.rs:7:25
kablam!   |
kablam! 7 | use rustc::middle::ty::{self, expr_ty, ty_str, ty_ptr, ty_rptr, ty_float};
kablam!   |                         ^^^^ no `ty` in `middle`
kablam! 
kablam! error[E0432]: unresolved import `rustc::middle::ty::expr_ty`
kablam!  --> /cargo-home/registry/src/github.com-1ecc6299db9ec823/clippy-0.0.5/src/misc.rs:7:31
kablam!   |
kablam! 7 | use rustc::middle::ty::{self, expr_ty, ty_str, ty_ptr, ty_rptr, ty_float};
kablam!   |                               ^^^^^^^ Could not find `ty` in `middle`
kablam! 
kablam! error[E0432]: unresolved import `rustc::middle::ty::ty_str`
kablam!  --> /cargo-home/registry/src/github.com-1ecc6299db9ec823/clippy-0.0.5/src/misc.rs:7:40
kablam!   |
kablam! 7 | use rustc::middle::ty::{self, expr_ty, ty_str, ty_ptr, ty_rptr, ty_float};
kablam!   |                                        ^^^^^^ Could not find `ty` in `middle`
kablam! 
kablam! error[E0432]: unresolved import `rustc::middle::ty::ty_ptr`
kablam!  --> /cargo-home/registry/src/github.com-1ecc6299db9ec823/clippy-0.0.5/src/misc.rs:7:48
kablam!   |
kablam! 7 | use rustc::middle::ty::{self, expr_ty, ty_str, ty_ptr, ty_rptr, ty_float};
kablam!   |                                                ^^^^^^ Could not find `ty` in `middle`
kablam! 
kablam! error[E0432]: unresolved import `rustc::middle::ty::ty_rptr`
kablam!  --> /cargo-home/registry/src/github.com-1ecc6299db9ec823/clippy-0.0.5/src/misc.rs:7:56
kablam!   |
kablam! 7 | use rustc::middle::ty::{self, expr_ty, ty_str, ty_ptr, ty_rptr, ty_float};
kablam!   |                                                        ^^^^^^^ Could not find `ty` in `middle`
kablam! 
kablam! error[E0432]: unresolved import `rustc::middle::ty::ty_float`
kablam!  --> /cargo-home/registry/src/github.com-1ecc6299db9ec823/clippy-0.0.5/src/misc.rs:7:65
kablam!   |
kablam! 7 | use rustc::middle::ty::{self, expr_ty, ty_str, ty_ptr, ty_rptr, ty_float};
kablam!   |                                                                 ^^^^^^^^ Could not find `ty` in `middle`
kablam! 
kablam! error[E0432]: unresolved import `syntax::ast_util`
kablam!  --> /cargo-home/registry/src/github.com-1ecc6299db9ec823/clippy-0.0.5/src/eq_op.rs:3:5
kablam!   |
kablam! 3 | use syntax::ast_util as ast_util;
kablam!   |     ^^^^^^^^^^^^^^^^^^^^^^^^^^^^ no `ast_util` in the root
kablam! 
kablam! error[E0432]: unresolved import `rustc::plugin::Registry`
kablam!  --> /cargo-home/registry/src/github.com-1ecc6299db9ec823/clippy-0.0.5/src/bit_mask.rs:1:5
kablam!   |
kablam! 1 | use rustc::plugin::Registry;
kablam!   |     ^^^^^^^^^^^^^^^^^^^^^^^ Could not find `plugin` in `rustc`
kablam! 
kablam! error[E0432]: unresolved import `rustc::middle::const_eval::lookup_const_by_id`
kablam!  --> /cargo-home/registry/src/github.com-1ecc6299db9ec823/clippy-0.0.5/src/bit_mask.rs:3:5
kablam!   |
kablam! 3 | use rustc::middle::const_eval::lookup_const_by_id;
kablam!   |     ^^^^^^^^^^^^^^^^^^^^^^^^^^^^^^^^^^^^^^^^^^^^^ Could not find `const_eval` in `middle`
kablam! 
kablam! error[E0432]: unresolved import `rustc::middle::def::*`
kablam!  --> /cargo-home/registry/src/github.com-1ecc6299db9ec823/clippy-0.0.5/src/bit_mask.rs:4:5
kablam!   |
kablam! 4 | use rustc::middle::def::*;
kablam!   |     ^^^^^^^^^^^^^^^^^^^^^^ Could not find `def` in `middle`
kablam! 
kablam! error[E0432]: unresolved import `syntax::ast_util::is_comparison_binop`
kablam!  --> /cargo-home/registry/src/github.com-1ecc6299db9ec823/clippy-0.0.5/src/bit_mask.rs:6:24
kablam!   |
kablam! 6 | use syntax::ast_util::{is_comparison_binop, binop_to_string};
kablam!   |                        ^^^^^^^^^^^^^^^^^^^ Could not find `ast_util` in `syntax`
kablam! 
kablam! error[E0432]: unresolved import `syntax::ast_util::binop_to_string`
kablam!  --> /cargo-home/registry/src/github.com-1ecc6299db9ec823/clippy-0.0.5/src/bit_mask.rs:6:45
kablam!   |
kablam! 6 | use syntax::ast_util::{is_comparison_binop, binop_to_string};
kablam!   |                                             ^^^^^^^^^^^^^^^ Could not find `ast_util` in `syntax`
kablam! 
kablam! error[E0432]: unresolved import `rustc::plugin::Registry`
kablam!  --> /cargo-home/registry/src/github.com-1ecc6299db9ec823/clippy-0.0.5/src/ptr_arg.rs:5:5
kablam!   |
kablam! 5 | use rustc::plugin::Registry;
kablam!   |     ^^^^^^^^^^^^^^^^^^^^^^^ Could not find `plugin` in `rustc`
kablam! 
kablam! error[E0432]: unresolved import `rustc::middle::const_eval::lookup_const_by_id`
kablam!  --> /cargo-home/registry/src/github.com-1ecc6299db9ec823/clippy-0.0.5/src/ptr_arg.rs:7:5
kablam!   |
kablam! 7 | use rustc::middle::const_eval::lookup_const_by_id;
kablam!   |     ^^^^^^^^^^^^^^^^^^^^^^^^^^^^^^^^^^^^^^^^^^^^^ Could not find `const_eval` in `middle`
kablam! 
kablam! error[E0432]: unresolved import `rustc::middle::def::*`
kablam!  --> /cargo-home/registry/src/github.com-1ecc6299db9ec823/clippy-0.0.5/src/ptr_arg.rs:8:5
kablam!   |
kablam! 8 | use rustc::middle::def::*;
kablam!   |     ^^^^^^^^^^^^^^^^^^^^^^ Could not find `def` in `middle`
kablam! 
kablam! error[E0432]: unresolved import `syntax::ast_util::is_comparison_binop`
kablam!   --> /cargo-home/registry/src/github.com-1ecc6299db9ec823/clippy-0.0.5/src/ptr_arg.rs:10:24
kablam!    |
kablam! 10 | use syntax::ast_util::{is_comparison_binop, binop_to_string};
kablam!    |                        ^^^^^^^^^^^^^^^^^^^ Could not find `ast_util` in `syntax`
kablam! 
kablam! error[E0432]: unresolved import `syntax::ast_util::binop_to_string`
kablam!   --> /cargo-home/registry/src/github.com-1ecc6299db9ec823/clippy-0.0.5/src/ptr_arg.rs:10:45
kablam!    |
kablam! 10 | use syntax::ast_util::{is_comparison_binop, binop_to_string};
kablam!    |                                             ^^^^^^^^^^^^^^^ Could not find `ast_util` in `syntax`
kablam! 
kablam! error[E0432]: unresolved import `rustc::plugin::Registry`
kablam!  --> /cargo-home/registry/src/github.com-1ecc6299db9ec823/clippy-0.0.5/src/needless_bool.rs:5:5
kablam!   |
kablam! 5 | use rustc::plugin::Registry;
kablam!   |     ^^^^^^^^^^^^^^^^^^^^^^^ Could not find `plugin` in `rustc`
kablam! 
kablam! error[E0432]: unresolved import `rustc::middle::const_eval::lookup_const_by_id`
kablam!  --> /cargo-home/registry/src/github.com-1ecc6299db9ec823/clippy-0.0.5/src/needless_bool.rs:7:5
kablam!   |
kablam! 7 | use rustc::middle::const_eval::lookup_const_by_id;
kablam!   |     ^^^^^^^^^^^^^^^^^^^^^^^^^^^^^^^^^^^^^^^^^^^^^ Could not find `const_eval` in `middle`
kablam! 
kablam! error[E0432]: unresolved import `rustc::middle::def::*`
kablam!  --> /cargo-home/registry/src/github.com-1ecc6299db9ec823/clippy-0.0.5/src/needless_bool.rs:8:5
kablam!   |
kablam! 8 | use rustc::middle::def::*;
kablam!   |     ^^^^^^^^^^^^^^^^^^^^^^ Could not find `def` in `middle`
kablam! 
kablam! error[E0432]: unresolved import `syntax::ast_util::is_comparison_binop`
kablam!   --> /cargo-home/registry/src/github.com-1ecc6299db9ec823/clippy-0.0.5/src/needless_bool.rs:10:24
kablam!    |
kablam! 10 | use syntax::ast_util::{is_comparison_binop, binop_to_string};
kablam!    |                        ^^^^^^^^^^^^^^^^^^^ Could not find `ast_util` in `syntax`
kablam! 
kablam! error[E0432]: unresolved import `syntax::ast_util::binop_to_string`
kablam!   --> /cargo-home/registry/src/github.com-1ecc6299db9ec823/clippy-0.0.5/src/needless_bool.rs:10:45
kablam!    |
kablam! 10 | use syntax::ast_util::{is_comparison_binop, binop_to_string};
kablam!    |                                             ^^^^^^^^^^^^^^^ Could not find `ast_util` in `syntax`
kablam! 
kablam! error[E0432]: unresolved import `rustc::plugin::Registry`
kablam!  --> /cargo-home/registry/src/github.com-1ecc6299db9ec823/clippy-0.0.5/src/approx_const.rs:1:5
kablam!   |
kablam! 1 | use rustc::plugin::Registry;
kablam!   |     ^^^^^^^^^^^^^^^^^^^^^^^ Could not find `plugin` in `rustc`
kablam! 
kablam! error[E0432]: unresolved import `rustc::middle::const_eval::lookup_const_by_id`
kablam!  --> /cargo-home/registry/src/github.com-1ecc6299db9ec823/clippy-0.0.5/src/approx_const.rs:3:5
kablam!   |
kablam! 3 | use rustc::middle::const_eval::lookup_const_by_id;
kablam!   |     ^^^^^^^^^^^^^^^^^^^^^^^^^^^^^^^^^^^^^^^^^^^^^ Could not find `const_eval` in `middle`
kablam! 
kablam! error[E0432]: unresolved import `rustc::middle::def::*`
kablam!  --> /cargo-home/registry/src/github.com-1ecc6299db9ec823/clippy-0.0.5/src/approx_const.rs:4:5
kablam!   |
kablam! 4 | use rustc::middle::def::*;
kablam!   |     ^^^^^^^^^^^^^^^^^^^^^^ Could not find `def` in `middle`
kablam! 
kablam! error[E0432]: unresolved import `syntax::ast_util::is_comparison_binop`
kablam!  --> /cargo-home/registry/src/github.com-1ecc6299db9ec823/clippy-0.0.5/src/approx_const.rs:6:24
kablam!   |
kablam! 6 | use syntax::ast_util::{is_comparison_binop, binop_to_string};
kablam!   |                        ^^^^^^^^^^^^^^^^^^^ Could not find `ast_util` in `syntax`
kablam! 
kablam! error[E0432]: unresolved import `syntax::ast_util::binop_to_string`
kablam!  --> /cargo-home/registry/src/github.com-1ecc6299db9ec823/clippy-0.0.5/src/approx_const.rs:6:45
kablam!   |
kablam! 6 | use syntax::ast_util::{is_comparison_binop, binop_to_string};
kablam!   |                                             ^^^^^^^^^^^^^^^ Could not find `ast_util` in `syntax`
kablam! 
kablam! error[E0432]: unresolved import `rustc::lint::Context`
kablam!  --> /cargo-home/registry/src/github.com-1ecc6299db9ec823/clippy-0.0.5/src/eta_reduction.rs:2:19
kablam!   |
kablam! 2 | use rustc::lint::{Context, LintPass, LintArray, Lint, Level};
kablam!   |                   ^^^^^^^ no `Context` in `lint`. Did you mean to use `context`?
kablam! 
kablam! error[E0432]: unresolved import `rustc::plugin::Registry`
kablam!  --> /cargo-home/registry/src/github.com-1ecc6299db9ec823/clippy-0.0.5/src/identity_op.rs:1:5
kablam!   |
kablam! 1 | use rustc::plugin::Registry;
kablam!   |     ^^^^^^^^^^^^^^^^^^^^^^^ Could not find `plugin` in `rustc`
kablam! 
kablam! error[E0432]: unresolved import `rustc::middle::const_eval::lookup_const_by_id`
kablam!  --> /cargo-home/registry/src/github.com-1ecc6299db9ec823/clippy-0.0.5/src/identity_op.rs:3:5
kablam!   |
kablam! 3 | use rustc::middle::const_eval::lookup_const_by_id;
kablam!   |     ^^^^^^^^^^^^^^^^^^^^^^^^^^^^^^^^^^^^^^^^^^^^^ Could not find `const_eval` in `middle`
kablam! 
kablam! error[E0432]: unresolved import `rustc::middle::def::*`
kablam!  --> /cargo-home/registry/src/github.com-1ecc6299db9ec823/clippy-0.0.5/src/identity_op.rs:4:5
kablam!   |
kablam! 4 | use rustc::middle::def::*;
kablam!   |     ^^^^^^^^^^^^^^^^^^^^^^ Could not find `def` in `middle`
kablam! 
kablam! error[E0432]: unresolved import `syntax::ast_util::is_comparison_binop`
kablam!  --> /cargo-home/registry/src/github.com-1ecc6299db9ec823/clippy-0.0.5/src/identity_op.rs:6:24
kablam!   |
kablam! 6 | use syntax::ast_util::{is_comparison_binop, binop_to_string};
kablam!   |                        ^^^^^^^^^^^^^^^^^^^ Could not find `ast_util` in `syntax`
kablam! 
kablam! error[E0432]: unresolved import `syntax::ast_util::binop_to_string`
kablam!  --> /cargo-home/registry/src/github.com-1ecc6299db9ec823/clippy-0.0.5/src/identity_op.rs:6:45
kablam!   |
kablam! 6 | use syntax::ast_util::{is_comparison_binop, binop_to_string};
kablam!   |                                             ^^^^^^^^^^^^^^^ Could not find `ast_util` in `syntax`
kablam! 
kablam! error[E0432]: unresolved import `rustc::lint::Context`
kablam!  --> /cargo-home/registry/src/github.com-1ecc6299db9ec823/clippy-0.0.5/src/mut_mut.rs:3:19
kablam!   |
kablam! 3 | use rustc::lint::{Context, LintPass, LintArray, Lint};
kablam!   |                   ^^^^^^^ no `Context` in `lint`. Did you mean to use `context`?
kablam! 
kablam! error[E0432]: unresolved import `rustc::middle::ty::expr_ty`
kablam!  --> /cargo-home/registry/src/github.com-1ecc6299db9ec823/clippy-0.0.5/src/mut_mut.rs:4:25
kablam!   |
kablam! 4 | use rustc::middle::ty::{expr_ty, sty, ty_ptr, ty_rptr, mt};
kablam!   |                         ^^^^^^^ Could not find `ty` in `middle`
kablam! 
kablam! error[E0432]: unresolved import `rustc::middle::ty::sty`
kablam!  --> /cargo-home/registry/src/github.com-1ecc6299db9ec823/clippy-0.0.5/src/mut_mut.rs:4:34
kablam!   |
kablam! 4 | use rustc::middle::ty::{expr_ty, sty, ty_ptr, ty_rptr, mt};
kablam!   |                                  ^^^ Could not find `ty` in `middle`
kablam! 
kablam! error[E0432]: unresolved import `rustc::middle::ty::ty_ptr`
kablam!  --> /cargo-home/registry/src/github.com-1ecc6299db9ec823/clippy-0.0.5/src/mut_mut.rs:4:39
kablam!   |
kablam! 4 | use rustc::middle::ty::{expr_ty, sty, ty_ptr, ty_rptr, mt};
kablam!   |                                       ^^^^^^ Could not find `ty` in `middle`
kablam! 
kablam! error[E0432]: unresolved import `rustc::middle::ty::ty_rptr`
kablam!  --> /cargo-home/registry/src/github.com-1ecc6299db9ec823/clippy-0.0.5/src/mut_mut.rs:4:47
kablam!   |
kablam! 4 | use rustc::middle::ty::{expr_ty, sty, ty_ptr, ty_rptr, mt};
kablam!   |                                               ^^^^^^^ Could not find `ty` in `middle`
kablam! 
kablam! error[E0432]: unresolved import `rustc::middle::ty::mt`
kablam!  --> /cargo-home/registry/src/github.com-1ecc6299db9ec823/clippy-0.0.5/src/mut_mut.rs:4:56
kablam!   |
kablam! 4 | use rustc::middle::ty::{expr_ty, sty, ty_ptr, ty_rptr, mt};
kablam!   |                                                        ^^ Could not find `ty` in `middle`
kablam! 
kablam! error[E0432]: unresolved import `syntax::codemap::MacroFormat`
kablam!  --> /cargo-home/registry/src/github.com-1ecc6299db9ec823/clippy-0.0.5/src/mut_mut.rs:5:42
kablam!   |
kablam! 5 | use syntax::codemap::{BytePos, ExpnInfo, MacroFormat, Span};
kablam!   |                                          ^^^^^^^^^^^ no `MacroFormat` in `codemap`
kablam! 
kablam! error[E0432]: unresolved import `rustc::lint::Context`
kablam!  --> /cargo-home/registry/src/github.com-1ecc6299db9ec823/clippy-0.0.5/src/len_zero.rs:6:19
kablam!   |
kablam! 6 | use rustc::lint::{Context, LintPass, LintArray, Lint};
kablam!   |                   ^^^^^^^ no `Context` in `lint`. Did you mean to use `context`?
kablam! 
kablam! error[E0432]: unresolved import `rustc::middle::ty`
kablam!  --> /cargo-home/registry/src/github.com-1ecc6299db9ec823/clippy-0.0.5/src/len_zero.rs:8:25
kablam!   |
kablam! 8 | use rustc::middle::ty::{self, node_id_to_type, sty, ty_ptr, ty_rptr, expr_ty,
kablam!   |                         ^^^^ no `ty` in `middle`
kablam! 
kablam! error[E0432]: unresolved import `rustc::middle::ty::node_id_to_type`
kablam!  --> /cargo-home/registry/src/github.com-1ecc6299db9ec823/clippy-0.0.5/src/len_zero.rs:8:31
kablam!   |
kablam! 8 | use rustc::middle::ty::{self, node_id_to_type, sty, ty_ptr, ty_rptr, expr_ty,
kablam!   |                               ^^^^^^^^^^^^^^^ Could not find `ty` in `middle`
kablam! 
kablam! error[E0432]: unresolved import `rustc::middle::ty::sty`
kablam!  --> /cargo-home/registry/src/github.com-1ecc6299db9ec823/clippy-0.0.5/src/len_zero.rs:8:48
kablam!   |
kablam! 8 | use rustc::middle::ty::{self, node_id_to_type, sty, ty_ptr, ty_rptr, expr_ty,
kablam!   |                                                ^^^ Could not find `ty` in `middle`
kablam! 
kablam! error[E0432]: unresolved import `rustc::middle::ty::ty_ptr`
kablam!  --> /cargo-home/registry/src/github.com-1ecc6299db9ec823/clippy-0.0.5/src/len_zero.rs:8:53
kablam!   |
kablam! 8 | use rustc::middle::ty::{self, node_id_to_type, sty, ty_ptr, ty_rptr, expr_ty,
kablam!   |                                                     ^^^^^^ Could not find `ty` in `middle`
kablam! 
kablam! error[E0432]: unresolved import `rustc::middle::ty::ty_rptr`
kablam!  --> /cargo-home/registry/src/github.com-1ecc6299db9ec823/clippy-0.0.5/src/len_zero.rs:8:61
kablam!   |
kablam! 8 | use rustc::middle::ty::{self, node_id_to_type, sty, ty_ptr, ty_rptr, expr_ty,
kablam!   |                                                             ^^^^^^^ Could not find `ty` in `middle`
kablam! 
kablam! error[E0432]: unresolved import `rustc::middle::ty::expr_ty`
kablam!  --> /cargo-home/registry/src/github.com-1ecc6299db9ec823/clippy-0.0.5/src/len_zero.rs:8:70
kablam!   |
kablam! 8 | use rustc::middle::ty::{self, node_id_to_type, sty, ty_ptr, ty_rptr, expr_ty,
kablam!   |                                                                      ^^^^^^^ Could not find `ty` in `middle`
kablam! 
kablam! error[E0432]: unresolved import `rustc::middle::ty::mt`
kablam!  --> /cargo-home/registry/src/github.com-1ecc6299db9ec823/clippy-0.0.5/src/len_zero.rs:9:2
kablam!   |
kablam! 9 | 	mt, ty_to_def_id, impl_or_trait_item, MethodTraitItemId, ImplOrTraitItemId};
kablam!   | 	^^ Could not find `ty` in `middle`
kablam! 
kablam! error[E0432]: unresolved import `rustc::middle::ty::ty_to_def_id`
kablam!  --> /cargo-home/registry/src/github.com-1ecc6299db9ec823/clippy-0.0.5/src/len_zero.rs:9:6
kablam!   |
kablam! 9 | 	mt, ty_to_def_id, impl_or_trait_item, MethodTraitItemId, ImplOrTraitItemId};
kablam!   | 	    ^^^^^^^^^^^^ Could not find `ty` in `middle`
kablam! 
kablam! error[E0432]: unresolved import `rustc::middle::ty::impl_or_trait_item`
kablam!  --> /cargo-home/registry/src/github.com-1ecc6299db9ec823/clippy-0.0.5/src/len_zero.rs:9:20
kablam!   |
kablam! 9 | 	mt, ty_to_def_id, impl_or_trait_item, MethodTraitItemId, ImplOrTraitItemId};
kablam!   | 	                  ^^^^^^^^^^^^^^^^^^ Could not find `ty` in `middle`
kablam! 
kablam! error[E0432]: unresolved import `rustc::middle::ty::MethodTraitItemId`
kablam!  --> /cargo-home/registry/src/github.com-1ecc6299db9ec823/clippy-0.0.5/src/len_zero.rs:9:40
kablam!   |
kablam! 9 | 	mt, ty_to_def_id, impl_or_trait_item, MethodTraitItemId, ImplOrTraitItemId};
kablam!   | 	                                      ^^^^^^^^^^^^^^^^^ Could not find `ty` in `middle`
kablam! 
kablam! error[E0432]: unresolved import `rustc::middle::ty::ImplOrTraitItemId`
kablam!  --> /cargo-home/registry/src/github.com-1ecc6299db9ec823/clippy-0.0.5/src/len_zero.rs:9:59
kablam!   |
kablam! 9 | 	mt, ty_to_def_id, impl_or_trait_item, MethodTraitItemId, ImplOrTraitItemId};
kablam!   | 	                                                         ^^^^^^^^^^^^^^^^^ Could not find `ty` in `middle`
kablam! 
kablam! error[E0432]: unresolved import `rustc::middle::def::DefTy`
kablam!   --> /cargo-home/registry/src/github.com-1ecc6299db9ec823/clippy-0.0.5/src/len_zero.rs:10:26
kablam!    |
kablam! 10 | use rustc::middle::def::{DefTy, DefStruct, DefTrait};
kablam!    |                          ^^^^^ Could not find `def` in `middle`
kablam! 
kablam! error[E0432]: unresolved import `rustc::middle::def::DefStruct`
kablam!   --> /cargo-home/registry/src/github.com-1ecc6299db9ec823/clippy-0.0.5/src/len_zero.rs:10:33
kablam!    |
kablam! 10 | use rustc::middle::def::{DefTy, DefStruct, DefTrait};
kablam!    |                                 ^^^^^^^^^ Could not find `def` in `middle`
kablam! 
kablam! error[E0432]: unresolved import `rustc::middle::def::DefTrait`
kablam!   --> /cargo-home/registry/src/github.com-1ecc6299db9ec823/clippy-0.0.5/src/len_zero.rs:10:44
kablam!    |
kablam! 10 | use rustc::middle::def::{DefTy, DefStruct, DefTrait};
kablam!    |                                            ^^^^^^^^ Could not find `def` in `middle`
kablam! 
kablam! error[E0432]: unresolved import `rustc::plugin::Registry`
kablam!  --> /cargo-home/registry/src/github.com-1ecc6299db9ec823/clippy-0.0.5/src/attrs.rs:3:5
kablam!   |
kablam! 3 | use rustc::plugin::Registry;
kablam!   |     ^^^^^^^^^^^^^^^^^^^^^^^ Could not find `plugin` in `rustc`
kablam! 
kablam! error[E0432]: unresolved import `syntax::parse::token::InternedString`
kablam!  --> /cargo-home/registry/src/github.com-1ecc6299db9ec823/clippy-0.0.5/src/attrs.rs:8:5
kablam!   |
kablam! 8 | use syntax::parse::token::InternedString;
kablam!   |     ^^^^^^^^^^^^^^^^^^^^^^^^^^^^^^^^^^^^ no `InternedString` in `parse::token`
kablam! 
kablam! error[E0432]: unresolved import `rustc::plugin::Registry`
kablam!   --> /cargo-home/registry/src/github.com-1ecc6299db9ec823/clippy-0.0.5/src/collapsible_if.rs:15:5
kablam!    |
kablam! 15 | use rustc::plugin::Registry;
kablam!    |     ^^^^^^^^^^^^^^^^^^^^^^^ Could not find `plugin` in `rustc`
kablam! 
kablam! error[E0432]: unresolved import `rustc::middle::def::*`
kablam!   --> /cargo-home/registry/src/github.com-1ecc6299db9ec823/clippy-0.0.5/src/collapsible_if.rs:17:5
kablam!    |
kablam! 17 | use rustc::middle::def::*;
kablam!    |     ^^^^^^^^^^^^^^^^^^^^^^ Could not find `def` in `middle`
kablam! 
kablam! error[E0432]: unresolved import `rustc::lint::Context`
kablam!  --> /cargo-home/registry/src/github.com-1ecc6299db9ec823/clippy-0.0.5/src/utils.rs:1:5
kablam!   |
kablam! 1 | use rustc::lint::Context;
kablam!   |     ^^^^^^^^^^^^^^^^^^^^ no `Context` in `lint`. Did you mean to use `context`?
kablam! 
kablam! error[E0432]: unresolved import `syntax::ast::DefId`
kablam!  --> /cargo-home/registry/src/github.com-1ecc6299db9ec823/clippy-0.0.5/src/utils.rs:2:19
kablam!   |
kablam! 2 | use syntax::ast::{DefId, Name, Path};
kablam!   |                   ^^^^^ no `DefId` in `ast`
kablam! 
kablam! error[E0432]: unresolved import `rustc::middle::ty`
kablam!  --> /cargo-home/registry/src/github.com-1ecc6299db9ec823/clippy-0.0.5/src/utils.rs:4:5
kablam!   |
kablam! 4 | use rustc::middle::ty;
kablam!   |     ^^^^^^^^^^^^^^^^^ no `ty` in `middle`
kablam! 
kablam! error[E0531]: cannot find tuple struct/variant `TyPath` in this scope
kablam!   --> /cargo-home/registry/src/github.com-1ecc6299db9ec823/clippy-0.0.5/src/types.rs:21:9
kablam!    |
kablam! 21 |         TyPath(_, Path {segments: ref seg, ..}) => {
kablam!    |         ^^^^^^ not found in this scope
kablam!    |
kablam!    = help: possible candidates are found in other modules, you can import them into scope:
kablam!              `use len_zero::typeck::hir::TyPath;`
kablam!              `use len_zero::typeck::hir::Ty_::TyPath;`
kablam! 
kablam! error[E0531]: cannot find tuple struct/variant `AngleBracketedParameters` in this scope
kablam!   --> /cargo-home/registry/src/github.com-1ecc6299db9ec823/clippy-0.0.5/src/types.rs:28:52
kablam!    |
kablam! 28 |                     Some(&PathSegment {parameters: AngleBracketedParameters(ref a), ..}) => {
kablam!    |                                                    ^^^^^^^^^^^^^^^^^^^^^^^^ not found in this scope
kablam!    |
kablam!    = help: possible candidates are found in other modules, you can import them into scope:
kablam!              `use len_zero::typeck::hir::AngleBracketedParameters;`
kablam!              `use len_zero::typeck::hir::PathParameters::AngleBracketedParameters;`
kablam! 
kablam! error[E0407]: method `check_ty` is not a member of trait `LintPass`
kablam!   --> /cargo-home/registry/src/github.com-1ecc6299db9ec823/clippy-0.0.5/src/types.rs:54:5
kablam!    |
kablam! 54 |     fn check_ty(&mut self, cx: &Context, ty: &ast::Ty) {
kablam!    |     ^ not a member of trait `LintPass`
kablam! 
kablam! error[E0407]: method `check_expr` is not a member of trait `LintPass`
kablam!   --> /cargo-home/registry/src/github.com-1ecc6299db9ec823/clippy-0.0.5/src/misc.rs:34:5
kablam!    |
kablam! 34 |     fn check_expr(&mut self, cx: &Context, expr: &Expr) {
kablam!    |     ^ not a member of trait `LintPass`
kablam! 
kablam! error[E0531]: cannot find tuple struct/variant `ExprMatch` in this scope
kablam!   --> /cargo-home/registry/src/github.com-1ecc6299db9ec823/clippy-0.0.5/src/misc.rs:35:16
kablam!    |
kablam! 35 |         if let ExprMatch(ref ex, ref arms, ast::MatchSource::Normal) = expr.node {
kablam!    |                ^^^^^^^^^ not found in this scope
kablam!    |
kablam!    = help: possible candidates are found in other modules, you can import them into scope:
kablam!              `use len_zero::typeck::hir::ExprMatch;`
kablam!              `use len_zero::typeck::hir::Expr_::ExprMatch;`
kablam! 
kablam! error[E0433]: failed to resolve. Could not find `MatchSource` in `ast`
kablam!   --> /cargo-home/registry/src/github.com-1ecc6299db9ec823/clippy-0.0.5/src/misc.rs:35:44
kablam!    |
kablam! 35 |         if let ExprMatch(ref ex, ref arms, ast::MatchSource::Normal) = expr.node {
kablam!    |                                            ^^^^^^^^^^^^^^^^^^^^^^^^ Could not find `MatchSource` in `ast`
kablam! 
kablam! error[E0531]: cannot find tuple struct/variant `ExprTup` in this scope
kablam!   --> /cargo-home/registry/src/github.com-1ecc6299db9ec823/clippy-0.0.5/src/misc.rs:39:25
kablam!    |
kablam! 39 |                         ExprTup(ref v) if v.len() == 0 && arms[1].guard.is_none() => (),
kablam!    |                         ^^^^^^^ not found in this scope
kablam!    |
kablam!    = help: possible candidates are found in other modules, you can import them into scope:
kablam!              `use len_zero::typeck::hir::ExprTup;`
kablam!              `use len_zero::typeck::hir::Expr_::ExprTup;`
kablam! 
kablam! error[E0531]: cannot find tuple struct/variant `ExprBlock` in this scope
kablam!   --> /cargo-home/registry/src/github.com-1ecc6299db9ec823/clippy-0.0.5/src/misc.rs:40:25
kablam!    |
kablam! 40 |                         ExprBlock(ref b) if b.stmts.len() == 0 && arms[1].guard.is_none() => (),
kablam!    |                         ^^^^^^^^^ not found in this scope
kablam!    |
kablam!    = help: possible candidates are found in other modules, you can import them into scope:
kablam!              `use len_zero::typeck::hir::ExprBlock;`
kablam!              `use len_zero::typeck::hir::Expr_::ExprBlock;`
kablam! 
kablam! error[E0425]: cannot find function `PatWild` in this scope
kablam!   --> /cargo-home/registry/src/github.com-1ecc6299db9ec823/clippy-0.0.5/src/misc.rs:45:48
kablam!    |
kablam! 45 |                     if arms[1].pats[0].node == PatWild(PatWildSingle) && arms[0].pats.len() == 1 {
kablam!    |                                                ^^^^^^^ not found in this scope
kablam! 
kablam! error[E0425]: cannot find value `PatWildSingle` in this scope
kablam!   --> /cargo-home/registry/src/github.com-1ecc6299db9ec823/clippy-0.0.5/src/misc.rs:45:56
kablam!    |
kablam! 45 |                     if arms[1].pats[0].node == PatWild(PatWildSingle) && arms[0].pats.len() == 1 {
kablam!    |                                                        ^^^^^^^^^^^^^ not found in this scope
kablam! 
kablam! error[E0407]: method `check_expr` is not a member of trait `LintPass`
kablam!   --> /cargo-home/registry/src/github.com-1ecc6299db9ec823/clippy-0.0.5/src/misc.rs:71:5
kablam!    |
kablam! 71 |     fn check_expr(&mut self, cx: &Context, expr: &ast::Expr) {
kablam!    |     ^ not a member of trait `LintPass`
kablam! 
kablam! error[E0531]: cannot find tuple struct/variant `ExprMethodCall` in module `ast`
kablam!   --> /cargo-home/registry/src/github.com-1ecc6299db9ec823/clippy-0.0.5/src/misc.rs:73:18
kablam!    |
kablam! 73 |             ast::ExprMethodCall(ref method, _, ref args)
kablam!    |                  ^^^^^^^^^^^^^^ not found in `ast`
kablam!    |
kablam!    = help: possible candidates are found in other modules, you can import them into scope:
kablam!              `use len_zero::typeck::hir::ExprMethodCall;`
kablam!              `use len_zero::typeck::hir::Expr_::ExprMethodCall;`
kablam! 
kablam! error[E0407]: method `check_fn` is not a member of trait `LintPass`
kablam!    --> /cargo-home/registry/src/github.com-1ecc6299db9ec823/clippy-0.0.5/src/misc.rs:101:5
kablam!     |
kablam! 101 |     fn check_fn(&mut self, cx: &Context, _: FnKind, decl: &FnDecl, _: &Block, _: Span, _: NodeId) {
kablam!     |     ^ not a member of trait `LintPass`
kablam! 
kablam! error[E0531]: cannot find tuple struct/variant `PatIdent` in this scope
kablam!    --> /cargo-home/registry/src/github.com-1ecc6299db9ec823/clippy-0.0.5/src/misc.rs:103:20
kablam!     |
kablam! 103 |             if let PatIdent(BindByRef(_), _, _) = arg.pat.node {
kablam!     |                    ^^^^^^^^ not found in this scope
kablam! 
kablam! error[E0531]: cannot find tuple struct/variant `BindByRef` in this scope
kablam!    --> /cargo-home/registry/src/github.com-1ecc6299db9ec823/clippy-0.0.5/src/misc.rs:103:29
kablam!     |
kablam! 103 |             if let PatIdent(BindByRef(_), _, _) = arg.pat.node {
kablam!     |                             ^^^^^^^^^ not found in this scope
kablam!     |
kablam!     = help: possible candidates are found in other modules, you can import them into scope:
kablam!               `use len_zero::typeck::hir::BindByRef;`
kablam!               `use len_zero::typeck::hir::BindingMode::BindByRef;`
kablam! 
kablam! error[E0407]: method `check_expr` is not a member of trait `LintPass`
kablam!    --> /cargo-home/registry/src/github.com-1ecc6299db9ec823/clippy-0.0.5/src/misc.rs:124:2
kablam!     |
kablam! 124 | 	fn check_expr(&mut self, cx: &Context, expr: &Expr) {
kablam!     | 	^ not a member of trait `LintPass`
kablam! 
kablam! error[E0531]: cannot find tuple struct/variant `ExprBinary` in this scope
kablam!    --> /cargo-home/registry/src/github.com-1ecc6299db9ec823/clippy-0.0.5/src/misc.rs:125:10
kablam!     |
kablam! 125 | 		if let ExprBinary(ref cmp, ref left, ref right) = expr.node {
kablam!     | 		       ^^^^^^^^^^ not found in this scope
kablam!     |
kablam!     = help: possible candidates are found in other modules, you can import them into scope:
kablam!               `use len_zero::typeck::hir::ExprBinary;`
kablam!               `use len_zero::typeck::hir::Expr_::ExprBinary;`
kablam! 
kablam! error[E0531]: cannot find tuple struct/variant `ExprPath` in this scope
kablam!    --> /cargo-home/registry/src/github.com-1ecc6299db9ec823/clippy-0.0.5/src/misc.rs:127:13
kablam!     |
kablam! 127 | 				if let &ExprPath(_, ref path) = &left.node {
kablam!     | 				        ^^^^^^^^ not found in this scope
kablam!     |
kablam!     = help: possible candidates are found in other modules, you can import them into scope:
kablam!               `use len_zero::typeck::hir::ExprPath;`
kablam!               `use len_zero::typeck::hir::Expr_::ExprPath;`
kablam! 
kablam! error[E0531]: cannot find tuple struct/variant `ExprPath` in this scope
kablam!    --> /cargo-home/registry/src/github.com-1ecc6299db9ec823/clippy-0.0.5/src/misc.rs:130:13
kablam!     |
kablam! 130 | 				if let &ExprPath(_, ref path) = &right.node {
kablam!     | 				        ^^^^^^^^ not found in this scope
kablam!     |
kablam!     = help: possible candidates are found in other modules, you can import them into scope:
kablam!               `use len_zero::typeck::hir::ExprPath;`
kablam!               `use len_zero::typeck::hir::Expr_::ExprPath;`
kablam! 
kablam! error[E0407]: method `check_expr` is not a member of trait `LintPass`
kablam!    --> /cargo-home/registry/src/github.com-1ecc6299db9ec823/clippy-0.0.5/src/misc.rs:155:2
kablam!     |
kablam! 155 | 	fn check_expr(&mut self, cx: &Context, expr: &Expr) {
kablam!     | 	^ not a member of trait `LintPass`
kablam! 
kablam! error[E0531]: cannot find tuple struct/variant `ExprBinary` in this scope
kablam!    --> /cargo-home/registry/src/github.com-1ecc6299db9ec823/clippy-0.0.5/src/misc.rs:156:10
kablam!     |
kablam! 156 | 		if let ExprBinary(ref cmp, ref left, ref right) = expr.node {
kablam!     | 		       ^^^^^^^^^^ not found in this scope
kablam!     |
kablam!     = help: possible candidates are found in other modules, you can import them into scope:
kablam!               `use len_zero::typeck::hir::ExprBinary;`
kablam!               `use len_zero::typeck::hir::Expr_::ExprBinary;`
kablam! 
kablam! error[E0425]: cannot find value `BiEq` in this scope
kablam!    --> /cargo-home/registry/src/github.com-1ecc6299db9ec823/clippy-0.0.5/src/misc.rs:158:14
kablam!     |
kablam! 158 | 			if (op == BiEq || op == BiNe) && (is_float(cx, left) || is_float(cx, right)) {
kablam!     | 			          ^^^^ not found in this scope
kablam!     |
kablam!     = help: possible candidates are found in other modules, you can import them into scope:
kablam!               `use len_zero::typeck::hir::BiEq;`
kablam!               `use len_zero::typeck::hir::BinOp_::BiEq;`
kablam! 
kablam! error[E0425]: cannot find value `BiNe` in this scope
kablam!    --> /cargo-home/registry/src/github.com-1ecc6299db9ec823/clippy-0.0.5/src/misc.rs:158:28
kablam!     |
kablam! 158 | 			if (op == BiEq || op == BiNe) && (is_float(cx, left) || is_float(cx, right)) {
kablam!     | 			                        ^^^^ not found in this scope
kablam!     |
kablam!     = help: possible candidates are found in other modules, you can import them into scope:
kablam!               `use len_zero::typeck::hir::BiNe;`
kablam!               `use len_zero::typeck::hir::BinOp_::BiNe;`
kablam! 
kablam! error[E0407]: method `check_expr` is not a member of trait `LintPass`
kablam!    --> /cargo-home/registry/src/github.com-1ecc6299db9ec823/clippy-0.0.5/src/misc.rs:184:2
kablam!     |
kablam! 184 |   	fn check_expr(&mut self, cx: &Context, expr: &Expr) {
kablam!     |  __^ starting here...
kablam! 185 | | 		if let ExprBinary(Spanned { node: op, ..}, ref left, ref right) = expr.node {
kablam! 186 | | 			if is_bit_op(op) && (is_arith_expr(left) || is_arith_expr(right)) {
kablam! 187 | | 				cx.span_lint(PRECEDENCE, expr.span, 
kablam! 188 | | 					"Operator precedence can trip the unwary. Consider adding parenthesis to the subexpression.");
kablam! 189 | | 			}
kablam! 190 | | 		}
kablam! 191 | | 	}
kablam!     | |__^ ...ending here: not a member of trait `LintPass`
kablam! 
kablam! error[E0531]: cannot find tuple struct/variant `ExprBinary` in this scope
kablam!    --> /cargo-home/registry/src/github.com-1ecc6299db9ec823/clippy-0.0.5/src/misc.rs:185:10
kablam!     |
kablam! 185 | 		if let ExprBinary(Spanned { node: op, ..}, ref left, ref right) = expr.node {
kablam!     | 		       ^^^^^^^^^^ not found in this scope
kablam!     |
kablam!     = help: possible candidates are found in other modules, you can import them into scope:
kablam!               `use len_zero::typeck::hir::ExprBinary;`
kablam!               `use len_zero::typeck::hir::Expr_::ExprBinary;`
kablam! 
kablam! error[E0531]: cannot find tuple struct/variant `ExprBinary` in this scope
kablam!    --> /cargo-home/registry/src/github.com-1ecc6299db9ec823/clippy-0.0.5/src/misc.rs:196:3
kablam!     |
kablam! 196 | 		ExprBinary(Spanned { node: op, ..}, _, _) => is_arith_op(op),
kablam!     | 		^^^^^^^^^^ not found in this scope
kablam!     |
kablam!     = help: possible candidates are found in other modules, you can import them into scope:
kablam!               `use len_zero::typeck::hir::ExprBinary;`
kablam!               `use len_zero::typeck::hir::Expr_::ExprBinary;`
kablam! 
kablam! error[E0412]: cannot find type `BinOp_` in this scope
kablam!    --> /cargo-home/registry/src/github.com-1ecc6299db9ec823/clippy-0.0.5/src/misc.rs:201:19
kablam!     |
kablam! 201 | fn is_bit_op(op : BinOp_) -> bool {
kablam!     |                   ^^^^^^ did you mean `BinOp`?
kablam!     |
kablam!     = help: possible candidate is found in another module, you can import it into scope:
kablam!               `use len_zero::typeck::hir::BinOp_;`
kablam! 
kablam! error[E0408]: variable `BiBitXor` is not bound in all patterns
kablam!    --> /cargo-home/registry/src/github.com-1ecc6299db9ec823/clippy-0.0.5/src/misc.rs:203:14
kablam!     |
kablam! 203 | 		BiBitXor | BiBitAnd | BiBitOr | BiShl | BiShr => true,
kablam!     | 		--------   ^^^^^^^^   ^^^^^^^   ^^^^^   ^^^^^ pattern doesn't bind `BiBitXor`
kablam!     | 		|          |          |         |
kablam!     | 		|          |          |         pattern doesn't bind `BiBitXor`
kablam!     | 		|          |          pattern doesn't bind `BiBitXor`
kablam!     | 		|          pattern doesn't bind `BiBitXor`
kablam!     | 		variable not in all patterns
kablam! 
kablam! error[E0408]: variable `BiBitAnd` is not bound in all patterns
kablam!    --> /cargo-home/registry/src/github.com-1ecc6299db9ec823/clippy-0.0.5/src/misc.rs:203:3
kablam!     |
kablam! 203 | 		BiBitXor | BiBitAnd | BiBitOr | BiShl | BiShr => true,
kablam!     | 		^^^^^^^^   --------   ^^^^^^^   ^^^^^   ^^^^^ pattern doesn't bind `BiBitAnd`
kablam!     | 		|          |          |         |
kablam!     | 		|          |          |         pattern doesn't bind `BiBitAnd`
kablam!     | 		|          |          pattern doesn't bind `BiBitAnd`
kablam!     | 		|          variable not in all patterns
kablam!     | 		pattern doesn't bind `BiBitAnd`
kablam! 
kablam! error[E0408]: variable `BiBitOr` is not bound in all patterns
kablam!    --> /cargo-home/registry/src/github.com-1ecc6299db9ec823/clippy-0.0.5/src/misc.rs:203:3
kablam!     |
kablam! 203 | 		BiBitXor | BiBitAnd | BiBitOr | BiShl | BiShr => true,
kablam!     | 		^^^^^^^^   ^^^^^^^^   -------   ^^^^^   ^^^^^ pattern doesn't bind `BiBitOr`
kablam!     | 		|          |          |         |
kablam!     | 		|          |          |         pattern doesn't bind `BiBitOr`
kablam!     | 		|          |          variable not in all patterns
kablam!     | 		|          pattern doesn't bind `BiBitOr`
kablam!     | 		pattern doesn't bind `BiBitOr`
kablam! 
kablam! error[E0408]: variable `BiShl` is not bound in all patterns
kablam!    --> /cargo-home/registry/src/github.com-1ecc6299db9ec823/clippy-0.0.5/src/misc.rs:203:3
kablam!     |
kablam! 203 | 		BiBitXor | BiBitAnd | BiBitOr | BiShl | BiShr => true,
kablam!     | 		^^^^^^^^   ^^^^^^^^   ^^^^^^^   -----   ^^^^^ pattern doesn't bind `BiShl`
kablam!     | 		|          |          |         |
kablam!     | 		|          |          |         variable not in all patterns
kablam!     | 		|          |          pattern doesn't bind `BiShl`
kablam!     | 		|          pattern doesn't bind `BiShl`
kablam!     | 		pattern doesn't bind `BiShl`
kablam! 
kablam! error[E0408]: variable `BiShr` is not bound in all patterns
kablam!    --> /cargo-home/registry/src/github.com-1ecc6299db9ec823/clippy-0.0.5/src/misc.rs:203:3
kablam!     |
kablam! 203 | 		BiBitXor | BiBitAnd | BiBitOr | BiShl | BiShr => true,
kablam!     | 		^^^^^^^^   ^^^^^^^^   ^^^^^^^   ^^^^^   ----- variable not in all patterns
kablam!     | 		|          |          |         |
kablam!     | 		|          |          |         pattern doesn't bind `BiShr`
kablam!     | 		|          |          pattern doesn't bind `BiShr`
kablam!     | 		|          pattern doesn't bind `BiShr`
kablam!     | 		pattern doesn't bind `BiShr`
kablam! 
kablam! error[E0412]: cannot find type `BinOp_` in this scope
kablam!    --> /cargo-home/registry/src/github.com-1ecc6299db9ec823/clippy-0.0.5/src/misc.rs:208:21
kablam!     |
kablam! 208 | fn is_arith_op(op : BinOp_) -> bool {
kablam!     |                     ^^^^^^ did you mean `BinOp`?
kablam!     |
kablam!     = help: possible candidate is found in another module, you can import it into scope:
kablam!               `use len_zero::typeck::hir::BinOp_;`
kablam! 
kablam! error[E0408]: variable `BiAdd` is not bound in all patterns
kablam!    --> /cargo-home/registry/src/github.com-1ecc6299db9ec823/clippy-0.0.5/src/misc.rs:210:11
kablam!     |
kablam! 210 | 		BiAdd | BiSub | BiMul | BiDiv | BiRem => true,
kablam!     | 		-----   ^^^^^   ^^^^^   ^^^^^   ^^^^^ pattern doesn't bind `BiAdd`
kablam!     | 		|       |       |       |
kablam!     | 		|       |       |       pattern doesn't bind `BiAdd`
kablam!     | 		|       |       pattern doesn't bind `BiAdd`
kablam!     | 		|       pattern doesn't bind `BiAdd`
kablam!     | 		variable not in all patterns
kablam! 
kablam! error[E0408]: variable `BiSub` is not bound in all patterns
kablam!    --> /cargo-home/registry/src/github.com-1ecc6299db9ec823/clippy-0.0.5/src/misc.rs:210:3
kablam!     |
kablam! 210 | 		BiAdd | BiSub | BiMul | BiDiv | BiRem => true,
kablam!     | 		^^^^^   -----   ^^^^^   ^^^^^   ^^^^^ pattern doesn't bind `BiSub`
kablam!     | 		|       |       |       |
kablam!     | 		|       |       |       pattern doesn't bind `BiSub`
kablam!     | 		|       |       pattern doesn't bind `BiSub`
kablam!     | 		|       variable not in all patterns
kablam!     | 		pattern doesn't bind `BiSub`
kablam! 
kablam! error[E0408]: variable `BiMul` is not bound in all patterns
kablam!    --> /cargo-home/registry/src/github.com-1ecc6299db9ec823/clippy-0.0.5/src/misc.rs:210:3
kablam!     |
kablam! 210 | 		BiAdd | BiSub | BiMul | BiDiv | BiRem => true,
kablam!     | 		^^^^^   ^^^^^   -----   ^^^^^   ^^^^^ pattern doesn't bind `BiMul`
kablam!     | 		|       |       |       |
kablam!     | 		|       |       |       pattern doesn't bind `BiMul`
kablam!     | 		|       |       variable not in all patterns
kablam!     | 		|       pattern doesn't bind `BiMul`
kablam!     | 		pattern doesn't bind `BiMul`
kablam! 
kablam! error[E0408]: variable `BiDiv` is not bound in all patterns
kablam!    --> /cargo-home/registry/src/github.com-1ecc6299db9ec823/clippy-0.0.5/src/misc.rs:210:3
kablam!     |
kablam! 210 | 		BiAdd | BiSub | BiMul | BiDiv | BiRem => true,
kablam!     | 		^^^^^   ^^^^^   ^^^^^   -----   ^^^^^ pattern doesn't bind `BiDiv`
kablam!     | 		|       |       |       |
kablam!     | 		|       |       |       variable not in all patterns
kablam!     | 		|       |       pattern doesn't bind `BiDiv`
kablam!     | 		|       pattern doesn't bind `BiDiv`
kablam!     | 		pattern doesn't bind `BiDiv`
kablam! 
kablam! error[E0408]: variable `BiRem` is not bound in all patterns
kablam!    --> /cargo-home/registry/src/github.com-1ecc6299db9ec823/clippy-0.0.5/src/misc.rs:210:3
kablam!     |
kablam! 210 | 		BiAdd | BiSub | BiMul | BiDiv | BiRem => true,
kablam!     | 		^^^^^   ^^^^^   ^^^^^   ^^^^^   ----- variable not in all patterns
kablam!     | 		|       |       |       |
kablam!     | 		|       |       |       pattern doesn't bind `BiRem`
kablam!     | 		|       |       pattern doesn't bind `BiRem`
kablam!     | 		|       pattern doesn't bind `BiRem`
kablam!     | 		pattern doesn't bind `BiRem`
kablam! 
kablam! error[E0407]: method `check_expr` is not a member of trait `LintPass`
kablam!    --> /cargo-home/registry/src/github.com-1ecc6299db9ec823/clippy-0.0.5/src/misc.rs:226:2
kablam!     |
kablam! 226 |   	fn check_expr(&mut self, cx: &Context, expr: &Expr) {
kablam!     |  __^ starting here...
kablam! 227 | | 		if let ExprBinary(ref cmp, ref left, ref right) = expr.node {
kablam! 228 | | 			if is_comparison_binop(cmp.node) {
kablam! 229 | | 				check_to_owned(cx, left, right.span);
kablam! 230 | | 				check_to_owned(cx, right, left.span)
kablam! 231 | | 			}
kablam! 232 | | 		}
kablam! 233 | | 	}
kablam!     | |__^ ...ending here: not a member of trait `LintPass`
kablam! 
kablam! error[E0531]: cannot find tuple struct/variant `ExprBinary` in this scope
kablam!    --> /cargo-home/registry/src/github.com-1ecc6299db9ec823/clippy-0.0.5/src/misc.rs:227:10
kablam!     |
kablam! 227 | 		if let ExprBinary(ref cmp, ref left, ref right) = expr.node {
kablam!     | 		       ^^^^^^^^^^ not found in this scope
kablam!     |
kablam!     = help: possible candidates are found in other modules, you can import them into scope:
kablam!               `use len_zero::typeck::hir::ExprBinary;`
kablam!               `use len_zero::typeck::hir::Expr_::ExprBinary;`
kablam! 
kablam! error[E0531]: cannot find tuple struct/variant `ExprMethodCall` in this scope
kablam!    --> /cargo-home/registry/src/github.com-1ecc6299db9ec823/clippy-0.0.5/src/misc.rs:238:4
kablam!     |
kablam! 238 | 		&ExprMethodCall(Spanned{node: ref ident, ..}, _, ref args) => {
kablam!     | 		 ^^^^^^^^^^^^^^ not found in this scope
kablam!     |
kablam!     = help: possible candidates are found in other modules, you can import them into scope:
kablam!               `use len_zero::typeck::hir::ExprMethodCall;`
kablam!               `use len_zero::typeck::hir::Expr_::ExprMethodCall;`
kablam! 
kablam! error[E0531]: cannot find tuple struct/variant `ExprCall` in this scope
kablam!    --> /cargo-home/registry/src/github.com-1ecc6299db9ec823/clippy-0.0.5/src/misc.rs:249:4
kablam!     |
kablam! 249 | 		&ExprCall(ref path, _) => {
kablam!     | 		 ^^^^^^^^ not found in this scope
kablam!     |
kablam!     = help: possible candidates are found in other modules, you can import them into scope:
kablam!               `use len_zero::typeck::hir::ExprCall;`
kablam!               `use len_zero::typeck::hir::Expr_::ExprCall;`
kablam! 
kablam! error[E0531]: cannot find tuple struct/variant `ExprPath` in this scope
kablam!    --> /cargo-home/registry/src/github.com-1ecc6299db9ec823/clippy-0.0.5/src/misc.rs:250:12
kablam!     |
kablam! 250 | 			if let &ExprPath(None, ref path) = &path.node {
kablam!     | 			        ^^^^^^^^ not found in this scope
kablam!     |
kablam!     = help: possible candidates are found in other modules, you can import them into scope:
kablam!               `use len_zero::typeck::hir::ExprPath;`
kablam!               `use len_zero::typeck::hir::Expr_::ExprPath;`
kablam! 
kablam! error[E0407]: method `check_expr` is not a member of trait `LintPass`
kablam!   --> /cargo-home/registry/src/github.com-1ecc6299db9ec823/clippy-0.0.5/src/eq_op.rs:21:5
kablam!    |
kablam! 21 |       fn check_expr(&mut self, cx: &Context, e: &Expr) {
kablam!    |  _____^ starting here...
kablam! 22 | |         if let ExprBinary(ref op, ref left, ref right) = e.node {
kablam! 23 | |             if is_cmp_or_bit(op) && is_exp_equal(left, right) {
kablam! 24 | |                 cx.span_lint(EQ_OP, e.span, &format!(
kablam! 25 | | 					"equal expressions as operands to {}", 
kablam! 26 | | 						ast_util::binop_to_string(op.node)));
kablam! 27 | |             }
kablam! 28 | |         }
kablam! 29 | |     }
kablam!    | |_____^ ...ending here: not a member of trait `LintPass`
kablam! 
kablam! error[E0412]: cannot find type `Context` in this scope
kablam!   --> /cargo-home/registry/src/github.com-1ecc6299db9ec823/clippy-0.0.5/src/eq_op.rs:21:35
kablam!    |
kablam! 21 |     fn check_expr(&mut self, cx: &Context, e: &Expr) {
kablam!    |                                   ^^^^^^^ not found in this scope
kablam!    |
kablam!    = help: possible candidate is found in another module, you can import it into scope:
kablam!              `use len_zero::typeck::middle::region::Context;`
kablam! 
kablam! error[E0531]: cannot find tuple struct/variant `ExprBinary` in this scope
kablam!   --> /cargo-home/registry/src/github.com-1ecc6299db9ec823/clippy-0.0.5/src/eq_op.rs:22:16
kablam!    |
kablam! 22 |         if let ExprBinary(ref op, ref left, ref right) = e.node {
kablam!    |                ^^^^^^^^^^ not found in this scope
kablam!    |
kablam!    = help: possible candidates are found in other modules, you can import them into scope:
kablam!              `use len_zero::typeck::hir::ExprBinary;`
kablam!              `use len_zero::typeck::hir::Expr_::ExprBinary;`
kablam! 
kablam! error[E0531]: cannot find tuple struct/variant `ExprBinary` in this scope
kablam!   --> /cargo-home/registry/src/github.com-1ecc6299db9ec823/clippy-0.0.5/src/eq_op.rs:34:5
kablam!    |
kablam! 34 | 		(&ExprBinary(ref lop, ref ll, ref lr), 
kablam!    | 		  ^^^^^^^^^^ not found in this scope
kablam!    |
kablam!    = help: possible candidates are found in other modules, you can import them into scope:
kablam!              `use len_zero::typeck::hir::ExprBinary;`
kablam!              `use len_zero::typeck::hir::Expr_::ExprBinary;`
kablam! 
kablam! error[E0531]: cannot find tuple struct/variant `ExprBinary` in this scope
kablam!   --> /cargo-home/registry/src/github.com-1ecc6299db9ec823/clippy-0.0.5/src/eq_op.rs:35:6
kablam!    |
kablam! 35 | 				&ExprBinary(ref rop, ref rl, ref rr)) => 
kablam!    | 				 ^^^^^^^^^^ not found in this scope
kablam!    |
kablam!    = help: possible candidates are found in other modules, you can import them into scope:
kablam!              `use len_zero::typeck::hir::ExprBinary;`
kablam!              `use len_zero::typeck::hir::Expr_::ExprBinary;`
kablam! 
kablam! error[E0531]: cannot find tuple struct/variant `ExprBox` in this scope
kablam!   --> /cargo-home/registry/src/github.com-1ecc6299db9ec823/clippy-0.0.5/src/eq_op.rs:38:5
kablam!    |
kablam! 38 | 		(&ExprBox(ref lpl, ref lbox), &ExprBox(ref rpl, ref rbox)) => 
kablam!    | 		  ^^^^^^^ not found in this scope
kablam!    |
kablam!    = help: possible candidates are found in other modules, you can import them into scope:
kablam!              `use len_zero::typeck::hir::ExprBox;`
kablam!              `use len_zero::typeck::hir::Expr_::ExprBox;`
kablam! 
kablam! error[E0531]: cannot find tuple struct/variant `ExprBox` in this scope
kablam!   --> /cargo-home/registry/src/github.com-1ecc6299db9ec823/clippy-0.0.5/src/eq_op.rs:38:34
kablam!    |
kablam! 38 | 		(&ExprBox(ref lpl, ref lbox), &ExprBox(ref rpl, ref rbox)) => 
kablam!    | 		                               ^^^^^^^ not found in this scope
kablam!    |
kablam!    = help: possible candidates are found in other modules, you can import them into scope:
kablam!              `use len_zero::typeck::hir::ExprBox;`
kablam!              `use len_zero::typeck::hir::Expr_::ExprBox;`
kablam! 
kablam! error[E0531]: cannot find tuple struct/variant `ExprCall` in this scope
kablam!   --> /cargo-home/registry/src/github.com-1ecc6299db9ec823/clippy-0.0.5/src/eq_op.rs:41:5
kablam!    |
kablam! 41 | 		(&ExprCall(ref lcallee, ref largs), 
kablam!    | 		  ^^^^^^^^ not found in this scope
kablam!    |
kablam!    = help: possible candidates are found in other modules, you can import them into scope:
kablam!              `use len_zero::typeck::hir::ExprCall;`
kablam!              `use len_zero::typeck::hir::Expr_::ExprCall;`
kablam! 
kablam! error[E0531]: cannot find tuple struct/variant `ExprCall` in this scope
kablam!   --> /cargo-home/registry/src/github.com-1ecc6299db9ec823/clippy-0.0.5/src/eq_op.rs:42:5
kablam!    |
kablam! 42 | 		 &ExprCall(ref rcallee, ref rargs)) => is_exp_equal(lcallee, 
kablam!    | 		  ^^^^^^^^ not found in this scope
kablam!    |
kablam!    = help: possible candidates are found in other modules, you can import them into scope:
kablam!              `use len_zero::typeck::hir::ExprCall;`
kablam!              `use len_zero::typeck::hir::Expr_::ExprCall;`
kablam! 
kablam! error[E0531]: cannot find tuple struct/variant `ExprCast` in this scope
kablam!   --> /cargo-home/registry/src/github.com-1ecc6299db9ec823/clippy-0.0.5/src/eq_op.rs:44:5
kablam!    |
kablam! 44 | 		(&ExprCast(ref lc, ref lty), &ExprCast(ref rc, ref rty)) => 
kablam!    | 		  ^^^^^^^^ not found in this scope
kablam!    |
kablam!    = help: possible candidates are found in other modules, you can import them into scope:
kablam!              `use len_zero::typeck::hir::ExprCast;`
kablam!              `use len_zero::typeck::hir::Expr_::ExprCast;`
kablam! 
kablam! error[E0531]: cannot find tuple struct/variant `ExprCast` in this scope
kablam!   --> /cargo-home/registry/src/github.com-1ecc6299db9ec823/clippy-0.0.5/src/eq_op.rs:44:33
kablam!    |
kablam! 44 | 		(&ExprCast(ref lc, ref lty), &ExprCast(ref rc, ref rty)) => 
kablam!    | 		                              ^^^^^^^^ not found in this scope
kablam!    |
kablam!    = help: possible candidates are found in other modules, you can import them into scope:
kablam!              `use len_zero::typeck::hir::ExprCast;`
kablam!              `use len_zero::typeck::hir::Expr_::ExprCast;`
kablam! 
kablam! error[E0531]: cannot find tuple struct/variant `ExprField` in this scope
kablam!   --> /cargo-home/registry/src/github.com-1ecc6299db9ec823/clippy-0.0.5/src/eq_op.rs:46:5
kablam!    |
kablam! 46 | 		(&ExprField(ref lfexp, ref lfident), 
kablam!    | 		  ^^^^^^^^^ not found in this scope
kablam!    |
kablam!    = help: possible candidates are found in other modules, you can import them into scope:
kablam!              `use len_zero::typeck::hir::ExprField;`
kablam!              `use len_zero::typeck::hir::Expr_::ExprField;`
kablam! 
kablam! error[E0531]: cannot find tuple struct/variant `ExprField` in this scope
kablam!   --> /cargo-home/registry/src/github.com-1ecc6299db9ec823/clippy-0.0.5/src/eq_op.rs:47:6
kablam!    |
kablam! 47 | 				&ExprField(ref rfexp, ref rfident)) => 
kablam!    | 				 ^^^^^^^^^ not found in this scope
kablam!    |
kablam!    = help: possible candidates are found in other modules, you can import them into scope:
kablam!              `use len_zero::typeck::hir::ExprField;`
kablam!              `use len_zero::typeck::hir::Expr_::ExprField;`
kablam! 
kablam! error[E0531]: cannot find tuple struct/variant `ExprLit` in this scope
kablam!   --> /cargo-home/registry/src/github.com-1ecc6299db9ec823/clippy-0.0.5/src/eq_op.rs:49:5
kablam!    |
kablam! 49 | 		(&ExprLit(ref l), &ExprLit(ref r)) => l.node == r.node,
kablam!    | 		  ^^^^^^^ not found in this scope
kablam!    |
kablam!    = help: possible candidates are found in other modules, you can import them into scope:
kablam!              `use len_zero::typeck::hir::ExprLit;`
kablam!              `use len_zero::typeck::hir::Expr_::ExprLit;`
kablam! 
kablam! error[E0531]: cannot find tuple struct/variant `ExprLit` in this scope
kablam!   --> /cargo-home/registry/src/github.com-1ecc6299db9ec823/clippy-0.0.5/src/eq_op.rs:49:22
kablam!    |
kablam! 49 | 		(&ExprLit(ref l), &ExprLit(ref r)) => l.node == r.node,
kablam!    | 		                   ^^^^^^^ not found in this scope
kablam!    |
kablam!    = help: possible candidates are found in other modules, you can import them into scope:
kablam!              `use len_zero::typeck::hir::ExprLit;`
kablam!              `use len_zero::typeck::hir::Expr_::ExprLit;`
kablam! 
kablam! error[E0531]: cannot find tuple struct/variant `ExprMethodCall` in this scope
kablam!   --> /cargo-home/registry/src/github.com-1ecc6299db9ec823/clippy-0.0.5/src/eq_op.rs:50:5
kablam!    |
kablam! 50 | 		(&ExprMethodCall(ref lident, ref lcty, ref lmargs), 
kablam!    | 		  ^^^^^^^^^^^^^^ not found in this scope
kablam!    |
kablam!    = help: possible candidates are found in other modules, you can import them into scope:
kablam!              `use len_zero::typeck::hir::ExprMethodCall;`
kablam!              `use len_zero::typeck::hir::Expr_::ExprMethodCall;`
kablam! 
kablam! error[E0531]: cannot find tuple struct/variant `ExprMethodCall` in this scope
kablam!   --> /cargo-home/registry/src/github.com-1ecc6299db9ec823/clippy-0.0.5/src/eq_op.rs:51:6
kablam!    |
kablam! 51 | 				&ExprMethodCall(ref rident, ref rcty, ref rmargs)) => 
kablam!    | 				 ^^^^^^^^^^^^^^ not found in this scope
kablam!    |
kablam!    = help: possible candidates are found in other modules, you can import them into scope:
kablam!              `use len_zero::typeck::hir::ExprMethodCall;`
kablam!              `use len_zero::typeck::hir::Expr_::ExprMethodCall;`
kablam! 
kablam! error[E0531]: cannot find tuple struct/variant `ExprParen` in this scope
kablam!   --> /cargo-home/registry/src/github.com-1ecc6299db9ec823/clippy-0.0.5/src/eq_op.rs:54:5
kablam!    |
kablam! 54 | 		(&ExprParen(ref lparen), _) => is_exp_equal(lparen, right),
kablam!    | 		  ^^^^^^^^^ not found in this scope
kablam! 
kablam! error[E0531]: cannot find tuple struct/variant `ExprParen` in this scope
kablam!   --> /cargo-home/registry/src/github.com-1ecc6299db9ec823/clippy-0.0.5/src/eq_op.rs:55:8
kablam!    |
kablam! 55 | 		(_, &ExprParen(ref rparen)) => is_exp_equal(left, rparen),
kablam!    | 		     ^^^^^^^^^ not found in this scope
kablam! 
kablam! error[E0531]: cannot find tuple struct/variant `ExprPath` in this scope
kablam!   --> /cargo-home/registry/src/github.com-1ecc6299db9ec823/clippy-0.0.5/src/eq_op.rs:56:5
kablam!    |
kablam! 56 | 		(&ExprPath(ref lqself, ref lsubpath), 
kablam!    | 		  ^^^^^^^^ not found in this scope
kablam!    |
kablam!    = help: possible candidates are found in other modules, you can import them into scope:
kablam!              `use len_zero::typeck::hir::ExprPath;`
kablam!              `use len_zero::typeck::hir::Expr_::ExprPath;`
kablam! 
kablam! error[E0531]: cannot find tuple struct/variant `ExprPath` in this scope
kablam!   --> /cargo-home/registry/src/github.com-1ecc6299db9ec823/clippy-0.0.5/src/eq_op.rs:57:6
kablam!    |
kablam! 57 | 				&ExprPath(ref rqself, ref rsubpath)) => 
kablam!    | 				 ^^^^^^^^ not found in this scope
kablam!    |
kablam!    = help: possible candidates are found in other modules, you can import them into scope:
kablam!              `use len_zero::typeck::hir::ExprPath;`
kablam!              `use len_zero::typeck::hir::Expr_::ExprPath;`
kablam! 
kablam! error[E0531]: cannot find tuple struct/variant `ExprTup` in this scope
kablam!   --> /cargo-home/registry/src/github.com-1ecc6299db9ec823/clippy-0.0.5/src/eq_op.rs:60:5
kablam!    |
kablam! 60 | 		(&ExprTup(ref ltup), &ExprTup(ref rtup)) => 
kablam!    | 		  ^^^^^^^ not found in this scope
kablam!    |
kablam!    = help: possible candidates are found in other modules, you can import them into scope:
kablam!              `use len_zero::typeck::hir::ExprTup;`
kablam!              `use len_zero::typeck::hir::Expr_::ExprTup;`
kablam! 
kablam! error[E0531]: cannot find tuple struct/variant `ExprTup` in this scope
kablam!   --> /cargo-home/registry/src/github.com-1ecc6299db9ec823/clippy-0.0.5/src/eq_op.rs:60:25
kablam!    |
kablam! 60 | 		(&ExprTup(ref ltup), &ExprTup(ref rtup)) => 
kablam!    | 		                      ^^^^^^^ not found in this scope
kablam!    |
kablam!    = help: possible candidates are found in other modules, you can import them into scope:
kablam!              `use len_zero::typeck::hir::ExprTup;`
kablam!              `use len_zero::typeck::hir::Expr_::ExprTup;`
kablam! 
kablam! error[E0531]: cannot find tuple struct/variant `ExprUnary` in this scope
kablam!   --> /cargo-home/registry/src/github.com-1ecc6299db9ec823/clippy-0.0.5/src/eq_op.rs:62:5
kablam!    |
kablam! 62 | 		(&ExprUnary(lunop, ref l), &ExprUnary(runop, ref r)) => 
kablam!    | 		  ^^^^^^^^^ not found in this scope
kablam!    |
kablam!    = help: possible candidates are found in other modules, you can import them into scope:
kablam!              `use len_zero::typeck::hir::ExprUnary;`
kablam!              `use len_zero::typeck::hir::Expr_::ExprUnary;`
kablam! 
kablam! error[E0531]: cannot find tuple struct/variant `ExprUnary` in this scope
kablam!   --> /cargo-home/registry/src/github.com-1ecc6299db9ec823/clippy-0.0.5/src/eq_op.rs:62:31
kablam!    |
kablam! 62 | 		(&ExprUnary(lunop, ref l), &ExprUnary(runop, ref r)) => 
kablam!    | 		                            ^^^^^^^^^ not found in this scope
kablam!    |
kablam!    = help: possible candidates are found in other modules, you can import them into scope:
kablam!              `use len_zero::typeck::hir::ExprUnary;`
kablam!              `use len_zero::typeck::hir::Expr_::ExprUnary;`
kablam! 
kablam! error[E0531]: cannot find tuple struct/variant `ExprVec` in this scope
kablam!   --> /cargo-home/registry/src/github.com-1ecc6299db9ec823/clippy-0.0.5/src/eq_op.rs:64:5
kablam!    |
kablam! 64 | 		(&ExprVec(ref l), &ExprVec(ref r)) => is_exps_equal(l, r),
kablam!    | 		  ^^^^^^^ not found in this scope
kablam! 
kablam! error[E0531]: cannot find tuple struct/variant `ExprVec` in this scope
kablam!   --> /cargo-home/registry/src/github.com-1ecc6299db9ec823/clippy-0.0.5/src/eq_op.rs:64:22
kablam!    |
kablam! 64 | 		(&ExprVec(ref l), &ExprVec(ref r)) => is_exps_equal(l, r),
kablam!    | 		                   ^^^^^^^ not found in this scope
kablam! 
kablam! error[E0531]: cannot find tuple struct/variant `TyVec` in this scope
kablam!   --> /cargo-home/registry/src/github.com-1ecc6299db9ec823/clippy-0.0.5/src/eq_op.rs:83:4
kablam!    |
kablam! 83 | 	(&TyVec(ref lvec), &TyVec(ref rvec)) => is_ty_equal(lvec, rvec),
kablam!    | 	  ^^^^^ not found in this scope
kablam! 
kablam! error[E0531]: cannot find tuple struct/variant `TyVec` in this scope
kablam!   --> /cargo-home/registry/src/github.com-1ecc6299db9ec823/clippy-0.0.5/src/eq_op.rs:83:22
kablam!    |
kablam! 83 | 	(&TyVec(ref lvec), &TyVec(ref rvec)) => is_ty_equal(lvec, rvec),
kablam!    | 	                    ^^^^^ not found in this scope
kablam! 
kablam! error[E0531]: cannot find tuple struct/variant `TyFixedLengthVec` in this scope
kablam!   --> /cargo-home/registry/src/github.com-1ecc6299db9ec823/clippy-0.0.5/src/eq_op.rs:84:4
kablam!    |
kablam! 84 | 	(&TyFixedLengthVec(ref lfvty, ref lfvexp), 
kablam!    | 	  ^^^^^^^^^^^^^^^^ not found in this scope
kablam! 
kablam! error[E0531]: cannot find tuple struct/variant `TyFixedLengthVec` in this scope
kablam!   --> /cargo-home/registry/src/github.com-1ecc6299db9ec823/clippy-0.0.5/src/eq_op.rs:85:5
kablam!    |
kablam! 85 | 			&TyFixedLengthVec(ref rfvty, ref rfvexp)) => 
kablam!    | 			 ^^^^^^^^^^^^^^^^ not found in this scope
kablam! 
kablam! error[E0531]: cannot find tuple struct/variant `TyPtr` in this scope
kablam!   --> /cargo-home/registry/src/github.com-1ecc6299db9ec823/clippy-0.0.5/src/eq_op.rs:87:4
kablam!    |
kablam! 87 | 	(&TyPtr(ref lmut), &TyPtr(ref rmut)) => is_mut_ty_equal(lmut, rmut),
kablam!    | 	  ^^^^^ not found in this scope
kablam!    |
kablam!    = help: possible candidates are found in other modules, you can import them into scope:
kablam!              `use len_zero::typeck::hir::TyPtr;`
kablam!              `use len_zero::typeck::hir::Ty_::TyPtr;`
kablam! 
kablam! error[E0531]: cannot find tuple struct/variant `TyPtr` in this scope
kablam!   --> /cargo-home/registry/src/github.com-1ecc6299db9ec823/clippy-0.0.5/src/eq_op.rs:87:22
kablam!    |
kablam! 87 | 	(&TyPtr(ref lmut), &TyPtr(ref rmut)) => is_mut_ty_equal(lmut, rmut),
kablam!    | 	                    ^^^^^ not found in this scope
kablam!    |
kablam!    = help: possible candidates are found in other modules, you can import them into scope:
kablam!              `use len_zero::typeck::hir::TyPtr;`
kablam!              `use len_zero::typeck::hir::Ty_::TyPtr;`
kablam! 
kablam! error[E0531]: cannot find tuple struct/variant `TyRptr` in this scope
kablam!   --> /cargo-home/registry/src/github.com-1ecc6299db9ec823/clippy-0.0.5/src/eq_op.rs:88:4
kablam!    |
kablam! 88 | 	(&TyRptr(ref ltime, ref lrmut), &TyRptr(ref rtime, ref rrmut)) => 
kablam!    | 	  ^^^^^^ not found in this scope
kablam!    |
kablam!    = help: possible candidates are found in other modules, you can import them into scope:
kablam!              `use len_zero::typeck::hir::TyRptr;`
kablam!              `use len_zero::typeck::hir::Ty_::TyRptr;`
kablam! 
kablam! error[E0531]: cannot find tuple struct/variant `TyRptr` in this scope
kablam!   --> /cargo-home/registry/src/github.com-1ecc6299db9ec823/clippy-0.0.5/src/eq_op.rs:88:35
kablam!    |
kablam! 88 | 	(&TyRptr(ref ltime, ref lrmut), &TyRptr(ref rtime, ref rrmut)) => 
kablam!    | 	                                 ^^^^^^ not found in this scope
kablam!    |
kablam!    = help: possible candidates are found in other modules, you can import them into scope:
kablam!              `use len_zero::typeck::hir::TyRptr;`
kablam!              `use len_zero::typeck::hir::Ty_::TyRptr;`
kablam! 
kablam! error[E0531]: cannot find tuple struct/variant `TyBareFn` in this scope
kablam!   --> /cargo-home/registry/src/github.com-1ecc6299db9ec823/clippy-0.0.5/src/eq_op.rs:91:4
kablam!    |
kablam! 91 | 	(&TyBareFn(ref lbare), &TyBareFn(ref rbare)) => 
kablam!    | 	  ^^^^^^^^ not found in this scope
kablam!    |
kablam!    = help: possible candidates are found in other modules, you can import them into scope:
kablam!              `use len_zero::typeck::hir::TyBareFn;`
kablam!              `use len_zero::typeck::hir::Ty_::TyBareFn;`
kablam! 
kablam! error[E0531]: cannot find tuple struct/variant `TyBareFn` in this scope
kablam!   --> /cargo-home/registry/src/github.com-1ecc6299db9ec823/clippy-0.0.5/src/eq_op.rs:91:26
kablam!    |
kablam! 91 | 	(&TyBareFn(ref lbare), &TyBareFn(ref rbare)) => 
kablam!    | 	                        ^^^^^^^^ not found in this scope
kablam!    |
kablam!    = help: possible candidates are found in other modules, you can import them into scope:
kablam!              `use len_zero::typeck::hir::TyBareFn;`
kablam!              `use len_zero::typeck::hir::Ty_::TyBareFn;`
kablam! 
kablam! error[E0531]: cannot find tuple struct/variant `TyTup` in this scope
kablam!   --> /cargo-home/registry/src/github.com-1ecc6299db9ec823/clippy-0.0.5/src/eq_op.rs:93:7
kablam!    |
kablam! 93 |     (&TyTup(ref ltup), &TyTup(ref rtup)) => is_tys_equal(ltup, rtup),
kablam!    |       ^^^^^ not found in this scope
kablam!    |
kablam!    = help: possible candidates are found in other modules, you can import them into scope:
kablam!              `use len_zero::typeck::hir::TyTup;`
kablam!              `use len_zero::typeck::hir::Ty_::TyTup;`
kablam! 
kablam! error[E0531]: cannot find tuple struct/variant `TyTup` in this scope
kablam!   --> /cargo-home/registry/src/github.com-1ecc6299db9ec823/clippy-0.0.5/src/eq_op.rs:93:25
kablam!    |
kablam! 93 |     (&TyTup(ref ltup), &TyTup(ref rtup)) => is_tys_equal(ltup, rtup),
kablam!    |                         ^^^^^ not found in this scope
kablam!    |
kablam!    = help: possible candidates are found in other modules, you can import them into scope:
kablam!              `use len_zero::typeck::hir::TyTup;`
kablam!              `use len_zero::typeck::hir::Ty_::TyTup;`
kablam! 
kablam! error[E0531]: cannot find tuple struct/variant `TyPath` in this scope
kablam!   --> /cargo-home/registry/src/github.com-1ecc6299db9ec823/clippy-0.0.5/src/eq_op.rs:94:4
kablam!    |
kablam! 94 | 	(&TyPath(ref lq, ref lpath), &TyPath(ref rq, ref rpath)) => 
kablam!    | 	  ^^^^^^ not found in this scope
kablam!    |
kablam!    = help: possible candidates are found in other modules, you can import them into scope:
kablam!              `use len_zero::typeck::hir::TyPath;`
kablam!              `use len_zero::typeck::hir::Ty_::TyPath;`
kablam! 
kablam! error[E0531]: cannot find tuple struct/variant `TyPath` in this scope
kablam!   --> /cargo-home/registry/src/github.com-1ecc6299db9ec823/clippy-0.0.5/src/eq_op.rs:94:32
kablam!    |
kablam! 94 | 	(&TyPath(ref lq, ref lpath), &TyPath(ref rq, ref rpath)) => 
kablam!    | 	                              ^^^^^^ not found in this scope
kablam!    |
kablam!    = help: possible candidates are found in other modules, you can import them into scope:
kablam!              `use len_zero::typeck::hir::TyPath;`
kablam!              `use len_zero::typeck::hir::Ty_::TyPath;`
kablam! 
kablam! error[E0531]: cannot find tuple struct/variant `TyObjectSum` in this scope
kablam!   --> /cargo-home/registry/src/github.com-1ecc6299db9ec823/clippy-0.0.5/src/eq_op.rs:96:7
kablam!    |
kablam! 96 |     (&TyObjectSum(ref lsumty, ref lobounds), 
kablam!    |       ^^^^^^^^^^^ not found in this scope
kablam! 
kablam! error[E0531]: cannot find tuple struct/variant `TyObjectSum` in this scope
kablam!   --> /cargo-home/registry/src/github.com-1ecc6299db9ec823/clippy-0.0.5/src/eq_op.rs:97:5
kablam!    |
kablam! 97 | 			&TyObjectSum(ref rsumty, ref robounds)) => 
kablam!    | 			 ^^^^^^^^^^^ not found in this scope
kablam! 
kablam! error[E0531]: cannot find tuple struct/variant `TyPolyTraitRef` in this scope
kablam!    --> /cargo-home/registry/src/github.com-1ecc6299db9ec823/clippy-0.0.5/src/eq_op.rs:100:4
kablam!     |
kablam! 100 | 	(&TyPolyTraitRef(ref ltbounds), &TyPolyTraitRef(ref rtbounds)) => 
kablam!     | 	  ^^^^^^^^^^^^^^ not found in this scope
kablam! 
kablam! error[E0531]: cannot find tuple struct/variant `TyPolyTraitRef` in this scope
kablam!    --> /cargo-home/registry/src/github.com-1ecc6299db9ec823/clippy-0.0.5/src/eq_op.rs:100:35
kablam!     |
kablam! 100 | 	(&TyPolyTraitRef(ref ltbounds), &TyPolyTraitRef(ref rtbounds)) => 
kablam!     | 	                                 ^^^^^^^^^^^^^^ not found in this scope
kablam! 
kablam! error[E0531]: cannot find tuple struct/variant `TyParen` in this scope
kablam!    --> /cargo-home/registry/src/github.com-1ecc6299db9ec823/clippy-0.0.5/src/eq_op.rs:102:7
kablam!     |
kablam! 102 |     (&TyParen(ref lty), &TyParen(ref rty)) => is_ty_equal(lty, rty),
kablam!     |       ^^^^^^^ not found in this scope
kablam! 
kablam! error[E0531]: cannot find tuple struct/variant `TyParen` in this scope
kablam!    --> /cargo-home/registry/src/github.com-1ecc6299db9ec823/clippy-0.0.5/src/eq_op.rs:102:26
kablam!     |
kablam! 102 |     (&TyParen(ref lty), &TyParen(ref rty)) => is_ty_equal(lty, rty),
kablam!     |                          ^^^^^^^ not found in this scope
kablam! 
kablam! error[E0531]: cannot find tuple struct/variant `TyTypeof` in this scope
kablam!    --> /cargo-home/registry/src/github.com-1ecc6299db9ec823/clippy-0.0.5/src/eq_op.rs:103:7
kablam!     |
kablam! 103 |     (&TyTypeof(ref lof), &TyTypeof(ref rof)) => is_exp_equal(lof, rof),
kablam!     |       ^^^^^^^^ not found in this scope
kablam!     |
kablam!     = help: possible candidates are found in other modules, you can import them into scope:
kablam!               `use len_zero::typeck::hir::TyTypeof;`
kablam!               `use len_zero::typeck::hir::Ty_::TyTypeof;`
kablam! 
kablam! error[E0531]: cannot find tuple struct/variant `TyTypeof` in this scope
kablam!    --> /cargo-home/registry/src/github.com-1ecc6299db9ec823/clippy-0.0.5/src/eq_op.rs:103:27
kablam!     |
kablam! 103 |     (&TyTypeof(ref lof), &TyTypeof(ref rof)) => is_exp_equal(lof, rof),
kablam!     |                           ^^^^^^^^ not found in this scope
kablam!     |
kablam!     = help: possible candidates are found in other modules, you can import them into scope:
kablam!               `use len_zero::typeck::hir::TyTypeof;`
kablam!               `use len_zero::typeck::hir::Ty_::TyTypeof;`
kablam! 
kablam! error[E0416]: identifier `TyInfer` is bound more than once in the same pattern
kablam!    --> /cargo-home/registry/src/github.com-1ecc6299db9ec823/clippy-0.0.5/src/eq_op.rs:104:14
kablam!     |
kablam! 104 | 	(&TyInfer, &TyInfer) => true,
kablam!     | 	            ^^^^^^^ used in a pattern more than once
kablam! 
kablam! error[E0531]: cannot find tuple struct/variant `NoReturn` in this scope
kablam!    --> /cargo-home/registry/src/github.com-1ecc6299db9ec823/clippy-0.0.5/src/eq_op.rs:151:4
kablam!     |
kablam! 151 | 	(&NoReturn(_), &NoReturn(_)) | 
kablam!     | 	  ^^^^^^^^ not found in this scope
kablam! 
kablam! error[E0531]: cannot find tuple struct/variant `NoReturn` in this scope
kablam!    --> /cargo-home/registry/src/github.com-1ecc6299db9ec823/clippy-0.0.5/src/eq_op.rs:151:18
kablam!     |
kablam! 151 | 	(&NoReturn(_), &NoReturn(_)) | 
kablam!     | 	                ^^^^^^^^ not found in this scope
kablam! 
kablam! error[E0531]: cannot find tuple struct/variant `DefaultReturn` in this scope
kablam!    --> /cargo-home/registry/src/github.com-1ecc6299db9ec823/clippy-0.0.5/src/eq_op.rs:152:4
kablam!     |
kablam! 152 | 	(&DefaultReturn(_), &DefaultReturn(_)) => true,
kablam!     | 	  ^^^^^^^^^^^^^ not found in this scope
kablam!     |
kablam!     = help: possible candidates are found in other modules, you can import them into scope:
kablam!               `use len_zero::typeck::hir::DefaultReturn;`
kablam!               `use len_zero::typeck::hir::FunctionRetTy::DefaultReturn;`
kablam! 
kablam! error[E0531]: cannot find tuple struct/variant `DefaultReturn` in this scope
kablam!    --> /cargo-home/registry/src/github.com-1ecc6299db9ec823/clippy-0.0.5/src/eq_op.rs:152:23
kablam!     |
kablam! 152 | 	(&DefaultReturn(_), &DefaultReturn(_)) => true,
kablam!     | 	                     ^^^^^^^^^^^^^ not found in this scope
kablam!     |
kablam!     = help: possible candidates are found in other modules, you can import them into scope:
kablam!               `use len_zero::typeck::hir::DefaultReturn;`
kablam!               `use len_zero::typeck::hir::FunctionRetTy::DefaultReturn;`
kablam! 
kablam! error[E0531]: cannot find tuple struct/variant `Return` in this scope
kablam!    --> /cargo-home/registry/src/github.com-1ecc6299db9ec823/clippy-0.0.5/src/eq_op.rs:153:4
kablam!     |
kablam! 153 | 	(&Return(ref lty), &Return(ref rty)) => is_ty_equal(lty, rty),
kablam!     | 	  ^^^^^^ not found in this scope
kablam!     |
kablam!     = help: possible candidates are found in other modules, you can import them into scope:
kablam!               `use len_zero::typeck::hir::FunctionRetTy::Return;`
kablam!               `use len_zero::typeck::hir::Return;`
kablam! 
kablam! error[E0531]: cannot find tuple struct/variant `Return` in this scope
kablam!    --> /cargo-home/registry/src/github.com-1ecc6299db9ec823/clippy-0.0.5/src/eq_op.rs:153:22
kablam!     |
kablam! 153 | 	(&Return(ref lty), &Return(ref rty)) => is_ty_equal(lty, rty),
kablam!     | 	                    ^^^^^^ not found in this scope
kablam!     |
kablam!     = help: possible candidates are found in other modules, you can import them into scope:
kablam!               `use len_zero::typeck::hir::FunctionRetTy::Return;`
kablam!               `use len_zero::typeck::hir::Return;`
kablam! 
kablam! error[E0531]: cannot find tuple struct/variant `PatWild` in this scope
kablam!    --> /cargo-home/registry/src/github.com-1ecc6299db9ec823/clippy-0.0.5/src/eq_op.rs:168:4
kablam!     |
kablam! 168 | 	(&PatWild(lwild), &PatWild(rwild)) => lwild == rwild,
kablam!     | 	  ^^^^^^^ not found in this scope
kablam! 
kablam! error[E0531]: cannot find tuple struct/variant `PatWild` in this scope
kablam!    --> /cargo-home/registry/src/github.com-1ecc6299db9ec823/clippy-0.0.5/src/eq_op.rs:168:21
kablam!     |
kablam! 168 | 	(&PatWild(lwild), &PatWild(rwild)) => lwild == rwild,
kablam!     | 	                   ^^^^^^^ not found in this scope
kablam! 
kablam! error[E0531]: cannot find tuple struct/variant `PatIdent` in this scope
kablam!    --> /cargo-home/registry/src/github.com-1ecc6299db9ec823/clippy-0.0.5/src/eq_op.rs:169:4
kablam!     |
kablam! 169 | 	(&PatIdent(ref lmode, ref lident, Option::None), 
kablam!     | 	  ^^^^^^^^ not found in this scope
kablam! 
kablam! error[E0531]: cannot find tuple struct/variant `PatIdent` in this scope
kablam!    --> /cargo-home/registry/src/github.com-1ecc6299db9ec823/clippy-0.0.5/src/eq_op.rs:170:5
kablam!     |
kablam! 170 | 			&PatIdent(ref rmode, ref rident, Option::None)) =>
kablam!     | 			 ^^^^^^^^ not found in this scope
kablam! 
kablam! error[E0531]: cannot find tuple struct/variant `PatIdent` in this scope
kablam!    --> /cargo-home/registry/src/github.com-1ecc6299db9ec823/clippy-0.0.5/src/eq_op.rs:172:4
kablam!     |
kablam! 172 | 	(&PatIdent(ref lmode, ref lident, Option::Some(ref lpat)), 
kablam!     | 	  ^^^^^^^^ not found in this scope
kablam! 
kablam! error[E0531]: cannot find tuple struct/variant `PatIdent` in this scope
kablam!    --> /cargo-home/registry/src/github.com-1ecc6299db9ec823/clippy-0.0.5/src/eq_op.rs:173:5
kablam!     |
kablam! 173 | 			&PatIdent(ref rmode, ref rident, Option::Some(ref rpat))) =>
kablam!     | 			 ^^^^^^^^ not found in this scope
kablam! 
kablam! error[E0531]: cannot find tuple struct/variant `PatEnum` in this scope
kablam!    --> /cargo-home/registry/src/github.com-1ecc6299db9ec823/clippy-0.0.5/src/eq_op.rs:176:7
kablam!     |
kablam! 176 |     (&PatEnum(ref lpath, ref lenum), &PatEnum(ref rpath, ref renum)) => 
kablam!     |       ^^^^^^^ not found in this scope
kablam! 
kablam! error[E0531]: cannot find tuple struct/variant `PatEnum` in this scope
kablam!    --> /cargo-home/registry/src/github.com-1ecc6299db9ec823/clippy-0.0.5/src/eq_op.rs:176:39
kablam!     |
kablam! 176 |     (&PatEnum(ref lpath, ref lenum), &PatEnum(ref rpath, ref renum)) => 
kablam!     |                                       ^^^^^^^ not found in this scope
kablam! 
kablam! error[E0531]: cannot find tuple struct/variant `PatStruct` in this scope
kablam!    --> /cargo-home/registry/src/github.com-1ecc6299db9ec823/clippy-0.0.5/src/eq_op.rs:179:7
kablam!     |
kablam! 179 |     (&PatStruct(ref lpath, ref lfieldpat, lbool), 
kablam!     |       ^^^^^^^^^ not found in this scope
kablam! 
kablam! error[E0531]: cannot find tuple struct/variant `PatStruct` in this scope
kablam!    --> /cargo-home/registry/src/github.com-1ecc6299db9ec823/clippy-0.0.5/src/eq_op.rs:180:5
kablam!     |
kablam! 180 | 			&PatStruct(ref rpath, ref rfieldpat, rbool)) =>
kablam!     | 			 ^^^^^^^^^ not found in this scope
kablam! 
kablam! error[E0531]: cannot find tuple struct/variant `PatTup` in this scope
kablam!    --> /cargo-home/registry/src/github.com-1ecc6299db9ec823/clippy-0.0.5/src/eq_op.rs:183:7
kablam!     |
kablam! 183 |     (&PatTup(ref ltup), &PatTup(ref rtup)) => is_pats_equal(ltup, rtup), 
kablam!     |       ^^^^^^ not found in this scope
kablam! 
kablam! error[E0531]: cannot find tuple struct/variant `PatTup` in this scope
kablam!    --> /cargo-home/registry/src/github.com-1ecc6299db9ec823/clippy-0.0.5/src/eq_op.rs:183:26
kablam!     |
kablam! 183 |     (&PatTup(ref ltup), &PatTup(ref rtup)) => is_pats_equal(ltup, rtup), 
kablam!     |                          ^^^^^^ not found in this scope
kablam! 
kablam! error[E0531]: cannot find tuple struct/variant `PatBox` in this scope
kablam!    --> /cargo-home/registry/src/github.com-1ecc6299db9ec823/clippy-0.0.5/src/eq_op.rs:184:7
kablam!     |
kablam! 184 |     (&PatBox(ref lboxed), &PatBox(ref rboxed)) => 
kablam!     |       ^^^^^^ not found in this scope
kablam! 
kablam! error[E0531]: cannot find tuple struct/variant `PatBox` in this scope
kablam!    --> /cargo-home/registry/src/github.com-1ecc6299db9ec823/clippy-0.0.5/src/eq_op.rs:184:28
kablam!     |
kablam! 184 |     (&PatBox(ref lboxed), &PatBox(ref rboxed)) => 
kablam!     |                            ^^^^^^ not found in this scope
kablam! 
kablam! error[E0531]: cannot find tuple struct/variant `PatRegion` in this scope
kablam!    --> /cargo-home/registry/src/github.com-1ecc6299db9ec823/clippy-0.0.5/src/eq_op.rs:186:7
kablam!     |
kablam! 186 |     (&PatRegion(ref lpat, ref lmut), &PatRegion(ref rpat, ref rmut)) => 
kablam!     |       ^^^^^^^^^ not found in this scope
kablam! 
kablam! error[E0531]: cannot find tuple struct/variant `PatRegion` in this scope
kablam!    --> /cargo-home/registry/src/github.com-1ecc6299db9ec823/clippy-0.0.5/src/eq_op.rs:186:39
kablam!     |
kablam! 186 |     (&PatRegion(ref lpat, ref lmut), &PatRegion(ref rpat, ref rmut)) => 
kablam!     |                                       ^^^^^^^^^ not found in this scope
kablam! 
kablam! error[E0531]: cannot find tuple struct/variant `PatLit` in this scope
kablam!    --> /cargo-home/registry/src/github.com-1ecc6299db9ec823/clippy-0.0.5/src/eq_op.rs:188:4
kablam!     |
kablam! 188 | 	(&PatLit(ref llit), &PatLit(ref rlit)) => is_exp_equal(llit, rlit),
kablam!     | 	  ^^^^^^ not found in this scope
kablam! 
kablam! error[E0531]: cannot find tuple struct/variant `PatLit` in this scope
kablam!    --> /cargo-home/registry/src/github.com-1ecc6299db9ec823/clippy-0.0.5/src/eq_op.rs:188:23
kablam!     |
kablam! 188 | 	(&PatLit(ref llit), &PatLit(ref rlit)) => is_exp_equal(llit, rlit),
kablam!     | 	                     ^^^^^^ not found in this scope
kablam! 
kablam! error[E0531]: cannot find tuple struct/variant `PatRange` in this scope
kablam!    --> /cargo-home/registry/src/github.com-1ecc6299db9ec823/clippy-0.0.5/src/eq_op.rs:189:7
kablam!     |
kablam! 189 |     (&PatRange(ref lfrom, ref lto), &PatRange(ref rfrom, ref rto)) =>
kablam!     |       ^^^^^^^^ not found in this scope
kablam! 
kablam! error[E0531]: cannot find tuple struct/variant `PatRange` in this scope
kablam!    --> /cargo-home/registry/src/github.com-1ecc6299db9ec823/clippy-0.0.5/src/eq_op.rs:189:38
kablam!     |
kablam! 189 |     (&PatRange(ref lfrom, ref lto), &PatRange(ref rfrom, ref rto)) =>
kablam!     |                                      ^^^^^^^^ not found in this scope
kablam! 
kablam! error[E0531]: cannot find tuple struct/variant `PatVec` in this scope
kablam!    --> /cargo-home/registry/src/github.com-1ecc6299db9ec823/clippy-0.0.5/src/eq_op.rs:191:7
kablam!     |
kablam! 191 |     (&PatVec(ref lfirst, Option::None, ref llast), 
kablam!     |       ^^^^^^ not found in this scope
kablam! 
kablam! error[E0531]: cannot find tuple struct/variant `PatVec` in this scope
kablam!    --> /cargo-home/registry/src/github.com-1ecc6299db9ec823/clippy-0.0.5/src/eq_op.rs:192:5
kablam!     |
kablam! 192 | 			&PatVec(ref rfirst, Option::None, ref rlast)) =>
kablam!     | 			 ^^^^^^ not found in this scope
kablam! 
kablam! error[E0531]: cannot find tuple struct/variant `PatVec` in this scope
kablam!    --> /cargo-home/registry/src/github.com-1ecc6299db9ec823/clippy-0.0.5/src/eq_op.rs:194:7
kablam!     |
kablam! 194 |     (&PatVec(ref lfirst, Option::Some(ref lpat), ref llast), 
kablam!     |       ^^^^^^ not found in this scope
kablam! 
kablam! error[E0531]: cannot find tuple struct/variant `PatVec` in this scope
kablam!    --> /cargo-home/registry/src/github.com-1ecc6299db9ec823/clippy-0.0.5/src/eq_op.rs:195:5
kablam!     |
kablam! 195 | 			&PatVec(ref rfirst, Option::Some(ref rpat), ref rlast)) =>
kablam!     | 			 ^^^^^^ not found in this scope
kablam! 
kablam! error[E0408]: variable `BiEq` is not bound in all patterns
kablam!    --> /cargo-home/registry/src/github.com-1ecc6299db9ec823/clippy-0.0.5/src/eq_op.rs:255:16
kablam!     |
kablam! 255 |         BiEq | BiLt | BiLe | BiGt | BiGe | BiNe | BiAnd | BiOr | 
kablam!     |         ----   ^^^^   ^^^^   ^^^^   ^^^^   ^^^^   ^^^^^   ^^^^ pattern doesn't bind `BiEq`
kablam!     |         |      |      |      |      |      |      |
kablam!     |         |      |      |      |      |      |      pattern doesn't bind `BiEq`
kablam!     |         |      |      |      |      |      pattern doesn't bind `BiEq`
kablam!     |         |      |      |      |      pattern doesn't bind `BiEq`
kablam!     |         |      |      |      pattern doesn't bind `BiEq`
kablam!     |         |      |      pattern doesn't bind `BiEq`
kablam!     |         |      pattern doesn't bind `BiEq`
kablam!     |         variable not in all patterns
kablam! 256 |         BiBitXor | BiBitAnd | BiBitOr => true,
kablam!     |         ^^^^^^^^   ^^^^^^^^   ^^^^^^^ pattern doesn't bind `BiEq`
kablam!     |         |          |
kablam!     |         |          pattern doesn't bind `BiEq`
kablam!     |         pattern doesn't bind `BiEq`
kablam! 
kablam! error[E0408]: variable `BiNe` is not bound in all patterns
kablam!    --> /cargo-home/registry/src/github.com-1ecc6299db9ec823/clippy-0.0.5/src/eq_op.rs:255:9
kablam!     |
kablam! 255 |         BiEq | BiLt | BiLe | BiGt | BiGe | BiNe | BiAnd | BiOr | 
kablam!     |         ^^^^   ^^^^   ^^^^   ^^^^   ^^^^   ----   ^^^^^   ^^^^ pattern doesn't bind `BiNe`
kablam!     |         |      |      |      |      |      |      |
kablam!     |         |      |      |      |      |      |      pattern doesn't bind `BiNe`
kablam!     |         |      |      |      |      |      variable not in all patterns
kablam!     |         |      |      |      |      pattern doesn't bind `BiNe`
kablam!     |         |      |      |      pattern doesn't bind `BiNe`
kablam!     |         |      |      pattern doesn't bind `BiNe`
kablam!     |         |      pattern doesn't bind `BiNe`
kablam!     |         pattern doesn't bind `BiNe`
kablam! 256 |         BiBitXor | BiBitAnd | BiBitOr => true,
kablam!     |         ^^^^^^^^   ^^^^^^^^   ^^^^^^^ pattern doesn't bind `BiNe`
kablam!     |         |          |
kablam!     |         |          pattern doesn't bind `BiNe`
kablam!     |         pattern doesn't bind `BiNe`
kablam! 
kablam! error[E0408]: variable `BiBitXor` is not bound in all patterns
kablam!    --> /cargo-home/registry/src/github.com-1ecc6299db9ec823/clippy-0.0.5/src/eq_op.rs:255:9
kablam!     |
kablam! 255 |         BiEq | BiLt | BiLe | BiGt | BiGe | BiNe | BiAnd | BiOr | 
kablam!     |         ^^^^   ^^^^   ^^^^   ^^^^   ^^^^   ^^^^   ^^^^^   ^^^^ pattern doesn't bind `BiBitXor`
kablam!     |         |      |      |      |      |      |      |
kablam!     |         |      |      |      |      |      |      pattern doesn't bind `BiBitXor`
kablam!     |         |      |      |      |      |      pattern doesn't bind `BiBitXor`
kablam!     |         |      |      |      |      pattern doesn't bind `BiBitXor`
kablam!     |         |      |      |      pattern doesn't bind `BiBitXor`
kablam!     |         |      |      pattern doesn't bind `BiBitXor`
kablam!     |         |      pattern doesn't bind `BiBitXor`
kablam!     |         pattern doesn't bind `BiBitXor`
kablam! 256 |         BiBitXor | BiBitAnd | BiBitOr => true,
kablam!     |         --------   ^^^^^^^^   ^^^^^^^ pattern doesn't bind `BiBitXor`
kablam!     |         |          |
kablam!     |         |          pattern doesn't bind `BiBitXor`
kablam!     |         variable not in all patterns
kablam! 
kablam! error[E0408]: variable `BiBitAnd` is not bound in all patterns
kablam!    --> /cargo-home/registry/src/github.com-1ecc6299db9ec823/clippy-0.0.5/src/eq_op.rs:255:9
kablam!     |
kablam! 255 |         BiEq | BiLt | BiLe | BiGt | BiGe | BiNe | BiAnd | BiOr | 
kablam!     |         ^^^^   ^^^^   ^^^^   ^^^^   ^^^^   ^^^^   ^^^^^   ^^^^ pattern doesn't bind `BiBitAnd`
kablam!     |         |      |      |      |      |      |      |
kablam!     |         |      |      |      |      |      |      pattern doesn't bind `BiBitAnd`
kablam!     |         |      |      |      |      |      pattern doesn't bind `BiBitAnd`
kablam!     |         |      |      |      |      pattern doesn't bind `BiBitAnd`
kablam!     |         |      |      |      pattern doesn't bind `BiBitAnd`
kablam!     |         |      |      pattern doesn't bind `BiBitAnd`
kablam!     |         |      pattern doesn't bind `BiBitAnd`
kablam!     |         pattern doesn't bind `BiBitAnd`
kablam! 256 |         BiBitXor | BiBitAnd | BiBitOr => true,
kablam!     |         ^^^^^^^^   --------   ^^^^^^^ pattern doesn't bind `BiBitAnd`
kablam!     |         |          |
kablam!     |         |          variable not in all patterns
kablam!     |         pattern doesn't bind `BiBitAnd`
kablam! 
kablam! error[E0408]: variable `BiBitOr` is not bound in all patterns
kablam!    --> /cargo-home/registry/src/github.com-1ecc6299db9ec823/clippy-0.0.5/src/eq_op.rs:255:9
kablam!     |
kablam! 255 |         BiEq | BiLt | BiLe | BiGt | BiGe | BiNe | BiAnd | BiOr | 
kablam!     |         ^^^^   ^^^^   ^^^^   ^^^^   ^^^^   ^^^^   ^^^^^   ^^^^ pattern doesn't bind `BiBitOr`
kablam!     |         |      |      |      |      |      |      |
kablam!     |         |      |      |      |      |      |      pattern doesn't bind `BiBitOr`
kablam!     |         |      |      |      |      |      pattern doesn't bind `BiBitOr`
kablam!     |         |      |      |      |      pattern doesn't bind `BiBitOr`
kablam!     |         |      |      |      pattern doesn't bind `BiBitOr`
kablam!     |         |      |      pattern doesn't bind `BiBitOr`
kablam!     |         |      pattern doesn't bind `BiBitOr`
kablam!     |         pattern doesn't bind `BiBitOr`
kablam! 256 |         BiBitXor | BiBitAnd | BiBitOr => true,
kablam!     |         ^^^^^^^^   ^^^^^^^^   ------- variable not in all patterns
kablam!     |         |          |
kablam!     |         |          pattern doesn't bind `BiBitOr`
kablam!     |         pattern doesn't bind `BiBitOr`
kablam! 
kablam! error[E0408]: variable `BiLt` is not bound in all patterns
kablam!    --> /cargo-home/registry/src/github.com-1ecc6299db9ec823/clippy-0.0.5/src/eq_op.rs:255:9
kablam!     |
kablam! 255 |         BiEq | BiLt | BiLe | BiGt | BiGe | BiNe | BiAnd | BiOr | 
kablam!     |         ^^^^   ----   ^^^^   ^^^^   ^^^^   ^^^^   ^^^^^   ^^^^ pattern doesn't bind `BiLt`
kablam!     |         |      |      |      |      |      |      |
kablam!     |         |      |      |      |      |      |      pattern doesn't bind `BiLt`
kablam!     |         |      |      |      |      |      pattern doesn't bind `BiLt`
kablam!     |         |      |      |      |      pattern doesn't bind `BiLt`
kablam!     |         |      |      |      pattern doesn't bind `BiLt`
kablam!     |         |      |      pattern doesn't bind `BiLt`
kablam!     |         |      variable not in all patterns
kablam!     |         pattern doesn't bind `BiLt`
kablam! 256 |         BiBitXor | BiBitAnd | BiBitOr => true,
kablam!     |         ^^^^^^^^   ^^^^^^^^   ^^^^^^^ pattern doesn't bind `BiLt`
kablam!     |         |          |
kablam!     |         |          pattern doesn't bind `BiLt`
kablam!     |         pattern doesn't bind `BiLt`
kablam! 
kablam! error[E0408]: variable `BiLe` is not bound in all patterns
kablam!    --> /cargo-home/registry/src/github.com-1ecc6299db9ec823/clippy-0.0.5/src/eq_op.rs:255:9
kablam!     |
kablam! 255 |         BiEq | BiLt | BiLe | BiGt | BiGe | BiNe | BiAnd | BiOr | 
kablam!     |         ^^^^   ^^^^   ----   ^^^^   ^^^^   ^^^^   ^^^^^   ^^^^ pattern doesn't bind `BiLe`
kablam!     |         |      |      |      |      |      |      |
kablam!     |         |      |      |      |      |      |      pattern doesn't bind `BiLe`
kablam!     |         |      |      |      |      |      pattern doesn't bind `BiLe`
kablam!     |         |      |      |      |      pattern doesn't bind `BiLe`
kablam!     |         |      |      |      pattern doesn't bind `BiLe`
kablam!     |         |      |      variable not in all patterns
kablam!     |         |      pattern doesn't bind `BiLe`
kablam!     |         pattern doesn't bind `BiLe`
kablam! 256 |         BiBitXor | BiBitAnd | BiBitOr => true,
kablam!     |         ^^^^^^^^   ^^^^^^^^   ^^^^^^^ pattern doesn't bind `BiLe`
kablam!     |         |          |
kablam!     |         |          pattern doesn't bind `BiLe`
kablam!     |         pattern doesn't bind `BiLe`
kablam! 
kablam! error[E0408]: variable `BiGt` is not bound in all patterns
kablam!    --> /cargo-home/registry/src/github.com-1ecc6299db9ec823/clippy-0.0.5/src/eq_op.rs:255:9
kablam!     |
kablam! 255 |         BiEq | BiLt | BiLe | BiGt | BiGe | BiNe | BiAnd | BiOr | 
kablam!     |         ^^^^   ^^^^   ^^^^   ----   ^^^^   ^^^^   ^^^^^   ^^^^ pattern doesn't bind `BiGt`
kablam!     |         |      |      |      |      |      |      |
kablam!     |         |      |      |      |      |      |      pattern doesn't bind `BiGt`
kablam!     |         |      |      |      |      |      pattern doesn't bind `BiGt`
kablam!     |         |      |      |      |      pattern doesn't bind `BiGt`
kablam!     |         |      |      |      variable not in all patterns
kablam!     |         |      |      pattern doesn't bind `BiGt`
kablam!     |         |      pattern doesn't bind `BiGt`
kablam!     |         pattern doesn't bind `BiGt`
kablam! 256 |         BiBitXor | BiBitAnd | BiBitOr => true,
kablam!     |         ^^^^^^^^   ^^^^^^^^   ^^^^^^^ pattern doesn't bind `BiGt`
kablam!     |         |          |
kablam!     |         |          pattern doesn't bind `BiGt`
kablam!     |         pattern doesn't bind `BiGt`
kablam! 
kablam! error[E0408]: variable `BiGe` is not bound in all patterns
kablam!    --> /cargo-home/registry/src/github.com-1ecc6299db9ec823/clippy-0.0.5/src/eq_op.rs:255:9
kablam!     |
kablam! 255 |         BiEq | BiLt | BiLe | BiGt | BiGe | BiNe | BiAnd | BiOr | 
kablam!     |         ^^^^   ^^^^   ^^^^   ^^^^   ----   ^^^^   ^^^^^   ^^^^ pattern doesn't bind `BiGe`
kablam!     |         |      |      |      |      |      |      |
kablam!     |         |      |      |      |      |      |      pattern doesn't bind `BiGe`
kablam!     |         |      |      |      |      |      pattern doesn't bind `BiGe`
kablam!     |         |      |      |      |      variable not in all patterns
kablam!     |         |      |      |      pattern doesn't bind `BiGe`
kablam!     |         |      |      pattern doesn't bind `BiGe`
kablam!     |         |      pattern doesn't bind `BiGe`
kablam!     |         pattern doesn't bind `BiGe`
kablam! 256 |         BiBitXor | BiBitAnd | BiBitOr => true,
kablam!     |         ^^^^^^^^   ^^^^^^^^   ^^^^^^^ pattern doesn't bind `BiGe`
kablam!     |         |          |
kablam!     |         |          pattern doesn't bind `BiGe`
kablam!     |         pattern doesn't bind `BiGe`
kablam! 
kablam! error[E0408]: variable `BiAnd` is not bound in all patterns
kablam!    --> /cargo-home/registry/src/github.com-1ecc6299db9ec823/clippy-0.0.5/src/eq_op.rs:255:9
kablam!     |
kablam! 255 |         BiEq | BiLt | BiLe | BiGt | BiGe | BiNe | BiAnd | BiOr | 
kablam!     |         ^^^^   ^^^^   ^^^^   ^^^^   ^^^^   ^^^^   -----   ^^^^ pattern doesn't bind `BiAnd`
kablam!     |         |      |      |      |      |      |      |
kablam!     |         |      |      |      |      |      |      variable not in all patterns
kablam!     |         |      |      |      |      |      pattern doesn't bind `BiAnd`
kablam!     |         |      |      |      |      pattern doesn't bind `BiAnd`
kablam!     |         |      |      |      pattern doesn't bind `BiAnd`
kablam!     |         |      |      pattern doesn't bind `BiAnd`
kablam!     |         |      pattern doesn't bind `BiAnd`
kablam!     |         pattern doesn't bind `BiAnd`
kablam! 256 |         BiBitXor | BiBitAnd | BiBitOr => true,
kablam!     |         ^^^^^^^^   ^^^^^^^^   ^^^^^^^ pattern doesn't bind `BiAnd`
kablam!     |         |          |
kablam!     |         |          pattern doesn't bind `BiAnd`
kablam!     |         pattern doesn't bind `BiAnd`
kablam! 
kablam! error[E0408]: variable `BiOr` is not bound in all patterns
kablam!    --> /cargo-home/registry/src/github.com-1ecc6299db9ec823/clippy-0.0.5/src/eq_op.rs:255:9
kablam!     |
kablam! 255 |         BiEq | BiLt | BiLe | BiGt | BiGe | BiNe | BiAnd | BiOr | 
kablam!     |         ^^^^   ^^^^   ^^^^   ^^^^   ^^^^   ^^^^   ^^^^^   ---- variable not in all patterns
kablam!     |         |      |      |      |      |      |      |
kablam!     |         |      |      |      |      |      |      pattern doesn't bind `BiOr`
kablam!     |         |      |      |      |      |      pattern doesn't bind `BiOr`
kablam!     |         |      |      |      |      pattern doesn't bind `BiOr`
kablam!     |         |      |      |      pattern doesn't bind `BiOr`
kablam!     |         |      |      pattern doesn't bind `BiOr`
kablam!     |         |      pattern doesn't bind `BiOr`
kablam!     |         pattern doesn't bind `BiOr`
kablam! 256 |         BiBitXor | BiBitAnd | BiBitOr => true,
kablam!     |         ^^^^^^^^   ^^^^^^^^   ^^^^^^^ pattern doesn't bind `BiOr`
kablam!     |         |          |
kablam!     |         |          pattern doesn't bind `BiOr`
kablam!     |         pattern doesn't bind `BiOr`
kablam! 
kablam! error[E0407]: method `check_expr` is not a member of trait `LintPass`
kablam!   --> /cargo-home/registry/src/github.com-1ecc6299db9ec823/clippy-0.0.5/src/bit_mask.rs:52:5
kablam!    |
kablam! 52 |     fn check_expr(&mut self, cx: &Context, e: &Expr) {
kablam!    |     ^ not a member of trait `LintPass`
kablam! 
kablam! error[E0412]: cannot find type `Context` in this scope
kablam!   --> /cargo-home/registry/src/github.com-1ecc6299db9ec823/clippy-0.0.5/src/bit_mask.rs:52:35
kablam!    |
kablam! 52 |     fn check_expr(&mut self, cx: &Context, e: &Expr) {
kablam!    |                                   ^^^^^^^ not found in this scope
kablam!    |
kablam!    = help: possible candidate is found in another module, you can import it into scope:
kablam!              `use len_zero::typeck::middle::region::Context;`
kablam! 
kablam! error[E0531]: cannot find tuple struct/variant `ExprBinary` in this scope
kablam!   --> /cargo-home/registry/src/github.com-1ecc6299db9ec823/clippy-0.0.5/src/bit_mask.rs:53:16
kablam!    |
kablam! 53 |         if let ExprBinary(ref cmp, ref left, ref right) = e.node {
kablam!    |                ^^^^^^^^^^ not found in this scope
kablam!    |
kablam!    = help: possible candidates are found in other modules, you can import them into scope:
kablam!              `use len_zero::typeck::hir::ExprBinary;`
kablam!              `use len_zero::typeck::hir::Expr_::ExprBinary;`
kablam! 
kablam! error[E0412]: cannot find type `BinOp_` in this scope
kablam!   --> /cargo-home/registry/src/github.com-1ecc6299db9ec823/clippy-0.0.5/src/bit_mask.rs:66:21
kablam!    |
kablam! 66 | fn invert_cmp(cmp : BinOp_) -> BinOp_ {
kablam!    |                     ^^^^^^ did you mean `BinOp`?
kablam!    |
kablam!    = help: possible candidate is found in another module, you can import it into scope:
kablam!              `use len_zero::typeck::hir::BinOp_;`
kablam! 
kablam! error[E0412]: cannot find type `BinOp_` in this scope
kablam!   --> /cargo-home/registry/src/github.com-1ecc6299db9ec823/clippy-0.0.5/src/bit_mask.rs:66:32
kablam!    |
kablam! 66 | fn invert_cmp(cmp : BinOp_) -> BinOp_ {
kablam!    |                                ^^^^^^ did you mean `BinOp`?
kablam!    |
kablam!    = help: possible candidate is found in another module, you can import it into scope:
kablam!              `use len_zero::typeck::hir::BinOp_;`
kablam! 
kablam! error[E0425]: cannot find value `BiGt` in this scope
kablam!   --> /cargo-home/registry/src/github.com-1ecc6299db9ec823/clippy-0.0.5/src/bit_mask.rs:70:11
kablam!    |
kablam! 70 | 		BiLt => BiGt,
kablam!    | 		        ^^^^ did you mean `BiLt`?
kablam!    |
kablam!    = help: possible candidates are found in other modules, you can import them into scope:
kablam!              `use len_zero::typeck::hir::BiGt;`
kablam!              `use len_zero::typeck::hir::BinOp_::BiGt;`
kablam! 
kablam! error[E0425]: cannot find value `BiLt` in this scope
kablam!   --> /cargo-home/registry/src/github.com-1ecc6299db9ec823/clippy-0.0.5/src/bit_mask.rs:71:11
kablam!    |
kablam! 71 | 		BiGt => BiLt,
kablam!    | 		        ^^^^ did you mean `BiGt`?
kablam!    |
kablam!    = help: possible candidates are found in other modules, you can import them into scope:
kablam!              `use len_zero::typeck::hir::BiLt;`
kablam!              `use len_zero::typeck::hir::BinOp_::BiLt;`
kablam! 
kablam! error[E0425]: cannot find value `BiGe` in this scope
kablam!   --> /cargo-home/registry/src/github.com-1ecc6299db9ec823/clippy-0.0.5/src/bit_mask.rs:72:11
kablam!    |
kablam! 72 | 		BiLe => BiGe,
kablam!    | 		        ^^^^ did you mean `BiLe`?
kablam!    |
kablam!    = help: possible candidates are found in other modules, you can import them into scope:
kablam!              `use len_zero::typeck::hir::BiGe;`
kablam!              `use len_zero::typeck::hir::BinOp_::BiGe;`
kablam! 
kablam! error[E0425]: cannot find value `BiLe` in this scope
kablam!   --> /cargo-home/registry/src/github.com-1ecc6299db9ec823/clippy-0.0.5/src/bit_mask.rs:73:11
kablam!    |
kablam! 73 | 		BiGe => BiLe,
kablam!    | 		        ^^^^ did you mean `BiGe`?
kablam!    |
kablam!    = help: possible candidates are found in other modules, you can import them into scope:
kablam!              `use len_zero::typeck::hir::BiLe;`
kablam!              `use len_zero::typeck::hir::BinOp_::BiLe;`
kablam! 
kablam! error[E0425]: cannot find value `BiOr` in this scope
kablam!   --> /cargo-home/registry/src/github.com-1ecc6299db9ec823/clippy-0.0.5/src/bit_mask.rs:74:8
kablam!    |
kablam! 74 | 		_ => BiOr // Dummy
kablam!    | 		     ^^^^ not found in this scope
kablam!    |
kablam!    = help: possible candidates are found in other modules, you can import them into scope:
kablam!              `use len_zero::typeck::hir::BiOr;`
kablam!              `use len_zero::typeck::hir::BinOp_::BiOr;`
kablam! 
kablam! error[E0412]: cannot find type `Context` in this scope
kablam!   --> /cargo-home/registry/src/github.com-1ecc6299db9ec823/clippy-0.0.5/src/bit_mask.rs:79:23
kablam!    |
kablam! 79 | fn check_compare(cx: &Context, bit_op: &Expr, cmp_op: BinOp_, cmp_value: u64, span: &Span) {
kablam!    |                       ^^^^^^^ not found in this scope
kablam!    |
kablam!    = help: possible candidate is found in another module, you can import it into scope:
kablam!              `use len_zero::typeck::middle::region::Context;`
kablam! 
kablam! error[E0412]: cannot find type `BinOp_` in this scope
kablam!   --> /cargo-home/registry/src/github.com-1ecc6299db9ec823/clippy-0.0.5/src/bit_mask.rs:79:55
kablam!    |
kablam! 79 | fn check_compare(cx: &Context, bit_op: &Expr, cmp_op: BinOp_, cmp_value: u64, span: &Span) {
kablam!    |                                                       ^^^^^^ did you mean `BinOp`?
kablam!    |
kablam!    = help: possible candidate is found in another module, you can import it into scope:
kablam!              `use len_zero::typeck::hir::BinOp_;`
kablam! 
kablam! error[E0531]: cannot find tuple struct/variant `ExprParen` in this scope
kablam!   --> /cargo-home/registry/src/github.com-1ecc6299db9ec823/clippy-0.0.5/src/bit_mask.rs:81:4
kablam!    |
kablam! 81 | 		&ExprParen(ref subexp) => check_compare(cx, subexp, cmp_op, cmp_value, span),
kablam!    | 		 ^^^^^^^^^ not found in this scope
kablam! 
kablam! error[E0531]: cannot find tuple struct/variant `ExprBinary` in this scope
kablam!   --> /cargo-home/registry/src/github.com-1ecc6299db9ec823/clippy-0.0.5/src/bit_mask.rs:82:4
kablam!    |
kablam! 82 | 		&ExprBinary(ref op, ref left, ref right) => {
kablam!    | 		 ^^^^^^^^^^ not found in this scope
kablam!    |
kablam!    = help: possible candidates are found in other modules, you can import them into scope:
kablam!              `use len_zero::typeck::hir::ExprBinary;`
kablam!              `use len_zero::typeck::hir::Expr_::ExprBinary;`
kablam! 
kablam! error[E0425]: cannot find value `BiBitAnd` in this scope
kablam!   --> /cargo-home/registry/src/github.com-1ecc6299db9ec823/clippy-0.0.5/src/bit_mask.rs:83:18
kablam!    |
kablam! 83 | 			if op.node != BiBitAnd && op.node != BiBitOr { return; }
kablam!    | 			              ^^^^^^^^ not found in this scope
kablam!    |
kablam!    = help: possible candidates are found in other modules, you can import them into scope:
kablam!              `use len_zero::typeck::hir::BiBitAnd;`
kablam!              `use len_zero::typeck::hir::BinOp_::BiBitAnd;`
kablam! 
kablam! error[E0425]: cannot find value `BiBitOr` in this scope
kablam!   --> /cargo-home/registry/src/github.com-1ecc6299db9ec823/clippy-0.0.5/src/bit_mask.rs:83:41
kablam!    |
kablam! 83 | 			if op.node != BiBitAnd && op.node != BiBitOr { return; }
kablam!    | 			                                     ^^^^^^^ not found in this scope
kablam!    |
kablam!    = help: possible candidates are found in other modules, you can import them into scope:
kablam!              `use len_zero::typeck::hir::BiBitOr;`
kablam!              `use len_zero::typeck::hir::BinOp_::BiBitOr;`
kablam! 
kablam! error[E0412]: cannot find type `Context` in this scope
kablam!   --> /cargo-home/registry/src/github.com-1ecc6299db9ec823/clippy-0.0.5/src/bit_mask.rs:92:24
kablam!    |
kablam! 92 | fn check_bit_mask(cx: &Context, bit_op: BinOp_, cmp_op: BinOp_, 
kablam!    |                        ^^^^^^^ not found in this scope
kablam!    |
kablam!    = help: possible candidate is found in another module, you can import it into scope:
kablam!              `use len_zero::typeck::middle::region::Context;`
kablam! 
kablam! error[E0412]: cannot find type `BinOp_` in this scope
kablam!   --> /cargo-home/registry/src/github.com-1ecc6299db9ec823/clippy-0.0.5/src/bit_mask.rs:92:41
kablam!    |
kablam! 92 | fn check_bit_mask(cx: &Context, bit_op: BinOp_, cmp_op: BinOp_, 
kablam!    |                                         ^^^^^^ did you mean `BinOp`?
kablam!    |
kablam!    = help: possible candidate is found in another module, you can import it into scope:
kablam!              `use len_zero::typeck::hir::BinOp_;`
kablam! 
kablam! error[E0412]: cannot find type `BinOp_` in this scope
kablam!   --> /cargo-home/registry/src/github.com-1ecc6299db9ec823/clippy-0.0.5/src/bit_mask.rs:92:57
kablam!    |
kablam! 92 | fn check_bit_mask(cx: &Context, bit_op: BinOp_, cmp_op: BinOp_, 
kablam!    |                                                         ^^^^^^ did you mean `BinOp`?
kablam!    |
kablam!    = help: possible candidate is found in another module, you can import it into scope:
kablam!              `use len_zero::typeck::hir::BinOp_;`
kablam! 
kablam! error[E0408]: variable `BiEq` is not bound in all patterns
kablam!   --> /cargo-home/registry/src/github.com-1ecc6299db9ec823/clippy-0.0.5/src/bit_mask.rs:95:10
kablam!    |
kablam! 95 | 		BiEq | BiNe => match bit_op {
kablam!    | 		----   ^^^^ pattern doesn't bind `BiEq`
kablam!    | 		|
kablam!    | 		variable not in all patterns
kablam! 
kablam! error[E0408]: variable `BiNe` is not bound in all patterns
kablam!   --> /cargo-home/registry/src/github.com-1ecc6299db9ec823/clippy-0.0.5/src/bit_mask.rs:95:3
kablam!    |
kablam! 95 | 		BiEq | BiNe => match bit_op {
kablam!    | 		^^^^   ---- variable not in all patterns
kablam!    | 		|
kablam!    | 		pattern doesn't bind `BiNe`
kablam! 
kablam! error[E0408]: variable `BiLt` is not bound in all patterns
kablam!    --> /cargo-home/registry/src/github.com-1ecc6299db9ec823/clippy-0.0.5/src/bit_mask.rs:115:10
kablam!     |
kablam! 115 | 		BiLt | BiGe => match bit_op {
kablam!     | 		----   ^^^^ pattern doesn't bind `BiLt`
kablam!     | 		|
kablam!     | 		variable not in all patterns
kablam! 
kablam! error[E0408]: variable `BiGe` is not bound in all patterns
kablam!    --> /cargo-home/registry/src/github.com-1ecc6299db9ec823/clippy-0.0.5/src/bit_mask.rs:115:3
kablam!     |
kablam! 115 | 		BiLt | BiGe => match bit_op {
kablam!     | 		^^^^   ---- variable not in all patterns
kablam!     | 		|
kablam!     | 		pattern doesn't bind `BiGe`
kablam! 
kablam! error[E0408]: variable `BiLe` is not bound in all patterns
kablam!    --> /cargo-home/registry/src/github.com-1ecc6299db9ec823/clippy-0.0.5/src/bit_mask.rs:139:10
kablam!     |
kablam! 139 | 		BiLe | BiGt => match bit_op {
kablam!     | 		----   ^^^^ pattern doesn't bind `BiLe`
kablam!     | 		|
kablam!     | 		variable not in all patterns
kablam! 
kablam! error[E0408]: variable `BiGt` is not bound in all patterns
kablam!    --> /cargo-home/registry/src/github.com-1ecc6299db9ec823/clippy-0.0.5/src/bit_mask.rs:139:3
kablam!     |
kablam! 139 | 		BiLe | BiGt => match bit_op {
kablam!     | 		^^^^   ---- variable not in all patterns
kablam!     | 		|
kablam!     | 		pattern doesn't bind `BiGt`
kablam! 
kablam! error[E0412]: cannot find type `Context` in this scope
kablam!    --> /cargo-home/registry/src/github.com-1ecc6299db9ec823/clippy-0.0.5/src/bit_mask.rs:167:27
kablam!     |
kablam! 167 | fn fetch_int_literal(cx: &Context, lit : &Expr) -> Option<u64> {
kablam!     |                           ^^^^^^^ not found in this scope
kablam!     |
kablam!     = help: possible candidate is found in another module, you can import it into scope:
kablam!               `use len_zero::typeck::middle::region::Context;`
kablam! 
kablam! error[E0531]: cannot find tuple struct/variant `ExprLit` in this scope
kablam!    --> /cargo-home/registry/src/github.com-1ecc6299db9ec823/clippy-0.0.5/src/bit_mask.rs:169:4
kablam!     |
kablam! 169 | 		&ExprLit(ref lit_ptr) => {
kablam!     | 		 ^^^^^^^ not found in this scope
kablam!     |
kablam!     = help: possible candidates are found in other modules, you can import them into scope:
kablam!               `use len_zero::typeck::hir::ExprLit;`
kablam!               `use len_zero::typeck::hir::Expr_::ExprLit;`
kablam! 
kablam! error[E0531]: cannot find tuple struct/variant `LitInt` in this scope
kablam!    --> /cargo-home/registry/src/github.com-1ecc6299db9ec823/clippy-0.0.5/src/bit_mask.rs:170:12
kablam!     |
kablam! 170 | 			if let &LitInt(value, _) = &lit_ptr.node {
kablam!     | 			        ^^^^^^ not found in this scope
kablam! 
kablam! error[E0531]: cannot find tuple struct/variant `ExprPath` in this scope
kablam!    --> /cargo-home/registry/src/github.com-1ecc6299db9ec823/clippy-0.0.5/src/bit_mask.rs:174:4
kablam!     |
kablam! 174 | 		&ExprPath(_, _) => {
kablam!     | 		 ^^^^^^^^ not found in this scope
kablam!     |
kablam!     = help: possible candidates are found in other modules, you can import them into scope:
kablam!               `use len_zero::typeck::hir::ExprPath;`
kablam!               `use len_zero::typeck::hir::Expr_::ExprPath;`
kablam! 
kablam! error[E0422]: cannot find struct, variant or union type `PathResolution` in this scope
kablam!    --> /cargo-home/registry/src/github.com-1ecc6299db9ec823/clippy-0.0.5/src/bit_mask.rs:179:27
kablam!     |
kablam! 179 |                     Some(&PathResolution { base_def: DefConst(def_id), ..}) => Some(def_id),
kablam!     |                           ^^^^^^^^^^^^^^ not found in this scope
kablam!     |
kablam!     = help: possible candidate is found in another module, you can import it into scope:
kablam!               `use len_zero::typeck::hir::def::PathResolution;`
kablam! 
kablam! error[E0531]: cannot find tuple struct/variant `DefConst` in this scope
kablam!    --> /cargo-home/registry/src/github.com-1ecc6299db9ec823/clippy-0.0.5/src/bit_mask.rs:179:54
kablam!     |
kablam! 179 |                     Some(&PathResolution { base_def: DefConst(def_id), ..}) => Some(def_id),
kablam!     |                                                      ^^^^^^^^ not found in this scope
kablam! 
kablam! error[E0407]: method `check_item` is not a member of trait `LintPass`
kablam!   --> /cargo-home/registry/src/github.com-1ecc6299db9ec823/clippy-0.0.5/src/ptr_arg.rs:29:5
kablam!    |
kablam! 29 |       fn check_item(&mut self, cx: &Context, item: &Item) {
kablam!    |  _____^ starting here...
kablam! 30 | | 		if let &ItemFn(ref decl, _, _, _, _, _) = &item.node {
kablam! 31 | | 			check_fn(cx, decl);
kablam! 32 | | 		}
kablam! 33 | | 	}
kablam!    | |__^ ...ending here: not a member of trait `LintPass`
kablam! 
kablam! error[E0412]: cannot find type `Context` in this scope
kablam!   --> /cargo-home/registry/src/github.com-1ecc6299db9ec823/clippy-0.0.5/src/ptr_arg.rs:29:35
kablam!    |
kablam! 29 |     fn check_item(&mut self, cx: &Context, item: &Item) {
kablam!    |                                   ^^^^^^^ not found in this scope
kablam!    |
kablam!    = help: possible candidate is found in another module, you can import it into scope:
kablam!              `use len_zero::typeck::middle::region::Context;`
kablam! 
kablam! error[E0531]: cannot find tuple struct/variant `ItemFn` in this scope
kablam!   --> /cargo-home/registry/src/github.com-1ecc6299db9ec823/clippy-0.0.5/src/ptr_arg.rs:30:11
kablam!    |
kablam! 30 | 		if let &ItemFn(ref decl, _, _, _, _, _) = &item.node {
kablam!    | 		        ^^^^^^ not found in this scope
kablam!    |
kablam!    = help: possible candidates are found in other modules, you can import them into scope:
kablam!              `use len_zero::typeck::hir::ItemFn;`
kablam!              `use len_zero::typeck::hir::Item_::ItemFn;`
kablam!              `use len_zero::typeck::hir::intravisit::FnKind::ItemFn;`
kablam!              `use syntax::visit::FnKind::ItemFn;`
kablam! 
kablam! error[E0407]: method `check_impl_item` is not a member of trait `LintPass`
kablam!   --> /cargo-home/registry/src/github.com-1ecc6299db9ec823/clippy-0.0.5/src/ptr_arg.rs:35:5
kablam!    |
kablam! 35 |       fn check_impl_item(&mut self, cx: &Context, item: &ImplItem) { 
kablam!    |  _____^ starting here...
kablam! 36 | | 		if let &MethodImplItem(ref sig, _) = &item.node {
kablam! 37 | | 			check_fn(cx, &sig.decl);
kablam! 38 | | 		}
kablam! 39 | | 	}
kablam!    | |__^ ...ending here: not a member of trait `LintPass`
kablam! 
kablam! error[E0412]: cannot find type `Context` in this scope
kablam!   --> /cargo-home/registry/src/github.com-1ecc6299db9ec823/clippy-0.0.5/src/ptr_arg.rs:35:40
kablam!    |
kablam! 35 |     fn check_impl_item(&mut self, cx: &Context, item: &ImplItem) { 
kablam!    |                                        ^^^^^^^ not found in this scope
kablam!    |
kablam!    = help: possible candidate is found in another module, you can import it into scope:
kablam!              `use len_zero::typeck::middle::region::Context;`
kablam! 
kablam! error[E0531]: cannot find tuple struct/variant `MethodImplItem` in this scope
kablam!   --> /cargo-home/registry/src/github.com-1ecc6299db9ec823/clippy-0.0.5/src/ptr_arg.rs:36:11
kablam!    |
kablam! 36 | 		if let &MethodImplItem(ref sig, _) = &item.node {
kablam!    | 		        ^^^^^^^^^^^^^^ not found in this scope
kablam! 
kablam! error[E0407]: method `check_trait_item` is not a member of trait `LintPass`
kablam!   --> /cargo-home/registry/src/github.com-1ecc6299db9ec823/clippy-0.0.5/src/ptr_arg.rs:41:2
kablam!    |
kablam! 41 |   	fn check_trait_item(&mut self, cx: &Context, item: &TraitItem) {
kablam!    |  __^ starting here...
kablam! 42 | | 		if let &MethodTraitItem(ref sig, _) = &item.node {
kablam! 43 | | 			check_fn(cx, &sig.decl);
kablam! 44 | | 		}
kablam! 45 | | 	}
kablam!    | |__^ ...ending here: not a member of trait `LintPass`
kablam! 
kablam! error[E0412]: cannot find type `Context` in this scope
kablam!   --> /cargo-home/registry/src/github.com-1ecc6299db9ec823/clippy-0.0.5/src/ptr_arg.rs:41:38
kablam!    |
kablam! 41 | 	fn check_trait_item(&mut self, cx: &Context, item: &TraitItem) {
kablam!    | 	                                    ^^^^^^^ not found in this scope
kablam!    |
kablam!    = help: possible candidate is found in another module, you can import it into scope:
kablam!              `use len_zero::typeck::middle::region::Context;`
kablam! 
kablam! error[E0531]: cannot find tuple struct/variant `MethodTraitItem` in this scope
kablam!   --> /cargo-home/registry/src/github.com-1ecc6299db9ec823/clippy-0.0.5/src/ptr_arg.rs:42:11
kablam!    |
kablam! 42 | 		if let &MethodTraitItem(ref sig, _) = &item.node {
kablam!    | 		        ^^^^^^^^^^^^^^^ not found in this scope
kablam! 
kablam! error[E0412]: cannot find type `Context` in this scope
kablam!   --> /cargo-home/registry/src/github.com-1ecc6299db9ec823/clippy-0.0.5/src/ptr_arg.rs:48:18
kablam!    |
kablam! 48 | fn check_fn(cx: &Context, decl: &FnDecl) {
kablam!    |                  ^^^^^^^ not found in this scope
kablam!    |
kablam!    = help: possible candidate is found in another module, you can import it into scope:
kablam!              `use len_zero::typeck::middle::region::Context;`
kablam! 
kablam! error[E0531]: cannot find tuple struct/variant `TyPtr` in this scope
kablam!   --> /cargo-home/registry/src/github.com-1ecc6299db9ec823/clippy-0.0.5/src/ptr_arg.rs:51:5
kablam!    |
kablam! 51 | 			&TyPtr(ref p) | &TyRptr(_, ref p) => 
kablam!    | 			 ^^^^^ not found in this scope
kablam!    |
kablam!    = help: possible candidates are found in other modules, you can import them into scope:
kablam!              `use len_zero::typeck::hir::TyPtr;`
kablam!              `use len_zero::typeck::hir::Ty_::TyPtr;`
kablam! 
kablam! error[E0531]: cannot find tuple struct/variant `TyRptr` in this scope
kablam!   --> /cargo-home/registry/src/github.com-1ecc6299db9ec823/clippy-0.0.5/src/ptr_arg.rs:51:21
kablam!    |
kablam! 51 | 			&TyPtr(ref p) | &TyRptr(_, ref p) => 
kablam!    | 			                 ^^^^^^ not found in this scope
kablam!    |
kablam!    = help: possible candidates are found in other modules, you can import them into scope:
kablam!              `use len_zero::typeck::hir::TyRptr;`
kablam!              `use len_zero::typeck::hir::Ty_::TyRptr;`
kablam! 
kablam! error[E0412]: cannot find type `Context` in this scope
kablam!   --> /cargo-home/registry/src/github.com-1ecc6299db9ec823/clippy-0.0.5/src/ptr_arg.rs:58:27
kablam!    |
kablam! 58 | fn check_ptr_subtype(cx: &Context, span: Span, ty: &Ty) {
kablam!    |                           ^^^^^^^ not found in this scope
kablam!    |
kablam!    = help: possible candidate is found in another module, you can import it into scope:
kablam!              `use len_zero::typeck::middle::region::Context;`
kablam! 
kablam! error[E0407]: method `check_expr` is not a member of trait `LintPass`
kablam!   --> /cargo-home/registry/src/github.com-1ecc6299db9ec823/clippy-0.0.5/src/needless_bool.rs:28:5
kablam!    |
kablam! 28 |     fn check_expr(&mut self, cx: &Context, e: &Expr) {
kablam!    |     ^ not a member of trait `LintPass`
kablam! 
kablam! error[E0412]: cannot find type `Context` in this scope
kablam!   --> /cargo-home/registry/src/github.com-1ecc6299db9ec823/clippy-0.0.5/src/needless_bool.rs:28:35
kablam!    |
kablam! 28 |     fn check_expr(&mut self, cx: &Context, e: &Expr) {
kablam!    |                                   ^^^^^^^ not found in this scope
kablam!    |
kablam!    = help: possible candidate is found in another module, you can import it into scope:
kablam!              `use len_zero::typeck::middle::region::Context;`
kablam! 
kablam! error[E0531]: cannot find tuple struct/variant `ExprIf` in this scope
kablam!   --> /cargo-home/registry/src/github.com-1ecc6299db9ec823/clippy-0.0.5/src/needless_bool.rs:29:16
kablam!    |
kablam! 29 |         if let ExprIf(_, ref then_block, Option::Some(ref else_expr)) = e.node {
kablam!    |                ^^^^^^ not found in this scope
kablam!    |
kablam!    = help: possible candidates are found in other modules, you can import them into scope:
kablam!              `use len_zero::typeck::hir::ExprIf;`
kablam!              `use len_zero::typeck::hir::Expr_::ExprIf;`
kablam! 
kablam! error[E0531]: cannot find tuple struct/variant `ExprBlock` in this scope
kablam!   --> /cargo-home/registry/src/github.com-1ecc6299db9ec823/clippy-0.0.5/src/needless_bool.rs:47:4
kablam!    |
kablam! 47 | 		&ExprBlock(ref block) => fetch_bool_block(block),
kablam!    | 		 ^^^^^^^^^ not found in this scope
kablam!    |
kablam!    = help: possible candidates are found in other modules, you can import them into scope:
kablam!              `use len_zero::typeck::hir::ExprBlock;`
kablam!              `use len_zero::typeck::hir::Expr_::ExprBlock;`
kablam! 
kablam! error[E0531]: cannot find tuple struct/variant `ExprLit` in this scope
kablam!   --> /cargo-home/registry/src/github.com-1ecc6299db9ec823/clippy-0.0.5/src/needless_bool.rs:48:4
kablam!    |
kablam! 48 | 		&ExprLit(ref lit_ptr) => if let &LitBool(value) = &lit_ptr.node { Option::Some(value) } else { Option::None },
kablam!    | 		 ^^^^^^^ not found in this scope
kablam!    |
kablam!    = help: possible candidates are found in other modules, you can import them into scope:
kablam!              `use len_zero::typeck::hir::ExprLit;`
kablam!              `use len_zero::typeck::hir::Expr_::ExprLit;`
kablam! 
kablam! error[E0531]: cannot find tuple struct/variant `LitBool` in this scope
kablam!   --> /cargo-home/registry/src/github.com-1ecc6299db9ec823/clippy-0.0.5/src/needless_bool.rs:48:36
kablam!    |
kablam! 48 | 		&ExprLit(ref lit_ptr) => if let &LitBool(value) = &lit_ptr.node { Option::Some(value) } else { Option::None },
kablam!    | 		                                 ^^^^^^^ not found in this scope
kablam! 
kablam! error[E0407]: method `check_expr` is not a member of trait `LintPass`
kablam!   --> /cargo-home/registry/src/github.com-1ecc6299db9ec823/clippy-0.0.5/src/approx_const.rs:34:5
kablam!    |
kablam! 34 |       fn check_expr(&mut self, cx: &Context, e: &Expr) {
kablam!    |  _____^ starting here...
kablam! 35 | | 		if let &ExprLit(ref lit) = &e.node {
kablam! 36 | | 			check_lit(cx, lit, e.span);
kablam! 37 | | 		}
kablam! 38 | |     }
kablam!    | |_____^ ...ending here: not a member of trait `LintPass`
kablam! 
kablam! error[E0412]: cannot find type `Context` in this scope
kablam!   --> /cargo-home/registry/src/github.com-1ecc6299db9ec823/clippy-0.0.5/src/approx_const.rs:34:35
kablam!    |
kablam! 34 |     fn check_expr(&mut self, cx: &Context, e: &Expr) {
kablam!    |                                   ^^^^^^^ not found in this scope
kablam!    |
kablam!    = help: possible candidate is found in another module, you can import it into scope:
kablam!              `use len_zero::typeck::middle::region::Context;`
kablam! 
kablam! error[E0531]: cannot find tuple struct/variant `ExprLit` in this scope
kablam!   --> /cargo-home/registry/src/github.com-1ecc6299db9ec823/clippy-0.0.5/src/approx_const.rs:35:11
kablam!    |
kablam! 35 | 		if let &ExprLit(ref lit) = &e.node {
kablam!    | 		        ^^^^^^^ not found in this scope
kablam!    |
kablam!    = help: possible candidates are found in other modules, you can import them into scope:
kablam!              `use len_zero::typeck::hir::ExprLit;`
kablam!              `use len_zero::typeck::hir::Expr_::ExprLit;`
kablam! 
kablam! error[E0412]: cannot find type `Context` in this scope
kablam!   --> /cargo-home/registry/src/github.com-1ecc6299db9ec823/clippy-0.0.5/src/approx_const.rs:41:19
kablam!    |
kablam! 41 | fn check_lit(cx: &Context, lit: &Lit, span: Span) {
kablam!    |                   ^^^^^^^ not found in this scope
kablam!    |
kablam!    = help: possible candidate is found in another module, you can import it into scope:
kablam!              `use len_zero::typeck::middle::region::Context;`
kablam! 
kablam! error[E0531]: cannot find tuple struct/variant `LitFloat` in this scope
kablam!   --> /cargo-home/registry/src/github.com-1ecc6299db9ec823/clippy-0.0.5/src/approx_const.rs:43:4
kablam!    |
kablam! 43 | 		&LitFloat(ref str, TyF32) => check_known_consts(cx, span, str, "f32"),
kablam!    | 		 ^^^^^^^^ not found in this scope
kablam! 
kablam! error[E0531]: cannot find tuple struct/variant `LitFloat` in this scope
kablam!   --> /cargo-home/registry/src/github.com-1ecc6299db9ec823/clippy-0.0.5/src/approx_const.rs:44:4
kablam!    |
kablam! 44 | 		&LitFloat(ref str, TyF64) => check_known_consts(cx, span, str, "f64"),
kablam!    | 		 ^^^^^^^^ not found in this scope
kablam! 
kablam! error[E0531]: cannot find tuple struct/variant `LitFloatUnsuffixed` in this scope
kablam!   --> /cargo-home/registry/src/github.com-1ecc6299db9ec823/clippy-0.0.5/src/approx_const.rs:45:4
kablam!    |
kablam! 45 | 		&LitFloatUnsuffixed(ref str) => check_known_consts(cx, span, str, "f{32, 64}"),
kablam!    | 		 ^^^^^^^^^^^^^^^^^^ not found in this scope
kablam! 
kablam! error[E0412]: cannot find type `Context` in this scope
kablam!   --> /cargo-home/registry/src/github.com-1ecc6299db9ec823/clippy-0.0.5/src/approx_const.rs:50:28
kablam!    |
kablam! 50 | fn check_known_consts(cx: &Context, span: Span, str: &str, module: &str) {
kablam!    |                            ^^^^^^^ not found in this scope
kablam!    |
kablam!    = help: possible candidate is found in another module, you can import it into scope:
kablam!              `use len_zero::typeck::middle::region::Context;`
kablam! 
kablam! error[E0407]: method `check_expr` is not a member of trait `LintPass`
kablam!   --> /cargo-home/registry/src/github.com-1ecc6299db9ec823/clippy-0.0.5/src/eta_reduction.rs:19:5
kablam!    |
kablam! 19 |     fn check_expr(&mut self, cx: &Context, expr: &Expr) {
kablam!    |     ^ not a member of trait `LintPass`
kablam! 
kablam! error[E0531]: cannot find tuple struct/variant `ExprClosure` in this scope
kablam!   --> /cargo-home/registry/src/github.com-1ecc6299db9ec823/clippy-0.0.5/src/eta_reduction.rs:20:16
kablam!    |
kablam! 20 |         if let ExprClosure(_, ref decl, ref blk) = expr.node {
kablam!    |                ^^^^^^^^^^^ not found in this scope
kablam!    |
kablam!    = help: possible candidates are found in other modules, you can import them into scope:
kablam!              `use len_zero::typeck::hir::ExprClosure;`
kablam!              `use len_zero::typeck::hir::Expr_::ExprClosure;`
kablam! 
kablam! error[E0531]: cannot find tuple struct/variant `ExprCall` in this scope
kablam!   --> /cargo-home/registry/src/github.com-1ecc6299db9ec823/clippy-0.0.5/src/eta_reduction.rs:26:24
kablam!    |
kablam! 26 |                 if let ExprCall(ref caller, ref args) = ex.node {
kablam!    |                        ^^^^^^^^ not found in this scope
kablam!    |
kablam!    = help: possible candidates are found in other modules, you can import them into scope:
kablam!              `use len_zero::typeck::hir::ExprCall;`
kablam!              `use len_zero::typeck::hir::Expr_::ExprCall;`
kablam! 
kablam! error[E0531]: cannot find tuple struct/variant `PatIdent` in this scope
kablam!   --> /cargo-home/registry/src/github.com-1ecc6299db9ec823/clippy-0.0.5/src/eta_reduction.rs:33:32
kablam!    |
kablam! 33 |                         if let PatIdent(_, ident, _) = a1.pat.node {
kablam!    |                                ^^^^^^^^ not found in this scope
kablam! 
kablam! error[E0531]: cannot find tuple struct/variant `ExprPath` in this scope
kablam!   --> /cargo-home/registry/src/github.com-1ecc6299db9ec823/clippy-0.0.5/src/eta_reduction.rs:35:36
kablam!    |
kablam! 35 |                             if let ExprPath(None, ref p) = a2.node {
kablam!    |                                    ^^^^^^^^ not found in this scope
kablam!    |
kablam!    = help: possible candidates are found in other modules, you can import them into scope:
kablam!              `use len_zero::typeck::hir::ExprPath;`
kablam!              `use len_zero::typeck::hir::Expr_::ExprPath;`
kablam! 
kablam! error[E0407]: method `check_expr` is not a member of trait `LintPass`
kablam!   --> /cargo-home/registry/src/github.com-1ecc6299db9ec823/clippy-0.0.5/src/identity_op.rs:21:5
kablam!    |
kablam! 21 |     fn check_expr(&mut self, cx: &Context, e: &Expr) {
kablam!    |     ^ not a member of trait `LintPass`
kablam! 
kablam! error[E0412]: cannot find type `Context` in this scope
kablam!   --> /cargo-home/registry/src/github.com-1ecc6299db9ec823/clippy-0.0.5/src/identity_op.rs:21:35
kablam!    |
kablam! 21 |     fn check_expr(&mut self, cx: &Context, e: &Expr) {
kablam!    |                                   ^^^^^^^ not found in this scope
kablam!    |
kablam!    = help: possible candidate is found in another module, you can import it into scope:
kablam!              `use len_zero::typeck::middle::region::Context;`
kablam! 
kablam! error[E0531]: cannot find tuple struct/variant `ExprBinary` in this scope
kablam!   --> /cargo-home/registry/src/github.com-1ecc6299db9ec823/clippy-0.0.5/src/identity_op.rs:22:16
kablam!    |
kablam! 22 |         if let ExprBinary(ref cmp, ref left, ref right) = e.node {
kablam!    |                ^^^^^^^^^^ not found in this scope
kablam!    |
kablam!    = help: possible candidates are found in other modules, you can import them into scope:
kablam!              `use len_zero::typeck::hir::ExprBinary;`
kablam!              `use len_zero::typeck::hir::Expr_::ExprBinary;`
kablam! 
kablam! error[E0408]: variable `BiBitXor` is not bound in all patterns
kablam!   --> /cargo-home/registry/src/github.com-1ecc6299db9ec823/clippy-0.0.5/src/identity_op.rs:24:17
kablam!    |
kablam! 24 |                 BiAdd | BiBitOr | BiBitXor => {
kablam!    |                 ^^^^^   ^^^^^^^   -------- variable not in all patterns
kablam!    |                 |       |
kablam!    |                 |       pattern doesn't bind `BiBitXor`
kablam!    |                 pattern doesn't bind `BiBitXor`
kablam! 
kablam! error[E0408]: variable `BiBitOr` is not bound in all patterns
kablam!   --> /cargo-home/registry/src/github.com-1ecc6299db9ec823/clippy-0.0.5/src/identity_op.rs:24:17
kablam!    |
kablam! 24 |                 BiAdd | BiBitOr | BiBitXor => {
kablam!    |                 ^^^^^   -------   ^^^^^^^^ pattern doesn't bind `BiBitOr`
kablam!    |                 |       |
kablam!    |                 |       variable not in all patterns
kablam!    |                 pattern doesn't bind `BiBitOr`
kablam! 
kablam! error[E0408]: variable `BiAdd` is not bound in all patterns
kablam!   --> /cargo-home/registry/src/github.com-1ecc6299db9ec823/clippy-0.0.5/src/identity_op.rs:24:25
kablam!    |
kablam! 24 |                 BiAdd | BiBitOr | BiBitXor => {
kablam!    |                 -----   ^^^^^^^   ^^^^^^^^ pattern doesn't bind `BiAdd`
kablam!    |                 |       |
kablam!    |                 |       pattern doesn't bind `BiAdd`
kablam!    |                 variable not in all patterns
kablam! 
kablam! error[E0408]: variable `BiShl` is not bound in all patterns
kablam!   --> /cargo-home/registry/src/github.com-1ecc6299db9ec823/clippy-0.0.5/src/identity_op.rs:28:25
kablam!    |
kablam! 28 |                 BiShl | BiShr | BiSub => 
kablam!    |                 -----   ^^^^^   ^^^^^ pattern doesn't bind `BiShl`
kablam!    |                 |       |
kablam!    |                 |       pattern doesn't bind `BiShl`
kablam!    |                 variable not in all patterns
kablam! 
kablam! error[E0408]: variable `BiShr` is not bound in all patterns
kablam!   --> /cargo-home/registry/src/github.com-1ecc6299db9ec823/clippy-0.0.5/src/identity_op.rs:28:17
kablam!    |
kablam! 28 |                 BiShl | BiShr | BiSub => 
kablam!    |                 ^^^^^   -----   ^^^^^ pattern doesn't bind `BiShr`
kablam!    |                 |       |
kablam!    |                 |       variable not in all patterns
kablam!    |                 pattern doesn't bind `BiShr`
kablam! 
kablam! error[E0408]: variable `BiSub` is not bound in all patterns
kablam!   --> /cargo-home/registry/src/github.com-1ecc6299db9ec823/clippy-0.0.5/src/identity_op.rs:28:17
kablam!    |
kablam! 28 |                 BiShl | BiShr | BiSub => 
kablam!    |                 ^^^^^   ^^^^^   ----- variable not in all patterns
kablam!    |                 |       |
kablam!    |                 |       pattern doesn't bind `BiSub`
kablam!    |                 pattern doesn't bind `BiSub`
kablam! 
kablam! error[E0412]: cannot find type `Context` in this scope
kablam!   --> /cargo-home/registry/src/github.com-1ecc6299db9ec823/clippy-0.0.5/src/identity_op.rs:47:15
kablam!    |
kablam! 47 | fn check(cx: &Context, e: &Expr, m: i8, span: Span, arg: Span) {
kablam!    |               ^^^^^^^ not found in this scope
kablam!    |
kablam!    = help: possible candidate is found in another module, you can import it into scope:
kablam!              `use len_zero::typeck::middle::region::Context;`
kablam! 
kablam! error[E0412]: cannot find type `Context` in this scope
kablam!   --> /cargo-home/registry/src/github.com-1ecc6299db9ec823/clippy-0.0.5/src/identity_op.rs:56:18
kablam!    |
kablam! 56 | fn have_lit(cx: &Context, e : &Expr, m: i8) -> bool {
kablam!    |                  ^^^^^^^ not found in this scope
kablam!    |
kablam!    = help: possible candidate is found in another module, you can import it into scope:
kablam!              `use len_zero::typeck::middle::region::Context;`
kablam! 
kablam! error[E0531]: cannot find tuple struct/variant `ExprUnary` in this scope
kablam!   --> /cargo-home/registry/src/github.com-1ecc6299db9ec823/clippy-0.0.5/src/identity_op.rs:58:10
kablam!    |
kablam! 58 |         &ExprUnary(UnNeg, ref litexp) => have_lit(cx, litexp, -m), 
kablam!    |          ^^^^^^^^^ not found in this scope
kablam!    |
kablam!    = help: possible candidates are found in other modules, you can import them into scope:
kablam!              `use len_zero::typeck::hir::ExprUnary;`
kablam!              `use len_zero::typeck::hir::Expr_::ExprUnary;`
kablam! 
kablam! error[E0531]: cannot find tuple struct/variant `ExprLit` in this scope
kablam!   --> /cargo-home/registry/src/github.com-1ecc6299db9ec823/clippy-0.0.5/src/identity_op.rs:59:10
kablam!    |
kablam! 59 |         &ExprLit(ref lit) => {
kablam!    |          ^^^^^^^ not found in this scope
kablam!    |
kablam!    = help: possible candidates are found in other modules, you can import them into scope:
kablam!              `use len_zero::typeck::hir::ExprLit;`
kablam!              `use len_zero::typeck::hir::Expr_::ExprLit;`
kablam! 
kablam! error[E0531]: cannot find tuple struct/variant `LitInt` in this scope
kablam!   --> /cargo-home/registry/src/github.com-1ecc6299db9ec823/clippy-0.0.5/src/identity_op.rs:61:19
kablam!    |
kablam! 61 |                 (&LitInt(0, _), 0) => true,
kablam!    |                   ^^^^^^ not found in this scope
kablam! 
kablam! error[E0531]: cannot find tuple struct/variant `LitInt` in this scope
kablam!   --> /cargo-home/registry/src/github.com-1ecc6299db9ec823/clippy-0.0.5/src/identity_op.rs:62:19
kablam!    |
kablam! 62 |                 (&LitInt(1, SignedIntLit(_, Plus)), 1) => true,
kablam!    |                   ^^^^^^ not found in this scope
kablam! 
kablam! error[E0531]: cannot find tuple struct/variant `SignedIntLit` in this scope
kablam!   --> /cargo-home/registry/src/github.com-1ecc6299db9ec823/clippy-0.0.5/src/identity_op.rs:62:29
kablam!    |
kablam! 62 |                 (&LitInt(1, SignedIntLit(_, Plus)), 1) => true,
kablam!    |                             ^^^^^^^^^^^^ not found in this scope
kablam! 
kablam! error[E0531]: cannot find tuple struct/variant `LitInt` in this scope
kablam!   --> /cargo-home/registry/src/github.com-1ecc6299db9ec823/clippy-0.0.5/src/identity_op.rs:63:19
kablam!    |
kablam! 63 |                 (&LitInt(1, UnsuffixedIntLit(Plus)), 1) => true,
kablam!    |                   ^^^^^^ not found in this scope
kablam! 
kablam! error[E0531]: cannot find tuple struct/variant `UnsuffixedIntLit` in this scope
kablam!   --> /cargo-home/registry/src/github.com-1ecc6299db9ec823/clippy-0.0.5/src/identity_op.rs:63:29
kablam!    |
kablam! 63 |                 (&LitInt(1, UnsuffixedIntLit(Plus)), 1) => true,
kablam!    |                             ^^^^^^^^^^^^^^^^ not found in this scope
kablam! 
kablam! error[E0531]: cannot find tuple struct/variant `LitInt` in this scope
kablam!   --> /cargo-home/registry/src/github.com-1ecc6299db9ec823/clippy-0.0.5/src/identity_op.rs:64:19
kablam!    |
kablam! 64 |                 (&LitInt(1, SignedIntLit(_, Minus)), -1) => true,
kablam!    |                   ^^^^^^ not found in this scope
kablam! 
kablam! error[E0531]: cannot find tuple struct/variant `SignedIntLit` in this scope
kablam!   --> /cargo-home/registry/src/github.com-1ecc6299db9ec823/clippy-0.0.5/src/identity_op.rs:64:29
kablam!    |
kablam! 64 |                 (&LitInt(1, SignedIntLit(_, Minus)), -1) => true,
kablam!    |                             ^^^^^^^^^^^^ not found in this scope
kablam! 
kablam! error[E0531]: cannot find tuple struct/variant `LitInt` in this scope
kablam!   --> /cargo-home/registry/src/github.com-1ecc6299db9ec823/clippy-0.0.5/src/identity_op.rs:65:19
kablam!    |
kablam! 65 |                 (&LitInt(1, UnsuffixedIntLit(Minus)), -1) => true,
kablam!    |                   ^^^^^^ not found in this scope
kablam! 
kablam! error[E0531]: cannot find tuple struct/variant `UnsuffixedIntLit` in this scope
kablam!   --> /cargo-home/registry/src/github.com-1ecc6299db9ec823/clippy-0.0.5/src/identity_op.rs:65:29
kablam!    |
kablam! 65 |                 (&LitInt(1, UnsuffixedIntLit(Minus)), -1) => true,
kablam!    |                             ^^^^^^^^^^^^^^^^ not found in this scope
kablam! 
kablam! error[E0531]: cannot find tuple struct/variant `ExprParen` in this scope
kablam!   --> /cargo-home/registry/src/github.com-1ecc6299db9ec823/clippy-0.0.5/src/identity_op.rs:69:10
kablam!    |
kablam! 69 |         &ExprParen(ref p) => have_lit(cx, p, m),
kablam!    |          ^^^^^^^^^ not found in this scope
kablam! 
kablam! error[E0531]: cannot find tuple struct/variant `ExprPath` in this scope
kablam!   --> /cargo-home/registry/src/github.com-1ecc6299db9ec823/clippy-0.0.5/src/identity_op.rs:70:10
kablam!    |
kablam! 70 |         &ExprPath(_, _) => { 
kablam!    |          ^^^^^^^^ not found in this scope
kablam!    |
kablam!    = help: possible candidates are found in other modules, you can import them into scope:
kablam!              `use len_zero::typeck::hir::ExprPath;`
kablam!              `use len_zero::typeck::hir::Expr_::ExprPath;`
kablam! 
kablam! error[E0422]: cannot find struct, variant or union type `PathResolution` in this scope
kablam!   --> /cargo-home/registry/src/github.com-1ecc6299db9ec823/clippy-0.0.5/src/identity_op.rs:72:23
kablam!    |
kablam! 72 |                 Some(&PathResolution { base_def: DefConst(id), ..}) => 
kablam!    |                       ^^^^^^^^^^^^^^ not found in this scope
kablam!    |
kablam!    = help: possible candidate is found in another module, you can import it into scope:
kablam!              `use len_zero::typeck::hir::def::PathResolution;`
kablam! 
kablam! error[E0531]: cannot find tuple struct/variant `DefConst` in this scope
kablam!   --> /cargo-home/registry/src/github.com-1ecc6299db9ec823/clippy-0.0.5/src/identity_op.rs:72:50
kablam!    |
kablam! 72 |                 Some(&PathResolution { base_def: DefConst(id), ..}) => 
kablam!    |                                                  ^^^^^^^^ not found in this scope
kablam! 
kablam! error[E0407]: method `check_expr` is not a member of trait `LintPass`
kablam!   --> /cargo-home/registry/src/github.com-1ecc6299db9ec823/clippy-0.0.5/src/mut_mut.rs:19:2
kablam!    |
kablam! 19 |   	fn check_expr(&mut self, cx: &Context, expr: &Expr) {
kablam!    |  __^ starting here...
kablam! 20 | | 		cx.sess().codemap().with_expn_info(expr.span.expn_id, 
kablam! 21 | | 			|info| check_expr_expd(cx, expr, info))
kablam! 22 | | 	}
kablam!    | |__^ ...ending here: not a member of trait `LintPass`
kablam! 
kablam! error[E0407]: method `check_ty` is not a member of trait `LintPass`
kablam!   --> /cargo-home/registry/src/github.com-1ecc6299db9ec823/clippy-0.0.5/src/mut_mut.rs:24:2
kablam!    |
kablam! 24 |   	fn check_ty(&mut self, cx: &Context, ty: &Ty) {
kablam!    |  __^ starting here...
kablam! 25 | | 		unwrap_mut(ty).and_then(unwrap_mut).map_or((), |_| cx.span_lint(MUT_MUT, 
kablam! 26 | | 			ty.span, "Generally you want to avoid &mut &mut _ if possible."))
kablam! 27 | | 	}
kablam!    | |__^ ...ending here: not a member of trait `LintPass`
kablam! 
kablam! error[E0531]: cannot find tuple struct/variant `ExprAddrOf` in this scope
kablam!   --> /cargo-home/registry/src/github.com-1ecc6299db9ec823/clippy-0.0.5/src/mut_mut.rs:35:4
kablam!    |
kablam! 35 | 			ExprAddrOf(MutMutable, ref e) => Option::Some(e),
kablam!    | 			^^^^^^^^^^ not found in this scope
kablam!    |
kablam!    = help: possible candidates are found in other modules, you can import them into scope:
kablam!              `use len_zero::typeck::hir::ExprAddrOf;`
kablam!              `use len_zero::typeck::hir::Expr_::ExprAddrOf;`
kablam! 
kablam! error[E0531]: cannot find tuple struct/variant `TyPtr` in this scope
kablam!   --> /cargo-home/registry/src/github.com-1ecc6299db9ec823/clippy-0.0.5/src/mut_mut.rs:57:3
kablam!    |
kablam! 57 | 		TyPtr(MutTy{ ty: ref pty, mutbl: MutMutable }) => Option::Some(pty),
kablam!    | 		^^^^^ not found in this scope
kablam!    |
kablam!    = help: possible candidates are found in other modules, you can import them into scope:
kablam!              `use len_zero::typeck::hir::TyPtr;`
kablam!              `use len_zero::typeck::hir::Ty_::TyPtr;`
kablam! 
kablam! error[E0531]: cannot find tuple struct/variant `TyRptr` in this scope
kablam!   --> /cargo-home/registry/src/github.com-1ecc6299db9ec823/clippy-0.0.5/src/mut_mut.rs:58:3
kablam!    |
kablam! 58 | 		TyRptr(_, MutTy{ ty: ref pty, mutbl: MutMutable }) => Option::Some(pty),
kablam!    | 		^^^^^^ not found in this scope
kablam!    |
kablam!    = help: possible candidates are found in other modules, you can import them into scope:
kablam!              `use len_zero::typeck::hir::TyRptr;`
kablam!              `use len_zero::typeck::hir::Ty_::TyRptr;`
kablam! 
kablam! error[E0407]: method `check_item` is not a member of trait `LintPass`
kablam!   --> /cargo-home/registry/src/github.com-1ecc6299db9ec823/clippy-0.0.5/src/len_zero.rs:29:2
kablam!    |
kablam! 29 |   	fn check_item(&mut self, cx: &Context, item: &Item) {
kablam!    |  __^ starting here...
kablam! 30 | | 		match &item.node {
kablam! 31 | | 			&ItemTrait(_, _, _, ref trait_items) => 
kablam! 32 | | 				check_trait_items(cx, item, trait_items),
kablam! 33 | | 			&ItemImpl(_, _, _, None, _, ref impl_items) => // only non-trait
kablam! 34 | | 				check_impl_items(cx, item, impl_items),
kablam! 35 | | 			_ => ()
kablam! 36 | | 		}
kablam! 37 | | 	}
kablam!    | |__^ ...ending here: not a member of trait `LintPass`
kablam! 
kablam! error[E0531]: cannot find tuple struct/variant `ItemTrait` in this scope
kablam!   --> /cargo-home/registry/src/github.com-1ecc6299db9ec823/clippy-0.0.5/src/len_zero.rs:31:5
kablam!    |
kablam! 31 | 			&ItemTrait(_, _, _, ref trait_items) => 
kablam!    | 			 ^^^^^^^^^ not found in this scope
kablam!    |
kablam!    = help: possible candidates are found in other modules, you can import them into scope:
kablam!              `use len_zero::typeck::hir::ItemTrait;`
kablam!              `use len_zero::typeck::hir::Item_::ItemTrait;`
kablam! 
kablam! error[E0531]: cannot find tuple struct/variant `ItemImpl` in this scope
kablam!   --> /cargo-home/registry/src/github.com-1ecc6299db9ec823/clippy-0.0.5/src/len_zero.rs:33:5
kablam!    |
kablam! 33 | 			&ItemImpl(_, _, _, None, _, ref impl_items) => // only non-trait
kablam!    | 			 ^^^^^^^^ not found in this scope
kablam!    |
kablam!    = help: possible candidates are found in other modules, you can import them into scope:
kablam!              `use len_zero::typeck::hir::ItemImpl;`
kablam!              `use len_zero::typeck::hir::Item_::ItemImpl;`
kablam! 
kablam! error[E0407]: method `check_expr` is not a member of trait `LintPass`
kablam!   --> /cargo-home/registry/src/github.com-1ecc6299db9ec823/clippy-0.0.5/src/len_zero.rs:39:2
kablam!    |
kablam! 39 | 	fn check_expr(&mut self, cx: &Context, expr: &Expr) {
kablam!    | 	^ not a member of trait `LintPass`
kablam! 
kablam! error[E0531]: cannot find tuple struct/variant `ExprBinary` in this scope
kablam!   --> /cargo-home/registry/src/github.com-1ecc6299db9ec823/clippy-0.0.5/src/len_zero.rs:40:11
kablam!    |
kablam! 40 | 		if let &ExprBinary(Spanned{node: cmp, ..}, ref left, ref right) = 
kablam!    | 		        ^^^^^^^^^^ not found in this scope
kablam!    |
kablam!    = help: possible candidates are found in other modules, you can import them into scope:
kablam!              `use len_zero::typeck::hir::ExprBinary;`
kablam!              `use len_zero::typeck::hir::Expr_::ExprBinary;`
kablam! 
kablam! error[E0408]: variable `BiNe` is not bound in all patterns
kablam!   --> /cargo-home/registry/src/github.com-1ecc6299db9ec823/clippy-0.0.5/src/len_zero.rs:44:5
kablam!    |
kablam! 44 | 				BiGt | BiNe => check_cmp(cx, expr.span, left, right, "!"),
kablam!    | 				^^^^   ---- variable not in all patterns
kablam!    | 				|
kablam!    | 				pattern doesn't bind `BiNe`
kablam! 
kablam! error[E0408]: variable `BiGt` is not bound in all patterns
kablam!   --> /cargo-home/registry/src/github.com-1ecc6299db9ec823/clippy-0.0.5/src/len_zero.rs:44:12
kablam!    |
kablam! 44 | 				BiGt | BiNe => check_cmp(cx, expr.span, left, right, "!"),
kablam!    | 				----   ^^^^ pattern doesn't bind `BiGt`
kablam!    | 				|
kablam!    | 				variable not in all patterns
kablam! 
kablam! error[E0531]: cannot find tuple struct/variant `MethodTraitItem` in this scope
kablam!   --> /cargo-home/registry/src/github.com-1ecc6299db9ec823/clippy-0.0.5/src/len_zero.rs:53:41
kablam!    |
kablam! 53 | 		item.ident.as_str() == name && if let MethodTraitItem(ref sig, _) =
kablam!    | 		                                      ^^^^^^^^^^^^^^^ not found in this scope
kablam! 
kablam! error[E0531]: cannot find tuple struct/variant `MethodImplItem` in this scope
kablam!   --> /cargo-home/registry/src/github.com-1ecc6299db9ec823/clippy-0.0.5/src/len_zero.rs:72:41
kablam!    |
kablam! 72 | 		item.ident.as_str() == name && if let MethodImplItem(ref sig, _) = 
kablam!    | 		                                      ^^^^^^^^^^^^^^ not found in this scope
kablam! 
kablam! error[E0531]: cannot find tuple struct/variant `ExprLit` in this scope
kablam!   --> /cargo-home/registry/src/github.com-1ecc6299db9ec823/clippy-0.0.5/src/len_zero.rs:98:5
kablam!    |
kablam! 98 | 		(&ExprLit(ref lit), &ExprMethodCall(ref method, _, ref args)) => 
kablam!    | 		  ^^^^^^^ not found in this scope
kablam!    |
kablam!    = help: possible candidates are found in other modules, you can import them into scope:
kablam!              `use len_zero::typeck::hir::ExprLit;`
kablam!              `use len_zero::typeck::hir::Expr_::ExprLit;`
kablam! 
kablam! error[E0531]: cannot find tuple struct/variant `ExprMethodCall` in this scope
kablam!   --> /cargo-home/registry/src/github.com-1ecc6299db9ec823/clippy-0.0.5/src/len_zero.rs:98:24
kablam!    |
kablam! 98 | 		(&ExprLit(ref lit), &ExprMethodCall(ref method, _, ref args)) => 
kablam!    | 		                     ^^^^^^^^^^^^^^ not found in this scope
kablam!    |
kablam!    = help: possible candidates are found in other modules, you can import them into scope:
kablam!              `use len_zero::typeck::hir::ExprMethodCall;`
kablam!              `use len_zero::typeck::hir::Expr_::ExprMethodCall;`
kablam! 
kablam! error[E0531]: cannot find tuple struct/variant `ExprMethodCall` in this scope
kablam!    --> /cargo-home/registry/src/github.com-1ecc6299db9ec823/clippy-0.0.5/src/len_zero.rs:100:5
kablam!     |
kablam! 100 | 		(&ExprMethodCall(ref method, _, ref args), &ExprLit(ref lit)) => 
kablam!     | 		  ^^^^^^^^^^^^^^ not found in this scope
kablam!     |
kablam!     = help: possible candidates are found in other modules, you can import them into scope:
kablam!               `use len_zero::typeck::hir::ExprMethodCall;`
kablam!               `use len_zero::typeck::hir::Expr_::ExprMethodCall;`
kablam! 
kablam! error[E0531]: cannot find tuple struct/variant `ExprLit` in this scope
kablam!    --> /cargo-home/registry/src/github.com-1ecc6299db9ec823/clippy-0.0.5/src/len_zero.rs:100:47
kablam!     |
kablam! 100 | 		(&ExprMethodCall(ref method, _, ref args), &ExprLit(ref lit)) => 
kablam!     | 		                                            ^^^^^^^ not found in this scope
kablam!     |
kablam!     = help: possible candidates are found in other modules, you can import them into scope:
kablam!               `use len_zero::typeck::hir::ExprLit;`
kablam!               `use len_zero::typeck::hir::Expr_::ExprLit;`
kablam! 
kablam! error[E0531]: cannot find tuple struct/variant `LitInt` in this scope
kablam!    --> /cargo-home/registry/src/github.com-1ecc6299db9ec823/clippy-0.0.5/src/len_zero.rs:108:24
kablam!     |
kablam! 108 | 	if let &Spanned{node: LitInt(0, _), ..} = lit {
kablam!     | 	                      ^^^^^^ not found in this scope
kablam! 
kablam! error[E0412]: cannot find type `DefId` in this scope
kablam!    --> /cargo-home/registry/src/github.com-1ecc6299db9ec823/clippy-0.0.5/src/len_zero.rs:132:42
kablam!     |
kablam! 132 | 	fn has_is_empty_impl(cx: &Context, id: &DefId) -> bool {
kablam!     | 	                                        ^^^^^ not found in this scope
kablam!     |
kablam!     = help: possible candidate is found in another module, you can import it into scope:
kablam!               `use len_zero::typeck::hir::def_id::DefId;`
kablam! 
kablam! error[E0407]: method `check_item` is not a member of trait `LintPass`
kablam!   --> /cargo-home/registry/src/github.com-1ecc6299db9ec823/clippy-0.0.5/src/attrs.rs:23:5
kablam!    |
kablam! 23 |       fn check_item(&mut self, cx: &Context, item: &Item) {
kablam!    |  _____^ starting here...
kablam! 24 | | 		if is_relevant_item(item) {
kablam! 25 | | 			cx.sess().codemap().with_expn_info(item.span.expn_id, 
kablam! 26 | | 				|info| check_attrs(cx, info, &item.ident, &item.attrs))
kablam! 27 | | 		}
kablam! 28 | | 	}
kablam!    | |__^ ...ending here: not a member of trait `LintPass`
kablam! 
kablam! error[E0412]: cannot find type `Context` in this scope
kablam!   --> /cargo-home/registry/src/github.com-1ecc6299db9ec823/clippy-0.0.5/src/attrs.rs:23:35
kablam!    |
kablam! 23 |     fn check_item(&mut self, cx: &Context, item: &Item) {
kablam!    |                                   ^^^^^^^ not found in this scope
kablam!    |
kablam!    = help: possible candidate is found in another module, you can import it into scope:
kablam!              `use len_zero::typeck::middle::region::Context;`
kablam! 
kablam! error[E0407]: method `check_impl_item` is not a member of trait `LintPass`
kablam!   --> /cargo-home/registry/src/github.com-1ecc6299db9ec823/clippy-0.0.5/src/attrs.rs:30:5
kablam!    |
kablam! 30 |       fn check_impl_item(&mut self, cx: &Context, item: &ImplItem) {
kablam!    |  _____^ starting here...
kablam! 31 | | 		if is_relevant_impl(item) {
kablam! 32 | | 			cx.sess().codemap().with_expn_info(item.span.expn_id, 
kablam! 33 | | 				|info| check_attrs(cx, info, &item.ident, &item.attrs))
kablam! 34 | | 		}
kablam! 35 | | 	}
kablam!    | |__^ ...ending here: not a member of trait `LintPass`
kablam! 
kablam! error[E0412]: cannot find type `Context` in this scope
kablam!   --> /cargo-home/registry/src/github.com-1ecc6299db9ec823/clippy-0.0.5/src/attrs.rs:30:40
kablam!    |
kablam! 30 |     fn check_impl_item(&mut self, cx: &Context, item: &ImplItem) {
kablam!    |                                        ^^^^^^^ not found in this scope
kablam!    |
kablam!    = help: possible candidate is found in another module, you can import it into scope:
kablam!              `use len_zero::typeck::middle::region::Context;`
kablam! 
kablam! error[E0407]: method `check_trait_item` is not a member of trait `LintPass`
kablam!   --> /cargo-home/registry/src/github.com-1ecc6299db9ec823/clippy-0.0.5/src/attrs.rs:37:2
kablam!    |
kablam! 37 |   	fn check_trait_item(&mut self, cx: &Context, item: &TraitItem) {
kablam!    |  __^ starting here...
kablam! 38 | | 		if is_relevant_trait(item) {
kablam! 39 | | 			cx.sess().codemap().with_expn_info(item.span.expn_id, 
kablam! 40 | | 				|info| check_attrs(cx, info, &item.ident, &item.attrs))
kablam! 41 | | 		}
kablam! 42 | | 	}
kablam!    | |__^ ...ending here: not a member of trait `LintPass`
kablam! 
kablam! error[E0412]: cannot find type `Context` in this scope
kablam!   --> /cargo-home/registry/src/github.com-1ecc6299db9ec823/clippy-0.0.5/src/attrs.rs:37:38
kablam!    |
kablam! 37 | 	fn check_trait_item(&mut self, cx: &Context, item: &TraitItem) {
kablam!    | 	                                    ^^^^^^^ not found in this scope
kablam!    |
kablam!    = help: possible candidate is found in another module, you can import it into scope:
kablam!              `use len_zero::typeck::middle::region::Context;`
kablam! 
kablam! error[E0531]: cannot find tuple struct/variant `ItemFn` in this scope
kablam!   --> /cargo-home/registry/src/github.com-1ecc6299db9ec823/clippy-0.0.5/src/attrs.rs:46:10
kablam!    |
kablam! 46 | 	if let &ItemFn(_, _, _, _, _, ref block) = &item.node {
kablam!    | 	        ^^^^^^ not found in this scope
kablam!    |
kablam!    = help: possible candidates are found in other modules, you can import them into scope:
kablam!              `use len_zero::typeck::hir::ItemFn;`
kablam!              `use len_zero::typeck::hir::Item_::ItemFn;`
kablam!              `use len_zero::typeck::hir::intravisit::FnKind::ItemFn;`
kablam!              `use syntax::visit::FnKind::ItemFn;`
kablam! 
kablam! error[E0531]: cannot find tuple struct/variant `MethodImplItem` in this scope
kablam!   --> /cargo-home/registry/src/github.com-1ecc6299db9ec823/clippy-0.0.5/src/attrs.rs:53:3
kablam!    |
kablam! 53 | 		MethodImplItem(_, ref block) => is_relevant_block(block),
kablam!    | 		^^^^^^^^^^^^^^ not found in this scope
kablam! 
kablam! error[E0531]: cannot find tuple struct/variant `MethodTraitItem` in this scope
kablam!   --> /cargo-home/registry/src/github.com-1ecc6299db9ec823/clippy-0.0.5/src/attrs.rs:60:3
kablam!    |
kablam! 60 | 		MethodTraitItem(_, None) => true,
kablam!    | 		^^^^^^^^^^^^^^^ not found in this scope
kablam! 
kablam! error[E0531]: cannot find tuple struct/variant `MethodTraitItem` in this scope
kablam!   --> /cargo-home/registry/src/github.com-1ecc6299db9ec823/clippy-0.0.5/src/attrs.rs:61:3
kablam!    |
kablam! 61 | 		MethodTraitItem(_, Some(ref block)) => is_relevant_block(block),
kablam!    | 		^^^^^^^^^^^^^^^ not found in this scope
kablam! 
kablam! error[E0531]: cannot find tuple struct/variant `StmtDecl` in this scope
kablam!   --> /cargo-home/registry/src/github.com-1ecc6299db9ec823/clippy-0.0.5/src/attrs.rs:69:4
kablam!    |
kablam! 69 | 			StmtDecl(_, _) => return true,
kablam!    | 			^^^^^^^^ not found in this scope
kablam!    |
kablam!    = help: possible candidates are found in other modules, you can import them into scope:
kablam!              `use len_zero::typeck::hir::StmtDecl;`
kablam!              `use len_zero::typeck::hir::Stmt_::StmtDecl;`
kablam! 
kablam! error[E0531]: cannot find tuple struct/variant `StmtExpr` in this scope
kablam!   --> /cargo-home/registry/src/github.com-1ecc6299db9ec823/clippy-0.0.5/src/attrs.rs:70:4
kablam!    |
kablam! 70 | 			StmtExpr(ref expr, _) | StmtSemi(ref expr, _) => {
kablam!    | 			^^^^^^^^ not found in this scope
kablam!    |
kablam!    = help: possible candidates are found in other modules, you can import them into scope:
kablam!              `use len_zero::typeck::hir::StmtExpr;`
kablam!              `use len_zero::typeck::hir::Stmt_::StmtExpr;`
kablam! 
kablam! error[E0531]: cannot find tuple struct/variant `StmtSemi` in this scope
kablam!   --> /cargo-home/registry/src/github.com-1ecc6299db9ec823/clippy-0.0.5/src/attrs.rs:70:28
kablam!    |
kablam! 70 | 			StmtExpr(ref expr, _) | StmtSemi(ref expr, _) => {
kablam!    | 			                        ^^^^^^^^ not found in this scope
kablam!    |
kablam!    = help: possible candidates are found in other modules, you can import them into scope:
kablam!              `use len_zero::typeck::hir::StmtSemi;`
kablam!              `use len_zero::typeck::hir::Stmt_::StmtSemi;`
kablam! 
kablam! error[E0531]: cannot find tuple struct/variant `ExprBlock` in this scope
kablam!   --> /cargo-home/registry/src/github.com-1ecc6299db9ec823/clippy-0.0.5/src/attrs.rs:81:3
kablam!    |
kablam! 81 | 		ExprBlock(ref block) => is_relevant_block(block),
kablam!    | 		^^^^^^^^^ not found in this scope
kablam!    |
kablam!    = help: possible candidates are found in other modules, you can import them into scope:
kablam!              `use len_zero::typeck::hir::ExprBlock;`
kablam!              `use len_zero::typeck::hir::Expr_::ExprBlock;`
kablam! 
kablam! error[E0531]: cannot find tuple struct/variant `ExprRet` in this scope
kablam!   --> /cargo-home/registry/src/github.com-1ecc6299db9ec823/clippy-0.0.5/src/attrs.rs:82:3
kablam!    |
kablam! 82 | 		ExprRet(Some(ref e)) | ExprParen(ref e) => 
kablam!    | 		^^^^^^^ not found in this scope
kablam!    |
kablam!    = help: possible candidates are found in other modules, you can import them into scope:
kablam!              `use len_zero::typeck::hir::ExprRet;`
kablam!              `use len_zero::typeck::hir::Expr_::ExprRet;`
kablam! 
kablam! error[E0531]: cannot find tuple struct/variant `ExprParen` in this scope
kablam!   --> /cargo-home/registry/src/github.com-1ecc6299db9ec823/clippy-0.0.5/src/attrs.rs:82:26
kablam!    |
kablam! 82 | 		ExprRet(Some(ref e)) | ExprParen(ref e) => 
kablam!    | 		                       ^^^^^^^^^ not found in this scope
kablam! 
kablam! error[E0531]: cannot find tuple struct/variant `ExprRet` in this scope
kablam!   --> /cargo-home/registry/src/github.com-1ecc6299db9ec823/clippy-0.0.5/src/attrs.rs:84:3
kablam!    |
kablam! 84 | 		ExprRet(None) | ExprBreak(_) | ExprMac(_) => false,
kablam!    | 		^^^^^^^ not found in this scope
kablam!    |
kablam!    = help: possible candidates are found in other modules, you can import them into scope:
kablam!              `use len_zero::typeck::hir::ExprRet;`
kablam!              `use len_zero::typeck::hir::Expr_::ExprRet;`
kablam! 
kablam! error[E0531]: cannot find tuple struct/variant `ExprBreak` in this scope
kablam!   --> /cargo-home/registry/src/github.com-1ecc6299db9ec823/clippy-0.0.5/src/attrs.rs:84:19
kablam!    |
kablam! 84 | 		ExprRet(None) | ExprBreak(_) | ExprMac(_) => false,
kablam!    | 		                ^^^^^^^^^ not found in this scope
kablam!    |
kablam!    = help: possible candidates are found in other modules, you can import them into scope:
kablam!              `use len_zero::typeck::hir::ExprBreak;`
kablam!              `use len_zero::typeck::hir::Expr_::ExprBreak;`
kablam! 
kablam! error[E0531]: cannot find tuple struct/variant `ExprMac` in this scope
kablam!   --> /cargo-home/registry/src/github.com-1ecc6299db9ec823/clippy-0.0.5/src/attrs.rs:84:34
kablam!    |
kablam! 84 | 		ExprRet(None) | ExprBreak(_) | ExprMac(_) => false,
kablam!    | 		                               ^^^^^^^ not found in this scope
kablam! 
kablam! error[E0531]: cannot find tuple struct/variant `ExprCall` in this scope
kablam!   --> /cargo-home/registry/src/github.com-1ecc6299db9ec823/clippy-0.0.5/src/attrs.rs:85:3
kablam!    |
kablam! 85 | 		ExprCall(ref path_expr, _) => {
kablam!    | 		^^^^^^^^ not found in this scope
kablam!    |
kablam!    = help: possible candidates are found in other modules, you can import them into scope:
kablam!              `use len_zero::typeck::hir::ExprCall;`
kablam!              `use len_zero::typeck::hir::Expr_::ExprCall;`
kablam! 
kablam! error[E0531]: cannot find tuple struct/variant `ExprPath` in this scope
kablam!   --> /cargo-home/registry/src/github.com-1ecc6299db9ec823/clippy-0.0.5/src/attrs.rs:86:11
kablam!    |
kablam! 86 | 			if let ExprPath(_, ref path) = path_expr.node {
kablam!    | 			       ^^^^^^^^ not found in this scope
kablam!    |
kablam!    = help: possible candidates are found in other modules, you can import them into scope:
kablam!              `use len_zero::typeck::hir::ExprPath;`
kablam!              `use len_zero::typeck::hir::Expr_::ExprPath;`
kablam! 
kablam! error[E0412]: cannot find type `Context` in this scope
kablam!   --> /cargo-home/registry/src/github.com-1ecc6299db9ec823/clippy-0.0.5/src/attrs.rs:94:21
kablam!    |
kablam! 94 | fn check_attrs(cx: &Context, info: Option<&ExpnInfo>, ident: &Ident, 
kablam!    |                     ^^^^^^^ not found in this scope
kablam!    |
kablam!    = help: possible candidate is found in another module, you can import it into scope:
kablam!              `use len_zero::typeck::middle::region::Context;`
kablam! 
kablam! error[E0531]: cannot find tuple struct/variant `MetaList` in this scope
kablam!   --> /cargo-home/registry/src/github.com-1ecc6299db9ec823/clippy-0.0.5/src/attrs.rs:99:10
kablam!    |
kablam! 99 | 		if let MetaList(ref inline, ref values) = attr.node.value.node {
kablam!    | 		       ^^^^^^^^ not found in this scope
kablam! 
kablam! error[E0531]: cannot find tuple struct/variant `MetaWord` in this scope
kablam!    --> /cargo-home/registry/src/github.com-1ecc6299db9ec823/clippy-0.0.5/src/attrs.rs:101:11
kablam!     |
kablam! 101 | 			if let MetaWord(ref always) = values[0].node {
kablam!     | 			       ^^^^^^^^ not found in this scope
kablam! 
kablam! error[E0407]: method `check_expr` is not a member of trait `LintPass`
kablam!   --> /cargo-home/registry/src/github.com-1ecc6299db9ec823/clippy-0.0.5/src/collapsible_if.rs:38:2
kablam!    |
kablam! 38 |   	fn check_expr(&mut self, cx: &Context, expr: &Expr) {
kablam!    |  __^ starting here...
kablam! 39 | | 		cx.sess().codemap().with_expn_info(expr.span.expn_id, 
kablam! 40 | | 			|info| check_expr_expd(cx, expr, info))
kablam! 41 | | 	}
kablam!    | |__^ ...ending here: not a member of trait `LintPass`
kablam! 
kablam! error[E0412]: cannot find type `Context` in this scope
kablam!   --> /cargo-home/registry/src/github.com-1ecc6299db9ec823/clippy-0.0.5/src/collapsible_if.rs:38:32
kablam!    |
kablam! 38 | 	fn check_expr(&mut self, cx: &Context, expr: &Expr) {
kablam!    | 	                              ^^^^^^^ not found in this scope
kablam!    |
kablam!    = help: possible candidate is found in another module, you can import it into scope:
kablam!              `use len_zero::typeck::middle::region::Context;`
kablam! 
kablam! error[E0412]: cannot find type `Context` in this scope
kablam!   --> /cargo-home/registry/src/github.com-1ecc6299db9ec823/clippy-0.0.5/src/collapsible_if.rs:44:25
kablam!    |
kablam! 44 | fn check_expr_expd(cx: &Context, e: &Expr, info: Option<&ExpnInfo>) {
kablam!    |                         ^^^^^^^ not found in this scope
kablam!    |
kablam!    = help: possible candidate is found in another module, you can import it into scope:
kablam!              `use len_zero::typeck::middle::region::Context;`
kablam! 
kablam! error[E0531]: cannot find tuple struct/variant `ExprIf` in this scope
kablam!   --> /cargo-home/registry/src/github.com-1ecc6299db9ec823/clippy-0.0.5/src/collapsible_if.rs:47:9
kablam!    |
kablam! 47 | 	if let ExprIf(ref check, ref then, None) = e.node {
kablam!    | 	       ^^^^^^ not found in this scope
kablam!    |
kablam!    = help: possible candidates are found in other modules, you can import them into scope:
kablam!              `use len_zero::typeck::hir::ExprIf;`
kablam!              `use len_zero::typeck::hir::Expr_::ExprIf;`
kablam! 
kablam! error[E0531]: cannot find tuple struct/variant `ExprIf` in this scope
kablam!   --> /cargo-home/registry/src/github.com-1ecc6299db9ec823/clippy-0.0.5/src/collapsible_if.rs:48:28
kablam!    |
kablam! 48 | 		if let Some(&Expr{ node: ExprIf(ref check_inner, _, None), ..}) = 
kablam!    | 		                         ^^^^^^ not found in this scope
kablam!    |
kablam!    = help: possible candidates are found in other modules, you can import them into scope:
kablam!              `use len_zero::typeck::hir::ExprIf;`
kablam!              `use len_zero::typeck::hir::Expr_::ExprIf;`
kablam! 
kablam! error[E0531]: cannot find tuple struct/variant `ExprBinary` in this scope
kablam!   --> /cargo-home/registry/src/github.com-1ecc6299db9ec823/clippy-0.0.5/src/collapsible_if.rs:59:9
kablam!    |
kablam! 59 |         ExprBinary(Spanned {node: n, ..}, _, _) if n == BiEq => false,
kablam!    |         ^^^^^^^^^^ not found in this scope
kablam!    |
kablam!    = help: possible candidates are found in other modules, you can import them into scope:
kablam!              `use len_zero::typeck::hir::ExprBinary;`
kablam!              `use len_zero::typeck::hir::Expr_::ExprBinary;`
kablam! 
kablam! error[E0425]: cannot find value `BiEq` in this scope
kablam!   --> /cargo-home/registry/src/github.com-1ecc6299db9ec823/clippy-0.0.5/src/collapsible_if.rs:59:57
kablam!    |
kablam! 59 |         ExprBinary(Spanned {node: n, ..}, _, _) if n == BiEq => false,
kablam!    |                                                         ^^^^ not found in this scope
kablam!    |
kablam!    = help: possible candidates are found in other modules, you can import them into scope:
kablam!              `use len_zero::typeck::hir::BiEq;`
kablam!              `use len_zero::typeck::hir::BinOp_::BiEq;`
kablam! 
kablam! error[E0531]: cannot find tuple struct/variant `StmtExpr` in this scope
kablam!   --> /cargo-home/registry/src/github.com-1ecc6299db9ec823/clippy-0.0.5/src/collapsible_if.rs:74:16
kablam!    |
kablam! 74 |         if let StmtExpr(ref expr, _) = block.stmts[0].node {
kablam!    |                ^^^^^^^^ not found in this scope
kablam!    |
kablam!    = help: possible candidates are found in other modules, you can import them into scope:
kablam!              `use len_zero::typeck::hir::StmtExpr;`
kablam!              `use len_zero::typeck::hir::Stmt_::StmtExpr;`
kablam! 
kablam! error[E0531]: cannot find tuple struct/variant `ExprBlock` in this scope
kablam!   --> /cargo-home/registry/src/github.com-1ecc6299db9ec823/clippy-0.0.5/src/collapsible_if.rs:85:12
kablam!    |
kablam! 85 |     if let ExprBlock(ref block) = expr.node {
kablam!    |            ^^^^^^^^^ not found in this scope
kablam!    |
kablam!    = help: possible candidates are found in other modules, you can import them into scope:
kablam!              `use len_zero::typeck::hir::ExprBlock;`
kablam!              `use len_zero::typeck::hir::Expr_::ExprBlock;`
kablam! 
kablam! error[E0407]: method `check_expr` is not a member of trait `LintPass`
kablam!   --> /cargo-home/registry/src/github.com-1ecc6299db9ec823/clippy-0.0.5/src/unicode.rs:15:5
kablam!    |
kablam! 15 |       fn check_expr(&mut self, cx: &Context, expr: &Expr) {
kablam!    |  _____^ starting here...
kablam! 16 | | 		if let ExprLit(ref lit) = expr.node {
kablam! 17 | | 			if let LitStr(ref string, _) = lit.node {
kablam! 18 | | 				check_str(cx, string, lit.span)
kablam! 19 | | 			}
kablam! 20 | | 		}
kablam! 21 | | 	}
kablam!    | |__^ ...ending here: not a member of trait `LintPass`
kablam! 
kablam! error[E0412]: cannot find type `Context` in this scope
kablam!   --> /cargo-home/registry/src/github.com-1ecc6299db9ec823/clippy-0.0.5/src/unicode.rs:15:35
kablam!    |
kablam! 15 |     fn check_expr(&mut self, cx: &Context, expr: &Expr) {
kablam!    |                                   ^^^^^^^ not found in this scope
kablam!    |
kablam!    = help: possible candidate is found in another module, you can import it into scope:
kablam!              `use len_zero::typeck::middle::region::Context;`
kablam! 
kablam! error[E0531]: cannot find tuple struct/variant `ExprLit` in this scope
kablam!   --> /cargo-home/registry/src/github.com-1ecc6299db9ec823/clippy-0.0.5/src/unicode.rs:16:10
kablam!    |
kablam! 16 | 		if let ExprLit(ref lit) = expr.node {
kablam!    | 		       ^^^^^^^ not found in this scope
kablam!    |
kablam!    = help: possible candidates are found in other modules, you can import them into scope:
kablam!              `use len_zero::typeck::hir::ExprLit;`
kablam!              `use len_zero::typeck::hir::Expr_::ExprLit;`
kablam! 
kablam! error[E0531]: cannot find tuple struct/variant `LitStr` in this scope
kablam!   --> /cargo-home/registry/src/github.com-1ecc6299db9ec823/clippy-0.0.5/src/unicode.rs:17:11
kablam!    |
kablam! 17 | 			if let LitStr(ref string, _) = lit.node {
kablam!    | 			       ^^^^^^ not found in this scope
kablam! 
kablam! error[E0412]: cannot find type `Context` in this scope
kablam!   --> /cargo-home/registry/src/github.com-1ecc6299db9ec823/clippy-0.0.5/src/unicode.rs:24:19
kablam!    |
kablam! 24 | fn check_str(cx: &Context, string: &str, span: Span) {
kablam!    |                   ^^^^^^^ not found in this scope
kablam!    |
kablam!    = help: possible candidate is found in another module, you can import it into scope:
kablam!              `use len_zero::typeck::middle::region::Context;`
kablam! 
kablam! error[E0412]: cannot find type `Context` in this scope
kablam!   --> /cargo-home/registry/src/github.com-1ecc6299db9ec823/clippy-0.0.5/src/unicode.rs:37:25
kablam!    |
kablam! 37 | fn lint_zero_width(cx: &Context, span: Span, start: Option<usize>) {
kablam!    |                         ^^^^^^^ not found in this scope
kablam!    |
kablam!    = help: possible candidate is found in another module, you can import it into scope:
kablam!              `use len_zero::typeck::middle::region::Context;`
kablam! 
kablam! error: no method named `as_str` found for type `syntax::ast::Ident` in the current scope
kablam!   --> /cargo-home/registry/src/github.com-1ecc6299db9ec823/clippy-0.0.5/src/types.rs:26:85
kablam!    |
kablam! 26 |             if seg.iter().rev().zip(segments.iter().rev()).all(|(a,b)| a.identifier.as_str() == *b) {
kablam!    |                                                                                     ^^^^^^
kablam! 
kablam! error: no method named `as_str` found for type `syntax::ast::Ident` in the current scope
kablam!    --> /cargo-home/registry/src/github.com-1ecc6299db9ec823/clippy-0.0.5/src/misc.rs:139:51
kablam!     |
kablam! 139 | 	path.segments.last().map(|seg| if seg.identifier.as_str() == "NAN" {
kablam!     | 	                                                 ^^^^^^
kablam! 
kablam! error: no field `global` on type `&syntax::ast::Path`
kablam!   --> /cargo-home/registry/src/github.com-1ecc6299db9ec823/clippy-0.0.5/src/eq_op.rs:74:7
kablam!    |
kablam! 74 | 	left.global == right.global && left.segments == right.segments
kablam!    | 	     ^^^^^^
kablam! 
kablam! error: no field `global` on type `&syntax::ast::Path`
kablam!   --> /cargo-home/registry/src/github.com-1ecc6299db9ec823/clippy-0.0.5/src/eq_op.rs:74:23
kablam!    |
kablam! 74 | 	left.global == right.global && left.segments == right.segments
kablam!    | 	                     ^^^^^^
kablam! 
kablam! error[E0277]: the trait bound `[syntax::ptr::P<syntax::ast::Pat>]: std::marker::Sized` is not satisfied
kablam!    --> /cargo-home/registry/src/github.com-1ecc6299db9ec823/clippy-0.0.5/src/eq_op.rs:177:34
kablam!     |
kablam! 177 | 		is_path_equal(lpath, rpath) && both(lenum, renum, |l, r| 
kablam!     | 		                               ^^^^ the trait `std::marker::Sized` is not implemented for `[syntax::ptr::P<syntax::ast::Pat>]`
kablam!     |
kablam!     = note: `[syntax::ptr::P<syntax::ast::Pat>]` does not have a constant size known at compile-time
kablam!     = note: required by `eq_op::both`
kablam! 
kablam! error: no field `expr` on type `&syntax::ast::Block`
kablam!   --> /cargo-home/registry/src/github.com-1ecc6299db9ec823/clippy-0.0.5/src/needless_bool.rs:42:36
kablam!    |
kablam! 42 | 	if block.stmts.is_empty() { block.expr.as_ref().and_then(|e| fetch_bool_expr(e)) } else { Option::None }
kablam!    | 	                                  ^^^^
kablam! 
kablam! error: no method named `as_str` found for type `syntax::ast::Ident` in the current scope
kablam!   --> /cargo-home/registry/src/github.com-1ecc6299db9ec823/clippy-0.0.5/src/len_zero.rs:64:18
kablam!    |
kablam! 64 | 						item.ident.as_str()));
kablam!    | 						           ^^^^^^
kablam! 
kablam! error: no method named `as_str` found for type `syntax::ast::Ident` in the current scope
kablam!   --> /cargo-home/registry/src/github.com-1ecc6299db9ec823/clippy-0.0.5/src/len_zero.rs:53:14
kablam!    |
kablam! 53 | 		item.ident.as_str() == name && if let MethodTraitItem(ref sig, _) =
kablam!    | 		           ^^^^^^
kablam! 
kablam! error: no method named `as_str` found for type `syntax::ast::Ident` in the current scope
kablam!   --> /cargo-home/registry/src/github.com-1ecc6299db9ec823/clippy-0.0.5/src/len_zero.rs:84:18
kablam!    |
kablam! 84 | 						item.ident.as_str()));
kablam!    | 						           ^^^^^^
kablam! 
kablam! error: no method named `as_str` found for type `syntax::ast::Ident` in the current scope
kablam!   --> /cargo-home/registry/src/github.com-1ecc6299db9ec823/clippy-0.0.5/src/len_zero.rs:72:14
kablam!    |
kablam! 72 | 		item.ident.as_str() == name && if let MethodImplItem(ref sig, _) = 
kablam!    | 		           ^^^^^^
kablam! 
kablam! error: no field `explicit_self` on type `&syntax::ast::MethodSig`
kablam!   --> /cargo-home/registry/src/github.com-1ecc6299db9ec823/clippy-0.0.5/src/len_zero.rs:92:26
kablam!    |
kablam! 92 | 	if let SelfStatic = sig.explicit_self.node { 
kablam!    | 	                        ^^^^^^^^^^^^^
kablam! 
kablam! error: no method named `as_str` found for type `syntax::ast::Ident` in the current scope
kablam!    --> /cargo-home/registry/src/github.com-1ecc6299db9ec823/clippy-0.0.5/src/len_zero.rs:109:18
kablam!     |
kablam! 109 | 		if method.node.as_str() == "len" && args.len() == 1 &&
kablam!     | 		               ^^^^^^
kablam! 
kablam! error: no field `expr` on type `&syntax::ast::Block`
kablam!   --> /cargo-home/registry/src/github.com-1ecc6299db9ec823/clippy-0.0.5/src/attrs.rs:76:8
kablam!    |
kablam! 76 | 	block.expr.as_ref().map_or(false, |e| is_relevant_expr(&*e))
kablam!    | 	      ^^^^
kablam! 
kablam! error: no field `node` on type `&syntax::ast::Attribute`
kablam!   --> /cargo-home/registry/src/github.com-1ecc6299db9ec823/clippy-0.0.5/src/attrs.rs:99:50
kablam!    |
kablam! 99 | 		if let MetaList(ref inline, ref values) = attr.node.value.node {
kablam!    | 		                                               ^^^^
kablam! 
kablam! error: no method named `as_str` found for type `&syntax::ast::Ident` in the current scope
kablam!    --> /cargo-home/registry/src/github.com-1ecc6299db9ec823/clippy-0.0.5/src/attrs.rs:106:12
kablam!     |
kablam! 106 | 					ident.as_str()));
kablam!     | 					      ^^^^^^
kablam! 
kablam! error: no field `expr` on type `&syntax::ast::Block`
kablam!   --> /cargo-home/registry/src/github.com-1ecc6299db9ec823/clippy-0.0.5/src/collapsible_if.rs:73:40
kablam!    |
kablam! 73 |     if block.stmts.len() == 1 && block.expr.is_none() {
kablam!    |                                        ^^^^
kablam! 
kablam! error: no field `expr` on type `&syntax::ast::Block`
kablam!   --> /cargo-home/registry/src/github.com-1ecc6299db9ec823/clippy-0.0.5/src/collapsible_if.rs:79:40
kablam!    |
kablam! 79 |             if let Some(ref p) = block.expr { Some(&*p) } else { None }
kablam!    |                                        ^^^^
kablam! 
kablam! error: no method named `as_str` found for type `syntax::ast::Ident` in the current scope
kablam!   --> /cargo-home/registry/src/github.com-1ecc6299db9ec823/clippy-0.0.5/src/utils.rs:41:24
kablam!    |
kablam! 41 | 		|(a,b)| a.identifier.as_str() == *b)
kablam!    | 		                     ^^^^^^
kablam! 
kablam! error: aborting due to 18 previous errors
kablam! 
kablam! error: Could not compile `clippy`.
kablam! 
kablam! To learn more, run the command again with --verbose.
boom! running `docker rm -f 20f5056641e59b1ec7404b9fca0ba94324e03c3b842bf612d0c0f8fd176f0f51`
blam! 20f5056641e59b1ec7404b9fca0ba94324e03c3b842bf612d0c0f8fd176f0f51
