boom! testing hglib-0.1.1 against nightly for nightly
boom! running: cargo +nightly build --frozen
boom! creating container for: cargo +nightly build --frozen
boom! running `docker create -v /home/ec2-user/cargobomb/./work/local/test-source/nightly/nightly:/source:ro -v /home/ec2-user/cargobomb/./work/local/cargo-home:/cargo-home:ro -v /home/ec2-user/cargobomb/./work/local/rustup-home:/rustup-home:ro -v /home/ec2-user/cargobomb/./work/local/target-dirs/nightly/nightly:/target:rw -e USER_ID=500 -e CMD=cargo +nightly build --frozen cargobomb`
blam! 759d80ab617e2908475ebe719e785452c693d8eb3945556f13ba1675fe966e1e
boom! running `docker start -a 759d80ab617e2908475ebe719e785452c693d8eb3945556f13ba1675fe966e1e`
kablam!    Compiling hglib v0.1.1 (file:///source)
kablam!     Finished dev [unoptimized + debuginfo] target(s) in 1.56 secs
boom! running `docker rm -f 759d80ab617e2908475ebe719e785452c693d8eb3945556f13ba1675fe966e1e`
blam! 759d80ab617e2908475ebe719e785452c693d8eb3945556f13ba1675fe966e1e
boom! running: cargo +nightly test --frozen --no-run
boom! creating container for: cargo +nightly test --frozen --no-run
boom! running `docker create -v /home/ec2-user/cargobomb/./work/local/test-source/nightly/nightly:/source:ro -v /home/ec2-user/cargobomb/./work/local/cargo-home:/cargo-home:ro -v /home/ec2-user/cargobomb/./work/local/rustup-home:/rustup-home:ro -v /home/ec2-user/cargobomb/./work/local/target-dirs/nightly/nightly:/target:rw -e USER_ID=500 -e CMD=cargo +nightly test --frozen --no-run cargobomb`
blam! 0c5338c9a2bb0f2b156f60928177874b679224550a264e4d591a886ac6162e35
boom! running `docker start -a 0c5338c9a2bb0f2b156f60928177874b679224550a264e4d591a886ac6162e35`
kablam!    Compiling hglib v0.1.1 (file:///source)
kablam!     Finished dev [unoptimized + debuginfo] target(s) in 2.39 secs
boom! running `docker rm -f 0c5338c9a2bb0f2b156f60928177874b679224550a264e4d591a886ac6162e35`
blam! 0c5338c9a2bb0f2b156f60928177874b679224550a264e4d591a886ac6162e35
boom! running: cargo +nightly test --frozen
boom! creating container for: cargo +nightly test --frozen
boom! running `docker create -v /home/ec2-user/cargobomb/./work/local/test-source/nightly/nightly:/source:ro -v /home/ec2-user/cargobomb/./work/local/cargo-home:/cargo-home:ro -v /home/ec2-user/cargobomb/./work/local/rustup-home:/rustup-home:ro -v /home/ec2-user/cargobomb/./work/local/target-dirs/nightly/nightly:/target:rw -e USER_ID=500 -e CMD=cargo +nightly test --frozen cargobomb`
blam! 351ad6cb6fa53d6338accc8e68a2ba2730110d4debb1ea0632de0f0d63e31e41
boom! running `docker start -a 351ad6cb6fa53d6338accc8e68a2ba2730110d4debb1ea0632de0f0d63e31e41`
kablam!     Finished dev [unoptimized + debuginfo] target(s) in 0.0 secs
kablam!      Running /target/debug/deps/hglib-51301a75a26dfe52
blam! 
blam! running 3 tests
blam! test tests::run_command ... FAILED
blam! test tests::run_command_error ... FAILED
blam! test tests::capabilities ... FAILED
blam! 
blam! failures:
blam! 
blam! ---- tests::run_command stdout ----
blam! 	thread 'tests::run_command' panicked at 'called `Result::unwrap()` on an `Err` value: Error { repr: Os { code: 2, message: "No such file or directory" } }', /buildslave/rust-buildbot/slave/nightly-dist-rustc-linux/build/src/libcore/result.rs:860
blam! note: Run with `RUST_BACKTRACE=1` for a backtrace.
blam! 
blam! ---- tests::run_command_error stdout ----
blam! 	thread 'tests::run_command_error' panicked at 'called `Result::unwrap()` on an `Err` value: Error { repr: Os { code: 2, message: "No such file or directory" } }', /buildslave/rust-buildbot/slave/nightly-dist-rustc-linux/build/src/libcore/result.rs:860
blam! 
blam! ---- tests::capabilities stdout ----
blam! 	thread 'tests::capabilities' panicked at 'called `Result::unwrap()` on an `Err` value: Error { repr: Os { code: 2, message: "No such file or directory" } }', /buildslave/rust-buildbot/slave/nightly-dist-rustc-linux/build/src/libcore/result.rs:860
blam! 
blam! 
blam! failures:
blam!     tests::capabilities
blam!     tests::run_command
blam!     tests::run_command_error
blam! 
blam! test result: FAILED. 0 passed; 3 failed; 0 ignored; 0 measured
blam! 
kablam! error: test failed
boom! running `docker rm -f 351ad6cb6fa53d6338accc8e68a2ba2730110d4debb1ea0632de0f0d63e31e41`
blam! 351ad6cb6fa53d6338accc8e68a2ba2730110d4debb1ea0632de0f0d63e31e41
