boom! testing rustproof-libsmt-0.1.0 against stable for nightly
boom! running: cargo +stable build --frozen
boom! creating container for: cargo +stable build --frozen
boom! running `docker create -v /home/ec2-user/cargobomb/./work/local/test-source/nightly/stable:/source:ro -v /home/ec2-user/cargobomb/./work/local/cargo-home:/cargo-home:ro -v /home/ec2-user/cargobomb/./work/local/rustup-home:/rustup-home:ro -v /home/ec2-user/cargobomb/./work/local/target-dirs/nightly/stable:/target:rw -e USER_ID=500 -e CMD=cargo +stable build --frozen cargobomb`
blam! 8e92859a705e5a2456042482ac501a372c8018a30ccc6e0558ebca896079b448
boom! running `docker start -a 8e92859a705e5a2456042482ac501a372c8018a30ccc6e0558ebca896079b448`
kablam!    Compiling rustproof-libsmt v0.1.0 (file:///source)
kablam! warning: type `QF_BV_Sorts` should have a camel case name such as `QfBvSorts`, #[warn(non_camel_case_types)] on by default
kablam!   --> src/logics/utils.rs:7:9
kablam!    |
kablam! 7  |            pub enum $logic {
kablam!    |   _________^ starting here...
kablam! 8  |  |             $(
kablam! 9  |  |                 $variant($sort),
kablam! 10 |  |             )*
kablam! 11 |  |         }
kablam!    |  |_________^ ...ending here
kablam!    | 
kablam!   ::: src/logics/qf_bv.rs
kablam!    |
kablam! 11 |    define_sorts_for_logic!(QF_BV_Sorts,
kablam!    |  __- starting here...
kablam! 12 | |                    BV -> bitvec::Sorts,
kablam! 13 | |                    Core -> core::Sorts
kablam! 14 | |                   );
kablam!    | |____________________- ...ending here: in this macro invocation
kablam! 
kablam! warning: type `QF_BV_Fn` should have a camel case name such as `QfBvFn`, #[warn(non_camel_case_types)] on by default
kablam!   --> src/logics/utils.rs:38:9
kablam!    |
kablam! 38 |           pub enum $logic {
kablam!    |  _________^ starting here...
kablam! 39 | |             $(
kablam! 40 | |                 $variant($sort),
kablam! 41 | |             )*
kablam! 42 | |         }
kablam!    | |_________^ ...ending here
kablam!    | 
kablam!   ::: src/logics/qf_bv.rs
kablam!    |
kablam! 16 |   define_fns_for_logic!(QF_BV_Fn,
kablam!    |  _- starting here...
kablam! 17 | |                       BVOps -> bitvec::OpCodes,
kablam! 18 | |                       CoreOps -> core::OpCodes
kablam! 19 | |                      );
kablam!    | |_______________________- ...ending here: in this macro invocation
kablam! 
kablam! warning: type `QF_BV` should have a camel case name such as `QfBv`, #[warn(non_camel_case_types)] on by default
kablam!   --> src/logics/utils.rs:87:9
kablam!    |
kablam! 87 |           pub struct $logic;
kablam!    |           ^^^^^^^^^^^^^^^^^^
kablam!    | 
kablam!   ::: src/logics/qf_bv.rs
kablam!    |
kablam! 21 |   define_logic!(QF_BV,
kablam!    |  _- starting here...
kablam! 22 | |               QF_BV_Fn,
kablam! 23 | |               QF_BV_Sorts,
kablam! 24 | |               map {
kablam! 25 | |                   QF_BV_Sorts::BV(_) => bitvec::OpCodes::FreeVar
kablam! 26 | |               }
kablam! 27 | |              );
kablam!    | |_______________- ...ending here: in this macro invocation
kablam! 
kablam! warning: type `QF_AUFBV_Sorts` should have a camel case name such as `QfAufbvSorts`, #[warn(non_camel_case_types)] on by default
kablam!   --> src/logics/utils.rs:7:9
kablam!    |
kablam! 7  |            pub enum $logic {
kablam!    |  __________^ starting here...
kablam! 8  | |              $(
kablam! 9  | |                  $variant($sort),
kablam! 10 | |              )*
kablam! 11 | |          }
kablam!    | |__________^ ...ending here
kablam!    | 
kablam!   ::: src/logics/qf_aufbv.rs
kablam!    |
kablam! 6  |    define_sorts_for_logic!(QF_AUFBV_Sorts,
kablam!    |   _- starting here...
kablam! 7  |  |                         BV -> bitvec::Sorts,
kablam! 8  |  |                         Core -> core::Sorts,
kablam! 9  |  |                         ArrayEx -> array_ex::Sorts<QF_AUFBV_Sorts, QF_AUFBV_Sorts>
kablam! 10 |  |                         );
kablam!    |  |__________________________- ...ending here: in this macro invocation
kablam! 
kablam! warning: type `QF_AUFBV_Fn` should have a camel case name such as `QfAufbvFn`, #[warn(non_camel_case_types)] on by default
kablam!   --> src/logics/utils.rs:38:9
kablam!    |
kablam! 38 |           pub enum $logic {
kablam!    |  _________^ starting here...
kablam! 39 | |             $(
kablam! 40 | |                 $variant($sort),
kablam! 41 | |             )*
kablam! 42 | |         }
kablam!    | |_________^ ...ending here
kablam!    | 
kablam!   ::: src/logics/qf_aufbv.rs
kablam!    |
kablam! 12 |   define_fns_for_logic!(QF_AUFBV_Fn,
kablam!    |  _- starting here...
kablam! 13 | |                       BVOps -> bitvec::OpCodes,
kablam! 14 | |                       CoreOps -> core::OpCodes,
kablam! 15 | |                       ArrayOps -> array_ex::OpCodes<QF_AUFBV_Sorts, QF_AUFBV_Sorts, QF_AUFBV_Fn>
kablam! 16 | |                       );
kablam!    | |________________________- ...ending here: in this macro invocation
kablam! 
kablam! warning: type `QF_AUFBV` should have a camel case name such as `QfAufbv`, #[warn(non_camel_case_types)] on by default
kablam!   --> src/logics/utils.rs:87:9
kablam!    |
kablam! 87 |           pub struct $logic;
kablam!    |           ^^^^^^^^^^^^^^^^^^
kablam!    | 
kablam!   ::: src/logics/qf_aufbv.rs
kablam!    |
kablam! 18 |   define_logic!(QF_AUFBV,
kablam!    |  _- starting here...
kablam! 19 | |               QF_AUFBV_Fn,
kablam! 20 | |               QF_AUFBV_Sorts,
kablam! 21 | |               map { QF_AUFBV_Sorts::BV(_) => bitvec::OpCodes::FreeVar,
kablam! 22 | |                   QF_AUFBV_Sorts::ArrayEx(_) => array_ex::OpCodes::FreeVar
kablam! 23 | |               }
kablam! 24 | |               );
kablam!    | |________________- ...ending here: in this macro invocation
kablam! 
kablam! warning: type `QF_ABV_Sorts` should have a camel case name such as `QfAbvSorts`, #[warn(non_camel_case_types)] on by default
kablam!   --> src/logics/utils.rs:7:9
kablam!    |
kablam! 7  |            pub enum $logic {
kablam!    |  __________^ starting here...
kablam! 8  | |              $(
kablam! 9  | |                  $variant($sort),
kablam! 10 | |              )*
kablam! 11 | |          }
kablam!    | |__________^ ...ending here
kablam!    | 
kablam!   ::: src/logics/qf_abv.rs
kablam!    |
kablam! 6  |    define_sorts_for_logic!(QF_ABV_Sorts,
kablam!    |   _- starting here...
kablam! 7  |  |                         BV -> bitvec::Sorts,
kablam! 8  |  |                         Core -> core::Sorts,
kablam! 9  |  |                         ArrayEx -> array_ex::Sorts<QF_ABV_Sorts, QF_ABV_Sorts>
kablam! 10 |  |                         );
kablam!    |  |__________________________- ...ending here: in this macro invocation
kablam! 
kablam! warning: type `QF_ABV_Fn` should have a camel case name such as `QfAbvFn`, #[warn(non_camel_case_types)] on by default
kablam!   --> src/logics/utils.rs:38:9
kablam!    |
kablam! 38 |           pub enum $logic {
kablam!    |  _________^ starting here...
kablam! 39 | |             $(
kablam! 40 | |                 $variant($sort),
kablam! 41 | |             )*
kablam! 42 | |         }
kablam!    | |_________^ ...ending here
kablam!    | 
kablam!   ::: src/logics/qf_abv.rs
kablam!    |
kablam! 12 |   define_fns_for_logic!(QF_ABV_Fn,
kablam!    |  _- starting here...
kablam! 13 | |                       BVOps -> bitvec::OpCodes,
kablam! 14 | |                       CoreOps -> core::OpCodes,
kablam! 15 | |                       ArrayOps -> array_ex::OpCodes<QF_ABV_Sorts, QF_ABV_Sorts, QF_ABV_Fn>
kablam! 16 | |                       );
kablam!    | |________________________- ...ending here: in this macro invocation
kablam! 
kablam! warning: type `QF_ABV` should have a camel case name such as `QfAbv`, #[warn(non_camel_case_types)] on by default
kablam!   --> src/logics/utils.rs:87:9
kablam!    |
kablam! 87 |           pub struct $logic;
kablam!    |           ^^^^^^^^^^^^^^^^^^
kablam!    | 
kablam!   ::: src/logics/qf_abv.rs
kablam!    |
kablam! 18 |   define_logic!(QF_ABV,
kablam!    |  _- starting here...
kablam! 19 | |               QF_ABV_Fn,
kablam! 20 | |               QF_ABV_Sorts,
kablam! 21 | |               map { QF_ABV_Sorts::BV(_) => bitvec::OpCodes::FreeVar,
kablam! 22 | |               QF_ABV_Sorts::ArrayEx(_) => array_ex::OpCodes::FreeVar
kablam! 23 | |               }
kablam! 24 | |               );
kablam!    | |________________- ...ending here: in this macro invocation
kablam! 
kablam! warning: type `LIA_Sorts` should have a camel case name such as `LiaSorts`, #[warn(non_camel_case_types)] on by default
kablam!   --> src/logics/utils.rs:7:9
kablam!    |
kablam! 7  |            pub enum $logic {
kablam!    |   _________^ starting here...
kablam! 8  |  |             $(
kablam! 9  |  |                 $variant($sort),
kablam! 10 |  |             )*
kablam! 11 |  |         }
kablam!    |  |_________^ ...ending here
kablam!    | 
kablam!   ::: src/logics/lia.rs
kablam!    |
kablam! 10 |    define_sorts_for_logic!(LIA_Sorts,
kablam!    |  __- starting here...
kablam! 11 | |                    Int -> integer::Sorts,
kablam! 12 | |                    Core -> core::Sorts
kablam! 13 | |                   );
kablam!    | |____________________- ...ending here: in this macro invocation
kablam! 
kablam! warning: type `LIA_Fn` should have a camel case name such as `LiaFn`, #[warn(non_camel_case_types)] on by default
kablam!   --> src/logics/utils.rs:38:9
kablam!    |
kablam! 38 |           pub enum $logic {
kablam!    |  _________^ starting here...
kablam! 39 | |             $(
kablam! 40 | |                 $variant($sort),
kablam! 41 | |             )*
kablam! 42 | |         }
kablam!    | |_________^ ...ending here
kablam!    | 
kablam!   ::: src/logics/lia.rs
kablam!    |
kablam! 15 |   define_fns_for_logic!(LIA_Fn,
kablam!    |  _- starting here...
kablam! 16 | |                       IntOps -> integer::OpCodes,
kablam! 17 | |                       CoreOps -> core::OpCodes
kablam! 18 | |                      );
kablam!    | |_______________________- ...ending here: in this macro invocation
kablam! 
kablam! warning: unused result which must be used, #[warn(unused_must_use)] on by default
kablam!    --> src/backends/smtlib2.rs:207:9
kablam!     |
kablam! 207 |         smt_proc.write(format!("(set-logic {})\n", logic));
kablam!     |         ^^^^^^^^^^^^^^^^^^^^^^^^^^^^^^^^^^^^^^^^^^^^^^^^^^^
kablam! 
kablam! warning: unused result which must be used, #[warn(unused_must_use)] on by default
kablam!    --> src/backends/smtlib2.rs:241:13
kablam!     |
kablam! 241 |             smt_proc.write(w);
kablam!     |             ^^^^^^^^^^^^^^^^^^
kablam! 
kablam! warning: unused result which must be used, #[warn(unused_must_use)] on by default
kablam!    --> src/backends/smtlib2.rs:244:9
kablam!     |
kablam! 244 |         smt_proc.write("(check-sat)\n".to_owned());
kablam!     |         ^^^^^^^^^^^^^^^^^^^^^^^^^^^^^^^^^^^^^^^^^^^
kablam! 
kablam! warning: variable does not need to be mutable, #[warn(unused_mut)] on by default
kablam!    --> src/backends/smtlib2.rs:257:13
kablam!     |
kablam! 257 |         let mut result = HashMap::new();
kablam!     |             ^^^^^^^^^^
kablam! 
kablam! warning: unused result which must be used, #[warn(unused_must_use)] on by default
kablam!    --> src/backends/smtlib2.rs:262:17
kablam!     |
kablam! 262 |                 smt_proc.write("(get-model)\n".to_owned());
kablam!     |                 ^^^^^^^^^^^^^^^^^^^^^^^^^^^^^^^^^^^^^^^^^^^
kablam! 
kablam!     Finished debug [unoptimized + debuginfo] target(s) in 1.45 secs
boom! running `docker rm -f 8e92859a705e5a2456042482ac501a372c8018a30ccc6e0558ebca896079b448`
blam! 8e92859a705e5a2456042482ac501a372c8018a30ccc6e0558ebca896079b448
boom! running: cargo +stable test --frozen --no-run
boom! creating container for: cargo +stable test --frozen --no-run
boom! running `docker create -v /home/ec2-user/cargobomb/./work/local/test-source/nightly/stable:/source:ro -v /home/ec2-user/cargobomb/./work/local/cargo-home:/cargo-home:ro -v /home/ec2-user/cargobomb/./work/local/rustup-home:/rustup-home:ro -v /home/ec2-user/cargobomb/./work/local/target-dirs/nightly/stable:/target:rw -e USER_ID=500 -e CMD=cargo +stable test --frozen --no-run cargobomb`
blam! f7b147748bcab63bdfc09b800520992e145a6730d3d97c48a2bcd71730aab516
boom! running `docker start -a f7b147748bcab63bdfc09b800520992e145a6730d3d97c48a2bcd71730aab516`
kablam!    Compiling rustproof-libsmt v0.1.0 (file:///source)
kablam! error[E0463]: can't find crate for `libsmt`
kablam!   --> examples/bajr.rs:22:1
kablam!    |
kablam! 22 | extern crate libsmt;
kablam!    | ^^^^^^^^^^^^^^^^^^^^ can't find crate
kablam! 
kablam! error: aborting due to previous error
kablam! 
kablam! error[E0463]: can't find crate for `libsmt`
kablam!   --> examples/simple_example.rs:22:1
kablam!    |
kablam! 22 | extern crate libsmt;
blam! Build failed, waiting for other jobs to finish...
kablam!    | ^^^^^^^^^^^^^^^^^^^^ can't find crate
kablam! 
kablam! error: aborting due to previous error
kablam! 
blam! Build failed, waiting for other jobs to finish...
kablam! error[E0463]: can't find crate for `libsmt`
kablam!   --> examples/bitvec_x86_64.rs:19:1
kablam!    |
kablam! 19 | extern crate libsmt;
kablam!    | ^^^^^^^^^^^^^^^^^^^^ can't find crate
kablam! 
blam! Build failed, waiting for other jobs to finish...
kablam! error: aborting due to previous error
kablam! 
kablam! error[E0061]: this function takes 2 parameters but 1 parameter was supplied
kablam!   --> src/backends/z3.rs:70:35
kablam!    |
kablam! 70 |         let result = solver.solve(&mut z3).unwrap();
kablam!    |                                   ^^^^^^^ expected 2 parameters
kablam!    | 
kablam!   ::: src/backends/backend.rs
kablam!    |
kablam! 61 |     fn solve<S: SMTProc>(&mut self, &mut S, bool) -> (SMTResult<HashMap<Self::Idx, u64>>, SMTRes);
kablam!    |     ---------------------------------------------------------------------------------------------- defined here
kablam! 
kablam! error: no method named `unwrap` found for type `(std::result::Result<std::collections::HashMap<petgraph::graph::NodeIndex, u64>, backends::backend::SMTError>, backends::backend::SMTRes)` in the current scope
kablam!   --> src/backends/z3.rs:70:44
kablam!    |
kablam! 70 |         let result = solver.solve(&mut z3).unwrap();
kablam!    |                                            ^^^^^^
kablam! 
kablam! error[E0061]: this function takes 2 parameters but 1 parameter was supplied
kablam!   --> src/backends/z3.rs:86:35
kablam!    |
kablam! 86 |         let result = solver.solve(&mut z3).unwrap();
kablam!    |                                   ^^^^^^^ expected 2 parameters
kablam!    | 
kablam!   ::: src/backends/backend.rs
kablam!    |
kablam! 61 |     fn solve<S: SMTProc>(&mut self, &mut S, bool) -> (SMTResult<HashMap<Self::Idx, u64>>, SMTRes);
kablam!    |     ---------------------------------------------------------------------------------------------- defined here
kablam! 
kablam! error: no method named `unwrap` found for type `(std::result::Result<std::collections::HashMap<petgraph::graph::NodeIndex, u64>, backends::backend::SMTError>, backends::backend::SMTRes)` in the current scope
kablam!   --> src/backends/z3.rs:86:44
kablam!    |
kablam! 86 |         let result = solver.solve(&mut z3).unwrap();
kablam!    |                                            ^^^^^^
kablam! 
kablam! error[E0061]: this function takes 2 parameters but 1 parameter was supplied
kablam!   --> src/backends/z3.rs:99:35
kablam!    |
kablam! 99 |         let result = solver.solve(&mut z3).unwrap();
kablam!    |                                   ^^^^^^^ expected 2 parameters
kablam!    | 
kablam!   ::: src/backends/backend.rs
kablam!    |
kablam! 61 |     fn solve<S: SMTProc>(&mut self, &mut S, bool) -> (SMTResult<HashMap<Self::Idx, u64>>, SMTRes);
kablam!    |     ---------------------------------------------------------------------------------------------- defined here
kablam! 
kablam! error: no method named `unwrap` found for type `(std::result::Result<std::collections::HashMap<petgraph::graph::NodeIndex, u64>, backends::backend::SMTError>, backends::backend::SMTRes)` in the current scope
kablam!   --> src/backends/z3.rs:99:44
kablam!    |
kablam! 99 |         let result = solver.solve(&mut z3).unwrap();
kablam!    |                                            ^^^^^^
kablam! 
kablam! error: aborting due to 6 previous errors
kablam! 
kablam! error: Could not compile `rustproof-libsmt`.
kablam! 
kablam! To learn more, run the command again with --verbose.
boom! running `docker rm -f f7b147748bcab63bdfc09b800520992e145a6730d3d97c48a2bcd71730aab516`
blam! f7b147748bcab63bdfc09b800520992e145a6730d3d97c48a2bcd71730aab516
boom! running: cargo +stable test --frozen
boom! creating container for: cargo +stable test --frozen
boom! running `docker create -v /home/ec2-user/cargobomb/./work/local/test-source/nightly/stable:/source:ro -v /home/ec2-user/cargobomb/./work/local/cargo-home:/cargo-home:ro -v /home/ec2-user/cargobomb/./work/local/rustup-home:/rustup-home:ro -v /home/ec2-user/cargobomb/./work/local/target-dirs/nightly/stable:/target:rw -e USER_ID=500 -e CMD=cargo +stable test --frozen cargobomb`
blam! c852ee9ec235277e6aa6b89a0b0b533ba5e98d02872a237fa1bd71c23dbe2b3d
boom! running `docker start -a c852ee9ec235277e6aa6b89a0b0b533ba5e98d02872a237fa1bd71c23dbe2b3d`
kablam!    Compiling rustproof-libsmt v0.1.0 (file:///source)
kablam! error[E0463]: can't find crate for `libsmt`
kablam!   --> examples/simple_example.rs:22:1
kablam!    |
kablam! 22 | extern crate libsmt;
kablam!    | ^^^^^^^^^^^^^^^^^^^^ can't find crate
kablam! 
kablam! error: aborting due to previous error
kablam! 
blam! Build failed, waiting for other jobs to finish...
kablam! error[E0463]: can't find crate for `libsmt`
kablam!   --> examples/bitvec_x86_64.rs:19:1
kablam!    |
kablam! 19 | extern crate libsmt;
kablam!    | ^^^^^^^^^^^^^^^^^^^^ can't find crate
kablam! 
kablam! error: aborting due to previous error
kablam! 
kablam! error[E0463]: can't find crate for `libsmt`
kablam!   --> examples/bajr.rs:22:1
kablam!    |
kablam! 22 | extern crate libsmt;
kablam!    | ^^^^^^^^^^^^^^^^^^^^ can't find crate
kablam! 
kablam! error: aborting due to previous error
kablam! 
blam! Build failed, waiting for other jobs to finish...
blam! Build failed, waiting for other jobs to finish...
kablam! error[E0061]: this function takes 2 parameters but 1 parameter was supplied
kablam!   --> src/backends/z3.rs:70:35
kablam!    |
kablam! 70 |         let result = solver.solve(&mut z3).unwrap();
kablam!    |                                   ^^^^^^^ expected 2 parameters
kablam!    | 
kablam!   ::: src/backends/backend.rs
kablam!    |
kablam! 61 |     fn solve<S: SMTProc>(&mut self, &mut S, bool) -> (SMTResult<HashMap<Self::Idx, u64>>, SMTRes);
kablam!    |     ---------------------------------------------------------------------------------------------- defined here
kablam! 
kablam! error: no method named `unwrap` found for type `(std::result::Result<std::collections::HashMap<petgraph::graph::NodeIndex, u64>, backends::backend::SMTError>, backends::backend::SMTRes)` in the current scope
kablam!   --> src/backends/z3.rs:70:44
kablam!    |
kablam! 70 |         let result = solver.solve(&mut z3).unwrap();
kablam!    |                                            ^^^^^^
kablam! 
kablam! error[E0061]: this function takes 2 parameters but 1 parameter was supplied
kablam!   --> src/backends/z3.rs:86:35
kablam!    |
kablam! 86 |         let result = solver.solve(&mut z3).unwrap();
kablam!    |                                   ^^^^^^^ expected 2 parameters
kablam!    | 
kablam!   ::: src/backends/backend.rs
kablam!    |
kablam! 61 |     fn solve<S: SMTProc>(&mut self, &mut S, bool) -> (SMTResult<HashMap<Self::Idx, u64>>, SMTRes);
kablam!    |     ---------------------------------------------------------------------------------------------- defined here
kablam! 
kablam! error: no method named `unwrap` found for type `(std::result::Result<std::collections::HashMap<petgraph::graph::NodeIndex, u64>, backends::backend::SMTError>, backends::backend::SMTRes)` in the current scope
kablam!   --> src/backends/z3.rs:86:44
kablam!    |
kablam! 86 |         let result = solver.solve(&mut z3).unwrap();
kablam!    |                                            ^^^^^^
kablam! 
kablam! error[E0061]: this function takes 2 parameters but 1 parameter was supplied
kablam!   --> src/backends/z3.rs:99:35
kablam!    |
kablam! 99 |         let result = solver.solve(&mut z3).unwrap();
kablam!    |                                   ^^^^^^^ expected 2 parameters
kablam!    | 
kablam!   ::: src/backends/backend.rs
kablam!    |
kablam! 61 |     fn solve<S: SMTProc>(&mut self, &mut S, bool) -> (SMTResult<HashMap<Self::Idx, u64>>, SMTRes);
kablam!    |     ---------------------------------------------------------------------------------------------- defined here
kablam! 
kablam! error: no method named `unwrap` found for type `(std::result::Result<std::collections::HashMap<petgraph::graph::NodeIndex, u64>, backends::backend::SMTError>, backends::backend::SMTRes)` in the current scope
kablam!   --> src/backends/z3.rs:99:44
kablam!    |
kablam! 99 |         let result = solver.solve(&mut z3).unwrap();
kablam!    |                                            ^^^^^^
kablam! 
kablam! error: aborting due to 6 previous errors
kablam! 
kablam! error: Could not compile `rustproof-libsmt`.
kablam! 
kablam! To learn more, run the command again with --verbose.
boom! running `docker rm -f c852ee9ec235277e6aa6b89a0b0b533ba5e98d02872a237fa1bd71c23dbe2b3d`
blam! c852ee9ec235277e6aa6b89a0b0b533ba5e98d02872a237fa1bd71c23dbe2b3d
