boom! testing schemamama_postgres-0.2.0 against beta for beta
boom! running: cargo +beta build --frozen
boom! creating container for: cargo +beta build --frozen
boom! running `docker create -v /home/ec2-user/cargobomb/./work/local/test-source/beta/beta:/source:ro -v /home/ec2-user/cargobomb/./work/local/cargo-home:/cargo-home:ro -v /home/ec2-user/cargobomb/./work/local/rustup-home:/rustup-home:ro -v /home/ec2-user/cargobomb/./work/local/target-dirs/beta/beta:/target:rw -e USER_ID=500 -e CMD=cargo +beta build --frozen cargobomb`
blam! 8d192747c4ceff0db884bd3277338b164852c26fa314206ce315effc7026da7f
boom! running `docker start -a 8d192747c4ceff0db884bd3277338b164852c26fa314206ce315effc7026da7f`
kablam!    Compiling schemamama v0.2.0
kablam!    Compiling schemamama_postgres v0.2.0 (file:///source)
kablam!     Finished dev [unoptimized + debuginfo] target(s) in 1.80 secs
boom! running `docker rm -f 8d192747c4ceff0db884bd3277338b164852c26fa314206ce315effc7026da7f`
blam! 8d192747c4ceff0db884bd3277338b164852c26fa314206ce315effc7026da7f
boom! running: cargo +beta test --frozen --no-run
boom! creating container for: cargo +beta test --frozen --no-run
boom! running `docker create -v /home/ec2-user/cargobomb/./work/local/test-source/beta/beta:/source:ro -v /home/ec2-user/cargobomb/./work/local/cargo-home:/cargo-home:ro -v /home/ec2-user/cargobomb/./work/local/rustup-home:/rustup-home:ro -v /home/ec2-user/cargobomb/./work/local/target-dirs/beta/beta:/target:rw -e USER_ID=500 -e CMD=cargo +beta test --frozen --no-run cargobomb`
blam! 722d5821dfd6ee5e7b221ea36ba97e4a45f136165a426223aa5ce432961b8a7d
boom! running `docker start -a 722d5821dfd6ee5e7b221ea36ba97e4a45f136165a426223aa5ce432961b8a7d`
kablam!    Compiling schemamama_postgres v0.2.0 (file:///source)
kablam!     Finished dev [unoptimized + debuginfo] target(s) in 2.99 secs
boom! running `docker rm -f 722d5821dfd6ee5e7b221ea36ba97e4a45f136165a426223aa5ce432961b8a7d`
blam! 722d5821dfd6ee5e7b221ea36ba97e4a45f136165a426223aa5ce432961b8a7d
boom! running: cargo +beta test --frozen
boom! creating container for: cargo +beta test --frozen
boom! running `docker create -v /home/ec2-user/cargobomb/./work/local/test-source/beta/beta:/source:ro -v /home/ec2-user/cargobomb/./work/local/cargo-home:/cargo-home:ro -v /home/ec2-user/cargobomb/./work/local/rustup-home:/rustup-home:ro -v /home/ec2-user/cargobomb/./work/local/target-dirs/beta/beta:/target:rw -e USER_ID=500 -e CMD=cargo +beta test --frozen cargobomb`
blam! 11b269b7d780ad7c58a7277a85a998196956fe54a18b326b05e198967604a34c
boom! running `docker start -a 11b269b7d780ad7c58a7277a85a998196956fe54a18b326b05e198967604a34c`
kablam!     Finished dev [unoptimized + debuginfo] target(s) in 0.0 secs
kablam!      Running /target/debug/deps/schemamama_postgres-2234eba9997f16ad
blam! 
blam! running 0 tests
blam! 
blam! test result: ok. 0 passed; 0 failed; 0 ignored; 0 measured
blam! 
kablam!      Running /target/debug/deps/tests-1dfb0d30bb7df0bb
blam! 
blam! running 3 tests
blam! test test_setup ... FAILED
blam! test test_migration_count ... FAILED
blam! test test_migration_up_and_down ... FAILED
blam! 
blam! failures:
blam! 
blam! ---- test_setup stdout ----
blam! 	thread 'test_setup' panicked at 'called `Result::unwrap()` on an `Err` value: Io(Error { repr: Os { code: 111, message: "Connection refused" } })', /buildslave/rust-buildbot/slave/beta-dist-rustc-linux/build/src/libcore/result.rs:868
blam! note: Run with `RUST_BACKTRACE=1` for a backtrace.
blam! 
blam! ---- test_migration_count stdout ----
blam! 	thread 'test_migration_count' panicked at 'called `Result::unwrap()` on an `Err` value: Io(Error { repr: Os { code: 111, message: "Connection refused" } })', /buildslave/rust-buildbot/slave/beta-dist-rustc-linux/build/src/libcore/result.rs:868
blam! 
blam! ---- test_migration_up_and_down stdout ----
blam! 	thread 'test_migration_up_and_down' panicked at 'called `Result::unwrap()` on an `Err` value: Io(Error { repr: Os { code: 111, message: "Connection refused" } })', /buildslave/rust-buildbot/slave/beta-dist-rustc-linux/build/src/libcore/result.rs:868
blam! 
blam! 
blam! failures:
kablam! error: test failed
blam!     test_migration_count
blam!     test_migration_up_and_down
blam!     test_setup
blam! 
blam! test result: FAILED. 0 passed; 3 failed; 0 ignored; 0 measured
blam! 
boom! running `docker rm -f 11b269b7d780ad7c58a7277a85a998196956fe54a18b326b05e198967604a34c`
blam! 11b269b7d780ad7c58a7277a85a998196956fe54a18b326b05e198967604a34c
