boom! testing plugger-core-0.1.3 against nightly for nightly
boom! running: cargo +nightly build --frozen
boom! creating container for: cargo +nightly build --frozen
boom! running `docker create -v /home/ec2-user/cargobomb/./work/local/test-source/nightly/nightly:/source:ro -v /home/ec2-user/cargobomb/./work/local/cargo-home:/cargo-home:ro -v /home/ec2-user/cargobomb/./work/local/rustup-home:/rustup-home:ro -v /home/ec2-user/cargobomb/./work/local/target-dirs/nightly/nightly:/target:rw -e USER_ID=500 -e CMD=cargo +nightly build --frozen cargobomb`
blam! c2089d02afa74d7d1a9dd53d8ee24812415beef64df5123c95d16a709e94f30f
boom! running `docker start -a c2089d02afa74d7d1a9dd53d8ee24812415beef64df5123c95d16a709e94f30f`
kablam!    Compiling plugger-macros v0.1.3
kablam!    Compiling plugger-types v0.1.3
kablam! error[E0432]: unresolved import `syntax::parse::token::intern`
kablam!   --> /cargo-home/registry/src/github.com-1ecc6299db9ec823/plugger-macros-0.1.3/src/lib.rs:18:5
kablam!    |
kablam! 18 | use syntax::parse::token::intern;
kablam!    |     ^^^^^^^^^^^^^^^^^^^^^^^^^^^^ no `intern` in `parse::token`
kablam! 
kablam! error[E0432]: unresolved import `syntax::parse::token::intern`
kablam!    --> /cargo-home/registry/src/github.com-1ecc6299db9ec823/plugger-macros-0.1.3/src/lib.rs:216:32
kablam!     |
kablam! 216 |     use syntax::parse::token::{intern, InternedString};
kablam!     |                                ^^^^^^ no `intern` in `parse::token`
kablam! 
kablam! error[E0432]: unresolved import `syntax::parse::token::InternedString`
kablam!    --> /cargo-home/registry/src/github.com-1ecc6299db9ec823/plugger-macros-0.1.3/src/lib.rs:216:40
kablam!     |
kablam! 216 |     use syntax::parse::token::{intern, InternedString};
kablam!     |                                        ^^^^^^^^^^^^^^ no `InternedString` in `parse::token`
kablam! 
kablam! error: no field `node` on type `&syntax::ast::Attribute`
kablam!   --> /cargo-home/registry/src/github.com-1ecc6299db9ec823/plugger-macros-0.1.3/src/lib.rs:26:34
kablam!    |
kablam! 26 |     attrs.iter().any(|attr| attr.node.value.node == ast::MetaItemKind::Word(intern("plug").as_str()))
kablam!    |                                  ^^^^
kablam! 
kablam! error: `ast::MetaItemKind::Word` is being called, but it is not a function
kablam!   --> /cargo-home/registry/src/github.com-1ecc6299db9ec823/plugger-macros-0.1.3/src/lib.rs:26:53
kablam!    |
kablam! 26 |     attrs.iter().any(|attr| attr.node.value.node == ast::MetaItemKind::Word(intern("plug").as_str()))
kablam!    |                                                     ^^^^^^^^^^^^^^^^^^^^^^^^^^^^^^^^^^^^^^^^^^^^^^^^
kablam!    |
kablam!    = help: did you mean to write `ast::MetaItemKind::Word`?
kablam! 
kablam! error: no associated item named `none` found for type `syntax::ast::PathParameters` in the current scope
kablam!   --> /cargo-home/registry/src/github.com-1ecc6299db9ec823/plugger-macros-0.1.3/src/lib.rs:58:33
kablam!    |
kablam! 58 |                     parameters: ast::PathParameters::none(),
kablam!    |                                 ^^^^^^^^^^^^^^^^^^^^^^^^^
kablam! 
kablam! error[E0308]: mismatched types
kablam!   --> /cargo-home/registry/src/github.com-1ecc6299db9ec823/plugger-macros-0.1.3/src/lib.rs:62:58
kablam!    |
kablam! 62 |                 let method_name = ecx.expr_str(DUMMY_SP, impl_item.ident.name.as_str());
kablam!    |                                                          ^^^^^^^^^^^^^^^^^^^^^^^^^^^^^ expected struct `syntax::ast::Symbol`, found struct `syntax::symbol::InternedString`
kablam!    |
kablam!    = note: expected type `syntax::ast::Symbol`
kablam!               found type `syntax::symbol::InternedString`
kablam! 
kablam! error: no associated item named `None` found for type `syntax::ast::FunctionRetTy` in the current scope
kablam!   --> /cargo-home/registry/src/github.com-1ecc6299db9ec823/plugger-macros-0.1.3/src/lib.rs:67:21
kablam!    |
kablam! 67 |                     ast::FunctionRetTy::None(..) |
kablam!    |                     ^^^^^^^^^^^^^^^^^^^^^^^^^^^^
kablam! 
kablam! error[E0308]: mismatched types
kablam!   --> /cargo-home/registry/src/github.com-1ecc6299db9ec823/plugger-macros-0.1.3/src/lib.rs:84:48
kablam!    |
kablam! 84 |                         ecx.expr_str(DUMMY_SP, spanned_ident.node.name.as_str())
kablam!    |                                                ^^^^^^^^^^^^^^^^^^^^^^^^^^^^^^^^ expected struct `syntax::ast::Symbol`, found struct `syntax::symbol::InternedString`
kablam!    |
kablam!    = note: expected type `syntax::ast::Symbol`
kablam!               found type `syntax::symbol::InternedString`
kablam! 
kablam! error: the type of this value must be known in this context
kablam!    --> /cargo-home/registry/src/github.com-1ecc6299db9ec823/plugger-macros-0.1.3/src/lib.rs:131:50
kablam!     |
kablam! 131 |                 fn name(&self) -> &'static str { $ty_name }
kablam!     |                                                  ^^^^^^^^
kablam! 
kablam! error: aborting due to 7 previous errors
kablam! 
kablam! error: Could not compile `plugger-macros`.
kablam! 
kablam! To learn more, run the command again with --verbose.
boom! running `docker rm -f c2089d02afa74d7d1a9dd53d8ee24812415beef64df5123c95d16a709e94f30f`
blam! c2089d02afa74d7d1a9dd53d8ee24812415beef64df5123c95d16a709e94f30f
