boom! testing winutil-0.1.0 against beta for beta
boom! running: cargo +beta build --frozen
boom! creating container for: cargo +beta build --frozen
boom! running `docker create -v /home/ec2-user/cargobomb/./work/local/test-source/beta/beta:/source:ro -v /home/ec2-user/cargobomb/./work/local/cargo-home:/cargo-home:ro -v /home/ec2-user/cargobomb/./work/local/rustup-home:/rustup-home:ro -v /home/ec2-user/cargobomb/./work/local/target-dirs/beta/beta:/target:rw -e USER_ID=500 -e CMD=cargo +beta build --frozen cargobomb`
blam! 614c823f7e5aba0652749e4766e40527cea28cb63e0623717ab52a56b22a0c49
boom! running `docker start -a 614c823f7e5aba0652749e4766e40527cea28cb63e0623717ab52a56b22a0c49`
kablam!    Compiling winutil v0.1.0 (file:///source)
kablam! error[E0425]: cannot find function `IsWow64Process` in module `kernel32`
kablam!   --> src/lib.rs:52:15
kablam!    |
kablam! 52 |         match kernel32::IsWow64Process(kernel32::GetCurrentProcess(), is_wow_ptr) {
kablam!    |               ^^^^^^^^^^^^^^^^^^^^^^^^ not found in `kernel32`
kablam! 
kablam! error[E0425]: cannot find function `GetCurrentProcess` in module `kernel32`
kablam!   --> src/lib.rs:52:40
kablam!    |
kablam! 52 |         match kernel32::IsWow64Process(kernel32::GetCurrentProcess(), is_wow_ptr) {
kablam!    |                                        ^^^^^^^^^^^^^^^^^^^^^^^^^^^ not found in `kernel32`
kablam! 
kablam! error[E0412]: cannot find type `CHAR` in module `winapi`
kablam!   --> src/lib.rs:70:25
kablam!    |
kablam! 70 |     let mut buf = [0 as winapi::CHAR; MAX_COMPUTERNAME_LENGTH + 1];
kablam!    |                         ^^^^^^^^^^^^ not found in `winapi`
kablam! 
kablam! error[E0425]: cannot find function `GetComputerNameA` in module `kernel32`
kablam!   --> src/lib.rs:74:12
kablam!    |
kablam! 74 |         if kernel32::GetComputerNameA(buf.as_mut_ptr(), &mut len) == 0 {
kablam!    |            ^^^^^^^^^^^^^^^^^^^^^^^^^^ not found in `kernel32`
kablam! 
kablam! error[E0412]: cannot find type `CHAR` in module `winapi`
kablam!   --> src/lib.rs:95:25
kablam!    |
kablam! 95 |     let mut buf = [0 as winapi::CHAR; UNLEN + 1];
kablam!    |                         ^^^^^^^^^^^^ not found in `winapi`
kablam! 
kablam! error[E0425]: cannot find function `GetUserNameA` in module `advapi32`
kablam!   --> src/lib.rs:99:12
kablam!    |
kablam! 99 |         if advapi32::GetUserNameA(buf.as_mut_ptr(), &mut len) == 0 {
kablam!    |            ^^^^^^^^^^^^^^^^^^^^^^ not found in `advapi32`
kablam! 
kablam! error: aborting due to 6 previous errors
kablam! 
kablam! error: Could not compile `winutil`.
kablam! 
kablam! To learn more, run the command again with --verbose.
boom! running `docker rm -f 614c823f7e5aba0652749e4766e40527cea28cb63e0623717ab52a56b22a0c49`
blam! 614c823f7e5aba0652749e4766e40527cea28cb63e0623717ab52a56b22a0c49
