boom! testing umux-1.0.0 against stable for nightly
boom! running: cargo +stable build --frozen
boom! creating container for: cargo +stable build --frozen
boom! running `docker create -v /home/ec2-user/cargobomb/./work/local/test-source/nightly/stable:/source:ro -v /home/ec2-user/cargobomb/./work/local/cargo-home:/cargo-home:ro -v /home/ec2-user/cargobomb/./work/local/rustup-home:/rustup-home:ro -v /home/ec2-user/cargobomb/./work/local/target-dirs/nightly/stable:/target:rw -e USER_ID=500 -e CMD=cargo +stable build --frozen cargobomb`
blam! 3418abdbced06a25218aab34228e2c532d90d788af028542d59b14cfef3bd37e
boom! running `docker start -a 3418abdbced06a25218aab34228e2c532d90d788af028542d59b14cfef3bd37e`
kablam!    Compiling ncurses v5.85.0
kablam!    Compiling clippy_lints v0.0.95
kablam! error: failed to run custom build command for `ncurses v5.85.0`
kablam! process didn't exit successfully: `/target/debug/build/ncurses-35f9ffa7ff1eeb80/build-script-build` (exit code: 101)
kablam! --- stdout
kablam! OPT_LEVEL = Some("0")
kablam! TARGET = Some("x86_64-unknown-linux-gnu")
kablam! HOST = Some("x86_64-unknown-linux-gnu")
kablam! TARGET = Some("x86_64-unknown-linux-gnu")
kablam! TARGET = Some("x86_64-unknown-linux-gnu")
kablam! HOST = Some("x86_64-unknown-linux-gnu")
kablam! CC_x86_64-unknown-linux-gnu = None
kablam! CC_x86_64_unknown_linux_gnu = None
kablam! HOST_CC = None
kablam! CC = None
kablam! HOST = Some("x86_64-unknown-linux-gnu")
kablam! TARGET = Some("x86_64-unknown-linux-gnu")
kablam! HOST = Some("x86_64-unknown-linux-gnu")
kablam! CFLAGS_x86_64-unknown-linux-gnu = None
kablam! CFLAGS_x86_64_unknown_linux_gnu = None
kablam! HOST_CFLAGS = None
kablam! CFLAGS = None
kablam! PROFILE = Some("debug")
kablam! 
kablam! --- stderr
kablam! /target/debug/build/ncurses-b821ee5513798319/out/chtype_size.c:6:21: fatal error: ncurses.h: No such file or directory
kablam! compilation terminated.
kablam! thread 'main' panicked at '/target/debug/build/ncurses-b821ee5513798319/out/chtype_size failed: Error { repr: Os { code: 2, message: "No such file or directory" } }', /buildslave/rust-buildbot/slave/stable-dist-rustc-linux/build/src/libcore/result.rs:868
kablam! note: Run with `RUST_BACKTRACE=1` for a backtrace.
kablam! 
blam! Build failed, waiting for other jobs to finish...
kablam! error[E0432]: unresolved import `syntax::parse::token::InternedString`
kablam!  --> /cargo-home/registry/src/github.com-1ecc6299db9ec823/clippy_lints-0.0.95/src/utils/internal_lints.rs:5:5
kablam!   |
kablam! 5 | use syntax::parse::token::InternedString;
kablam!   |     ^^^^^^^^^^^^^^^^^^^^^^^^^^^^^^^^^^^^ no `InternedString` in `parse::token`
kablam! 
kablam! error[E0432]: unresolved import `rustc_const_eval::eval_const_expr_partial`
kablam!  --> /cargo-home/registry/src/github.com-1ecc6299db9ec823/clippy_lints-0.0.95/src/array_indexing.rs:5:5
kablam!   |
kablam! 5 | use rustc_const_eval::eval_const_expr_partial;
kablam!   |     ^^^^^^^^^^^^^^^^^^^^^^^^^^^^^^^^^^^^^^^^^ no `eval_const_expr_partial` in the root
kablam! 
kablam! error[E0432]: unresolved import `syntax::parse::token::InternedString`
kablam!  --> /cargo-home/registry/src/github.com-1ecc6299db9ec823/clippy_lints-0.0.95/src/copies.rs:6:5
kablam!   |
kablam! 6 | use syntax::parse::token::InternedString;
kablam!   |     ^^^^^^^^^^^^^^^^^^^^^^^^^^^^^^^^^^^^ no `InternedString` in `parse::token`
kablam! 
kablam! error[E0432]: unresolved import `syntax::parse::token::InternedString`
kablam!  --> /cargo-home/registry/src/github.com-1ecc6299db9ec823/clippy_lints-0.0.95/src/enum_variants.rs:6:5
kablam!   |
kablam! 6 | use syntax::parse::token::InternedString;
kablam!   |     ^^^^^^^^^^^^^^^^^^^^^^^^^^^^^^^^^^^^ no `InternedString` in `parse::token`
kablam! 
kablam! error[E0432]: unresolved import `rustc::ty::adjustment::AutoAdjustment`
kablam!  --> /cargo-home/registry/src/github.com-1ecc6299db9ec823/clippy_lints-0.0.95/src/escape.rs:8:5
kablam!   |
kablam! 8 | use rustc::ty::adjustment::AutoAdjustment;
kablam!   |     ^^^^^^^^^^^^^^^^^^^^^^^^^^^^^^^^^^^^^ no `AutoAdjustment` in `ty::adjustment`. Did you mean to use `Adjustment`?
kablam! 
kablam! error[E0432]: unresolved import `rustc::ty::ImplOrTraitItem`
kablam!  --> /cargo-home/registry/src/github.com-1ecc6299db9ec823/clippy_lints-0.0.95/src/len_zero.rs:3:23
kablam!   |
kablam! 3 | use rustc::ty::{self, ImplOrTraitItem};
kablam!   |                       ^^^^^^^^^^^^^^^ no `ImplOrTraitItem` in `ty`
kablam! 
kablam! error[E0432]: unresolved import `rustc_const_eval::eval_const_expr_partial`
kablam!   --> /cargo-home/registry/src/github.com-1ecc6299db9ec823/clippy_lints-0.0.95/src/loops.rs:12:5
kablam!    |
kablam! 12 | use rustc_const_eval::eval_const_expr_partial;
kablam!    |     ^^^^^^^^^^^^^^^^^^^^^^^^^^^^^^^^^^^^^^^^^ no `eval_const_expr_partial` in the root
kablam! 
kablam! error[E0432]: unresolved import `rustc_const_eval::eval_const_expr_partial`
kablam!  --> /cargo-home/registry/src/github.com-1ecc6299db9ec823/clippy_lints-0.0.95/src/matches.rs:6:5
kablam!   |
kablam! 6 | use rustc_const_eval::eval_const_expr_partial;
kablam!   |     ^^^^^^^^^^^^^^^^^^^^^^^^^^^^^^^^^^^^^^^^^ no `eval_const_expr_partial` in the root
kablam! 
kablam! error[E0432]: unresolved import `rustc::middle::const_qualif::ConstQualif`
kablam!  --> /cargo-home/registry/src/github.com-1ecc6299db9ec823/clippy_lints-0.0.95/src/methods.rs:4:5
kablam!   |
kablam! 4 | use rustc::middle::const_qualif::ConstQualif;
kablam!   |     ^^^^^^^^^^^^^^^^^^^^^^^^^^^^^^^^^^^^^^^^ Could not find `const_qualif` in `middle`
kablam! 
kablam! error[E0432]: unresolved import `rustc_const_eval::eval_const_expr_partial`
kablam!  --> /cargo-home/registry/src/github.com-1ecc6299db9ec823/clippy_lints-0.0.95/src/methods.rs:7:5
kablam!   |
kablam! 7 | use rustc_const_eval::eval_const_expr_partial;
kablam!   |     ^^^^^^^^^^^^^^^^^^^^^^^^^^^^^^^^^^^^^^^^^ no `eval_const_expr_partial` in the root
kablam! 
kablam! error[E0432]: unresolved import `rustc_const_eval::eval_const_expr_partial`
kablam!  --> /cargo-home/registry/src/github.com-1ecc6299db9ec823/clippy_lints-0.0.95/src/misc.rs:8:5
kablam!   |
kablam! 8 | use rustc_const_eval::eval_const_expr_partial;
kablam!   |     ^^^^^^^^^^^^^^^^^^^^^^^^^^^^^^^^^^^^^^^^^ no `eval_const_expr_partial` in the root
kablam! 
kablam! error[E0432]: unresolved import `rustc::ty::adjustment::AutoAdjustment::AdjustDerefRef`
kablam!  --> /cargo-home/registry/src/github.com-1ecc6299db9ec823/clippy_lints-0.0.95/src/needless_borrow.rs:9:5
kablam!   |
kablam! 9 | use rustc::ty::adjustment::AutoAdjustment::AdjustDerefRef;
kablam!   |     ^^^^^^^^^^^^^^^^^^^^^^^^^^^^^^^^^^^^^^^^^^^^^^^^^^^^^ Could not find `AutoAdjustment` in `adjustment`
kablam! 
kablam! error[E0432]: unresolved import `syntax::parse::token::InternedString`
kablam!  --> /cargo-home/registry/src/github.com-1ecc6299db9ec823/clippy_lints-0.0.95/src/non_expressive_names.rs:3:5
kablam!   |
kablam! 3 | use syntax::parse::token::InternedString;
kablam!   |     ^^^^^^^^^^^^^^^^^^^^^^^^^^^^^^^^^^^^ no `InternedString` in `parse::token`
kablam! 
kablam! error[E0432]: unresolved import `rustc_const_eval::eval_const_expr_partial`
kablam!  --> /cargo-home/registry/src/github.com-1ecc6299db9ec823/clippy_lints-0.0.95/src/regex.rs:6:5
kablam!   |
kablam! 6 | use rustc_const_eval::eval_const_expr_partial;
kablam!   |     ^^^^^^^^^^^^^^^^^^^^^^^^^^^^^^^^^^^^^^^^^ no `eval_const_expr_partial` in the root
kablam! 
kablam! error[E0432]: unresolved import `syntax::parse::token::InternedString`
kablam!   --> /cargo-home/registry/src/github.com-1ecc6299db9ec823/clippy_lints-0.0.95/src/regex.rs:11:5
kablam!    |
kablam! 11 | use syntax::parse::token::InternedString;
kablam!    |     ^^^^^^^^^^^^^^^^^^^^^^^^^^^^^^^^^^^^ no `InternedString` in `parse::token`
kablam! 
kablam! error[E0432]: unresolved import `rustc_const_eval::eval_const_expr_partial`
kablam!    --> /cargo-home/registry/src/github.com-1ecc6299db9ec823/clippy_lints-0.0.95/src/types.rs:985:9
kablam!     |
kablam! 985 |     use rustc_const_eval::eval_const_expr_partial;
kablam!     |         ^^^^^^^^^^^^^^^^^^^^^^^^^^^^^^^^^^^^^^^^^ no `eval_const_expr_partial` in the root
kablam! 
kablam! error[E0432]: unresolved import `syntax::parse::token::InternedString`
kablam!  --> /cargo-home/registry/src/github.com-1ecc6299db9ec823/clippy_lints-0.0.95/src/unsafe_removed_from_name.rs:5:5
kablam!   |
kablam! 5 | use syntax::parse::token::InternedString;
kablam!   |     ^^^^^^^^^^^^^^^^^^^^^^^^^^^^^^^^^^^^ no `InternedString` in `parse::token`
kablam! 
kablam! error[E0432]: unresolved import `syntax::parse::token::InternedString`
kablam!  --> /cargo-home/registry/src/github.com-1ecc6299db9ec823/clippy_lints-0.0.95/src/unused_label.rs:7:5
kablam!   |
kablam! 7 | use syntax::parse::token::InternedString;
kablam!   |     ^^^^^^^^^^^^^^^^^^^^^^^^^^^^^^^^^^^^ no `InternedString` in `parse::token`
kablam! 
kablam! error[E0432]: unresolved import `rustc_const_eval::eval_const_expr_partial`
kablam!  --> /cargo-home/registry/src/github.com-1ecc6299db9ec823/clippy_lints-0.0.95/src/vec.rs:5:5
kablam!   |
kablam! 5 | use rustc_const_eval::eval_const_expr_partial;
kablam!   |     ^^^^^^^^^^^^^^^^^^^^^^^^^^^^^^^^^^^^^^^^^ no `eval_const_expr_partial` in the root
kablam! 
kablam! error[E0412]: cannot find type `InternedString` in module `token`
kablam!   --> /cargo-home/registry/src/github.com-1ecc6299db9ec823/clippy_lints-0.0.95/src/utils/conf.rs:12:82
kablam!    |
kablam! 12 | pub fn file(args: &[codemap::Spanned<ast::NestedMetaItemKind>]) -> Result<Option<token::InternedString>, (&'static str, codemap::Span)> {
kablam!    |                                                                                  ^^^^^^^^^^^^^^^^^^^^^ not found in `token`
kablam!    |
kablam!    = help: possible candidate is found in another module, you can import it into scope:
kablam!              `use syntax::symbol::InternedString;`
kablam! 
kablam! error[E0532]: expected tuple struct/variant, found unit variant `ast::MetaItemKind::Word`
kablam!   --> /cargo-home/registry/src/github.com-1ecc6299db9ec823/clippy_lints-0.0.95/src/utils/conf.rs:15:13
kablam!    |
kablam! 15 |             ast::MetaItemKind::Word(ref name) |
kablam!    |             ^^^^^^^^^^^^^^^^^^^^^^^ not a tuple struct/variant
kablam! 
kablam! error[E0412]: cannot find type `QSelf` in this scope
kablam!    --> /cargo-home/registry/src/github.com-1ecc6299db9ec823/clippy_lints-0.0.95/src/utils/hir.rs:209:31
kablam!     |
kablam! 209 |     fn eq_qself(&self, left: &QSelf, right: &QSelf) -> bool {
kablam!     |                               ^^^^^ did you mean `Self`?
kablam!     |
kablam!     = help: possible candidate is found in another module, you can import it into scope:
kablam!               `use syntax::ast::QSelf;`
kablam! 
kablam! error[E0412]: cannot find type `QSelf` in this scope
kablam!    --> /cargo-home/registry/src/github.com-1ecc6299db9ec823/clippy_lints-0.0.95/src/utils/hir.rs:209:46
kablam!     |
kablam! 209 |     fn eq_qself(&self, left: &QSelf, right: &QSelf) -> bool {
kablam!     |                                              ^^^^^ did you mean `Self`?
kablam!     |
kablam!     = help: possible candidate is found in another module, you can import it into scope:
kablam!               `use syntax::ast::QSelf;`
kablam! 
kablam! error[E0412]: cannot find type `InternedString` in module `token`
kablam!    --> /cargo-home/registry/src/github.com-1ecc6299db9ec823/clippy_lints-0.0.95/src/utils/mod.rs:133:20
kablam!     |
kablam! 133 |         names: Vec<token::InternedString>,
kablam!     |                    ^^^^^^^^^^^^^^^^^^^^^ not found in `token`
kablam!     |
kablam!     = help: possible candidate is found in another module, you can import it into scope:
kablam!               `use syntax::symbol::InternedString;`
kablam! 
kablam! error[E0425]: cannot find function `intern` in module `token`
kablam!    --> /cargo-home/registry/src/github.com-1ecc6299db9ec823/clippy_lints-0.0.95/src/utils/mod.rs:143:29
kablam!     |
kablam! 143 |             self.names.push(token::intern(text).as_str());
kablam!     |                             ^^^^^^^^^^^^^ not found in `token`
kablam! 
kablam! error[E0531]: cannot find tuple struct/variant `MethodTraitItem` in this scope
kablam!    --> /cargo-home/registry/src/github.com-1ecc6299db9ec823/clippy_lints-0.0.95/src/attrs.rs:172:9
kablam!     |
kablam! 172 |         MethodTraitItem(_, None) => true,
kablam!     |         ^^^^^^^^^^^^^^^ not found in this scope
kablam! 
kablam! error[E0531]: cannot find tuple struct/variant `MethodTraitItem` in this scope
kablam!    --> /cargo-home/registry/src/github.com-1ecc6299db9ec823/clippy_lints-0.0.95/src/attrs.rs:173:9
kablam!     |
kablam! 173 |         MethodTraitItem(_, Some(ref block)) => is_relevant_block(block),
kablam!     |         ^^^^^^^^^^^^^^^ not found in this scope
kablam! 
kablam! error[E0532]: expected tuple struct/variant, found unit variant `MetaItemKind::Word`
kablam!    --> /cargo-home/registry/src/github.com-1ecc6299db9ec823/clippy_lints-0.0.95/src/attrs.rs:242:16
kablam!     |
kablam! 242 |         if let MetaItemKind::Word(ref word) = mi.node {
kablam!     |                ^^^^^^^^^^^^^^^^^^ not a tuple struct/variant
kablam! 
kablam! error[E0531]: cannot find tuple struct/variant `MethodTraitItem` in this scope
kablam!    --> /cargo-home/registry/src/github.com-1ecc6299db9ec823/clippy_lints-0.0.95/src/cyclomatic_complexity.rs:109:16
kablam!     |
kablam! 109 |         if let MethodTraitItem(_, Some(ref block)) = item.node {
kablam!     |                ^^^^^^^^^^^^^^^ not found in this scope
kablam! 
kablam! error[E0532]: expected tuple struct/variant, found unit variant `MetaItemKind::Word`
kablam!    --> /cargo-home/registry/src/github.com-1ecc6299db9ec823/clippy_lints-0.0.95/src/derive.rs:180:12
kablam!     |
kablam! 180 |     if let MetaItemKind::Word(ref word) = attr.node.value.node {
kablam!     |            ^^^^^^^^^^^^^^^^^^ not a tuple struct/variant
kablam! 
kablam! error[E0425]: cannot find function `eval_const_expr_partial` in this scope
kablam!   --> /cargo-home/registry/src/github.com-1ecc6299db9ec823/clippy_lints-0.0.95/src/enum_clike.rs:47:37
kablam!    |
kablam! 47 |                     let bad = match eval_const_expr_partial(cx.tcx, &**disr, EvalHint::ExprTypeChecked, None) {
kablam!    |                                     ^^^^^^^^^^^^^^^^^^^^^^^ not found in this scope
kablam! 
kablam! error[E0433]: failed to resolve. Use of undeclared type or module `ViewPath_`
kablam!   --> /cargo-home/registry/src/github.com-1ecc6299db9ec823/clippy_lints-0.0.95/src/enum_glob_use.rs:52:20
kablam!    |
kablam! 52 |             if let ViewPath_::ViewPathGlob(_) = item_use.node {
kablam!    |                    ^^^^^^^^^^^^^^^^^^^^^^^ Use of undeclared type or module `ViewPath_`
kablam! 
kablam! error[E0531]: cannot find tuple struct/variant `TyBox` in module `ty`
kablam!   --> /cargo-home/registry/src/github.com-1ecc6299db9ec823/clippy_lints-0.0.95/src/escape.rs:45:9
kablam!    |
kablam! 45 |         ty::TyBox(inner) => !inner.is_trait(),
kablam!    |         ^^^^^^^^^ not found in `ty`
kablam! 
kablam! error[E0531]: cannot find tuple struct/variant `TyBox` in module `ty`
kablam!    --> /cargo-home/registry/src/github.com-1ecc6299db9ec823/clippy_lints-0.0.95/src/escape.rs:196:13
kablam!     |
kablam! 196 |             ty::TyBox(inner) => {
kablam!     |             ^^^^^^^^^ not found in `ty`
kablam! 
kablam! error[E0531]: cannot find tuple struct/variant `MethodTraitItem` in module `hir`
kablam!    --> /cargo-home/registry/src/github.com-1ecc6299db9ec823/clippy_lints-0.0.95/src/functions.rs:101:16
kablam!     |
kablam! 101 |         if let hir::MethodTraitItem(ref sig, ref block) = item.node {
kablam!     |                ^^^^^^^^^^^^^^^^^^^^ not found in `hir`
kablam! 
kablam! error[E0531]: cannot find tuple struct/variant `MethodTraitItem` in this scope
kablam!   --> /cargo-home/registry/src/github.com-1ecc6299db9ec823/clippy_lints-0.0.95/src/len_zero.rs:94:16
kablam!    |
kablam! 94 |         if let MethodTraitItem(ref sig, _) = item.node {
kablam!    |                ^^^^^^^^^^^^^^^ not found in this scope
kablam! 
kablam! error[E0531]: cannot find tuple struct/variant `MethodTraitItem` in module `ty`
kablam!    --> /cargo-home/registry/src/github.com-1ecc6299db9ec823/clippy_lints-0.0.95/src/len_zero.rs:188:16
kablam!     |
kablam! 188 |         if let ty::MethodTraitItem(ref method) = *item {
kablam!     |                ^^^^^^^^^^^^^^^^^^^ not found in `ty`
kablam! 
kablam! error[E0531]: cannot find tuple struct/variant `TyTrait` in module `ty`
kablam!    --> /cargo-home/registry/src/github.com-1ecc6299db9ec823/clippy_lints-0.0.95/src/len_zero.rs:206:9
kablam!     |
kablam! 206 |         ty::TyTrait(_) => {
kablam!     |         ^^^^^^^^^^^ not found in `ty`
kablam! 
kablam! error[E0531]: cannot find tuple struct/variant `MethodTraitItem` in this scope
kablam!   --> /cargo-home/registry/src/github.com-1ecc6299db9ec823/clippy_lints-0.0.95/src/lifetimes.rs:73:16
kablam!    |
kablam! 73 |         if let MethodTraitItem(ref sig, _) = item.node {
kablam!    |                ^^^^^^^^^^^^^^^ not found in this scope
kablam! 
kablam! error[E0531]: cannot find tuple struct/variant `TyBox` in module `ty`
kablam!    --> /cargo-home/registry/src/github.com-1ecc6299db9ec823/clippy_lints-0.0.95/src/methods.rs:800:13
kablam!     |
kablam! 800 |             ty::TyBox(inner) => may_slice(cx, inner),
kablam!     |             ^^^^^^^^^ not found in `ty`
kablam! 
kablam! error[E0531]: cannot find tuple struct/variant `TyBox` in module `ty`
kablam!    --> /cargo-home/registry/src/github.com-1ecc6299db9ec823/clippy_lints-0.0.95/src/methods.rs:817:13
kablam!     |
kablam! 817 |             ty::TyBox(inner) => {
kablam!     |             ^^^^^^^^^ not found in `ty`
kablam! 
kablam! error[E0412]: cannot find type `ExplicitSelf` in module `hir`
kablam!     --> /cargo-home/registry/src/github.com-1ecc6299db9ec823/clippy_lints-0.0.95/src/methods.rs:1181:28
kablam!      |
kablam! 1181 |     fn matches(self, slf: &hir::ExplicitSelf, allow_value_for_ref: bool) -> bool {
kablam!      |                            ^^^^^^^^^^^^^^^^^ not found in `hir`
kablam!      |
kablam!      = help: possible candidate is found in another module, you can import it into scope:
kablam!                `use syntax::ast::ExplicitSelf;`
kablam! 
kablam! error[E0433]: failed to resolve. Could not find `SelfKind` in `hir`
kablam!     --> /cargo-home/registry/src/github.com-1ecc6299db9ec823/clippy_lints-0.0.95/src/methods.rs:1183:32
kablam!      |
kablam! 1183 |             (SelfKind::Value, &hir::SelfKind::Value(_)) |
kablam!      |                                ^^^^^^^^^^^^^^^^^^^^ Could not find `SelfKind` in `hir`
kablam! 
kablam! error[E0433]: failed to resolve. Could not find `SelfKind` in `hir`
kablam!     --> /cargo-home/registry/src/github.com-1ecc6299db9ec823/clippy_lints-0.0.95/src/methods.rs:1184:30
kablam!      |
kablam! 1184 |             (SelfKind::Ref, &hir::SelfKind::Region(_, hir::Mutability::MutImmutable)) |
kablam!      |                              ^^^^^^^^^^^^^^^^^^^^^ Could not find `SelfKind` in `hir`
kablam! 
kablam! error[E0433]: failed to resolve. Could not find `SelfKind` in `hir`
kablam!     --> /cargo-home/registry/src/github.com-1ecc6299db9ec823/clippy_lints-0.0.95/src/methods.rs:1185:33
kablam!      |
kablam! 1185 |             (SelfKind::RefMut, &hir::SelfKind::Region(_, hir::Mutability::MutMutable)) => true,
kablam!      |                                 ^^^^^^^^^^^^^^^^^^^^^ Could not find `SelfKind` in `hir`
kablam! 
kablam! error[E0433]: failed to resolve. Could not find `SelfKind` in `hir`
kablam!     --> /cargo-home/registry/src/github.com-1ecc6299db9ec823/clippy_lints-0.0.95/src/methods.rs:1186:30
kablam!      |
kablam! 1186 |             (SelfKind::Ref, &hir::SelfKind::Value(_)) |
kablam!      |                              ^^^^^^^^^^^^^^^^^^^^ Could not find `SelfKind` in `hir`
kablam! 
kablam! error[E0433]: failed to resolve. Could not find `SelfKind` in `hir`
kablam!     --> /cargo-home/registry/src/github.com-1ecc6299db9ec823/clippy_lints-0.0.95/src/methods.rs:1187:33
kablam!      |
kablam! 1187 |             (SelfKind::RefMut, &hir::SelfKind::Value(_)) => allow_value_for_ref,
kablam!      |                                 ^^^^^^^^^^^^^^^^^^^^ Could not find `SelfKind` in `hir`
kablam! 
kablam! error[E0433]: failed to resolve. Could not find `SelfKind` in `hir`
kablam!     --> /cargo-home/registry/src/github.com-1ecc6299db9ec823/clippy_lints-0.0.95/src/methods.rs:1188:18
kablam!      |
kablam! 1188 |             (_, &hir::SelfKind::Explicit(ref ty, _)) => self.matches_explicit_type(ty, allow_value_for_ref),
kablam!      |                  ^^^^^^^^^^^^^^^^^^^^^^^ Could not find `SelfKind` in `hir`
kablam! 
kablam! error[E0531]: cannot find tuple struct/variant `ConstTraitItem` in module `hir`
kablam!    --> /cargo-home/registry/src/github.com-1ecc6299db9ec823/clippy_lints-0.0.95/src/missing_doc.rs:139:13
kablam!     |
kablam! 139 |             hir::ConstTraitItem(..) => "an associated constant",
kablam!     |             ^^^^^^^^^^^^^^^^^^^ not found in `hir`
kablam! 
kablam! error[E0531]: cannot find tuple struct/variant `MethodTraitItem` in module `hir`
kablam!    --> /cargo-home/registry/src/github.com-1ecc6299db9ec823/clippy_lints-0.0.95/src/missing_doc.rs:140:13
kablam!     |
kablam! 140 |             hir::MethodTraitItem(..) => "a trait method",
kablam!     |             ^^^^^^^^^^^^^^^^^^^^ not found in `hir`
kablam! 
kablam! error[E0531]: cannot find tuple struct/variant `TypeTraitItem` in module `hir`
kablam!    --> /cargo-home/registry/src/github.com-1ecc6299db9ec823/clippy_lints-0.0.95/src/missing_doc.rs:141:13
kablam!     |
kablam! 141 |             hir::TypeTraitItem(..) => "an associated type",
kablam!     |             ^^^^^^^^^^^^^^^^^^ not found in `hir`
kablam! 
kablam! error[E0425]: cannot find function `path_to_string` in module `print`
kablam!   --> /cargo-home/registry/src/github.com-1ecc6299db9ec823/clippy_lints-0.0.95/src/ok_if_let.rs:46:16
kablam!    |
kablam! 36 |         if_let_chain! {[ //begin checking variables
kablam!    |         - in this macro invocation
kablam! ...
kablam! 46 |             if print::path_to_string(x) == "Some" && is_result_type {
kablam!    |                ^^^^^^^^^^^^^^^^^^^^^ not found in `print`
kablam!    |
kablam!    = help: possible candidate is found in another module, you can import it into scope:
kablam!              `use syntax::print::pprust::path_to_string;`
kablam! 
kablam! error[E0531]: cannot find tuple struct/variant `MethodTraitItem` in this scope
kablam!   --> /cargo-home/registry/src/github.com-1ecc6299db9ec823/clippy_lints-0.0.95/src/ptr.rs:76:16
kablam!    |
kablam! 76 |         if let MethodTraitItem(ref sig, _) = item.node {
kablam!    |                ^^^^^^^^^^^^^^^ not found in this scope
kablam! 
kablam! error[E0531]: cannot find tuple struct/variant `TyObjectSum` in this scope
kablam!    --> /cargo-home/registry/src/github.com-1ecc6299db9ec823/clippy_lints-0.0.95/src/shadow.rs:321:9
kablam!     |
kablam! 321 |         TyObjectSum(ref sty, _) |
kablam!     |         ^^^^^^^^^^^ not found in this scope
kablam! 
kablam! error[E0531]: cannot find tuple struct/variant `ConstTraitItem` in this scope
kablam!    --> /cargo-home/registry/src/github.com-1ecc6299db9ec823/clippy_lints-0.0.95/src/types.rs:558:13
kablam!     |
kablam! 558 |             ConstTraitItem(ref ty, _) |
kablam!     |             ^^^^^^^^^^^^^^ not found in this scope
kablam! 
kablam! error[E0531]: cannot find tuple struct/variant `TypeTraitItem` in this scope
kablam!    --> /cargo-home/registry/src/github.com-1ecc6299db9ec823/clippy_lints-0.0.95/src/types.rs:559:13
kablam!     |
kablam! 559 |             TypeTraitItem(_, Some(ref ty)) => self.check_type(cx, ty),
kablam!     |             ^^^^^^^^^^^^^ not found in this scope
kablam! 
kablam! error[E0531]: cannot find tuple struct/variant `MethodTraitItem` in this scope
kablam!    --> /cargo-home/registry/src/github.com-1ecc6299db9ec823/clippy_lints-0.0.95/src/types.rs:560:13
kablam!     |
kablam! 560 |             MethodTraitItem(MethodSig { ref decl, .. }, None) => self.check_fndecl(cx, decl),
kablam!     |             ^^^^^^^^^^^^^^^ not found in this scope
kablam! 
kablam! error[E0531]: cannot find tuple struct/variant `TyObjectSum` in this scope
kablam!    --> /cargo-home/registry/src/github.com-1ecc6299db9ec823/clippy_lints-0.0.95/src/types.rs:635:13
kablam!     |
kablam! 635 |             TyObjectSum(..) => (20 * self.nest, 0),
kablam!     |             ^^^^^^^^^^^ not found in this scope
kablam! 
kablam! error[E0531]: cannot find tuple struct/variant `TyPolyTraitRef` in this scope
kablam!    --> /cargo-home/registry/src/github.com-1ecc6299db9ec823/clippy_lints-0.0.95/src/types.rs:639:13
kablam!     |
kablam! 639 |             TyPolyTraitRef(..) => (50 * self.nest, 1),
kablam!     |             ^^^^^^^^^^^^^^ not found in this scope
kablam! 
kablam! error[E0425]: cannot find function `eval_const_expr_partial` in this scope
kablam!    --> /cargo-home/registry/src/github.com-1ecc6299db9ec823/clippy_lints-0.0.95/src/types.rs:801:20
kablam!     |
kablam! 801 |     let cv = match eval_const_expr_partial(cx.tcx, expr, ExprTypeChecked, None) {
kablam!     |                    ^^^^^^^^^^^^^^^^^^^^^^^ not found in this scope
kablam! 
kablam! error[E0433]: failed to resolve. Use of undeclared type or module `ViewPath_`
kablam!   --> /cargo-home/registry/src/github.com-1ecc6299db9ec823/clippy_lints-0.0.95/src/unsafe_removed_from_name.rs:41:17
kablam!    |
kablam! 41 |                 ViewPath_::ViewPathSimple(ref name, ref path) => {
kablam!    |                 ^^^^^^^^^^^^^^^^^^^^^^^^^ Use of undeclared type or module `ViewPath_`
kablam! 
kablam! error[E0433]: failed to resolve. Use of undeclared type or module `ViewPath_`
kablam!   --> /cargo-home/registry/src/github.com-1ecc6299db9ec823/clippy_lints-0.0.95/src/unsafe_removed_from_name.rs:51:17
kablam!    |
kablam! 51 |                 ViewPath_::ViewPathList(_, ref path_list_items) => {
kablam!    |                 ^^^^^^^^^^^^^^^^^^^^^^^ Use of undeclared type or module `ViewPath_`
kablam! 
kablam! error[E0433]: failed to resolve. Use of undeclared type or module `ViewPath_`
kablam!   --> /cargo-home/registry/src/github.com-1ecc6299db9ec823/clippy_lints-0.0.95/src/unsafe_removed_from_name.rs:59:17
kablam!    |
kablam! 59 |                 ViewPath_::ViewPathGlob(_) => {}
kablam!    |                 ^^^^^^^^^^^^^^^^^^^^^^^ Use of undeclared type or module `ViewPath_`
kablam! 
kablam! error[E0554]: #[feature] may not be used on the stable release channel
kablam!  --> /cargo-home/registry/src/github.com-1ecc6299db9ec823/clippy_lints-0.0.95/src/lib.rs:3:1
kablam!   |
kablam! 3 | #![feature(box_syntax)]
kablam!   | ^^^^^^^^^^^^^^^^^^^^^^^
kablam! 
kablam! error[E0554]: #[feature] may not be used on the stable release channel
kablam!  --> /cargo-home/registry/src/github.com-1ecc6299db9ec823/clippy_lints-0.0.95/src/lib.rs:4:1
kablam!   |
kablam! 4 | #![feature(collections)]
kablam!   | ^^^^^^^^^^^^^^^^^^^^^^^^
kablam! 
kablam! error[E0554]: #[feature] may not be used on the stable release channel
kablam!  --> /cargo-home/registry/src/github.com-1ecc6299db9ec823/clippy_lints-0.0.95/src/lib.rs:5:1
kablam!   |
kablam! 5 | #![feature(custom_attribute)]
kablam!   | ^^^^^^^^^^^^^^^^^^^^^^^^^^^^^
kablam! 
kablam! error[E0554]: #[feature] may not be used on the stable release channel
kablam!  --> /cargo-home/registry/src/github.com-1ecc6299db9ec823/clippy_lints-0.0.95/src/lib.rs:6:1
kablam!   |
kablam! 6 | #![feature(dotdot_in_tuple_patterns)]
kablam!   | ^^^^^^^^^^^^^^^^^^^^^^^^^^^^^^^^^^^^^
kablam! 
kablam! error[E0554]: #[feature] may not be used on the stable release channel
kablam!  --> /cargo-home/registry/src/github.com-1ecc6299db9ec823/clippy_lints-0.0.95/src/lib.rs:7:1
kablam!   |
kablam! 7 | #![feature(question_mark)]
kablam!   | ^^^^^^^^^^^^^^^^^^^^^^^^^^
kablam! 
kablam! error[E0554]: #[feature] may not be used on the stable release channel
kablam!  --> /cargo-home/registry/src/github.com-1ecc6299db9ec823/clippy_lints-0.0.95/src/lib.rs:8:1
kablam!   |
kablam! 8 | #![feature(rustc_private)]
kablam!   | ^^^^^^^^^^^^^^^^^^^^^^^^^^
kablam! 
kablam! error[E0554]: #[feature] may not be used on the stable release channel
kablam!  --> /cargo-home/registry/src/github.com-1ecc6299db9ec823/clippy_lints-0.0.95/src/lib.rs:9:1
kablam!   |
kablam! 9 | #![feature(slice_patterns)]
kablam!   | ^^^^^^^^^^^^^^^^^^^^^^^^^^^
kablam! 
kablam! error[E0554]: #[feature] may not be used on the stable release channel
kablam!   --> /cargo-home/registry/src/github.com-1ecc6299db9ec823/clippy_lints-0.0.95/src/lib.rs:10:1
kablam!    |
kablam! 10 | #![feature(stmt_expr_attributes)]
kablam!    | ^^^^^^^^^^^^^^^^^^^^^^^^^^^^^^^^^
kablam! 
kablam! error: aborting due to 8 previous errors
kablam! 
kablam! error: build failed
boom! running `docker rm -f 3418abdbced06a25218aab34228e2c532d90d788af028542d59b14cfef3bd37e`
blam! 3418abdbced06a25218aab34228e2c532d90d788af028542d59b14cfef3bd37e
