boom! testing kic-0.1.1 against stable for beta
boom! running: cargo +stable build --frozen
boom! creating container for: cargo +stable build --frozen
boom! running `docker create -v /home/ec2-user/cargobomb/./work/local/test-source/beta/stable:/source:ro -v /home/ec2-user/cargobomb/./work/local/cargo-home:/cargo-home:ro -v /home/ec2-user/cargobomb/./work/local/rustup-home:/rustup-home:ro -v /home/ec2-user/cargobomb/./work/local/target-dirs/beta/stable:/target:rw -e USER_ID=500 -e CMD=cargo +stable build --frozen cargobomb`
blam! 9f2f5f09f0191f52111a23c113026e3fb6c57cc091b5151dba3d06a390a81c2f
boom! running `docker start -a 9f2f5f09f0191f52111a23c113026e3fb6c57cc091b5151dba3d06a390a81c2f`
kablam!    Compiling kic v0.1.1 (file:///source)
kablam! warning: unreachable expression, #[warn(unreachable_code)] on by default
kablam!    --> src/lib/setting/config.rs:159:28
kablam!     |
kablam! 159 |                 None    => return unreachable!("Evil thing will occur in toml-rs!!"),
kablam!     |                            ^^^^^^^^^^^^^^^^^^^^^^^^^^^^^^^^^^^^^^^^^^^^^^^^^^^^^^^^^
kablam! 
kablam!     Finished debug [unoptimized + debuginfo] target(s) in 10.3 secs
boom! running `docker rm -f 9f2f5f09f0191f52111a23c113026e3fb6c57cc091b5151dba3d06a390a81c2f`
blam! 9f2f5f09f0191f52111a23c113026e3fb6c57cc091b5151dba3d06a390a81c2f
boom! running: cargo +stable test --frozen --no-run
boom! creating container for: cargo +stable test --frozen --no-run
boom! running `docker create -v /home/ec2-user/cargobomb/./work/local/test-source/beta/stable:/source:ro -v /home/ec2-user/cargobomb/./work/local/cargo-home:/cargo-home:ro -v /home/ec2-user/cargobomb/./work/local/rustup-home:/rustup-home:ro -v /home/ec2-user/cargobomb/./work/local/target-dirs/beta/stable:/target:rw -e USER_ID=500 -e CMD=cargo +stable test --frozen --no-run cargobomb`
blam! 4ebc9882fbb4f032fb12e3b02d71bb162b63b29d6d22e527062f9178bc4cb842
boom! running `docker start -a 4ebc9882fbb4f032fb12e3b02d71bb162b63b29d6d22e527062f9178bc4cb842`
kablam!    Compiling kic v0.1.1 (file:///source)
kablam! warning: argument must be of the form: `expected = "error message"`
kablam!    --> src/lib/fs.rs:331:7
kablam!     |
kablam! 331 |     #[should_panic(expect = "entered unreachable code")]
kablam!     |       ^^^^^^^^^^^^^^^^^^^^^^^^^^^^^^^^^^^^^^^^^^^^^^^^^
kablam!     |
kablam!     = note: Errors in this attribute were erroneously allowed and will become a hard error in a future release.
kablam! 
kablam! warning: argument must be of the form: `expected = "error message"`
kablam!    --> src/lib/setting/config.rs:603:7
kablam!     |
kablam! 603 |     #[should_panic(expect = "entered unreachable code")]
kablam!     |       ^^^^^^^^^^^^^^^^^^^^^^^^^^^^^^^^^^^^^^^^^^^^^^^^^
kablam!     |
kablam!     = note: Errors in this attribute were erroneously allowed and will become a hard error in a future release.
kablam! 
kablam! warning: argument must be of the form: `expected = "error message"`
kablam!    --> src/lib/setting/config.rs:608:7
kablam!     |
kablam! 608 |     #[should_panic(expect = "entered unreachable code")]
kablam!     |       ^^^^^^^^^^^^^^^^^^^^^^^^^^^^^^^^^^^^^^^^^^^^^^^^^
kablam!     |
kablam!     = note: Errors in this attribute were erroneously allowed and will become a hard error in a future release.
kablam! 
kablam! warning: argument must be of the form: `expected = "error message"`
kablam!    --> src/lib/setting/config.rs:613:7
kablam!     |
kablam! 613 |     #[should_panic(expect = "entered unreachable code")]
kablam!     |       ^^^^^^^^^^^^^^^^^^^^^^^^^^^^^^^^^^^^^^^^^^^^^^^^^
kablam!     |
kablam!     = note: Errors in this attribute were erroneously allowed and will become a hard error in a future release.
kablam! 
kablam! warning: argument must be of the form: `expected = "error message"`
kablam!    --> src/lib/setting/config.rs:629:7
kablam!     |
kablam! 629 |     #[should_panic(expect = "entered unreachable code")]
kablam!     |       ^^^^^^^^^^^^^^^^^^^^^^^^^^^^^^^^^^^^^^^^^^^^^^^^^
kablam!     |
kablam!     = note: Errors in this attribute were erroneously allowed and will become a hard error in a future release.
kablam! 
kablam! warning: argument must be of the form: `expected = "error message"`
kablam!    --> src/lib/setting/cron.rs:311:3
kablam!     |
kablam! 311 | #[should_panic(expect = "entered unreachable code")]
kablam!     |   ^^^^^^^^^^^^^^^^^^^^^^^^^^^^^^^^^^^^^^^^^^^^^^^^^
kablam!     |
kablam!     = note: Errors in this attribute were erroneously allowed and will become a hard error in a future release.
kablam! 
kablam! warning: unreachable expression, #[warn(unreachable_code)] on by default
kablam!    --> src/lib/setting/config.rs:159:28
kablam!     |
kablam! 159 |                 None    => return unreachable!("Evil thing will occur in toml-rs!!"),
kablam!     |                            ^^^^^^^^^^^^^^^^^^^^^^^^^^^^^^^^^^^^^^^^^^^^^^^^^^^^^^^^^
kablam! 
kablam!     Finished debug [unoptimized + debuginfo] target(s) in 9.59 secs
boom! running `docker rm -f 4ebc9882fbb4f032fb12e3b02d71bb162b63b29d6d22e527062f9178bc4cb842`
blam! 4ebc9882fbb4f032fb12e3b02d71bb162b63b29d6d22e527062f9178bc4cb842
boom! running: cargo +stable test --frozen
boom! creating container for: cargo +stable test --frozen
boom! running `docker create -v /home/ec2-user/cargobomb/./work/local/test-source/beta/stable:/source:ro -v /home/ec2-user/cargobomb/./work/local/cargo-home:/cargo-home:ro -v /home/ec2-user/cargobomb/./work/local/rustup-home:/rustup-home:ro -v /home/ec2-user/cargobomb/./work/local/target-dirs/beta/stable:/target:rw -e USER_ID=500 -e CMD=cargo +stable test --frozen cargobomb`
blam! 3aabd578e7b866732f8180687c3ef10648298af8d5575b48b13b943a93e87f29
boom! running `docker start -a 3aabd578e7b866732f8180687c3ef10648298af8d5575b48b13b943a93e87f29`
kablam!     Finished debug [unoptimized + debuginfo] target(s) in 0.0 secs
kablam!      Running /target/debug/deps/kic-caeee0c179b340fb
blam! 
blam! running 32 tests
blam! test lib::fs::is_hidden_name_should_return_true ... ok
blam! test lib::fs::tests::la_should_return_ok ... FAILED
blam! test lib::fs::is_hidden_name_should_return_false ... ok
blam! test lib::fs::tests::path_buf_macro_should_create_path_buf ... ok
blam! test lib::fs::tests::potentially_empty_dirs_should_return_btree_set ... FAILED
blam! test lib::fs::tests::supply_current_dir_prefix_should_panic ... ok
blam! test lib::fs::tests::supply_current_dir_prefix_should_return_added ... ok
blam! test lib::fs::tests::trim_end_separator_should_return_as_it_is ... ok
blam! test lib::fs::tests::supply_current_dir_prefix_should_return_as_it_is ... ok
blam! test lib::fs::tests::trim_end_separator_should_return_trimmed ... ok
blam! test lib::fs::tests::walk_dir_should_return_b_tree_set ... FAILED
blam! test lib::setting::config::config_key_to_pair_should_return_pair ... ok
blam! test lib::setting::config::default_should_return_config ... ok
blam! test lib::setting::config::editable_toml_overwrite_should_add_value ... ok
blam! test lib::setting::config::tests::to_duration_should_panic_for_0_day ... ok
blam! test lib::setting::config::tests::to_duration_should_panic_for_0_week ... ok
blam! test lib::setting::config::tests::get_should_return_ok ... ok
blam! test lib::setting::config::tests::to_duration_should_panic_for_incoherent ... ok
blam! test lib::setting::config::tests::to_duration_should_return_duration ... ok
blam! test lib::setting::config::tests::to_hour_and_minute_should_panic_for_incoherent ... ok
blam! test lib::setting::config::tests::to_hour_and_minute_should_return_tuple ... ok
blam! test lib::setting::config::to_naive_time_should_return_err ... ok
blam! test lib::setting::config::to_naive_time_should_return_naivetime ... ok
blam! test lib::setting::cron::delete_should_panic ... ok
blam! test lib::setting::cron::delete_should_success ... ok
blam! test lib::setting::cron::discard_should_return_regex_err ... ok
blam! test lib::setting::cron::discard_should_remove_lines_including_non_existing_dir ... ok
blam! test lib::setting::cron::my_area_is_empty_should_return_false ... ok
blam! test lib::setting::cron::my_area_is_empty_should_return_true ... ok
blam! test lib::setting::ignore::remove_should_remove_specified_entries ... ok
blam! test lib::setting::config::tests::set_should_return_err ... ok
blam! test lib::setting::config::tests::set_should_replace_value_with_new_value ... ok
blam! 
blam! failures:
blam! 
blam! ---- lib::fs::tests::la_should_return_ok stdout ----
blam! 	thread 'lib::fs::tests::la_should_return_ok' panicked at 'called `Result::unwrap()` on an `Err` value: Error { repr: Os { code: 2, message: "No such file or directory" } }', /buildslave/rust-buildbot/slave/stable-dist-rustc-linux/build/src/libcore/result.rs:837
blam! note: Run with `RUST_BACKTRACE=1` for a backtrace.
blam! 
blam! ---- lib::fs::tests::potentially_empty_dirs_should_return_btree_set stdout ----
blam! 	thread 'lib::fs::tests::potentially_empty_dirs_should_return_btree_set' panicked at 'called `Result::unwrap()` on an `Err` value: Error { repr: Os { code: 2, message: "No such file or directory" } }', /buildslave/rust-buildbot/slave/stable-dist-rustc-linux/build/src/libcore/result.rs:837
blam! 
blam! ---- lib::fs::tests::walk_dir_should_return_b_tree_set stdout ----
blam! 	thread 'lib::fs::tests::walk_dir_should_return_b_tree_set' panicked at 'called `Result::unwrap()` on an `Err` value: Error { repr: Os { code: 2, message: "No such file or directory" } }', /buildslave/rust-buildbot/slave/stable-dist-rustc-linux/build/src/libcore/result.rs:837
blam! 
blam! 
blam! failures:
blam!     lib::fs::tests::la_should_return_ok
blam!     lib::fs::tests::potentially_empty_dirs_should_return_btree_set
blam!     lib::fs::tests::walk_dir_should_return_b_tree_set
blam! 
blam! test result: FAILED. 29 passed; 3 failed; 0 ignored; 0 measured
blam! 
kablam! error: test failed
boom! running `docker rm -f 3aabd578e7b866732f8180687c3ef10648298af8d5575b48b13b943a93e87f29`
blam! 3aabd578e7b866732f8180687c3ef10648298af8d5575b48b13b943a93e87f29
