boom! testing r2d2-0.7.1 against nightly for nightly
boom! running: cargo +nightly build --frozen
boom! creating container for: cargo +nightly build --frozen
boom! running `docker create -v /home/ec2-user/cargobomb/./work/local/test-source/nightly/nightly:/source:ro -v /home/ec2-user/cargobomb/./work/local/cargo-home:/cargo-home:ro -v /home/ec2-user/cargobomb/./work/local/rustup-home:/rustup-home:ro -v /home/ec2-user/cargobomb/./work/local/target-dirs/nightly/nightly:/target:rw -e USER_ID=500 -e CMD=cargo +nightly build --frozen cargobomb`
blam! 147778a19a71f91b56cd77551b4a4279107342d1c330f6584b5e860ed8d8f6ad
boom! running `docker start -a 147778a19a71f91b56cd77551b4a4279107342d1c330f6584b5e860ed8d8f6ad`
kablam!    Compiling r2d2 v0.7.1 (file:///source)
kablam!     Finished dev [unoptimized + debuginfo] target(s) in 1.73 secs
boom! running `docker rm -f 147778a19a71f91b56cd77551b4a4279107342d1c330f6584b5e860ed8d8f6ad`
blam! 147778a19a71f91b56cd77551b4a4279107342d1c330f6584b5e860ed8d8f6ad
boom! running: cargo +nightly test --frozen --no-run
boom! creating container for: cargo +nightly test --frozen --no-run
boom! running `docker create -v /home/ec2-user/cargobomb/./work/local/test-source/nightly/nightly:/source:ro -v /home/ec2-user/cargobomb/./work/local/cargo-home:/cargo-home:ro -v /home/ec2-user/cargobomb/./work/local/rustup-home:/rustup-home:ro -v /home/ec2-user/cargobomb/./work/local/target-dirs/nightly/nightly:/target:rw -e USER_ID=500 -e CMD=cargo +nightly test --frozen --no-run cargobomb`
blam! e24b42c760375b324ca29e9821c3287545a87a5169202f68da08c820f41e6e4a
boom! running `docker start -a e24b42c760375b324ca29e9821c3287545a87a5169202f68da08c820f41e6e4a`
kablam!    Compiling r2d2 v0.7.1 (file:///source)
kablam!     Finished dev [unoptimized + debuginfo] target(s) in 8.20 secs
boom! running `docker rm -f e24b42c760375b324ca29e9821c3287545a87a5169202f68da08c820f41e6e4a`
blam! e24b42c760375b324ca29e9821c3287545a87a5169202f68da08c820f41e6e4a
boom! running: cargo +nightly test --frozen
boom! creating container for: cargo +nightly test --frozen
boom! running `docker create -v /home/ec2-user/cargobomb/./work/local/test-source/nightly/nightly:/source:ro -v /home/ec2-user/cargobomb/./work/local/cargo-home:/cargo-home:ro -v /home/ec2-user/cargobomb/./work/local/rustup-home:/rustup-home:ro -v /home/ec2-user/cargobomb/./work/local/target-dirs/nightly/nightly:/target:rw -e USER_ID=500 -e CMD=cargo +nightly test --frozen cargobomb`
blam! 3f15719fb86e1c7d9138cf026520d415bef1809aada9e865303a5fd4bf00e907
boom! running `docker start -a 3f15719fb86e1c7d9138cf026520d415bef1809aada9e865303a5fd4bf00e907`
kablam!     Finished dev [unoptimized + debuginfo] target(s) in 0.0 secs
kablam!      Running /target/debug/deps/r2d2-8c3917a435ccfbfe
blam! 
blam! running 26 tests
blam! test config::test::builder_zero_connection_timeout ... ok
blam! test config::test::builder ... ok
blam! test config::test::builder_zero_helper_threads ... ok
blam! test config::test::builder_too_many_num_idle ... ok
blam! test config::test::builder_zero_idle_timeout ... ok
blam! test config::test::builder_zero_max_lifetime ... ok
blam! test config::test::builder_zero_pool_size ... ok
kablam! thread 'thread 'r2d2-worker-1' panicked at 'explicit panic', src/task.rs:254
kablam! thread 'r2d2-worker-2' panicked at 'explicit panic', src/task.rs:254
kablam! thread 'r2d2-worker-0' panicked at 'explicit panic', src/task.rs:254
kablam! r2d2-worker-3' panicked at 'explicit panic', src/task.rs:254
blam! test task::test::test_recovery_from_subtask_panic ... ok
blam! test task::test::test_works ... ok
blam! test task::test::test_zero_tasks_panic ... ok
blam! test test::conns_drop_on_pool_drop ... ok
blam! test test::min_idle ... ok
blam! test test::test_acquire_release ... ok
blam! test test::test_connection_customizer ... ok
blam! test test::test_drop_on_broken ... ok
blam! test task::test::test_fixed_delay_jobs_stop_after_drop ... ok
blam! test task::test::test_jobs_complete_after_drop ... ok
blam! test task::test::test_run_after ... ok
blam! test test::test_is_send_sync ... ok
blam! test test::test_issue_2_unlocked_during_is_valid ... ok
blam! test test::test_get_timeout ... ok
blam! test test::test_initialization_failure ... ok
blam! test test::test_pool_size_ok ... ok
blam! test test::test_lazy_initialization_failure ... ok
blam! test test::test_idle_timeout ... ok
blam! test test::test_max_lifetime ... ok
blam! 
blam! test result: ok. 26 passed; 0 failed; 0 ignored; 0 measured
blam! 
kablam!    Doc-tests r2d2
blam! 
blam! running 1 test
blam! test _0 ... ignored
blam! 
blam! test result: ok. 0 passed; 0 failed; 1 ignored; 0 measured
blam! 
boom! running `docker rm -f 3f15719fb86e1c7d9138cf026520d415bef1809aada9e865303a5fd4bf00e907`
blam! 3f15719fb86e1c7d9138cf026520d415bef1809aada9e865303a5fd4bf00e907
