boom! testing i3ipc-0.4.2 against stable for nightly
boom! running: cargo +stable build --frozen
boom! creating container for: cargo +stable build --frozen
boom! running `docker create -v /home/ec2-user/cargobomb/./work/local/test-source/nightly/stable:/source:ro -v /home/ec2-user/cargobomb/./work/local/cargo-home:/cargo-home:ro -v /home/ec2-user/cargobomb/./work/local/rustup-home:/rustup-home:ro -v /home/ec2-user/cargobomb/./work/local/target-dirs/nightly/stable:/target:rw -e USER_ID=500 -e CMD=cargo +stable build --frozen cargobomb`
blam! b28288abdcc56b07ce370788295ebc370c909694057a267bbe74e0facd3ca745
boom! running `docker start -a b28288abdcc56b07ce370788295ebc370c909694057a267bbe74e0facd3ca745`
kablam!    Compiling serde v0.6.15
kablam!    Compiling serde_json v0.6.1
kablam!    Compiling i3ipc v0.4.2 (file:///source)
kablam!     Finished debug [unoptimized + debuginfo] target(s) in 9.70 secs
boom! running `docker rm -f b28288abdcc56b07ce370788295ebc370c909694057a267bbe74e0facd3ca745`
blam! b28288abdcc56b07ce370788295ebc370c909694057a267bbe74e0facd3ca745
boom! running: cargo +stable test --frozen --no-run
boom! creating container for: cargo +stable test --frozen --no-run
boom! running `docker create -v /home/ec2-user/cargobomb/./work/local/test-source/nightly/stable:/source:ro -v /home/ec2-user/cargobomb/./work/local/cargo-home:/cargo-home:ro -v /home/ec2-user/cargobomb/./work/local/rustup-home:/rustup-home:ro -v /home/ec2-user/cargobomb/./work/local/target-dirs/nightly/stable:/target:rw -e USER_ID=500 -e CMD=cargo +stable test --frozen --no-run cargobomb`
blam! df44eb3a252a020cbb65a1a0aaf5376bf661567ebc394d63e2dbe72062f0550a
boom! running `docker start -a df44eb3a252a020cbb65a1a0aaf5376bf661567ebc394d63e2dbe72062f0550a`
kablam!    Compiling i3ipc v0.4.2 (file:///source)
kablam!     Finished debug [unoptimized + debuginfo] target(s) in 4.95 secs
boom! running `docker rm -f df44eb3a252a020cbb65a1a0aaf5376bf661567ebc394d63e2dbe72062f0550a`
blam! df44eb3a252a020cbb65a1a0aaf5376bf661567ebc394d63e2dbe72062f0550a
boom! running: cargo +stable test --frozen
boom! creating container for: cargo +stable test --frozen
boom! running `docker create -v /home/ec2-user/cargobomb/./work/local/test-source/nightly/stable:/source:ro -v /home/ec2-user/cargobomb/./work/local/cargo-home:/cargo-home:ro -v /home/ec2-user/cargobomb/./work/local/rustup-home:/rustup-home:ro -v /home/ec2-user/cargobomb/./work/local/target-dirs/nightly/stable:/target:rw -e USER_ID=500 -e CMD=cargo +stable test --frozen cargobomb`
blam! a2cba62e60a8e07f0549a269e0f58907479b0692484ab411894ebb3629bd432c
boom! running `docker start -a a2cba62e60a8e07f0549a269e0f58907479b0692484ab411894ebb3629bd432c`
kablam!     Finished debug [unoptimized + debuginfo] target(s) in 0.0 secs
kablam!      Running /target/debug/deps/i3ipc-35c70d29e6d18cfb
blam! 
blam! running 19 tests
blam! test test::command_nothing ... FAILED
blam! test test::command_single_sucess ... FAILED
blam! test test::command_fail ... FAILED
blam! test test::command_multiple_success ... FAILED
blam! test test::from_str_barconfig ... ok
blam! test test::connect ... FAILED
blam! test test::event_subscribe ... FAILED
blam! test test::from_str_binding_event ... ok
blam! test test::from_str_output ... ok
blam! test test::from_str_window ... ok
blam! test test::from_str_workspace ... ok
blam! test test::get_bar_ids_and_one_config ... FAILED
blam! test test::get_marks ... FAILED
blam! test test::get_bar_ids ... FAILED
blam! test test::get_outputs ... FAILED
blam! test test::get_tree ... FAILED
blam! test test::get_workspaces ... FAILED
blam! test test::get_version ... FAILED
blam! test test::from_str_mode ... ok
blam! 
blam! failures:
blam! 
blam! ---- test::command_nothing stdout ----
blam! 	thread 'test::command_nothing' panicked at 'called `Result::unwrap()` on an `Err` value: GetSocketPathError(Error { repr: Os { code: 2, message: "No such file or directory" } })', /buildslave/rust-buildbot/slave/stable-dist-rustc-linux/build/src/libcore/result.rs:837
kablam! error: test failed
blam! 
blam! ---- test::command_single_sucess stdout ----
blam! 	thread 'test::command_single_sucess' panicked at 'called `Result::unwrap()` on an `Err` value: GetSocketPathError(Error { repr: Os { code: 2, message: "No such file or directory" } })', /buildslave/rust-buildbot/slave/stable-dist-rustc-linux/build/src/libcore/result.rs:837
blam! 
blam! ---- test::command_fail stdout ----
blam! 	thread 'test::command_fail' panicked at 'called `Result::unwrap()` on an `Err` value: GetSocketPathError(Error { repr: Os { code: 2, message: "No such file or directory" } })', /buildslave/rust-buildbot/slave/stable-dist-rustc-linux/build/src/libcore/result.rs:837
blam! note: Run with `RUST_BACKTRACE=1` for a backtrace.
blam! 
blam! ---- test::command_multiple_success stdout ----
blam! 	thread 'test::command_multiple_success' panicked at 'called `Result::unwrap()` on an `Err` value: GetSocketPathError(Error { repr: Os { code: 2, message: "No such file or directory" } })', /buildslave/rust-buildbot/slave/stable-dist-rustc-linux/build/src/libcore/result.rs:837
blam! 
blam! ---- test::connect stdout ----
blam! 	thread 'test::connect' panicked at 'called `Result::unwrap()` on an `Err` value: GetSocketPathError(Error { repr: Os { code: 2, message: "No such file or directory" } })', /buildslave/rust-buildbot/slave/stable-dist-rustc-linux/build/src/libcore/result.rs:837
blam! 
blam! ---- test::event_subscribe stdout ----
blam! 	thread 'test::event_subscribe' panicked at 'called `Result::unwrap()` on an `Err` value: GetSocketPathError(Error { repr: Os { code: 2, message: "No such file or directory" } })', /buildslave/rust-buildbot/slave/stable-dist-rustc-linux/build/src/libcore/result.rs:837
blam! 
blam! ---- test::get_bar_ids_and_one_config stdout ----
blam! 	thread 'test::get_bar_ids_and_one_config' panicked at 'called `Result::unwrap()` on an `Err` value: GetSocketPathError(Error { repr: Os { code: 2, message: "No such file or directory" } })', /buildslave/rust-buildbot/slave/stable-dist-rustc-linux/build/src/libcore/result.rs:837
blam! 
blam! ---- test::get_marks stdout ----
blam! 	thread 'test::get_marks' panicked at 'called `Result::unwrap()` on an `Err` value: GetSocketPathError(Error { repr: Os { code: 2, message: "No such file or directory" } })', /buildslave/rust-buildbot/slave/stable-dist-rustc-linux/build/src/libcore/result.rs:837
blam! 
blam! ---- test::get_bar_ids stdout ----
blam! 	thread 'test::get_bar_ids' panicked at 'called `Result::unwrap()` on an `Err` value: GetSocketPathError(Error { repr: Os { code: 2, message: "No such file or directory" } })', /buildslave/rust-buildbot/slave/stable-dist-rustc-linux/build/src/libcore/result.rs:837
blam! 
blam! ---- test::get_outputs stdout ----
blam! 	thread 'test::get_outputs' panicked at 'called `Result::unwrap()` on an `Err` value: GetSocketPathError(Error { repr: Os { code: 2, message: "No such file or directory" } })', /buildslave/rust-buildbot/slave/stable-dist-rustc-linux/build/src/libcore/result.rs:837
blam! 
blam! ---- test::get_tree stdout ----
blam! 	thread 'test::get_tree' panicked at 'called `Result::unwrap()` on an `Err` value: GetSocketPathError(Error { repr: Os { code: 2, message: "No such file or directory" } })', /buildslave/rust-buildbot/slave/stable-dist-rustc-linux/build/src/libcore/result.rs:837
blam! 
blam! ---- test::get_workspaces stdout ----
blam! 	thread 'test::get_workspaces' panicked at 'called `Result::unwrap()` on an `Err` value: GetSocketPathError(Error { repr: Os { code: 2, message: "No such file or directory" } })', /buildslave/rust-buildbot/slave/stable-dist-rustc-linux/build/src/libcore/result.rs:837
blam! 
blam! ---- test::get_version stdout ----
blam! 	thread 'test::get_version' panicked at 'called `Result::unwrap()` on an `Err` value: GetSocketPathError(Error { repr: Os { code: 2, message: "No such file or directory" } })', /buildslave/rust-buildbot/slave/stable-dist-rustc-linux/build/src/libcore/result.rs:837
blam! 
blam! 
blam! failures:
blam!     test::command_fail
blam!     test::command_multiple_success
blam!     test::command_nothing
blam!     test::command_single_sucess
blam!     test::connect
blam!     test::event_subscribe
blam!     test::get_bar_ids
blam!     test::get_bar_ids_and_one_config
blam!     test::get_marks
blam!     test::get_outputs
blam!     test::get_tree
blam!     test::get_version
blam!     test::get_workspaces
blam! 
blam! test result: FAILED. 6 passed; 13 failed; 0 ignored; 0 measured
blam! 
boom! running `docker rm -f a2cba62e60a8e07f0549a269e0f58907479b0692484ab411894ebb3629bd432c`
blam! a2cba62e60a8e07f0549a269e0f58907479b0692484ab411894ebb3629bd432c
