boom! testing libnuma-sys-0.0.3 against stable for beta
boom! running: cargo +stable build --frozen
boom! creating container for: cargo +stable build --frozen
boom! running `docker create -v /home/ec2-user/cargobomb/./work/local/test-source/beta/stable:/source:ro -v /home/ec2-user/cargobomb/./work/local/cargo-home:/cargo-home:ro -v /home/ec2-user/cargobomb/./work/local/rustup-home:/rustup-home:ro -v /home/ec2-user/cargobomb/./work/local/target-dirs/beta/stable:/target:rw -e USER_ID=500 -e CMD=cargo +stable build --frozen cargobomb`
blam! 27690d38bb9d2516684846017a18ad14686a4ce5fdbe8f794d1478778f5c4237
boom! running `docker start -a 27690d38bb9d2516684846017a18ad14686a4ce5fdbe8f794d1478778f5c4237`
kablam!    Compiling libnuma-sys v0.0.3 (file:///source)
kablam! error[E0557]: feature has been removed
kablam!  --> src/lib.rs:6:12
kablam!   |
kablam! 6 | #![feature(unsafe_no_drop_flag)]
kablam!   |            ^^^^^^^^^^^^^^^^^^^
kablam! 
kablam! error[E0554]: #[feature] may not be used on the stable release channel
kablam!  --> src/lib.rs:6:1
kablam!   |
kablam! 6 | #![feature(unsafe_no_drop_flag)]
kablam!   | ^^^^^^^^^^^^^^^^^^^^^^^^^^^^^^^^
kablam! 
kablam! error[E0554]: #[feature] may not be used on the stable release channel
kablam!  --> src/lib.rs:7:1
kablam!   |
kablam! 7 | #![feature(const_fn)]
kablam!   | ^^^^^^^^^^^^^^^^^^^^^
kablam! 
kablam! error: The attribute `unsafe_no_drop_flag` is currently unknown to the compiler and may have meaning added to it in the future (see issue #29642)
kablam!   --> src/bitmask.rs:18:1
kablam!    |
kablam! 18 | #[unsafe_no_drop_flag]
kablam!    | ^^^^^^^^^^^^^^^^^^^^^^
kablam! 
kablam! error: The attribute `unsafe_no_drop_flag` is currently unknown to the compiler and may have meaning added to it in the future (see issue #29642)
kablam!   --> src/masks/cpuMask.rs:32:1
kablam!    |
kablam! 32 | #[unsafe_no_drop_flag]
kablam!    | ^^^^^^^^^^^^^^^^^^^^^^
kablam! 
kablam! error: The attribute `unsafe_no_drop_flag` is currently unknown to the compiler and may have meaning added to it in the future (see issue #29642)
kablam!   --> src/masks/nodeMask.rs:40:1
kablam!    |
kablam! 40 | #[unsafe_no_drop_flag]
kablam!    | ^^^^^^^^^^^^^^^^^^^^^^
kablam! 
kablam! error: The attribute `unsafe_no_drop_flag` is currently unknown to the compiler and may have meaning added to it in the future (see issue #29642)
kablam!   --> src/memories/numaMemory.rs:19:1
kablam!    |
kablam! 19 | #[unsafe_no_drop_flag]
kablam!    | ^^^^^^^^^^^^^^^^^^^^^^
kablam! 
kablam! error: aborting due to 6 previous errors
kablam! 
kablam! error: Could not compile `libnuma-sys`.
kablam! 
kablam! To learn more, run the command again with --verbose.
boom! running `docker rm -f 27690d38bb9d2516684846017a18ad14686a4ce5fdbe8f794d1478778f5c4237`
blam! 27690d38bb9d2516684846017a18ad14686a4ce5fdbe8f794d1478778f5c4237
