boom! testing cake-0.1.0 against beta for beta
boom! running: cargo +beta build --frozen
boom! creating container for: cargo +beta build --frozen
boom! running `docker create -v /home/ec2-user/cargobomb/./work/local/test-source/beta/beta:/source:ro -v /home/ec2-user/cargobomb/./work/local/cargo-home:/cargo-home:ro -v /home/ec2-user/cargobomb/./work/local/rustup-home:/rustup-home:ro -v /home/ec2-user/cargobomb/./work/local/target-dirs/beta/beta:/target:rw -e USER_ID=500 -e CMD=cargo +beta build --frozen cargobomb`
blam! da74c99ef09f174edff092b045fee83c42a37e5761494a5bafd2c2dfa5c16915
boom! running `docker start -a da74c99ef09f174edff092b045fee83c42a37e5761494a5bafd2c2dfa5c16915`
kablam!    Compiling cake v0.1.0 (file:///source)
kablam!     Finished dev [unoptimized + debuginfo] target(s) in 0.21 secs
boom! running `docker rm -f da74c99ef09f174edff092b045fee83c42a37e5761494a5bafd2c2dfa5c16915`
blam! da74c99ef09f174edff092b045fee83c42a37e5761494a5bafd2c2dfa5c16915
boom! running: cargo +beta test --frozen --no-run
boom! creating container for: cargo +beta test --frozen --no-run
boom! running `docker create -v /home/ec2-user/cargobomb/./work/local/test-source/beta/beta:/source:ro -v /home/ec2-user/cargobomb/./work/local/cargo-home:/cargo-home:ro -v /home/ec2-user/cargobomb/./work/local/rustup-home:/rustup-home:ro -v /home/ec2-user/cargobomb/./work/local/target-dirs/beta/beta:/target:rw -e USER_ID=500 -e CMD=cargo +beta test --frozen --no-run cargobomb`
blam! f87f6a95587b1f4b414d5ceaf4efce687fb624b76762cc2f8440764664f8d750
boom! running `docker start -a f87f6a95587b1f4b414d5ceaf4efce687fb624b76762cc2f8440764664f8d750`
kablam!    Compiling cake v0.1.0 (file:///source)
kablam!     Finished dev [unoptimized + debuginfo] target(s) in 1.54 secs
boom! running `docker rm -f f87f6a95587b1f4b414d5ceaf4efce687fb624b76762cc2f8440764664f8d750`
blam! f87f6a95587b1f4b414d5ceaf4efce687fb624b76762cc2f8440764664f8d750
boom! running: cargo +beta test --frozen
boom! creating container for: cargo +beta test --frozen
boom! running `docker create -v /home/ec2-user/cargobomb/./work/local/test-source/beta/beta:/source:ro -v /home/ec2-user/cargobomb/./work/local/cargo-home:/cargo-home:ro -v /home/ec2-user/cargobomb/./work/local/rustup-home:/rustup-home:ro -v /home/ec2-user/cargobomb/./work/local/target-dirs/beta/beta:/target:rw -e USER_ID=500 -e CMD=cargo +beta test --frozen cargobomb`
blam! c1987e7323cf1103600b1757a2ccb04e4cff43dd07aa763828c9c16120eaf44a
boom! running `docker start -a c1987e7323cf1103600b1757a2ccb04e4cff43dd07aa763828c9c16120eaf44a`
kablam!     Finished dev [unoptimized + debuginfo] target(s) in 0.0 secs
kablam!      Running /target/debug/deps/cake-6f48c5c267d88f16
blam! 
blam! running 0 tests
blam! 
blam! test result: ok. 0 passed; 0 failed; 0 ignored; 0 measured
blam! 
kablam!    Doc-tests cake
blam! 
blam! running 4 tests
blam! test cmd_0 ... FAILED
blam! test cmd_1 ... FAILED
blam! test cmd_2 ... FAILED
blam! test build_0 ... FAILED
blam! 
blam! failures:
blam! 
blam! ---- cmd_0 stdout ----
blam! 	error: macro undefined: 'cmd!'
blam!  --> <anon>:2:1
blam!   |
blam! 2 | cmd!("ls", "/"); // 'ls /'
blam!   | ^^^
blam! 
blam! error: aborting due to previous error
blam! 
blam! thread 'rustc' panicked at 'Box<Any>', /buildslave/rust-buildbot/slave/beta-dist-rustc-linux/build/src/librustc_errors/lib.rs:453
blam! note: Run with `RUST_BACKTRACE=1` for a backtrace.
blam! thread 'rustc' panicked at 'couldn't compile the test', /buildslave/rust-buildbot/slave/beta-dist-rustc-linux/build/src/librustdoc/test.rs:265
blam! 
blam! ---- cmd_1 stdout ----
blam! 	error: macro undefined: 'cmd!'
blam!  --> <anon>:2:1
blam!   |
blam! 2 | cmd!("ls", "."; in "/");
blam!   | ^^^
blam! 
blam! error: aborting due to previous error
blam! 
blam! thread 'rustc' panicked at 'Box<Any>', /buildslave/rust-buildbot/slave/beta-dist-rustc-linux/build/src/librustc_errors/lib.rs:453
blam! thread 'rustc' panicked at 'couldn't compile the test', /buildslave/rust-buildbot/slave/beta-dist-rustc-linux/build/src/librustdoc/test.rs:265
blam! 
blam! ---- cmd_2 stdout ----
blam! 	error: macro undefined: 'cmd!'
blam!  --> <anon>:2:1
blam!   |
blam! 2 | cmd!("ls", "."; where BLAH = "/"; where BLUH = "!");
blam!   | ^^^
blam! 
blam! error: aborting due to previous error
blam! 
blam! thread 'rustc' panicked at 'Box<Any>', /buildslave/rust-buildbot/slave/beta-dist-rustc-linux/build/src/librustc_errors/lib.rs:453
blam! thread 'rustc' panicked at 'couldn't compile the test', /buildslave/rust-buildbot/slave/beta-dist-rustc-linux/build/src/librustdoc/test.rs:265
blam! 
blam! ---- build_0 stdout ----
blam! 	error[E0468]: an `extern crate` loading macros must be at the crate root
blam!  --> <anon>:3:1
blam!   |
blam! 3 | extern crate cake;
blam!   | ^^^^^^^^^^^^^^^^^^
blam! 
blam! error: aborting due to previous error(s)
blam! 
blam! thread 'rustc' panicked at 'Box<Any>', /buildslave/rust-buildbot/slave/beta-dist-rustc-linux/build/src/librustc/session/mod.rs:203
blam! 
blam! 
blam! failures:
blam!     build_0
blam!     cmd_0
blam!     cmd_1
blam!     cmd_2
blam! 
blam! test result: FAILED. 0 passed; 4 failed; 0 ignored; 0 measured
blam! 
kablam! error: test failed
boom! running `docker rm -f c1987e7323cf1103600b1757a2ccb04e4cff43dd07aa763828c9c16120eaf44a`
blam! c1987e7323cf1103600b1757a2ccb04e4cff43dd07aa763828c9c16120eaf44a
