boom! testing phf_mac-0.4.9 against stable for nightly
boom! running: cargo +stable build --frozen
boom! creating container for: cargo +stable build --frozen
boom! running `docker create -v /home/ec2-user/cargobomb/./work/local/test-source/nightly/stable:/source:ro -v /home/ec2-user/cargobomb/./work/local/cargo-home:/cargo-home:ro -v /home/ec2-user/cargobomb/./work/local/rustup-home:/rustup-home:ro -v /home/ec2-user/cargobomb/./work/local/target-dirs/nightly/stable:/target:rw -e USER_ID=500 -e CMD=cargo +stable build --frozen cargobomb`
blam! 60022fb796d14910cd7997a8f9f76f7b2763ee55970c4c3d5fcabece85fd2252
boom! running `docker start -a 60022fb796d14910cd7997a8f9f76f7b2763ee55970c4c3d5fcabece85fd2252`
kablam!    Compiling phf_shared v0.4.9
kablam! error[E0259]: an extern crate named `core` has already been imported in this module
kablam!  --> /cargo-home/registry/src/github.com-1ecc6299db9ec823/phf_shared-0.4.9/src/lib.rs:3:1
kablam!   |
kablam! 3 | extern crate core;
kablam!   | ^^^^^^^^^^^^^^^^^^ `core` was already imported
kablam! 
kablam! error[E0432]: unresolved import `core::slice::AsSlice`
kablam!  --> /cargo-home/registry/src/github.com-1ecc6299db9ec823/phf_shared-0.4.9/src/lib.rs:5:5
kablam!   |
kablam! 5 | use core::slice::AsSlice;
kablam!   |     ^^^^^^^^^^^^^^^^^^^^ no `AsSlice` in `slice`
kablam! 
kablam! error[E0432]: unresolved import `core::hash::Writer`
kablam!  --> /cargo-home/registry/src/github.com-1ecc6299db9ec823/phf_shared-0.4.9/src/lib.rs:7:18
kablam!   |
kablam! 7 | use core::hash::{Writer, Hasher, Hash, SipHasher};
kablam!   |                  ^^^^^^ no `Writer` in `hash`
kablam! 
kablam! error: use of unstable library feature 'core_str_ext': stable interface provided by `impl str` in later crates (see issue #32110)
kablam!  --> /cargo-home/registry/src/github.com-1ecc6299db9ec823/phf_shared-0.4.9/src/lib.rs:6:5
kablam!   |
kablam! 6 | use core::str::StrExt;
kablam!   |     ^^^^^^^^^^^^^^^^^
kablam! 
kablam! error: no method named `result` found for type `core::hash::SipHasher` in the current scope
kablam!   --> /cargo-home/registry/src/github.com-1ecc6299db9ec823/phf_shared-0.4.9/src/lib.rs:56:21
kablam!    |
kablam! 56 |         split(state.result())
kablam!    |                     ^^^^^^
kablam! 
kablam! error: no method named `as_slice` found for type `&[u8; 1]` in the current scope
kablam!   --> /cargo-home/registry/src/github.com-1ecc6299db9ec823/phf_shared-0.4.9/src/lib.rs:91:35
kablam!    |
kablam! 91 |                 hasher.write(self.as_slice());
kablam!    |                                   ^^^^^^^^
kablam! ...
kablam! 98 | array_impl!(u8, 1);
kablam!    | ------------------- in this macro invocation
kablam!    |
kablam!    = help: items from traits can only be used if the trait is in scope; the following trait is implemented but not in scope, perhaps add a `use` for it:
kablam!    = help: candidate #1: `use core::array::FixedSizeArray;`
kablam! 
kablam! error: no method named `as_slice` found for type `&[u8; 2]` in the current scope
kablam!   --> /cargo-home/registry/src/github.com-1ecc6299db9ec823/phf_shared-0.4.9/src/lib.rs:91:35
kablam!    |
kablam! 91 |                 hasher.write(self.as_slice());
kablam!    |                                   ^^^^^^^^
kablam! ...
kablam! 99 | array_impl!(u8, 2);
kablam!    | ------------------- in this macro invocation
kablam!    |
kablam!    = help: items from traits can only be used if the trait is in scope; the following trait is implemented but not in scope, perhaps add a `use` for it:
kablam!    = help: candidate #1: `use core::array::FixedSizeArray;`
kablam! 
kablam! error: no method named `as_slice` found for type `&[u8; 3]` in the current scope
kablam!    --> /cargo-home/registry/src/github.com-1ecc6299db9ec823/phf_shared-0.4.9/src/lib.rs:91:35
kablam!     |
kablam! 91  |                 hasher.write(self.as_slice());
kablam!     |                                   ^^^^^^^^
kablam! ...
kablam! 100 | array_impl!(u8, 3);
kablam!     | ------------------- in this macro invocation
kablam!     |
kablam!     = help: items from traits can only be used if the trait is in scope; the following trait is implemented but not in scope, perhaps add a `use` for it:
kablam!     = help: candidate #1: `use core::array::FixedSizeArray;`
kablam! 
kablam! error: no method named `as_slice` found for type `&[u8; 4]` in the current scope
kablam!    --> /cargo-home/registry/src/github.com-1ecc6299db9ec823/phf_shared-0.4.9/src/lib.rs:91:35
kablam!     |
kablam! 91  |                 hasher.write(self.as_slice());
kablam!     |                                   ^^^^^^^^
kablam! ...
kablam! 101 | array_impl!(u8, 4);
kablam!     | ------------------- in this macro invocation
kablam!     |
kablam!     = help: items from traits can only be used if the trait is in scope; the following trait is implemented but not in scope, perhaps add a `use` for it:
kablam!     = help: candidate #1: `use core::array::FixedSizeArray;`
kablam! 
kablam! error: no method named `as_slice` found for type `&[u8; 5]` in the current scope
kablam!    --> /cargo-home/registry/src/github.com-1ecc6299db9ec823/phf_shared-0.4.9/src/lib.rs:91:35
kablam!     |
kablam! 91  |                 hasher.write(self.as_slice());
kablam!     |                                   ^^^^^^^^
kablam! ...
kablam! 102 | array_impl!(u8, 5);
kablam!     | ------------------- in this macro invocation
kablam!     |
kablam!     = help: items from traits can only be used if the trait is in scope; the following trait is implemented but not in scope, perhaps add a `use` for it:
kablam!     = help: candidate #1: `use core::array::FixedSizeArray;`
kablam! 
kablam! error: no method named `as_slice` found for type `&[u8; 6]` in the current scope
kablam!    --> /cargo-home/registry/src/github.com-1ecc6299db9ec823/phf_shared-0.4.9/src/lib.rs:91:35
kablam!     |
kablam! 91  |                 hasher.write(self.as_slice());
kablam!     |                                   ^^^^^^^^
kablam! ...
kablam! 103 | array_impl!(u8, 6);
kablam!     | ------------------- in this macro invocation
kablam!     |
kablam!     = help: items from traits can only be used if the trait is in scope; the following trait is implemented but not in scope, perhaps add a `use` for it:
kablam!     = help: candidate #1: `use core::array::FixedSizeArray;`
kablam! 
kablam! error: no method named `as_slice` found for type `&[u8; 7]` in the current scope
kablam!    --> /cargo-home/registry/src/github.com-1ecc6299db9ec823/phf_shared-0.4.9/src/lib.rs:91:35
kablam!     |
kablam! 91  |                 hasher.write(self.as_slice());
kablam!     |                                   ^^^^^^^^
kablam! ...
kablam! 104 | array_impl!(u8, 7);
kablam!     | ------------------- in this macro invocation
kablam!     |
kablam!     = help: items from traits can only be used if the trait is in scope; the following trait is implemented but not in scope, perhaps add a `use` for it:
kablam!     = help: candidate #1: `use core::array::FixedSizeArray;`
kablam! 
kablam! error: no method named `as_slice` found for type `&[u8; 8]` in the current scope
kablam!    --> /cargo-home/registry/src/github.com-1ecc6299db9ec823/phf_shared-0.4.9/src/lib.rs:91:35
kablam!     |
kablam! 91  |                 hasher.write(self.as_slice());
kablam!     |                                   ^^^^^^^^
kablam! ...
kablam! 105 | array_impl!(u8, 8);
kablam!     | ------------------- in this macro invocation
kablam!     |
kablam!     = help: items from traits can only be used if the trait is in scope; the following trait is implemented but not in scope, perhaps add a `use` for it:
kablam!     = help: candidate #1: `use core::array::FixedSizeArray;`
kablam! 
kablam! error: no method named `as_slice` found for type `&[u8; 9]` in the current scope
kablam!    --> /cargo-home/registry/src/github.com-1ecc6299db9ec823/phf_shared-0.4.9/src/lib.rs:91:35
kablam!     |
kablam! 91  |                 hasher.write(self.as_slice());
kablam!     |                                   ^^^^^^^^
kablam! ...
kablam! 106 | array_impl!(u8, 9);
kablam!     | ------------------- in this macro invocation
kablam!     |
kablam!     = help: items from traits can only be used if the trait is in scope; the following trait is implemented but not in scope, perhaps add a `use` for it:
kablam!     = help: candidate #1: `use core::array::FixedSizeArray;`
kablam! 
kablam! error: no method named `as_slice` found for type `&[u8; 10]` in the current scope
kablam!    --> /cargo-home/registry/src/github.com-1ecc6299db9ec823/phf_shared-0.4.9/src/lib.rs:91:35
kablam!     |
kablam! 91  |                 hasher.write(self.as_slice());
kablam!     |                                   ^^^^^^^^
kablam! ...
kablam! 107 | array_impl!(u8, 10);
kablam!     | -------------------- in this macro invocation
kablam!     |
kablam!     = help: items from traits can only be used if the trait is in scope; the following trait is implemented but not in scope, perhaps add a `use` for it:
kablam!     = help: candidate #1: `use core::array::FixedSizeArray;`
kablam! 
kablam! error: no method named `as_slice` found for type `&[u8; 11]` in the current scope
kablam!    --> /cargo-home/registry/src/github.com-1ecc6299db9ec823/phf_shared-0.4.9/src/lib.rs:91:35
kablam!     |
kablam! 91  |                 hasher.write(self.as_slice());
kablam!     |                                   ^^^^^^^^
kablam! ...
kablam! 108 | array_impl!(u8, 11);
kablam!     | -------------------- in this macro invocation
kablam!     |
kablam!     = help: items from traits can only be used if the trait is in scope; the following trait is implemented but not in scope, perhaps add a `use` for it:
kablam!     = help: candidate #1: `use core::array::FixedSizeArray;`
kablam! 
kablam! error: no method named `as_slice` found for type `&[u8; 12]` in the current scope
kablam!    --> /cargo-home/registry/src/github.com-1ecc6299db9ec823/phf_shared-0.4.9/src/lib.rs:91:35
kablam!     |
kablam! 91  |                 hasher.write(self.as_slice());
kablam!     |                                   ^^^^^^^^
kablam! ...
kablam! 109 | array_impl!(u8, 12);
kablam!     | -------------------- in this macro invocation
kablam!     |
kablam!     = help: items from traits can only be used if the trait is in scope; the following trait is implemented but not in scope, perhaps add a `use` for it:
kablam!     = help: candidate #1: `use core::array::FixedSizeArray;`
kablam! 
kablam! error: no method named `as_slice` found for type `&[u8; 13]` in the current scope
kablam!    --> /cargo-home/registry/src/github.com-1ecc6299db9ec823/phf_shared-0.4.9/src/lib.rs:91:35
kablam!     |
kablam! 91  |                 hasher.write(self.as_slice());
kablam!     |                                   ^^^^^^^^
kablam! ...
kablam! 110 | array_impl!(u8, 13);
kablam!     | -------------------- in this macro invocation
kablam!     |
kablam!     = help: items from traits can only be used if the trait is in scope; the following trait is implemented but not in scope, perhaps add a `use` for it:
kablam!     = help: candidate #1: `use core::array::FixedSizeArray;`
kablam! 
kablam! error: no method named `as_slice` found for type `&[u8; 14]` in the current scope
kablam!    --> /cargo-home/registry/src/github.com-1ecc6299db9ec823/phf_shared-0.4.9/src/lib.rs:91:35
kablam!     |
kablam! 91  |                 hasher.write(self.as_slice());
kablam!     |                                   ^^^^^^^^
kablam! ...
kablam! 111 | array_impl!(u8, 14);
kablam!     | -------------------- in this macro invocation
kablam!     |
kablam!     = help: items from traits can only be used if the trait is in scope; the following trait is implemented but not in scope, perhaps add a `use` for it:
kablam!     = help: candidate #1: `use core::array::FixedSizeArray;`
kablam! 
kablam! error: no method named `as_slice` found for type `&[u8; 15]` in the current scope
kablam!    --> /cargo-home/registry/src/github.com-1ecc6299db9ec823/phf_shared-0.4.9/src/lib.rs:91:35
kablam!     |
kablam! 91  |                 hasher.write(self.as_slice());
kablam!     |                                   ^^^^^^^^
kablam! ...
kablam! 112 | array_impl!(u8, 15);
kablam!     | -------------------- in this macro invocation
kablam!     |
kablam!     = help: items from traits can only be used if the trait is in scope; the following trait is implemented but not in scope, perhaps add a `use` for it:
kablam!     = help: candidate #1: `use core::array::FixedSizeArray;`
kablam! 
kablam! error: no method named `as_slice` found for type `&[u8; 16]` in the current scope
kablam!    --> /cargo-home/registry/src/github.com-1ecc6299db9ec823/phf_shared-0.4.9/src/lib.rs:91:35
kablam!     |
kablam! 91  |                 hasher.write(self.as_slice());
kablam!     |                                   ^^^^^^^^
kablam! ...
kablam! 113 | array_impl!(u8, 16);
kablam!     | -------------------- in this macro invocation
kablam!     |
kablam!     = help: items from traits can only be used if the trait is in scope; the following trait is implemented but not in scope, perhaps add a `use` for it:
kablam!     = help: candidate #1: `use core::array::FixedSizeArray;`
kablam! 
kablam! error: no method named `as_slice` found for type `&[u8; 17]` in the current scope
kablam!    --> /cargo-home/registry/src/github.com-1ecc6299db9ec823/phf_shared-0.4.9/src/lib.rs:91:35
kablam!     |
kablam! 91  |                 hasher.write(self.as_slice());
kablam!     |                                   ^^^^^^^^
kablam! ...
kablam! 114 | array_impl!(u8, 17);
kablam!     | -------------------- in this macro invocation
kablam!     |
kablam!     = help: items from traits can only be used if the trait is in scope; the following trait is implemented but not in scope, perhaps add a `use` for it:
kablam!     = help: candidate #1: `use core::array::FixedSizeArray;`
kablam! 
kablam! error: no method named `as_slice` found for type `&[u8; 18]` in the current scope
kablam!    --> /cargo-home/registry/src/github.com-1ecc6299db9ec823/phf_shared-0.4.9/src/lib.rs:91:35
kablam!     |
kablam! 91  |                 hasher.write(self.as_slice());
kablam!     |                                   ^^^^^^^^
kablam! ...
kablam! 115 | array_impl!(u8, 18);
kablam!     | -------------------- in this macro invocation
kablam!     |
kablam!     = help: items from traits can only be used if the trait is in scope; the following trait is implemented but not in scope, perhaps add a `use` for it:
kablam!     = help: candidate #1: `use core::array::FixedSizeArray;`
kablam! 
kablam! error: no method named `as_slice` found for type `&[u8; 19]` in the current scope
kablam!    --> /cargo-home/registry/src/github.com-1ecc6299db9ec823/phf_shared-0.4.9/src/lib.rs:91:35
kablam!     |
kablam! 91  |                 hasher.write(self.as_slice());
kablam!     |                                   ^^^^^^^^
kablam! ...
kablam! 116 | array_impl!(u8, 19);
kablam!     | -------------------- in this macro invocation
kablam!     |
kablam!     = help: items from traits can only be used if the trait is in scope; the following trait is implemented but not in scope, perhaps add a `use` for it:
kablam!     = help: candidate #1: `use core::array::FixedSizeArray;`
kablam! 
kablam! error: no method named `as_slice` found for type `&[u8; 20]` in the current scope
kablam!    --> /cargo-home/registry/src/github.com-1ecc6299db9ec823/phf_shared-0.4.9/src/lib.rs:91:35
kablam!     |
kablam! 91  |                 hasher.write(self.as_slice());
kablam!     |                                   ^^^^^^^^
kablam! ...
kablam! 117 | array_impl!(u8, 20);
kablam!     | -------------------- in this macro invocation
kablam!     |
kablam!     = help: items from traits can only be used if the trait is in scope; the following trait is implemented but not in scope, perhaps add a `use` for it:
kablam!     = help: candidate #1: `use core::array::FixedSizeArray;`
kablam! 
kablam! error: no method named `as_slice` found for type `&[u8; 21]` in the current scope
kablam!    --> /cargo-home/registry/src/github.com-1ecc6299db9ec823/phf_shared-0.4.9/src/lib.rs:91:35
kablam!     |
kablam! 91  |                 hasher.write(self.as_slice());
kablam!     |                                   ^^^^^^^^
kablam! ...
kablam! 118 | array_impl!(u8, 21);
kablam!     | -------------------- in this macro invocation
kablam!     |
kablam!     = help: items from traits can only be used if the trait is in scope; the following trait is implemented but not in scope, perhaps add a `use` for it:
kablam!     = help: candidate #1: `use core::array::FixedSizeArray;`
kablam! 
kablam! error: no method named `as_slice` found for type `&[u8; 22]` in the current scope
kablam!    --> /cargo-home/registry/src/github.com-1ecc6299db9ec823/phf_shared-0.4.9/src/lib.rs:91:35
kablam!     |
kablam! 91  |                 hasher.write(self.as_slice());
kablam!     |                                   ^^^^^^^^
kablam! ...
kablam! 119 | array_impl!(u8, 22);
kablam!     | -------------------- in this macro invocation
kablam!     |
kablam!     = help: items from traits can only be used if the trait is in scope; the following trait is implemented but not in scope, perhaps add a `use` for it:
kablam!     = help: candidate #1: `use core::array::FixedSizeArray;`
kablam! 
kablam! error: no method named `as_slice` found for type `&[u8; 23]` in the current scope
kablam!    --> /cargo-home/registry/src/github.com-1ecc6299db9ec823/phf_shared-0.4.9/src/lib.rs:91:35
kablam!     |
kablam! 91  |                 hasher.write(self.as_slice());
kablam!     |                                   ^^^^^^^^
kablam! ...
kablam! 120 | array_impl!(u8, 23);
kablam!     | -------------------- in this macro invocation
kablam!     |
kablam!     = help: items from traits can only be used if the trait is in scope; the following trait is implemented but not in scope, perhaps add a `use` for it:
kablam!     = help: candidate #1: `use core::array::FixedSizeArray;`
kablam! 
kablam! error: no method named `as_slice` found for type `&[u8; 24]` in the current scope
kablam!    --> /cargo-home/registry/src/github.com-1ecc6299db9ec823/phf_shared-0.4.9/src/lib.rs:91:35
kablam!     |
kablam! 91  |                 hasher.write(self.as_slice());
kablam!     |                                   ^^^^^^^^
kablam! ...
kablam! 121 | array_impl!(u8, 24);
kablam!     | -------------------- in this macro invocation
kablam!     |
kablam!     = help: items from traits can only be used if the trait is in scope; the following trait is implemented but not in scope, perhaps add a `use` for it:
kablam!     = help: candidate #1: `use core::array::FixedSizeArray;`
kablam! 
kablam! error: no method named `as_slice` found for type `&[u8; 25]` in the current scope
kablam!    --> /cargo-home/registry/src/github.com-1ecc6299db9ec823/phf_shared-0.4.9/src/lib.rs:91:35
kablam!     |
kablam! 91  |                 hasher.write(self.as_slice());
kablam!     |                                   ^^^^^^^^
kablam! ...
kablam! 122 | array_impl!(u8, 25);
kablam!     | -------------------- in this macro invocation
kablam!     |
kablam!     = help: items from traits can only be used if the trait is in scope; the following trait is implemented but not in scope, perhaps add a `use` for it:
kablam!     = help: candidate #1: `use core::array::FixedSizeArray;`
kablam! 
kablam! error: no method named `as_slice` found for type `&[u8; 26]` in the current scope
kablam!    --> /cargo-home/registry/src/github.com-1ecc6299db9ec823/phf_shared-0.4.9/src/lib.rs:91:35
kablam!     |
kablam! 91  |                 hasher.write(self.as_slice());
kablam!     |                                   ^^^^^^^^
kablam! ...
kablam! 123 | array_impl!(u8, 26);
kablam!     | -------------------- in this macro invocation
kablam!     |
kablam!     = help: items from traits can only be used if the trait is in scope; the following trait is implemented but not in scope, perhaps add a `use` for it:
kablam!     = help: candidate #1: `use core::array::FixedSizeArray;`
kablam! 
kablam! error: no method named `as_slice` found for type `&[u8; 27]` in the current scope
kablam!    --> /cargo-home/registry/src/github.com-1ecc6299db9ec823/phf_shared-0.4.9/src/lib.rs:91:35
kablam!     |
kablam! 91  |                 hasher.write(self.as_slice());
kablam!     |                                   ^^^^^^^^
kablam! ...
kablam! 124 | array_impl!(u8, 27);
kablam!     | -------------------- in this macro invocation
kablam!     |
kablam!     = help: items from traits can only be used if the trait is in scope; the following trait is implemented but not in scope, perhaps add a `use` for it:
kablam!     = help: candidate #1: `use core::array::FixedSizeArray;`
kablam! 
kablam! error: no method named `as_slice` found for type `&[u8; 28]` in the current scope
kablam!    --> /cargo-home/registry/src/github.com-1ecc6299db9ec823/phf_shared-0.4.9/src/lib.rs:91:35
kablam!     |
kablam! 91  |                 hasher.write(self.as_slice());
kablam!     |                                   ^^^^^^^^
kablam! ...
kablam! 125 | array_impl!(u8, 28);
kablam!     | -------------------- in this macro invocation
kablam!     |
kablam!     = help: items from traits can only be used if the trait is in scope; the following trait is implemented but not in scope, perhaps add a `use` for it:
kablam!     = help: candidate #1: `use core::array::FixedSizeArray;`
kablam! 
kablam! error: no method named `as_slice` found for type `&[u8; 29]` in the current scope
kablam!    --> /cargo-home/registry/src/github.com-1ecc6299db9ec823/phf_shared-0.4.9/src/lib.rs:91:35
kablam!     |
kablam! 91  |                 hasher.write(self.as_slice());
kablam!     |                                   ^^^^^^^^
kablam! ...
kablam! 126 | array_impl!(u8, 29);
kablam!     | -------------------- in this macro invocation
kablam!     |
kablam!     = help: items from traits can only be used if the trait is in scope; the following trait is implemented but not in scope, perhaps add a `use` for it:
kablam!     = help: candidate #1: `use core::array::FixedSizeArray;`
kablam! 
kablam! error: no method named `as_slice` found for type `&[u8; 30]` in the current scope
kablam!    --> /cargo-home/registry/src/github.com-1ecc6299db9ec823/phf_shared-0.4.9/src/lib.rs:91:35
kablam!     |
kablam! 91  |                 hasher.write(self.as_slice());
kablam!     |                                   ^^^^^^^^
kablam! ...
kablam! 127 | array_impl!(u8, 30);
kablam!     | -------------------- in this macro invocation
kablam!     |
kablam!     = help: items from traits can only be used if the trait is in scope; the following trait is implemented but not in scope, perhaps add a `use` for it:
kablam!     = help: candidate #1: `use core::array::FixedSizeArray;`
kablam! 
kablam! error: no method named `as_slice` found for type `&[u8; 31]` in the current scope
kablam!    --> /cargo-home/registry/src/github.com-1ecc6299db9ec823/phf_shared-0.4.9/src/lib.rs:91:35
kablam!     |
kablam! 91  |                 hasher.write(self.as_slice());
kablam!     |                                   ^^^^^^^^
kablam! ...
kablam! 128 | array_impl!(u8, 31);
kablam!     | -------------------- in this macro invocation
kablam!     |
kablam!     = help: items from traits can only be used if the trait is in scope; the following trait is implemented but not in scope, perhaps add a `use` for it:
kablam!     = help: candidate #1: `use core::array::FixedSizeArray;`
kablam! 
kablam! error: no method named `as_slice` found for type `&[u8; 32]` in the current scope
kablam!    --> /cargo-home/registry/src/github.com-1ecc6299db9ec823/phf_shared-0.4.9/src/lib.rs:91:35
kablam!     |
kablam! 91  |                 hasher.write(self.as_slice());
kablam!     |                                   ^^^^^^^^
kablam! ...
kablam! 129 | array_impl!(u8, 32);
kablam!     | -------------------- in this macro invocation
kablam!     |
kablam!     = help: items from traits can only be used if the trait is in scope; the following trait is implemented but not in scope, perhaps add a `use` for it:
kablam!     = help: candidate #1: `use core::array::FixedSizeArray;`
kablam! 
kablam! error: aborting due to 33 previous errors
kablam! 
kablam! error: Could not compile `phf_shared`.
kablam! 
kablam! To learn more, run the command again with --verbose.
boom! running `docker rm -f 60022fb796d14910cd7997a8f9f76f7b2763ee55970c4c3d5fcabece85fd2252`
blam! 60022fb796d14910cd7997a8f9f76f7b2763ee55970c4c3d5fcabece85fd2252
