boom! testing safe_network_common-0.1.1 against nightly for nightly
boom! running: cargo +nightly build --frozen
boom! creating container for: cargo +nightly build --frozen
boom! running `docker create -v /home/ec2-user/cargobomb/./work/local/test-source/nightly/nightly:/source:ro -v /home/ec2-user/cargobomb/./work/local/cargo-home:/cargo-home:ro -v /home/ec2-user/cargobomb/./work/local/rustup-home:/rustup-home:ro -v /home/ec2-user/cargobomb/./work/local/target-dirs/nightly/nightly:/target:rw -e USER_ID=500 -e CMD=cargo +nightly build --frozen cargobomb`
blam! 653493e47ac6c2459fa8b513d48fe660d20811c5f7a8fe328280097dc8898549
boom! running `docker start -a 653493e47ac6c2459fa8b513d48fe660d20811c5f7a8fe328280097dc8898549`
kablam!    Compiling libsodium-sys v0.0.14
kablam!    Compiling xor_name v0.1.0
kablam! error: failed to run custom build command for `libsodium-sys v0.0.14`
blam! Build failed, waiting for other jobs to finish...
kablam! process didn't exit successfully: `/target/debug/build/libsodium-sys-c81c2aab8a6cece2/build-script-build` (exit code: 101)
kablam! --- stderr
kablam! thread 'main' panicked at 'called `Result::unwrap()` on an `Err` value: "Failed to run `\"pkg-config\" \"--libs\" \"--cflags\" \"libsodium\"`: No such file or directory (os error 2)"', /checkout/src/libcore/result.rs:860
kablam! note: Run with `RUST_BACKTRACE=1` for a backtrace.
kablam! 
kablam! error[E0277]: the trait bound `[u8; 64]: std::cmp::Eq` is not satisfied
kablam!   --> /cargo-home/registry/src/github.com-1ecc6299db9ec823/xor_name-0.1.0/src/lib.rs:96:20
kablam!    |
kablam! 96 | pub struct XorName(pub [u8; XOR_NAME_LEN]);
kablam!    |                    ^^^^^^^^^^^^^^^^^^^^^^^ the trait `std::cmp::Eq` is not implemented for `[u8; 64]`
kablam!    |
kablam!    = help: the following implementations were found:
kablam!              <[T] as std::cmp::Eq>
kablam!              <[T; 0] as std::cmp::Eq>
kablam!              <[T; 1] as std::cmp::Eq>
kablam!              <[T; 2] as std::cmp::Eq>
kablam!            and 30 others
kablam!    = note: required by `std::cmp::AssertParamIsEq`
kablam! 
kablam! error: aborting due to previous error
kablam! 
kablam! error: build failed
boom! running `docker rm -f 653493e47ac6c2459fa8b513d48fe660d20811c5f7a8fe328280097dc8898549`
blam! 653493e47ac6c2459fa8b513d48fe660d20811c5f7a8fe328280097dc8898549
