boom! testing postscript-0.12.0 against stable for nightly
boom! running: cargo +stable build --frozen
boom! creating container for: cargo +stable build --frozen
boom! running `docker create -v /home/ec2-user/cargobomb/./work/local/test-source/nightly/stable:/source:ro -v /home/ec2-user/cargobomb/./work/local/cargo-home:/cargo-home:ro -v /home/ec2-user/cargobomb/./work/local/rustup-home:/rustup-home:ro -v /home/ec2-user/cargobomb/./work/local/target-dirs/nightly/stable:/target:rw -e USER_ID=500 -e CMD=cargo +stable build --frozen cargobomb`
blam! 64d7fa7da777566cab5cc533ced9e40b49d73f13dcb9d85a3d66275752b09e0a
boom! running `docker start -a 64d7fa7da777566cab5cc533ced9e40b49d73f13dcb9d85a3d66275752b09e0a`
kablam!    Compiling postscript v0.12.0 (file:///source)
kablam!     Finished dev [unoptimized + debuginfo] target(s) in 4.67 secs
boom! running `docker rm -f 64d7fa7da777566cab5cc533ced9e40b49d73f13dcb9d85a3d66275752b09e0a`
blam! 64d7fa7da777566cab5cc533ced9e40b49d73f13dcb9d85a3d66275752b09e0a
boom! running: cargo +stable test --frozen --no-run
boom! creating container for: cargo +stable test --frozen --no-run
boom! running `docker create -v /home/ec2-user/cargobomb/./work/local/test-source/nightly/stable:/source:ro -v /home/ec2-user/cargobomb/./work/local/cargo-home:/cargo-home:ro -v /home/ec2-user/cargobomb/./work/local/rustup-home:/rustup-home:ro -v /home/ec2-user/cargobomb/./work/local/target-dirs/nightly/stable:/target:rw -e USER_ID=500 -e CMD=cargo +stable test --frozen --no-run cargobomb`
blam! 7e1c35ed5aa6031a7b2cb5129fcd9866223fb260a1863368768f9f1cd15a3c6b
boom! running `docker start -a 7e1c35ed5aa6031a7b2cb5129fcd9866223fb260a1863368768f9f1cd15a3c6b`
kablam!    Compiling postscript v0.12.0 (file:///source)
kablam!     Finished dev [unoptimized + debuginfo] target(s) in 7.49 secs
boom! running `docker rm -f 7e1c35ed5aa6031a7b2cb5129fcd9866223fb260a1863368768f9f1cd15a3c6b`
blam! 7e1c35ed5aa6031a7b2cb5129fcd9866223fb260a1863368768f9f1cd15a3c6b
boom! running: cargo +stable test --frozen
boom! creating container for: cargo +stable test --frozen
boom! running `docker create -v /home/ec2-user/cargobomb/./work/local/test-source/nightly/stable:/source:ro -v /home/ec2-user/cargobomb/./work/local/cargo-home:/cargo-home:ro -v /home/ec2-user/cargobomb/./work/local/rustup-home:/rustup-home:ro -v /home/ec2-user/cargobomb/./work/local/target-dirs/nightly/stable:/target:rw -e USER_ID=500 -e CMD=cargo +stable test --frozen cargobomb`
blam! 3e8902d69a696f7c146e246390c7f26711675e42af4de07e9e90a27d3858ee76
boom! running `docker start -a 3e8902d69a696f7c146e246390c7f26711675e42af4de07e9e90a27d3858ee76`
kablam!     Finished dev [unoptimized + debuginfo] target(s) in 0.1 secs
kablam!      Running /target/debug/deps/postscript-44ed791f5e84683f
blam! 
blam! running 5 tests
blam! test compact::offset::tests::read ... ok
blam! test compact::number::tests::real ... ok
blam! test compact::number::tests::integer ... ok
blam! test compact::index::strings::tests::number_of_standard_strings ... ok
blam! test type2::number::tests::real ... ok
blam! 
blam! test result: ok. 5 passed; 0 failed; 0 ignored; 0 measured
blam! 
kablam!      Running /target/debug/deps/postscript-f29c335cfa49f199
blam! 
blam! running 12 tests
blam! test compact::global_dictionaries ... FAILED
blam! test compact::encodings ... FAILED
blam! test compact::char_strings ... FAILED
blam! test compact::char_sets ... FAILED
blam! test compact::header ... FAILED
blam! test compact::local_dictionaries ... FAILED
blam! test compact::global_subroutines ... FAILED
blam! test type2::program_all ... FAILED
blam! test type2::program_one ... FAILED
blam! test compact::strings ... FAILED
blam! test compact::local_subroutines ... FAILED
blam! test compact::names ... FAILED
blam! 
blam! failures:
blam! 
blam! ---- compact::global_dictionaries stdout ----
blam! 	thread 'compact::global_dictionaries' panicked at 'called `Result::unwrap()` on an `Err` value: Error { repr: Os { code: 2, message: "No such file or directory" } }', /buildslave/rust-buildbot/slave/stable-dist-rustc-linux/build/src/libcore/result.rs:868
blam! note: Run with `RUST_BACKTRACE=1` for a backtrace.
blam! 
blam! ---- compact::encodings stdout ----
blam! 	thread 'compact::encodings' panicked at 'called `Result::unwrap()` on an `Err` value: Error { repr: Os { code: 2, message: "No such file or directory" } }', /buildslave/rust-buildbot/slave/stable-dist-rustc-linux/build/src/libcore/result.rs:868
blam! 
blam! ---- compact::char_strings stdout ----
blam! 	thread 'compact::char_strings' panicked at 'called `Result::unwrap()` on an `Err` value: Error { repr: Os { code: 2, message: "No such file or directory" } }', /buildslave/rust-buildbot/slave/stable-dist-rustc-linux/build/src/libcore/result.rs:868
blam! 
blam! ---- compact::char_sets stdout ----
blam! 	thread 'compact::char_sets' panicked at 'called `Result::unwrap()` on an `Err` value: Error { repr: Os { code: 2, message: "No such file or directory" } }', /buildslave/rust-buildbot/slave/stable-dist-rustc-linux/build/src/libcore/result.rs:868
blam! 
blam! ---- compact::header stdout ----
blam! 	thread 'compact::header' panicked at 'called `Result::unwrap()` on an `Err` value: Error { repr: Os { code: 2, message: "No such file or directory" } }', /buildslave/rust-buildbot/slave/stable-dist-rustc-linux/build/src/libcore/result.rs:868
blam! 
blam! ---- compact::local_dictionaries stdout ----
blam! 	thread 'compact::local_dictionaries' panicked at 'called `Result::unwrap()` on an `Err` value: Error { repr: Os { code: 2, message: "No such file or directory" } }', /buildslave/rust-buildbot/slave/stable-dist-rustc-linux/build/src/libcore/result.rs:868
blam! 
blam! ---- compact::global_subroutines stdout ----
blam! 	thread 'compact::global_subroutines' panicked at 'called `Result::unwrap()` on an `Err` value: Error { repr: Os { code: 2, message: "No such file or directory" } }', /buildslave/rust-buildbot/slave/stable-dist-rustc-linux/build/src/libcore/result.rs:868
blam! 
blam! ---- type2::program_all stdout ----
blam! 	thread 'type2::program_all' panicked at 'called `Result::unwrap()` on an `Err` value: Error { repr: Os { code: 2, message: "No such file or directory" } }', /buildslave/rust-buildbot/slave/stable-dist-rustc-linux/build/src/libcore/result.rs:868
blam! 
blam! ---- type2::program_one stdout ----
blam! 	thread 'type2::program_one' panicked at 'called `Result::unwrap()` on an `Err` value: Error { repr: Os { code: 2, message: "No such file or directory" } }', /buildslave/rust-buildbot/slave/stable-dist-rustc-linux/build/src/libcore/result.rs:868
blam! 
blam! ---- compact::strings stdout ----
blam! 	thread 'compact::strings' panicked at 'called `Result::unwrap()` on an `Err` value: Error { repr: Os { code: 2, message: "No such file or directory" } }', /buildslave/rust-buildbot/slave/stable-dist-rustc-linux/build/src/libcore/result.rs:868
blam! 
blam! ---- compact::local_subroutines stdout ----
blam! 	thread 'compact::local_subroutines' panicked at 'called `Result::unwrap()` on an `Err` value: Error { repr: Os { code: 2, message: "No such file or directory" } }', /buildslave/rust-buildbot/slave/stable-dist-rustc-linux/build/src/libcore/result.rs:868
blam! 
blam! ---- compact::names stdout ----
blam! 	thread 'compact::names' panicked at 'called `Result::unwrap()` on an `Err` value: Error { repr: Os { code: 2, message: "No such file or directory" } }', /buildslave/rust-buildbot/slave/stable-dist-rustc-linux/build/src/libcore/result.rs:868
blam! 
blam! 
blam! failures:
blam!     compact::char_sets
blam!     compact::char_strings
blam!     compact::encodings
blam!     compact::global_dictionaries
blam!     compact::global_subroutines
blam!     compact::header
blam!     compact::local_dictionaries
blam!     compact::local_subroutines
blam!     compact::names
blam!     compact::strings
blam!     type2::program_all
blam!     type2::program_one
blam! 
blam! test result: FAILED. 0 passed; 12 failed; 0 ignored; 0 measured
blam! 
kablam! error: test failed
boom! running `docker rm -f 3e8902d69a696f7c146e246390c7f26711675e42af4de07e9e90a27d3858ee76`
blam! 3e8902d69a696f7c146e246390c7f26711675e42af4de07e9e90a27d3858ee76
