boom! testing triadic-census-0.2.0 against stable for nightly
boom! running: cargo +stable build --frozen
boom! creating container for: cargo +stable build --frozen
boom! running `docker create -v /home/ec2-user/cargobomb/./work/local/test-source/nightly/stable:/source:ro -v /home/ec2-user/cargobomb/./work/local/cargo-home:/cargo-home:ro -v /home/ec2-user/cargobomb/./work/local/rustup-home:/rustup-home:ro -v /home/ec2-user/cargobomb/./work/local/target-dirs/nightly/stable:/target:rw -e USER_ID=500 -e CMD=cargo +stable build --frozen cargobomb`
blam! 1c7a148667559e701b7b991f40698914a8a2667cfeace60b3eb47684930a4070
boom! running `docker start -a 1c7a148667559e701b7b991f40698914a8a2667cfeace60b3eb47684930a4070`
kablam!    Compiling triadic-census v0.2.0 (file:///source)
kablam! warning: unused import: `IndexType`, #[warn(unused_imports)] on by default
kablam!  --> src/lib.rs:8:34
kablam!   |
kablam! 8 | use petgraph::graph::{NodeIndex, IndexType};
kablam!   |                                  ^^^^^^^^^
kablam! 
kablam!     Finished dev [unoptimized + debuginfo] target(s) in 1.37 secs
boom! running `docker rm -f 1c7a148667559e701b7b991f40698914a8a2667cfeace60b3eb47684930a4070`
blam! 1c7a148667559e701b7b991f40698914a8a2667cfeace60b3eb47684930a4070
boom! running: cargo +stable test --frozen --no-run
boom! creating container for: cargo +stable test --frozen --no-run
boom! running `docker create -v /home/ec2-user/cargobomb/./work/local/test-source/nightly/stable:/source:ro -v /home/ec2-user/cargobomb/./work/local/cargo-home:/cargo-home:ro -v /home/ec2-user/cargobomb/./work/local/rustup-home:/rustup-home:ro -v /home/ec2-user/cargobomb/./work/local/target-dirs/nightly/stable:/target:rw -e USER_ID=500 -e CMD=cargo +stable test --frozen --no-run cargobomb`
blam! d1fe566ce63e4945f3f27ccc15451550bf0ae9e3377d5c162581def598302648
boom! running `docker start -a d1fe566ce63e4945f3f27ccc15451550bf0ae9e3377d5c162581def598302648`
kablam!    Compiling triadic-census v0.2.0 (file:///source)
kablam! error[E0554]: #[feature] may not be used on the stable release channel
kablam!  --> src/lib.rs:1:19
kablam!   |
kablam! 1 | #![cfg_attr(test, feature(test))]
kablam!   |                   ^^^^^^^^^^^^^
kablam! 
kablam! error: aborting due to previous error
kablam! 
kablam! error: Could not compile `triadic-census`.
kablam! 
kablam! To learn more, run the command again with --verbose.
boom! running `docker rm -f d1fe566ce63e4945f3f27ccc15451550bf0ae9e3377d5c162581def598302648`
blam! d1fe566ce63e4945f3f27ccc15451550bf0ae9e3377d5c162581def598302648
boom! running: cargo +stable test --frozen
boom! creating container for: cargo +stable test --frozen
boom! running `docker create -v /home/ec2-user/cargobomb/./work/local/test-source/nightly/stable:/source:ro -v /home/ec2-user/cargobomb/./work/local/cargo-home:/cargo-home:ro -v /home/ec2-user/cargobomb/./work/local/rustup-home:/rustup-home:ro -v /home/ec2-user/cargobomb/./work/local/target-dirs/nightly/stable:/target:rw -e USER_ID=500 -e CMD=cargo +stable test --frozen cargobomb`
blam! f99c4ad93fd9be5cc47b068829342d72601d349d683062705460bb93e70e9b35
boom! running `docker start -a f99c4ad93fd9be5cc47b068829342d72601d349d683062705460bb93e70e9b35`
kablam!    Compiling triadic-census v0.2.0 (file:///source)
kablam! error[E0554]: #[feature] may not be used on the stable release channel
kablam!  --> src/lib.rs:1:19
kablam!   |
kablam! 1 | #![cfg_attr(test, feature(test))]
kablam!   |                   ^^^^^^^^^^^^^
kablam! 
kablam! error: aborting due to previous error
kablam! 
kablam! error: Could not compile `triadic-census`.
kablam! 
kablam! To learn more, run the command again with --verbose.
boom! running `docker rm -f f99c4ad93fd9be5cc47b068829342d72601d349d683062705460bb93e70e9b35`
blam! f99c4ad93fd9be5cc47b068829342d72601d349d683062705460bb93e70e9b35
