boom! testing algs4-0.7.0 against beta for beta
boom! running: cargo +beta build --frozen
boom! creating container for: cargo +beta build --frozen
boom! running `docker create -v /home/ec2-user/cargobomb/./work/local/test-source/beta/beta:/source:ro -v /home/ec2-user/cargobomb/./work/local/cargo-home:/cargo-home:ro -v /home/ec2-user/cargobomb/./work/local/rustup-home:/rustup-home:ro -v /home/ec2-user/cargobomb/./work/local/target-dirs/beta/beta:/target:rw -e USER_ID=500 -e CMD=cargo +beta build --frozen cargobomb`
blam! 30a78a6fb2f3a9595cbb28bb1cd28366e25ef844dc05da3f23bd839426964f56
boom! running `docker start -a 30a78a6fb2f3a9595cbb28bb1cd28366e25ef844dc05da3f23bd839426964f56`
kablam! warning: dependency (sdl2) specified without providing a local path, Git repository, or version to use. This will be considered an error in future versions
kablam! warning: dependency (sdl2_gfx) specified without providing a local path, Git repository, or version to use. This will be considered an error in future versions
kablam! warning: unused manifest key: dev_dependencies.sdl2.sdl2
kablam! warning: unused manifest key: dev_dependencies.sdl2_gfx.sdl2_gfx
kablam!    Compiling byteorder v0.3.13
kablam!    Compiling adivon v0.2.6
kablam!    Compiling mtl v0.1.5
kablam! error[E0554]: #[feature] may not be used on the beta release channel
kablam!  --> /cargo-home/registry/src/github.com-1ecc6299db9ec823/mtl-0.1.5/src/lib.rs:1:1
kablam!   |
kablam! 1 | #![feature(unboxed_closures, fixed_size_array)]
kablam!   | ^^^^^^^^^^^^^^^^^^^^^^^^^^^^^^^^^^^^^^^^^^^^^^^
kablam! 
kablam! error: aborting due to previous error
kablam! 
blam! Build failed, waiting for other jobs to finish...
kablam! error: Could not compile `mtl`.
kablam! error[E0554]: #[feature] may not be used on the beta release channel
kablam!  --> /cargo-home/registry/src/github.com-1ecc6299db9ec823/adivon-0.2.6/src/lib.rs:1:1
kablam!   |
kablam! 1 | #![feature(associated_type_defaults, plugin)]
kablam!   | ^^^^^^^^^^^^^^^^^^^^^^^^^^^^^^^^^^^^^^^^^^^^^
kablam! 
kablam! error: aborting due to previous error
kablam! 
kablam! error: Could not compile `adivon`.
blam! Build failed, waiting for other jobs to finish...
kablam! error: build failed
boom! running `docker rm -f 30a78a6fb2f3a9595cbb28bb1cd28366e25ef844dc05da3f23bd839426964f56`
blam! 30a78a6fb2f3a9595cbb28bb1cd28366e25ef844dc05da3f23bd839426964f56
