boom! testing rraf-0.0.1 against beta for beta
boom! running: cargo +beta build --frozen
boom! creating container for: cargo +beta build --frozen
boom! running `docker create -v /home/ec2-user/cargobomb/./work/local/test-source/beta/beta:/source:ro -v /home/ec2-user/cargobomb/./work/local/cargo-home:/cargo-home:ro -v /home/ec2-user/cargobomb/./work/local/rustup-home:/rustup-home:ro -v /home/ec2-user/cargobomb/./work/local/target-dirs/beta/beta:/target:rw -e USER_ID=500 -e CMD=cargo +beta build --frozen cargobomb`
blam! d2e617456731b1284d07a198161ea27f81b2f975d4310b48e9a7c2fd51fce62b
boom! running `docker start -a d2e617456731b1284d07a198161ea27f81b2f975d4310b48e9a7c2fd51fce62b`
kablam!    Compiling rraf v0.0.1 (file:///source)
kablam! error[E0432]: unresolved import `std::fs::PathExt`
kablam!  --> src/main.rs:8:21
kablam!   |
kablam! 8 | use std::fs::{self, PathExt,walk_dir, Metadata};
kablam!   |                     ^^^^^^^ no `PathExt` in `fs`
kablam! 
kablam! error[E0432]: unresolved import `std::fs::walk_dir`
kablam!  --> src/main.rs:8:29
kablam!   |
kablam! 8 | use std::fs::{self, PathExt,walk_dir, Metadata};
kablam!   |                             ^^^^^^^^ no `walk_dir` in `fs`
kablam! 
kablam! error[E0554]: #[feature] may not be used on the beta release channel
kablam!  --> src/main.rs:1:1
kablam!   |
kablam! 1 | #![feature(fs_walk)]
kablam!   | ^^^^^^^^^^^^^^^^^^^^
kablam! 
kablam! error[E0554]: #[feature] may not be used on the beta release channel
kablam!  --> src/main.rs:2:1
kablam!   |
kablam! 2 | #![feature(dir_entry_ext)]
kablam!   | ^^^^^^^^^^^^^^^^^^^^^^^^^^
kablam! 
kablam! error[E0554]: #[feature] may not be used on the beta release channel
kablam!  --> src/main.rs:3:1
kablam!   |
kablam! 3 | #![feature(fs)]
kablam!   | ^^^^^^^^^^^^^^^
kablam! 
kablam! error[E0554]: #[feature] may not be used on the beta release channel
kablam!  --> src/main.rs:4:1
kablam!   |
kablam! 4 | #![feature(path_ext)]
kablam!   | ^^^^^^^^^^^^^^^^^^^^^
kablam! 
kablam! error: aborting due to 4 previous errors
kablam! 
kablam! error: Could not compile `rraf`.
kablam! 
kablam! To learn more, run the command again with --verbose.
boom! running `docker rm -f d2e617456731b1284d07a198161ea27f81b2f975d4310b48e9a7c2fd51fce62b`
blam! d2e617456731b1284d07a198161ea27f81b2f975d4310b48e9a7c2fd51fce62b
