boom! testing windows-error-1.0.2 against stable for beta
boom! running: cargo +stable build --frozen
boom! creating container for: cargo +stable build --frozen
boom! running `docker create -v /home/ec2-user/cargobomb/./work/local/test-source/beta/stable:/source:ro -v /home/ec2-user/cargobomb/./work/local/cargo-home:/cargo-home:ro -v /home/ec2-user/cargobomb/./work/local/rustup-home:/rustup-home:ro -v /home/ec2-user/cargobomb/./work/local/target-dirs/beta/stable:/target:rw -e USER_ID=500 -e CMD=cargo +stable build --frozen cargobomb`
blam! ab389d9afc5c69412b825a7c7a84ff43bc99fee6c906d252473d52f2d002de75
boom! running `docker start -a ab389d9afc5c69412b825a7c7a84ff43bc99fee6c906d252473d52f2d002de75`
kablam!    Compiling windows-error v1.0.2 (file:///source)
kablam!     Finished debug [unoptimized + debuginfo] target(s) in 0.56 secs
boom! running `docker rm -f ab389d9afc5c69412b825a7c7a84ff43bc99fee6c906d252473d52f2d002de75`
blam! ab389d9afc5c69412b825a7c7a84ff43bc99fee6c906d252473d52f2d002de75
boom! running: cargo +stable test --frozen --no-run
boom! creating container for: cargo +stable test --frozen --no-run
boom! running `docker create -v /home/ec2-user/cargobomb/./work/local/test-source/beta/stable:/source:ro -v /home/ec2-user/cargobomb/./work/local/cargo-home:/cargo-home:ro -v /home/ec2-user/cargobomb/./work/local/rustup-home:/rustup-home:ro -v /home/ec2-user/cargobomb/./work/local/target-dirs/beta/stable:/target:rw -e USER_ID=500 -e CMD=cargo +stable test --frozen --no-run cargobomb`
blam! b9df9c3c6207431559078a36a376f0409579a97291757a4ac125dfd2e7d8da3d
boom! running `docker start -a b9df9c3c6207431559078a36a376f0409579a97291757a4ac125dfd2e7d8da3d`
kablam!    Compiling windows-error v1.0.2 (file:///source)
kablam! error[E0433]: failed to resolve. Use of undeclared type or module `WindowsError`
kablam!  --> tests/error.rs:8:13
kablam!   |
kablam! 8 |     assert!(WindowsError::new(0) == 0 as u16);
kablam!   |             ^^^^^^^^^^^^^^^^^ Use of undeclared type or module `WindowsError`
kablam! 
kablam! error[E0433]: failed to resolve. Use of undeclared type or module `WindowsError`
kablam!  --> tests/error.rs:9:13
kablam!   |
kablam! 9 |     assert!(WindowsError::new(0) == WindowsError::from(0));
kablam!   |             ^^^^^^^^^^^^^^^^^ Use of undeclared type or module `WindowsError`
kablam! 
kablam! error[E0433]: failed to resolve. Use of undeclared type or module `WindowsError`
kablam!  --> tests/error.rs:9:37
kablam!   |
kablam! 9 |     assert!(WindowsError::new(0) == WindowsError::from(0));
kablam!   |                                     ^^^^^^^^^^^^^^^^^^ Use of undeclared type or module `WindowsError`
kablam! 
kablam! error[E0433]: failed to resolve. Use of undeclared type or module `WindowsError`
kablam!   --> tests/error.rs:10:13
kablam!    |
kablam! 10 |     assert!(WindowsError::new(1) != WindowsError::from(0));
kablam!    |             ^^^^^^^^^^^^^^^^^ Use of undeclared type or module `WindowsError`
kablam! 
kablam! error[E0433]: failed to resolve. Use of undeclared type or module `WindowsError`
kablam!   --> tests/error.rs:10:37
kablam!    |
kablam! 10 |     assert!(WindowsError::new(1) != WindowsError::from(0));
kablam!    |                                     ^^^^^^^^^^^^^^^^^^ Use of undeclared type or module `WindowsError`
kablam! 
kablam! error[E0433]: failed to resolve. Use of undeclared type or module `WindowsError`
kablam!   --> tests/error.rs:12:18
kablam!    |
kablam! 12 |     let result = WindowsError::new(0);
kablam!    |                  ^^^^^^^^^^^^^^^^^ Use of undeclared type or module `WindowsError`
kablam! 
kablam! error[E0433]: failed to resolve. Use of undeclared type or module `WindowsError`
kablam!   --> tests/error.rs:16:18
kablam!    |
kablam! 16 |     let result = WindowsError::new(1);
kablam!    |                  ^^^^^^^^^^^^^^^^^ Use of undeclared type or module `WindowsError`
kablam! 
kablam! error[E0433]: failed to resolve. Use of undeclared type or module `WindowsError`
kablam!   --> tests/error.rs:20:18
kablam!    |
kablam! 20 |     let result = WindowsError::new(666);
kablam!    |                  ^^^^^^^^^^^^^^^^^ Use of undeclared type or module `WindowsError`
kablam! 
kablam! error: aborting due to 8 previous errors
kablam! 
blam! Build failed, waiting for other jobs to finish...
kablam! error: Could not compile `windows-error`.
kablam! 
kablam! To learn more, run the command again with --verbose.
boom! running `docker rm -f b9df9c3c6207431559078a36a376f0409579a97291757a4ac125dfd2e7d8da3d`
blam! b9df9c3c6207431559078a36a376f0409579a97291757a4ac125dfd2e7d8da3d
boom! running: cargo +stable test --frozen
boom! creating container for: cargo +stable test --frozen
boom! running `docker create -v /home/ec2-user/cargobomb/./work/local/test-source/beta/stable:/source:ro -v /home/ec2-user/cargobomb/./work/local/cargo-home:/cargo-home:ro -v /home/ec2-user/cargobomb/./work/local/rustup-home:/rustup-home:ro -v /home/ec2-user/cargobomb/./work/local/target-dirs/beta/stable:/target:rw -e USER_ID=500 -e CMD=cargo +stable test --frozen cargobomb`
blam! bbc4fc78659626417d4db503f7b2b41a201ebbb9beb0b00143efd7e607024f38
boom! running `docker start -a bbc4fc78659626417d4db503f7b2b41a201ebbb9beb0b00143efd7e607024f38`
kablam!    Compiling windows-error v1.0.2 (file:///source)
kablam! error[E0433]: failed to resolve. Use of undeclared type or module `WindowsError`
kablam!  --> tests/error.rs:8:13
kablam!   |
kablam! 8 |     assert!(WindowsError::new(0) == 0 as u16);
kablam!   |             ^^^^^^^^^^^^^^^^^ Use of undeclared type or module `WindowsError`
kablam! 
kablam! error[E0433]: failed to resolve. Use of undeclared type or module `WindowsError`
kablam!  --> tests/error.rs:9:13
kablam!   |
kablam! 9 |     assert!(WindowsError::new(0) == WindowsError::from(0));
kablam!   |             ^^^^^^^^^^^^^^^^^ Use of undeclared type or module `WindowsError`
kablam! 
kablam! error[E0433]: failed to resolve. Use of undeclared type or module `WindowsError`
kablam!  --> tests/error.rs:9:37
kablam!   |
kablam! 9 |     assert!(WindowsError::new(0) == WindowsError::from(0));
kablam!   |                                     ^^^^^^^^^^^^^^^^^^ Use of undeclared type or module `WindowsError`
kablam! 
kablam! error[E0433]: failed to resolve. Use of undeclared type or module `WindowsError`
kablam!   --> tests/error.rs:10:13
kablam!    |
kablam! 10 |     assert!(WindowsError::new(1) != WindowsError::from(0));
kablam!    |             ^^^^^^^^^^^^^^^^^ Use of undeclared type or module `WindowsError`
kablam! 
kablam! error[E0433]: failed to resolve. Use of undeclared type or module `WindowsError`
kablam!   --> tests/error.rs:10:37
kablam!    |
kablam! 10 |     assert!(WindowsError::new(1) != WindowsError::from(0));
kablam!    |                                     ^^^^^^^^^^^^^^^^^^ Use of undeclared type or module `WindowsError`
kablam! 
kablam! error[E0433]: failed to resolve. Use of undeclared type or module `WindowsError`
kablam!   --> tests/error.rs:12:18
kablam!    |
kablam! 12 |     let result = WindowsError::new(0);
kablam!    |                  ^^^^^^^^^^^^^^^^^ Use of undeclared type or module `WindowsError`
kablam! 
kablam! error[E0433]: failed to resolve. Use of undeclared type or module `WindowsError`
kablam!   --> tests/error.rs:16:18
kablam!    |
kablam! 16 |     let result = WindowsError::new(1);
kablam!    |                  ^^^^^^^^^^^^^^^^^ Use of undeclared type or module `WindowsError`
kablam! 
kablam! error[E0433]: failed to resolve. Use of undeclared type or module `WindowsError`
kablam!   --> tests/error.rs:20:18
kablam!    |
kablam! 20 |     let result = WindowsError::new(666);
kablam!    |                  ^^^^^^^^^^^^^^^^^ Use of undeclared type or module `WindowsError`
kablam! 
kablam! error: aborting due to 8 previous errors
kablam! 
kablam! error: Could not compile `windows-error`.
kablam! 
kablam! To learn more, run the command again with --verbose.
boom! running `docker rm -f bbc4fc78659626417d4db503f7b2b41a201ebbb9beb0b00143efd7e607024f38`
blam! bbc4fc78659626417d4db503f7b2b41a201ebbb9beb0b00143efd7e607024f38
