boom! testing https://github.com/rictic/rud#10441af23690c06e6c9d24ee532cd78f9dbdb85e against nightly for nightly
boom! running: cargo +nightly build --frozen
boom! creating container for: cargo +nightly build --frozen
boom! running `docker create -v /home/ec2-user/cargobomb/./work/local/test-source/nightly/nightly:/source:ro -v /home/ec2-user/cargobomb/./work/local/cargo-home:/cargo-home:ro -v /home/ec2-user/cargobomb/./work/local/rustup-home:/rustup-home:ro -v /home/ec2-user/cargobomb/./work/local/target-dirs/nightly/nightly:/target:rw -e USER_ID=500 -e CMD=cargo +nightly build --frozen cargobomb`
blam! 66f853a5c936e11736f74d46de8df667370ec52f19bb93244076ee1e94f19c33
boom! running `docker start -a 66f853a5c936e11736f74d46de8df667370ec52f19bb93244076ee1e94f19c33`
kablam!    Compiling rud v0.0.1 (file:///source)
kablam! error: expected expression, found reserved keyword `proc`
kablam!   --> src/main.rs:36:15
kablam!    |
kablam! 36 |         spawn(proc() {
kablam!    |               ^^^^
kablam! 
kablam! error: expected one of `)`, `.`, `;`, `<`, `?`, `break`, `continue`, `false`, `for`, `if`, `loop`, `match`, `move`, `return`, `true`, `unsafe`, `while`, `}`, or an operator, found `proc`
kablam!   --> src/main.rs:36:15
kablam!    |
kablam! 36 |         spawn(proc() {
kablam!    |               ^^^^
kablam! 
kablam! error: invalid suffix `u` for numeric literal
kablam!   --> src/main.rs:57:24
kablam!    |
kablam! 57 |         for _ in range(0u, 100) {
kablam!    |                        ^^
kablam!    |
kablam!    = help: the suffix must be one of the integral types (`u32`, `isize`, etc)
kablam! 
kablam! error: expected expression, found reserved keyword `proc`
kablam!    --> src/main.rs:119:15
kablam!     |
kablam! 119 |         spawn(proc() {
kablam!     |               ^^^^
kablam! 
kablam! error: expected one of `)`, `.`, `;`, `<`, `?`, `break`, `continue`, `false`, `for`, `if`, `loop`, `match`, `move`, `return`, `true`, `unsafe`, `while`, `}`, or an operator, found `proc`
kablam!    --> src/main.rs:119:15
kablam!     |
kablam! 119 |         spawn(proc() {
kablam!     |               ^^^^
kablam! 
kablam! error[E0432]: unresolved import `std::io::TcpListener`
kablam!  --> src/main.rs:3:15
kablam!   |
kablam! 3 | use std::io::{TcpListener, TcpStream, Listener, Acceptor};
kablam!   |               ^^^^^^^^^^^ no `TcpListener` in `io`
kablam! 
kablam! error[E0432]: unresolved import `std::io::TcpStream`
kablam!  --> src/main.rs:3:28
kablam!   |
kablam! 3 | use std::io::{TcpListener, TcpStream, Listener, Acceptor};
kablam!   |                            ^^^^^^^^^ no `TcpStream` in `io`
kablam! 
kablam! error[E0432]: unresolved import `std::io::Listener`
kablam!  --> src/main.rs:3:39
kablam!   |
kablam! 3 | use std::io::{TcpListener, TcpStream, Listener, Acceptor};
kablam!   |                                       ^^^^^^^^ no `Listener` in `io`
kablam! 
kablam! error[E0432]: unresolved import `std::io::Acceptor`
kablam!  --> src/main.rs:3:49
kablam!   |
kablam! 3 | use std::io::{TcpListener, TcpStream, Listener, Acceptor};
kablam!   |                                                 ^^^^^^^^ no `Acceptor` in `io`
kablam! 
kablam! error[E0432]: unresolved import `std::io::net::tcp::TcpAcceptor`
kablam!  --> src/main.rs:4:5
kablam!   |
kablam! 4 | use std::io::net::tcp::TcpAcceptor;
kablam!   |     ^^^^^^^^^^^^^^^^^^^^^^^^^^^^^^ Could not find `net` in `io`
kablam! 
kablam! error[E0432]: unresolved import `std::comm::Receiver`
kablam!  --> src/main.rs:5:17
kablam!   |
kablam! 5 | use std::comm::{Receiver, Sender, channel};
kablam!   |                 ^^^^^^^^ Could not find `comm` in `std`
kablam! 
kablam! error[E0432]: unresolved import `std::comm::Sender`
kablam!  --> src/main.rs:5:27
kablam!   |
kablam! 5 | use std::comm::{Receiver, Sender, channel};
kablam!   |                           ^^^^^^ Could not find `comm` in `std`
kablam! 
kablam! error[E0432]: unresolved import `std::comm::channel`
kablam!  --> src/main.rs:5:35
kablam!   |
kablam! 5 | use std::comm::{Receiver, Sender, channel};
kablam!   |                                   ^^^^^^^ Could not find `comm` in `std`
kablam! 
kablam! error[E0412]: cannot find type `IoResult` in module `io`
kablam!   --> src/main.rs:28:42
kablam!    |
kablam! 28 |     fn new(host: &str, port: u16) -> io::IoResult<Server> {
kablam!    |                                          ^^^^^^^^ did you mean `Result`?
kablam! 
kablam! error[E0425]: cannot find function `spawn` in this scope
kablam!   --> src/main.rs:36:9
kablam!    |
kablam! 36 |         spawn(proc() {
kablam!    |         ^^^^^ not found in this scope
kablam!    |
kablam!    = help: possible candidate is found in another module, you can import it into scope:
kablam!              `use std::thread::spawn;`
kablam! 
kablam! error[E0405]: cannot find trait `Reader` in this scope
kablam!    --> src/main.rs:117:25
kablam!     |
kablam! 117 |     pub fn get_lines<R: Reader + Send>(reader: R) -> Receiver<String> {
kablam!     |                         ^^^^^^ not found in this scope
kablam! 
kablam! error[E0425]: cannot find function `spawn` in this scope
kablam!    --> src/main.rs:119:9
kablam!     |
kablam! 119 |         spawn(proc() {
kablam!     |         ^^^^^ not found in this scope
kablam!     |
kablam!     = help: possible candidate is found in another module, you can import it into scope:
kablam!               `use std::thread::spawn;`
kablam! 
kablam! error[E0433]: failed to resolve. Could not find `BufferedReader` in `io`
kablam!    --> src/main.rs:160:17
kablam!     |
kablam! 160 |     for line in io::BufferedReader::new(io::stdio::stdin()).lines() {
kablam!     |                 ^^^^^^^^^^^^^^^^^^^^^^^ Could not find `BufferedReader` in `io`
kablam! 
kablam! error: module `stdio` is private
kablam!    --> src/main.rs:160:41
kablam!     |
kablam! 160 |     for line in io::BufferedReader::new(io::stdio::stdin()).lines() {
kablam!     |                                         ^^^^^^^^^^^^^^^^
kablam! 
kablam! error: The attribute `deriving` is currently unknown to the compiler and may have meaning added to it in the future (see issue #29642)
kablam!   --> src/main.rs:19:1
kablam!    |
kablam! 19 | #[deriving(Clone, Send)]
kablam!    | ^^^^^^^^^^^^^^^^^^^^^^^^
kablam!    |
kablam!    = help: add #![feature(custom_attribute)] to the crate attributes to enable
kablam! 
kablam! error: aborting due to previous error
kablam! 
kablam! error: Could not compile `rud`.
kablam! 
kablam! To learn more, run the command again with --verbose.
boom! running `docker rm -f 66f853a5c936e11736f74d46de8df667370ec52f19bb93244076ee1e94f19c33`
blam! 66f853a5c936e11736f74d46de8df667370ec52f19bb93244076ee1e94f19c33
