boom! testing sccache-0.1.0 against beta for beta
boom! running: cargo +beta build --frozen
boom! creating container for: cargo +beta build --frozen
boom! running `docker create -v /home/ec2-user/cargobomb/./work/local/test-source/beta/beta:/source:ro -v /home/ec2-user/cargobomb/./work/local/cargo-home:/cargo-home:ro -v /home/ec2-user/cargobomb/./work/local/rustup-home:/rustup-home:ro -v /home/ec2-user/cargobomb/./work/local/target-dirs/beta/beta:/target:rw -e USER_ID=500 -e CMD=cargo +beta build --frozen cargobomb`
blam! 2cae403f93504d63847b2fd11abf190db83ee97fb4f8197a6906836148fee15a
boom! running `docker start -a 2cae403f93504d63847b2fd11abf190db83ee97fb4f8197a6906836148fee15a`
kablam!    Compiling futures v0.1.10
kablam!    Compiling which v0.2.1
kablam!    Compiling number_prefix v0.2.7
kablam!    Compiling miow v0.1.5
kablam!    Compiling mio v0.5.1
kablam!    Compiling sccache v0.1.0 (file:///source)
kablam! warning: use of deprecated item, #[warn(deprecated)] on by default
kablam!    --> src/protocol.rs:522:29
kablam!     |
kablam! 522 |                 fields.push(::protobuf::reflect::accessor::make_repeated_string_accessor(
kablam!     |                             ^^^^^^^^^^^^^^^^^^^^^^^^^^^^^^^^^^^^^^^^^^^^^^^^^^^^^^^^^^^^
kablam! 
kablam! warning: use of deprecated item, #[warn(deprecated)] on by default
kablam!     --> src/protocol.rs:1419:29
kablam!      |
kablam! 1419 |                 fields.push(::protobuf::reflect::accessor::make_repeated_message_accessor(
kablam!      |                             ^^^^^^^^^^^^^^^^^^^^^^^^^^^^^^^^^^^^^^^^^^^^^^^^^^^^^^^^^^^^^
kablam! 
kablam!     Finished dev [unoptimized + debuginfo] target(s) in 33.65 secs
boom! running `docker rm -f 2cae403f93504d63847b2fd11abf190db83ee97fb4f8197a6906836148fee15a`
blam! 2cae403f93504d63847b2fd11abf190db83ee97fb4f8197a6906836148fee15a
boom! running: cargo +beta test --frozen --no-run
boom! creating container for: cargo +beta test --frozen --no-run
boom! running `docker create -v /home/ec2-user/cargobomb/./work/local/test-source/beta/beta:/source:ro -v /home/ec2-user/cargobomb/./work/local/cargo-home:/cargo-home:ro -v /home/ec2-user/cargobomb/./work/local/rustup-home:/rustup-home:ro -v /home/ec2-user/cargobomb/./work/local/target-dirs/beta/beta:/target:rw -e USER_ID=500 -e CMD=cargo +beta test --frozen --no-run cargobomb`
blam! 66bf4f4089a51a0433b449a02594e22fd3b2c85ed5c86d35d21a19c08193bd76
boom! running `docker start -a 66bf4f4089a51a0433b449a02594e22fd3b2c85ed5c86d35d21a19c08193bd76`
kablam!    Compiling sccache v0.1.0 (file:///source)
kablam! warning: use of deprecated item, #[warn(deprecated)] on by default
kablam!    --> src/protocol.rs:522:29
kablam!     |
kablam! 522 |                 fields.push(::protobuf::reflect::accessor::make_repeated_string_accessor(
kablam!     |                             ^^^^^^^^^^^^^^^^^^^^^^^^^^^^^^^^^^^^^^^^^^^^^^^^^^^^^^^^^^^^
kablam! 
kablam! warning: use of deprecated item, #[warn(deprecated)] on by default
kablam!     --> src/protocol.rs:1419:29
kablam!      |
kablam! 1419 |                 fields.push(::protobuf::reflect::accessor::make_repeated_message_accessor(
kablam!      |                             ^^^^^^^^^^^^^^^^^^^^^^^^^^^^^^^^^^^^^^^^^^^^^^^^^^^^^^^^^^^^^
kablam! 
kablam!     Finished dev [unoptimized + debuginfo] target(s) in 27.80 secs
boom! running `docker rm -f 66bf4f4089a51a0433b449a02594e22fd3b2c85ed5c86d35d21a19c08193bd76`
blam! 66bf4f4089a51a0433b449a02594e22fd3b2c85ed5c86d35d21a19c08193bd76
boom! running: cargo +beta test --frozen
boom! creating container for: cargo +beta test --frozen
boom! running `docker create -v /home/ec2-user/cargobomb/./work/local/test-source/beta/beta:/source:ro -v /home/ec2-user/cargobomb/./work/local/cargo-home:/cargo-home:ro -v /home/ec2-user/cargobomb/./work/local/rustup-home:/rustup-home:ro -v /home/ec2-user/cargobomb/./work/local/target-dirs/beta/beta:/target:rw -e USER_ID=500 -e CMD=cargo +beta test --frozen cargobomb`
blam! 258ac7171334f66b34c7cb274964b342c24fad4b84ac39a60fb3543f43f72cf1
boom! running `docker start -a 258ac7171334f66b34c7cb274964b342c24fad4b84ac39a60fb3543f43f72cf1`
kablam!     Finished dev [unoptimized + debuginfo] target(s) in 0.0 secs
kablam!      Running /target/debug/deps/sccache-0f7cc3695e003e61
blam! 
blam! running 63 tests
blam! test cache::cache::test::test_hash_key_executable_contents_differs ... ok
blam! test cache::cache::test::test_hash_key_executable_path_differs ... ok
blam! test cache::cache::test::test_hash_key_env_var_differs ... ok
blam! test cache::cache::test::test_hash_key_args_differs ... ok
blam! test compiler::clang::test::test_parse_arguments_simple ... ok
blam! test compiler::clang::test::test_parse_arguments_values ... ok
blam! test cache::cache::test::test_hash_key_preprocessed_content_differs ... ok
blam! test compiler::clang::test::test_compile_simple ... ok
blam! test compiler::clang::test::test_compile_werror_fails ... ok
blam! test compiler::compiler::test::test_detect_compiler_kind_clang ... ok
blam! test compiler::compiler::test::test_detect_compiler_kind_gcc ... ok
blam! test compiler::compiler::test::test_compiler_get_cached_or_compile_cached ... ok
blam! test compiler::compiler::test::test_compiler_get_cached_or_compile_uncached ... ok
blam! test compiler::compiler::test::test_detect_compiler_kind_process_fail ... ok
blam! test compiler::compiler::test::test_detect_compiler_kind_unknown ... ok
blam! test compiler::gcc::test::test_parse_arguments_clangmodules ... ok
blam! test compiler::gcc::test::test_parse_arguments_dep_target_needed ... ok
blam! test compiler::compiler::test::test_detect_compiler_kind_msvc ... ok
blam! test compiler::compiler::test::test_compiler_get_cached_or_compile_force_recache ... ok
blam! test compiler::gcc::test::test_parse_arguments_explicit_dep_target ... ok
blam! test compiler::gcc::test::test_parse_arguments_empty_args ... ok
blam! test compiler::gcc::test::test_parse_arguments_not_compile ... ok
blam! test compiler::gcc::test::test_parse_arguments_extra ... ok
blam! test compiler::gcc::test::test_parse_arguments_preprocessor_args ... ok
blam! test compiler::gcc::test::test_parse_arguments_pgo ... ok
blam! test compiler::gcc::test::test_parse_arguments_response_file ... ok
blam! test compiler::gcc::test::test_parse_arguments_simple ... ok
blam! test compiler::gcc::test::test_parse_arguments_too_many_inputs ... ok
blam! test compiler::gcc::test::test_parse_arguments_split_dwarf ... ok
blam! test compiler::gcc::test::test_parse_arguments_explicit_dep_target_needed ... ok
blam! test compiler::compiler::test::test_get_compiler_info ... ok
blam! test compiler::gcc::test::test_parse_arguments_values ... ok
blam! test compiler::msvc::test::test_compile_not_cacheable_pdb ... ok
blam! test compiler::msvc::test::test_compile_simple ... ok
blam! test compiler::msvc::test::test_detect_showincludes_prefix ... ok
blam! test compiler::msvc::test::test_parse_arguments_empty_args ... ok
blam! test compiler::msvc::test::test_parse_arguments_extra ... ok
blam! test compiler::msvc::test::test_parse_arguments_not_compile ... ok
blam! test compiler::msvc::test::test_compile_preprocessed_fails ... ok
blam! test compiler::msvc::test::test_parse_arguments_missing_pdb ... ok
blam! test compiler::msvc::test::test_parse_arguments_pdb ... ok
blam! test compiler::msvc::test::test_parse_arguments_response_file ... ok
blam! test compiler::msvc::test::test_parse_arguments_simple ... ok
blam! test compiler::msvc::test::test_parse_arguments_unsupported ... ok
blam! test compiler::msvc::test::test_parse_arguments_too_many_inputs ... ok
blam! test compiler::msvc::test::test_parse_arguments_values ... ok
blam! test mock_command::test::test_mock_command_output ... ok
blam! test mock_command::test::test_mock_spawn_error ... ok
blam! test mock_command::test::test_mock_command_wait ... ok
blam! test mock_command::test::test_mock_command_calls ... ok
blam! test mock_command::test::test_mock_wait_error ... ok
blam! test mock_command::test::test_mock_command_sync ... ok
blam! test mock_command::test::test_real_command_sync ... ok
blam! test mock_command::test::test_unexpected_new_command ... ok
blam! test test::system::test_sccache_command ... FAILED
blam! test test::tests::test_server_shutdown ... ok
blam! test test::tests::test_server_stats ... ok
blam! test test::utils::test_map_contains_missing_key ... ok
blam! test test::utils::test_map_contains_ok ... ok
blam! test test::utils::test_map_contains_wrong_value ... ok
kablam! thread '<unnamed>' panicked at 'called `Result::unwrap()` on an `Err` value: NotifyError::Closed(..)', /buildslave/rust-buildbot/slave/beta-dist-rustc-linux/build/src/libcore/result.rs:868
blam! test test::tests::test_server_compile ... ok
blam! test test::tests::test_server_unsupported_compiler ... ok
blam! test test::tests::test_server_idle_timeout ... ok
blam! 
blam! failures:
blam! 
blam! ---- test::system::test_sccache_command stdout ----
blam! 	thread 'test::system::test_sccache_command' panicked at 'Error: sccache binary not found at `"/target/debug/deps/sccache". Do you need to run `cargo build`?', src/test/system.rs:197
blam! 
blam! 
blam! failures:
blam!     test::system::test_sccache_command
blam! 
blam! test result: FAILED. 62 passed; 1 failed; 0 ignored; 0 measured
blam! 
kablam! error: test failed
boom! running `docker rm -f 258ac7171334f66b34c7cb274964b342c24fad4b84ac39a60fb3543f43f72cf1`
blam! 258ac7171334f66b34c7cb274964b342c24fad4b84ac39a60fb3543f43f72cf1
