boom! testing https://github.com/KodrAus/nuget-rs#2f3c4cea00bc5c183af7b5da1b36917a1ff8454a against nightly for nightly
boom! running: cargo +nightly build --frozen
boom! creating container for: cargo +nightly build --frozen
boom! running `docker create -v /home/ec2-user/cargobomb/./work/local/test-source/nightly/nightly:/source:ro -v /home/ec2-user/cargobomb/./work/local/cargo-home:/cargo-home:ro -v /home/ec2-user/cargobomb/./work/local/rustup-home:/rustup-home:ro -v /home/ec2-user/cargobomb/./work/local/target-dirs/nightly/nightly:/target:rw -e USER_ID=500 -e CMD=cargo +nightly build --frozen cargobomb`
blam! f6d52668ec71070cb0ee5fe87a490659b20df602957f6c59c74a7cd57d2aa04b
boom! running `docker start -a f6d52668ec71070cb0ee5fe87a490659b20df602957f6c59c74a7cd57d2aa04b`
kablam!    Compiling miniz-sys v0.1.9
kablam!    Compiling bzip2-sys v0.1.5
kablam!    Compiling term_size v0.2.1
kablam!    Compiling msdos_time v0.1.4
kablam!    Compiling term v0.4.4
kablam!    Compiling clap v2.19.3
kablam!    Compiling bzip2 v0.3.1
kablam!    Compiling flate2 v0.2.17
kablam!    Compiling zip v0.2.0
kablam!    Compiling term-painter v0.2.3
kablam!    Compiling cargo-nuget v0.1.0 (file:///source)
kablam!     Finished dev [unoptimized + debuginfo] target(s) in 30.37 secs
boom! running `docker rm -f f6d52668ec71070cb0ee5fe87a490659b20df602957f6c59c74a7cd57d2aa04b`
blam! f6d52668ec71070cb0ee5fe87a490659b20df602957f6c59c74a7cd57d2aa04b
boom! running: cargo +nightly test --frozen --no-run
boom! creating container for: cargo +nightly test --frozen --no-run
boom! running `docker create -v /home/ec2-user/cargobomb/./work/local/test-source/nightly/nightly:/source:ro -v /home/ec2-user/cargobomb/./work/local/cargo-home:/cargo-home:ro -v /home/ec2-user/cargobomb/./work/local/rustup-home:/rustup-home:ro -v /home/ec2-user/cargobomb/./work/local/target-dirs/nightly/nightly:/target:rw -e USER_ID=500 -e CMD=cargo +nightly test --frozen --no-run cargobomb`
blam! 9052c9c16a5339198b6f9e180c78a23242b778b782730130256186565db75230
boom! running `docker start -a 9052c9c16a5339198b6f9e180c78a23242b778b782730130256186565db75230`
kablam!    Compiling cargo-nuget v0.1.0 (file:///source)
kablam!     Finished dev [unoptimized + debuginfo] target(s) in 7.25 secs
boom! running `docker rm -f 9052c9c16a5339198b6f9e180c78a23242b778b782730130256186565db75230`
blam! 9052c9c16a5339198b6f9e180c78a23242b778b782730130256186565db75230
boom! running: cargo +nightly test --frozen
boom! creating container for: cargo +nightly test --frozen
boom! running `docker create -v /home/ec2-user/cargobomb/./work/local/test-source/nightly/nightly:/source:ro -v /home/ec2-user/cargobomb/./work/local/cargo-home:/cargo-home:ro -v /home/ec2-user/cargobomb/./work/local/rustup-home:/rustup-home:ro -v /home/ec2-user/cargobomb/./work/local/target-dirs/nightly/nightly:/target:rw -e USER_ID=500 -e CMD=cargo +nightly test --frozen cargobomb`
blam! 43f870af6a017b52a97f39bb0698497c04fba45a6f2c9c7de53189e669980d1e
boom! running `docker start -a 43f870af6a017b52a97f39bb0698497c04fba45a6f2c9c7de53189e669980d1e`
kablam!     Finished dev [unoptimized + debuginfo] target(s) in 0.0 secs
kablam!      Running /target/debug/deps/cargo_nuget-6bc4a0abd7b29765
blam! 
blam! running 16 tests
blam! test cargo::build::tests::cargo_build_debug ... FAILED
blam! test cargo::build::tests::cargo_test_release ... FAILED
blam! test cargo::parse::tests::parse_toml_from_buf ... ok
blam! test cargo::parse::tests::parse_toml_from_file ... ok
blam! test cargo::parse::tests::parse_toml_missing_lib ... ok
blam! test cargo::parse::tests::parse_toml_missing_name ... ok
blam! test cargo::parse::tests::parse_toml_missing_version ... ok
blam! test cargo::parse::tests::parse_toml_not_a_dylib ... ok
blam! test nuget::pack::tests::pack_with_no_targets ... ok
blam! test nuget::pack::tests::pack_with_unknown_target ... ok
blam! test nuget::spec::tests::format_nuget ... ok
blam! test nuget::util::openxml::tests::content_types_file ... ok
blam! test cargo::build::tests::cargo_build_release ... FAILED
blam! test nuget::util::openxml::tests::rels_file ... ok
blam! test cargo::build::tests::cargo_build_missing_output ... FAILED
blam! test cargo::build::tests::cargo_test_debug ... FAILED
blam! 
blam! failures:
blam! 
blam! ---- cargo::build::tests::cargo_build_debug stdout ----
blam! 	thread 'cargo::build::tests::cargo_build_debug' panicked at 'called `Result::unwrap()` on an `Err` value: Run', /checkout/src/libcore/result.rs:860
blam! note: Run with `RUST_BACKTRACE=1` for a backtrace.
blam! 
blam! ---- cargo::build::tests::cargo_test_release stdout ----
blam! 	thread 'cargo::build::tests::cargo_test_release' panicked at 'called `Result::unwrap()` on an `Err` value: Run', /checkout/src/libcore/result.rs:860
blam! 
blam! ---- cargo::build::tests::cargo_build_release stdout ----
blam! 	thread 'cargo::build::tests::cargo_build_release' panicked at 'called `Result::unwrap()` on an `Err` value: Run', /checkout/src/libcore/result.rs:860
blam! 
kablam! error: test failed
blam! ---- cargo::build::tests::cargo_build_missing_output stdout ----
blam! 	thread 'cargo::build::tests::cargo_build_missing_output' panicked at 'Err(Run)', src/cargo/build.rs:253
blam! 
blam! ---- cargo::build::tests::cargo_test_debug stdout ----
blam! 	thread 'cargo::build::tests::cargo_test_debug' panicked at 'called `Result::unwrap()` on an `Err` value: Run', /checkout/src/libcore/result.rs:860
blam! 
blam! 
blam! failures:
blam!     cargo::build::tests::cargo_build_debug
blam!     cargo::build::tests::cargo_build_missing_output
blam!     cargo::build::tests::cargo_build_release
blam!     cargo::build::tests::cargo_test_debug
blam!     cargo::build::tests::cargo_test_release
blam! 
blam! test result: FAILED. 11 passed; 5 failed; 0 ignored; 0 measured
blam! 
boom! running `docker rm -f 43f870af6a017b52a97f39bb0698497c04fba45a6f2c9c7de53189e669980d1e`
blam! 43f870af6a017b52a97f39bb0698497c04fba45a6f2c9c7de53189e669980d1e
