boom! testing atom_syndication-0.1.4 against stable for nightly
boom! running: cargo +stable build --frozen
boom! creating container for: cargo +stable build --frozen
boom! running `docker create -v /home/ec2-user/cargobomb/./work/local/test-source/nightly/stable:/source:ro -v /home/ec2-user/cargobomb/./work/local/cargo-home:/cargo-home:ro -v /home/ec2-user/cargobomb/./work/local/rustup-home:/rustup-home:ro -v /home/ec2-user/cargobomb/./work/local/target-dirs/nightly/stable:/target:rw -e USER_ID=500 -e CMD=cargo +stable build --frozen cargobomb`
blam! 92615ed032a30d7a118783a3172627246685c1950ffcb848f5fee560dd922001
boom! running `docker start -a 92615ed032a30d7a118783a3172627246685c1950ffcb848f5fee560dd922001`
kablam!    Compiling RustyXML v0.1.1
kablam!    Compiling atom_syndication v0.1.4 (file:///source)
kablam!     Finished dev [unoptimized + debuginfo] target(s) in 7.3 secs
boom! running `docker rm -f 92615ed032a30d7a118783a3172627246685c1950ffcb848f5fee560dd922001`
blam! 92615ed032a30d7a118783a3172627246685c1950ffcb848f5fee560dd922001
boom! running: cargo +stable test --frozen --no-run
boom! creating container for: cargo +stable test --frozen --no-run
boom! running `docker create -v /home/ec2-user/cargobomb/./work/local/test-source/nightly/stable:/source:ro -v /home/ec2-user/cargobomb/./work/local/cargo-home:/cargo-home:ro -v /home/ec2-user/cargobomb/./work/local/rustup-home:/rustup-home:ro -v /home/ec2-user/cargobomb/./work/local/target-dirs/nightly/stable:/target:rw -e USER_ID=500 -e CMD=cargo +stable test --frozen --no-run cargobomb`
blam! e8612ffd5aa5cf4cc39bdbf47c61f46afa607017654a3120ac88ca83d1f4197a
boom! running `docker start -a e8612ffd5aa5cf4cc39bdbf47c61f46afa607017654a3120ac88ca83d1f4197a`
kablam!    Compiling atom_syndication v0.1.4 (file:///source)
kablam!     Finished dev [unoptimized + debuginfo] target(s) in 3.96 secs
boom! running `docker rm -f e8612ffd5aa5cf4cc39bdbf47c61f46afa607017654a3120ac88ca83d1f4197a`
blam! e8612ffd5aa5cf4cc39bdbf47c61f46afa607017654a3120ac88ca83d1f4197a
boom! running: cargo +stable test --frozen
boom! creating container for: cargo +stable test --frozen
boom! running `docker create -v /home/ec2-user/cargobomb/./work/local/test-source/nightly/stable:/source:ro -v /home/ec2-user/cargobomb/./work/local/cargo-home:/cargo-home:ro -v /home/ec2-user/cargobomb/./work/local/rustup-home:/rustup-home:ro -v /home/ec2-user/cargobomb/./work/local/target-dirs/nightly/stable:/target:rw -e USER_ID=500 -e CMD=cargo +stable test --frozen cargobomb`
blam! 0b9dd6235f245473b82f958a9ba6d52862d3f394b7af2d1e843b9e09d99f0c0c
boom! running `docker start -a 0b9dd6235f245473b82f958a9ba6d52862d3f394b7af2d1e843b9e09d99f0c0c`
kablam!     Finished dev [unoptimized + debuginfo] target(s) in 0.0 secs
kablam!      Running /target/debug/deps/atom_syndication-44b6970cda1b8a1c
blam! 
blam! running 7 tests
blam! test test::test_read_no_feeds ... ok
blam! test test::test_links ... ok
blam! test test::test_from_file ... FAILED
blam! test test::test_read_one_feed ... ok
blam! test test::test_read_one_feed_no_properties ... ok
blam! test test::test_basic_to_string ... ok
blam! test test::test_read_with_pinode ... ok
blam! 
blam! failures:
blam! 
blam! ---- test::test_from_file stdout ----
blam! 	thread 'test::test_from_file' panicked at 'called `Result::unwrap()` on an `Err` value: Error { repr: Os { code: 2, message: "No such file or directory" } }', /buildslave/rust-buildbot/slave/stable-dist-rustc-linux/build/src/libcore/result.rs:868
blam! note: Run with `RUST_BACKTRACE=1` for a backtrace.
blam! 
blam! 
blam! failures:
blam!     test::test_from_file
blam! 
blam! test result: FAILED. 6 passed; 1 failed; 0 ignored; 0 measured
blam! 
kablam! error: test failed
boom! running `docker rm -f 0b9dd6235f245473b82f958a9ba6d52862d3f394b7af2d1e843b9e09d99f0c0c`
blam! 0b9dd6235f245473b82f958a9ba6d52862d3f394b7af2d1e843b9e09d99f0c0c
