boom! testing cronparse-0.5.1 against stable for nightly
boom! running: cargo +stable build --frozen
boom! creating container for: cargo +stable build --frozen
boom! running `docker create -v /home/ec2-user/cargobomb/./work/local/test-source/nightly/stable:/source:ro -v /home/ec2-user/cargobomb/./work/local/cargo-home:/cargo-home:ro -v /home/ec2-user/cargobomb/./work/local/rustup-home:/rustup-home:ro -v /home/ec2-user/cargobomb/./work/local/target-dirs/nightly/stable:/target:rw -e USER_ID=500 -e CMD=cargo +stable build --frozen cargobomb`
blam! a1bbdb045996434c26ffee7e4b12bc3fa3b44f51b8ae43401e2357ba42dd486d
boom! running `docker start -a a1bbdb045996434c26ffee7e4b12bc3fa3b44f51b8ae43401e2357ba42dd486d`
kablam!    Compiling cronparse v0.5.1 (file:///source)
kablam! warning: unused import: `FromIterator`, #[warn(unused_imports)] on by default
kablam!  --> src/schedule.rs:8:17
kablam!   |
kablam! 8 | use std::iter::{FromIterator, IntoIterator, Iterator};
kablam!   |                 ^^^^^^^^^^^^
kablam! 
kablam! warning: unused import: `std::iter::FromIterator`, #[warn(unused_imports)] on by default
kablam!  --> src/crontab.rs:2:5
kablam!   |
kablam! 2 | use std::iter::FromIterator;
kablam!   |     ^^^^^^^^^^^^^^^^^^^^^^^
kablam! 
kablam!     Finished debug [unoptimized + debuginfo] target(s) in 3.17 secs
boom! running `docker rm -f a1bbdb045996434c26ffee7e4b12bc3fa3b44f51b8ae43401e2357ba42dd486d`
blam! a1bbdb045996434c26ffee7e4b12bc3fa3b44f51b8ae43401e2357ba42dd486d
boom! running: cargo +stable test --frozen --no-run
boom! creating container for: cargo +stable test --frozen --no-run
boom! running `docker create -v /home/ec2-user/cargobomb/./work/local/test-source/nightly/stable:/source:ro -v /home/ec2-user/cargobomb/./work/local/cargo-home:/cargo-home:ro -v /home/ec2-user/cargobomb/./work/local/rustup-home:/rustup-home:ro -v /home/ec2-user/cargobomb/./work/local/target-dirs/nightly/stable:/target:rw -e USER_ID=500 -e CMD=cargo +stable test --frozen --no-run cargobomb`
blam! d687a76099e51741fc94b8afec6dbb15b3aebf640e7e0b52482111036bb4a561
boom! running `docker start -a d687a76099e51741fc94b8afec6dbb15b3aebf640e7e0b52482111036bb4a561`
kablam!    Compiling cronparse v0.5.1 (file:///source)
kablam! warning: unused import: `FromIterator`, #[warn(unused_imports)] on by default
kablam!  --> src/schedule.rs:8:17
kablam!   |
kablam! 8 | use std::iter::{FromIterator, IntoIterator, Iterator};
kablam!   |                 ^^^^^^^^^^^^
kablam! 
kablam! warning: unused import: `std::iter::FromIterator`, #[warn(unused_imports)] on by default
kablam!  --> src/crontab.rs:2:5
kablam!   |
kablam! 2 | use std::iter::FromIterator;
kablam!   |     ^^^^^^^^^^^^^^^^^^^^^^^
kablam! 
kablam!     Finished debug [unoptimized + debuginfo] target(s) in 2.89 secs
boom! running `docker rm -f d687a76099e51741fc94b8afec6dbb15b3aebf640e7e0b52482111036bb4a561`
blam! d687a76099e51741fc94b8afec6dbb15b3aebf640e7e0b52482111036bb4a561
boom! running: cargo +stable test --frozen
boom! creating container for: cargo +stable test --frozen
boom! running `docker create -v /home/ec2-user/cargobomb/./work/local/test-source/nightly/stable:/source:ro -v /home/ec2-user/cargobomb/./work/local/cargo-home:/cargo-home:ro -v /home/ec2-user/cargobomb/./work/local/rustup-home:/rustup-home:ro -v /home/ec2-user/cargobomb/./work/local/target-dirs/nightly/stable:/target:rw -e USER_ID=500 -e CMD=cargo +stable test --frozen cargobomb`
blam! 79f5812342685b6c248b55568d73c113b34c9a4503b7ce4b96a37d9834795902
boom! running `docker start -a 79f5812342685b6c248b55568d73c113b34c9a4503b7ce4b96a37d9834795902`
kablam!     Finished debug [unoptimized + debuginfo] target(s) in 0.0 secs
kablam!      Running /target/debug/deps/cronparse-cb67260699c86885
blam! 
blam! running 0 tests
blam! 
blam! test result: ok. 0 passed; 0 failed; 0 ignored; 0 measured
blam! 
kablam!      Running /target/debug/skeptic-a80cda6b2869619b
blam! 
blam! running 1 test
kablam! thread 'main' panicked at 'called `Result::unwrap()` on an `Err` value: Error { repr: Os { code: 2, message: "No such file or directory" } }', ../src/libcore/result.rs:837
kablam! note: Run with `RUST_BACKTRACE=1` for a backtrace.
blam! test readme_0 ... FAILED
blam! 
blam! failures:
blam! 
blam! ---- readme_0 stdout ----
blam! 	thread 'readme_0' panicked at 'command failed', /cargo-home/registry/src/github.com-1ecc6299db9ec823/skeptic-0.5.0/lib.rs:351
blam! note: Run with `RUST_BACKTRACE=1` for a backtrace.
blam! 
blam! 
blam! failures:
blam!     readme_0
blam! 
blam! test result: FAILED. 0 passed; 1 failed; 0 ignored; 0 measured
blam! 
kablam! error: test failed
boom! running `docker rm -f 79f5812342685b6c248b55568d73c113b34c9a4503b7ce4b96a37d9834795902`
blam! 79f5812342685b6c248b55568d73c113b34c9a4503b7ce4b96a37d9834795902
