boom! testing https://github.com/reem/rust-n-queens#9a6e9c463cc3e0d8bd7abc3dc818499cfc097ffa against nightly for nightly
boom! running: cargo +nightly build --frozen
boom! creating container for: cargo +nightly build --frozen
boom! running `docker create -v /home/ec2-user/cargobomb/./work/local/test-source/nightly/nightly:/source:ro -v /home/ec2-user/cargobomb/./work/local/cargo-home:/cargo-home:ro -v /home/ec2-user/cargobomb/./work/local/rustup-home:/rustup-home:ro -v /home/ec2-user/cargobomb/./work/local/target-dirs/nightly/nightly:/target:rw -e USER_ID=500 -e CMD=cargo +nightly build --frozen cargobomb`
blam! b305373595b7e9376deb730e2a8629160866d5c1c70e7549ed5f0ca68f348b0e
boom! running `docker start -a b305373595b7e9376deb730e2a8629160866d5c1c70e7549ed5f0ca68f348b0e`
kablam!    Compiling nqueens v1.0.0 (file:///source)
kablam! error: expected expression, found reserved keyword `proc`
kablam!    --> src/main.rs:120:15
kablam!     |
kablam! 120 |         spawn(proc() {
kablam!     |               ^^^^
kablam! 
kablam! error: expected one of `)`, `.`, `;`, `<`, `?`, `break`, `continue`, `false`, `for`, `if`, `loop`, `match`, `move`, `return`, `true`, `unsafe`, `while`, `}`, or an operator, found `proc`
kablam!    --> src/main.rs:120:15
kablam!     |
kablam! 120 |         spawn(proc() {
kablam!     |               ^^^^
kablam! 
kablam! error: invalid suffix `u` for numeric literal
kablam!    --> src/main.rs:129:23
kablam!     |
kablam! 129 |     let mut results = 0u;
kablam!     |                       ^^
kablam!     |
kablam!     = help: the suffix must be one of the integral types (`u32`, `isize`, etc)
kablam! 
kablam! error: invalid suffix `u` for numeric literal
kablam!    --> src/main.rs:141:25
kablam!     |
kablam! 141 |     for num in range(0, 9u) {
kablam!     |                         ^^
kablam!     |
kablam!     = help: the suffix must be one of the integral types (`u32`, `isize`, etc)
kablam! 
kablam! error: invalid suffix `u` for numeric literal
kablam!    --> src/main.rs:149:25
kablam!     |
kablam! 149 |     for num in range(0, 9u) {
kablam!     |                         ^^
kablam!     |
kablam!     = help: the suffix must be one of the integral types (`u32`, `isize`, etc)
kablam! 
kablam! error[E0412]: cannot find type `uint` in this scope
kablam!   --> src/main.rs:21:24
kablam!    |
kablam! 21 | fn n_queens(n: i32) -> uint {
kablam!    |                        ^^^^ not found in this scope
kablam! 
kablam! error[E0412]: cannot find type `uint` in this scope
kablam!   --> src/main.rs:23:39
kablam!    |
kablam! 23 |     return n_queens_helper((1 << n as uint) -1, 0, 0, 0);
kablam!    |                                       ^^^^ not found in this scope
kablam! 
kablam! error[E0412]: cannot find type `uint` in this scope
kablam!   --> src/main.rs:45:87
kablam!    |
kablam! 45 | fn n_queens_helper(all_ones: i32, left_diags: i32, columns: i32, right_diags: i32) -> uint {
kablam!    |                                                                                       ^^^^ not found in this scope
kablam! 
kablam! error[E0412]: cannot find type `uint` in this scope
kablam!    --> src/main.rs:100:50
kablam!     |
kablam! 100 |     return solutions + ((columns == all_ones) as uint)
kablam!     |                                                  ^^^^ not found in this scope
kablam! 
kablam! error[E0412]: cannot find type `uint` in this scope
kablam!    --> src/main.rs:108:33
kablam!     |
kablam! 108 | fn parallel_n_queens(n: i32) -> uint {
kablam!     |                                 ^^^^ not found in this scope
kablam! 
kablam! error[E0412]: cannot find type `uint` in this scope
kablam!    --> src/main.rs:109:31
kablam!     |
kablam! 109 |     let all_ones = (1 << n as uint) - 1;
kablam!     |                               ^^^^ not found in this scope
kablam! 
kablam! error[E0425]: cannot find function `channel` in this scope
kablam!    --> src/main.rs:115:20
kablam!     |
kablam! 115 |     let (tx, rx) = channel();
kablam!     |                    ^^^^^^^ not found in this scope
kablam!     |
kablam!     = help: possible candidate is found in another module, you can import it into scope:
kablam!               `use std::sync::mpsc::channel;`
kablam! 
kablam! error[E0425]: cannot find function `spawn` in this scope
kablam!    --> src/main.rs:120:9
kablam!     |
kablam! 120 |         spawn(proc() {
kablam!     |         ^^^^^ not found in this scope
kablam!     |
kablam!     = help: possible candidate is found in another module, you can import it into scope:
kablam!               `use std::thread::spawn;`
kablam! 
kablam! error[E0412]: cannot find type `uint` in this scope
kablam!    --> src/main.rs:130:38
kablam!     |
kablam! 130 |     for value in rx.iter().take(n as uint) {
kablam!     |                                      ^^^^ not found in this scope
kablam! 
kablam! error[E0412]: cannot find type `uint` in this scope
kablam!    --> src/main.rs:133:48
kablam!     |
kablam! 133 |     return results + ((columns == all_ones) as uint)
kablam!     |                                                ^^^^ not found in this scope
kablam! 
kablam! error: aborting due to 15 previous errors
kablam! 
kablam! error: Could not compile `nqueens`.
kablam! 
kablam! To learn more, run the command again with --verbose.
boom! running `docker rm -f b305373595b7e9376deb730e2a8629160866d5c1c70e7549ed5f0ca68f348b0e`
blam! b305373595b7e9376deb730e2a8629160866d5c1c70e7549ed5f0ca68f348b0e
