boom! testing https://github.com/englishm/guessing_game#3f2be5e96113e1da286eded474060e1aa0b61727 against beta for beta
boom! running: cargo +beta build --frozen
boom! creating container for: cargo +beta build --frozen
boom! running `docker create -v /home/ec2-user/cargobomb/./work/local/test-source/beta/beta:/source:ro -v /home/ec2-user/cargobomb/./work/local/cargo-home:/cargo-home:ro -v /home/ec2-user/cargobomb/./work/local/rustup-home:/rustup-home:ro -v /home/ec2-user/cargobomb/./work/local/target-dirs/beta/beta:/target:rw -e USER_ID=500 -e CMD=cargo +beta build --frozen cargobomb`
blam! c6e42ef51dfa4855432da2d297511e3c141a162fcc2f71222d96946dfd343f39
boom! running `docker start -a c6e42ef51dfa4855432da2d297511e3c141a162fcc2f71222d96946dfd343f39`
kablam!    Compiling guessing_game v0.0.1 (file:///source)
kablam! error: invalid suffix `u` for numeric literal
kablam!  --> src/main.rs:8:49
kablam!   |
kablam! 8 |   let secret_number = (rand::random::<uint>() % 100u) + 1u;
kablam!   |                                                 ^^^^
kablam!   |
kablam!   = help: the suffix must be one of the integral types (`u32`, `isize`, etc)
kablam! 
kablam! error: invalid suffix `u` for numeric literal
kablam!  --> src/main.rs:8:57
kablam!   |
kablam! 8 |   let secret_number = (rand::random::<uint>() % 100u) + 1u;
kablam!   |                                                         ^^
kablam!   |
kablam!   = help: the suffix must be one of the integral types (`u32`, `isize`, etc)
kablam! 
kablam! error[E0412]: cannot find type `uint` in this scope
kablam!  --> src/main.rs:8:39
kablam!   |
kablam! 8 |   let secret_number = (rand::random::<uint>() % 100u) + 1u;
kablam!   |                                       ^^^^ not found in this scope
kablam! 
kablam! error[E0412]: cannot find type `uint` in this scope
kablam!   --> src/main.rs:17:27
kablam!    |
kablam! 17 |     let input_num: Option<uint> = input.trim().parse();
kablam!    |                           ^^^^ not found in this scope
kablam! 
kablam! error[E0412]: cannot find type `uint` in this scope
kablam!   --> src/main.rs:40:11
kablam!    |
kablam! 40 | fn cmp(a: uint, b: uint) -> Ordering {
kablam!    |           ^^^^ not found in this scope
kablam! 
kablam! error[E0412]: cannot find type `uint` in this scope
kablam!   --> src/main.rs:40:20
kablam!    |
kablam! 40 | fn cmp(a: uint, b: uint) -> Ordering {
kablam!    |                    ^^^^ not found in this scope
kablam! 
kablam! error: module `rand` is private
kablam!  --> src/main.rs:2:5
kablam!   |
kablam! 2 | use std::rand;
kablam!   |     ^^^^^^^^^
kablam! 
kablam! error[E0061]: this function takes 1 parameter but 0 parameters were supplied
kablam!   --> src/main.rs:14:29
kablam!    |
kablam! 14 |     let input = io::stdin().read_line()
kablam!    |                             ^^^^^^^^^ expected 1 parameter
kablam! 
kablam! error: no method named `trim` found for type `usize` in the current scope
kablam!   --> src/main.rs:17:41
kablam!    |
kablam! 17 |     let input_num: Option<uint> = input.trim().parse();
kablam!    |                                         ^^^^
kablam! 
kablam! error: aborting due to 2 previous errors
kablam! 
kablam! error: Could not compile `guessing_game`.
kablam! 
kablam! To learn more, run the command again with --verbose.
boom! running `docker rm -f c6e42ef51dfa4855432da2d297511e3c141a162fcc2f71222d96946dfd343f39`
blam! c6e42ef51dfa4855432da2d297511e3c141a162fcc2f71222d96946dfd343f39
