boom! testing telegraph-0.1.1 against stable for nightly
boom! running: cargo +stable build --frozen
boom! creating container for: cargo +stable build --frozen
boom! running `docker create -v /home/ec2-user/cargobomb/./work/local/test-source/nightly/stable:/source:ro -v /home/ec2-user/cargobomb/./work/local/cargo-home:/cargo-home:ro -v /home/ec2-user/cargobomb/./work/local/rustup-home:/rustup-home:ro -v /home/ec2-user/cargobomb/./work/local/target-dirs/nightly/stable:/target:rw -e USER_ID=500 -e CMD=cargo +stable build --frozen cargobomb`
blam! b55b0f4a73b1b408aed23f8e6c4b7832cea25691e873cc2fab2a7131d099b031
boom! running `docker start -a b55b0f4a73b1b408aed23f8e6c4b7832cea25691e873cc2fab2a7131d099b031`
kablam!    Compiling openssl v0.7.14
kablam!    Compiling serde_derive v0.8.23
kablam!    Compiling openssl-sys-extras v0.7.14
blam! Build failed, waiting for other jobs to finish...
blam! Build failed, waiting for other jobs to finish...
kablam! error: attribute must only have one argument
kablam!  --> /cargo-home/registry/src/github.com-1ecc6299db9ec823/serde_derive-0.8.23/src/lib.rs:6:3
kablam!   |
kablam! 6 | #[proc_macro_derive(Serialize, attributes(serde))]
kablam!   |   ^^^^^^^^^^^^^^^^^^^^^^^^^^^^^^^^^^^^^^^^^^^^^^^
kablam! 
kablam! error: attribute must only have one argument
kablam!   --> /cargo-home/registry/src/github.com-1ecc6299db9ec823/serde_derive-0.8.23/src/lib.rs:14:3
kablam!    |
kablam! 14 | #[proc_macro_derive(Deserialize, attributes(serde))]
kablam!    |   ^^^^^^^^^^^^^^^^^^^^^^^^^^^^^^^^^^^^^^^^^^^^^^^^^
kablam! 
kablam! error: the `proc-macro` crate type is experimental
kablam!   |
kablam!   = help: add #![feature(proc_macro)] to the crate attributes to enable
kablam! 
kablam! error: the `#[proc_macro_derive]` attribute is an experimental feature (see issue #35900)
kablam!  --> /cargo-home/registry/src/github.com-1ecc6299db9ec823/serde_derive-0.8.23/src/lib.rs:6:1
kablam!   |
kablam! 6 | #[proc_macro_derive(Serialize, attributes(serde))]
kablam!   | ^^^^^^^^^^^^^^^^^^^^^^^^^^^^^^^^^^^^^^^^^^^^^^^^^^
kablam! 
kablam! error: the `#[proc_macro_derive]` attribute is an experimental feature (see issue #35900)
kablam!   --> /cargo-home/registry/src/github.com-1ecc6299db9ec823/serde_derive-0.8.23/src/lib.rs:14:1
kablam!    |
kablam! 14 | #[proc_macro_derive(Deserialize, attributes(serde))]
kablam!    | ^^^^^^^^^^^^^^^^^^^^^^^^^^^^^^^^^^^^^^^^^^^^^^^^^^^^
kablam! 
kablam! error: aborting due to 2 previous errors
kablam! 
kablam! error: failed to run custom build command for `openssl v0.7.14`
kablam! process didn't exit successfully: `/target/debug/build/openssl-5464f8f6e728c35a/build-script-build` (exit code: 101)
kablam! --- stdout
kablam! TARGET = Some("x86_64-unknown-linux-gnu")
kablam! OPT_LEVEL = Some("0")
kablam! TARGET = Some("x86_64-unknown-linux-gnu")
kablam! HOST = Some("x86_64-unknown-linux-gnu")
kablam! TARGET = Some("x86_64-unknown-linux-gnu")
kablam! TARGET = Some("x86_64-unknown-linux-gnu")
kablam! HOST = Some("x86_64-unknown-linux-gnu")
kablam! CC_x86_64-unknown-linux-gnu = None
kablam! CC_x86_64_unknown_linux_gnu = None
kablam! HOST_CC = None
kablam! CC = None
kablam! HOST = Some("x86_64-unknown-linux-gnu")
kablam! TARGET = Some("x86_64-unknown-linux-gnu")
kablam! HOST = Some("x86_64-unknown-linux-gnu")
kablam! CFLAGS_x86_64-unknown-linux-gnu = None
kablam! CFLAGS_x86_64_unknown_linux_gnu = None
kablam! HOST_CFLAGS = None
kablam! CFLAGS = None
kablam! PROFILE = Some("debug")
kablam! running: "cc" "-O0" "-ffunction-sections" "-fdata-sections" "-fPIC" "-g" "-m64" "-o" "/target/debug/build/openssl-5464f8f6e728c35a/out/src/c_helpers.o" "-c" "src/c_helpers.c"
kablam! cargo:warning=src/c_helpers.c:1:25: fatal error: openssl/ssl.h: No such file or directory
kablam! cargo:warning=compilation terminated.
kablam! ExitStatus(ExitStatus(256))
kablam! 
kablam! 
kablam! command did not execute successfully, got: exit code: 1
kablam! 
kablam! 
kablam! 
kablam! --- stderr
kablam! thread 'main' panicked at 'explicit panic', /cargo-home/registry/src/github.com-1ecc6299db9ec823/gcc-0.3.42/src/lib.rs:1127
kablam! note: Run with `RUST_BACKTRACE=1` for a backtrace.
kablam! 
boom! running `docker rm -f b55b0f4a73b1b408aed23f8e6c4b7832cea25691e873cc2fab2a7131d099b031`
blam! b55b0f4a73b1b408aed23f8e6c4b7832cea25691e873cc2fab2a7131d099b031
