boom! testing futures-0.1.10 against nightly for nightly
boom! running: cargo +nightly build --frozen
boom! creating container for: cargo +nightly build --frozen
boom! running `docker create -v /home/ec2-user/cargobomb/./work/local/test-source/nightly/nightly:/source:ro -v /home/ec2-user/cargobomb/./work/local/cargo-home:/cargo-home:ro -v /home/ec2-user/cargobomb/./work/local/rustup-home:/rustup-home:ro -v /home/ec2-user/cargobomb/./work/local/target-dirs/nightly/nightly:/target:rw -e USER_ID=500 -e CMD=cargo +nightly build --frozen cargobomb`
blam! 0e70adbd81b8b6520a9e836605276009ad41309f23301542ccbd893118419e44
boom! running `docker start -a 0e70adbd81b8b6520a9e836605276009ad41309f23301542ccbd893118419e44`
kablam!    Compiling futures v0.1.10 (file:///source)
kablam! warning: unused `#[macro_use]` import
kablam!    --> src/lib.rs:165:1
kablam!     |
kablam! 165 | #[macro_use]
kablam!     | ^^^^^^^^^^^^
kablam!     |
kablam!     = note: #[warn(unused_imports)] on by default
kablam! 
kablam!     Finished dev [unoptimized + debuginfo] target(s) in 3.57 secs
boom! running `docker rm -f 0e70adbd81b8b6520a9e836605276009ad41309f23301542ccbd893118419e44`
blam! 0e70adbd81b8b6520a9e836605276009ad41309f23301542ccbd893118419e44
boom! running: cargo +nightly test --frozen --no-run
boom! creating container for: cargo +nightly test --frozen --no-run
boom! running `docker create -v /home/ec2-user/cargobomb/./work/local/test-source/nightly/nightly:/source:ro -v /home/ec2-user/cargobomb/./work/local/cargo-home:/cargo-home:ro -v /home/ec2-user/cargobomb/./work/local/rustup-home:/rustup-home:ro -v /home/ec2-user/cargobomb/./work/local/target-dirs/nightly/nightly:/target:rw -e USER_ID=500 -e CMD=cargo +nightly test --frozen --no-run cargobomb`
blam! d41aa4d2620eab42f04a0b430ddb501054ed5ade1b70cb0c9561bc43857d6846
boom! running `docker start -a d41aa4d2620eab42f04a0b430ddb501054ed5ade1b70cb0c9561bc43857d6846`
kablam!    Compiling futures v0.1.10 (file:///source)
kablam! warning: unused `#[macro_use]` import
kablam!  --> tests/bilock.rs:1:1
kablam!   |
kablam! 1 | #[macro_use]
kablam!   | ^^^^^^^^^^^^
kablam!   |
kablam!   = note: #[warn(unused_imports)] on by default
kablam! 
kablam! warning: unused `#[macro_use]` import
kablam!    --> src/lib.rs:165:1
kablam!     |
kablam! 165 | #[macro_use]
kablam!     | ^^^^^^^^^^^^
kablam!     |
kablam!     = note: #[warn(unused_imports)] on by default
kablam! 
kablam! warning: unused `#[macro_use]` import
kablam!  --> tests/futures_unordered.rs:1:1
kablam!   |
kablam! 1 | #[macro_use]
kablam!   | ^^^^^^^^^^^^
kablam!   |
kablam!   = note: #[warn(unused_imports)] on by default
kablam! 
kablam! warning: unused `#[macro_use]` import
kablam!  --> tests/sink.rs:1:1
kablam!   |
kablam! 1 | #[macro_use]
kablam!   | ^^^^^^^^^^^^
kablam!   |
kablam!   = note: #[warn(unused_imports)] on by default
kablam! 
kablam! warning: code relies on type inference rules which are likely to change
kablam!    --> tests/sink.rs:138:31
kablam!     |
kablam! 138 |     let mut sink = Vec::new().with(|elem| {
kablam!     |                               ^^^^
kablam!     |
kablam!     = note: #[warn(resolve_trait_on_defaulted_unit)] on by default
kablam!     = warning: this was previously accepted by the compiler but is being phased out; it will become a hard error in a future release!
kablam!     = note: for more information, see issue #39216 <https://github.com/rust-lang/rust/issues/39216>
kablam! 
kablam! warning: code relies on type inference rules which are likely to change
kablam!    --> tests/sink.rs:143:21
kablam!     |
kablam! 143 |     assert_eq!(sink.start_send(0), Ok(AsyncSink::Ready));
kablam!     |                     ^^^^^^^^^^
kablam!     |
kablam!     = note: #[warn(resolve_trait_on_defaulted_unit)] on by default
kablam!     = warning: this was previously accepted by the compiler but is being phased out; it will become a hard error in a future release!
kablam!     = note: for more information, see issue #39216 <https://github.com/rust-lang/rust/issues/39216>
kablam! 
kablam! warning: code relies on type inference rules which are likely to change
kablam!    --> tests/sink.rs:143:5
kablam!     |
kablam! 143 |     assert_eq!(sink.start_send(0), Ok(AsyncSink::Ready));
kablam!     |     ^^^^^^^^^^^^^^^^^^^^^^^^^^^^^^^^^^^^^^^^^^^^^^^^^^^^^
kablam!     |
kablam!     = note: #[warn(resolve_trait_on_defaulted_unit)] on by default
kablam!     = warning: this was previously accepted by the compiler but is being phased out; it will become a hard error in a future release!
kablam!     = note: for more information, see issue #39216 <https://github.com/rust-lang/rust/issues/39216>
kablam!     = note: this error originates in a macro outside of the current crate
kablam! 
kablam! warning: code relies on type inference rules which are likely to change
kablam!    --> tests/sink.rs:146:41
kablam!     |
kablam! 146 |     let mut task = executor::spawn(sink.flush());
kablam!     |                                         ^^^^^
kablam!     |
kablam!     = note: #[warn(resolve_trait_on_defaulted_unit)] on by default
kablam!     = warning: this was previously accepted by the compiler but is being phased out; it will become a hard error in a future release!
kablam!     = note: for more information, see issue #39216 <https://github.com/rust-lang/rust/issues/39216>
kablam! 
kablam! warning: code relies on type inference rules which are likely to change
kablam!    --> tests/sink.rs:147:18
kablam!     |
kablam! 147 |     assert!(task.poll_future(flag.clone()).unwrap().is_not_ready());
kablam!     |                  ^^^^^^^^^^^
kablam!     |
kablam!     = note: #[warn(resolve_trait_on_defaulted_unit)] on by default
kablam!     = warning: this was previously accepted by the compiler but is being phased out; it will become a hard error in a future release!
kablam!     = note: for more information, see issue #39216 <https://github.com/rust-lang/rust/issues/39216>
kablam! 
kablam! warning: code relies on type inference rules which are likely to change
kablam!    --> tests/sink.rs:156:21
kablam!     |
kablam! 156 |     assert_eq!(sink.send(1).wait().unwrap().get_ref(), &[1, 2]);
kablam!     |                     ^^^^
kablam!     |
kablam!     = note: #[warn(resolve_trait_on_defaulted_unit)] on by default
kablam!     = warning: this was previously accepted by the compiler but is being phased out; it will become a hard error in a future release!
kablam!     = note: for more information, see issue #39216 <https://github.com/rust-lang/rust/issues/39216>
kablam! 
kablam! warning: code relies on type inference rules which are likely to change
kablam!    --> tests/sink.rs:156:45
kablam!     |
kablam! 156 |     assert_eq!(sink.send(1).wait().unwrap().get_ref(), &[1, 2]);
kablam!     |                                             ^^^^^^^
kablam!     |
kablam!     = note: #[warn(resolve_trait_on_defaulted_unit)] on by default
kablam!     = warning: this was previously accepted by the compiler but is being phased out; it will become a hard error in a future release!
kablam!     = note: for more information, see issue #39216 <https://github.com/rust-lang/rust/issues/39216>
kablam! 
kablam! warning: unused `#[macro_use]` import
kablam!  --> tests/buffer_unordered.rs:1:1
kablam!   |
kablam! 1 | #[macro_use]
kablam!   | ^^^^^^^^^^^^
kablam!   |
kablam!   = note: #[warn(unused_imports)] on by default
kablam! 
kablam!     Finished dev [unoptimized + debuginfo] target(s) in 52.89 secs
boom! running `docker rm -f d41aa4d2620eab42f04a0b430ddb501054ed5ade1b70cb0c9561bc43857d6846`
blam! d41aa4d2620eab42f04a0b430ddb501054ed5ade1b70cb0c9561bc43857d6846
boom! running: cargo +nightly test --frozen
boom! creating container for: cargo +nightly test --frozen
boom! running `docker create -v /home/ec2-user/cargobomb/./work/local/test-source/nightly/nightly:/source:ro -v /home/ec2-user/cargobomb/./work/local/cargo-home:/cargo-home:ro -v /home/ec2-user/cargobomb/./work/local/rustup-home:/rustup-home:ro -v /home/ec2-user/cargobomb/./work/local/target-dirs/nightly/nightly:/target:rw -e USER_ID=500 -e CMD=cargo +nightly test --frozen cargobomb`
blam! 2f05c076662613013f7264472d6939320fdc9e96c4177041fbd37cec76135907
boom! running `docker start -a 2f05c076662613013f7264472d6939320fdc9e96c4177041fbd37cec76135907`
kablam!     Finished dev [unoptimized + debuginfo] target(s) in 0.0 secs
kablam!      Running /target/debug/deps/all-8b4293c1c954f4b2
blam! 
blam! running 11 tests
blam! test flatten ... ok
blam! test collect_collects ... ok
blam! test option ... ok
blam! test join_incomplete ... ok
blam! test result_smoke ... ok
blam! test join_cancels ... ok
blam! test test_empty ... ok
blam! test select_cancels ... ok
blam! test smoke_oneshot ... ok
blam! test test_ok ... ok
blam! test select2 ... ok
blam! 
blam! test result: ok. 11 passed; 0 failed; 0 ignored; 0 measured
blam! 
kablam!      Running /target/debug/deps/bilock-b11c5e3e57c5a102
blam! 
blam! running 2 tests
blam! test smoke ... ok
blam! test concurrent ... ok
blam! 
blam! test result: ok. 2 passed; 0 failed; 0 ignored; 0 measured
blam! 
kablam!      Running /target/debug/deps/buffer_unordered-31af364557d815e8
blam! 
blam! running 1 test
blam! test works ... ok
blam! 
blam! test result: ok. 1 passed; 0 failed; 0 ignored; 0 measured
blam! 
kablam!      Running /target/debug/deps/channel-4f55efc9873dfc6e
blam! 
blam! running 4 tests
blam! test drop_rx ... ok
blam! test drop_order ... ok
blam! test drop_sender ... ok
blam! test sequence ... ok
blam! 
blam! test result: ok. 4 passed; 0 failed; 0 ignored; 0 measured
blam! 
kablam!      Running /target/debug/deps/eager_drop-ed8ed9de4ffea507
blam! 
blam! running 3 tests
blam! test map_err ... ok
blam! test map ... ok
blam! test and_then_drops_eagerly ... ok
blam! 
blam! test result: ok. 3 passed; 0 failed; 0 ignored; 0 measured
blam! 
kablam!      Running /target/debug/deps/eventual-605fa2e475065da4
blam! 
blam! running 23 tests
blam! test cancel1 ... ok
blam! test and_then2 ... ok
blam! test join1 ... ok
blam! test and_then1 ... ok
blam! test join2 ... ok
blam! test map_err1 ... ok
blam! test join4 ... ok
blam! test join3 ... ok
blam! test map_err3 ... ok
blam! test map_err2 ... ok
blam! test oneshot1 ... ok
blam! test join5 ... ok
blam! test oneshot2 ... ok
blam! test oneshot4 ... ok
blam! test oneshot6 ... ok
blam! test oneshot3 ... ok
blam! test oneshot5 ... ok
blam! test or_else2 ... ok
blam! test or_else1 ... ok
blam! test select1 ... ok
blam! test select2 ... ok
blam! test select3 ... ok
blam! test select4 ... ok
blam! 
blam! test result: ok. 23 passed; 0 failed; 0 ignored; 0 measured
blam! 
kablam!      Running /target/debug/deps/fuse-5d6c5cca86c9a931
blam! 
blam! running 1 test
blam! test fuse ... ok
blam! 
blam! test result: ok. 1 passed; 0 failed; 0 ignored; 0 measured
blam! 
kablam!      Running /target/debug/deps/future_flatten_stream-022aa71cae2627f6
blam! 
blam! running 2 tests
blam! test failed_future ... ok
blam! test successful_future ... ok
blam! 
blam! test result: ok. 2 passed; 0 failed; 0 ignored; 0 measured
blam! 
kablam!      Running /target/debug/deps/futures-7338a70551cd4c49
blam! 
blam! running 4 tests
blam! test lock::tests::smoke ... ok
blam! test stack::tests::drop_drops ... ok
blam! test stack::tests::drain_drops ... ok
blam! test stack::tests::simple ... ok
blam! 
blam! test result: ok. 4 passed; 0 failed; 0 ignored; 0 measured
blam! 
kablam!      Running /target/debug/deps/futures_unordered-83cc48fcb27ef25e
blam! 
blam! running 3 tests
blam! test works_1 ... ok
blam! test finished_future_ok ... ok
blam! test works_2 ... ok
blam! 
blam! test result: ok. 3 passed; 0 failed; 0 ignored; 0 measured
blam! 
kablam!      Running /target/debug/deps/mpsc-eee3528f0460e2d1
blam! 
blam! running 11 tests
blam! test bounds ... ok
blam! test recv_close_gets_none ... ok
blam! test send_recv ... ok
blam! test send_shared_recv ... ok
blam! test send_recv_no_buffer ... ok
blam! test send_recv_threads ... ok
blam! test send_recv_threads_no_capacity ... ok
blam! test tx_close_gets_none ... ok
blam! test stress_shared_unbounded ... ok
blam! test stress_receiver_multi_task_bounded_hard ... ok
kablam!      Running /target/debug/deps/mpsc_close-d056c26f3fc0f9d4
blam! test stress_shared_bounded_hard ... ok
blam! 
blam! test result: ok. 11 passed; 0 failed; 0 ignored; 0 measured
blam! 
blam! 
blam! running 1 test
blam! test smoke ... ok
blam! 
blam! test result: ok. 1 passed; 0 failed; 0 ignored; 0 measured
blam! 
kablam!      Running /target/debug/deps/oneshot-9e2e84e5b2f3a32a
blam! 
blam! running 5 tests
blam! test close ... ok
blam! test close_wakes ... ok
blam! test cancel_notifies ... ok
blam! test smoke_poll ... ok
blam! test cancel_lots ... ok
blam! 
blam! test result: ok. 5 passed; 0 failed; 0 ignored; 0 measured
blam! 
kablam!      Running /target/debug/deps/recurse-80aab3d965a5ff67
blam! 
blam! running 1 test
blam! test lots ... ok
blam! 
blam! test result: ok. 1 passed; 0 failed; 0 ignored; 0 measured
blam! 
kablam!      Running /target/debug/deps/select_all-ed0cc109d9bb2462
blam! 
blam! running 1 test
blam! test smoke ... ok
blam! 
blam! test result: ok. 1 passed; 0 failed; 0 ignored; 0 measured
blam! 
kablam!      Running /target/debug/deps/select_ok-caaa97219a32ead7
blam! 
blam! running 2 tests
blam! test last_err ... ok
blam! test ignore_err ... ok
blam! 
blam! test result: ok. 2 passed; 0 failed; 0 ignored; 0 measured
blam! 
kablam!      Running /target/debug/deps/shared-774a490af6361915
blam! 
blam! running 8 tests
blam! test drop_in_poll ... ok
blam! test one_thread ... ok
blam! test recursive_poll ... ok
blam! test polled_then_ignored ... ok
blam! test recursive_poll_with_unpark ... ok
blam! test drop_on_one_task_ok ... ok
blam! test two_threads ... ok
blam! test many_threads ... ok
blam! 
blam! test result: ok. 8 passed; 0 failed; 0 ignored; 0 measured
blam! 
kablam!      Running /target/debug/deps/sink-a3589ab7a69976df
blam! 
blam! running 9 tests
blam! test buffer_noop ... ok
blam! test buffer ... ok
blam! test mpsc_blocking_start_send ... ok
blam! test send ... ok
blam! test vec_sink ... ok
blam! test with_as_map ... ok
blam! test with_flush ... ok
blam! test with_flush_propagate ... ok
blam! test send_all ... ok
blam! 
blam! test result: ok. 9 passed; 0 failed; 0 ignored; 0 measured
blam! 
kablam!      Running /target/debug/deps/split-ae442f9286f844ea
blam! 
blam! running 1 test
blam! test test_split ... ok
blam! 
blam! test result: ok. 1 passed; 0 failed; 0 ignored; 0 measured
blam! 
kablam!      Running /target/debug/deps/stream-d9f6fb1ee5af5de0
blam! 
blam! running 26 tests
blam! test chunks_panic_on_cap_zero ... ok
blam! test and_then ... ok
blam! test buffered ... ok
blam! test filter ... ok
blam! test chunks ... ok
blam! test filter_map ... ok
blam! test flatten ... ok
blam! test fold ... ok
blam! test forward ... ok
blam! test fuse ... ok
blam! test map ... ok
blam! test map_err ... ok
blam! test or_else ... ok
blam! test peek ... ok
blam! test peekable ... ok
blam! test select ... ok
blam! test skip ... ok
blam! test skip_passes_errors_through ... ok
blam! test take_passes_errors_through ... ok
blam! test skip_while ... ok
blam! test take ... ok
blam! test take_while ... ok
blam! test then ... ok
blam! test unordered ... ok
blam! test wait ... ok
blam! test zip ... ok
blam! 
blam! test result: ok. 26 passed; 0 failed; 0 ignored; 0 measured
blam! 
kablam!      Running /target/debug/deps/stream_catch_unwind-744e1363a89da4a5
blam! 
blam! running 2 tests
blam! test no_panic ... ok
blam! test panic_in_the_middle_of_the_stream ... ok
blam! 
blam! test result: ok. 2 passed; 0 failed; 0 ignored; 0 measured
blam! 
kablam!      Running /target/debug/deps/unfold-2b34735ab8d79c44
blam! 
blam! running 2 tests
blam! test unfold_err1 ... ok
blam! test unfold1 ... ok
blam! 
blam! test result: ok. 2 passed; 0 failed; 0 ignored; 0 measured
blam! 
kablam!      Running /target/debug/deps/unsync-33fe56fd6806a88d
blam! 
blam! running 9 tests
blam! test mpsc_rx_notready ... ok
blam! test mpsc_rx_end ... ok
blam! test mpsc_backpressure ... ok
blam! test mpsc_recv_unpark ... ok
blam! test mpsc_send_recv ... ok
blam! test mpsc_unbounded ... ok
blam! test mpsc_send_unpark ... ok
blam! test mpsc_tx_notready ... ok
blam! test mpsc_tx_err ... ok
blam! 
blam! test result: ok. 9 passed; 0 failed; 0 ignored; 0 measured
blam! 
kablam!      Running /target/debug/deps/unsync_oneshot-58d9a4a51ab4379d
blam! 
blam! running 5 tests
blam! test canceled ... ok
blam! test tx_complete_rx_unparked ... ok
blam! test smoke ... ok
blam! test poll_cancel ... ok
blam! test tx_dropped_rx_unparked ... ok
blam! 
blam! test result: ok. 5 passed; 0 failed; 0 ignored; 0 measured
blam! 
kablam!    Doc-tests futures
blam! 
blam! running 42 tests
blam! test src/future/mod.rs - future::Future::and_then (line 456) ... ok
blam! test src/future/lazy.rs - future::lazy::lazy (line 32) ... ok
blam! test src/future/loop_fn.rs - future::loop_fn::loop_fn (line 37) ... ok
blam! test src/future/mod.rs - future::Future::catch_unwind (line 775) ... FAILED
blam! test src/future/join_all.rs - future::join_all::join_all (line 38) ... ok
blam! test src/future/mod.rs - future::Future::flatten (line 665) ... ok
blam! test src/future/mod.rs - future::Future::boxed (line 293) ... ok
blam! test src/future/mod.rs - future::Future::from_err (line 380) ... ok
blam! test src/future/mod.rs - future::Future::fuse (line 735) ... ok
blam! test src/future/mod.rs - future::Future::flatten_stream (line 695) ... ok
blam! test src/future/mod.rs - future::Future::into_stream (line 629) ... ok
blam! test src/future/mod.rs - future::Future::join (line 569) ... ok
blam! test src/future/mod.rs - future::Future::map (line 322) ... ok
blam! test src/future/mod.rs - future::Future::map_err (line 351) ... ok
blam! test src/future/mod.rs - future::Future::or_else (line 496) ... ok
blam! test src/future/mod.rs - future::Future::select (line 529) ... ok
blam! test src/future/mod.rs - future::Future::then (line 413) ... ok
blam! test src/future/poll_fn.rs - future::poll_fn::poll_fn (line 19) ... ok
blam! test src/future/mod.rs - future::Future::shared (line 811) ... ok
blam! test src/future/result.rs - future::result_::err (line 58) ... ok
blam! test src/future/result.rs - future::result_::ok (line 42) ... ok
blam! test src/future/mod.rs - future::Future::shared (line 822) ... ok
blam! test src/future/result.rs - future::result_::result (line 24) ... ok
blam! test src/stream/iter.rs - stream::iter::iter (line 18) ... ok
blam! test src/stream/mod.rs - stream::Stream::and_then (line 445) ... ok
blam! test src/future/shared.rs - future::shared (line 6) ... ok
blam! test src/lib.rs -  (line 36) ... ok
blam! test src/stream/mod.rs - stream::Stream::boxed (line 236) ... ok
blam! test src/stream/mod.rs - stream::Stream::chain (line 817) ... ok
blam! test src/stream/mod.rs - stream::Stream::catch_unwind (line 725) ... ok
blam! test src/stream/mod.rs - stream::Stream::filter (line 333) ... ok
blam! test src/stream/mod.rs - stream::Stream::collect (line 509) ... ok
blam! test src/stream/mod.rs - stream::Stream::filter_map (line 363) ... ok
blam! test src/stream/mod.rs - stream::Stream::map (line 277) ... ok
blam! test src/stream/mod.rs - stream::Stream::fold (line 547) ... ok
blam! test src/stream/mod.rs - stream::Stream::map_err (line 303) ... ok
blam! test src/stream/once.rs - stream::once::once (line 15) ... ok
blam! test src/stream/mod.rs - stream::Stream::flatten (line 571) ... ok
blam! test src/stream/repeat.rs - stream::repeat::repeat (line 22) ... ok
blam! test src/stream/mod.rs - stream::Stream::then (line 402) ... ok
blam! test src/stream/unfold.rs - stream::unfold::unfold (line 31) ... ok
blam! test src/sync/oneshot.rs - sync::oneshot::channel (line 78) ... ok
blam! 
blam! failures:
blam! 
blam! ---- src/future/mod.rs - future::Future::catch_unwind (line 775) stdout ----
blam! 	error[E0277]: the trait bound `(): futures::Future` is not satisfied
blam!  --> <anon>:8:18
blam!   |
blam! 8 | let mut future = lazy(|| {
blam!   |                  ^^^^ the trait `futures::Future` is not implemented for `()`
blam!   |
blam!   = note: required because of the requirements on the impl of `futures::IntoFuture` for `()`
blam!   = note: required by `futures::lazy`
blam! 
blam! error: aborting due to previous error(s)
blam! 
blam! thread 'rustc' panicked at 'Box<Any>', /checkout/src/librustc/session/mod.rs:203
blam! note: Run with `RUST_BACKTRACE=1` for a backtrace.
blam! 
blam! 
blam! failures:
blam!     src/future/mod.rs - future::Future::catch_unwind (line 775)
blam! 
blam! test result: FAILED. 41 passed; 1 failed; 0 ignored; 0 measured
blam! 
kablam! error: test failed
boom! running `docker rm -f 2f05c076662613013f7264472d6939320fdc9e96c4177041fbd37cec76135907`
blam! 2f05c076662613013f7264472d6939320fdc9e96c4177041fbd37cec76135907
