boom! testing cg-0.1.0 against stable for nightly
boom! running: cargo +stable build --frozen
boom! creating container for: cargo +stable build --frozen
boom! running `docker create -v /home/ec2-user/cargobomb/./work/local/test-source/nightly/stable:/source:ro -v /home/ec2-user/cargobomb/./work/local/cargo-home:/cargo-home:ro -v /home/ec2-user/cargobomb/./work/local/rustup-home:/rustup-home:ro -v /home/ec2-user/cargobomb/./work/local/target-dirs/nightly/stable:/target:rw -e USER_ID=500 -e CMD=cargo +stable build --frozen cargobomb`
blam! aab3d887fdf1e65dad10921995d3e0115902d451c4837e182b95da4d24a7df2e
boom! running `docker start -a aab3d887fdf1e65dad10921995d3e0115902d451c4837e182b95da4d24a7df2e`
kablam!    Compiling cg v0.1.0 (file:///source)
kablam! error[E0432]: unresolved import `syntax::ast::TokenTree`
kablam!  --> src/deriving.rs:1:25
kablam!   |
kablam! 1 | use syntax::ast::{Expr, TokenTree};
kablam!   |                         ^^^^^^^^^ no `TokenTree` in `ast`
kablam! 
kablam! error[E0432]: unresolved import `syntax::parse::token::InternedString`
kablam!  --> src/deriving.rs:3:28
kablam!   |
kablam! 3 | use syntax::parse::token::{InternedString, get_ident};
kablam!   |                            ^^^^^^^^^^^^^^ no `InternedString` in `parse::token`
kablam! 
kablam! error[E0432]: unresolved import `syntax::parse::token::get_ident`
kablam!  --> src/deriving.rs:3:44
kablam!   |
kablam! 3 | use syntax::parse::token::{InternedString, get_ident};
kablam!   |                                            ^^^^^^^^^ no `get_ident` in `parse::token`
kablam! 
kablam! error[E0432]: unresolved import `syntax::parse::parser::PathParsingMode`
kablam!  --> src/deriving.rs:4:5
kablam!   |
kablam! 4 | use syntax::parse::parser::PathParsingMode;
kablam!   |     ^^^^^^^^^^^^^^^^^^^^^^^^^^^^^^^^^^^^^^ no `PathParsingMode` in `parse::parser`
kablam! 
kablam! error[E0432]: unresolved import `rustc::plugin::Registry`
kablam!   --> src/lib.rs:21:5
kablam!    |
kablam! 21 | use rustc::plugin::Registry;
kablam!    |     ^^^^^^^^^^^^^^^^^^^^^^^ Could not find `plugin` in `rustc`
kablam! 
kablam! error[E0432]: unresolved import `syntax::parse::token::intern`
kablam!   --> src/lib.rs:23:5
kablam!    |
kablam! 23 | use syntax::parse::token::intern;
kablam!    |     ^^^^^^^^^^^^^^^^^^^^^^^^^^^^ no `intern` in `parse::token`
kablam! 
kablam! error[E0531]: cannot find tuple struct/variant `TyPath` in module `ast`
kablam!   --> src/deriving.rs:47:4
kablam!    |
kablam! 47 | 			ast::TyPath(None, path) => {
kablam!    | 			^^^^^^^^^^^ not found in `ast`
kablam!    |
kablam!    = help: possible candidates are found in other modules, you can import them into scope:
kablam!              `use rustc::hir::TyPath;`
kablam!              `use rustc::hir::Ty_::TyPath;`
kablam! 
kablam! error[E0531]: cannot find tuple struct/variant `AngleBracketedParameters` in module `ast`
kablam!   --> src/deriving.rs:86:4
kablam!    |
kablam! 86 | 		&ast::AngleBracketedParameters(ref data) => {
kablam!    | 		 ^^^^^^^^^^^^^^^^^^^^^^^^^^^^^ not found in `ast`
kablam!    |
kablam!    = help: possible candidates are found in other modules, you can import them into scope:
kablam!              `use rustc::hir::AngleBracketedParameters;`
kablam!              `use rustc::hir::PathParameters::AngleBracketedParameters;`
kablam! 
kablam! error[E0531]: cannot find tuple struct/variant `ParenthesizedParameters` in module `ast`
kablam!    --> src/deriving.rs:101:4
kablam!     |
kablam! 101 | 		&ast::ParenthesizedParameters(ref data) => {
kablam!     | 		 ^^^^^^^^^^^^^^^^^^^^^^^^^^^^ not found in `ast`
kablam!     |
kablam!     = help: possible candidates are found in other modules, you can import them into scope:
kablam!               `use rustc::hir::ParenthesizedParameters;`
kablam!               `use rustc::hir::PathParameters::ParenthesizedParameters;`
kablam! 
kablam! error[E0554]: #[feature] may not be used on the stable release channel
kablam!  --> src/lib.rs:2:1
kablam!   |
kablam! 2 | #![feature(rustc_private, plugin_registrar, quote, box_syntax, box_patterns)]
kablam!   | ^^^^^^^^^^^^^^^^^^^^^^^^^^^^^^^^^^^^^^^^^^^^^^^^^^^^^^^^^^^^^^^^^^^^^^^^^^^^^
kablam! 
kablam! error: aborting due to previous error
kablam! 
kablam! error: Could not compile `cg`.
kablam! 
kablam! To learn more, run the command again with --verbose.
boom! running `docker rm -f aab3d887fdf1e65dad10921995d3e0115902d451c4837e182b95da4d24a7df2e`
blam! aab3d887fdf1e65dad10921995d3e0115902d451c4837e182b95da4d24a7df2e
