boom! testing rust-assimp-0.0.23 against nightly for nightly
boom! running: cargo +nightly build --frozen
boom! creating container for: cargo +nightly build --frozen
boom! running `docker create -v /home/ec2-user/cargobomb/./work/local/test-source/nightly/nightly:/source:ro -v /home/ec2-user/cargobomb/./work/local/cargo-home:/cargo-home:ro -v /home/ec2-user/cargobomb/./work/local/rustup-home:/rustup-home:ro -v /home/ec2-user/cargobomb/./work/local/target-dirs/nightly/nightly:/target:rw -e USER_ID=500 -e CMD=cargo +nightly build --frozen cargobomb`
blam! bb966275fed60b06a891878e900e1b50468b93f205584c17a18a7b66390f891f
boom! running `docker start -a bb966275fed60b06a891878e900e1b50468b93f205584c17a18a7b66390f891f`
kablam! warning: dependency (vecmath) specified without providing a local path, Git repository, or version to use. This will be considered an error in future versions
kablam! warning: unused manifest key: dependencies.vecmath.vecmath
kablam!    Compiling rust-assimp v0.0.23 (file:///source)
kablam! error[E0412]: cannot find type `Slice` in module `raw`
kablam!  --> src/util.rs:6:21
kablam!   |
kablam! 6 |     let raw_slice : raw::Slice<&T> = raw::Slice {
kablam!   |                     ^^^^^^^^^^^^^^ not found in `raw`
kablam! 
kablam! error[E0422]: cannot find struct, variant or union type `Slice` in module `raw`
kablam!  --> src/util.rs:6:38
kablam!   |
kablam! 6 |     let raw_slice : raw::Slice<&T> = raw::Slice {
kablam!   |                                      ^^^^^^^^^^ not found in `raw`
kablam! 
kablam! error[E0412]: cannot find type `Slice` in module `raw`
kablam!   --> src/util.rs:15:21
kablam!    |
kablam! 15 |     let raw_slice : raw::Slice<T> = raw::Slice {
kablam!    |                     ^^^^^^^^^^^^^ not found in `raw`
kablam! 
kablam! error[E0422]: cannot find struct, variant or union type `Slice` in module `raw`
kablam!   --> src/util.rs:15:37
kablam!    |
kablam! 15 |     let raw_slice : raw::Slice<T> = raw::Slice {
kablam!    |                                     ^^^^^^^^^^ not found in `raw`
kablam! 
kablam! warning[E0566]: conflicting representation hints
kablam!   --> src/info.rs:13:1
kablam!    |
kablam! 13 | #[repr(C, u32)]
kablam!    | ^^^^^^^^^^^^^^^
kablam! 
kablam! warning[E0566]: conflicting representation hints
kablam!   --> src/scene.rs:86:1
kablam!    |
kablam! 86 | #[repr(C, u32)]
kablam!    | ^^^^^^^^^^^^^^^
kablam! 
kablam! warning[E0566]: conflicting representation hints
kablam!    --> src/property.rs:464:1
kablam!     |
kablam! 464 | #[repr(C, u32)]
kablam!     | ^^^^^^^^^^^^^^^
kablam! 
kablam! warning[E0566]: conflicting representation hints
kablam!    --> src/property.rs:499:1
kablam!     |
kablam! 499 | #[repr(C, u32)]
kablam!     | ^^^^^^^^^^^^^^^
kablam! 
kablam! warning[E0566]: conflicting representation hints
kablam!  --> src/postprocess.rs:5:1
kablam!   |
kablam! 5 | #[repr(C, u32)]
kablam!   | ^^^^^^^^^^^^^^^
kablam! 
kablam! error: use of unstable library feature 'core_float': stable interface is via `impl f{32,64}` in later crates (see issue #32110)
kablam!  --> src/types.rs:6:5
kablam!   |
kablam! 6 | use core::num::Float;
kablam!   |     ^^^^^^^^^^^^^^^^
kablam!   |
kablam!   = help: add #![feature(core_float)] to the crate attributes to enable
kablam! 
kablam! error: use of unstable library feature 'raw' (see issue #27751)
kablam!  --> src/util.rs:1:5
kablam!   |
kablam! 1 | use std::raw;
kablam!   |     ^^^^^^^^
kablam!   |
kablam!   = help: add #![feature(raw)] to the crate attributes to enable
kablam! 
kablam! error: no associated item named `from_str` found for type `std::string::String` in the current scope
kablam!    --> src/info.rs:145:9
kablam!     |
kablam! 145 |         String::from_str(slice)
kablam!     |         ^^^^^^^^^^^^^^^^
kablam!     |
kablam!     = help: items from traits can only be used if the trait is in scope; the following trait is implemented but not in scope, perhaps add a `use` for it:
kablam!     = help: candidate #1: `use core::str::FromStr;`
kablam! 
kablam! error: no method named `rsqrt` found for type `f32` in the current scope
kablam!    --> src/types.rs:265:24
kablam!     |
kablam! 265 |         self.dot(self).rsqrt()
kablam!     |                        ^^^^^
kablam! 
kablam! error: no method named `rsqrt` found for type `f32` in the current scope
kablam!    --> src/types.rs:385:24
kablam!     |
kablam! 385 |         self.dot(self).rsqrt()
kablam!     |                        ^^^^^
kablam! 
kablam! error: no method named `rsqrt` found for type `f32` in the current scope
kablam!    --> src/types.rs:525:24
kablam!     |
kablam! 525 |         self.dot(self).rsqrt()
kablam!     |                        ^^^^^
kablam! 
kablam! error: aborting due to 4 previous errors
kablam! 
kablam! error: Could not compile `rust-assimp`.
kablam! 
kablam! To learn more, run the command again with --verbose.
boom! running `docker rm -f bb966275fed60b06a891878e900e1b50468b93f205584c17a18a7b66390f891f`
blam! bb966275fed60b06a891878e900e1b50468b93f205584c17a18a7b66390f891f
