boom! testing lambdaski-0.0.2 against stable for beta
boom! running: cargo +stable build --frozen
boom! creating container for: cargo +stable build --frozen
boom! running `docker create -v /home/ec2-user/cargobomb/./work/local/test-source/beta/stable:/source:ro -v /home/ec2-user/cargobomb/./work/local/cargo-home:/cargo-home:ro -v /home/ec2-user/cargobomb/./work/local/rustup-home:/rustup-home:ro -v /home/ec2-user/cargobomb/./work/local/target-dirs/beta/stable:/target:rw -e USER_ID=500 -e CMD=cargo +stable build --frozen cargobomb`
blam! e9f30133c9ebfe3417a93c7b5adc922d74986fc3536e6b37ef193228a3fdae58
boom! running `docker start -a e9f30133c9ebfe3417a93c7b5adc922d74986fc3536e6b37ef193228a3fdae58`
kablam!    Compiling lambdaski v0.0.2 (file:///source)
kablam!     Finished debug [unoptimized + debuginfo] target(s) in 0.25 secs
boom! running `docker rm -f e9f30133c9ebfe3417a93c7b5adc922d74986fc3536e6b37ef193228a3fdae58`
blam! e9f30133c9ebfe3417a93c7b5adc922d74986fc3536e6b37ef193228a3fdae58
boom! running: cargo +stable test --frozen --no-run
boom! creating container for: cargo +stable test --frozen --no-run
boom! running `docker create -v /home/ec2-user/cargobomb/./work/local/test-source/beta/stable:/source:ro -v /home/ec2-user/cargobomb/./work/local/cargo-home:/cargo-home:ro -v /home/ec2-user/cargobomb/./work/local/rustup-home:/rustup-home:ro -v /home/ec2-user/cargobomb/./work/local/target-dirs/beta/stable:/target:rw -e USER_ID=500 -e CMD=cargo +stable test --frozen --no-run cargobomb`
blam! 5936c7ae3f56ff33b992ef60ecc6d2692d02ce2ec1ea3c1f0ae10dd65f907647
boom! running `docker start -a 5936c7ae3f56ff33b992ef60ecc6d2692d02ce2ec1ea3c1f0ae10dd65f907647`
kablam!    Compiling lambdaski v0.0.2 (file:///source)
kablam!     Finished debug [unoptimized + debuginfo] target(s) in 0.52 secs
boom! running `docker rm -f 5936c7ae3f56ff33b992ef60ecc6d2692d02ce2ec1ea3c1f0ae10dd65f907647`
blam! 5936c7ae3f56ff33b992ef60ecc6d2692d02ce2ec1ea3c1f0ae10dd65f907647
boom! running: cargo +stable test --frozen
boom! creating container for: cargo +stable test --frozen
boom! running `docker create -v /home/ec2-user/cargobomb/./work/local/test-source/beta/stable:/source:ro -v /home/ec2-user/cargobomb/./work/local/cargo-home:/cargo-home:ro -v /home/ec2-user/cargobomb/./work/local/rustup-home:/rustup-home:ro -v /home/ec2-user/cargobomb/./work/local/target-dirs/beta/stable:/target:rw -e USER_ID=500 -e CMD=cargo +stable test --frozen cargobomb`
blam! 35183ad67646ef2853eef52fc7744a53adab12d3f07c4b7170780aa06422fa27
boom! running `docker start -a 35183ad67646ef2853eef52fc7744a53adab12d3f07c4b7170780aa06422fa27`
kablam!     Finished debug [unoptimized + debuginfo] target(s) in 0.0 secs
kablam!      Running /target/debug/deps/lambdaski-cc7201f516c1d058
blam! 
blam! running 1 test
blam! test tests::it_works ... FAILED
blam! 
blam! failures:
blam! 
blam! ---- tests::it_works stdout ----
blam! 	thread 'tests::it_works' panicked at 'assertion failed: false', src/lib.rs:44
blam! note: Run with `RUST_BACKTRACE=1` for a backtrace.
blam! 
blam! 
blam! failures:
blam!     tests::it_works
blam! 
kablam! error: test failed
blam! test result: FAILED. 0 passed; 1 failed; 0 ignored; 0 measured
blam! 
boom! running `docker rm -f 35183ad67646ef2853eef52fc7744a53adab12d3f07c4b7170780aa06422fa27`
blam! 35183ad67646ef2853eef52fc7744a53adab12d3f07c4b7170780aa06422fa27
