boom! testing srtparse-0.1.1 against stable for nightly
boom! running: cargo +stable build --frozen
boom! creating container for: cargo +stable build --frozen
boom! running `docker create -v /home/ec2-user/cargobomb/./work/local/test-source/nightly/stable:/source:ro -v /home/ec2-user/cargobomb/./work/local/cargo-home:/cargo-home:ro -v /home/ec2-user/cargobomb/./work/local/rustup-home:/rustup-home:ro -v /home/ec2-user/cargobomb/./work/local/target-dirs/nightly/stable:/target:rw -e USER_ID=500 -e CMD=cargo +stable build --frozen cargobomb`
blam! b07b339ae342df67dc6d8bb20b2df61cdb4e0cfe27d3ee5f51f09f0155560e6b
boom! running `docker start -a b07b339ae342df67dc6d8bb20b2df61cdb4e0cfe27d3ee5f51f09f0155560e6b`
kablam!    Compiling srtparse v0.1.1 (file:///source)
kablam!     Finished debug [unoptimized + debuginfo] target(s) in 0.83 secs
boom! running `docker rm -f b07b339ae342df67dc6d8bb20b2df61cdb4e0cfe27d3ee5f51f09f0155560e6b`
blam! b07b339ae342df67dc6d8bb20b2df61cdb4e0cfe27d3ee5f51f09f0155560e6b
boom! running: cargo +stable test --frozen --no-run
boom! creating container for: cargo +stable test --frozen --no-run
boom! running `docker create -v /home/ec2-user/cargobomb/./work/local/test-source/nightly/stable:/source:ro -v /home/ec2-user/cargobomb/./work/local/cargo-home:/cargo-home:ro -v /home/ec2-user/cargobomb/./work/local/rustup-home:/rustup-home:ro -v /home/ec2-user/cargobomb/./work/local/target-dirs/nightly/stable:/target:rw -e USER_ID=500 -e CMD=cargo +stable test --frozen --no-run cargobomb`
blam! f4ef835c287e7d3260513a710a6242279d701fb60d708a5454f08e424a882b47
boom! running `docker start -a f4ef835c287e7d3260513a710a6242279d701fb60d708a5454f08e424a882b47`
kablam!    Compiling srtparse v0.1.1 (file:///source)
kablam!     Finished debug [unoptimized + debuginfo] target(s) in 1.30 secs
boom! running `docker rm -f f4ef835c287e7d3260513a710a6242279d701fb60d708a5454f08e424a882b47`
blam! f4ef835c287e7d3260513a710a6242279d701fb60d708a5454f08e424a882b47
boom! running: cargo +stable test --frozen
boom! creating container for: cargo +stable test --frozen
boom! running `docker create -v /home/ec2-user/cargobomb/./work/local/test-source/nightly/stable:/source:ro -v /home/ec2-user/cargobomb/./work/local/cargo-home:/cargo-home:ro -v /home/ec2-user/cargobomb/./work/local/rustup-home:/rustup-home:ro -v /home/ec2-user/cargobomb/./work/local/target-dirs/nightly/stable:/target:rw -e USER_ID=500 -e CMD=cargo +stable test --frozen cargobomb`
blam! afa16ccc92d52a783693b0a3bac1fd01bcb75cfa57af8955962c67d798d21e3c
boom! running `docker start -a afa16ccc92d52a783693b0a3bac1fd01bcb75cfa57af8955962c67d798d21e3c`
kablam!     Finished debug [unoptimized + debuginfo] target(s) in 0.0 secs
kablam!      Running /target/debug/deps/srtparse-eee78e97a5e4dabb
blam! 
blam! running 11 tests
blam! test tests::it_fails_with_bad_end_time ... ok
blam! test tests::it_fails_with_bad_start_time ... ok
blam! test tests::it_fails_with_bad_position ... ok
blam! test tests::it_fails_with_bad_time_format ... ok
blam! test tests::it_fails_with_missing_end_time ... ok
blam! test tests::it_fails_with_extra_time ... ok
blam! test tests::read_from_file_failed ... ok
blam! test tests::it_fails_with_missing_start_time ... ok
blam! test tests::it_fails_with_missing_text ... ok
blam! test tests::it_works ... ok
blam! test tests::read_from_file_success ... FAILED
blam! 
blam! failures:
blam! 
blam! ---- tests::read_from_file_success stdout ----
kablam! error: test failed
blam! 	thread 'tests::read_from_file_success' panicked at 'called `Result::unwrap()` on an `Err` value: entity not found', /buildslave/rust-buildbot/slave/stable-dist-rustc-linux/build/src/libcore/result.rs:837
blam! 
blam! 
blam! failures:
blam!     tests::read_from_file_success
blam! 
blam! test result: FAILED. 10 passed; 1 failed; 0 ignored; 0 measured
blam! 
boom! running `docker rm -f afa16ccc92d52a783693b0a3bac1fd01bcb75cfa57af8955962c67d798d21e3c`
blam! afa16ccc92d52a783693b0a3bac1fd01bcb75cfa57af8955962c67d798d21e3c
