boom! testing rst_app-0.3.7 against stable for nightly
boom! running: cargo +stable build --frozen
boom! creating container for: cargo +stable build --frozen
boom! running `docker create -v /home/ec2-user/cargobomb/./work/local/test-source/nightly/stable:/source:ro -v /home/ec2-user/cargobomb/./work/local/cargo-home:/cargo-home:ro -v /home/ec2-user/cargobomb/./work/local/rustup-home:/rustup-home:ro -v /home/ec2-user/cargobomb/./work/local/target-dirs/nightly/stable:/target:rw -e USER_ID=500 -e CMD=cargo +stable build --frozen cargobomb`
blam! 5a1aae06614bd24d2a685e745274ab5d7f230ae0f84cad7b07f2b617d2fbf973
boom! running `docker start -a 5a1aae06614bd24d2a685e745274ab5d7f230ae0f84cad7b07f2b617d2fbf973`
kablam!    Compiling strfmt v0.1.5
kablam!    Compiling clap v2.20.5
kablam!    Compiling rst_app v0.3.7 (file:///source)
kablam! warning: unused import: `ArtifactData`, #[warn(unused_imports)] on by default
kablam!  --> src/cmd/server.rs:3:26
kablam!   |
kablam! 3 | use super::super::core::{ArtifactData};
kablam!   |                          ^^^^^^^^^^^^
kablam! 
kablam! warning: unused variable: `artifacts`, #[warn(unused_variables)] on by default
kablam!   --> src/cmd/server.rs:33:19
kablam!    |
kablam! 33 | pub fn run_server(artifacts: &Artifacts, addr: &str) {
kablam!    |                   ^^^^^^^^^
kablam! 
kablam! warning: unused variable: `addr`, #[warn(unused_variables)] on by default
kablam!   --> src/cmd/server.rs:33:42
kablam!    |
kablam! 33 | pub fn run_server(artifacts: &Artifacts, addr: &str) {
kablam!    |                                          ^^^^
kablam! 
kablam!     Finished debug [unoptimized + debuginfo] target(s) in 42.87 secs
boom! running `docker rm -f 5a1aae06614bd24d2a685e745274ab5d7f230ae0f84cad7b07f2b617d2fbf973`
blam! 5a1aae06614bd24d2a685e745274ab5d7f230ae0f84cad7b07f2b617d2fbf973
boom! running: cargo +stable test --frozen --no-run
boom! creating container for: cargo +stable test --frozen --no-run
boom! running `docker create -v /home/ec2-user/cargobomb/./work/local/test-source/nightly/stable:/source:ro -v /home/ec2-user/cargobomb/./work/local/cargo-home:/cargo-home:ro -v /home/ec2-user/cargobomb/./work/local/rustup-home:/rustup-home:ro -v /home/ec2-user/cargobomb/./work/local/target-dirs/nightly/stable:/target:rw -e USER_ID=500 -e CMD=cargo +stable test --frozen --no-run cargobomb`
blam! f09dbe32878b3f5dab6965aa561e4a74c5dc89c40c5dbb6fefdc0dc39bf0a31b
boom! running `docker start -a f09dbe32878b3f5dab6965aa561e4a74c5dc89c40c5dbb6fefdc0dc39bf0a31b`
kablam!    Compiling rst_app v0.3.7 (file:///source)
kablam! warning: unused import: `super::super::types::*;`, #[warn(unused_imports)] on by default
kablam!   --> src/core/link.rs:96:9
kablam!    |
kablam! 96 |     use super::super::types::*;
kablam!    |         ^^^^^^^^^^^^^^^^^^^^^^^
kablam! 
kablam! warning: unused import: `ArtifactData`, #[warn(unused_imports)] on by default
kablam!  --> src/cmd/server.rs:3:26
kablam!   |
kablam! 3 | use super::super::core::{ArtifactData};
kablam!   |                          ^^^^^^^^^^^^
kablam! 
kablam! warning: unused variable: `artifacts`, #[warn(unused_variables)] on by default
kablam!   --> src/cmd/server.rs:33:19
kablam!    |
kablam! 33 | pub fn run_server(artifacts: &Artifacts, addr: &str) {
kablam!    |                   ^^^^^^^^^
kablam! 
kablam! warning: unused variable: `addr`, #[warn(unused_variables)] on by default
kablam!   --> src/cmd/server.rs:33:42
kablam!    |
kablam! 33 | pub fn run_server(artifacts: &Artifacts, addr: &str) {
kablam!    |                                          ^^^^
kablam! 
kablam!     Finished debug [unoptimized + debuginfo] target(s) in 20.67 secs
boom! running `docker rm -f f09dbe32878b3f5dab6965aa561e4a74c5dc89c40c5dbb6fefdc0dc39bf0a31b`
blam! f09dbe32878b3f5dab6965aa561e4a74c5dc89c40c5dbb6fefdc0dc39bf0a31b
boom! running: cargo +stable test --frozen
boom! creating container for: cargo +stable test --frozen
boom! running `docker create -v /home/ec2-user/cargobomb/./work/local/test-source/nightly/stable:/source:ro -v /home/ec2-user/cargobomb/./work/local/cargo-home:/cargo-home:ro -v /home/ec2-user/cargobomb/./work/local/rustup-home:/rustup-home:ro -v /home/ec2-user/cargobomb/./work/local/target-dirs/nightly/stable:/target:rw -e USER_ID=500 -e CMD=cargo +stable test --frozen cargobomb`
blam! e7aafea56e9b3f439d68173c59d87c598f344e1ef712034ecf659c83fd430631
boom! running `docker start -a e7aafea56e9b3f439d68173c59d87c598f344e1ef712034ecf659c83fd430631`
kablam!     Finished debug [unoptimized + debuginfo] target(s) in 0.0 secs
kablam!      Running /target/debug/deps/rst-53644a585f0200dd
blam! 
blam! running 0 tests
blam! 
blam! test result: ok. 0 passed; 0 failed; 0 ignored; 0 measured
blam! 
blam! 
blam! running 25 tests
blam! test cmd::ls::test_get_percent ... ok
blam! test cmd::tests::test_cmd::test_get_matches ... ok
blam! test core::serialize::test_pretty ... ok
kablam!      Running /target/debug/deps/rst_app-2d175b38253f4f03
blam! test cmd::tests::test_tutorial::test_line_length ... ok
blam! test core::link::tests::test_link_named_partofs ... ok
blam! test core::tests::test_core::test_load_path ... FAILED
blam! test core::tests::test_link::test_invalid_partof ... ok
blam! test core::tests::test_load::test_artifact_name ... ok
blam! test core::tests::test_load::test_get_attr ... ok
blam! test core::tests::test_link::test_basic_link ... ok
blam! test core::tests::test_load::test_load_raw_impl ... ok
blam! test core::tests::test_load::test_load_raw ... FAILED
blam! test core::tests::test_load::test_load_toml ... ok
blam! test core::tests::test_load::test_settings ... ok
blam! test core::tests::test_toml::test_assumptions ... ok
blam! test core::tests::test_serde::test_serde ... ok
blam! test core::tests::test_vars::test_find_repo ... FAILED
blam! test core::tests::test_vars::test_resolve_vars ... FAILED
blam! test core::tests::test_vars::test_resolve_loc_text ... ok
blam! test core::types::test_parse_names ... ok
blam! test core::utils::test_relative_path ... ok
blam! test core::types::test_artname_parent ... ok
blam! test ui::search::test_show_artfact ... ok
blam! test core::tests::test_link::test_link_completed_tested ... ok
blam! test cmd::tests::test_cmd::test_cmds ... ok
blam! 
blam! failures:
blam! 
blam! ---- core::tests::test_core::test_load_path stdout ----
blam! 	thread 'core::tests::test_core::test_load_path' panicked at 'called `Result::unwrap()` on an `Err` value: LoadError { desc: "dir is not part of a repo: /source/src/core/tests/data/simple" }', /buildslave/rust-buildbot/slave/stable-dist-rustc-linux/build/src/libcore/result.rs:837
blam! note: Run with `RUST_BACKTRACE=1` for a backtrace.
blam! 
blam! ---- core::tests::test_load::test_load_raw stdout ----
blam! 	thread 'core::tests::test_load::test_load_raw' panicked at 'called `Result::unwrap()` on an `Err` value: LoadError { desc: "dir is not part of a repo: /source/src/core/tests/data/simple" }', /buildslave/rust-buildbot/slave/stable-dist-rustc-linux/build/src/libcore/result.rs:837
blam! 
blam! ---- core::tests::test_vars::test_find_repo stdout ----
blam! 	thread 'core::tests::test_vars::test_find_repo' panicked at 'called `Option::unwrap()` on a `None` value', /buildslave/rust-buildbot/slave/stable-dist-rustc-linux/build/src/libcore/option.rs:323
blam! 
blam! ---- core::tests::test_vars::test_resolve_vars stdout ----
blam! 	thread 'core::tests::test_vars::test_resolve_vars' panicked at 'called `Result::unwrap()` on an `Err` value: LoadError { desc: "dir is not part of a repo: /source/src/core/tests/data/simple" }', /buildslave/rust-buildbot/slave/stable-dist-rustc-linux/build/src/libcore/result.rs:837
blam! 
blam! 
blam! failures:
blam!     core::tests::test_core::test_load_path
blam!     core::tests::test_load::test_load_raw
blam!     core::tests::test_vars::test_find_repo
blam!     core::tests::test_vars::test_resolve_vars
blam! 
blam! test result: FAILED. 21 passed; 4 failed; 0 ignored; 0 measured
blam! 
kablam! error: test failed
boom! running `docker rm -f e7aafea56e9b3f439d68173c59d87c598f344e1ef712034ecf659c83fd430631`
blam! e7aafea56e9b3f439d68173c59d87c598f344e1ef712034ecf659c83fd430631
