boom! testing parking_lot-0.2.8 against nightly for nightly
boom! running: cargo +nightly build --frozen
boom! creating container for: cargo +nightly build --frozen
boom! running `docker create -v /home/ec2-user/cargobomb/./work/local/test-source/nightly/nightly:/source:ro -v /home/ec2-user/cargobomb/./work/local/cargo-home:/cargo-home:ro -v /home/ec2-user/cargobomb/./work/local/rustup-home:/rustup-home:ro -v /home/ec2-user/cargobomb/./work/local/target-dirs/nightly/nightly:/target:rw -e USER_ID=500 -e CMD=cargo +nightly build --frozen cargobomb`
blam! 34e292dbf40bb80ad9d3682a5486a973b2babf9cc4938103f9290157dc891839
boom! running `docker start -a 34e292dbf40bb80ad9d3682a5486a973b2babf9cc4938103f9290157dc891839`
kablam!    Compiling parking_lot v0.2.8 (file:///source)
kablam!     Finished dev [unoptimized + debuginfo] target(s) in 2.86 secs
boom! running `docker rm -f 34e292dbf40bb80ad9d3682a5486a973b2babf9cc4938103f9290157dc891839`
blam! 34e292dbf40bb80ad9d3682a5486a973b2babf9cc4938103f9290157dc891839
boom! running: cargo +nightly test --frozen --no-run
boom! creating container for: cargo +nightly test --frozen --no-run
boom! running `docker create -v /home/ec2-user/cargobomb/./work/local/test-source/nightly/nightly:/source:ro -v /home/ec2-user/cargobomb/./work/local/cargo-home:/cargo-home:ro -v /home/ec2-user/cargobomb/./work/local/rustup-home:/rustup-home:ro -v /home/ec2-user/cargobomb/./work/local/target-dirs/nightly/nightly:/target:rw -e USER_ID=500 -e CMD=cargo +nightly test --frozen --no-run cargobomb`
blam! 179172a37e471a74b48be293846009426929b6acae31fc0b7fed1784e380bc20
boom! running `docker start -a 179172a37e471a74b48be293846009426929b6acae31fc0b7fed1784e380bc20`
kablam!    Compiling parking_lot v0.2.8 (file:///source)
kablam! warning: static variable `run` should have an upper case name such as `RUN`
kablam!    --> src/once.rs:308:9
kablam!     |
kablam! 308 |         static mut run: bool = false;
kablam!     |         ^^^^^^^^^^^^^^^^^^^^^^^^^^^^^
kablam!     |
kablam!     = note: #[warn(non_upper_case_globals)] on by default
kablam! 
kablam!     Finished dev [unoptimized + debuginfo] target(s) in 7.32 secs
boom! running `docker rm -f 179172a37e471a74b48be293846009426929b6acae31fc0b7fed1784e380bc20`
blam! 179172a37e471a74b48be293846009426929b6acae31fc0b7fed1784e380bc20
boom! running: cargo +nightly test --frozen
boom! creating container for: cargo +nightly test --frozen
boom! running `docker create -v /home/ec2-user/cargobomb/./work/local/test-source/nightly/nightly:/source:ro -v /home/ec2-user/cargobomb/./work/local/cargo-home:/cargo-home:ro -v /home/ec2-user/cargobomb/./work/local/rustup-home:/rustup-home:ro -v /home/ec2-user/cargobomb/./work/local/target-dirs/nightly/nightly:/target:rw -e USER_ID=500 -e CMD=cargo +nightly test --frozen cargobomb`
blam! ce2005876fa2d266c6e6ac3624333f50d95b7ca8c65b1571798e85747b87ee4b
boom! running `docker start -a ce2005876fa2d266c6e6ac3624333f50d95b7ca8c65b1571798e85747b87ee4b`
kablam!     Finished dev [unoptimized + debuginfo] target(s) in 0.0 secs
kablam!      Running /target/debug/deps/parking_lot-bb6d832cea6e44d4
blam! 
blam! running 35 tests
blam! test condvar::tests::smoke ... ok
blam! test condvar::tests::two_mutexes ... ok
blam! test condvar::tests::notify_one ... ok
blam! test condvar::tests::two_mutexes_disjoint ... ok
blam! test condvar::tests::wait_for ... ok
blam! test mutex::tests::smoke ... ok
blam! test mutex::tests::test_get_mut ... ok
blam! test mutex::tests::test_into_inner ... ok
blam! test mutex::tests::test_into_inner_drop ... ok
blam! test condvar::tests::wait_until ... ok
blam! test mutex::tests::lots_and_lots ... ok
kablam! thread '<unnamed>' panicked at 'explicit panic', src/mutex.rs:390
blam! test mutex::tests::test_mutex_arc_access_in_unwind ... ok
blam! test mutex::tests::test_mutex_arc_nested ... ok
blam! test mutex::tests::test_mutex_unsized ... ok
blam! test condvar::tests::notify_all ... ok
blam! test mutex::tests::test_mutexguard_send ... ok
blam! test mutex::tests::try_lock ... ok
blam! test once::tests::smoke_once ... ok
blam! test mutex::tests::test_mutex_arc_condvar ... ok
blam! test rwlock::tests::test_get_mut ... ok
blam! test rwlock::tests::test_into_inner ... ok
blam! test rwlock::tests::test_into_inner_drop ... ok
blam! test rwlock::tests::smoke ... ok
blam! test once::tests::stampede_once ... ok
blam! test rwlock::tests::test_rw_arc ... ok
kablam! thread '<unnamed>' panicked at 'explicit panic', src/rwlock.rs:523
blam! test rwlock::tests::test_rw_arc_access_in_unwind ... ok
kablam! thread '<unnamed>' panicked at 'explicit panic', src/rwlock.rs:463
blam! test rwlock::tests::test_rw_arc_no_poison_rw ... ok
kablam! thread '<unnamed>' panicked at 'explicit panic', src/rwlock.rs:438
kablam! thread '<unnamed>' panicked at 'explicit panic', src/rwlock.rs:451
blam! test rwlock::tests::frob ... ok
blam! test rwlock::tests::test_rw_arc_no_poison_ww ... ok
kablam! thread '<unnamed>' panicked at 'explicit panic', src/rwlock.rs:425
blam! test rwlock::tests::test_rw_arc_no_poison_rr ... ok
blam! test rwlock::tests::test_rw_arc_no_poison_wr ... ok
blam! test rwlock::tests::test_rwlock_try_write ... ok
blam! test rwlock::tests::test_rwlock_unsized ... ok
blam! test rwlock::tests::test_rwlockguard_send ... ok
blam! test rwlock::tests::test_rwlock_downgrade ... ok
blam! 
blam! test result: ok. 35 passed; 0 failed; 0 ignored; 0 measured
blam! 
kablam!    Doc-tests parking_lot
blam! 
blam! running 10 tests
blam! test /source/src/lib.rs -  (line 111) ... ignored
blam! test /source/src/lib.rs -  (line 119) ... ignored
blam! test /source/src/lib.rs -  (line 77) ... ignored
blam! test /source/src/lib.rs -  (line 98) ... ignored
blam! test /source/src/once.rs - once::Once (line 55) ... ok
blam! test /source/src/once.rs - once::Once::call_once (line 100) ... ok
blam! test /source/src/condvar.rs - condvar::Condvar (line 58) ... ok
blam! test /source/src/rwlock.rs - rwlock::RwLock<T>::new (line 117) ... ok
blam! test /source/src/mutex.rs - mutex::Mutex (line 37) ... ok
blam! test /source/src/rwlock.rs - rwlock::RwLock (line 50) ... ok
blam! 
blam! test result: ok. 6 passed; 0 failed; 4 ignored; 0 measured
blam! 
boom! running `docker rm -f ce2005876fa2d266c6e6ac3624333f50d95b7ca8c65b1571798e85747b87ee4b`
blam! ce2005876fa2d266c6e6ac3624333f50d95b7ca8c65b1571798e85747b87ee4b
