boom! testing telebot-0.1.1 against beta for beta
boom! running: cargo +beta build --frozen
boom! creating container for: cargo +beta build --frozen
boom! running `docker create -v /home/ec2-user/cargobomb/./work/local/test-source/beta/beta:/source:ro -v /home/ec2-user/cargobomb/./work/local/cargo-home:/cargo-home:ro -v /home/ec2-user/cargobomb/./work/local/rustup-home:/rustup-home:ro -v /home/ec2-user/cargobomb/./work/local/target-dirs/beta/beta:/target:rw -e USER_ID=500 -e CMD=cargo +beta build --frozen cargobomb`
blam! 23d87e20e287753e91d4a0fc92429b2a2b0887edff60cf63ca58b0fe57b63e5c
boom! running `docker start -a 23d87e20e287753e91d4a0fc92429b2a2b0887edff60cf63ca58b0fe57b63e5c`
kablam!    Compiling telebot-derive v0.0.6
kablam!    Compiling openssl-sys v0.9.6
kablam! error: failed to run custom build command for `openssl-sys v0.9.6`
blam! Build failed, waiting for other jobs to finish...
kablam! process didn't exit successfully: `/target/debug/build/openssl-sys-8f353426b0923d0a/build-script-build` (exit code: 101)
kablam! --- stderr
kablam! thread 'main' panicked at '
kablam! 
kablam! Could not find directory of OpenSSL installation, and this `-sys` crate cannot
kablam! proceed without this knowledge. If OpenSSL is installed and this crate had
kablam! trouble finding it,  you can set the `OPENSSL_DIR` environment variable for the
kablam! compilation process.
kablam! 
kablam! If you're in a situation where you think the directory *should* be found
kablam! automatically, please open a bug at https://github.com/sfackler/rust-openssl
kablam! and include information about your system as well as this message.
kablam! 
kablam!     $HOST = x86_64-unknown-linux-gnu
kablam!     $TARGET = x86_64-unknown-linux-gnu
kablam!     openssl-sys = 0.9.6
kablam! 
kablam! 
kablam! It looks like you're compiling on Linux and also targeting Linux. Currently this
kablam! requires the `pkg-config` utility to find OpenSSL but unfortunately `pkg-config`
kablam! could not be found. If you have OpenSSL installed you can likely fix this by
kablam! installing `pkg-config`.
kablam! 
kablam! ', /cargo-home/registry/src/github.com-1ecc6299db9ec823/openssl-sys-0.9.6/build.rs:150
kablam! note: Run with `RUST_BACKTRACE=1` for a backtrace.
kablam! 
kablam! error[E0554]: #[feature] may not be used on the beta release channel
kablam!  --> /cargo-home/registry/src/github.com-1ecc6299db9ec823/telebot-derive-0.0.6/src/lib.rs:1:1
kablam!   |
kablam! 1 | #![feature(proc_macro, proc_macro_lib)]
kablam!   | ^^^^^^^^^^^^^^^^^^^^^^^^^^^^^^^^^^^^^^^
kablam! 
kablam! error: aborting due to previous error
kablam! 
kablam! error: build failed
boom! running `docker rm -f 23d87e20e287753e91d4a0fc92429b2a2b0887edff60cf63ca58b0fe57b63e5c`
blam! 23d87e20e287753e91d4a0fc92429b2a2b0887edff60cf63ca58b0fe57b63e5c
