boom! testing se_rs_ial-0.0.3 against nightly for nightly
boom! running: cargo +nightly build --frozen
boom! creating container for: cargo +nightly build --frozen
boom! running `docker create -v /home/ec2-user/cargobomb/./work/local/test-source/nightly/nightly:/source:ro -v /home/ec2-user/cargobomb/./work/local/cargo-home:/cargo-home:ro -v /home/ec2-user/cargobomb/./work/local/rustup-home:/rustup-home:ro -v /home/ec2-user/cargobomb/./work/local/target-dirs/nightly/nightly:/target:rw -e USER_ID=500 -e CMD=cargo +nightly build --frozen cargobomb`
blam! c462027ab8187a3405163e66c86fd054b39ff59e8df7315a4927791653a1bc56
boom! running `docker start -a c462027ab8187a3405163e66c86fd054b39ff59e8df7315a4927791653a1bc56`
kablam!    Compiling se_rs_ial v0.0.3 (file:///source)
kablam! error[E0432]: unresolved import `libc::consts::os::extra::*`
kablam!   --> src/lib.rs:31:5
kablam!    |
kablam! 31 | use libc::consts::os::extra::*;
kablam!    |     ^^^^^^^^^^^^^^^^^^^^^^^^^^^ Could not find `consts` in `libc`
kablam! 
kablam! error[E0432]: unresolved import `libc::funcs::extra::kernel32`
kablam!   --> src/lib.rs:32:5
kablam!    |
kablam! 32 | use libc::funcs::extra::kernel32;
kablam!    |     ^^^^^^^^^^^^^^^^^^^^^^^^^^^^ Could not find `funcs` in `libc`
kablam! 
kablam! error[E0432]: unresolved import `libc::HANDLE`
kablam!   --> src/lib.rs:33:28
kablam!    |
kablam! 33 | use libc::{ c_void, c_int, HANDLE, DWORD };
kablam!    |                            ^^^^^^ no `HANDLE` in the root
kablam! 
kablam! error[E0432]: unresolved import `libc::DWORD`
kablam!   --> src/lib.rs:33:36
kablam!    |
kablam! 33 | use libc::{ c_void, c_int, HANDLE, DWORD };
kablam!    |                                    ^^^^^ no `DWORD` in the root
kablam! 
kablam! error[E0432]: unresolved import `libc::LPOVERLAPPED`
kablam!   --> src/ffi.rs:25:28
kablam!    |
kablam! 25 | use libc::{ c_int, c_char, LPOVERLAPPED, HANDLE, DWORD, WORD, BOOL, BYTE };
kablam!    |                            ^^^^^^^^^^^^ no `LPOVERLAPPED` in the root
kablam! 
kablam! error[E0432]: unresolved import `libc::HANDLE`
kablam!   --> src/ffi.rs:25:42
kablam!    |
kablam! 25 | use libc::{ c_int, c_char, LPOVERLAPPED, HANDLE, DWORD, WORD, BOOL, BYTE };
kablam!    |                                          ^^^^^^ no `HANDLE` in the root
kablam! 
kablam! error[E0432]: unresolved import `libc::DWORD`
kablam!   --> src/ffi.rs:25:50
kablam!    |
kablam! 25 | use libc::{ c_int, c_char, LPOVERLAPPED, HANDLE, DWORD, WORD, BOOL, BYTE };
kablam!    |                                                  ^^^^^ no `DWORD` in the root
kablam! 
kablam! error[E0432]: unresolved import `libc::WORD`
kablam!   --> src/ffi.rs:25:57
kablam!    |
kablam! 25 | use libc::{ c_int, c_char, LPOVERLAPPED, HANDLE, DWORD, WORD, BOOL, BYTE };
kablam!    |                                                         ^^^^ no `WORD` in the root
kablam! 
kablam! error[E0432]: unresolved import `libc::BOOL`
kablam!   --> src/ffi.rs:25:63
kablam!    |
kablam! 25 | use libc::{ c_int, c_char, LPOVERLAPPED, HANDLE, DWORD, WORD, BOOL, BYTE };
kablam!    |                                                               ^^^^ no `BOOL` in the root
kablam! 
kablam! error[E0432]: unresolved import `libc::BYTE`
kablam!   --> src/ffi.rs:25:69
kablam!    |
kablam! 25 | use libc::{ c_int, c_char, LPOVERLAPPED, HANDLE, DWORD, WORD, BOOL, BYTE };
kablam!    |                                                                     ^^^^ no `BYTE` in the root
kablam! 
kablam! error[E0412]: cannot find type `CommEventFlags` in this scope
kablam!   --> src/lib.rs:43:45
kablam!    |
kablam! 43 | 	pub fn wait_for_event(&mut self) -> Result<CommEventFlags, DWORD> {
kablam!    | 	                                           ^^^^^^^^^^^^^^ not found in this scope
kablam!    |
kablam!    = help: possible candidate is found in another module, you can import it into scope:
kablam!              `use ffi::CommEventFlags;`
kablam! 
kablam! error[E0433]: failed to resolve. Use of undeclared type or module `CommEventFlags`
kablam!   --> src/lib.rs:44:20
kablam!    |
kablam! 44 | 		let mut events = CommEventFlags::empty();
kablam!    | 		                 ^^^^^^^^^^^^^^^^^^^^^ Use of undeclared type or module `CommEventFlags`
kablam! 
kablam! error[E0425]: cannot find value `GENERIC_READ` in this scope
kablam!   --> src/lib.rs:72:6
kablam!    |
kablam! 72 | 					GENERIC_READ | GENERIC_WRITE,
kablam!    | 					^^^^^^^^^^^^ not found in this scope
kablam! 
kablam! error[E0425]: cannot find value `GENERIC_WRITE` in this scope
kablam!   --> src/lib.rs:72:21
kablam!    |
kablam! 72 | 					GENERIC_READ | GENERIC_WRITE,
kablam!    | 					               ^^^^^^^^^^^^^ not found in this scope
kablam! 
kablam! error[E0425]: cannot find value `OPEN_EXISTING` in this scope
kablam!   --> src/lib.rs:75:6
kablam!    |
kablam! 75 | 					OPEN_EXISTING,
kablam!    | 					^^^^^^^^^^^^^ not found in this scope
kablam! 
kablam! error[E0425]: cannot find value `FILE_ATTRIBUTE_NORMAL` in module `libc`
kablam!   --> src/lib.rs:76:12
kablam!    |
kablam! 76 | 					libc::FILE_ATTRIBUTE_NORMAL,
kablam!    | 					      ^^^^^^^^^^^^^^^^^^^^^ not found in `libc`
kablam! 
kablam! error[E0425]: cannot find value `INVALID_HANDLE_VALUE` in this scope
kablam!   --> src/lib.rs:82:21
kablam!    |
kablam! 82 | 		if comm_handle == INVALID_HANDLE_VALUE {
kablam!    | 		                  ^^^^^^^^^^^^^^^^^^^^ not found in this scope
kablam! 
kablam! error[E0425]: cannot find value `PURGE_RXCLEAR` in this scope
kablam!    --> src/lib.rs:106:42
kablam!     |
kablam! 106 | 				unsafe { PurgeComm(conn.comm_handle, PURGE_RXCLEAR | PURGE_TXCLEAR); }
kablam!     | 				                                     ^^^^^^^^^^^^^ not found in this scope
kablam!     |
kablam!     = help: possible candidate is found in another module, you can import it into scope:
kablam!               `use ffi::PURGE_RXCLEAR;`
kablam! 
kablam! error[E0425]: cannot find value `PURGE_TXCLEAR` in this scope
kablam!    --> src/lib.rs:106:58
kablam!     |
kablam! 106 | 				unsafe { PurgeComm(conn.comm_handle, PURGE_RXCLEAR | PURGE_TXCLEAR); }
kablam!     | 				                                                     ^^^^^^^^^^^^^ not found in this scope
kablam!     |
kablam!     = help: possible candidate is found in another module, you can import it into scope:
kablam!               `use ffi::PURGE_TXCLEAR;`
kablam! 
kablam! error[E0204]: the trait `Copy` may not be implemented for this type
kablam!   --> <bitflags macros>:14:14
kablam!    |
kablam! 14 | # [ derive ( Copy , PartialEq , Eq , Clone , PartialOrd , Ord , Hash ) ] $ (
kablam!    |              ^^^^
kablam!    | 
kablam!   ::: src/ffi.rs
kablam!    |
kablam! 31 | bitflags!{
kablam!    | - this field does not implement `Copy`
kablam!    |
kablam!    = note: this error originates in a macro outside of the current crate
kablam! 
kablam! error[E0204]: the trait `Copy` may not be implemented for this type
kablam!    --> <bitflags macros>:14:14
kablam!     |
kablam! 14  | # [ derive ( Copy , PartialEq , Eq , Clone , PartialOrd , Ord , Hash ) ] $ (
kablam!     |              ^^^^
kablam!     | 
kablam!    ::: src/ffi.rs
kablam!     |
kablam! 123 | bitflags!{
kablam!     | - this field does not implement `Copy`
kablam!     |
kablam!     = note: this error originates in a macro outside of the current crate
kablam! 
kablam! error[E0204]: the trait `Copy` may not be implemented for this type
kablam!    --> <bitflags macros>:14:14
kablam!     |
kablam! 14  |   # [ derive ( Copy , PartialEq , Eq , Clone , PartialOrd , Ord , Hash ) ] $ (
kablam!     |                ^^^^
kablam!     | 
kablam!    ::: src/ffi.rs
kablam!     |
kablam! 153 |   bitflags!{
kablam!     |  _- starting here...
kablam! 154 | | 	#[repr(C)]
kablam! 155 | | 	flags PurgeFlags: DWORD {
kablam! 156 | | 		const PURGE_TXABORT = 0x0001,
kablam! 157 | | 		const PURGE_RXABORT = 0x0002,
kablam! 158 | | 		const PURGE_TXCLEAR = 0x0004,
kablam! 159 | | 		const PURGE_RXCLEAR = 0x0008,
kablam! 160 | | 	}
kablam! 161 | | }
kablam!     | |_- ...ending here: this field does not implement `Copy`
kablam!     |
kablam!     = note: this error originates in a macro outside of the current crate
kablam! 
kablam! error[E0119]: conflicting implementations of trait `std::fmt::Debug` for type `ffi::DCBFlags`:
kablam!   --> src/ffi.rs:53:1
kablam!    |
kablam! 31 | bitflags!{
kablam!    | - first implementation here
kablam! ...
kablam! 53 | impl fmt::Debug for DCBFlags {
kablam!    | ^ conflicting implementation for `ffi::DCBFlags`
kablam!    |
kablam!    = note: this error originates in a macro outside of the current crate
kablam! 
kablam! error[E0119]: conflicting implementations of trait `std::fmt::Debug` for type `ffi::CommEventFlags`:
kablam!    --> src/ffi.rs:138:1
kablam!     |
kablam! 123 | bitflags!{
kablam!     | - first implementation here
kablam! ...
kablam! 138 | impl fmt::Debug for CommEventFlags {
kablam!     | ^ conflicting implementation for `ffi::CommEventFlags`
kablam!     |
kablam!     = note: this error originates in a macro outside of the current crate
kablam! 
kablam! error: aborting due to 5 previous errors
kablam! 
kablam! error: Could not compile `se_rs_ial`.
kablam! 
kablam! To learn more, run the command again with --verbose.
boom! running `docker rm -f c462027ab8187a3405163e66c86fd054b39ff59e8df7315a4927791653a1bc56`
blam! c462027ab8187a3405163e66c86fd054b39ff59e8df7315a4927791653a1bc56
