boom! testing cppStream-0.1.1 against stable for nightly
boom! running: cargo +stable build --frozen
boom! creating container for: cargo +stable build --frozen
boom! running `docker create -v /home/ec2-user/cargobomb/./work/local/test-source/nightly/stable:/source:ro -v /home/ec2-user/cargobomb/./work/local/cargo-home:/cargo-home:ro -v /home/ec2-user/cargobomb/./work/local/rustup-home:/rustup-home:ro -v /home/ec2-user/cargobomb/./work/local/target-dirs/nightly/stable:/target:rw -e USER_ID=500 -e CMD=cargo +stable build --frozen cargobomb`
blam! 5dc6a90cb0f4c0566d746adbc7fe682b616bd31b45bf12268b252e4aaec93f03
boom! running `docker start -a 5dc6a90cb0f4c0566d746adbc7fe682b616bd31b45bf12268b252e4aaec93f03`
kablam! warning: file found to be present in multiple build targets: /source/examples/example.rs
kablam!    Compiling cppStream v0.1.1 (file:///source)
kablam! error: expected expression, found `]`
kablam!   --> src/istream.rs:64:42
kablam!    |
kablam! 64 |         *output = FromStr::from_str(&buf[]).unwrap_or_default();
kablam!    |                                          ^
kablam! 
kablam! error: expected one of `.`, `;`, `<`, `?`, `break`, `continue`, `false`, `for`, `if`, `loop`, `match`, `move`, `return`, `true`, `unsafe`, `while`, `}`, or an operator, found `]`
kablam!   --> src/istream.rs:64:42
kablam!    |
kablam! 64 |         *output = FromStr::from_str(&buf[]).unwrap_or_default();
kablam!    |                                          ^
kablam! 
kablam! error: invalid suffix `is` for numeric literal
kablam!   --> src/istream.rs:88:20
kablam!    |
kablam! 88 |     for _ in range(0is,5) {
kablam!    |                    ^^^
kablam!    |
kablam!    = help: the suffix must be one of the integral types (`u32`, `isize`, etc)
kablam! 
kablam! error: invalid suffix `is` for numeric literal
kablam!   --> src/istream.rs:89:21
kablam!    |
kablam! 89 |         let mut d = 0is;
kablam!    |                     ^^^
kablam!    |
kablam!    = help: the suffix must be one of the integral types (`u32`, `isize`, etc)
kablam! 
kablam! error: invalid suffix `is` for numeric literal
kablam!   --> src/ostream.rs:74:19
kablam!    |
kablam! 74 |         vecout << 1is << 2us << 3f64 << "good C++" << endl;
kablam!    |                   ^^^
kablam!    |
kablam!    = help: the suffix must be one of the integral types (`u32`, `isize`, etc)
kablam! 
kablam! error: invalid suffix `us` for numeric literal
kablam!   --> src/ostream.rs:74:26
kablam!    |
kablam! 74 |         vecout << 1is << 2us << 3f64 << "good C++" << endl;
kablam!    |                          ^^^
kablam!    |
kablam!    = help: the suffix must be one of the integral types (`u32`, `isize`, etc)
kablam! 
kablam! error: invalid suffix `is` for numeric literal
kablam!   --> src/ostream.rs:84:13
kablam!    |
kablam! 84 |     cout << 1is << 2us << 3f64 << endl;
kablam!    |             ^^^
kablam!    |
kablam!    = help: the suffix must be one of the integral types (`u32`, `isize`, etc)
kablam! 
kablam! error: invalid suffix `us` for numeric literal
kablam!   --> src/ostream.rs:84:20
kablam!    |
kablam! 84 |     cout << 1is << 2us << 3f64 << endl;
kablam!    |                    ^^^
kablam!    |
kablam!    = help: the suffix must be one of the integral types (`u32`, `isize`, etc)
kablam! 
kablam! error: expected expression, found `]`
kablam!    --> src/iostream.rs:105:42
kablam!     |
kablam! 105 |         *output = FromStr::from_str(&buf[]).unwrap_or_default();
kablam!     |                                          ^
kablam! 
kablam! error: expected one of `.`, `;`, `<`, `?`, `break`, `continue`, `false`, `for`, `if`, `loop`, `match`, `move`, `return`, `true`, `unsafe`, `while`, `}`, or an operator, found `]`
kablam!    --> src/iostream.rs:105:42
kablam!     |
kablam! 105 |         *output = FromStr::from_str(&buf[]).unwrap_or_default();
kablam!     |                                          ^
kablam! 
kablam! error: invalid suffix `is` for numeric literal
kablam!    --> src/iostream.rs:129:17
kablam!     |
kablam! 129 |     let mut a = 0is;
kablam!     |                 ^^^
kablam!     |
kablam!     = help: the suffix must be one of the integral types (`u32`, `isize`, etc)
kablam! 
kablam! error[E0554]: #[feature] may not be used on the stable release channel
kablam!  --> src/lib.rs:2:1
kablam!   |
kablam! 2 | #![feature(old_orphan_check)]
kablam!   | ^^^^^^^^^^^^^^^^^^^^^^^^^^^^^
kablam! 
kablam! error[E0554]: #[feature] may not be used on the stable release channel
kablam!  --> src/lib.rs:3:1
kablam!   |
kablam! 3 | #![feature(box_syntax)]
kablam!   | ^^^^^^^^^^^^^^^^^^^^^^^
kablam! 
kablam! error: aborting due to 2 previous errors
kablam! 
kablam! error: Could not compile `cppStream`.
kablam! 
kablam! To learn more, run the command again with --verbose.
boom! running `docker rm -f 5dc6a90cb0f4c0566d746adbc7fe682b616bd31b45bf12268b252e4aaec93f03`
blam! 5dc6a90cb0f4c0566d746adbc7fe682b616bd31b45bf12268b252e4aaec93f03
