boom! testing pokerlookup-0.1.2 against stable for beta
boom! running: cargo +stable build --frozen
boom! creating container for: cargo +stable build --frozen
boom! running `docker create -v /home/ec2-user/cargobomb/./work/local/test-source/beta/stable:/source:ro -v /home/ec2-user/cargobomb/./work/local/cargo-home:/cargo-home:ro -v /home/ec2-user/cargobomb/./work/local/rustup-home:/rustup-home:ro -v /home/ec2-user/cargobomb/./work/local/target-dirs/beta/stable:/target:rw -e USER_ID=500 -e CMD=cargo +stable build --frozen cargobomb`
blam! d3c316ce8dbd07509c18ddbcec482648192b2b8ff6056e7173d3654c5022ba10
boom! running `docker start -a d3c316ce8dbd07509c18ddbcec482648192b2b8ff6056e7173d3654c5022ba10`
kablam!    Compiling pokerlookup v0.1.2 (file:///source)
kablam!     Finished debug [unoptimized + debuginfo] target(s) in 1.95 secs
boom! running `docker rm -f d3c316ce8dbd07509c18ddbcec482648192b2b8ff6056e7173d3654c5022ba10`
blam! d3c316ce8dbd07509c18ddbcec482648192b2b8ff6056e7173d3654c5022ba10
boom! running: cargo +stable test --frozen --no-run
boom! creating container for: cargo +stable test --frozen --no-run
boom! running `docker create -v /home/ec2-user/cargobomb/./work/local/test-source/beta/stable:/source:ro -v /home/ec2-user/cargobomb/./work/local/cargo-home:/cargo-home:ro -v /home/ec2-user/cargobomb/./work/local/rustup-home:/rustup-home:ro -v /home/ec2-user/cargobomb/./work/local/target-dirs/beta/stable:/target:rw -e USER_ID=500 -e CMD=cargo +stable test --frozen --no-run cargobomb`
blam! b9b93ad5cb4d8224fb92c5fdd273bf1afb27e91758e1c565871a6a9f453fba1f
boom! running `docker start -a b9b93ad5cb4d8224fb92c5fdd273bf1afb27e91758e1c565871a6a9f453fba1f`
kablam!    Compiling pokerlookup v0.1.2 (file:///source)
kablam!     Finished debug [unoptimized + debuginfo] target(s) in 2.68 secs
boom! running `docker rm -f b9b93ad5cb4d8224fb92c5fdd273bf1afb27e91758e1c565871a6a9f453fba1f`
blam! b9b93ad5cb4d8224fb92c5fdd273bf1afb27e91758e1c565871a6a9f453fba1f
boom! running: cargo +stable test --frozen
boom! creating container for: cargo +stable test --frozen
boom! running `docker create -v /home/ec2-user/cargobomb/./work/local/test-source/beta/stable:/source:ro -v /home/ec2-user/cargobomb/./work/local/cargo-home:/cargo-home:ro -v /home/ec2-user/cargobomb/./work/local/rustup-home:/rustup-home:ro -v /home/ec2-user/cargobomb/./work/local/target-dirs/beta/stable:/target:rw -e USER_ID=500 -e CMD=cargo +stable test --frozen cargobomb`
blam! 1f448b29bb1ecc654dbc35cd8d383e44d27002c693e13303eddc97e5fc418b73
boom! running `docker start -a 1f448b29bb1ecc654dbc35cd8d383e44d27002c693e13303eddc97e5fc418b73`
kablam!     Finished debug [unoptimized + debuginfo] target(s) in 0.0 secs
kablam!      Running /target/debug/deps/generate-71dbabb7b971d918
blam! 
blam! running 0 tests
blam! 
blam! test result: ok. 0 passed; 0 failed; 0 ignored; 0 measured
blam! 
kablam!      Running /target/debug/deps/lib-0b7e67be12933f14
blam! 
blam! running 5 tests
blam! test generate_and_save ... ignored
blam! test read_and_copy ... ignored
blam! test evaluate ... FAILED
blam! test evaluate_all_possible_5_card_combinations_agree ... FAILED
blam! test evaluate_all_possible_5_card_combinations_for_stats ... FAILED
blam! 
blam! failures:
blam! 
blam! ---- evaluate stdout ----
blam! 	thread 'evaluate' panicked at 'called `Result::unwrap()` on an `Err` value: Error { repr: Os { code: 2, message: "No such file or directory" } }', /buildslave/rust-buildbot/slave/stable-dist-rustc-linux/build/src/libcore/result.rs:837
blam! note: Run with `RUST_BACKTRACE=1` for a backtrace.
blam! 
blam! ---- evaluate_all_possible_5_card_combinations_agree stdout ----
blam! 	thread 'evaluate_all_possible_5_card_combinations_agree' panicked at 'called `Result::unwrap()` on an `Err` value: Error { repr: Os { code: 2, message: "No such file or directory" } }', /buildslave/rust-buildbot/slave/stable-dist-rustc-linux/build/src/libcore/result.rs:837
blam! 
blam! ---- evaluate_all_possible_5_card_combinations_for_stats stdout ----
blam! 	thread 'evaluate_all_possible_5_card_combinations_for_stats' panicked at 'called `Result::unwrap()` on an `Err` value: Error { repr: Os { code: 2, message: "No such file or directory" } }', /buildslave/rust-buildbot/slave/stable-dist-rustc-linux/build/src/libcore/result.rs:837
blam! 
blam! 
blam! failures:
blam!     evaluate
blam!     evaluate_all_possible_5_card_combinations_agree
blam!     evaluate_all_possible_5_card_combinations_for_stats
blam! 
blam! test result: FAILED. 0 passed; 3 failed; 2 ignored; 0 measured
blam! 
kablam! error: test failed
boom! running `docker rm -f 1f448b29bb1ecc654dbc35cd8d383e44d27002c693e13303eddc97e5fc418b73`
blam! 1f448b29bb1ecc654dbc35cd8d383e44d27002c693e13303eddc97e5fc418b73
