boom! testing ostn02_phf-0.1.13 against stable for nightly
boom! running: cargo +stable build --frozen
boom! creating container for: cargo +stable build --frozen
boom! running `docker create -v /home/ec2-user/cargobomb/./work/local/test-source/nightly/stable:/source:ro -v /home/ec2-user/cargobomb/./work/local/cargo-home:/cargo-home:ro -v /home/ec2-user/cargobomb/./work/local/rustup-home:/rustup-home:ro -v /home/ec2-user/cargobomb/./work/local/target-dirs/nightly/stable:/target:rw -e USER_ID=500 -e CMD=cargo +stable build --frozen cargobomb`
blam! 36ab2db0d866194f9fa547c3ef0e8e34238090ae4298e004e8ea47259a6cb563
boom! running `docker start -a 36ab2db0d866194f9fa547c3ef0e8e34238090ae4298e004e8ea47259a6cb563`
kablam!    Compiling ostn02_phf v0.1.13 (file:///source)
kablam!     Finished dev [unoptimized + debuginfo] target(s) in 72.54 secs
boom! running `docker rm -f 36ab2db0d866194f9fa547c3ef0e8e34238090ae4298e004e8ea47259a6cb563`
blam! 36ab2db0d866194f9fa547c3ef0e8e34238090ae4298e004e8ea47259a6cb563
boom! running: cargo +stable test --frozen --no-run
boom! creating container for: cargo +stable test --frozen --no-run
boom! running `docker create -v /home/ec2-user/cargobomb/./work/local/test-source/nightly/stable:/source:ro -v /home/ec2-user/cargobomb/./work/local/cargo-home:/cargo-home:ro -v /home/ec2-user/cargobomb/./work/local/rustup-home:/rustup-home:ro -v /home/ec2-user/cargobomb/./work/local/target-dirs/nightly/stable:/target:rw -e USER_ID=500 -e CMD=cargo +stable test --frozen --no-run cargobomb`
blam! f5899287e0357051bf255b1f5ef65f52db4387c06831c05f3709d3aab21e5548
boom! running `docker start -a f5899287e0357051bf255b1f5ef65f52db4387c06831c05f3709d3aab21e5548`
kablam!    Compiling ostn02_phf v0.1.13 (file:///source)
kablam!     Finished dev [unoptimized + debuginfo] target(s) in 69.89 secs
boom! running `docker rm -f f5899287e0357051bf255b1f5ef65f52db4387c06831c05f3709d3aab21e5548`
blam! f5899287e0357051bf255b1f5ef65f52db4387c06831c05f3709d3aab21e5548
boom! running: cargo +stable test --frozen
boom! creating container for: cargo +stable test --frozen
boom! running `docker create -v /home/ec2-user/cargobomb/./work/local/test-source/nightly/stable:/source:ro -v /home/ec2-user/cargobomb/./work/local/cargo-home:/cargo-home:ro -v /home/ec2-user/cargobomb/./work/local/rustup-home:/rustup-home:ro -v /home/ec2-user/cargobomb/./work/local/target-dirs/nightly/stable:/target:rw -e USER_ID=500 -e CMD=cargo +stable test --frozen cargobomb`
blam! 4cfeb49b37681151fde5e16d20ec290e5dd453f3d10f797388fbed39b9f23f03
boom! running `docker start -a 4cfeb49b37681151fde5e16d20ec290e5dd453f3d10f797388fbed39b9f23f03`
kablam!     Finished dev [unoptimized + debuginfo] target(s) in 0.0 secs
kablam!      Running /target/debug/deps/ostn02_phf-68d09849de3d0fb2
blam! 
blam! running 2 tests
blam! test test_internal_ffi ... FAILED
blam! test test_ffi ... FAILED
blam! 
blam! failures:
blam! 
blam! ---- test_internal_ffi stdout ----
blam! 	thread 'test_internal_ffi' panicked at 'assertion failed: `(left == right)` (left: `(102.775, -78.244, 44.252)`, right: `(NaN, NaN, NaN)`)', src/lib.rs:156
blam! note: Run with `RUST_BACKTRACE=1` for a backtrace.
blam! 
blam! ---- test_ffi stdout ----
blam! 	thread 'test_ffi' panicked at 'assertion failed: `(left == right)` (left: `(102.775, -78.244, 44.252)`, right: `(NaN, NaN, NaN)`)', src/lib.rs:162
blam! 
blam! 
blam! failures:
blam!     test_ffi
blam!     test_internal_ffi
blam! 
blam! test result: FAILED. 0 passed; 2 failed; 0 ignored; 0 measured
blam! 
kablam! error: test failed
boom! running `docker rm -f 4cfeb49b37681151fde5e16d20ec290e5dd453f3d10f797388fbed39b9f23f03`
blam! 4cfeb49b37681151fde5e16d20ec290e5dd453f3d10f797388fbed39b9f23f03
