boom! testing parmap-0.0.1 against beta for beta
boom! running: cargo +beta build --frozen
boom! creating container for: cargo +beta build --frozen
boom! running `docker create -v /home/ec2-user/cargobomb/./work/local/test-source/beta/beta:/source:ro -v /home/ec2-user/cargobomb/./work/local/cargo-home:/cargo-home:ro -v /home/ec2-user/cargobomb/./work/local/rustup-home:/rustup-home:ro -v /home/ec2-user/cargobomb/./work/local/target-dirs/beta/beta:/target:rw -e USER_ID=500 -e CMD=cargo +beta build --frozen cargobomb`
blam! 32bd5676b3650870d2e893d825075318aad53d3047ec194f417dae326805633f
boom! running `docker start -a 32bd5676b3650870d2e893d825075318aad53d3047ec194f417dae326805633f`
kablam!    Compiling parmap v0.0.1 (file:///source)
kablam! error: expected expression, found reserved keyword `proc`
kablam!   --> src/lib.rs:29:52
kablam!    |
kablam! 29 |         let mut pool = sync::TaskPool::new(8, || { proc(_) {} });
kablam!    |                                                    ^^^^
kablam! 
kablam! error: expected expression, found reserved keyword `proc`
kablam!   --> src/lib.rs:36:26
kablam!    |
kablam! 36 |             pool.execute(proc(_) {
kablam!    |                          ^^^^
kablam! 
kablam! error: expected one of `)`, `.`, `;`, `<`, `?`, `break`, `continue`, `false`, `for`, `if`, `loop`, `match`, `move`, `return`, `true`, `unsafe`, `while`, `}`, or an operator, found `proc`
kablam!   --> src/lib.rs:36:26
kablam!    |
kablam! 36 |             pool.execute(proc(_) {
kablam!    |                          ^^^^
kablam! 
kablam! error[E0412]: cannot find type `uint` in this scope
kablam!   --> src/lib.rs:16:11
kablam!    |
kablam! 16 |     left: uint,
kablam!    |           ^^^^ not found in this scope
kablam! 
kablam! error[E0412]: cannot find type `Receiver` in this scope
kablam!   --> src/lib.rs:17:11
kablam!    |
kablam! 17 |     from: Receiver<R>
kablam!    |           ^^^^^^^^^^^ not found in this scope
kablam!    |
kablam!    = help: possible candidate is found in another module, you can import it into scope:
kablam!              `use std::sync::mpsc::Receiver;`
kablam! 
kablam! error[E0433]: failed to resolve. Could not find `TaskPool` in `sync`
kablam!   --> src/lib.rs:29:24
kablam!    |
kablam! 29 |         let mut pool = sync::TaskPool::new(8, || { proc(_) {} });
kablam!    |                        ^^^^^^^^^^^^^^^^^^^ Could not find `TaskPool` in `sync`
kablam! 
kablam! error[E0425]: cannot find function `channel` in this scope
kablam!   --> src/lib.rs:32:24
kablam!    |
kablam! 32 |         let (tx, rx) = channel();
kablam!    |                        ^^^^^^^ not found in this scope
kablam!    |
kablam!    = help: possible candidate is found in another module, you can import it into scope:
kablam!              `use std::sync::mpsc::channel;`
kablam! 
kablam! error: The attribute `license` is currently unknown to the compiler and may have meaning added to it in the future (see issue #29642)
kablam!  --> src/lib.rs:1:1
kablam!   |
kablam! 1 | #![license = "MIT"]
kablam!   | ^^^^^^^^^^^^^^^^^^^
kablam! 
kablam! error: aborting due to previous error
kablam! 
kablam! error: Could not compile `parmap`.
kablam! 
kablam! To learn more, run the command again with --verbose.
boom! running `docker rm -f 32bd5676b3650870d2e893d825075318aad53d3047ec194f417dae326805633f`
blam! 32bd5676b3650870d2e893d825075318aad53d3047ec194f417dae326805633f
