boom! testing rust-3d-0.5.4 against nightly for nightly
boom! running: cargo +nightly build --frozen
boom! creating container for: cargo +nightly build --frozen
boom! running `docker create -v /home/ec2-user/cargobomb/./work/local/test-source/nightly/nightly:/source:ro -v /home/ec2-user/cargobomb/./work/local/cargo-home:/cargo-home:ro -v /home/ec2-user/cargobomb/./work/local/rustup-home:/rustup-home:ro -v /home/ec2-user/cargobomb/./work/local/target-dirs/nightly/nightly:/target:rw -e USER_ID=500 -e CMD=cargo +nightly build --frozen cargobomb`
blam! 5dbfa8ba48437c2f6c3a8425f0d1623d2c662cb3d220b03df544a0519e090360
boom! running `docker start -a 5dbfa8ba48437c2f6c3a8425f0d1623d2c662cb3d220b03df544a0519e090360`
kablam!    Compiling rust-3d v0.5.4 (file:///source)
kablam! warning: unused import: `traits::is_nd::*;`
kablam!   --> src/traits/is_buildable_2d.rs:26:5
kablam!    |
kablam! 26 | use traits::is_nd::*;
kablam!    |     ^^^^^^^^^^^^^^^^^
kablam!    |
kablam!    = note: #[warn(unused_imports)] on by default
kablam! 
kablam! warning: unused import: `traits::is_buildable_nd::*;`
kablam!   --> src/traits/is_buildable_3d.rs:25:5
kablam!    |
kablam! 25 | use traits::is_buildable_nd::*;
kablam!    |     ^^^^^^^^^^^^^^^^^^^^^^^^^^^
kablam!    |
kablam!    = note: #[warn(unused_imports)] on by default
kablam! 
kablam! warning: patterns aren't allowed in methods without bodies
kablam!   --> src/traits/is_random_accessible_2d.rs:33:43
kablam!    |
kablam! 33 |     fn map_point(&mut self, index: usize, mut f: &mut FnMut(&mut P)) -> Result<()>;
kablam!    |                                           ^^^^^
kablam!    |
kablam!    = note: #[warn(patterns_in_fns_without_body)] on by default
kablam!    = warning: this was previously accepted by the compiler but is being phased out; it will become a hard error in a future release!
kablam!    = note: for more information, see issue #35203 <https://github.com/rust-lang/rust/issues/35203>
kablam! 
kablam! warning: patterns aren't allowed in methods without bodies
kablam!   --> src/traits/is_random_accessible_3d.rs:33:43
kablam!    |
kablam! 33 |     fn map_point(&mut self, index: usize, mut f: &mut FnMut(&mut P)) -> Result<()>;
kablam!    |                                           ^^^^^
kablam!    |
kablam!    = note: #[warn(patterns_in_fns_without_body)] on by default
kablam!    = warning: this was previously accepted by the compiler but is being phased out; it will become a hard error in a future release!
kablam!    = note: for more information, see issue #35203 <https://github.com/rust-lang/rust/issues/35203>
kablam! 
kablam! warning: unused import: `traits::is_3d::*;`
kablam!   --> src/traits/is_mesh_3d.rs:19:5
kablam!    |
kablam! 19 | use traits::is_3d::*;
kablam!    |     ^^^^^^^^^^^^^^^^^
kablam!    |
kablam!    = note: #[warn(unused_imports)] on by default
kablam! 
kablam! warning: unused import: `traits::is_editable_3d`
kablam!   --> src/functions.rs:34:5
kablam!    |
kablam! 34 | use traits::is_editable_3d::*;
kablam!    |     ^^^^^^^^^^^^^^^^^^^^^^
kablam!    |
kablam!    = note: #[warn(unused_imports)] on by default
kablam! 
kablam! warning: unused import: `traits::is_editable_2d::*;`
kablam!   --> src/point_cloud_2d.rs:26:5
kablam!    |
kablam! 26 | use traits::is_editable_2d::*;
kablam!    |     ^^^^^^^^^^^^^^^^^^^^^^^^^^
kablam!    |
kablam!    = note: #[warn(unused_imports)] on by default
kablam! 
kablam! warning: unused result which must be used
kablam!    --> src/point_cloud_2d.rs:129:13
kablam!     |
kablam! 129 |             P::parse(String::from(line)).map(|p| pc.push(*p));
kablam!     |             ^^^^^^^^^^^^^^^^^^^^^^^^^^^^^^^^^^^^^^^^^^^^^^^^^^
kablam!     |
kablam!     = note: #[warn(unused_must_use)] on by default
kablam! 
kablam! warning: unused import: `traits::is_editable_3d::*;`
kablam!   --> src/point_cloud_3d.rs:27:5
kablam!    |
kablam! 27 | use traits::is_editable_3d::*;
kablam!    |     ^^^^^^^^^^^^^^^^^^^^^^^^^^
kablam!    |
kablam!    = note: #[warn(unused_imports)] on by default
kablam! 
kablam! warning: unused result which must be used
kablam!    --> src/point_cloud_3d.rs:136:13
kablam!     |
kablam! 136 |             P::parse(String::from(line)).map(|p| pc.push(*p));
kablam!     |             ^^^^^^^^^^^^^^^^^^^^^^^^^^^^^^^^^^^^^^^^^^^^^^^^^^
kablam!     |
kablam!     = note: #[warn(unused_must_use)] on by default
kablam! 
kablam! warning: unused import: `traits::is_buildable_2d::*;`
kablam!   --> src/norm_2d.rs:27:5
kablam!    |
kablam! 27 | use traits::is_buildable_2d::*;
kablam!    |     ^^^^^^^^^^^^^^^^^^^^^^^^^^^
kablam!    |
kablam!    = note: #[warn(unused_imports)] on by default
kablam! 
kablam! warning: unused import: `traits::is_buildable_3d::*;`
kablam!   --> src/norm_3d.rs:27:5
kablam!    |
kablam! 27 | use traits::is_buildable_3d::*;
kablam!    |     ^^^^^^^^^^^^^^^^^^^^^^^^^^^
kablam!    |
kablam!    = note: #[warn(unused_imports)] on by default
kablam! 
kablam! warning: unused import: `result::*;`
kablam!   --> src/matrix4_pipe.rs:18:5
kablam!    |
kablam! 18 | use result::*;
kablam!    |     ^^^^^^^^^^
kablam!    |
kablam!    = note: #[warn(unused_imports)] on by default
kablam! 
kablam! warning: unused import: `traits::is_editable_2d::*;`
kablam!   --> src/interpolation_2d.rs:23:5
kablam!    |
kablam! 23 | use traits::is_editable_2d::*;
kablam!    |     ^^^^^^^^^^^^^^^^^^^^^^^^^^
kablam!    |
kablam!    = note: #[warn(unused_imports)] on by default
kablam! 
kablam!     Finished dev [unoptimized + debuginfo] target(s) in 2.55 secs
boom! running `docker rm -f 5dbfa8ba48437c2f6c3a8425f0d1623d2c662cb3d220b03df544a0519e090360`
blam! 5dbfa8ba48437c2f6c3a8425f0d1623d2c662cb3d220b03df544a0519e090360
boom! running: cargo +nightly test --frozen --no-run
boom! creating container for: cargo +nightly test --frozen --no-run
boom! running `docker create -v /home/ec2-user/cargobomb/./work/local/test-source/nightly/nightly:/source:ro -v /home/ec2-user/cargobomb/./work/local/cargo-home:/cargo-home:ro -v /home/ec2-user/cargobomb/./work/local/rustup-home:/rustup-home:ro -v /home/ec2-user/cargobomb/./work/local/target-dirs/nightly/nightly:/target:rw -e USER_ID=500 -e CMD=cargo +nightly test --frozen --no-run cargobomb`
blam! 032274ebbd6d062eab8c515f2961375e2a5f5eee637f6565ba572da682ec6e52
boom! running `docker start -a 032274ebbd6d062eab8c515f2961375e2a5f5eee637f6565ba572da682ec6e52`
kablam!    Compiling rust-3d v0.5.4 (file:///source)
kablam! warning: unused import: `traits::is_nd::*;`
kablam!   --> src/traits/is_buildable_2d.rs:26:5
kablam!    |
kablam! 26 | use traits::is_nd::*;
kablam!    |     ^^^^^^^^^^^^^^^^^
kablam!    |
kablam!    = note: #[warn(unused_imports)] on by default
kablam! 
kablam! warning: unused import: `traits::is_buildable_nd::*;`
kablam!   --> src/traits/is_buildable_3d.rs:25:5
kablam!    |
kablam! 25 | use traits::is_buildable_nd::*;
kablam!    |     ^^^^^^^^^^^^^^^^^^^^^^^^^^^
kablam!    |
kablam!    = note: #[warn(unused_imports)] on by default
kablam! 
kablam! warning: patterns aren't allowed in methods without bodies
kablam!   --> src/traits/is_random_accessible_2d.rs:33:43
kablam!    |
kablam! 33 |     fn map_point(&mut self, index: usize, mut f: &mut FnMut(&mut P)) -> Result<()>;
kablam!    |                                           ^^^^^
kablam!    |
kablam!    = note: #[warn(patterns_in_fns_without_body)] on by default
kablam!    = warning: this was previously accepted by the compiler but is being phased out; it will become a hard error in a future release!
kablam!    = note: for more information, see issue #35203 <https://github.com/rust-lang/rust/issues/35203>
kablam! 
kablam! warning: patterns aren't allowed in methods without bodies
kablam!   --> src/traits/is_random_accessible_3d.rs:33:43
kablam!    |
kablam! 33 |     fn map_point(&mut self, index: usize, mut f: &mut FnMut(&mut P)) -> Result<()>;
kablam!    |                                           ^^^^^
kablam!    |
kablam!    = note: #[warn(patterns_in_fns_without_body)] on by default
kablam!    = warning: this was previously accepted by the compiler but is being phased out; it will become a hard error in a future release!
kablam!    = note: for more information, see issue #35203 <https://github.com/rust-lang/rust/issues/35203>
kablam! 
kablam! warning: unused import: `traits::is_3d::*;`
kablam!   --> src/traits/is_mesh_3d.rs:19:5
kablam!    |
kablam! 19 | use traits::is_3d::*;
kablam!    |     ^^^^^^^^^^^^^^^^^
kablam!    |
kablam!    = note: #[warn(unused_imports)] on by default
kablam! 
kablam! warning: unused import: `traits::is_editable_3d`
kablam!   --> src/functions.rs:34:5
kablam!    |
kablam! 34 | use traits::is_editable_3d::*;
kablam!    |     ^^^^^^^^^^^^^^^^^^^^^^
kablam!    |
kablam!    = note: #[warn(unused_imports)] on by default
kablam! 
kablam! warning: unused import: `traits::is_editable_2d::*;`
kablam!   --> src/point_cloud_2d.rs:26:5
kablam!    |
kablam! 26 | use traits::is_editable_2d::*;
kablam!    |     ^^^^^^^^^^^^^^^^^^^^^^^^^^
kablam!    |
kablam!    = note: #[warn(unused_imports)] on by default
kablam! 
kablam! warning: unused result which must be used
kablam!    --> src/point_cloud_2d.rs:129:13
kablam!     |
kablam! 129 |             P::parse(String::from(line)).map(|p| pc.push(*p));
kablam!     |             ^^^^^^^^^^^^^^^^^^^^^^^^^^^^^^^^^^^^^^^^^^^^^^^^^^
kablam!     |
kablam!     = note: #[warn(unused_must_use)] on by default
kablam! 
kablam! warning: unused import: `traits::is_editable_3d::*;`
kablam!   --> src/point_cloud_3d.rs:27:5
kablam!    |
kablam! 27 | use traits::is_editable_3d::*;
kablam!    |     ^^^^^^^^^^^^^^^^^^^^^^^^^^
kablam!    |
kablam!    = note: #[warn(unused_imports)] on by default
kablam! 
kablam! warning: unused result which must be used
kablam!    --> src/point_cloud_3d.rs:136:13
kablam!     |
kablam! 136 |             P::parse(String::from(line)).map(|p| pc.push(*p));
kablam!     |             ^^^^^^^^^^^^^^^^^^^^^^^^^^^^^^^^^^^^^^^^^^^^^^^^^^
kablam!     |
kablam!     = note: #[warn(unused_must_use)] on by default
kablam! 
kablam! warning: unused import: `traits::is_buildable_2d::*;`
kablam!   --> src/norm_2d.rs:27:5
kablam!    |
kablam! 27 | use traits::is_buildable_2d::*;
kablam!    |     ^^^^^^^^^^^^^^^^^^^^^^^^^^^
kablam!    |
kablam!    = note: #[warn(unused_imports)] on by default
kablam! 
kablam! warning: unused import: `traits::is_buildable_3d::*;`
kablam!   --> src/norm_3d.rs:27:5
kablam!    |
kablam! 27 | use traits::is_buildable_3d::*;
kablam!    |     ^^^^^^^^^^^^^^^^^^^^^^^^^^^
kablam!    |
kablam!    = note: #[warn(unused_imports)] on by default
kablam! 
kablam! warning: unused import: `result::*;`
kablam!   --> src/matrix4_pipe.rs:18:5
kablam!    |
kablam! 18 | use result::*;
kablam!    |     ^^^^^^^^^^
kablam!    |
kablam!    = note: #[warn(unused_imports)] on by default
kablam! 
kablam! warning: unused import: `traits::is_editable_2d::*;`
kablam!   --> src/interpolation_2d.rs:23:5
kablam!    |
kablam! 23 | use traits::is_editable_2d::*;
kablam!    |     ^^^^^^^^^^^^^^^^^^^^^^^^^^
kablam!    |
kablam!    = note: #[warn(unused_imports)] on by default
kablam! 
kablam! warning: unused import: `rust_3d::traits::is_2d::*;`
kablam!   --> tests/interpolation_2d_test.rs:18:5
kablam!    |
kablam! 18 | use rust_3d::traits::is_2d::*;
kablam!    |     ^^^^^^^^^^^^^^^^^^^^^^^^^^
kablam!    |
kablam!    = note: #[warn(unused_imports)] on by default
kablam! 
kablam! warning: unused import: `rust_3d::traits::is_moveable_2d::*;`
kablam!   --> tests/interpolation_2d_test.rs:20:5
kablam!    |
kablam! 20 | use rust_3d::traits::is_moveable_2d::*;
kablam!    |     ^^^^^^^^^^^^^^^^^^^^^^^^^^^^^^^^^^^
kablam!    |
kablam!    = note: #[warn(unused_imports)] on by default
kablam! 
kablam! warning: unused import: `std::io::prelude::*;`
kablam!   --> tests/interpolation_2d_test.rs:27:5
kablam!    |
kablam! 27 | use std::io::prelude::*;
kablam!    |     ^^^^^^^^^^^^^^^^^^^^
kablam!    |
kablam!    = note: #[warn(unused_imports)] on by default
kablam! 
kablam! warning: unused import: `std::fs::File`
kablam!   --> tests/interpolation_2d_test.rs:28:5
kablam!    |
kablam! 28 | use std::fs::File;
kablam!    |     ^^^^^^^^^^^^^
kablam!    |
kablam!    = note: #[warn(unused_imports)] on by default
kablam! 
kablam! warning: unused result which must be used
kablam!   --> tests/interpolation_2d_test.rs:46:9
kablam!    |
kablam! 46 |         save_xy(&result, &path_expected, ";", "\n");
kablam!    |         ^^^^^^^^^^^^^^^^^^^^^^^^^^^^^^^^^^^^^^^^^^^^
kablam!    |
kablam!    = note: #[warn(unused_must_use)] on by default
kablam! 
kablam! warning: unused result which must be used
kablam!   --> tests/interpolation_2d_test.rs:49:5
kablam!    |
kablam! 49 |     save_xy(&result, &path_tmp, ";", "\n");
kablam!    |     ^^^^^^^^^^^^^^^^^^^^^^^^^^^^^^^^^^^^^^^
kablam!    |
kablam!    = note: #[warn(unused_must_use)] on by default
kablam! 
kablam! warning: unused result which must be used
kablam!   --> tests/interpolation_2d_test.rs:70:9
kablam!    |
kablam! 70 |         save_xy(&result, &path_expected, ";", "\n");
kablam!    |         ^^^^^^^^^^^^^^^^^^^^^^^^^^^^^^^^^^^^^^^^^^^^
kablam!    |
kablam!    = note: #[warn(unused_must_use)] on by default
kablam! 
kablam! warning: unused result which must be used
kablam!   --> tests/interpolation_2d_test.rs:73:5
kablam!    |
kablam! 73 |     save_xy(&result, &path_tmp, ";", "\n");
kablam!    |     ^^^^^^^^^^^^^^^^^^^^^^^^^^^^^^^^^^^^^^^
kablam!    |
kablam!    = note: #[warn(unused_must_use)] on by default
kablam! 
kablam! warning: unused result which must be used
kablam!   --> tests/interpolation_2d_test.rs:94:9
kablam!    |
kablam! 94 |         save_xy(&result, &path_expected, ";", "\n");
kablam!    |         ^^^^^^^^^^^^^^^^^^^^^^^^^^^^^^^^^^^^^^^^^^^^
kablam!    |
kablam!    = note: #[warn(unused_must_use)] on by default
kablam! 
kablam! warning: unused result which must be used
kablam!   --> tests/interpolation_2d_test.rs:97:5
kablam!    |
kablam! 97 |     save_xy(&result, &path_tmp, ";", "\n");
kablam!    |     ^^^^^^^^^^^^^^^^^^^^^^^^^^^^^^^^^^^^^^^
kablam!    |
kablam!    = note: #[warn(unused_must_use)] on by default
kablam! 
kablam! warning: unused import: `rust_3d::traits::is_2d::*;`
kablam!   --> tests/point_cloud_2d_io_test.rs:18:5
kablam!    |
kablam! 18 | use rust_3d::traits::is_2d::*;
kablam!    |     ^^^^^^^^^^^^^^^^^^^^^^^^^^
kablam!    |
kablam!    = note: #[warn(unused_imports)] on by default
kablam! 
kablam! warning: unused import: `rust_3d::traits::is_moveable_2d::*;`
kablam!   --> tests/point_cloud_2d_io_test.rs:20:5
kablam!    |
kablam! 20 | use rust_3d::traits::is_moveable_2d::*;
kablam!    |     ^^^^^^^^^^^^^^^^^^^^^^^^^^^^^^^^^^^
kablam!    |
kablam!    = note: #[warn(unused_imports)] on by default
kablam! 
kablam! warning: unused import: `std::io::prelude::*;`
kablam!   --> tests/point_cloud_2d_io_test.rs:26:5
kablam!    |
kablam! 26 | use std::io::prelude::*;
kablam!    |     ^^^^^^^^^^^^^^^^^^^^
kablam!    |
kablam!    = note: #[warn(unused_imports)] on by default
kablam! 
kablam! warning: unused import: `std::fs::File`
kablam!   --> tests/point_cloud_2d_io_test.rs:27:5
kablam!    |
kablam! 27 | use std::fs::File;
kablam!    |     ^^^^^^^^^^^^^
kablam!    |
kablam!    = note: #[warn(unused_imports)] on by default
kablam! 
kablam! warning: unused result which must be used
kablam!   --> tests/point_cloud_2d_io_test.rs:43:9
kablam!    |
kablam! 43 |         save_xy(&pc, &path_expected, ";", "\n");
kablam!    |         ^^^^^^^^^^^^^^^^^^^^^^^^^^^^^^^^^^^^^^^^
kablam!    |
kablam!    = note: #[warn(unused_must_use)] on by default
kablam! 
kablam! warning: unused result which must be used
kablam!   --> tests/point_cloud_2d_io_test.rs:46:5
kablam!    |
kablam! 46 |     save_xy(&pc, &path_tmp, ";", "\n");
kablam!    |     ^^^^^^^^^^^^^^^^^^^^^^^^^^^^^^^^^^^
kablam!    |
kablam!    = note: #[warn(unused_must_use)] on by default
kablam! 
kablam! warning: unused import: `rust_3d::traits::is_filter_2d::*;`
kablam!   --> tests/filter_pc_2d_test.rs:19:5
kablam!    |
kablam! 19 | use rust_3d::traits::is_filter_2d::*;
kablam!    |     ^^^^^^^^^^^^^^^^^^^^^^^^^^^^^^^^^
kablam!    |
kablam!    = note: #[warn(unused_imports)] on by default
kablam! 
kablam! warning: unused import: `rust_3d::traits::is_3d::*;`
kablam!   --> tests/point_cloud_3d_io_test.rs:16:5
kablam!    |
kablam! 16 | use rust_3d::traits::is_3d::*;
kablam!    |     ^^^^^^^^^^^^^^^^^^^^^^^^^^
kablam!    |
kablam!    = note: #[warn(unused_imports)] on by default
kablam! 
kablam! warning: unused import: `rust_3d::traits::is_moveable_3d::*;`
kablam!   --> tests/point_cloud_3d_io_test.rs:18:5
kablam!    |
kablam! 18 | use rust_3d::traits::is_moveable_3d::*;
kablam!    |     ^^^^^^^^^^^^^^^^^^^^^^^^^^^^^^^^^^^
kablam!    |
kablam!    = note: #[warn(unused_imports)] on by default
kablam! 
kablam! warning: unused import: `std::io::prelude::*;`
kablam!   --> tests/point_cloud_3d_io_test.rs:24:5
kablam!    |
kablam! 24 | use std::io::prelude::*;
kablam!    |     ^^^^^^^^^^^^^^^^^^^^
kablam!    |
kablam!    = note: #[warn(unused_imports)] on by default
kablam! 
kablam! warning: unused import: `std::fs::File`
kablam!   --> tests/point_cloud_3d_io_test.rs:25:5
kablam!    |
kablam! 25 | use std::fs::File;
kablam!    |     ^^^^^^^^^^^^^
kablam!    |
kablam!    = note: #[warn(unused_imports)] on by default
kablam! 
kablam! warning: unused result which must be used
kablam!   --> tests/point_cloud_3d_io_test.rs:43:9
kablam!    |
kablam! 43 |         save_xyz(&pc, &path_expected, ";", "\n");
kablam!    |         ^^^^^^^^^^^^^^^^^^^^^^^^^^^^^^^^^^^^^^^^^
kablam!    |
kablam!    = note: #[warn(unused_must_use)] on by default
kablam! 
kablam! warning: unused result which must be used
kablam!   --> tests/point_cloud_3d_io_test.rs:46:5
kablam!    |
kablam! 46 |     save_xyz(&pc, &path_tmp, ";", "\n");
kablam!    |     ^^^^^^^^^^^^^^^^^^^^^^^^^^^^^^^^^^^^
kablam!    |
kablam!    = note: #[warn(unused_must_use)] on by default
kablam! 
kablam! warning: unused import: `rust_3d::traits::is_filter_3d::*;`
kablam!   --> tests/filter_pc_3d_test.rs:19:5
kablam!    |
kablam! 19 | use rust_3d::traits::is_filter_3d::*;
kablam!    |     ^^^^^^^^^^^^^^^^^^^^^^^^^^^^^^^^^
kablam!    |
kablam!    = note: #[warn(unused_imports)] on by default
kablam! 
kablam!     Finished dev [unoptimized + debuginfo] target(s) in 14.6 secs
boom! running `docker rm -f 032274ebbd6d062eab8c515f2961375e2a5f5eee637f6565ba572da682ec6e52`
blam! 032274ebbd6d062eab8c515f2961375e2a5f5eee637f6565ba572da682ec6e52
boom! running: cargo +nightly test --frozen
boom! creating container for: cargo +nightly test --frozen
boom! running `docker create -v /home/ec2-user/cargobomb/./work/local/test-source/nightly/nightly:/source:ro -v /home/ec2-user/cargobomb/./work/local/cargo-home:/cargo-home:ro -v /home/ec2-user/cargobomb/./work/local/rustup-home:/rustup-home:ro -v /home/ec2-user/cargobomb/./work/local/target-dirs/nightly/nightly:/target:rw -e USER_ID=500 -e CMD=cargo +nightly test --frozen cargobomb`
blam! 19b6aa284c85f4292de3ad5aefa43a313bef522d413afa65e759b7a167c49309
boom! running `docker start -a 19b6aa284c85f4292de3ad5aefa43a313bef522d413afa65e759b7a167c49309`
kablam!     Finished dev [unoptimized + debuginfo] target(s) in 0.0 secs
kablam!      Running /target/debug/deps/bounding_box_2d_test-12bf241faa40191a
blam! 
blam! running 1 test
blam! test bounding_box_2d_test ... ok
blam! 
blam! test result: ok. 1 passed; 0 failed; 0 ignored; 0 measured
blam! 
kablam!      Running /target/debug/deps/bounding_box_3d_test-2283900102973c7f
blam! 
blam! running 1 test
blam! test test_bounding_box_3d ... ok
kablam!      Running /target/debug/deps/filter_box_2d_test-c8cc08448930d073
blam! 
blam! test result: ok. 1 passed; 0 failed; 0 ignored; 0 measured
blam! 
blam! 
blam! running 1 test
blam! test filter_box_2d_test ... ok
blam! 
blam! test result: ok. 1 passed; 0 failed; 0 ignored; 0 measured
blam! 
kablam!      Running /target/debug/deps/filter_box_3d_test-584c04c32754681a
blam! 
blam! running 1 test
blam! test filter_box_3d_test ... ok
blam! 
blam! test result: ok. 1 passed; 0 failed; 0 ignored; 0 measured
blam! 
kablam!      Running /target/debug/deps/filter_circle_test-e63c88555f5db26b
blam! 
blam! running 1 test
blam! test filter_circle_test ... ok
blam! 
blam! test result: ok. 1 passed; 0 failed; 0 ignored; 0 measured
blam! 
kablam!      Running /target/debug/deps/filter_negate_2d_test-03b93f731462d27b
blam! 
blam! running 1 test
blam! test filter_negate_2d_test ... ok
blam! 
blam! test result: ok. 1 passed; 0 failed; 0 ignored; 0 measured
blam! 
kablam!      Running /target/debug/deps/filter_negate_3d_test-41cd2aa97d915265
blam! 
blam! running 1 test
blam! test filter_negate_3d_test ... ok
blam! 
blam! test result: ok. 1 passed; 0 failed; 0 ignored; 0 measured
blam! 
kablam!      Running /target/debug/deps/filter_pc_2d_test-22caf19574da45bf
blam! 
blam! running 1 test
blam! test filter_pc_2d_test ... ok
blam! 
blam! test result: ok. 1 passed; 0 failed; 0 ignored; 0 measured
blam! 
kablam!      Running /target/debug/deps/filter_pc_3d_test-d9f4d7cc9ff9ca7e
blam! 
blam! running 1 test
blam! test filter_pc_3d_test ... ok
blam! 
blam! test result: ok. 1 passed; 0 failed; 0 ignored; 0 measured
blam! 
kablam!      Running /target/debug/deps/filter_sphere_test-0157320ae3422e18
blam! 
blam! running 1 test
blam! test filter_sphere_test ... ok
blam! 
blam! test result: ok. 1 passed; 0 failed; 0 ignored; 0 measured
blam! 
kablam!      Running /target/debug/deps/interpolation_2d_test-6bc4afef851d4d7d
blam! 
blam! running 3 tests
blam! test interpolate_linear_test ... FAILED
blam! test interpolate_bezier_test ... FAILED
blam! test interpolate_cosine_test ... FAILED
blam! 
blam! failures:
blam! 
blam! ---- interpolate_linear_test stdout ----
blam! 	thread 'interpolate_linear_test' panicked at 'called `Result::unwrap()` on an `Err` value: Error { repr: Os { code: 2, message: "No such file or directory" } }', /checkout/src/libcore/result.rs:859
blam! note: Run with `RUST_BACKTRACE=1` for a backtrace.
blam! 
blam! ---- interpolate_bezier_test stdout ----
blam! 	thread 'interpolate_bezier_test' panicked at 'called `Result::unwrap()` on an `Err` value: Error { repr: Os { code: 2, message: "No such file or directory" } }', /checkout/src/libcore/result.rs:859
blam! 
blam! ---- interpolate_cosine_test stdout ----
blam! 	thread 'interpolate_cosine_test' panicked at 'called `Result::unwrap()` on an `Err` value: Error { repr: Os { code: 2, message: "No such file or directory" } }', /checkout/src/libcore/result.rs:859
blam! 
blam! 
blam! failures:
blam!     interpolate_bezier_test
blam!     interpolate_cosine_test
blam!     interpolate_linear_test
blam! 
blam! test result: FAILED. 0 passed; 3 failed; 0 ignored; 0 measured
blam! 
kablam! error: test failed
boom! running `docker rm -f 19b6aa284c85f4292de3ad5aefa43a313bef522d413afa65e759b7a167c49309`
blam! 19b6aa284c85f4292de3ad5aefa43a313bef522d413afa65e759b7a167c49309
