boom! testing https://github.com/AgilData/agildata-zero#1087287adec8c232c414a37e559c56a1a4094694 against stable for nightly
boom! running: cargo +stable build --frozen
boom! creating container for: cargo +stable build --frozen
boom! running `docker create -v /home/ec2-user/cargobomb/./work/local/test-source/nightly/stable:/source:ro -v /home/ec2-user/cargobomb/./work/local/cargo-home:/cargo-home:ro -v /home/ec2-user/cargobomb/./work/local/rustup-home:/rustup-home:ro -v /home/ec2-user/cargobomb/./work/local/target-dirs/nightly/stable:/target:rw -e USER_ID=500 -e CMD=cargo +stable build --frozen cargobomb`
blam! 17a80a77c304395066d91ea090eb965dee62c27cd6c66d75d8f0f32f6374367c
boom! running `docker start -a 17a80a77c304395066d91ea090eb965dee62c27cd6c66d75d8f0f32f6374367c`
kablam!    Compiling matches v0.1.2
kablam!    Compiling gcc v0.3.35
kablam!    Compiling num-traits v0.1.35
kablam!    Compiling fnv v1.0.4
kablam!    Compiling regex-syntax v0.3.5
kablam!    Compiling rustc-serialize v0.3.19
kablam!    Compiling libc v0.2.16
kablam!    Compiling rust-crypto v0.2.36
kablam!    Compiling openssl-sys-extras v0.7.14
kablam!    Compiling winapi v0.1.23
kablam!    Compiling memchr v0.1.11
kablam!    Compiling rand v0.3.14
kablam!    Compiling aho-corasick v0.5.3
kablam!    Compiling openssl-sys v0.7.17
kablam!    Compiling openssl v0.7.14
blam! Build failed, waiting for other jobs to finish...
kablam! error: failed to run custom build command for `openssl v0.7.14`
kablam! process didn't exit successfully: `/target/debug/build/openssl-5464f8f6e728c35a/build-script-build` (exit code: 101)
kablam! --- stdout
kablam! TARGET = Some("x86_64-unknown-linux-gnu")
kablam! OPT_LEVEL = Some("0")
kablam! PROFILE = Some("debug")
kablam! TARGET = Some("x86_64-unknown-linux-gnu")
kablam! debug=true opt-level=0
kablam! HOST = Some("x86_64-unknown-linux-gnu")
kablam! TARGET = Some("x86_64-unknown-linux-gnu")
kablam! TARGET = Some("x86_64-unknown-linux-gnu")
kablam! HOST = Some("x86_64-unknown-linux-gnu")
kablam! CC_x86_64-unknown-linux-gnu = None
kablam! CC_x86_64_unknown_linux_gnu = None
kablam! HOST_CC = None
kablam! CC = None
kablam! HOST = Some("x86_64-unknown-linux-gnu")
kablam! TARGET = Some("x86_64-unknown-linux-gnu")
kablam! HOST = Some("x86_64-unknown-linux-gnu")
kablam! CFLAGS_x86_64-unknown-linux-gnu = None
kablam! CFLAGS_x86_64_unknown_linux_gnu = None
kablam! HOST_CFLAGS = None
kablam! CFLAGS = None
kablam! running: "cc" "-O0" "-ffunction-sections" "-fdata-sections" "-g" "-m64" "-fPIC" "-o" "/target/debug/build/openssl-5464f8f6e728c35a/out/src/c_helpers.o" "-c" "src/c_helpers.c"
kablam! cargo:warning=src/c_helpers.c:1:25: fatal error: openssl/ssl.h: No such file or directory
kablam! cargo:warning=compilation terminated.
kablam! ExitStatus(ExitStatus(256))
kablam! 
kablam! 
kablam! command did not execute successfully, got: exit code: 1
kablam! 
kablam! 
kablam! 
kablam! --- stderr
kablam! thread 'main' panicked at 'explicit panic', /cargo-home/registry/src/github.com-1ecc6299db9ec823/gcc-0.3.35/src/lib.rs:897
kablam! note: Run with `RUST_BACKTRACE=1` for a backtrace.
kablam! 
boom! running `docker rm -f 17a80a77c304395066d91ea090eb965dee62c27cd6c66d75d8f0f32f6374367c`
blam! 17a80a77c304395066d91ea090eb965dee62c27cd6c66d75d8f0f32f6374367c
