boom! testing pnet-0.16.0 against nightly for nightly
boom! running: cargo +nightly build --frozen
boom! creating container for: cargo +nightly build --frozen
boom! running `docker create -v /home/ec2-user/cargobomb/./work/local/test-source/nightly/nightly:/source:ro -v /home/ec2-user/cargobomb/./work/local/cargo-home:/cargo-home:ro -v /home/ec2-user/cargobomb/./work/local/rustup-home:/rustup-home:ro -v /home/ec2-user/cargobomb/./work/local/target-dirs/nightly/nightly:/target:rw -e USER_ID=500 -e CMD=cargo +nightly build --frozen cargobomb`
blam! 3b8de2a195bba177a76752e0ce19d84faa98944bec6a5764b05e312d8827f179
boom! running `docker start -a 3b8de2a195bba177a76752e0ce19d84faa98944bec6a5764b05e312d8827f179`
kablam!    Compiling pnet v0.16.0 (file:///source)
kablam!     Finished dev [unoptimized + debuginfo] target(s) in 14.15 secs
boom! running `docker rm -f 3b8de2a195bba177a76752e0ce19d84faa98944bec6a5764b05e312d8827f179`
blam! 3b8de2a195bba177a76752e0ce19d84faa98944bec6a5764b05e312d8827f179
boom! running: cargo +nightly test --frozen --no-run
boom! creating container for: cargo +nightly test --frozen --no-run
boom! running `docker create -v /home/ec2-user/cargobomb/./work/local/test-source/nightly/nightly:/source:ro -v /home/ec2-user/cargobomb/./work/local/cargo-home:/cargo-home:ro -v /home/ec2-user/cargobomb/./work/local/rustup-home:/rustup-home:ro -v /home/ec2-user/cargobomb/./work/local/target-dirs/nightly/nightly:/target:rw -e USER_ID=500 -e CMD=cargo +nightly test --frozen --no-run cargobomb`
blam! dd45ed516ca5b563e1832f6fbef1013ed8cbb533ce45437df697cd346c89235f
boom! running `docker start -a dd45ed516ca5b563e1832f6fbef1013ed8cbb533ce45437df697cd346c89235f`
kablam!    Compiling pnet v0.16.0 (file:///source)
kablam!     Finished dev [unoptimized + debuginfo] target(s) in 11.42 secs
boom! running `docker rm -f dd45ed516ca5b563e1832f6fbef1013ed8cbb533ce45437df697cd346c89235f`
blam! dd45ed516ca5b563e1832f6fbef1013ed8cbb533ce45437df697cd346c89235f
boom! running: cargo +nightly test --frozen
boom! creating container for: cargo +nightly test --frozen
boom! running `docker create -v /home/ec2-user/cargobomb/./work/local/test-source/nightly/nightly:/source:ro -v /home/ec2-user/cargobomb/./work/local/cargo-home:/cargo-home:ro -v /home/ec2-user/cargobomb/./work/local/rustup-home:/rustup-home:ro -v /home/ec2-user/cargobomb/./work/local/target-dirs/nightly/nightly:/target:rw -e USER_ID=500 -e CMD=cargo +nightly test --frozen cargobomb`
blam! ead5715df834676cd98e20c405b7a447cdb0d8dc1ce78c4abb9788157cb88014
boom! running `docker start -a ead5715df834676cd98e20c405b7a447cdb0d8dc1ce78c4abb9788157cb88014`
kablam!     Finished dev [unoptimized + debuginfo] target(s) in 0.0 secs
kablam!      Running /target/debug/deps/pnet-c32e5ebe664f1cee
blam! 
blam! running 38 tests
blam! test datalink::dummy::tests::read_one_pkg ... ok
blam! test datalink::dummy::tests::send_multiple_packets ... ok
blam! test datalink::dummy::tests::read_multiple_pkgs ... ok
blam! test datalink::dummy::tests::send_nothing ... ok
blam! test datalink::dummy::tests::send_to ... ok
blam! test datalink::dummy::tests::send_too_small_packet_size ... ok
blam! test packet::ethernet::ether_type_to_str ... ok
blam! test packet::ethernet::ethernet_header_test ... ok
blam! test datalink::dummy::tests::send_one_packet ... ok
blam! test packet::gre::gre_checksum_test ... ok
blam! test packet::gre::gre_packet_test ... ok
blam! test datalink::dummy::tests::read_nothing ... ok
blam! test packet::icmp::checksum_tests::checksum_odd_bytes ... ok
blam! test packet::icmp::checksum_tests::checksum_nonzero ... ok
blam! test packet::ip::ip_next_header_protocol_to_str ... ok
blam! test packet::icmp::checksum_tests::checksum_zeros ... ok
blam! test packet::ipv4::checksum_tests::checksum_nonzero ... ok
blam! test packet::ipv4::checksum_tests::checksum_zeros ... ok
blam! test packet::ipv4::ipv4_options_length_test ... ok
blam! test packet::ipv4::ipv4_packet_option_test ... ok
blam! test packet::ipv4::ipv4_packet_test ... ok
blam! test packet::ipv6::ipv6_header_test ... ok
blam! test packet::tcp::tcp_header_ipv4_test ... ok
blam! test packet::tcp::tcp_test_option_invalid_len ... ok
blam! test packet::tcp::tcp_test_options_invalid_offset ... ok
blam! test packet::tcp::tcp_test_options_slice_invalid_offset ... ok
blam! test packet::tcp::tcp_test_options_vec_invalid_offset ... ok
blam! test packet::udp::udp_header_ipv4_test ... ok
blam! test packet::udp::udp_header_ipv6_test ... ok
blam! test packet::vlan::tests::vlan_packet_test ... ok
blam! test pnettest::check_test_environment ... FAILED
blam! test pnettest::layer2 ... FAILED
blam! test pnettest::layer3_ipv4 ... FAILED
blam! test pnettest::layer4_ipv4 ... FAILED
blam! test pnettest::layer2_timeouts ... FAILED
blam! test util::mac_addr_from_str ... ok
blam! test pnettest::layer4_ipv6 ... FAILED
blam! test util::str_from_mac_addr ... ok
blam! 
blam! failures:
blam! 
blam! ---- pnettest::check_test_environment stdout ----
blam! 	thread 'pnettest::check_test_environment' panicked at 'Tests must be run with environment variable RUST_TEST_THREADS=1', src/pnettest.rs:476
blam! note: Run with `RUST_BACKTRACE=1` for a backtrace.
blam! 
blam! ---- pnettest::layer2 stdout ----
blam! 	thread 'pnettest::layer2' panicked at 'layer2: unable to create channel: Operation not permitted (os error 1)', src/pnettest.rs:351
blam! 
blam! ---- pnettest::layer3_ipv4 stdout ----
blam! 	thread 'pnettest::layer3_ipv4' panicked at 'layer3: unable to create channel: Operation not permitted (os error 1)', src/pnettest.rs:243
blam! 
blam! ---- pnettest::layer4_ipv4 stdout ----
blam! 	thread 'pnettest::layer4_ipv4' panicked at 'layer4: unable to create channel: Operation not permitted (os error 1)', src/pnettest.rs:176
blam! 
blam! ---- pnettest::layer2_timeouts stdout ----
blam! 	thread 'pnettest::layer2_timeouts' panicked at 'layer2_timeouts: unable to create channel: Operation not permitted (os error 1)', src/pnettest.rs:432
blam! 
blam! ---- pnettest::layer4_ipv6 stdout ----
blam! 	thread 'pnettest::layer4_ipv6' panicked at 'layer4: unable to create channel: Operation not permitted (os error 1)', src/pnettest.rs:176
blam! 
blam! 
blam! failures:
blam!     pnettest::check_test_environment
blam!     pnettest::layer2
blam!     pnettest::layer2_timeouts
blam!     pnettest::layer3_ipv4
blam!     pnettest::layer4_ipv4
blam!     pnettest::layer4_ipv6
blam! 
blam! test result: FAILED. 32 passed; 6 failed; 0 ignored; 0 measured
blam! 
kablam! error: test failed
boom! running `docker rm -f ead5715df834676cd98e20c405b7a447cdb0d8dc1ce78c4abb9788157cb88014`
blam! ead5715df834676cd98e20c405b7a447cdb0d8dc1ce78c4abb9788157cb88014
