boom! testing regex_dfa-0.5.0 against stable for beta
boom! running: cargo +stable build --frozen
boom! creating container for: cargo +stable build --frozen
boom! running `docker create -v /home/ec2-user/cargobomb/./work/local/test-source/beta/stable:/source:ro -v /home/ec2-user/cargobomb/./work/local/cargo-home:/cargo-home:ro -v /home/ec2-user/cargobomb/./work/local/rustup-home:/rustup-home:ro -v /home/ec2-user/cargobomb/./work/local/target-dirs/beta/stable:/target:rw -e USER_ID=500 -e CMD=cargo +stable build --frozen cargobomb`
blam! 2f2e034a3d882536341f5c879933c217e29fa28c8c9d7a3efec25ed56c947f1b
boom! running `docker start -a 2f2e034a3d882536341f5c879933c217e29fa28c8c9d7a3efec25ed56c947f1b`
kablam! warning: file found to be present in multiple build targets: /source/src/lib.rs
kablam!    Compiling regex_dfa v0.5.0 (file:///source)
kablam! warning: unused import: `std::cmp::max`, #[warn(unused_imports)] on by default
kablam!   --> src/nfa/has_looks.rs:11:5
kablam!    |
kablam! 11 | use std::cmp::max;
kablam!    |     ^^^^^^^^^^^^^
kablam! 
kablam!     Finished debug [unoptimized + debuginfo] target(s) in 14.25 secs
boom! running `docker rm -f 2f2e034a3d882536341f5c879933c217e29fa28c8c9d7a3efec25ed56c947f1b`
blam! 2f2e034a3d882536341f5c879933c217e29fa28c8c9d7a3efec25ed56c947f1b
boom! running: cargo +stable test --frozen --no-run
boom! creating container for: cargo +stable test --frozen --no-run
boom! running `docker create -v /home/ec2-user/cargobomb/./work/local/test-source/beta/stable:/source:ro -v /home/ec2-user/cargobomb/./work/local/cargo-home:/cargo-home:ro -v /home/ec2-user/cargobomb/./work/local/rustup-home:/rustup-home:ro -v /home/ec2-user/cargobomb/./work/local/target-dirs/beta/stable:/target:rw -e USER_ID=500 -e CMD=cargo +stable test --frozen --no-run cargobomb`
blam! 57454185bbe8ec4342d88a5e8bd16d1e42706c0b5459904fa7c464aa21eb9d45
boom! running `docker start -a 57454185bbe8ec4342d88a5e8bd16d1e42706c0b5459904fa7c464aa21eb9d45`
kablam! warning: file found to be present in multiple build targets: /source/src/lib.rs
kablam!    Compiling serde v0.6.15
kablam!    Compiling serde_json v0.6.1
kablam!    Compiling regex_dfa v0.5.0 (file:///source)
kablam! error[E0554]: #[feature] may not be used on the stable release channel
kablam!   --> benches/bench_default.rs:10:1
kablam!    |
kablam! 10 | #![feature(test)]
kablam!    | ^^^^^^^^^^^^^^^^^
kablam! 
kablam! error: aborting due to previous error
kablam! 
blam! Build failed, waiting for other jobs to finish...
kablam! error[E0554]: #[feature] may not be used on the stable release channel
kablam!   --> src/lib.rs:61:19
kablam!    |
kablam! 61 | #![cfg_attr(test, feature(test))]
kablam!    |                   ^^^^^^^^^^^^^
kablam! 
kablam! error: aborting due to previous error
kablam! 
blam! Build failed, waiting for other jobs to finish...
kablam! error[E0554]: #[feature] may not be used on the stable release channel
kablam!   --> src/lib.rs:61:19
kablam!    |
kablam! 61 | #![cfg_attr(test, feature(test))]
kablam!    |                   ^^^^^^^^^^^^^
kablam! 
kablam! error: aborting due to previous error
kablam! 
blam! Build failed, waiting for other jobs to finish...
kablam! error: Could not compile `regex_dfa`.
kablam! 
kablam! To learn more, run the command again with --verbose.
boom! running `docker rm -f 57454185bbe8ec4342d88a5e8bd16d1e42706c0b5459904fa7c464aa21eb9d45`
blam! 57454185bbe8ec4342d88a5e8bd16d1e42706c0b5459904fa7c464aa21eb9d45
boom! running: cargo +stable test --frozen
boom! creating container for: cargo +stable test --frozen
boom! running `docker create -v /home/ec2-user/cargobomb/./work/local/test-source/beta/stable:/source:ro -v /home/ec2-user/cargobomb/./work/local/cargo-home:/cargo-home:ro -v /home/ec2-user/cargobomb/./work/local/rustup-home:/rustup-home:ro -v /home/ec2-user/cargobomb/./work/local/target-dirs/beta/stable:/target:rw -e USER_ID=500 -e CMD=cargo +stable test --frozen cargobomb`
blam! bfe680e269db79446b4cffea9548f232535b55249bba177b417b77e2b8c4a46d
boom! running `docker start -a bfe680e269db79446b4cffea9548f232535b55249bba177b417b77e2b8c4a46d`
kablam! warning: file found to be present in multiple build targets: /source/src/lib.rs
kablam!    Compiling regex_dfa v0.5.0 (file:///source)
kablam! error[E0554]: #[feature] may not be used on the stable release channel
kablam!   --> benches/bench_default.rs:10:1
kablam!    |
kablam! 10 | #![feature(test)]
kablam!    | ^^^^^^^^^^^^^^^^^
kablam! 
kablam! error: aborting due to previous error
kablam! 
blam! Build failed, waiting for other jobs to finish...
kablam! error[E0554]: #[feature] may not be used on the stable release channel
kablam!   --> src/lib.rs:61:19
kablam!    |
kablam! 61 | #![cfg_attr(test, feature(test))]
kablam!    |                   ^^^^^^^^^^^^^
kablam! 
kablam! error: aborting due to previous error
kablam! 
blam! Build failed, waiting for other jobs to finish...
kablam! error[E0554]: #[feature] may not be used on the stable release channel
kablam!   --> src/lib.rs:61:19
kablam!    |
kablam! 61 | #![cfg_attr(test, feature(test))]
kablam!    |                   ^^^^^^^^^^^^^
kablam! 
kablam! error: aborting due to previous error
kablam! 
kablam! error: Could not compile `regex_dfa`.
kablam! 
kablam! To learn more, run the command again with --verbose.
boom! running `docker rm -f bfe680e269db79446b4cffea9548f232535b55249bba177b417b77e2b8c4a46d`
blam! bfe680e269db79446b4cffea9548f232535b55249bba177b417b77e2b8c4a46d
