boom! testing mp4parse-0.5.1 against stable for beta
boom! running: cargo +stable build --frozen
boom! creating container for: cargo +stable build --frozen
boom! running `docker create -v /home/ec2-user/cargobomb/./work/local/test-source/beta/stable:/source:ro -v /home/ec2-user/cargobomb/./work/local/cargo-home:/cargo-home:ro -v /home/ec2-user/cargobomb/./work/local/rustup-home:/rustup-home:ro -v /home/ec2-user/cargobomb/./work/local/target-dirs/beta/stable:/target:rw -e USER_ID=500 -e CMD=cargo +stable build --frozen cargobomb`
blam! 0504e42c204d0c7bc33d2691912589265683a4a1c48b9d488f95e2c220206d19
boom! running `docker start -a 0504e42c204d0c7bc33d2691912589265683a4a1c48b9d488f95e2c220206d19`
kablam!    Compiling mp4parse v0.5.1 (file:///source)
kablam!     Finished debug [unoptimized + debuginfo] target(s) in 1.18 secs
boom! running `docker rm -f 0504e42c204d0c7bc33d2691912589265683a4a1c48b9d488f95e2c220206d19`
blam! 0504e42c204d0c7bc33d2691912589265683a4a1c48b9d488f95e2c220206d19
boom! running: cargo +stable test --frozen --no-run
boom! creating container for: cargo +stable test --frozen --no-run
boom! running `docker create -v /home/ec2-user/cargobomb/./work/local/test-source/beta/stable:/source:ro -v /home/ec2-user/cargobomb/./work/local/cargo-home:/cargo-home:ro -v /home/ec2-user/cargobomb/./work/local/rustup-home:/rustup-home:ro -v /home/ec2-user/cargobomb/./work/local/target-dirs/beta/stable:/target:rw -e USER_ID=500 -e CMD=cargo +stable test --frozen --no-run cargobomb`
blam! bb67fbea249fb85be8416e467070e8218d15835e23213a09fab02ce454a57c73
boom! running `docker start -a bb67fbea249fb85be8416e467070e8218d15835e23213a09fab02ce454a57c73`
kablam!    Compiling mp4parse v0.5.1 (file:///source)
kablam!     Finished debug [unoptimized + debuginfo] target(s) in 5.86 secs
boom! running `docker rm -f bb67fbea249fb85be8416e467070e8218d15835e23213a09fab02ce454a57c73`
blam! bb67fbea249fb85be8416e467070e8218d15835e23213a09fab02ce454a57c73
boom! running: cargo +stable test --frozen
boom! creating container for: cargo +stable test --frozen
boom! running `docker create -v /home/ec2-user/cargobomb/./work/local/test-source/beta/stable:/source:ro -v /home/ec2-user/cargobomb/./work/local/cargo-home:/cargo-home:ro -v /home/ec2-user/cargobomb/./work/local/rustup-home:/rustup-home:ro -v /home/ec2-user/cargobomb/./work/local/target-dirs/beta/stable:/target:rw -e USER_ID=500 -e CMD=cargo +stable test --frozen cargobomb`
blam! 3a2c3e66cc8a9e43e6d1b61319ebd5795526d37fd788d149dfb19b3128a9c310
boom! running `docker start -a 3a2c3e66cc8a9e43e6d1b61319ebd5795526d37fd788d149dfb19b3128a9c310`
kablam!     Finished debug [unoptimized + debuginfo] target(s) in 0.0 secs
kablam!      Running /target/debug/deps/afl-04fe9a8b2653acb3
blam! 
blam! running 4 tests
blam! test fuzz_2 ... ok
blam! test fuzz_6 ... ok
blam! test fuzz_5 ... ok
blam! test fuzz_4 ... ok
blam! 
blam! test result: ok. 4 passed; 0 failed; 0 ignored; 0 measured
blam! 
kablam!      Running /target/debug/deps/mp4parse-9895dfa6b9ba305d
blam! 
blam! running 31 tests
blam! test tests::invalid_pascal_string ... ok
blam! test tests::read_box_header_long ... ok
blam! test tests::read_box_header_long_invalid_size ... ok
blam! test tests::read_box_header_short ... ok
blam! test tests::read_box_header_short_invalid_size ... ok
blam! test tests::read_box_header_short_unknown_size ... ok
blam! test tests::read_dops ... ok
blam! test tests::read_edts_bogus ... ok
blam! test tests::read_elst_v0 ... ok
blam! test tests::read_elst_v1 ... ok
blam! test tests::read_elst_zero_entries ... ok
blam! test tests::esds_limit ... ok
blam! test tests::read_ftyp ... ok
blam! test tests::read_ftyp_case ... ok
blam! test tests::esds_limit_2 ... ok
blam! test tests::avcc_limit ... ok
blam! test tests::read_hdlr_zero_length_name ... ok
blam! test tests::read_hdlr ... ok
blam! test tests::read_hdlr_short_name ... ok
blam! test tests::read_mdhd_invalid_timescale ... ok
blam! test tests::read_mdhd_unknown_duration ... ok
blam! test tests::read_mdhd_v0 ... ok
blam! test tests::read_mdhd_v1 ... ok
blam! test tests::read_mvhd_invalid_timescale ... ok
blam! test tests::read_mvhd_unknown_duration ... ok
blam! test tests::read_mvhd_v0 ... ok
blam! test tests::read_vpcc ... ok
blam! test tests::serialize_opus_header ... ok
blam! test tests::read_mvhd_v1 ... ok
blam! test tests::read_truncated_ftyp ... ok
blam! test tests::read_opus ... ok
blam! 
blam! test result: ok. 31 passed; 0 failed; 0 ignored; 0 measured
blam! 
kablam!      Running /target/debug/deps/public-6513236e5800e95b
blam! 
blam! running 1 test
blam! test public_api ... FAILED
blam! 
blam! failures:
blam! 
blam! ---- public_api stdout ----
blam! 	thread 'public_api' panicked at 'Unknown file: Error { repr: Os { code: 2, message: "No such file or directory" } }', /buildslave/rust-buildbot/slave/stable-dist-rustc-linux/build/src/libcore/result.rs:837
blam! note: Run with `RUST_BACKTRACE=1` for a backtrace.
blam! 
blam! 
blam! failures:
blam!     public_api
blam! 
blam! test result: FAILED. 0 passed; 1 failed; 0 ignored; 0 measured
blam! 
kablam! error: test failed
boom! running `docker rm -f 3a2c3e66cc8a9e43e6d1b61319ebd5795526d37fd788d149dfb19b3128a9c310`
blam! 3a2c3e66cc8a9e43e6d1b61319ebd5795526d37fd788d149dfb19b3128a9c310
