boom! testing argparse-0.2.1 against nightly for nightly
boom! running: cargo +nightly build --frozen
boom! creating container for: cargo +nightly build --frozen
boom! running `docker create -v /home/ec2-user/cargobomb/./work/local/test-source/nightly/nightly:/source:ro -v /home/ec2-user/cargobomb/./work/local/cargo-home:/cargo-home:ro -v /home/ec2-user/cargobomb/./work/local/rustup-home:/rustup-home:ro -v /home/ec2-user/cargobomb/./work/local/target-dirs/nightly/nightly:/target:rw -e USER_ID=500 -e CMD=cargo +nightly build --frozen cargobomb`
blam! 470d0c1c65017a58417c476822f9e4281fa410e1d7bc391e2ae0f79500c4024e
boom! running `docker start -a 470d0c1c65017a58417c476822f9e4281fa410e1d7bc391e2ae0f79500c4024e`
kablam!    Compiling argparse v0.2.1 (file:///source)
kablam!     Finished dev [unoptimized + debuginfo] target(s) in 4.29 secs
boom! running `docker rm -f 470d0c1c65017a58417c476822f9e4281fa410e1d7bc391e2ae0f79500c4024e`
blam! 470d0c1c65017a58417c476822f9e4281fa410e1d7bc391e2ae0f79500c4024e
boom! running: cargo +nightly test --frozen --no-run
boom! creating container for: cargo +nightly test --frozen --no-run
boom! running `docker create -v /home/ec2-user/cargobomb/./work/local/test-source/nightly/nightly:/source:ro -v /home/ec2-user/cargobomb/./work/local/cargo-home:/cargo-home:ro -v /home/ec2-user/cargobomb/./work/local/rustup-home:/rustup-home:ro -v /home/ec2-user/cargobomb/./work/local/target-dirs/nightly/nightly:/target:rw -e USER_ID=500 -e CMD=cargo +nightly test --frozen --no-run cargobomb`
blam! 8cbac399806b980b9fe20a9460d0d04698dca00c9ac5bc43722fa8b2d5abb043
boom! running `docker start -a 8cbac399806b980b9fe20a9460d0d04698dca00c9ac5bc43722fa8b2d5abb043`
kablam!    Compiling argparse v0.2.1 (file:///source)
kablam! error[E0282]: type annotations needed
kablam!   --> src/test_path.rs:21:16
kablam!    |
kablam! 21 |                From::from("/hello"));
kablam!    |                ^^^^^^^^^^ cannot infer type for `Self`
kablam! 
kablam! error: aborting due to previous error
kablam! 
kablam! error: Could not compile `argparse`.
blam! Build failed, waiting for other jobs to finish...
kablam! error: build failed
boom! running `docker rm -f 8cbac399806b980b9fe20a9460d0d04698dca00c9ac5bc43722fa8b2d5abb043`
blam! 8cbac399806b980b9fe20a9460d0d04698dca00c9ac5bc43722fa8b2d5abb043
boom! running: cargo +nightly test --frozen
boom! creating container for: cargo +nightly test --frozen
boom! running `docker create -v /home/ec2-user/cargobomb/./work/local/test-source/nightly/nightly:/source:ro -v /home/ec2-user/cargobomb/./work/local/cargo-home:/cargo-home:ro -v /home/ec2-user/cargobomb/./work/local/rustup-home:/rustup-home:ro -v /home/ec2-user/cargobomb/./work/local/target-dirs/nightly/nightly:/target:rw -e USER_ID=500 -e CMD=cargo +nightly test --frozen cargobomb`
blam! d3e3cb47d539ba63ac253dad65eda67510a4165916278d2427216ff6727e3d4b
boom! running `docker start -a d3e3cb47d539ba63ac253dad65eda67510a4165916278d2427216ff6727e3d4b`
kablam!    Compiling argparse v0.2.1 (file:///source)
kablam! error[E0282]: type annotations needed
kablam!   --> src/test_path.rs:21:16
kablam!    |
kablam! 21 |                From::from("/hello"));
kablam!    |                ^^^^^^^^^^ cannot infer type for `Self`
kablam! 
kablam! error: aborting due to previous error
kablam! 
kablam! error: Could not compile `argparse`.
kablam! 
kablam! To learn more, run the command again with --verbose.
boom! running `docker rm -f d3e3cb47d539ba63ac253dad65eda67510a4165916278d2427216ff6727e3d4b`
blam! d3e3cb47d539ba63ac253dad65eda67510a4165916278d2427216ff6727e3d4b
