boom! testing alpm-0.4.0 against stable for beta
boom! running: cargo +stable build --frozen
boom! creating container for: cargo +stable build --frozen
boom! running `docker create -v /home/ec2-user/cargobomb/./work/local/test-source/beta/stable:/source:ro -v /home/ec2-user/cargobomb/./work/local/cargo-home:/cargo-home:ro -v /home/ec2-user/cargobomb/./work/local/rustup-home:/rustup-home:ro -v /home/ec2-user/cargobomb/./work/local/target-dirs/beta/stable:/target:rw -e USER_ID=500 -e CMD=cargo +stable build --frozen cargobomb`
blam! 6a7a58b250414f7e16ecc4071a9b5030a2921be8175b5c7439ff08d691341672
boom! running `docker start -a 6a7a58b250414f7e16ecc4071a9b5030a2921be8175b5c7439ff08d691341672`
kablam!    Compiling rust-ini v0.9.12
kablam!    Compiling enum_primitive v0.1.1
kablam!    Compiling alpm v0.4.0 (file:///source)
kablam!     Finished debug [unoptimized + debuginfo] target(s) in 2.95 secs
boom! running `docker rm -f 6a7a58b250414f7e16ecc4071a9b5030a2921be8175b5c7439ff08d691341672`
blam! 6a7a58b250414f7e16ecc4071a9b5030a2921be8175b5c7439ff08d691341672
boom! running: cargo +stable test --frozen --no-run
boom! creating container for: cargo +stable test --frozen --no-run
boom! running `docker create -v /home/ec2-user/cargobomb/./work/local/test-source/beta/stable:/source:ro -v /home/ec2-user/cargobomb/./work/local/cargo-home:/cargo-home:ro -v /home/ec2-user/cargobomb/./work/local/rustup-home:/rustup-home:ro -v /home/ec2-user/cargobomb/./work/local/target-dirs/beta/stable:/target:rw -e USER_ID=500 -e CMD=cargo +stable test --frozen --no-run cargobomb`
blam! 89ad61f484431b4aa90dbc966bef224c37eade8140e2c513e84e6bc031d3314d
boom! running `docker start -a 89ad61f484431b4aa90dbc966bef224c37eade8140e2c513e84e6bc031d3314d`
kablam!    Compiling alpm v0.4.0 (file:///source)
kablam!     Finished debug [unoptimized + debuginfo] target(s) in 1.45 secs
boom! running `docker rm -f 89ad61f484431b4aa90dbc966bef224c37eade8140e2c513e84e6bc031d3314d`
blam! 89ad61f484431b4aa90dbc966bef224c37eade8140e2c513e84e6bc031d3314d
boom! running: cargo +stable test --frozen
boom! creating container for: cargo +stable test --frozen
boom! running `docker create -v /home/ec2-user/cargobomb/./work/local/test-source/beta/stable:/source:ro -v /home/ec2-user/cargobomb/./work/local/cargo-home:/cargo-home:ro -v /home/ec2-user/cargobomb/./work/local/rustup-home:/rustup-home:ro -v /home/ec2-user/cargobomb/./work/local/target-dirs/beta/stable:/target:rw -e USER_ID=500 -e CMD=cargo +stable test --frozen cargobomb`
blam! 1a2c5159f0bdc23fb051153366f7937a0c24306e1cb97a1aa48db9523aef5473
boom! running `docker start -a 1a2c5159f0bdc23fb051153366f7937a0c24306e1cb97a1aa48db9523aef5473`
kablam!     Finished debug [unoptimized + debuginfo] target(s) in 0.3 secs
kablam!      Running /target/debug/deps/alpm-ab7a92f6fa545d66
blam! 
blam! running 6 tests
blam! test tests::query_pacman ... FAILED
blam! test tests::query_hdf5 ... FAILED
blam! test tests::query_not_installed ... ok
blam! test tests::vercmp_equal ... FAILED
blam! test tests::vercmp_less ... FAILED
blam! test tests::vercmp_greater ... FAILED
blam! 
blam! failures:
blam! 
blam! ---- tests::query_pacman stdout ----
blam! 	thread 'tests::query_pacman' panicked at 'called `Result::unwrap()` on an `Err` value: Error { repr: Custom(Custom { kind: Other, error: StringError("/usr/lib/libalpm.so: cannot open shared object file: No such file or directory") }) }', /buildslave/rust-buildbot/slave/stable-dist-rustc-linux/build/src/libcore/result.rs:837
blam! note: Run with `RUST_BACKTRACE=1` for a backtrace.
blam! 
blam! ---- tests::query_hdf5 stdout ----
blam! 	thread 'tests::query_hdf5' panicked at 'called `Result::unwrap()` on an `Err` value: Error { repr: Custom(Custom { kind: Other, error: StringError("/usr/lib/libalpm.so: cannot open shared object file: No such file or directory") }) }', /buildslave/rust-buildbot/slave/stable-dist-rustc-linux/build/src/libcore/result.rs:837
blam! 
blam! ---- tests::vercmp_equal stdout ----
blam! 	thread 'tests::vercmp_equal' panicked at 'called `Result::unwrap()` on an `Err` value: Error { repr: Custom(Custom { kind: Other, error: StringError("/usr/lib/libalpm.so: cannot open shared object file: No such file or directory") }) }', /buildslave/rust-buildbot/slave/stable-dist-rustc-linux/build/src/libcore/result.rs:837
blam! 
blam! ---- tests::vercmp_less stdout ----
blam! 	thread 'tests::vercmp_less' panicked at 'called `Result::unwrap()` on an `Err` value: Error { repr: Custom(Custom { kind: Other, error: StringError("/usr/lib/libalpm.so: cannot open shared object file: No such file or directory") }) }', /buildslave/rust-buildbot/slave/stable-dist-rustc-linux/build/src/libcore/result.rs:837
blam! 
blam! ---- tests::vercmp_greater stdout ----
blam! 	thread 'tests::vercmp_greater' panicked at 'called `Result::unwrap()` on an `Err` value: Error { repr: Custom(Custom { kind: Other, error: StringError("/usr/lib/libalpm.so: cannot open shared object file: No such file or directory") }) }', /buildslave/rust-buildbot/slave/stable-dist-rustc-linux/build/src/libcore/result.rs:837
blam! 
blam! 
blam! failures:
blam!     tests::query_hdf5
blam!     tests::query_pacman
blam!     tests::vercmp_equal
blam!     tests::vercmp_greater
blam!     tests::vercmp_less
blam! 
blam! test result: FAILED. 1 passed; 5 failed; 0 ignored; 0 measured
blam! 
kablam! error: test failed
boom! running `docker rm -f 1a2c5159f0bdc23fb051153366f7937a0c24306e1cb97a1aa48db9523aef5473`
blam! 1a2c5159f0bdc23fb051153366f7937a0c24306e1cb97a1aa48db9523aef5473
