boom! testing https://github.com/klutzy/typo#77a347f1a3c075f4064bed8c1599016c223b8ba2 against beta for beta
boom! running: cargo +beta build --frozen
boom! creating container for: cargo +beta build --frozen
boom! running `docker create -v /home/ec2-user/cargobomb/./work/local/test-source/beta/beta:/source:ro -v /home/ec2-user/cargobomb/./work/local/cargo-home:/cargo-home:ro -v /home/ec2-user/cargobomb/./work/local/rustup-home:/rustup-home:ro -v /home/ec2-user/cargobomb/./work/local/target-dirs/beta/beta:/target:rw -e USER_ID=500 -e CMD=cargo +beta build --frozen cargobomb`
blam! 0fcabbf8ee0514282eabcd6fbe55db3a89622fba76952d6757d7fbc2e3e2d039
boom! running `docker start -a 0fcabbf8ee0514282eabcd6fbe55db3a89622fba76952d6757d7fbc2e3e2d039`
kablam!    Compiling typo v0.0.1 (file:///source)
kablam! error: invalid suffix `us` for numeric literal
kablam!   --> src/tags.rs:51:9
kablam!    |
kablam! 51 |         0us => {
kablam!    |         ^^^
kablam!    |
kablam!    = help: the suffix must be one of the integral types (`u32`, `isize`, etc)
kablam! 
kablam! error: invalid suffix `us` for numeric literal
kablam!   --> src/tags.rs:55:9
kablam!    |
kablam! 55 |         1us => {
kablam!    |         ^^^
kablam!    |
kablam!    = help: the suffix must be one of the integral types (`u32`, `isize`, etc)
kablam! 
kablam! error: invalid suffix `us` for numeric literal
kablam!   --> src/main.rs:58:9
kablam!    |
kablam! 58 |         0us => {
kablam!    |         ^^^
kablam!    |
kablam!    = help: the suffix must be one of the integral types (`u32`, `isize`, etc)
kablam! 
kablam! error: invalid suffix `us` for numeric literal
kablam!   --> src/main.rs:62:9
kablam!    |
kablam! 62 |         1us => {
kablam!    |         ^^^
kablam!    |
kablam!    = help: the suffix must be one of the integral types (`u32`, `isize`, etc)
kablam! 
kablam! error[E0432]: unresolved import `syntax::ast_map`
kablam!   --> src/main.rs:15:5
kablam!    |
kablam! 15 | use syntax::ast_map;
kablam!    |     ^^^^^^^^^^^^^^^ no `ast_map` in the root
kablam! 
kablam! error[E0432]: unresolved import `rustc::metadata::creader`
kablam!   --> src/main.rs:19:5
kablam!    |
kablam! 19 | use rustc::metadata::creader;
kablam!    |     ^^^^^^^^^^^^^^^^^^^^^^^^ Could not find `metadata` in `rustc`
kablam! 
kablam! error[E0432]: unresolved import `rustc::middle::ty`
kablam!   --> src/main.rs:22:25
kablam!    |
kablam! 22 | use rustc::middle::ty::{self, ctxt, CtxtArenas};
kablam!    |                         ^^^^ no `ty` in `middle`
kablam! 
kablam! error[E0432]: unresolved import `rustc::middle::ty::ctxt`
kablam!   --> src/main.rs:22:31
kablam!    |
kablam! 22 | use rustc::middle::ty::{self, ctxt, CtxtArenas};
kablam!    |                               ^^^^ Could not find `ty` in `middle`
kablam! 
kablam! error[E0432]: unresolved import `rustc::middle::ty::CtxtArenas`
kablam!   --> src/main.rs:22:37
kablam!    |
kablam! 22 | use rustc::middle::ty::{self, ctxt, CtxtArenas};
kablam!    |                                     ^^^^^^^^^^ Could not find `ty` in `middle`
kablam! 
kablam! error[E0432]: unresolved import `std::io::IoResult`
kablam!  --> src/node_id_map.rs:1:5
kablam!   |
kablam! 1 | use std::io::IoResult;
kablam!   |     ^^^^^^^^^^^^^^^^^ no `IoResult` in `io`. Did you mean to use `Result`?
kablam! 
kablam! error[E0432]: unresolved import `std::io::IoResult`
kablam!  --> src/type_map.rs:1:5
kablam!   |
kablam! 1 | use std::io::IoResult;
kablam!   |     ^^^^^^^^^^^^^^^^^ no `IoResult` in `io`. Did you mean to use `Result`?
kablam! 
kablam! error[E0432]: unresolved import `rustc::middle::ty`
kablam!  --> src/type_map.rs:2:25
kablam!   |
kablam! 2 | use rustc::middle::ty::{self, ctxt};
kablam!   |                         ^^^^ no `ty` in `middle`
kablam! 
kablam! error[E0432]: unresolved import `rustc::middle::ty::ctxt`
kablam!  --> src/type_map.rs:2:31
kablam!   |
kablam! 2 | use rustc::middle::ty::{self, ctxt};
kablam!   |                               ^^^^ Could not find `ty` in `middle`
kablam! 
kablam! error[E0405]: cannot find trait `Writer` in this scope
kablam!  --> src/node_id_map.rs:6:29
kablam!   |
kablam! 6 | pub fn write_node_id_dic<W: Writer>(w: &mut W,
kablam!   |                             ^^^^^^ not found in this scope
kablam! 
kablam! error[E0531]: cannot find tuple struct/variant `ExprPath` in module `ast`
kablam!   --> src/node_id_map.rs:53:13
kablam!    |
kablam! 53 |             ast::ExprPath(..) => (),
kablam!    |             ^^^^^^^^^^^^^ not found in `ast`
kablam!    |
kablam!    = help: possible candidates are found in other modules, you can import them into scope:
kablam!              `use rustc_typeck::hir::ExprPath;`
kablam!              `use rustc_typeck::hir::Expr_::ExprPath;`
kablam! 
kablam! error[E0531]: cannot find tuple struct/variant `StmtDecl` in module `ast`
kablam!   --> src/node_id_map.rs:63:13
kablam!    |
kablam! 63 |             ast::StmtDecl(_, id) | ast::StmtExpr(_, id) | ast::StmtSemi(_, id) => {
kablam!    |             ^^^^^^^^^^^^^ not found in `ast`
kablam!    |
kablam!    = help: possible candidates are found in other modules, you can import them into scope:
kablam!              `use rustc_typeck::hir::StmtDecl;`
kablam!              `use rustc_typeck::hir::Stmt_::StmtDecl;`
kablam! 
kablam! error[E0531]: cannot find tuple struct/variant `StmtExpr` in module `ast`
kablam!   --> src/node_id_map.rs:63:36
kablam!    |
kablam! 63 |             ast::StmtDecl(_, id) | ast::StmtExpr(_, id) | ast::StmtSemi(_, id) => {
kablam!    |                                    ^^^^^^^^^^^^^ not found in `ast`
kablam!    |
kablam!    = help: possible candidates are found in other modules, you can import them into scope:
kablam!              `use rustc_typeck::hir::StmtExpr;`
kablam!              `use rustc_typeck::hir::Stmt_::StmtExpr;`
kablam! 
kablam! error[E0531]: cannot find tuple struct/variant `StmtSemi` in module `ast`
kablam!   --> src/node_id_map.rs:63:59
kablam!    |
kablam! 63 |             ast::StmtDecl(_, id) | ast::StmtExpr(_, id) | ast::StmtSemi(_, id) => {
kablam!    |                                                           ^^^^^^^^^^^^^ not found in `ast`
kablam!    |
kablam!    = help: possible candidates are found in other modules, you can import them into scope:
kablam!              `use rustc_typeck::hir::StmtSemi;`
kablam!              `use rustc_typeck::hir::Stmt_::StmtSemi;`
kablam! 
kablam! error[E0405]: cannot find trait `Writer` in this scope
kablam!  --> src/type_map.rs:5:26
kablam!   |
kablam! 5 | pub fn write_type_map<W: Writer>(w: &mut W,
kablam!   |                          ^^^^^^ not found in this scope
kablam! 
kablam! error[E0425]: cannot find function `ty_to_string` in module `ppaux`
kablam!  --> src/type_map.rs:9:18
kablam!   |
kablam! 9 |         let ty = ppaux::ty_to_string(ty_cx, ty);
kablam!   |                  ^^^^^^^^^^^^^^^^^^^ not found in `ppaux`
kablam!   |
kablam!   = help: possible candidate is found in another module, you can import it into scope:
kablam!             `use syntax::print::pprust::ty_to_string;`
kablam! 
kablam! error[E0425]: cannot find function `args` in module `std::os`
kablam!   --> src/main.rs:30:16
kablam!    |
kablam! 30 |     let args = std::os::args();
kablam!    |                ^^^^^^^^^^^^^ not found in `std::os`
kablam!    |
kablam!    = help: possible candidate is found in another module, you can import it into scope:
kablam!              `use std::env::args;`
kablam! 
kablam! error[E0433]: failed to resolve. Use of undeclared type or module `Path`
kablam!   --> src/main.rs:53:66
kablam!    |
kablam! 53 |         sopts.maybe_sysroot = matches.opt_str("sysroot").map(|m| Path::new(m));
kablam!    |                                                                  ^^^^^^^^^ Use of undeclared type or module `Path`
kablam! 
kablam! error[E0423]: expected function, found struct variant `Input::Str`
kablam!   --> src/main.rs:67:18
kablam!    |
kablam! 67 |                 (Input::Str(src), None)
kablam!    |                  ^^^^^^^^^^ did you mean `Input::Str { /* fields */ }`?
kablam!    |
kablam!    = help: possible better candidates are found in other modules, you can import them into scope:
kablam!              `use rustc::middle::const_val::ConstVal::Str;`
kablam!              `use syntax::ast::LitKind::Str;`
kablam! 
kablam! error[E0433]: failed to resolve. Use of undeclared type or module `Path`
kablam!   --> src/main.rs:69:30
kablam!    |
kablam! 69 |                 (Input::File(Path::new(ifile)), Some(Path::new(ifile)))
kablam!    |                              ^^^^^^^^^ Use of undeclared type or module `Path`
kablam! 
kablam! error[E0433]: failed to resolve. Use of undeclared type or module `Path`
kablam!   --> src/main.rs:69:54
kablam!    |
kablam! 69 |                 (Input::File(Path::new(ifile)), Some(Path::new(ifile)))
kablam!    |                                                      ^^^^^^^^^ Use of undeclared type or module `Path`
kablam! 
kablam! error[E0433]: failed to resolve. Use of undeclared type or module `Path`
kablam!   --> src/main.rs:75:77
kablam!    |
kablam! 75 |     let node_id_map_path = matches.opt_str("node-id-map").and_then(|s| Some(Path::new(s)));
kablam!    |                                                                             ^^^^^^^^^ Use of undeclared type or module `Path`
kablam! 
kablam! error[E0433]: failed to resolve. Use of undeclared type or module `Path`
kablam!   --> src/main.rs:76:71
kablam!    |
kablam! 76 |     let type_map_path = matches.opt_str("type-map").and_then(|s| Some(Path::new(s)));
kablam!    |                                                                       ^^^^^^^^^ Use of undeclared type or module `Path`
kablam! 
kablam! error[E0433]: failed to resolve. Could not find `registry` in `diagnostics`
kablam!   --> src/main.rs:78:24
kablam!    |
kablam! 78 |     let descriptions = syntax::diagnostics::registry::Registry::new(&[]);
kablam!    |                        ^^^^^^^^^^^^^^^^^^^^^^^^^^^^^^^^^^^^^^^^^^^^ Could not find `registry` in `diagnostics`
kablam! 
kablam! error[E0425]: cannot find function `assign_node_ids_and_map` in module `driver`
kablam!   --> src/main.rs:88:19
kablam!    |
kablam! 88 |     let ast_map = driver::assign_node_ids_and_map(&sess, &mut forest);
kablam!    |                   ^^^^^^^^^^^^^^^^^^^^^^^^^^^^^^^ not found in `driver`
kablam! 
kablam! error[E0433]: failed to resolve. Could not find `File` in `io`
kablam!   --> src/main.rs:94:21
kablam!    |
kablam! 94 |         let mut f = io::File::create(&path).unwrap();
kablam!    |                     ^^^^^^^^^^^^^^^^ Could not find `File` in `io`
kablam! 
kablam! error[E0433]: failed to resolve. Could not find `File` in `io`
kablam!   --> src/main.rs:99:21
kablam!    |
kablam! 99 |         let mut f = io::File::create(&path).unwrap();
kablam!    |                     ^^^^^^^^^^^^^^^^ Could not find `File` in `io`
kablam! 
kablam! error[E0425]: cannot find function `resolve_crate` in module `rustc_resolve`
kablam!    --> src/main.rs:123:9
kablam!     |
kablam! 123 |     } = rustc_resolve::resolve_crate(&sess,
kablam!     |         ^^^^^^^^^^^^^^^^^^^^^^^^^^^^ did you mean `rustc_resolve::resolve_error`?
kablam!     |
kablam!     = help: possible candidate is found in another module, you can import it into scope:
kablam!               `use rustc::middle::region::resolve_crate;`
kablam! 
kablam! error[E0422]: cannot find struct, variant or union type `CrateMap` in module `rustc_resolve`
kablam!    --> src/main.rs:114:9
kablam!     |
kablam! 114 |     let rustc_resolve::CrateMap {
kablam!     |         ^^^^^^^^^^^^^^^^^^^^^^^ not found in `rustc_resolve`
kablam! 
kablam! error[E0433]: failed to resolve. Could not find `mtwt` in `ext`
kablam!    --> src/main.rs:130:5
kablam!     |
kablam! 130 |     syntax::ext::mtwt::clear_tables();
kablam!     |     ^^^^^^^^^^^^^^^^^^^^^^^^^^^^^^^ Could not find `mtwt` in `ext`
kablam! 
kablam! error[E0433]: failed to resolve. Could not find `check_loop` in `middle`
kablam!    --> src/main.rs:136:6
kablam!     |
kablam! 136 |      middle::check_loop::check_crate(&sess, krate);
kablam!     |      ^^^^^^^^^^^^^^^^^^^^^^^^^^^^^^^ Could not find `check_loop` in `middle`
kablam! 
kablam! error[E0554]: #[feature] may not be used on the beta release channel
kablam!  --> src/main.rs:2:1
kablam!   |
kablam! 2 | #![feature(slicing_syntax)]
kablam!   | ^^^^^^^^^^^^^^^^^^^^^^^^^^^
kablam! 
kablam! error: aborting due to previous error
kablam! 
kablam! error: Could not compile `typo`.
blam! Build failed, waiting for other jobs to finish...
kablam! error[E0432]: unresolved import `std::io::Writer`
kablam!   --> src/tags.rs:12:21
kablam!    |
kablam! 12 | use std::io::{self, Writer, IoResult};
kablam!    |                     ^^^^^^ no `Writer` in `io`. Did you mean to use `Write`?
kablam! 
kablam! error[E0432]: unresolved import `std::io::IoResult`
kablam!   --> src/tags.rs:12:29
kablam!    |
kablam! 12 | use std::io::{self, Writer, IoResult};
kablam!    |                             ^^^^^^^^ no `IoResult` in `io`. Did you mean to use `Result`?
kablam! 
kablam! error[E0425]: cannot find function `args` in module `std::os`
kablam!   --> src/tags.rs:22:16
kablam!    |
kablam! 22 |     let args = std::os::args();
kablam!    |                ^^^^^^^^^^^^^ not found in `std::os`
kablam!    |
kablam!    = help: possible candidate is found in another module, you can import it into scope:
kablam!              `use std::env::args;`
kablam! 
kablam! error[E0433]: failed to resolve. Use of undeclared type or module `Path`
kablam!   --> src/tags.rs:46:66
kablam!    |
kablam! 46 |         sopts.maybe_sysroot = matches.opt_str("sysroot").map(|m| Path::new(m));
kablam!    |                                                                  ^^^^^^^^^ Use of undeclared type or module `Path`
kablam! 
kablam! error[E0423]: expected function, found struct variant `Input::Str`
kablam!   --> src/tags.rs:60:18
kablam!    |
kablam! 60 |                 (Input::Str(src), None)
kablam!    |                  ^^^^^^^^^^ did you mean `Input::Str { /* fields */ }`?
kablam!    |
kablam!    = help: possible better candidates are found in other modules, you can import them into scope:
kablam!              `use rustc_trans::middle::const_val::ConstVal::Str;`
kablam!              `use syntax::ast::LitKind::Str;`
kablam! 
kablam! error[E0433]: failed to resolve. Use of undeclared type or module `Path`
kablam!   --> src/tags.rs:62:30
kablam!    |
kablam! 62 |                 (Input::File(Path::new(ifile)), Some(Path::new(ifile)))
kablam!    |                              ^^^^^^^^^ Use of undeclared type or module `Path`
kablam! 
kablam! error[E0433]: failed to resolve. Use of undeclared type or module `Path`
kablam!   --> src/tags.rs:62:54
kablam!    |
kablam! 62 |                 (Input::File(Path::new(ifile)), Some(Path::new(ifile)))
kablam!    |                                                      ^^^^^^^^^ Use of undeclared type or module `Path`
kablam! 
kablam! error[E0433]: failed to resolve. Use of undeclared type or module `Path`
kablam!   --> src/tags.rs:69:20
kablam!    |
kablam! 69 |     let tag_path = Path::new(tag_path);
kablam!    |                    ^^^^^^^^^ Use of undeclared type or module `Path`
kablam! 
kablam! error[E0433]: failed to resolve. Could not find `registry` in `diagnostics`
kablam!   --> src/tags.rs:72:24
kablam!    |
kablam! 72 |     let descriptions = syntax::diagnostics::registry::Registry::new(&[]);
kablam!    |                        ^^^^^^^^^^^^^^^^^^^^^^^^^^^^^^^^^^^^^^^^^^^^ Could not find `registry` in `diagnostics`
kablam! 
kablam! error[E0433]: failed to resolve. Could not find `File` in `io`
kablam!   --> src/tags.rs:79:9
kablam!    |
kablam! 79 |         io::File::open_mode(&tag_path, io::Append, io::Write).unwrap()
kablam!    |         ^^^^^^^^^^^^^^^^^^^ Could not find `File` in `io`
kablam! 
kablam! error[E0425]: cannot find value `Append` in module `io`
kablam!   --> src/tags.rs:79:40
kablam!    |
kablam! 79 |         io::File::open_mode(&tag_path, io::Append, io::Write).unwrap()
kablam!    |                                        ^^^^^^^^^^ not found in `io`
kablam! 
kablam! error[E0423]: expected value, found trait `io::Write`
kablam!   --> src/tags.rs:79:52
kablam!    |
kablam! 79 |         io::File::open_mode(&tag_path, io::Append, io::Write).unwrap()
kablam!    |                                                    ^^^^^^^^^ not a value
kablam!    |
kablam!    = help: possible better candidate is found in another module, you can import it into scope:
kablam!              `use std::net::Shutdown::Write;`
kablam! 
kablam! error[E0433]: failed to resolve. Could not find `File` in `io`
kablam!   --> src/tags.rs:81:21
kablam!    |
kablam! 81 |         let mut f = io::File::create(&tag_path).unwrap();
kablam!    |                     ^^^^^^^^^^^^^^^^ Could not find `File` in `io`
kablam! 
kablam! error[E0531]: cannot find tuple struct/variant `ItemMac` in module `ast`
kablam!    --> src/tags.rs:180:13
kablam!     |
kablam! 180 |             ast::ItemMac(ref mac) => {
kablam!     |             ^^^^^^^^^^^^ not found in `ast`
kablam! 
kablam! error[E0531]: cannot find tuple struct/variant `MacInvocTT` in module `ast`
kablam!    --> src/tags.rs:182:21
kablam!     |
kablam! 182 |                     ast::MacInvocTT(ref p, _, _) => {
kablam!     |                     ^^^^^^^^^^^^^^^ not found in `ast`
kablam! 
kablam! error[E0407]: method `visit_view_item` is not a member of trait `Visitor`
kablam!    --> src/tags.rs:220:5
kablam!     |
kablam! 220 |     fn visit_view_item(&mut self, i: &'a ast::ViewItem) {
kablam!     |     ^ not a member of trait `Visitor`
kablam! 
kablam! error[E0412]: cannot find type `ViewItem` in module `ast`
kablam!    --> src/tags.rs:220:42
kablam!     |
kablam! 220 |     fn visit_view_item(&mut self, i: &'a ast::ViewItem) {
kablam!     |                                          ^^^^^^^^^^^^^ not found in `ast`
kablam! 
kablam! error[E0531]: cannot find tuple struct/variant `ViewItemUse` in module `ast`
kablam!    --> src/tags.rs:222:16
kablam!     |
kablam! 222 |         if let ast::ViewItemUse(ref vp) = i.node {
kablam!     |                ^^^^^^^^^^^^^^^^ not found in `ast`
kablam! 
kablam! error[E0425]: cannot find function `walk_view_item` in module `visit`
kablam!    --> src/tags.rs:230:9
kablam!     |
kablam! 230 |         visit::walk_view_item(self, i);
kablam!     |         ^^^^^^^^^^^^^^^^^^^^^ did you mean `visit::walk_impl_item`?
kablam! 
kablam! error[E0531]: cannot find tuple struct/variant `ItemMod` in module `ast`
kablam!    --> src/tags.rs:235:13
kablam!     |
kablam! 235 |             ast::ItemMod(ref m) => {
kablam!     |             ^^^^^^^^^^^^ not found in `ast`
kablam!     |
kablam!     = help: possible candidates are found in other modules, you can import them into scope:
kablam!               `use rustc::hir::ItemMod;`
kablam!               `use rustc::hir::Item_::ItemMod;`
kablam! 
kablam! error[E0531]: cannot find tuple struct/variant `FkMethod` in module `visit`
kablam!    --> src/tags.rs:264:13
kablam!     |
kablam! 264 |             visit::FkMethod(id, _, _) => {
kablam!     |             ^^^^^^^^^^^^^^^ not found in `visit`
kablam! 
kablam! error[E0407]: method `visit_ty_method` is not a member of trait `Visitor`
kablam!    --> src/tags.rs:274:5
kablam!     |
kablam! 274 |       fn visit_ty_method(&mut self, t: &'a ast::TypeMethod) {
kablam!     |  _____^ starting here...
kablam! 275 | |         self.grep_id(t.ident, t.span);
kablam! 276 | |         visit::walk_ty_method(self, t);
kablam! 277 | |     }
kablam!     | |_____^ ...ending here: not a member of trait `Visitor`
kablam! 
kablam! error[E0412]: cannot find type `TypeMethod` in module `ast`
kablam!    --> src/tags.rs:274:42
kablam!     |
kablam! 274 |     fn visit_ty_method(&mut self, t: &'a ast::TypeMethod) {
kablam!     |                                          ^^^^^^^^^^^^^^^ not found in `ast`
kablam! 
kablam! error[E0425]: cannot find function `walk_ty_method` in module `visit`
kablam!    --> src/tags.rs:276:9
kablam!     |
kablam! 276 |         visit::walk_ty_method(self, t);
kablam!     |         ^^^^^^^^^^^^^^^^^^^^^ not found in `visit`
kablam! 
kablam! error[E0531]: cannot find tuple struct/variant `RequiredMethod` in module `ast`
kablam!    --> src/tags.rs:281:13
kablam!     |
kablam! 281 |             ast::RequiredMethod(_) | ast::ProvidedMethod(_) => {
kablam!     |             ^^^^^^^^^^^^^^^^^^^ not found in `ast`
kablam! 
kablam! error[E0531]: cannot find tuple struct/variant `ProvidedMethod` in module `ast`
kablam!    --> src/tags.rs:281:38
kablam!     |
kablam! 281 |             ast::RequiredMethod(_) | ast::ProvidedMethod(_) => {
kablam!     |                                      ^^^^^^^^^^^^^^^^^^^ not found in `ast`
kablam! 
kablam! error[E0531]: cannot find tuple struct/variant `TypeTraitItem` in module `ast`
kablam!    --> src/tags.rs:284:13
kablam!     |
kablam! 284 |             ast::TypeTraitItem(ref at) => {
kablam!     |             ^^^^^^^^^^^^^^^^^^ not found in `ast`
kablam! 
kablam! error[E0531]: cannot find tuple struct/variant `NamedField` in module `ast`
kablam!    --> src/tags.rs:294:16
kablam!     |
kablam! 294 |         if let ast::NamedField(ref id, _) = s.node.kind {
kablam!     |                ^^^^^^^^^^^^^^^ not found in `ast`
kablam!     |
kablam!     = help: possible candidates are found in other modules, you can import them into scope:
kablam!               `use rustc::middle::mem_categorization::FieldName::NamedField;`
kablam!               `use rustc::middle::mem_categorization::NamedField;`
kablam! 
kablam! error[E0554]: #[feature] may not be used on the beta release channel
kablam!  --> src/tags.rs:3:1
kablam!   |
kablam! 3 | #![feature(slicing_syntax)]
kablam!   | ^^^^^^^^^^^^^^^^^^^^^^^^^^^
kablam! 
kablam! error: aborting due to previous error
kablam! 
kablam! error: build failed
boom! running `docker rm -f 0fcabbf8ee0514282eabcd6fbe55db3a89622fba76952d6757d7fbc2e3e2d039`
blam! 0fcabbf8ee0514282eabcd6fbe55db3a89622fba76952d6757d7fbc2e3e2d039
