boom! testing imageproc-0.7.0 against stable for nightly
boom! running: cargo +stable build --frozen
boom! creating container for: cargo +stable build --frozen
boom! running `docker create -v /home/ec2-user/cargobomb/./work/local/test-source/nightly/stable:/source:ro -v /home/ec2-user/cargobomb/./work/local/cargo-home:/cargo-home:ro -v /home/ec2-user/cargobomb/./work/local/rustup-home:/rustup-home:ro -v /home/ec2-user/cargobomb/./work/local/target-dirs/nightly/stable:/target:rw -e USER_ID=500 -e CMD=cargo +stable build --frozen cargobomb`
blam! 544866108a161317e3234db591e96951fb130bb85cb339144e04d0b60030a111
boom! running `docker start -a 544866108a161317e3234db591e96951fb130bb85cb339144e04d0b60030a111`
kablam!    Compiling image v0.12.2
kablam!    Compiling imageproc v0.7.0 (file:///source)
kablam! warning[E0122]: trait bounds are not (yet) enforced in type definitions
kablam!   --> src/definitions.rs:20:1
kablam!    |
kablam! 20 | pub type VecBuffer<P: Pixel> = ImageBuffer<P, Vec<P::Subpixel>>;
kablam!    | ^^^^^^^^^^^^^^^^^^^^^^^^^^^^^^^^^^^^^^^^^^^^^^^^^^^^^^^^^^^^^^^^
kablam! 
kablam!     Finished debug [unoptimized + debuginfo] target(s) in 25.18 secs
boom! running `docker rm -f 544866108a161317e3234db591e96951fb130bb85cb339144e04d0b60030a111`
blam! 544866108a161317e3234db591e96951fb130bb85cb339144e04d0b60030a111
boom! running: cargo +stable test --frozen --no-run
boom! creating container for: cargo +stable test --frozen --no-run
boom! running `docker create -v /home/ec2-user/cargobomb/./work/local/test-source/nightly/stable:/source:ro -v /home/ec2-user/cargobomb/./work/local/cargo-home:/cargo-home:ro -v /home/ec2-user/cargobomb/./work/local/rustup-home:/rustup-home:ro -v /home/ec2-user/cargobomb/./work/local/target-dirs/nightly/stable:/target:rw -e USER_ID=500 -e CMD=cargo +stable test --frozen --no-run cargobomb`
blam! b19764ce0fc58a38d0557a4f9b509214ad38cabc78e7ee10973273395a42ee42
boom! running `docker start -a b19764ce0fc58a38d0557a4f9b509214ad38cabc78e7ee10973273395a42ee42`
kablam!    Compiling imageproc v0.7.0 (file:///source)
kablam! error[E0554]: #[feature] may not be used on the stable release channel
kablam!  --> tests/regression.rs:5:1
kablam!   |
kablam! 5 | #![feature(test)]
kablam!   | ^^^^^^^^^^^^^^^^^
kablam! 
kablam! error[E0554]: #[feature] may not be used on the stable release channel
kablam!  --> tests/regression.rs:6:1
kablam!   |
kablam! 6 | #![feature(unboxed_closures)]
kablam!   | ^^^^^^^^^^^^^^^^^^^^^^^^^^^^^
kablam! 
kablam! error[E0554]: #[feature] may not be used on the stable release channel
kablam!  --> tests/regression.rs:7:1
kablam!   |
kablam! 7 | #![feature(fn_traits)]
kablam!   | ^^^^^^^^^^^^^^^^^^^^^^
kablam! 
kablam! error: aborting due to 3 previous errors
kablam! 
blam! Build failed, waiting for other jobs to finish...
kablam! error[E0554]: #[feature] may not be used on the stable release channel
kablam!  --> src/lib.rs:2:19
kablam!   |
kablam! 2 | #![cfg_attr(test, feature(test))]
kablam!   |                   ^^^^^^^^^^^^^
kablam! 
kablam! error: aborting due to previous error
kablam! 
blam! Build failed, waiting for other jobs to finish...
kablam! error: Could not compile `imageproc`.
kablam! 
kablam! To learn more, run the command again with --verbose.
boom! running `docker rm -f b19764ce0fc58a38d0557a4f9b509214ad38cabc78e7ee10973273395a42ee42`
blam! b19764ce0fc58a38d0557a4f9b509214ad38cabc78e7ee10973273395a42ee42
boom! running: cargo +stable test --frozen
boom! creating container for: cargo +stable test --frozen
boom! running `docker create -v /home/ec2-user/cargobomb/./work/local/test-source/nightly/stable:/source:ro -v /home/ec2-user/cargobomb/./work/local/cargo-home:/cargo-home:ro -v /home/ec2-user/cargobomb/./work/local/rustup-home:/rustup-home:ro -v /home/ec2-user/cargobomb/./work/local/target-dirs/nightly/stable:/target:rw -e USER_ID=500 -e CMD=cargo +stable test --frozen cargobomb`
blam! a930a3611460752b84ae99f5bbcc176d2f30ea1c0aa24a1c4be1733c8018dc13
boom! running `docker start -a a930a3611460752b84ae99f5bbcc176d2f30ea1c0aa24a1c4be1733c8018dc13`
kablam!    Compiling imageproc v0.7.0 (file:///source)
kablam! error[E0554]: #[feature] may not be used on the stable release channel
kablam!  --> tests/regression.rs:5:1
kablam!   |
kablam! 5 | #![feature(test)]
kablam!   | ^^^^^^^^^^^^^^^^^
kablam! 
kablam! error[E0554]: #[feature] may not be used on the stable release channel
kablam!  --> tests/regression.rs:6:1
kablam!   |
kablam! 6 | #![feature(unboxed_closures)]
kablam!   | ^^^^^^^^^^^^^^^^^^^^^^^^^^^^^
kablam! 
kablam! error[E0554]: #[feature] may not be used on the stable release channel
kablam!  --> tests/regression.rs:7:1
kablam!   |
kablam! 7 | #![feature(fn_traits)]
kablam!   | ^^^^^^^^^^^^^^^^^^^^^^
kablam! 
kablam! error: aborting due to 3 previous errors
kablam! 
blam! Build failed, waiting for other jobs to finish...
kablam! error[E0554]: #[feature] may not be used on the stable release channel
kablam!  --> src/lib.rs:2:19
kablam!   |
kablam! 2 | #![cfg_attr(test, feature(test))]
kablam!   |                   ^^^^^^^^^^^^^
kablam! 
kablam! error: aborting due to previous error
kablam! 
blam! Build failed, waiting for other jobs to finish...
kablam! error: Could not compile `imageproc`.
kablam! 
kablam! To learn more, run the command again with --verbose.
boom! running `docker rm -f a930a3611460752b84ae99f5bbcc176d2f30ea1c0aa24a1c4be1733c8018dc13`
blam! a930a3611460752b84ae99f5bbcc176d2f30ea1c0aa24a1c4be1733c8018dc13
