boom! testing pact_verifier-0.2.0 against stable for nightly
boom! running: cargo +stable build --frozen
boom! creating container for: cargo +stable build --frozen
boom! running `docker create -v /home/ec2-user/cargobomb/./work/local/test-source/nightly/stable:/source:ro -v /home/ec2-user/cargobomb/./work/local/cargo-home:/cargo-home:ro -v /home/ec2-user/cargobomb/./work/local/rustup-home:/rustup-home:ro -v /home/ec2-user/cargobomb/./work/local/target-dirs/nightly/stable:/target:rw -e USER_ID=500 -e CMD=cargo +stable build --frozen cargobomb`
blam! 0dffee6add53ea15873dadef2b2f9e341cefb30bc519c17fe3bb8d29ebb0a41d
boom! running `docker start -a 0dffee6add53ea15873dadef2b2f9e341cefb30bc519c17fe3bb8d29ebb0a41d`
kablam!    Compiling pact_consumer v0.2.0
kablam!    Compiling pact_verifier v0.2.0 (file:///source)
kablam!     Finished debug [unoptimized + debuginfo] target(s) in 10.44 secs
boom! running `docker rm -f 0dffee6add53ea15873dadef2b2f9e341cefb30bc519c17fe3bb8d29ebb0a41d`
blam! 0dffee6add53ea15873dadef2b2f9e341cefb30bc519c17fe3bb8d29ebb0a41d
boom! running: cargo +stable test --frozen --no-run
boom! creating container for: cargo +stable test --frozen --no-run
boom! running `docker create -v /home/ec2-user/cargobomb/./work/local/test-source/nightly/stable:/source:ro -v /home/ec2-user/cargobomb/./work/local/cargo-home:/cargo-home:ro -v /home/ec2-user/cargobomb/./work/local/rustup-home:/rustup-home:ro -v /home/ec2-user/cargobomb/./work/local/target-dirs/nightly/stable:/target:rw -e USER_ID=500 -e CMD=cargo +stable test --frozen --no-run cargobomb`
blam! 487925c38e7ecb3d7dd8c00b629d6e4b6bf32e72a6422c43b1a0c1101dffc112
boom! running `docker start -a 487925c38e7ecb3d7dd8c00b629d6e4b6bf32e72a6422c43b1a0c1101dffc112`
kablam!    Compiling pact_verifier v0.2.0 (file:///source)
kablam!     Finished debug [unoptimized + debuginfo] target(s) in 9.54 secs
boom! running `docker rm -f 487925c38e7ecb3d7dd8c00b629d6e4b6bf32e72a6422c43b1a0c1101dffc112`
blam! 487925c38e7ecb3d7dd8c00b629d6e4b6bf32e72a6422c43b1a0c1101dffc112
boom! running: cargo +stable test --frozen
boom! creating container for: cargo +stable test --frozen
boom! running `docker create -v /home/ec2-user/cargobomb/./work/local/test-source/nightly/stable:/source:ro -v /home/ec2-user/cargobomb/./work/local/cargo-home:/cargo-home:ro -v /home/ec2-user/cargobomb/./work/local/rustup-home:/rustup-home:ro -v /home/ec2-user/cargobomb/./work/local/target-dirs/nightly/stable:/target:rw -e USER_ID=500 -e CMD=cargo +stable test --frozen cargobomb`
blam! 63c0eea564469924259131160029470263f2bd8effb5120c8439761deb430514
boom! running `docker start -a 63c0eea564469924259131160029470263f2bd8effb5120c8439761deb430514`
kablam!     Finished debug [unoptimized + debuginfo] target(s) in 0.0 secs
kablam!      Running /target/debug/deps/pact_verifier-935c935573598f62
blam! 
blam! running 35 tests
blam! test pact_broker::tests::content_type_test ... ok
blam! test pact_broker::tests::fetch_link_returns_an_error_if_a_previous_resource_has_not_been_fetched ... ok
blam! 
blam! src/pact_broker.rs:593
blam! expected to be equal to <PactVerified>, got <PactError("other os error")>
blam! 
blam! test pact_broker::tests::fetch_link_returns_an_error_if_the_previous_resource_does_not_have_the_link ... FAILED
blam! 
blam! src/pact_broker.rs:568
blam! expected to be equal to <PactVerified>, got <PactError("other os error")>
blam! 
blam! test pact_broker::tests::fetch_link_returns_an_error_if_the_previous_resource_links_are_not_correctly_formed ... FAILED
blam! 
blam! src/pact_broker.rs:542
blam! expected to be equal to <PactVerified>, got <PactError("other os error")>
blam! 
blam! test pact_broker::tests::fetch_link_returns_an_error_if_the_previous_resource_was_not_hal ... FAILED
blam! 
blam! src/pact_broker.rs:654
blam! expected to be equal to <PactVerified>, got <PactError("other os error")>
blam! 
blam! test pact_broker::tests::fetch_link_returns_handles_absolute_resource_links ... FAILED
blam! 
blam! src/pact_broker.rs:623
blam! expected to be equal to <PactVerified>, got <PactError("other os error")>
blam! 
blam! test pact_broker::tests::fetch_link_returns_the_resource_for_the_link ... FAILED
blam! 
blam! src/pact_broker.rs:355
blam! expected to be equal to <PactVerified>, got <PactError("other os error")>
blam! 
blam! test pact_broker::tests::fetch_returns_an_error_if_it_does_not_get_a_hal_response ... FAILED
blam! 
blam! src/pact_broker.rs:333
blam! expected to be equal to <PactVerified>, got <PactError("other os error")>
blam! 
blam! test pact_broker::tests::fetch_returns_an_error_if_it_does_not_get_a_success_response ... FAILED
blam! 
blam! src/pact_broker.rs:721
blam! expected to be equal to <PactVerified>, got <PactError("other os error")>
blam! 
blam! test pact_broker::tests::fetch_pacts_from_broker_returns_empty_list_if_there_are_no_pacts ... FAILED
blam! 
blam! src/pact_broker.rs:486
blam! expected to be equal to <PactVerified>, got <PactError("other os error")>
blam! 
blam! test pact_broker::tests::fetch_returns_an_error_if_it_does_not_get_a_valid_hal_response ... FAILED
blam! test pact_broker::tests::json_content_type_test ... ok
blam! 
blam! src/pact_broker.rs:685
blam! expected to be equal to <PactVerified>, got <PactError("other os error")>
blam! 
blam! test pact_broker::tests::fetch_link_returns_the_resource_for_the_templated_link ... FAILED
blam! test pact_broker::tests::parse_link_url_returns_error_if_there_is_no_href ... ok
blam! test provider_client::tests::join_paths_test ... ok
blam! test tests::if_a_consumer_filter_is_defined_returns_false_if_the_consumer_name_does_not_match ... ok
blam! test tests::if_a_consumer_filter_is_defined_returns_true_if_the_consumer_name_does_match ... ok
blam! test tests::if_a_consumer_filter_is_defined_returns_true_if_the_result_is_an_error ... ok
blam! test tests::if_an_interaction_filter_is_defined_returns_false_if_the_description_does_not_match ... ok
blam! test tests::if_an_interaction_filter_is_defined_returns_true_if_the_description_does_match ... ok
blam! test tests::if_an_interaction_state_filter_is_defined_returns_false_if_the_state_does_not_match ... ok
blam! test tests::if_an_interaction_state_filter_is_defined_returns_true_if_the_state_does_match ... ok
blam! test tests::if_no_consumer_filter_is_defined_returns_true ... ok
blam! test tests::if_no_interaction_filter_is_defined_returns_true ... ok
blam! test tests::if_the_state_filter_and_interaction_filter_is_defined_is_false_if_both_do_not_match ... ok
blam! 
blam! src/pact_broker.rs:797
blam! expected to be equal to <PactVerified>, got <PactError("other os error")>
blam! 
blam! test pact_broker::tests::fetch_pacts_from_broker_returns_a_list_of_pacts ... FAILED
blam! test tests::if_the_state_filter_and_interaction_filter_is_defined_is_false_if_the_description_does_not_match ... ok
blam! test tests::if_the_state_filter_and_interaction_filter_is_defined_is_false_if_the_provider_state_does_not_match ... ok
blam! test tests::if_the_state_filter_is_empty_returns_false_if_the_interaction_state_is_defined ... ok
blam! test tests::if_the_state_filter_is_empty_returns_true_if_the_interaction_state_is_not_defined ... ok
blam! test tests::if_the_state_filter_and_interaction_filter_is_defined_must_match_both ... ok
blam! test tests::uses_regexs_to_match_the_description ... ok
blam! test tests::uses_regexs_to_match_the_state ... ok
blam! test pact_broker::tests::parse_link_url_replaces_all_tokens_in_href ... ok
blam! test pact_broker::tests::fetch_returns_an_error_if_there_is_no_pact_broker ... ok
blam! 
blam! failures:
blam! 
blam! ---- pact_broker::tests::fetch_link_returns_an_error_if_the_previous_resource_does_not_have_the_link stdout ----
blam! 	thread 'pact_broker::tests::fetch_link_returns_an_error_if_the_previous_resource_does_not_have_the_link' panicked at 'test failure', /cargo-home/registry/src/github.com-1ecc6299db9ec823/expectest-0.5.1/src/core/result.rs:73
blam! note: Run with `RUST_BACKTRACE=1` for a backtrace.
blam! 
blam! ---- pact_broker::tests::fetch_link_returns_an_error_if_the_previous_resource_links_are_not_correctly_formed stdout ----
blam! 	thread 'pact_broker::tests::fetch_link_returns_an_error_if_the_previous_resource_links_are_not_correctly_formed' panicked at 'test failure', /cargo-home/registry/src/github.com-1ecc6299db9ec823/expectest-0.5.1/src/core/result.rs:73
blam! 
blam! ---- pact_broker::tests::fetch_link_returns_an_error_if_the_previous_resource_was_not_hal stdout ----
blam! 	thread 'pact_broker::tests::fetch_link_returns_an_error_if_the_previous_resource_was_not_hal' panicked at 'test failure', /cargo-home/registry/src/github.com-1ecc6299db9ec823/expectest-0.5.1/src/core/result.rs:73
blam! 
blam! ---- pact_broker::tests::fetch_link_returns_handles_absolute_resource_links stdout ----
blam! 	thread 'pact_broker::tests::fetch_link_returns_handles_absolute_resource_links' panicked at 'test failure', /cargo-home/registry/src/github.com-1ecc6299db9ec823/expectest-0.5.1/src/core/result.rs:73
blam! 
blam! ---- pact_broker::tests::fetch_link_returns_the_resource_for_the_link stdout ----
blam! 	thread 'pact_broker::tests::fetch_link_returns_the_resource_for_the_link' panicked at 'test failure', /cargo-home/registry/src/github.com-1ecc6299db9ec823/expectest-0.5.1/src/core/result.rs:73
blam! 
blam! ---- pact_broker::tests::fetch_returns_an_error_if_it_does_not_get_a_hal_response stdout ----
blam! 	thread 'pact_broker::tests::fetch_returns_an_error_if_it_does_not_get_a_hal_response' panicked at 'test failure', /cargo-home/registry/src/github.com-1ecc6299db9ec823/expectest-0.5.1/src/core/result.rs:73
blam! 
blam! ---- pact_broker::tests::fetch_returns_an_error_if_it_does_not_get_a_success_response stdout ----
blam! 	thread 'pact_broker::tests::fetch_returns_an_error_if_it_does_not_get_a_success_response' panicked at 'test failure', /cargo-home/registry/src/github.com-1ecc6299db9ec823/expectest-0.5.1/src/core/result.rs:73
blam! 
blam! ---- pact_broker::tests::fetch_pacts_from_broker_returns_empty_list_if_there_are_no_pacts stdout ----
blam! 	thread 'pact_broker::tests::fetch_pacts_from_broker_returns_empty_list_if_there_are_no_pacts' panicked at 'test failure', /cargo-home/registry/src/github.com-1ecc6299db9ec823/expectest-0.5.1/src/core/result.rs:73
blam! 
blam! ---- pact_broker::tests::fetch_returns_an_error_if_it_does_not_get_a_valid_hal_response stdout ----
blam! 	thread 'pact_broker::tests::fetch_returns_an_error_if_it_does_not_get_a_valid_hal_response' panicked at 'test failure', /cargo-home/registry/src/github.com-1ecc6299db9ec823/expectest-0.5.1/src/core/result.rs:73
blam! 
blam! ---- pact_broker::tests::fetch_link_returns_the_resource_for_the_templated_link stdout ----
blam! 	thread 'pact_broker::tests::fetch_link_returns_the_resource_for_the_templated_link' panicked at 'test failure', /cargo-home/registry/src/github.com-1ecc6299db9ec823/expectest-0.5.1/src/core/result.rs:73
blam! 
blam! ---- pact_broker::tests::fetch_pacts_from_broker_returns_a_list_of_pacts stdout ----
blam! 	thread 'pact_broker::tests::fetch_pacts_from_broker_returns_a_list_of_pacts' panicked at 'test failure', /cargo-home/registry/src/github.com-1ecc6299db9ec823/expectest-0.5.1/src/core/result.rs:73
blam! 
blam! 
blam! failures:
blam!     pact_broker::tests::fetch_link_returns_an_error_if_the_previous_resource_does_not_have_the_link
blam!     pact_broker::tests::fetch_link_returns_an_error_if_the_previous_resource_links_are_not_correctly_formed
blam!     pact_broker::tests::fetch_link_returns_an_error_if_the_previous_resource_was_not_hal
blam!     pact_broker::tests::fetch_link_returns_handles_absolute_resource_links
blam!     pact_broker::tests::fetch_link_returns_the_resource_for_the_link
blam!     pact_broker::tests::fetch_link_returns_the_resource_for_the_templated_link
blam!     pact_broker::tests::fetch_pacts_from_broker_returns_a_list_of_pacts
blam!     pact_broker::tests::fetch_pacts_from_broker_returns_empty_list_if_there_are_no_pacts
blam!     pact_broker::tests::fetch_returns_an_error_if_it_does_not_get_a_hal_response
blam!     pact_broker::tests::fetch_returns_an_error_if_it_does_not_get_a_success_response
blam!     pact_broker::tests::fetch_returns_an_error_if_it_does_not_get_a_valid_hal_response
blam! 
blam! test result: FAILED. 24 passed; 11 failed; 0 ignored; 0 measured
blam! 
kablam! error: test failed
boom! running `docker rm -f 63c0eea564469924259131160029470263f2bd8effb5120c8439761deb430514`
blam! 63c0eea564469924259131160029470263f2bd8effb5120c8439761deb430514
