boom! testing ogg-0.4.1 against stable for beta
boom! running: cargo +stable build --frozen
boom! creating container for: cargo +stable build --frozen
boom! running `docker create -v /home/ec2-user/cargobomb/./work/local/test-source/beta/stable:/source:ro -v /home/ec2-user/cargobomb/./work/local/cargo-home:/cargo-home:ro -v /home/ec2-user/cargobomb/./work/local/rustup-home:/rustup-home:ro -v /home/ec2-user/cargobomb/./work/local/target-dirs/beta/stable:/target:rw -e USER_ID=500 -e CMD=cargo +stable build --frozen cargobomb`
blam! aaf35cd1ebc3495dcd591eb55db7b84272cc29c166771e3037c724b11d613209
boom! running `docker start -a aaf35cd1ebc3495dcd591eb55db7b84272cc29c166771e3037c724b11d613209`
kablam!    Compiling ogg v0.4.1 (file:///source)
kablam!     Finished debug [unoptimized + debuginfo] target(s) in 0.49 secs
boom! running `docker rm -f aaf35cd1ebc3495dcd591eb55db7b84272cc29c166771e3037c724b11d613209`
blam! aaf35cd1ebc3495dcd591eb55db7b84272cc29c166771e3037c724b11d613209
boom! running: cargo +stable test --frozen --no-run
boom! creating container for: cargo +stable test --frozen --no-run
boom! running `docker create -v /home/ec2-user/cargobomb/./work/local/test-source/beta/stable:/source:ro -v /home/ec2-user/cargobomb/./work/local/cargo-home:/cargo-home:ro -v /home/ec2-user/cargobomb/./work/local/rustup-home:/rustup-home:ro -v /home/ec2-user/cargobomb/./work/local/target-dirs/beta/stable:/target:rw -e USER_ID=500 -e CMD=cargo +stable test --frozen --no-run cargobomb`
blam! 669edfaddfe62963ec5c8aa82130424d4ffcd7743b3b480a16a1cbc6ac10a169
boom! running `docker start -a 669edfaddfe62963ec5c8aa82130424d4ffcd7743b3b480a16a1cbc6ac10a169`
kablam!    Compiling ogg v0.4.1 (file:///source)
kablam! error[E0433]: failed to resolve. Could not find `BufReader` in `ogg`
kablam!   --> tests/async_read.rs:78:18
kablam!    |
kablam! 78 | 		let mut frwd = ogg::BufReader::new(&mut rwd);
kablam!    | 		               ^^^^^^^^^^^^^^^^^^^ Could not find `BufReader` in `ogg`
kablam! 
kablam! error[E0433]: failed to resolve. Could not find `BufReader` in `ogg`
kablam!    --> tests/async_read.rs:108:18
kablam!     |
kablam! 108 | 		let mut frwd = ogg::BufReader::new(&mut rwd);
kablam!     | 		               ^^^^^^^^^^^^^^^^^^^ Could not find `BufReader` in `ogg`
kablam! 
kablam! error[E0433]: failed to resolve. Could not find `BufReader` in `ogg`
kablam!    --> tests/async_read.rs:136:18
kablam!     |
kablam! 136 | 		let mut frwd = ogg::BufReader::new(&mut rwd);
kablam!     | 		               ^^^^^^^^^^^^^^^^^^^ Could not find `BufReader` in `ogg`
kablam! 
kablam! error: aborting due to 3 previous errors
kablam! 
blam! Build failed, waiting for other jobs to finish...
kablam! error: Could not compile `ogg`.
kablam! 
kablam! To learn more, run the command again with --verbose.
boom! running `docker rm -f 669edfaddfe62963ec5c8aa82130424d4ffcd7743b3b480a16a1cbc6ac10a169`
blam! 669edfaddfe62963ec5c8aa82130424d4ffcd7743b3b480a16a1cbc6ac10a169
boom! running: cargo +stable test --frozen
boom! creating container for: cargo +stable test --frozen
boom! running `docker create -v /home/ec2-user/cargobomb/./work/local/test-source/beta/stable:/source:ro -v /home/ec2-user/cargobomb/./work/local/cargo-home:/cargo-home:ro -v /home/ec2-user/cargobomb/./work/local/rustup-home:/rustup-home:ro -v /home/ec2-user/cargobomb/./work/local/target-dirs/beta/stable:/target:rw -e USER_ID=500 -e CMD=cargo +stable test --frozen cargobomb`
blam! 55a78ac7ffd365088f68a89bf0ce250dd6b42e1a2bab3b5ad21c091afd36461b
boom! running `docker start -a 55a78ac7ffd365088f68a89bf0ce250dd6b42e1a2bab3b5ad21c091afd36461b`
kablam!    Compiling ogg v0.4.1 (file:///source)
kablam! error[E0433]: failed to resolve. Could not find `BufReader` in `ogg`
kablam!   --> tests/async_read.rs:78:18
kablam!    |
kablam! 78 | 		let mut frwd = ogg::BufReader::new(&mut rwd);
kablam!    | 		               ^^^^^^^^^^^^^^^^^^^ Could not find `BufReader` in `ogg`
kablam! 
kablam! error[E0433]: failed to resolve. Could not find `BufReader` in `ogg`
kablam!    --> tests/async_read.rs:108:18
kablam!     |
kablam! 108 | 		let mut frwd = ogg::BufReader::new(&mut rwd);
kablam!     | 		               ^^^^^^^^^^^^^^^^^^^ Could not find `BufReader` in `ogg`
kablam! 
kablam! error[E0433]: failed to resolve. Could not find `BufReader` in `ogg`
kablam!    --> tests/async_read.rs:136:18
kablam!     |
kablam! 136 | 		let mut frwd = ogg::BufReader::new(&mut rwd);
kablam!     | 		               ^^^^^^^^^^^^^^^^^^^ Could not find `BufReader` in `ogg`
kablam! 
kablam! error: aborting due to 3 previous errors
kablam! 
kablam! error: Could not compile `ogg`.
kablam! 
kablam! To learn more, run the command again with --verbose.
boom! running `docker rm -f 55a78ac7ffd365088f68a89bf0ce250dd6b42e1a2bab3b5ad21c091afd36461b`
blam! 55a78ac7ffd365088f68a89bf0ce250dd6b42e1a2bab3b5ad21c091afd36461b
