boom! testing https://github.com/o01eg/gltut-rust#39d37e16c1d1cea440181b2824420ad82217cb68 against nightly for nightly
boom! running: cargo +nightly build --frozen
boom! creating container for: cargo +nightly build --frozen
boom! running `docker create -v /home/ec2-user/cargobomb/./work/local/test-source/nightly/nightly:/source:ro -v /home/ec2-user/cargobomb/./work/local/cargo-home:/cargo-home:ro -v /home/ec2-user/cargobomb/./work/local/rustup-home:/rustup-home:ro -v /home/ec2-user/cargobomb/./work/local/target-dirs/nightly/nightly:/target:rw -e USER_ID=500 -e CMD=cargo +nightly build --frozen cargobomb`
blam! 8de7e876f78d9518ff7ab95bb300942b0715deabca69947141caae432b039f50
boom! running `docker start -a 8de7e876f78d9518ff7ab95bb300942b0715deabca69947141caae432b039f50`
kablam!    Compiling rand v0.3.15
kablam!    Compiling gl_generator v0.5.2
kablam!    Compiling num-integer v0.1.32
kablam!    Compiling num-iter v0.1.32
kablam!    Compiling num v0.1.36
kablam!    Compiling sdl2 v0.28.0
kablam!    Compiling gl v0.6.1
kablam!    Compiling gltut-rust v0.0.1 (file:///source)
kablam! error: linking with `cc` failed: exit code: 1
kablam!   |
kablam!   = note: "cc" "-Wl,--as-needed" "-Wl,-z,noexecstack" "-m64" "-L" "/rustup-home/toolchains/nightly-x86_64-unknown-linux-gnu/lib/rustlib/x86_64-unknown-linux-gnu/lib" "/target/debug/deps/tut02-14fe9deeacdb795a.0.o" "-o" "/target/debug/deps/tut02-14fe9deeacdb795a" "-Wl,--gc-sections" "-pie" "-nodefaultlibs" "-L" "/target/debug/deps" "-L" "/rustup-home/toolchains/nightly-x86_64-unknown-linux-gnu/lib/rustlib/x86_64-unknown-linux-gnu/lib" "-Wl,-Bstatic" "-Wl,-Bdynamic" "/target/debug/deps/libtutcommon-f99d89914dd594fe.rlib" "/target/debug/deps/libgl-1d6a970e22c31f05.rlib" "/target/debug/deps/libbyteorder-240cc8a1e1423fad.rlib" "/target/debug/deps/libsdl2-d43d99d923449faf.rlib" "/target/debug/deps/librand-c9d9fbdab2355ee4.rlib" "/target/debug/deps/libsdl2_sys-ea93ed8d35645303.rlib" "/target/debug/deps/libbitflags-65ddff5d2b91509e.rlib" "/target/debug/deps/liblazy_static-2a16fcec40d2bdf3.rlib" "/target/debug/deps/liblibc-2a4507ee5e52ea3e.rlib" "/target/debug/deps/libnum-20e57b582676da82.rlib" "/target/debug/deps/libnum_iter-a1bfa3b9618fdfe0.rlib" "/target/debug/deps/libnum_integer-f617fb54b59f25d7.rlib" "/target/debug/deps/libnum_traits-51f88ce8f32c0283.rlib" "/rustup-home/toolchains/nightly-x86_64-unknown-linux-gnu/lib/rustlib/x86_64-unknown-linux-gnu/lib/libstd-4ee93fe948eb9f83.rlib" "/rustup-home/toolchains/nightly-x86_64-unknown-linux-gnu/lib/rustlib/x86_64-unknown-linux-gnu/lib/libpanic_unwind-277781e5e83f4ddf.rlib" "/rustup-home/toolchains/nightly-x86_64-unknown-linux-gnu/lib/rustlib/x86_64-unknown-linux-gnu/lib/libunwind-9fb0680200b1f1d7.rlib" "/rustup-home/toolchains/nightly-x86_64-unknown-linux-gnu/lib/rustlib/x86_64-unknown-linux-gnu/lib/librand-8fe8e03da90d4fd4.rlib" "/rustup-home/toolchains/nightly-x86_64-unknown-linux-gnu/lib/rustlib/x86_64-unknown-linux-gnu/lib/libcollections-91e6e43d741825a3.rlib" "/rustup-home/toolchains/nightly-x86_64-unknown-linux-gnu/lib/rustlib/x86_64-unknown-linux-gnu/lib/liballoc-91c6f0edecc68d05.rlib" "/rustup-home/toolchains/nightly-x86_64-unknown-linux-gnu/lib/rustlib/x86_64-unknown-linux-gnu/lib/liballoc_jemalloc-3e3384d4e8c6562d.rlib" "/rustup-home/toolchains/nightly-x86_64-unknown-linux-gnu/lib/rustlib/x86_64-unknown-linux-gnu/lib/liblibc-552ce29795ce9c9d.rlib" "/rustup-home/toolchains/nightly-x86_64-unknown-linux-gnu/lib/rustlib/x86_64-unknown-linux-gnu/lib/libstd_unicode-e19b6c0e5bf50406.rlib" "/rustup-home/toolchains/nightly-x86_64-unknown-linux-gnu/lib/rustlib/x86_64-unknown-linux-gnu/lib/libcore-c1ab5423a7223378.rlib" "/rustup-home/toolchains/nightly-x86_64-unknown-linux-gnu/lib/rustlib/x86_64-unknown-linux-gnu/lib/libcompiler_builtins-5d4fca8590bb0079.rlib" "-l" "SDL2" "-l" "util" "-l" "dl" "-l" "rt" "-l" "pthread" "-l" "gcc_s" "-l" "pthread" "-l" "c" "-l" "m" "-l" "rt" "-l" "util"
kablam!   = note: /usr/bin/ld: cannot find -lSDL2
kablam!           collect2: error: ld returned 1 exit status
kablam!           
kablam! 
kablam! error: aborting due to previous error
kablam! 
blam! Build failed, waiting for other jobs to finish...
kablam! error: Could not compile `gltut-rust`.
kablam! error: linking with `cc` failed: exit code: 1
kablam!   |
kablam!   = note: "cc" "-Wl,--as-needed" "-Wl,-z,noexecstack" "-m64" "-L" "/rustup-home/toolchains/nightly-x86_64-unknown-linux-gnu/lib/rustlib/x86_64-unknown-linux-gnu/lib" "/target/debug/deps/tut06-0d26e1396ddc1a77.0.o" "-o" "/target/debug/deps/tut06-0d26e1396ddc1a77" "-Wl,--gc-sections" "-pie" "-nodefaultlibs" "-L" "/target/debug/deps" "-L" "/rustup-home/toolchains/nightly-x86_64-unknown-linux-gnu/lib/rustlib/x86_64-unknown-linux-gnu/lib" "-Wl,-Bstatic" "-Wl,-Bdynamic" "/target/debug/deps/libtutcommon-f99d89914dd594fe.rlib" "/target/debug/deps/libgl-1d6a970e22c31f05.rlib" "/target/debug/deps/libbyteorder-240cc8a1e1423fad.rlib" "/target/debug/deps/libsdl2-d43d99d923449faf.rlib" "/target/debug/deps/librand-c9d9fbdab2355ee4.rlib" "/target/debug/deps/libsdl2_sys-ea93ed8d35645303.rlib" "/target/debug/deps/libbitflags-65ddff5d2b91509e.rlib" "/target/debug/deps/liblazy_static-2a16fcec40d2bdf3.rlib" "/target/debug/deps/liblibc-2a4507ee5e52ea3e.rlib" "/target/debug/deps/libnum-20e57b582676da82.rlib" "/target/debug/deps/libnum_iter-a1bfa3b9618fdfe0.rlib" "/target/debug/deps/libnum_integer-f617fb54b59f25d7.rlib" "/target/debug/deps/libnum_traits-51f88ce8f32c0283.rlib" "/rustup-home/toolchains/nightly-x86_64-unknown-linux-gnu/lib/rustlib/x86_64-unknown-linux-gnu/lib/libstd-4ee93fe948eb9f83.rlib" "/rustup-home/toolchains/nightly-x86_64-unknown-linux-gnu/lib/rustlib/x86_64-unknown-linux-gnu/lib/libpanic_unwind-277781e5e83f4ddf.rlib" "/rustup-home/toolchains/nightly-x86_64-unknown-linux-gnu/lib/rustlib/x86_64-unknown-linux-gnu/lib/libunwind-9fb0680200b1f1d7.rlib" "/rustup-home/toolchains/nightly-x86_64-unknown-linux-gnu/lib/rustlib/x86_64-unknown-linux-gnu/lib/librand-8fe8e03da90d4fd4.rlib" "/rustup-home/toolchains/nightly-x86_64-unknown-linux-gnu/lib/rustlib/x86_64-unknown-linux-gnu/lib/libcollections-91e6e43d741825a3.rlib" "/rustup-home/toolchains/nightly-x86_64-unknown-linux-gnu/lib/rustlib/x86_64-unknown-linux-gnu/lib/liballoc-91c6f0edecc68d05.rlib" "/rustup-home/toolchains/nightly-x86_64-unknown-linux-gnu/lib/rustlib/x86_64-unknown-linux-gnu/lib/liballoc_jemalloc-3e3384d4e8c6562d.rlib" "/rustup-home/toolchains/nightly-x86_64-unknown-linux-gnu/lib/rustlib/x86_64-unknown-linux-gnu/lib/liblibc-552ce29795ce9c9d.rlib" "/rustup-home/toolchains/nightly-x86_64-unknown-linux-gnu/lib/rustlib/x86_64-unknown-linux-gnu/lib/libstd_unicode-e19b6c0e5bf50406.rlib" "/rustup-home/toolchains/nightly-x86_64-unknown-linux-gnu/lib/rustlib/x86_64-unknown-linux-gnu/lib/libcore-c1ab5423a7223378.rlib" "/rustup-home/toolchains/nightly-x86_64-unknown-linux-gnu/lib/rustlib/x86_64-unknown-linux-gnu/lib/libcompiler_builtins-5d4fca8590bb0079.rlib" "-l" "SDL2" "-l" "util" "-l" "dl" "-l" "rt" "-l" "pthread" "-l" "gcc_s" "-l" "pthread" "-l" "c" "-l" "m" "-l" "rt" "-l" "util"
kablam!   = note: /usr/bin/ld: cannot find -lSDL2
kablam!           collect2: error: ld returned 1 exit status
kablam!           
kablam! 
kablam! error: aborting due to previous error
kablam! 
kablam! error: Could not compile `gltut-rust`.
blam! Build failed, waiting for other jobs to finish...
kablam! error: linking with `cc` failed: exit code: 1
kablam!   |
kablam!   = note: "cc" "-Wl,--as-needed" "-Wl,-z,noexecstack" "-m64" "-L" "/rustup-home/toolchains/nightly-x86_64-unknown-linux-gnu/lib/rustlib/x86_64-unknown-linux-gnu/lib" "/target/debug/deps/tut03-cce155b344ee2a6a.0.o" "-o" "/target/debug/deps/tut03-cce155b344ee2a6a" "-Wl,--gc-sections" "-pie" "-nodefaultlibs" "-L" "/target/debug/deps" "-L" "/rustup-home/toolchains/nightly-x86_64-unknown-linux-gnu/lib/rustlib/x86_64-unknown-linux-gnu/lib" "-Wl,-Bstatic" "-Wl,-Bdynamic" "/target/debug/deps/libtutcommon-f99d89914dd594fe.rlib" "/target/debug/deps/libgl-1d6a970e22c31f05.rlib" "/target/debug/deps/libbyteorder-240cc8a1e1423fad.rlib" "/target/debug/deps/libsdl2-d43d99d923449faf.rlib" "/target/debug/deps/librand-c9d9fbdab2355ee4.rlib" "/target/debug/deps/libsdl2_sys-ea93ed8d35645303.rlib" "/target/debug/deps/libbitflags-65ddff5d2b91509e.rlib" "/target/debug/deps/liblazy_static-2a16fcec40d2bdf3.rlib" "/target/debug/deps/liblibc-2a4507ee5e52ea3e.rlib" "/target/debug/deps/libnum-20e57b582676da82.rlib" "/target/debug/deps/libnum_iter-a1bfa3b9618fdfe0.rlib" "/target/debug/deps/libnum_integer-f617fb54b59f25d7.rlib" "/target/debug/deps/libnum_traits-51f88ce8f32c0283.rlib" "/rustup-home/toolchains/nightly-x86_64-unknown-linux-gnu/lib/rustlib/x86_64-unknown-linux-gnu/lib/libstd-4ee93fe948eb9f83.rlib" "/rustup-home/toolchains/nightly-x86_64-unknown-linux-gnu/lib/rustlib/x86_64-unknown-linux-gnu/lib/libpanic_unwind-277781e5e83f4ddf.rlib" "/rustup-home/toolchains/nightly-x86_64-unknown-linux-gnu/lib/rustlib/x86_64-unknown-linux-gnu/lib/libunwind-9fb0680200b1f1d7.rlib" "/rustup-home/toolchains/nightly-x86_64-unknown-linux-gnu/lib/rustlib/x86_64-unknown-linux-gnu/lib/librand-8fe8e03da90d4fd4.rlib" "/rustup-home/toolchains/nightly-x86_64-unknown-linux-gnu/lib/rustlib/x86_64-unknown-linux-gnu/lib/libcollections-91e6e43d741825a3.rlib" "/rustup-home/toolchains/nightly-x86_64-unknown-linux-gnu/lib/rustlib/x86_64-unknown-linux-gnu/lib/liballoc-91c6f0edecc68d05.rlib" "/rustup-home/toolchains/nightly-x86_64-unknown-linux-gnu/lib/rustlib/x86_64-unknown-linux-gnu/lib/liballoc_jemalloc-3e3384d4e8c6562d.rlib" "/rustup-home/toolchains/nightly-x86_64-unknown-linux-gnu/lib/rustlib/x86_64-unknown-linux-gnu/lib/liblibc-552ce29795ce9c9d.rlib" "/rustup-home/toolchains/nightly-x86_64-unknown-linux-gnu/lib/rustlib/x86_64-unknown-linux-gnu/lib/libstd_unicode-e19b6c0e5bf50406.rlib" "/rustup-home/toolchains/nightly-x86_64-unknown-linux-gnu/lib/rustlib/x86_64-unknown-linux-gnu/lib/libcore-c1ab5423a7223378.rlib" "/rustup-home/toolchains/nightly-x86_64-unknown-linux-gnu/lib/rustlib/x86_64-unknown-linux-gnu/lib/libcompiler_builtins-5d4fca8590bb0079.rlib" "-l" "SDL2" "-l" "util" "-l" "dl" "-l" "rt" "-l" "pthread" "-l" "gcc_s" "-l" "pthread" "-l" "c" "-l" "m" "-l" "rt" "-l" "util"
kablam!   = note: /usr/bin/ld: cannot find -lSDL2
kablam!           collect2: error: ld returned 1 exit status
kablam!           
kablam! 
kablam! error: aborting due to previous error
kablam! 
blam! Build failed, waiting for other jobs to finish...
kablam! error: Could not compile `gltut-rust`.
kablam! error: linking with `cc` failed: exit code: 1
kablam!   |
kablam!   = note: "cc" "-Wl,--as-needed" "-Wl,-z,noexecstack" "-m64" "-L" "/rustup-home/toolchains/nightly-x86_64-unknown-linux-gnu/lib/rustlib/x86_64-unknown-linux-gnu/lib" "/target/debug/deps/tut04-6105abca23414fbc.0.o" "-o" "/target/debug/deps/tut04-6105abca23414fbc" "-Wl,--gc-sections" "-pie" "-nodefaultlibs" "-L" "/target/debug/deps" "-L" "/rustup-home/toolchains/nightly-x86_64-unknown-linux-gnu/lib/rustlib/x86_64-unknown-linux-gnu/lib" "-Wl,-Bstatic" "-Wl,-Bdynamic" "/target/debug/deps/libtutcommon-f99d89914dd594fe.rlib" "/target/debug/deps/libgl-1d6a970e22c31f05.rlib" "/target/debug/deps/libbyteorder-240cc8a1e1423fad.rlib" "/target/debug/deps/libsdl2-d43d99d923449faf.rlib" "/target/debug/deps/librand-c9d9fbdab2355ee4.rlib" "/target/debug/deps/libsdl2_sys-ea93ed8d35645303.rlib" "/target/debug/deps/libbitflags-65ddff5d2b91509e.rlib" "/target/debug/deps/liblazy_static-2a16fcec40d2bdf3.rlib" "/target/debug/deps/liblibc-2a4507ee5e52ea3e.rlib" "/target/debug/deps/libnum-20e57b582676da82.rlib" "/target/debug/deps/libnum_iter-a1bfa3b9618fdfe0.rlib" "/target/debug/deps/libnum_integer-f617fb54b59f25d7.rlib" "/target/debug/deps/libnum_traits-51f88ce8f32c0283.rlib" "/rustup-home/toolchains/nightly-x86_64-unknown-linux-gnu/lib/rustlib/x86_64-unknown-linux-gnu/lib/libstd-4ee93fe948eb9f83.rlib" "/rustup-home/toolchains/nightly-x86_64-unknown-linux-gnu/lib/rustlib/x86_64-unknown-linux-gnu/lib/libpanic_unwind-277781e5e83f4ddf.rlib" "/rustup-home/toolchains/nightly-x86_64-unknown-linux-gnu/lib/rustlib/x86_64-unknown-linux-gnu/lib/libunwind-9fb0680200b1f1d7.rlib" "/rustup-home/toolchains/nightly-x86_64-unknown-linux-gnu/lib/rustlib/x86_64-unknown-linux-gnu/lib/librand-8fe8e03da90d4fd4.rlib" "/rustup-home/toolchains/nightly-x86_64-unknown-linux-gnu/lib/rustlib/x86_64-unknown-linux-gnu/lib/libcollections-91e6e43d741825a3.rlib" "/rustup-home/toolchains/nightly-x86_64-unknown-linux-gnu/lib/rustlib/x86_64-unknown-linux-gnu/lib/liballoc-91c6f0edecc68d05.rlib" "/rustup-home/toolchains/nightly-x86_64-unknown-linux-gnu/lib/rustlib/x86_64-unknown-linux-gnu/lib/liballoc_jemalloc-3e3384d4e8c6562d.rlib" "/rustup-home/toolchains/nightly-x86_64-unknown-linux-gnu/lib/rustlib/x86_64-unknown-linux-gnu/lib/liblibc-552ce29795ce9c9d.rlib" "/rustup-home/toolchains/nightly-x86_64-unknown-linux-gnu/lib/rustlib/x86_64-unknown-linux-gnu/lib/libstd_unicode-e19b6c0e5bf50406.rlib" "/rustup-home/toolchains/nightly-x86_64-unknown-linux-gnu/lib/rustlib/x86_64-unknown-linux-gnu/lib/libcore-c1ab5423a7223378.rlib" "/rustup-home/toolchains/nightly-x86_64-unknown-linux-gnu/lib/rustlib/x86_64-unknown-linux-gnu/lib/libcompiler_builtins-5d4fca8590bb0079.rlib" "-l" "SDL2" "-l" "util" "-l" "dl" "-l" "rt" "-l" "pthread" "-l" "gcc_s" "-l" "pthread" "-l" "c" "-l" "m" "-l" "rt" "-l" "util"
kablam!   = note: /usr/bin/ld: cannot find -lSDL2
kablam!           collect2: error: ld returned 1 exit status
kablam!           
kablam! 
kablam! error: aborting due to previous error
kablam! 
kablam! error: build failed
boom! running `docker rm -f 8de7e876f78d9518ff7ab95bb300942b0715deabca69947141caae432b039f50`
blam! 8de7e876f78d9518ff7ab95bb300942b0715deabca69947141caae432b039f50
