boom! testing concat_bytes-0.1.0 against beta for beta
boom! running: cargo +beta build --frozen
boom! creating container for: cargo +beta build --frozen
boom! running `docker create -v /home/ec2-user/cargobomb/./work/local/test-source/beta/beta:/source:ro -v /home/ec2-user/cargobomb/./work/local/cargo-home:/cargo-home:ro -v /home/ec2-user/cargobomb/./work/local/rustup-home:/rustup-home:ro -v /home/ec2-user/cargobomb/./work/local/target-dirs/beta/beta:/target:rw -e USER_ID=500 -e CMD=cargo +beta build --frozen cargobomb`
blam! 35a2913615d7f90e507c844564e85352d35bad337845763a1ba5968a8cea8f65
boom! running `docker start -a 35a2913615d7f90e507c844564e85352d35bad337845763a1ba5968a8cea8f65`
kablam!    Compiling concat_bytes v0.1.0 (file:///source)
kablam! error[E0432]: unresolved import `rustc::plugin::Registry`
kablam!  --> src/lib.rs:8:5
kablam!   |
kablam! 8 | use rustc::plugin::Registry;
kablam!   |     ^^^^^^^^^^^^^^^^^^^^^^^ Could not find `plugin` in `rustc`
kablam! 
kablam! error[E0412]: cannot find type `TokenTree` in module `ast`
kablam!   --> src/expand.rs:11:33
kablam!    |
kablam! 11 |                          tts: &[ast::TokenTree])
kablam!    |                                 ^^^^^^^^^^^^^^ not found in `ast`
kablam!    |
kablam!    = help: possible candidate is found in another module, you can import it into scope:
kablam!              `use syntax::tokenstream::TokenTree;`
kablam! 
kablam! error[E0531]: cannot find tuple struct/variant `ExprLit` in module `ast`
kablam!   --> src/expand.rs:20:13
kablam!    |
kablam! 20 |             ast::ExprLit(ref lit) => {
kablam!    |             ^^^^^^^^^^^^ not found in `ast`
kablam!    |
kablam!    = help: possible candidates are found in other modules, you can import them into scope:
kablam!              `use rustc::hir::ExprLit;`
kablam!              `use rustc::hir::Expr_::ExprLit;`
kablam! 
kablam! error[E0531]: cannot find tuple struct/variant `LitStr` in module `ast`
kablam!   --> src/expand.rs:22:21
kablam!    |
kablam! 22 |                     ast::LitStr(ref s, _) |
kablam!    |                     ^^^^^^^^^^^ not found in `ast`
kablam! 
kablam! error[E0531]: cannot find tuple struct/variant `LitFloat` in module `ast`
kablam!   --> src/expand.rs:23:21
kablam!    |
kablam! 23 |                     ast::LitFloat(ref s, _) |
kablam!    |                     ^^^^^^^^^^^^^ not found in `ast`
kablam! 
kablam! error[E0531]: cannot find tuple struct/variant `LitFloatUnsuffixed` in module `ast`
kablam!   --> src/expand.rs:24:21
kablam!    |
kablam! 24 |                     ast::LitFloatUnsuffixed(ref s) => {
kablam!    |                     ^^^^^^^^^^^^^^^^^^^^^^^ not found in `ast`
kablam! 
kablam! error[E0531]: cannot find tuple struct/variant `LitChar` in module `ast`
kablam!   --> src/expand.rs:27:21
kablam!    |
kablam! 27 |                     ast::LitChar(c) => {
kablam!    |                     ^^^^^^^^^^^^ not found in `ast`
kablam! 
kablam! error[E0531]: cannot find tuple struct/variant `LitInt` in module `ast`
kablam!   --> src/expand.rs:30:21
kablam!    |
kablam! 30 |                     ast::LitInt(i, ast::UnsignedIntLit(_)) |
kablam!    |                     ^^^^^^^^^^^ not found in `ast`
kablam! 
kablam! error[E0531]: cannot find tuple struct/variant `UnsignedIntLit` in module `ast`
kablam!   --> src/expand.rs:30:36
kablam!    |
kablam! 30 |                     ast::LitInt(i, ast::UnsignedIntLit(_)) |
kablam!    |                                    ^^^^^^^^^^^^^^^^^^^ not found in `ast`
kablam! 
kablam! error[E0531]: cannot find tuple struct/variant `LitInt` in module `ast`
kablam!   --> src/expand.rs:31:21
kablam!    |
kablam! 31 |                     ast::LitInt(i, ast::SignedIntLit(_, ast::Plus)) |
kablam!    |                     ^^^^^^^^^^^ not found in `ast`
kablam! 
kablam! error[E0531]: cannot find tuple struct/variant `SignedIntLit` in module `ast`
kablam!   --> src/expand.rs:31:36
kablam!    |
kablam! 31 |                     ast::LitInt(i, ast::SignedIntLit(_, ast::Plus)) |
kablam!    |                                    ^^^^^^^^^^^^^^^^^ not found in `ast`
kablam! 
kablam! error[E0531]: cannot find unit struct/variant or constant `Plus` in module `ast`
kablam!   --> src/expand.rs:31:57
kablam!    |
kablam! 31 |                     ast::LitInt(i, ast::SignedIntLit(_, ast::Plus)) |
kablam!    |                                                         ^^^^^^^^^ not found in `ast`
kablam!    |
kablam!    = help: possible candidates are found in other modules, you can import them into scope:
kablam!              `use syntax::parse::token::BinOpToken::Plus;`
kablam!              `use syntax::parse::token::Plus;`
kablam! 
kablam! error[E0531]: cannot find tuple struct/variant `LitInt` in module `ast`
kablam!   --> src/expand.rs:32:21
kablam!    |
kablam! 32 |                     ast::LitInt(i, ast::UnsuffixedIntLit(ast::Plus)) => {
kablam!    |                     ^^^^^^^^^^^ not found in `ast`
kablam! 
kablam! error[E0531]: cannot find tuple struct/variant `UnsuffixedIntLit` in module `ast`
kablam!   --> src/expand.rs:32:36
kablam!    |
kablam! 32 |                     ast::LitInt(i, ast::UnsuffixedIntLit(ast::Plus)) => {
kablam!    |                                    ^^^^^^^^^^^^^^^^^^^^^ not found in `ast`
kablam! 
kablam! error[E0531]: cannot find unit struct/variant or constant `Plus` in module `ast`
kablam!   --> src/expand.rs:32:58
kablam!    |
kablam! 32 |                     ast::LitInt(i, ast::UnsuffixedIntLit(ast::Plus)) => {
kablam!    |                                                          ^^^^^^^^^ not found in `ast`
kablam!    |
kablam!    = help: possible candidates are found in other modules, you can import them into scope:
kablam!              `use syntax::parse::token::BinOpToken::Plus;`
kablam!              `use syntax::parse::token::Plus;`
kablam! 
kablam! error[E0531]: cannot find tuple struct/variant `LitInt` in module `ast`
kablam!   --> src/expand.rs:35:21
kablam!    |
kablam! 35 |                     ast::LitInt(i, ast::SignedIntLit(_, ast::Minus)) |
kablam!    |                     ^^^^^^^^^^^ not found in `ast`
kablam! 
kablam! error[E0531]: cannot find tuple struct/variant `SignedIntLit` in module `ast`
kablam!   --> src/expand.rs:35:36
kablam!    |
kablam! 35 |                     ast::LitInt(i, ast::SignedIntLit(_, ast::Minus)) |
kablam!    |                                    ^^^^^^^^^^^^^^^^^ not found in `ast`
kablam! 
kablam! error[E0531]: cannot find unit struct/variant or constant `Minus` in module `ast`
kablam!   --> src/expand.rs:35:57
kablam!    |
kablam! 35 |                     ast::LitInt(i, ast::SignedIntLit(_, ast::Minus)) |
kablam!    |                                                         ^^^^^^^^^^ not found in `ast`
kablam!    |
kablam!    = help: possible candidates are found in other modules, you can import them into scope:
kablam!              `use syntax::parse::token::BinOpToken::Minus;`
kablam!              `use syntax::parse::token::Minus;`
kablam! 
kablam! error[E0531]: cannot find tuple struct/variant `LitInt` in module `ast`
kablam!   --> src/expand.rs:36:21
kablam!    |
kablam! 36 |                     ast::LitInt(i, ast::UnsuffixedIntLit(ast::Minus)) => {
kablam!    |                     ^^^^^^^^^^^ not found in `ast`
kablam! 
kablam! error[E0531]: cannot find tuple struct/variant `UnsuffixedIntLit` in module `ast`
kablam!   --> src/expand.rs:36:36
kablam!    |
kablam! 36 |                     ast::LitInt(i, ast::UnsuffixedIntLit(ast::Minus)) => {
kablam!    |                                    ^^^^^^^^^^^^^^^^^^^^^ not found in `ast`
kablam! 
kablam! error[E0531]: cannot find unit struct/variant or constant `Minus` in module `ast`
kablam!   --> src/expand.rs:36:58
kablam!    |
kablam! 36 |                     ast::LitInt(i, ast::UnsuffixedIntLit(ast::Minus)) => {
kablam!    |                                                          ^^^^^^^^^^ not found in `ast`
kablam!    |
kablam!    = help: possible candidates are found in other modules, you can import them into scope:
kablam!              `use syntax::parse::token::BinOpToken::Minus;`
kablam!              `use syntax::parse::token::Minus;`
kablam! 
kablam! error[E0531]: cannot find tuple struct/variant `LitBool` in module `ast`
kablam!   --> src/expand.rs:39:21
kablam!    |
kablam! 39 |                     ast::LitBool(b) => {
kablam!    |                     ^^^^^^^^^^^^ not found in `ast`
kablam! 
kablam! error[E0531]: cannot find tuple struct/variant `LitByte` in module `ast`
kablam!   --> src/expand.rs:42:21
kablam!    |
kablam! 42 |                     ast::LitByte(b) => {
kablam!    |                     ^^^^^^^^^^^^ not found in `ast`
kablam! 
kablam! error[E0531]: cannot find tuple struct/variant `LitBinary` in module `ast`
kablam!   --> src/expand.rs:45:21
kablam!    |
kablam! 45 |                     ast::LitBinary(ref bytes) => {
kablam!    |                     ^^^^^^^^^^^^^^ not found in `ast`
kablam! 
kablam! error[E0425]: cannot find function `LitBinary` in module `ast`
kablam!   --> src/expand.rs:57:9
kablam!    |
kablam! 57 |         ast::LitBinary(Rc::new(accumulator))
kablam!    |         ^^^^^^^^^^^^^^ not found in `ast`
kablam! 
kablam! error[E0554]: #[feature] may not be used on the beta release channel
kablam!  --> src/lib.rs:2:1
kablam!   |
kablam! 2 | #![feature(plugin_registrar, rustc_private)]
kablam!   | ^^^^^^^^^^^^^^^^^^^^^^^^^^^^^^^^^^^^^^^^^^^^
kablam! 
kablam! error: aborting due to previous error
kablam! 
kablam! error: Could not compile `concat_bytes`.
kablam! 
kablam! To learn more, run the command again with --verbose.
boom! running `docker rm -f 35a2913615d7f90e507c844564e85352d35bad337845763a1ba5968a8cea8f65`
blam! 35a2913615d7f90e507c844564e85352d35bad337845763a1ba5968a8cea8f65
