boom! testing passwd-0.0.1 against stable for nightly
boom! running: cargo +stable build --frozen
boom! creating container for: cargo +stable build --frozen
boom! running `docker create -v /home/ec2-user/cargobomb/./work/local/test-source/nightly/stable:/source:ro -v /home/ec2-user/cargobomb/./work/local/cargo-home:/cargo-home:ro -v /home/ec2-user/cargobomb/./work/local/rustup-home:/rustup-home:ro -v /home/ec2-user/cargobomb/./work/local/target-dirs/nightly/stable:/target:rw -e USER_ID=500 -e CMD=cargo +stable build --frozen cargobomb`
blam! d819bca421b5a418aee125d1a62aae0dcff02ec784fef4351e1094a77f364e4a
boom! running `docker start -a d819bca421b5a418aee125d1a62aae0dcff02ec784fef4351e1094a77f364e4a`
kablam!    Compiling passwd v0.0.1 (file:///source)
kablam!     Finished debug [unoptimized + debuginfo] target(s) in 0.45 secs
boom! running `docker rm -f d819bca421b5a418aee125d1a62aae0dcff02ec784fef4351e1094a77f364e4a`
blam! d819bca421b5a418aee125d1a62aae0dcff02ec784fef4351e1094a77f364e4a
boom! running: cargo +stable test --frozen --no-run
boom! creating container for: cargo +stable test --frozen --no-run
boom! running `docker create -v /home/ec2-user/cargobomb/./work/local/test-source/nightly/stable:/source:ro -v /home/ec2-user/cargobomb/./work/local/cargo-home:/cargo-home:ro -v /home/ec2-user/cargobomb/./work/local/rustup-home:/rustup-home:ro -v /home/ec2-user/cargobomb/./work/local/target-dirs/nightly/stable:/target:rw -e USER_ID=500 -e CMD=cargo +stable test --frozen --no-run cargobomb`
blam! a1d564b67df658549f7218ab702db268f65fcc7faf710c49160981ed901e7e72
boom! running `docker start -a a1d564b67df658549f7218ab702db268f65fcc7faf710c49160981ed901e7e72`
kablam!    Compiling passwd v0.0.1 (file:///source)
kablam!     Finished debug [unoptimized + debuginfo] target(s) in 0.65 secs
boom! running `docker rm -f a1d564b67df658549f7218ab702db268f65fcc7faf710c49160981ed901e7e72`
blam! a1d564b67df658549f7218ab702db268f65fcc7faf710c49160981ed901e7e72
boom! running: cargo +stable test --frozen
boom! creating container for: cargo +stable test --frozen
boom! running `docker create -v /home/ec2-user/cargobomb/./work/local/test-source/nightly/stable:/source:ro -v /home/ec2-user/cargobomb/./work/local/cargo-home:/cargo-home:ro -v /home/ec2-user/cargobomb/./work/local/rustup-home:/rustup-home:ro -v /home/ec2-user/cargobomb/./work/local/target-dirs/nightly/stable:/target:rw -e USER_ID=500 -e CMD=cargo +stable test --frozen cargobomb`
blam! 64a5e08a56d74d62aa17130ceb5531243d705d152984fb339ec9fd9b50478f35
boom! running `docker start -a 64a5e08a56d74d62aa17130ceb5531243d705d152984fb339ec9fd9b50478f35`
kablam!     Finished debug [unoptimized + debuginfo] target(s) in 0.0 secs
kablam!      Running /target/debug/deps/passwd-b624f72c8a70e682
blam! 
blam! running 0 tests
blam! 
blam! test result: ok. 0 passed; 0 failed; 0 ignored; 0 measured
blam! 
kablam!    Doc-tests passwd
blam! 
blam! running 1 test
blam! test _0 ... FAILED
blam! 
blam! failures:
blam! 
blam! ---- _0 stdout ----
blam! 	error[E0433]: failed to resolve. Use of undeclared type or module `Passwd`
blam!  --> <anon>:2:18
blam!   |
blam! 2 | println!("{:?}", Passwd::from_name("root"));
blam!   |                  ^^^^^^^^^^^^^^^^^ Use of undeclared type or module `Passwd`
blam! 
blam! error[E0433]: failed to resolve. Use of undeclared type or module `Passwd`
blam!  --> <anon>:3:18
blam!   |
blam! 3 | println!("{:?}", Passwd::from_uid(0));
blam!   |                  ^^^^^^^^^^^^^^^^ Use of undeclared type or module `Passwd`
blam! 
blam! error: aborting due to previous error(s)
blam! 
blam! thread '_0' panicked at 'Box<Any>', /buildslave/rust-buildbot/slave/stable-dist-rustc-linux/build/src/librustc/session/mod.rs:201
blam! note: Run with `RUST_BACKTRACE=1` for a backtrace.
blam! 
blam! 
blam! failures:
blam!     _0
blam! 
blam! test result: FAILED. 0 passed; 1 failed; 0 ignored; 0 measured
blam! 
kablam! error: test failed
boom! running `docker rm -f 64a5e08a56d74d62aa17130ceb5531243d705d152984fb339ec9fd9b50478f35`
blam! 64a5e08a56d74d62aa17130ceb5531243d705d152984fb339ec9fd9b50478f35
