boom! testing https://github.com/chbatey/rust-intro#e1a25f054aa2af3dc7f5b45bf3e1c880a28ecfa6 against stable for nightly
boom! running: cargo +stable build --frozen
boom! creating container for: cargo +stable build --frozen
boom! running `docker create -v /home/ec2-user/cargobomb/./work/local/test-source/nightly/stable:/source:ro -v /home/ec2-user/cargobomb/./work/local/cargo-home:/cargo-home:ro -v /home/ec2-user/cargobomb/./work/local/rustup-home:/rustup-home:ro -v /home/ec2-user/cargobomb/./work/local/target-dirs/nightly/stable:/target:rw -e USER_ID=500 -e CMD=cargo +stable build --frozen cargobomb`
blam! 6b20944ba8bedb6ff4c630ba00797862fde29443b4d27b59d2c99b0fdb21e426
boom! running `docker start -a 6b20944ba8bedb6ff4c630ba00797862fde29443b4d27b59d2c99b0fdb21e426`
kablam!    Compiling intro v0.0.1 (file:///source)
kablam! error: invalid suffix `i` for numeric literal
kablam!   --> src/lib.rs:15:30
kablam!    |
kablam! 15 |         let result = add_two(5i);
kablam!    |                              ^^
kablam!    |
kablam!    = help: the suffix must be one of the integral types (`u32`, `isize`, etc)
kablam! 
kablam! error[E0412]: type name `int` is undefined or not in scope
kablam!  --> src/lib.rs:1:19
kablam!   |
kablam! 1 | pub fn add_one(x: int) -> int {
kablam!   |                   ^^^ undefined or not in scope
kablam!   |
kablam!   = help: no candidates by the name of `int` found in your project; maybe you misspelled the name or forgot to import an external crate?
kablam! 
kablam! error[E0412]: type name `int` is undefined or not in scope
kablam!  --> src/lib.rs:1:27
kablam!   |
kablam! 1 | pub fn add_one(x: int) -> int {
kablam!   |                           ^^^ undefined or not in scope
kablam!   |
kablam!   = help: no candidates by the name of `int` found in your project; maybe you misspelled the name or forgot to import an external crate?
kablam! 
kablam! error[E0412]: type name `int` is undefined or not in scope
kablam!  --> src/lib.rs:5:15
kablam!   |
kablam! 5 | fn add_two(x: int) -> int {
kablam!   |               ^^^ undefined or not in scope
kablam!   |
kablam!   = help: no candidates by the name of `int` found in your project; maybe you misspelled the name or forgot to import an external crate?
kablam! 
kablam! error[E0412]: type name `int` is undefined or not in scope
kablam!  --> src/lib.rs:5:23
kablam!   |
kablam! 5 | fn add_two(x: int) -> int {
kablam!   |                       ^^^ undefined or not in scope
kablam!   |
kablam!   = help: no candidates by the name of `int` found in your project; maybe you misspelled the name or forgot to import an external crate?
kablam! 
kablam! error: aborting due to 5 previous errors
kablam! 
kablam! error: Could not compile `intro`.
kablam! 
kablam! To learn more, run the command again with --verbose.
boom! running `docker rm -f 6b20944ba8bedb6ff4c630ba00797862fde29443b4d27b59d2c99b0fdb21e426`
blam! 6b20944ba8bedb6ff4c630ba00797862fde29443b4d27b59d2c99b0fdb21e426
