boom! testing nss-0.7.1 against beta for beta
boom! running: cargo +beta build --frozen
boom! creating container for: cargo +beta build --frozen
boom! running `docker create -v /home/ec2-user/cargobomb/./work/local/test-source/beta/beta:/source:ro -v /home/ec2-user/cargobomb/./work/local/cargo-home:/cargo-home:ro -v /home/ec2-user/cargobomb/./work/local/rustup-home:/rustup-home:ro -v /home/ec2-user/cargobomb/./work/local/target-dirs/beta/beta:/target:rw -e USER_ID=500 -e CMD=cargo +beta build --frozen cargobomb`
blam! 07448683ff49954a6cd935b709a23557bdf5df7bba964c6437dd1e3c32c36059
boom! running `docker start -a 07448683ff49954a6cd935b709a23557bdf5df7bba964c6437dd1e3c32c36059`
kablam!    Compiling nss-sys v0.1.9
kablam!    Compiling nss v0.7.1 (file:///source)
kablam!     Finished dev [unoptimized + debuginfo] target(s) in 3.33 secs
boom! running `docker rm -f 07448683ff49954a6cd935b709a23557bdf5df7bba964c6437dd1e3c32c36059`
blam! 07448683ff49954a6cd935b709a23557bdf5df7bba964c6437dd1e3c32c36059
boom! running: cargo +beta test --frozen --no-run
boom! creating container for: cargo +beta test --frozen --no-run
boom! running `docker create -v /home/ec2-user/cargobomb/./work/local/test-source/beta/beta:/source:ro -v /home/ec2-user/cargobomb/./work/local/cargo-home:/cargo-home:ro -v /home/ec2-user/cargobomb/./work/local/rustup-home:/rustup-home:ro -v /home/ec2-user/cargobomb/./work/local/target-dirs/beta/beta:/target:rw -e USER_ID=500 -e CMD=cargo +beta test --frozen --no-run cargobomb`
blam! f9aedc10dfa72477c5410507aaaf3f1172c8fc4ddf44c01602e45b38b273d144
boom! running `docker start -a f9aedc10dfa72477c5410507aaaf3f1172c8fc4ddf44c01602e45b38b273d144`
kablam!    Compiling nss v0.7.1 (file:///source)
kablam! error: linking with `cc` failed: exit code: 1
kablam!   |
kablam!   = note: "cc" "-Wl,--as-needed" "-Wl,-z,noexecstack" "-m64" "-L" "/rustup-home/toolchains/beta-x86_64-unknown-linux-gnu/lib/rustlib/x86_64-unknown-linux-gnu/lib" "/target/debug/deps/nss-ab65b79cdfb76202.0.o" "-o" "/target/debug/deps/nss-ab65b79cdfb76202" "-Wl,--gc-sections" "-pie" "-nodefaultlibs" "-L" "/target/debug/deps" "-L" "/rustup-home/toolchains/beta-x86_64-unknown-linux-gnu/lib/rustlib/x86_64-unknown-linux-gnu/lib" "-Wl,-Bstatic" "-Wl,-Bdynamic" "/target/debug/deps/liblazy_static-2a16fcec40d2bdf3.rlib" "/rustup-home/toolchains/beta-x86_64-unknown-linux-gnu/lib/rustlib/x86_64-unknown-linux-gnu/lib/libtest-495f7d16c61e193e.rlib" "/rustup-home/toolchains/beta-x86_64-unknown-linux-gnu/lib/rustlib/x86_64-unknown-linux-gnu/lib/libgetopts-e268adbf4cfcbb37.rlib" "/target/debug/deps/libnss_sys-308966fabea294d8.rlib" "/target/debug/deps/liblibc-2a4507ee5e52ea3e.rlib" "/rustup-home/toolchains/beta-x86_64-unknown-linux-gnu/lib/rustlib/x86_64-unknown-linux-gnu/lib/libterm-7fad624c8a987316.rlib" "/rustup-home/toolchains/beta-x86_64-unknown-linux-gnu/lib/rustlib/x86_64-unknown-linux-gnu/lib/libstd-dfc89321dbee872e.rlib" "/rustup-home/toolchains/beta-x86_64-unknown-linux-gnu/lib/rustlib/x86_64-unknown-linux-gnu/lib/libpanic_unwind-b9a1672c9b07eb79.rlib" "/rustup-home/toolchains/beta-x86_64-unknown-linux-gnu/lib/rustlib/x86_64-unknown-linux-gnu/lib/libunwind-2368fc95b0a72ca5.rlib" "/rustup-home/toolchains/beta-x86_64-unknown-linux-gnu/lib/rustlib/x86_64-unknown-linux-gnu/lib/librand-7b8c40539a92cc94.rlib" "/rustup-home/toolchains/beta-x86_64-unknown-linux-gnu/lib/rustlib/x86_64-unknown-linux-gnu/lib/libcollections-248c1fb3029c3b47.rlib" "/rustup-home/toolchains/beta-x86_64-unknown-linux-gnu/lib/rustlib/x86_64-unknown-linux-gnu/lib/liballoc-716ec913507cca23.rlib" "/rustup-home/toolchains/beta-x86_64-unknown-linux-gnu/lib/rustlib/x86_64-unknown-linux-gnu/lib/liballoc_jemalloc-73671a945a075b27.rlib" "/rustup-home/toolchains/beta-x86_64-unknown-linux-gnu/lib/rustlib/x86_64-unknown-linux-gnu/lib/liblibc-40657eb22c503f7a.rlib" "/rustup-home/toolchains/beta-x86_64-unknown-linux-gnu/lib/rustlib/x86_64-unknown-linux-gnu/lib/libstd_unicode-86ff76aef4ef75d0.rlib" "/rustup-home/toolchains/beta-x86_64-unknown-linux-gnu/lib/rustlib/x86_64-unknown-linux-gnu/lib/libcore-3f5cb0b311b4f9c5.rlib" "/rustup-home/toolchains/beta-x86_64-unknown-linux-gnu/lib/rustlib/x86_64-unknown-linux-gnu/lib/libcompiler_builtins-a27e0b02588f3694.rlib" "-l" "nss3" "-l" "ssl3" "-l" "nspr4" "-l" "util" "-l" "dl" "-l" "rt" "-l" "pthread" "-l" "gcc_s" "-l" "pthread" "-l" "c" "-l" "m" "-l" "rt" "-l" "util"
kablam!   = note: /usr/bin/ld: cannot find -lnss3
kablam!           /usr/bin/ld: cannot find -lssl3
kablam!           /usr/bin/ld: cannot find -lnspr4
kablam!           collect2: error: ld returned 1 exit status
kablam!           
kablam! 
kablam! error: aborting due to previous error
kablam! 
kablam! error: Could not compile `nss`.
kablam! 
kablam! To learn more, run the command again with --verbose.
boom! running `docker rm -f f9aedc10dfa72477c5410507aaaf3f1172c8fc4ddf44c01602e45b38b273d144`
blam! f9aedc10dfa72477c5410507aaaf3f1172c8fc4ddf44c01602e45b38b273d144
boom! running: cargo +beta test --frozen
boom! creating container for: cargo +beta test --frozen
boom! running `docker create -v /home/ec2-user/cargobomb/./work/local/test-source/beta/beta:/source:ro -v /home/ec2-user/cargobomb/./work/local/cargo-home:/cargo-home:ro -v /home/ec2-user/cargobomb/./work/local/rustup-home:/rustup-home:ro -v /home/ec2-user/cargobomb/./work/local/target-dirs/beta/beta:/target:rw -e USER_ID=500 -e CMD=cargo +beta test --frozen cargobomb`
blam! e91d27bd668e5a41f7a95520bd588a0ddb61fd6fd0a42279881e9c9f8ea16816
boom! running `docker start -a e91d27bd668e5a41f7a95520bd588a0ddb61fd6fd0a42279881e9c9f8ea16816`
kablam!    Compiling nss v0.7.1 (file:///source)
kablam! error: linking with `cc` failed: exit code: 1
kablam!   |
kablam!   = note: "cc" "-Wl,--as-needed" "-Wl,-z,noexecstack" "-m64" "-L" "/rustup-home/toolchains/beta-x86_64-unknown-linux-gnu/lib/rustlib/x86_64-unknown-linux-gnu/lib" "/target/debug/deps/nss-ab65b79cdfb76202.0.o" "-o" "/target/debug/deps/nss-ab65b79cdfb76202" "-Wl,--gc-sections" "-pie" "-nodefaultlibs" "-L" "/target/debug/deps" "-L" "/rustup-home/toolchains/beta-x86_64-unknown-linux-gnu/lib/rustlib/x86_64-unknown-linux-gnu/lib" "-Wl,-Bstatic" "-Wl,-Bdynamic" "/target/debug/deps/liblazy_static-2a16fcec40d2bdf3.rlib" "/rustup-home/toolchains/beta-x86_64-unknown-linux-gnu/lib/rustlib/x86_64-unknown-linux-gnu/lib/libtest-495f7d16c61e193e.rlib" "/rustup-home/toolchains/beta-x86_64-unknown-linux-gnu/lib/rustlib/x86_64-unknown-linux-gnu/lib/libgetopts-e268adbf4cfcbb37.rlib" "/target/debug/deps/libnss_sys-308966fabea294d8.rlib" "/target/debug/deps/liblibc-2a4507ee5e52ea3e.rlib" "/rustup-home/toolchains/beta-x86_64-unknown-linux-gnu/lib/rustlib/x86_64-unknown-linux-gnu/lib/libterm-7fad624c8a987316.rlib" "/rustup-home/toolchains/beta-x86_64-unknown-linux-gnu/lib/rustlib/x86_64-unknown-linux-gnu/lib/libstd-dfc89321dbee872e.rlib" "/rustup-home/toolchains/beta-x86_64-unknown-linux-gnu/lib/rustlib/x86_64-unknown-linux-gnu/lib/libpanic_unwind-b9a1672c9b07eb79.rlib" "/rustup-home/toolchains/beta-x86_64-unknown-linux-gnu/lib/rustlib/x86_64-unknown-linux-gnu/lib/libunwind-2368fc95b0a72ca5.rlib" "/rustup-home/toolchains/beta-x86_64-unknown-linux-gnu/lib/rustlib/x86_64-unknown-linux-gnu/lib/librand-7b8c40539a92cc94.rlib" "/rustup-home/toolchains/beta-x86_64-unknown-linux-gnu/lib/rustlib/x86_64-unknown-linux-gnu/lib/libcollections-248c1fb3029c3b47.rlib" "/rustup-home/toolchains/beta-x86_64-unknown-linux-gnu/lib/rustlib/x86_64-unknown-linux-gnu/lib/liballoc-716ec913507cca23.rlib" "/rustup-home/toolchains/beta-x86_64-unknown-linux-gnu/lib/rustlib/x86_64-unknown-linux-gnu/lib/liballoc_jemalloc-73671a945a075b27.rlib" "/rustup-home/toolchains/beta-x86_64-unknown-linux-gnu/lib/rustlib/x86_64-unknown-linux-gnu/lib/liblibc-40657eb22c503f7a.rlib" "/rustup-home/toolchains/beta-x86_64-unknown-linux-gnu/lib/rustlib/x86_64-unknown-linux-gnu/lib/libstd_unicode-86ff76aef4ef75d0.rlib" "/rustup-home/toolchains/beta-x86_64-unknown-linux-gnu/lib/rustlib/x86_64-unknown-linux-gnu/lib/libcore-3f5cb0b311b4f9c5.rlib" "/rustup-home/toolchains/beta-x86_64-unknown-linux-gnu/lib/rustlib/x86_64-unknown-linux-gnu/lib/libcompiler_builtins-a27e0b02588f3694.rlib" "-l" "nss3" "-l" "ssl3" "-l" "nspr4" "-l" "util" "-l" "dl" "-l" "rt" "-l" "pthread" "-l" "gcc_s" "-l" "pthread" "-l" "c" "-l" "m" "-l" "rt" "-l" "util"
kablam!   = note: /usr/bin/ld: cannot find -lnss3
kablam!           /usr/bin/ld: cannot find -lssl3
kablam!           /usr/bin/ld: cannot find -lnspr4
kablam!           collect2: error: ld returned 1 exit status
kablam!           
kablam! 
kablam! error: aborting due to previous error
kablam! 
kablam! error: Could not compile `nss`.
kablam! 
kablam! To learn more, run the command again with --verbose.
boom! running `docker rm -f e91d27bd668e5a41f7a95520bd588a0ddb61fd6fd0a42279881e9c9f8ea16816`
blam! e91d27bd668e5a41f7a95520bd588a0ddb61fd6fd0a42279881e9c9f8ea16816
