boom! testing error_defs-0.1.0 against nightly for nightly
boom! running: cargo +nightly build --frozen
boom! creating container for: cargo +nightly build --frozen
boom! running `docker create -v /home/ec2-user/cargobomb/./work/local/test-source/nightly/nightly:/source:ro -v /home/ec2-user/cargobomb/./work/local/cargo-home:/cargo-home:ro -v /home/ec2-user/cargobomb/./work/local/rustup-home:/rustup-home:ro -v /home/ec2-user/cargobomb/./work/local/target-dirs/nightly/nightly:/target:rw -e USER_ID=500 -e CMD=cargo +nightly build --frozen cargobomb`
blam! b44041b8ea33de180a249443a174ce4746bd727b2ae150789e716be3159a882d
boom! running `docker start -a b44041b8ea33de180a249443a174ce4746bd727b2ae150789e716be3159a882d`
kablam!    Compiling error_defs v0.1.0 (file:///source)
kablam!     Finished dev [unoptimized + debuginfo] target(s) in 0.51 secs
boom! running `docker rm -f b44041b8ea33de180a249443a174ce4746bd727b2ae150789e716be3159a882d`
blam! b44041b8ea33de180a249443a174ce4746bd727b2ae150789e716be3159a882d
boom! running: cargo +nightly test --frozen --no-run
boom! creating container for: cargo +nightly test --frozen --no-run
boom! running `docker create -v /home/ec2-user/cargobomb/./work/local/test-source/nightly/nightly:/source:ro -v /home/ec2-user/cargobomb/./work/local/cargo-home:/cargo-home:ro -v /home/ec2-user/cargobomb/./work/local/rustup-home:/rustup-home:ro -v /home/ec2-user/cargobomb/./work/local/target-dirs/nightly/nightly:/target:rw -e USER_ID=500 -e CMD=cargo +nightly test --frozen --no-run cargobomb`
blam! de2c77717e3fe43556249f86dcf45d33b3b33c3521af7e07bfdf454482f8ca16
boom! running `docker start -a de2c77717e3fe43556249f86dcf45d33b3b33c3521af7e07bfdf454482f8ca16`
kablam!    Compiling error_defs v0.1.0 (file:///source)
kablam! error[E0282]: type annotations needed
kablam!   --> examples/example.rs:7:1
kablam!    |
kablam! 7  | error_defs! {
kablam!    | ^ cannot infer type for `T`
kablam!    |
kablam!    = note: this error originates in a macro outside of the current crate
kablam! 
kablam! error: aborting due to previous error
kablam! 
kablam! error: Could not compile `error_defs`.
blam! Build failed, waiting for other jobs to finish...
kablam! error: build failed
boom! running `docker rm -f de2c77717e3fe43556249f86dcf45d33b3b33c3521af7e07bfdf454482f8ca16`
blam! de2c77717e3fe43556249f86dcf45d33b3b33c3521af7e07bfdf454482f8ca16
boom! running: cargo +nightly test --frozen
boom! creating container for: cargo +nightly test --frozen
boom! running `docker create -v /home/ec2-user/cargobomb/./work/local/test-source/nightly/nightly:/source:ro -v /home/ec2-user/cargobomb/./work/local/cargo-home:/cargo-home:ro -v /home/ec2-user/cargobomb/./work/local/rustup-home:/rustup-home:ro -v /home/ec2-user/cargobomb/./work/local/target-dirs/nightly/nightly:/target:rw -e USER_ID=500 -e CMD=cargo +nightly test --frozen cargobomb`
blam! ea99fc03c6dd5a758c65da68ea5dea4e9a7812f9ea7ac448caf046ccb8fa915b
boom! running `docker start -a ea99fc03c6dd5a758c65da68ea5dea4e9a7812f9ea7ac448caf046ccb8fa915b`
kablam!    Compiling error_defs v0.1.0 (file:///source)
kablam! error[E0282]: type annotations needed
kablam!   --> examples/example.rs:7:1
kablam!    |
kablam! 7  | error_defs! {
kablam!    | ^ cannot infer type for `T`
kablam!    |
kablam!    = note: this error originates in a macro outside of the current crate
kablam! 
kablam! error: aborting due to previous error
kablam! 
kablam! error: Could not compile `error_defs`.
kablam! 
kablam! To learn more, run the command again with --verbose.
boom! running `docker rm -f ea99fc03c6dd5a758c65da68ea5dea4e9a7812f9ea7ac448caf046ccb8fa915b`
blam! ea99fc03c6dd5a758c65da68ea5dea4e9a7812f9ea7ac448caf046ccb8fa915b
