boom! testing atomicwrites-0.1.3 against nightly for nightly
boom! running: cargo +nightly build --frozen
boom! creating container for: cargo +nightly build --frozen
boom! running `docker create -v /home/ec2-user/cargobomb/./work/local/test-source/nightly/nightly:/source:ro -v /home/ec2-user/cargobomb/./work/local/cargo-home:/cargo-home:ro -v /home/ec2-user/cargobomb/./work/local/rustup-home:/rustup-home:ro -v /home/ec2-user/cargobomb/./work/local/target-dirs/nightly/nightly:/target:rw -e USER_ID=500 -e CMD=cargo +nightly build --frozen cargobomb`
blam! 1caa151e3878c97abf18ae813f16f71aecc1ae4522396a5022a2f30ebc2c7a03
boom! running `docker start -a 1caa151e3878c97abf18ae813f16f71aecc1ae4522396a5022a2f30ebc2c7a03`
kablam!    Compiling nix v0.7.0
kablam!    Compiling atomicwrites v0.1.3 (file:///source)
kablam!     Finished dev [unoptimized + debuginfo] target(s) in 6.88 secs
boom! running `docker rm -f 1caa151e3878c97abf18ae813f16f71aecc1ae4522396a5022a2f30ebc2c7a03`
blam! 1caa151e3878c97abf18ae813f16f71aecc1ae4522396a5022a2f30ebc2c7a03
boom! running: cargo +nightly test --frozen --no-run
boom! creating container for: cargo +nightly test --frozen --no-run
boom! running `docker create -v /home/ec2-user/cargobomb/./work/local/test-source/nightly/nightly:/source:ro -v /home/ec2-user/cargobomb/./work/local/cargo-home:/cargo-home:ro -v /home/ec2-user/cargobomb/./work/local/rustup-home:/rustup-home:ro -v /home/ec2-user/cargobomb/./work/local/target-dirs/nightly/nightly:/target:rw -e USER_ID=500 -e CMD=cargo +nightly test --frozen --no-run cargobomb`
blam! f6be96252c2ba24206efbc5d9e70a22a6fbdd7c9518b814945fd0907e827b371
boom! running `docker start -a f6be96252c2ba24206efbc5d9e70a22a6fbdd7c9518b814945fd0907e827b371`
kablam!    Compiling atomicwrites v0.1.3 (file:///source)
kablam!     Finished dev [unoptimized + debuginfo] target(s) in 1.28 secs
boom! running `docker rm -f f6be96252c2ba24206efbc5d9e70a22a6fbdd7c9518b814945fd0907e827b371`
blam! f6be96252c2ba24206efbc5d9e70a22a6fbdd7c9518b814945fd0907e827b371
boom! running: cargo +nightly test --frozen
boom! creating container for: cargo +nightly test --frozen
boom! running `docker create -v /home/ec2-user/cargobomb/./work/local/test-source/nightly/nightly:/source:ro -v /home/ec2-user/cargobomb/./work/local/cargo-home:/cargo-home:ro -v /home/ec2-user/cargobomb/./work/local/rustup-home:/rustup-home:ro -v /home/ec2-user/cargobomb/./work/local/target-dirs/nightly/nightly:/target:rw -e USER_ID=500 -e CMD=cargo +nightly test --frozen cargobomb`
blam! 9c05e91d70e6b77074e189f7394dcb0d34b60d81cc2e9b14c1e213666c697a77
boom! running `docker start -a 9c05e91d70e6b77074e189f7394dcb0d34b60d81cc2e9b14c1e213666c697a77`
kablam!     Finished dev [unoptimized + debuginfo] target(s) in 0.0 secs
kablam!      Running /target/debug/deps/atomicwrites-9ed09e4dbdd2fc5b
blam! 
blam! running 0 tests
blam! 
blam! test result: ok. 0 passed; 0 failed; 0 ignored; 0 measured
blam! 
kablam!      Running /target/debug/deps/lib-f912bf7cdadebef1
blam! 
blam! running 4 tests
blam! test test_simple_allow_override ... FAILED
blam! test test_simple_disallow_override ... FAILED
blam! test test_unicode ... FAILED
blam! test test_allowed_pathtypes ... ok
blam! 
blam! failures:
blam! 
blam! ---- test_simple_allow_override stdout ----
blam! 	thread 'test_simple_allow_override' panicked at 'called `Result::unwrap()` on an `Err` value: Error { repr: Os { code: 30, message: "Read-only file system" } }', /checkout/src/libcore/result.rs:860
blam! note: Run with `RUST_BACKTRACE=1` for a backtrace.
blam! 
blam! ---- test_simple_disallow_override stdout ----
blam! 	thread 'test_simple_disallow_override' panicked at 'called `Result::unwrap()` on an `Err` value: Error { repr: Os { code: 30, message: "Read-only file system" } }', /checkout/src/libcore/result.rs:860
blam! 
blam! ---- test_unicode stdout ----
blam! 	thread 'test_unicode' panicked at 'called `Result::unwrap()` on an `Err` value: Error { repr: Os { code: 30, message: "Read-only file system" } }', /checkout/src/libcore/result.rs:860
blam! 
blam! 
blam! failures:
blam!     test_simple_allow_override
blam!     test_simple_disallow_override
blam!     test_unicode
blam! 
blam! test result: FAILED. 1 passed; 3 failed; 0 ignored; 0 measured
blam! 
kablam! error: test failed
boom! running `docker rm -f 9c05e91d70e6b77074e189f7394dcb0d34b60d81cc2e9b14c1e213666c697a77`
blam! 9c05e91d70e6b77074e189f7394dcb0d34b60d81cc2e9b14c1e213666c697a77
