boom! testing deckofcards-0.3.4 against stable for beta
boom! running: cargo +stable build --frozen
boom! creating container for: cargo +stable build --frozen
boom! running `docker create -v /home/ec2-user/cargobomb/./work/local/test-source/beta/stable:/source:ro -v /home/ec2-user/cargobomb/./work/local/cargo-home:/cargo-home:ro -v /home/ec2-user/cargobomb/./work/local/rustup-home:/rustup-home:ro -v /home/ec2-user/cargobomb/./work/local/target-dirs/beta/stable:/target:rw -e USER_ID=500 -e CMD=cargo +stable build --frozen cargobomb`
blam! 4bb44fd8b6ff8f56bb002148c6070a5046166445e5f1283a33ec462387e2670f
boom! running `docker start -a 4bb44fd8b6ff8f56bb002148c6070a5046166445e5f1283a33ec462387e2670f`
kablam!    Compiling deckofcards v0.3.4 (file:///source)
kablam!     Finished debug [unoptimized + debuginfo] target(s) in 1.24 secs
boom! running `docker rm -f 4bb44fd8b6ff8f56bb002148c6070a5046166445e5f1283a33ec462387e2670f`
blam! 4bb44fd8b6ff8f56bb002148c6070a5046166445e5f1283a33ec462387e2670f
boom! running: cargo +stable test --frozen --no-run
boom! creating container for: cargo +stable test --frozen --no-run
boom! running `docker create -v /home/ec2-user/cargobomb/./work/local/test-source/beta/stable:/source:ro -v /home/ec2-user/cargobomb/./work/local/cargo-home:/cargo-home:ro -v /home/ec2-user/cargobomb/./work/local/rustup-home:/rustup-home:ro -v /home/ec2-user/cargobomb/./work/local/target-dirs/beta/stable:/target:rw -e USER_ID=500 -e CMD=cargo +stable test --frozen --no-run cargobomb`
blam! 5a865638f1116a0404a23fe4f1bdea189a17d7c805f3c063de64b4560a89331b
boom! running `docker start -a 5a865638f1116a0404a23fe4f1bdea189a17d7c805f3c063de64b4560a89331b`
kablam!    Compiling deckofcards v0.3.4 (file:///source)
kablam!     Finished debug [unoptimized + debuginfo] target(s) in 3.66 secs
boom! running `docker rm -f 5a865638f1116a0404a23fe4f1bdea189a17d7c805f3c063de64b4560a89331b`
blam! 5a865638f1116a0404a23fe4f1bdea189a17d7c805f3c063de64b4560a89331b
boom! running: cargo +stable test --frozen
boom! creating container for: cargo +stable test --frozen
boom! running `docker create -v /home/ec2-user/cargobomb/./work/local/test-source/beta/stable:/source:ro -v /home/ec2-user/cargobomb/./work/local/cargo-home:/cargo-home:ro -v /home/ec2-user/cargobomb/./work/local/rustup-home:/rustup-home:ro -v /home/ec2-user/cargobomb/./work/local/target-dirs/beta/stable:/target:rw -e USER_ID=500 -e CMD=cargo +stable test --frozen cargobomb`
blam! f4466d83eb13455d3111c6872090d85b3a68afb773a87f5304a3363823f90122
boom! running `docker start -a f4466d83eb13455d3111c6872090d85b3a68afb773a87f5304a3363823f90122`
kablam!     Finished debug [unoptimized + debuginfo] target(s) in 0.0 secs
kablam!      Running /target/debug/deps/deckofcards-af8bce9e76916f53
blam! 
blam! running 25 tests
blam! test tests::card_all_cards ... ok
blam! test tests::card_equality ... ok
blam! test tests::card_from_str ... ok
blam! test tests::card_to_str ... ok
blam! test tests::deck_dealt_cards ... ok
blam! test tests::deck_count ... ok
blam! test tests::deck_reset ... ok
blam! test tests::deck_shuffle_new_order ... ok
blam! test tests::deck_clone ... ok
blam! test tests::hand_cards_of_rank ... ok
blam! test tests::hand_cards_of_suit ... ok
blam! test tests::deck_shuffle_same_cards ... ok
kablam!    Doc-tests deckofcards
blam! test tests::hand_combine_hands ... ok
blam! test tests::hand_sort ... ok
blam! test tests::deck_unique ... ok
blam! test tests::rank_char ... ok
blam! test tests::rank_cmp ... ok
blam! test tests::rank_iter ... ok
blam! test tests::rank_sort ... ok
blam! test tests::rank_to_str ... ok
blam! test tests::suit_char ... ok
blam! test tests::suit_iter ... ok
blam! test tests::suit_sort ... ok
blam! test tests::suit_to_str ... ok
blam! test tests::hand_sort_shuffle_deck ... ok
blam! 
blam! test result: ok. 25 passed; 0 failed; 0 ignored; 0 measured
blam! 
blam! 
blam! running 4 tests
blam! test card::Card_0 ... FAILED
blam! test combine_hands_0 ... FAILED
blam! test card_0 ... FAILED
blam! test hand_0 ... FAILED
blam! 
blam! failures:
blam! 
blam! ---- card::Card_0 stdout ----
blam! 	error[E0433]: failed to resolve. Use of undeclared type or module `Card`
blam!  --> <anon>:2:12
blam!   |
blam! 2 | let card = Card::new(Rank::Jack, Suit::Hearts);
blam!   |            ^^^^^^^^^ Use of undeclared type or module `Card`
blam! 
blam! error[E0433]: failed to resolve. Use of undeclared type or module `Rank`
blam!  --> <anon>:2:22
blam!   |
blam! 2 | let card = Card::new(Rank::Jack, Suit::Hearts);
blam!   |                      ^^^^^^^^^^ Use of undeclared type or module `Rank`
blam! 
blam! error[E0433]: failed to resolve. Use of undeclared type or module `Suit`
blam!  --> <anon>:2:34
blam!   |
blam! 2 | let card = Card::new(Rank::Jack, Suit::Hearts);
blam!   |                                  ^^^^^^^^^^^^ Use of undeclared type or module `Suit`
blam! 
blam! error: aborting due to previous error(s)
blam! 
blam! thread 'card::Card_0' panicked at 'Box<Any>', /buildslave/rust-buildbot/slave/stable-dist-rustc-linux/build/src/librustc/session/mod.rs:201
blam! note: Run with `RUST_BACKTRACE=1` for a backtrace.
blam! 
blam! ---- combine_hands_0 stdout ----
blam! 	error: macro undefined: 'combine_hands!'
blam!  --> <anon>:2:21
blam!   |
blam! 2 | let hand_combined = combine_hands!(hand1, hand2);
blam!   |                     ^^^^^^^^^^^^^
blam! 
blam! error: aborting due to previous error
blam! 
blam! thread 'combine_hands_0' panicked at 'Box<Any>', /buildslave/rust-buildbot/slave/stable-dist-rustc-linux/build/src/librustc_errors/lib.rs:460
blam! thread 'combine_hands_0' panicked at 'couldn't compile the test', /buildslave/rust-buildbot/slave/stable-dist-rustc-linux/build/src/librustdoc/test.rs:261
blam! 
blam! ---- card_0 stdout ----
blam! 	error: macro undefined: 'card!'
blam!  --> <anon>:2:12
blam!   |
blam! 2 | let card = card!("AS");
blam!   |            ^^^^
blam! 
blam! error: aborting due to previous error
blam! 
blam! thread 'card_0' panicked at 'Box<Any>', /buildslave/rust-buildbot/slave/stable-dist-rustc-linux/build/src/librustc_errors/lib.rs:460
blam! thread 'card_0' panicked at 'couldn't compile the test', /buildslave/rust-buildbot/slave/stable-dist-rustc-linux/build/src/librustdoc/test.rs:261
blam! 
blam! ---- hand_0 stdout ----
blam! 	error: macro undefined: 'hand!'
blam!  --> <anon>:2:12
blam!   |
blam! 2 | let hand = hand!("QH", "2D");
blam!   |            ^^^^
blam! 
blam! error: aborting due to previous error
blam! 
blam! thread 'hand_0' panicked at 'Box<Any>', /buildslave/rust-buildbot/slave/stable-dist-rustc-linux/build/src/librustc_errors/lib.rs:460
blam! thread 'hand_0' panicked at 'couldn't compile the test', /buildslave/rust-buildbot/slave/stable-dist-rustc-linux/build/src/librustdoc/test.rs:261
blam! 
blam! 
blam! failures:
blam!     card::Card_0
blam!     card_0
blam!     combine_hands_0
blam!     hand_0
blam! 
blam! test result: FAILED. 0 passed; 4 failed; 0 ignored; 0 measured
blam! 
kablam! error: test failed
boom! running `docker rm -f f4466d83eb13455d3111c6872090d85b3a68afb773a87f5304a3363823f90122`
blam! f4466d83eb13455d3111c6872090d85b3a68afb773a87f5304a3363823f90122
