boom! testing parking_lot-0.3.7 against stable for nightly
boom! running: cargo +stable build --frozen
boom! creating container for: cargo +stable build --frozen
boom! running `docker create -v /home/ec2-user/cargobomb/./work/local/test-source/nightly/stable:/source:ro -v /home/ec2-user/cargobomb/./work/local/cargo-home:/cargo-home:ro -v /home/ec2-user/cargobomb/./work/local/rustup-home:/rustup-home:ro -v /home/ec2-user/cargobomb/./work/local/target-dirs/nightly/stable:/target:rw -e USER_ID=500 -e CMD=cargo +stable build --frozen cargobomb`
blam! 635056b7a2dcc373af252a2a2bff747135f740db8a6c3c45b07593519de9567f
boom! running `docker start -a 635056b7a2dcc373af252a2a2bff747135f740db8a6c3c45b07593519de9567f`
kablam!    Compiling parking_lot v0.3.7 (file:///source)
kablam!     Finished debug [unoptimized + debuginfo] target(s) in 0.98 secs
boom! running `docker rm -f 635056b7a2dcc373af252a2a2bff747135f740db8a6c3c45b07593519de9567f`
blam! 635056b7a2dcc373af252a2a2bff747135f740db8a6c3c45b07593519de9567f
boom! running: cargo +stable test --frozen --no-run
boom! creating container for: cargo +stable test --frozen --no-run
boom! running `docker create -v /home/ec2-user/cargobomb/./work/local/test-source/nightly/stable:/source:ro -v /home/ec2-user/cargobomb/./work/local/cargo-home:/cargo-home:ro -v /home/ec2-user/cargobomb/./work/local/rustup-home:/rustup-home:ro -v /home/ec2-user/cargobomb/./work/local/target-dirs/nightly/stable:/target:rw -e USER_ID=500 -e CMD=cargo +stable test --frozen --no-run cargobomb`
blam! 84d31c298d48eb0b8ad3ee5f9d9be14f6223ffb4e2b4b834cc2dc056de95ed2c
boom! running `docker start -a 84d31c298d48eb0b8ad3ee5f9d9be14f6223ffb4e2b4b834cc2dc056de95ed2c`
kablam!    Compiling parking_lot v0.3.7 (file:///source)
kablam!     Finished debug [unoptimized + debuginfo] target(s) in 3.83 secs
boom! running `docker rm -f 84d31c298d48eb0b8ad3ee5f9d9be14f6223ffb4e2b4b834cc2dc056de95ed2c`
blam! 84d31c298d48eb0b8ad3ee5f9d9be14f6223ffb4e2b4b834cc2dc056de95ed2c
boom! running: cargo +stable test --frozen
boom! creating container for: cargo +stable test --frozen
boom! running `docker create -v /home/ec2-user/cargobomb/./work/local/test-source/nightly/stable:/source:ro -v /home/ec2-user/cargobomb/./work/local/cargo-home:/cargo-home:ro -v /home/ec2-user/cargobomb/./work/local/rustup-home:/rustup-home:ro -v /home/ec2-user/cargobomb/./work/local/target-dirs/nightly/stable:/target:rw -e USER_ID=500 -e CMD=cargo +stable test --frozen cargobomb`
blam! f64fed607be49c4532605001ae13df5e5255c07109290b4802221ee3d18de805
boom! running `docker start -a f64fed607be49c4532605001ae13df5e5255c07109290b4802221ee3d18de805`
kablam!     Finished debug [unoptimized + debuginfo] target(s) in 0.0 secs
kablam!      Running /target/debug/deps/parking_lot-749ecda71a80bf64
blam! 
blam! running 38 tests
blam! test condvar::tests::smoke ... ok
blam! test condvar::tests::notify_one ... ok
blam! test condvar::tests::two_mutexes ... ok
blam! test condvar::tests::two_mutexes_disjoint ... ok
blam! test condvar::tests::wait_for ... ok
blam! test condvar::tests::wait_until ... ok
blam! test condvar::tests::notify_all ... ok
blam! test mutex::tests::test_get_mut ... ok
blam! test mutex::tests::test_into_inner ... ok
blam! test mutex::tests::smoke ... ok
blam! test mutex::tests::test_into_inner_drop ... ok
blam! test mutex::tests::test_mutex_arc_nested ... ok
kablam! thread '<unnamed>' panicked at 'explicit panic', src/mutex.rs:486
blam! test mutex::tests::test_mutex_unsized ... ok
blam! test mutex::tests::test_mutex_arc_access_in_unwind ... ok
blam! test mutex::tests::test_mutexguard_send ... ok
blam! test mutex::tests::try_lock ... ok
blam! test once::tests::smoke_once ... ok
blam! test mutex::tests::lots_and_lots ... ok
blam! test remutex::tests::smoke ... ok
blam! test remutex::tests::trylock_works ... ok
blam! test mutex::tests::test_mutex_arc_condvar ... ok
blam! test once::tests::stampede_once ... ok
blam! test rwlock::tests::smoke ... ok
blam! test rwlock::tests::test_into_inner ... ok
blam! test rwlock::tests::test_get_mut ... ok
blam! test remutex::tests::is_mutex ... ok
blam! test rwlock::tests::test_into_inner_drop ... ok
kablam! thread 'thread '<unnamed>' panicked at 'explicit panic', src/rwlock.rs:621
kablam! <unnamed>' panicked at 'explicit panic', src/rwlock.rs:693
blam! test rwlock::tests::test_rw_arc_no_poison_rr ... ok
kablam! thread '<unnamed>' panicked at 'explicit panic', src/rwlock.rs:633
blam! test rwlock::tests::test_rw_arc_no_poison_rw ... ok
kablam! thread '<unnamed>' panicked at 'explicit panic', src/rwlock.rs:595
blam! test rwlock::tests::test_rw_arc_no_poison_wr ... ok
blam! test rwlock::tests::test_rw_arc_access_in_unwind ... ok
blam! test rwlock::tests::test_rw_arc ... ok
kablam! thread '<unnamed>' panicked at 'explicit panic', src/rwlock.rs:608
blam! test rwlock::tests::frob ... ok
blam! test rwlock::tests::test_rwlock_try_write ... ok
blam! test rwlock::tests::test_rwlock_downgrade ... ok
blam! test rwlock::tests::test_rw_arc_no_poison_ww ... ok
blam! test rwlock::tests::test_rwlock_unsized ... ok
blam! test rwlock::tests::test_rwlockguard_send ... ok
blam! 
blam! test result: ok. 38 passed; 0 failed; 0 ignored; 0 measured
blam! 
kablam!    Doc-tests parking_lot
blam! 
blam! running 6 tests
blam! test once::Once_0 ... ok
blam! test once::Once::call_once_0 ... ok
blam! test condvar::Condvar_0 ... ok
blam! test rwlock::RwLock<T>::new_0 ... ok
blam! test rwlock::RwLock_0 ... ok
blam! test mutex::Mutex_0 ... ok
blam! 
blam! test result: ok. 6 passed; 0 failed; 0 ignored; 0 measured
blam! 
boom! running `docker rm -f f64fed607be49c4532605001ae13df5e5255c07109290b4802221ee3d18de805`
blam! f64fed607be49c4532605001ae13df5e5255c07109290b4802221ee3d18de805
