boom! testing octavo-0.1.1 against beta for beta
boom! running: cargo +beta build --frozen
boom! creating container for: cargo +beta build --frozen
boom! running `docker create -v /home/ec2-user/cargobomb/./work/local/test-source/beta/beta:/source:ro -v /home/ec2-user/cargobomb/./work/local/cargo-home:/cargo-home:ro -v /home/ec2-user/cargobomb/./work/local/rustup-home:/rustup-home:ro -v /home/ec2-user/cargobomb/./work/local/target-dirs/beta/beta:/target:rw -e USER_ID=500 -e CMD=cargo +beta build --frozen cargobomb`
blam! 7565d4b33f559b01a457be92e545aa6f2b33c5dfd7d1aa7d00ed3c97b1d9ad5a
boom! running `docker start -a 7565d4b33f559b01a457be92e545aa6f2b33c5dfd7d1aa7d00ed3c97b1d9ad5a`
kablam!    Compiling byteorder v0.4.2
kablam!    Compiling static-buffer v0.1.0
kablam!    Compiling octavo-digest v0.1.2
kablam!    Compiling octavo-crypto v0.1.1
kablam!    Compiling octavo-kdf v0.1.1
kablam!    Compiling octavo-mac v0.1.1
kablam!    Compiling octavo v0.1.1 (file:///source)
kablam!     Finished dev [unoptimized + debuginfo] target(s) in 7.79 secs
boom! running `docker rm -f 7565d4b33f559b01a457be92e545aa6f2b33c5dfd7d1aa7d00ed3c97b1d9ad5a`
blam! 7565d4b33f559b01a457be92e545aa6f2b33c5dfd7d1aa7d00ed3c97b1d9ad5a
boom! running: cargo +beta test --frozen --no-run
boom! creating container for: cargo +beta test --frozen --no-run
boom! running `docker create -v /home/ec2-user/cargobomb/./work/local/test-source/beta/beta:/source:ro -v /home/ec2-user/cargobomb/./work/local/cargo-home:/cargo-home:ro -v /home/ec2-user/cargobomb/./work/local/rustup-home:/rustup-home:ro -v /home/ec2-user/cargobomb/./work/local/target-dirs/beta/beta:/target:rw -e USER_ID=500 -e CMD=cargo +beta test --frozen --no-run cargobomb`
blam! 97760a41f9ea4312547b22725b7d580a16ff70c59c5ea03c71bcb52e88e89039
boom! running `docker start -a 97760a41f9ea4312547b22725b7d580a16ff70c59c5ea03c71bcb52e88e89039`
kablam!    Compiling openssl-sys-extras v0.7.14
kablam!    Compiling openssl v0.7.14
kablam! error: failed to run custom build command for `openssl v0.7.14`
kablam! process didn't exit successfully: `/target/debug/build/openssl-f2d87cfdc2e2aa2f/build-script-build` (exit code: 101)
kablam! --- stdout
kablam! TARGET = Some("x86_64-unknown-linux-gnu")
kablam! OPT_LEVEL = Some("0")
kablam! TARGET = Some("x86_64-unknown-linux-gnu")
kablam! HOST = Some("x86_64-unknown-linux-gnu")
kablam! TARGET = Some("x86_64-unknown-linux-gnu")
kablam! TARGET = Some("x86_64-unknown-linux-gnu")
kablam! HOST = Some("x86_64-unknown-linux-gnu")
kablam! CC_x86_64-unknown-linux-gnu = None
kablam! CC_x86_64_unknown_linux_gnu = None
kablam! HOST_CC = None
kablam! CC = None
kablam! HOST = Some("x86_64-unknown-linux-gnu")
kablam! TARGET = Some("x86_64-unknown-linux-gnu")
kablam! HOST = Some("x86_64-unknown-linux-gnu")
kablam! CFLAGS_x86_64-unknown-linux-gnu = None
kablam! CFLAGS_x86_64_unknown_linux_gnu = None
kablam! HOST_CFLAGS = None
kablam! CFLAGS = None
kablam! PROFILE = Some("debug")
kablam! running: "cc" "-O0" "-ffunction-sections" "-fdata-sections" "-fPIC" "-g" "-m64" "-o" "/target/debug/build/openssl-1d3ea894fa03cc5a/out/src/c_helpers.o" "-c" "src/c_helpers.c"
kablam! cargo:warning=src/c_helpers.c:1:25: fatal error: openssl/ssl.h: No such file or directory
kablam! cargo:warning=compilation terminated.
kablam! ExitStatus(ExitStatus(256))
kablam! 
kablam! 
kablam! command did not execute successfully, got: exit code: 1
kablam! 
kablam! 
kablam! 
kablam! --- stderr
kablam! thread 'main' panicked at 'explicit panic', /cargo-home/registry/src/github.com-1ecc6299db9ec823/gcc-0.3.43/src/lib.rs:1127
kablam! note: Run with `RUST_BACKTRACE=1` for a backtrace.
kablam! 
blam! Build failed, waiting for other jobs to finish...
kablam! error: build failed
boom! running `docker rm -f 97760a41f9ea4312547b22725b7d580a16ff70c59c5ea03c71bcb52e88e89039`
blam! 97760a41f9ea4312547b22725b7d580a16ff70c59c5ea03c71bcb52e88e89039
boom! running: cargo +beta test --frozen
boom! creating container for: cargo +beta test --frozen
boom! running `docker create -v /home/ec2-user/cargobomb/./work/local/test-source/beta/beta:/source:ro -v /home/ec2-user/cargobomb/./work/local/cargo-home:/cargo-home:ro -v /home/ec2-user/cargobomb/./work/local/rustup-home:/rustup-home:ro -v /home/ec2-user/cargobomb/./work/local/target-dirs/beta/beta:/target:rw -e USER_ID=500 -e CMD=cargo +beta test --frozen cargobomb`
blam! e4eeb9e24194b10cc2ecba95edd5d16a5c202df4115e3f7c124b96b175871f34
boom! running `docker start -a e4eeb9e24194b10cc2ecba95edd5d16a5c202df4115e3f7c124b96b175871f34`
kablam!    Compiling openssl-sys-extras v0.7.14
kablam!    Compiling openssl v0.7.14
kablam! error: failed to run custom build command for `openssl v0.7.14`
kablam! process didn't exit successfully: `/target/debug/build/openssl-f2d87cfdc2e2aa2f/build-script-build` (exit code: 101)
kablam! --- stdout
kablam! TARGET = Some("x86_64-unknown-linux-gnu")
kablam! OPT_LEVEL = Some("0")
kablam! TARGET = Some("x86_64-unknown-linux-gnu")
kablam! HOST = Some("x86_64-unknown-linux-gnu")
kablam! TARGET = Some("x86_64-unknown-linux-gnu")
kablam! TARGET = Some("x86_64-unknown-linux-gnu")
kablam! HOST = Some("x86_64-unknown-linux-gnu")
kablam! CC_x86_64-unknown-linux-gnu = None
kablam! CC_x86_64_unknown_linux_gnu = None
kablam! HOST_CC = None
kablam! CC = None
kablam! HOST = Some("x86_64-unknown-linux-gnu")
kablam! TARGET = Some("x86_64-unknown-linux-gnu")
kablam! HOST = Some("x86_64-unknown-linux-gnu")
kablam! CFLAGS_x86_64-unknown-linux-gnu = None
kablam! CFLAGS_x86_64_unknown_linux_gnu = None
kablam! HOST_CFLAGS = None
kablam! CFLAGS = None
kablam! PROFILE = Some("debug")
kablam! running: "cc" "-O0" "-ffunction-sections" "-fdata-sections" "-fPIC" "-g" "-m64" "-o" "/target/debug/build/openssl-1d3ea894fa03cc5a/out/src/c_helpers.o" "-c" "src/c_helpers.c"
kablam! cargo:warning=src/c_helpers.c:1:25: fatal error: openssl/ssl.h: No such file or directory
kablam! cargo:warning=compilation terminated.
kablam! ExitStatus(ExitStatus(256))
kablam! 
kablam! 
kablam! command did not execute successfully, got: exit code: 1
kablam! 
kablam! 
kablam! 
kablam! --- stderr
kablam! thread 'main' panicked at 'explicit panic', /cargo-home/registry/src/github.com-1ecc6299db9ec823/gcc-0.3.43/src/lib.rs:1127
kablam! note: Run with `RUST_BACKTRACE=1` for a backtrace.
kablam! 
blam! Build failed, waiting for other jobs to finish...
kablam! error: build failed
boom! running `docker rm -f e4eeb9e24194b10cc2ecba95edd5d16a5c202df4115e3f7c124b96b175871f34`
blam! e4eeb9e24194b10cc2ecba95edd5d16a5c202df4115e3f7c124b96b175871f34
