boom! testing climatempo-0.1.0 against stable for nightly
boom! running: cargo +stable build --frozen
boom! creating container for: cargo +stable build --frozen
boom! running `docker create -v /home/ec2-user/cargobomb/./work/local/test-source/nightly/stable:/source:ro -v /home/ec2-user/cargobomb/./work/local/cargo-home:/cargo-home:ro -v /home/ec2-user/cargobomb/./work/local/rustup-home:/rustup-home:ro -v /home/ec2-user/cargobomb/./work/local/target-dirs/nightly/stable:/target:rw -e USER_ID=500 -e CMD=cargo +stable build --frozen cargobomb`
blam! 41cda43913d9406a7ad36297123f493b82da42d2af75657499ecd6496be5441d
boom! running `docker start -a 41cda43913d9406a7ad36297123f493b82da42d2af75657499ecd6496be5441d`
kablam!    Compiling climatempo v0.1.0 (file:///source)
kablam! warning: unused result which must be used, #[warn(unused_must_use)] on by default
kablam!   --> src/lib.rs:70:9
kablam!    |
kablam! 70 |         res.read_to_string(&mut html_string);
kablam!    |         ^^^^^^^^^^^^^^^^^^^^^^^^^^^^^^^^^^^^^
kablam! 
kablam!     Finished dev [unoptimized + debuginfo] target(s) in 1.75 secs
boom! running `docker rm -f 41cda43913d9406a7ad36297123f493b82da42d2af75657499ecd6496be5441d`
blam! 41cda43913d9406a7ad36297123f493b82da42d2af75657499ecd6496be5441d
boom! running: cargo +stable test --frozen --no-run
boom! creating container for: cargo +stable test --frozen --no-run
boom! running `docker create -v /home/ec2-user/cargobomb/./work/local/test-source/nightly/stable:/source:ro -v /home/ec2-user/cargobomb/./work/local/cargo-home:/cargo-home:ro -v /home/ec2-user/cargobomb/./work/local/rustup-home:/rustup-home:ro -v /home/ec2-user/cargobomb/./work/local/target-dirs/nightly/stable:/target:rw -e USER_ID=500 -e CMD=cargo +stable test --frozen --no-run cargobomb`
blam! 9559c9b9fb1eed0cbe16a919f4d30779bcaffdbe2ac3866b5c418290480a773c
boom! running `docker start -a 9559c9b9fb1eed0cbe16a919f4d30779bcaffdbe2ac3866b5c418290480a773c`
kablam!    Compiling climatempo v0.1.0 (file:///source)
kablam! warning: unused result which must be used, #[warn(unused_must_use)] on by default
kablam!   --> src/lib.rs:70:9
kablam!    |
kablam! 70 |         res.read_to_string(&mut html_string);
kablam!    |         ^^^^^^^^^^^^^^^^^^^^^^^^^^^^^^^^^^^^^
kablam! 
kablam!     Finished dev [unoptimized + debuginfo] target(s) in 2.9 secs
boom! running `docker rm -f 9559c9b9fb1eed0cbe16a919f4d30779bcaffdbe2ac3866b5c418290480a773c`
blam! 9559c9b9fb1eed0cbe16a919f4d30779bcaffdbe2ac3866b5c418290480a773c
boom! running: cargo +stable test --frozen
boom! creating container for: cargo +stable test --frozen
boom! running `docker create -v /home/ec2-user/cargobomb/./work/local/test-source/nightly/stable:/source:ro -v /home/ec2-user/cargobomb/./work/local/cargo-home:/cargo-home:ro -v /home/ec2-user/cargobomb/./work/local/rustup-home:/rustup-home:ro -v /home/ec2-user/cargobomb/./work/local/target-dirs/nightly/stable:/target:rw -e USER_ID=500 -e CMD=cargo +stable test --frozen cargobomb`
blam! 3708657bddd0f90267ca266bde25a34b54bf4eb1bc785055fd21758d85f3b720
boom! running `docker start -a 3708657bddd0f90267ca266bde25a34b54bf4eb1bc785055fd21758d85f3b720`
kablam!     Finished dev [unoptimized + debuginfo] target(s) in 0.0 secs
kablam!      Running /target/debug/deps/climatempo-4da164a0eb266e65
blam! 
blam! running 0 tests
blam! 
blam! test result: ok. 0 passed; 0 failed; 0 ignored; 0 measured
blam! 
kablam!    Doc-tests climatempo
blam! 
blam! running 2 tests
blam! test scraper_1 ... FAILED
blam! test scraper_0 ... ok
blam! 
blam! failures:
blam! 
blam! ---- scraper_1 stdout ----
blam! 	error[E0277]: the trait bound `std::option::Option<i32>: std::fmt::Display` is not satisfied
blam!  --> <anon>:8:38
blam!   |
blam! 8 |   println!("Temperature: {} Celsius",city.temperature());
blam!   |                                      ^^^^^^^^^^^^^^^^^^ the trait `std::fmt::Display` is not implemented for `std::option::Option<i32>`
blam!   |
blam!   = note: `std::option::Option<i32>` cannot be formatted with the default formatter; try using `:?` instead if you are using a format string
blam!   = note: required by `std::fmt::Display::fmt`
blam! 
blam! error[E0277]: the trait bound `std::option::Option<i32>: std::fmt::Display` is not satisfied
blam!  --> <anon>:9:28
blam!   |
blam! 9 |   println!("Humidity: {}%",city.humidity());
blam!   |                            ^^^^^^^^^^^^^^^ the trait `std::fmt::Display` is not implemented for `std::option::Option<i32>`
blam!   |
blam!   = note: `std::option::Option<i32>` cannot be formatted with the default formatter; try using `:?` instead if you are using a format string
blam!   = note: required by `std::fmt::Display::fmt`
blam! 
blam! error[E0277]: the trait bound `std::option::Option<i32>: std::fmt::Display` is not satisfied
blam!   --> <anon>:10:31
blam!    |
blam! 10 |   println!("Pressure: {} hPa",city.pressure());
blam!    |                               ^^^^^^^^^^^^^^^ the trait `std::fmt::Display` is not implemented for `std::option::Option<i32>`
blam!    |
blam!    = note: `std::option::Option<i32>` cannot be formatted with the default formatter; try using `:?` instead if you are using a format string
blam!    = note: required by `std::fmt::Display::fmt`
blam! 
blam! error[E0277]: the trait bound `std::option::Option<i32>: std::fmt::Display` is not satisfied
blam!   --> <anon>:11:28
blam!    |
blam! 11 |   println!("Wind: {} km/h",city.wind());
blam!    |                            ^^^^^^^^^^^ the trait `std::fmt::Display` is not implemented for `std::option::Option<i32>`
blam!    |
blam!    = note: `std::option::Option<i32>` cannot be formatted with the default formatter; try using `:?` instead if you are using a format string
blam!    = note: required by `std::fmt::Display::fmt`
blam! 
blam! error: aborting due to previous error(s)
blam! 
blam! thread 'rustc' panicked at 'Box<Any>', /buildslave/rust-buildbot/slave/stable-dist-rustc-linux/build/src/librustc/session/mod.rs:203
blam! note: Run with `RUST_BACKTRACE=1` for a backtrace.
blam! 
blam! 
blam! failures:
blam!     scraper_1
blam! 
blam! test result: FAILED. 1 passed; 1 failed; 0 ignored; 0 measured
blam! 
kablam! error: test failed
boom! running `docker rm -f 3708657bddd0f90267ca266bde25a34b54bf4eb1bc785055fd21758d85f3b720`
blam! 3708657bddd0f90267ca266bde25a34b54bf4eb1bc785055fd21758d85f3b720
