boom! testing raster-0.2.0 against stable for nightly
boom! running: cargo +stable build --frozen
boom! creating container for: cargo +stable build --frozen
boom! running `docker create -v /home/ec2-user/cargobomb/./work/local/test-source/nightly/stable:/source:ro -v /home/ec2-user/cargobomb/./work/local/cargo-home:/cargo-home:ro -v /home/ec2-user/cargobomb/./work/local/rustup-home:/rustup-home:ro -v /home/ec2-user/cargobomb/./work/local/target-dirs/nightly/stable:/target:rw -e USER_ID=500 -e CMD=cargo +stable build --frozen cargobomb`
blam! 7ceaf85a2e10a7396a9a6568f8141a7d56c1f8083521c21c89183b6bfcadf032
boom! running `docker start -a 7ceaf85a2e10a7396a9a6568f8141a7d56c1f8083521c21c89183b6bfcadf032`
kablam!    Compiling image v0.10.4
kablam!    Compiling raster v0.2.0 (file:///source)
kablam!     Finished dev [unoptimized + debuginfo] target(s) in 13.85 secs
boom! running `docker rm -f 7ceaf85a2e10a7396a9a6568f8141a7d56c1f8083521c21c89183b6bfcadf032`
blam! 7ceaf85a2e10a7396a9a6568f8141a7d56c1f8083521c21c89183b6bfcadf032
boom! running: cargo +stable test --frozen --no-run
boom! creating container for: cargo +stable test --frozen --no-run
boom! running `docker create -v /home/ec2-user/cargobomb/./work/local/test-source/nightly/stable:/source:ro -v /home/ec2-user/cargobomb/./work/local/cargo-home:/cargo-home:ro -v /home/ec2-user/cargobomb/./work/local/rustup-home:/rustup-home:ro -v /home/ec2-user/cargobomb/./work/local/target-dirs/nightly/stable:/target:rw -e USER_ID=500 -e CMD=cargo +stable test --frozen --no-run cargobomb`
blam! 7408bdd1a3cc3c74ca970f88c055631234b2598e13504e6bb4650416ed2ab804
boom! running `docker start -a 7408bdd1a3cc3c74ca970f88c055631234b2598e13504e6bb4650416ed2ab804`
kablam!    Compiling raster v0.2.0 (file:///source)
kablam!     Finished dev [unoptimized + debuginfo] target(s) in 3.54 secs
boom! running `docker rm -f 7408bdd1a3cc3c74ca970f88c055631234b2598e13504e6bb4650416ed2ab804`
blam! 7408bdd1a3cc3c74ca970f88c055631234b2598e13504e6bb4650416ed2ab804
boom! running: cargo +stable test --frozen
boom! creating container for: cargo +stable test --frozen
boom! running `docker create -v /home/ec2-user/cargobomb/./work/local/test-source/nightly/stable:/source:ro -v /home/ec2-user/cargobomb/./work/local/cargo-home:/cargo-home:ro -v /home/ec2-user/cargobomb/./work/local/rustup-home:/rustup-home:ro -v /home/ec2-user/cargobomb/./work/local/target-dirs/nightly/stable:/target:rw -e USER_ID=500 -e CMD=cargo +stable test --frozen cargobomb`
blam! 9c68bff7071d2f036ee2d331dc949e4cbc4800a8701e1f3bcc6893789284f525
boom! running `docker start -a 9c68bff7071d2f036ee2d331dc949e4cbc4800a8701e1f3bcc6893789284f525`
blam! 
blam! running 0 tests
blam! 
blam! test result: ok. 0 passed; 0 failed; 0 ignored; 0 measured
blam! 
kablam!     Finished dev [unoptimized + debuginfo] target(s) in 0.0 secs
kablam!      Running /target/debug/deps/raster-3de07d4fd1b2a57f
kablam!    Doc-tests raster
blam! 
blam! running 41 tests
blam! test _0 ... ignored
blam! test _1 ... ignored
blam! test _2 ... ignored
blam! test _3 ... ignored
blam! test color::Color::rgb_0 ... ok
blam! test color::Color::hex_1 ... ok
blam! test color::Color::hex_0 ... ok
blam! test _4 ... FAILED
blam! test color::Color::to_hsv_0 ... ok
blam! test color::Color::rgba_0 ... ok
blam! test color::Color::to_rgb_0 ... ok
blam! test compare::equal_0 ... FAILED
blam! test editor::blend_0 ... FAILED
blam! test compare::similar_0 ... FAILED
blam! test editor::fill_0 ... FAILED
blam! test editor::crop_0 ... FAILED
blam! test editor::resize_0 ... FAILED
blam! test editor::resize_1 ... FAILED
blam! test editor::resize_3 ... FAILED
blam! test editor::resize_2 ... FAILED
blam! test editor::resize_4 ... FAILED
blam! test filter::blur_0 ... FAILED
blam! test filter::blur_1 ... FAILED
blam! test filter::brightness_0 ... FAILED
blam! test filter::emboss_0 ... FAILED
blam! test filter::convolve_0 ... FAILED
blam! test filter::gamma_0 ... FAILED
blam! test filter::grayscale_0 ... FAILED
blam! test filter::saturation_0 ... FAILED
blam! test filter::sharpen_0 ... FAILED
blam! test image::Image::blank_0 ... ok
blam! test image::Image::check_pixel_0 ... ok
blam! test image::Image::get_pixel_0 ... ok
blam! test image::Image::set_pixel_0 ... ok
blam! test open_0 ... FAILED
blam! test image::Image::histogram_0 ... FAILED
blam! test save_0 ... FAILED
blam! test transform::flip_1 ... FAILED
blam! test transform::flip_0 ... FAILED
blam! test transform::rotate_0 ... FAILED
blam! test transform::rotate_1 ... FAILED
blam! 
blam! failures:
blam! 
blam! ---- _4 stdout ----
blam! 	thread 'rustc' panicked at 'test executable failed:
blam! 
blam! thread 'main' panicked at 'called `Result::unwrap()` on an `Err` value: Io(Error { repr: Os { code: 2, message: "No such file or directory" } })', /buildslave/rust-buildbot/slave/stable-dist-rustc-linux/build/src/libcore/result.rs:868
blam! note: Run with `RUST_BACKTRACE=1` for a backtrace.
blam! ', /buildslave/rust-buildbot/slave/stable-dist-rustc-linux/build/src/librustdoc/test.rs:305
blam! note: Run with `RUST_BACKTRACE=1` for a backtrace.
blam! 
blam! ---- compare::equal_0 stdout ----
blam! 	thread 'rustc' panicked at 'test executable failed:
blam! 
blam! thread 'main' panicked at 'called `Result::unwrap()` on an `Err` value: Io(Error { repr: Os { code: 2, message: "No such file or directory" } })', /buildslave/rust-buildbot/slave/stable-dist-rustc-linux/build/src/libcore/result.rs:868
blam! note: Run with `RUST_BACKTRACE=1` for a backtrace.
blam! ', /buildslave/rust-buildbot/slave/stable-dist-rustc-linux/build/src/librustdoc/test.rs:305
blam! 
blam! ---- editor::blend_0 stdout ----
blam! 	thread 'rustc' panicked at 'test executable failed:
blam! 
blam! thread 'main' panicked at 'called `Result::unwrap()` on an `Err` value: Io(Error { repr: Os { code: 2, message: "No such file or directory" } })', /buildslave/rust-buildbot/slave/stable-dist-rustc-linux/build/src/libcore/result.rs:868
blam! note: Run with `RUST_BACKTRACE=1` for a backtrace.
blam! ', /buildslave/rust-buildbot/slave/stable-dist-rustc-linux/build/src/librustdoc/test.rs:305
blam! 
blam! ---- compare::similar_0 stdout ----
blam! 	thread 'rustc' panicked at 'test executable failed:
blam! 
blam! thread 'main' panicked at 'called `Result::unwrap()` on an `Err` value: Io(Error { repr: Os { code: 2, message: "No such file or directory" } })', /buildslave/rust-buildbot/slave/stable-dist-rustc-linux/build/src/libcore/result.rs:868
blam! note: Run with `RUST_BACKTRACE=1` for a backtrace.
blam! ', /buildslave/rust-buildbot/slave/stable-dist-rustc-linux/build/src/librustdoc/test.rs:305
blam! 
blam! ---- editor::fill_0 stdout ----
blam! 	thread 'rustc' panicked at 'test executable failed:
blam! 
blam! thread 'main' panicked at 'called `Result::unwrap()` on an `Err` value: Io(Error { repr: Os { code: 2, message: "No such file or directory" } })', /buildslave/rust-buildbot/slave/stable-dist-rustc-linux/build/src/libcore/result.rs:868
blam! note: Run with `RUST_BACKTRACE=1` for a backtrace.
blam! ', /buildslave/rust-buildbot/slave/stable-dist-rustc-linux/build/src/librustdoc/test.rs:305
blam! 
blam! ---- editor::crop_0 stdout ----
blam! 	thread 'rustc' panicked at 'test executable failed:
blam! 
blam! thread 'main' panicked at 'called `Result::unwrap()` on an `Err` value: Io(Error { repr: Os { code: 2, message: "No such file or directory" } })', /buildslave/rust-buildbot/slave/stable-dist-rustc-linux/build/src/libcore/result.rs:868
blam! note: Run with `RUST_BACKTRACE=1` for a backtrace.
blam! ', /buildslave/rust-buildbot/slave/stable-dist-rustc-linux/build/src/librustdoc/test.rs:305
blam! 
blam! ---- editor::resize_0 stdout ----
blam! 	thread 'rustc' panicked at 'test executable failed:
blam! 
blam! thread 'main' panicked at 'called `Result::unwrap()` on an `Err` value: Io(Error { repr: Os { code: 2, message: "No such file or directory" } })', /buildslave/rust-buildbot/slave/stable-dist-rustc-linux/build/src/libcore/result.rs:868
blam! note: Run with `RUST_BACKTRACE=1` for a backtrace.
blam! ', /buildslave/rust-buildbot/slave/stable-dist-rustc-linux/build/src/librustdoc/test.rs:305
blam! 
blam! ---- editor::resize_1 stdout ----
blam! 	warning: unused imports: `Color`, `Image`, #[warn(unused_imports)] on by default
blam!  --> <anon>:3:22
blam!   |
blam! 3 | use raster::{editor, Color, Image, ResizeMode};
blam!   |                      ^^^^^  ^^^^^
blam! 
blam! thread 'rustc' panicked at 'test executable failed:
blam! 
blam! thread 'main' panicked at 'called `Result::unwrap()` on an `Err` value: Io(Error { repr: Os { code: 2, message: "No such file or directory" } })', /buildslave/rust-buildbot/slave/stable-dist-rustc-linux/build/src/libcore/result.rs:868
blam! note: Run with `RUST_BACKTRACE=1` for a backtrace.
blam! ', /buildslave/rust-buildbot/slave/stable-dist-rustc-linux/build/src/librustdoc/test.rs:305
blam! 
blam! ---- editor::resize_3 stdout ----
blam! 	warning: unused imports: `Color`, `Image`, #[warn(unused_imports)] on by default
blam!  --> <anon>:3:22
blam!   |
blam! 3 | use raster::{editor, Color, Image, ResizeMode};
blam!   |                      ^^^^^  ^^^^^
blam! 
blam! thread 'rustc' panicked at 'test executable failed:
blam! 
blam! thread 'main' panicked at 'called `Result::unwrap()` on an `Err` value: Io(Error { repr: Os { code: 2, message: "No such file or directory" } })', /buildslave/rust-buildbot/slave/stable-dist-rustc-linux/build/src/libcore/result.rs:868
blam! note: Run with `RUST_BACKTRACE=1` for a backtrace.
blam! ', /buildslave/rust-buildbot/slave/stable-dist-rustc-linux/build/src/librustdoc/test.rs:305
blam! 
blam! ---- editor::resize_2 stdout ----
blam! 	warning: unused imports: `Color`, `Image`, #[warn(unused_imports)] on by default
blam!  --> <anon>:3:22
blam!   |
blam! 3 | use raster::{editor, Color, Image, ResizeMode};
blam!   |                      ^^^^^  ^^^^^
blam! 
blam! thread 'rustc' panicked at 'test executable failed:
blam! 
blam! thread 'main' panicked at 'called `Result::unwrap()` on an `Err` value: Io(Error { repr: Os { code: 2, message: "No such file or directory" } })', /buildslave/rust-buildbot/slave/stable-dist-rustc-linux/build/src/libcore/result.rs:868
blam! note: Run with `RUST_BACKTRACE=1` for a backtrace.
blam! ', /buildslave/rust-buildbot/slave/stable-dist-rustc-linux/build/src/librustdoc/test.rs:305
blam! 
blam! ---- editor::resize_4 stdout ----
blam! 	warning: unused imports: `Color`, `Image`, #[warn(unused_imports)] on by default
blam!  --> <anon>:3:22
blam!   |
blam! 3 | use raster::{editor, Color, Image, ResizeMode};
blam!   |                      ^^^^^  ^^^^^
blam! 
blam! thread 'rustc' panicked at 'test executable failed:
blam! 
blam! thread 'main' panicked at 'called `Result::unwrap()` on an `Err` value: Io(Error { repr: Os { code: 2, message: "No such file or directory" } })', /buildslave/rust-buildbot/slave/stable-dist-rustc-linux/build/src/libcore/result.rs:868
blam! note: Run with `RUST_BACKTRACE=1` for a backtrace.
blam! ', /buildslave/rust-buildbot/slave/stable-dist-rustc-linux/build/src/librustdoc/test.rs:305
blam! 
blam! ---- filter::blur_0 stdout ----
blam! 	thread 'rustc' panicked at 'test executable failed:
blam! 
blam! thread 'main' panicked at 'called `Result::unwrap()` on an `Err` value: Io(Error { repr: Os { code: 2, message: "No such file or directory" } })', /buildslave/rust-buildbot/slave/stable-dist-rustc-linux/build/src/libcore/result.rs:868
blam! note: Run with `RUST_BACKTRACE=1` for a backtrace.
blam! ', /buildslave/rust-buildbot/slave/stable-dist-rustc-linux/build/src/librustdoc/test.rs:305
blam! 
blam! ---- filter::blur_1 stdout ----
blam! 	thread 'rustc' panicked at 'test executable failed:
blam! 
blam! thread 'main' panicked at 'called `Result::unwrap()` on an `Err` value: Io(Error { repr: Os { code: 2, message: "No such file or directory" } })', /buildslave/rust-buildbot/slave/stable-dist-rustc-linux/build/src/libcore/result.rs:868
blam! note: Run with `RUST_BACKTRACE=1` for a backtrace.
blam! ', /buildslave/rust-buildbot/slave/stable-dist-rustc-linux/build/src/librustdoc/test.rs:305
blam! 
blam! ---- filter::brightness_0 stdout ----
blam! 	thread 'rustc' panicked at 'test executable failed:
blam! 
blam! thread 'main' panicked at 'called `Result::unwrap()` on an `Err` value: Io(Error { repr: Os { code: 2, message: "No such file or directory" } })', /buildslave/rust-buildbot/slave/stable-dist-rustc-linux/build/src/libcore/result.rs:868
blam! note: Run with `RUST_BACKTRACE=1` for a backtrace.
blam! ', /buildslave/rust-buildbot/slave/stable-dist-rustc-linux/build/src/librustdoc/test.rs:305
blam! 
blam! ---- filter::emboss_0 stdout ----
blam! 	thread 'rustc' panicked at 'test executable failed:
blam! 
blam! thread 'main' panicked at 'called `Result::unwrap()` on an `Err` value: Io(Error { repr: Os { code: 2, message: "No such file or directory" } })', /buildslave/rust-buildbot/slave/stable-dist-rustc-linux/build/src/libcore/result.rs:868
blam! note: Run with `RUST_BACKTRACE=1` for a backtrace.
blam! ', /buildslave/rust-buildbot/slave/stable-dist-rustc-linux/build/src/librustdoc/test.rs:305
blam! 
blam! ---- filter::convolve_0 stdout ----
blam! 	thread 'rustc' panicked at 'test executable failed:
blam! 
blam! thread 'main' panicked at 'called `Result::unwrap()` on an `Err` value: Io(Error { repr: Os { code: 2, message: "No such file or directory" } })', /buildslave/rust-buildbot/slave/stable-dist-rustc-linux/build/src/libcore/result.rs:868
blam! note: Run with `RUST_BACKTRACE=1` for a backtrace.
blam! ', /buildslave/rust-buildbot/slave/stable-dist-rustc-linux/build/src/librustdoc/test.rs:305
blam! 
blam! ---- filter::gamma_0 stdout ----
blam! 	thread 'rustc' panicked at 'test executable failed:
blam! 
blam! thread 'main' panicked at 'called `Result::unwrap()` on an `Err` value: Io(Error { repr: Os { code: 2, message: "No such file or directory" } })', /buildslave/rust-buildbot/slave/stable-dist-rustc-linux/build/src/libcore/result.rs:868
blam! note: Run with `RUST_BACKTRACE=1` for a backtrace.
blam! ', /buildslave/rust-buildbot/slave/stable-dist-rustc-linux/build/src/librustdoc/test.rs:305
blam! 
blam! ---- filter::grayscale_0 stdout ----
blam! 	thread 'rustc' panicked at 'test executable failed:
blam! 
blam! thread 'main' panicked at 'called `Result::unwrap()` on an `Err` value: Io(Error { repr: Os { code: 2, message: "No such file or directory" } })', /buildslave/rust-buildbot/slave/stable-dist-rustc-linux/build/src/libcore/result.rs:868
blam! note: Run with `RUST_BACKTRACE=1` for a backtrace.
blam! ', /buildslave/rust-buildbot/slave/stable-dist-rustc-linux/build/src/librustdoc/test.rs:305
blam! 
blam! ---- filter::saturation_0 stdout ----
blam! 	thread 'rustc' panicked at 'test executable failed:
blam! 
blam! thread 'main' panicked at 'called `Result::unwrap()` on an `Err` value: Io(Error { repr: Os { code: 2, message: "No such file or directory" } })', /buildslave/rust-buildbot/slave/stable-dist-rustc-linux/build/src/libcore/result.rs:868
blam! note: Run with `RUST_BACKTRACE=1` for a backtrace.
blam! ', /buildslave/rust-buildbot/slave/stable-dist-rustc-linux/build/src/librustdoc/test.rs:305
blam! 
blam! ---- filter::sharpen_0 stdout ----
blam! 	thread 'rustc' panicked at 'test executable failed:
blam! 
blam! thread 'main' panicked at 'called `Result::unwrap()` on an `Err` value: Io(Error { repr: Os { code: 2, message: "No such file or directory" } })', /buildslave/rust-buildbot/slave/stable-dist-rustc-linux/build/src/libcore/result.rs:868
blam! note: Run with `RUST_BACKTRACE=1` for a backtrace.
blam! ', /buildslave/rust-buildbot/slave/stable-dist-rustc-linux/build/src/librustdoc/test.rs:305
blam! 
blam! ---- open_0 stdout ----
blam! 	thread 'rustc' panicked at 'test executable failed:
blam! 
blam! thread 'main' panicked at 'called `Result::unwrap()` on an `Err` value: Io(Error { repr: Os { code: 2, message: "No such file or directory" } })', /buildslave/rust-buildbot/slave/stable-dist-rustc-linux/build/src/libcore/result.rs:868
blam! note: Run with `RUST_BACKTRACE=1` for a backtrace.
blam! ', /buildslave/rust-buildbot/slave/stable-dist-rustc-linux/build/src/librustdoc/test.rs:305
blam! 
blam! ---- image::Image::histogram_0 stdout ----
blam! 	thread 'rustc' panicked at 'test executable failed:
blam! 
blam! thread 'main' panicked at 'called `Result::unwrap()` on an `Err` value: Io(Error { repr: Os { code: 2, message: "No such file or directory" } })', /buildslave/rust-buildbot/slave/stable-dist-rustc-linux/build/src/libcore/result.rs:868
blam! note: Run with `RUST_BACKTRACE=1` for a backtrace.
blam! ', /buildslave/rust-buildbot/slave/stable-dist-rustc-linux/build/src/librustdoc/test.rs:305
blam! 
blam! ---- save_0 stdout ----
blam! 	thread 'rustc' panicked at 'test executable failed:
blam! 
blam! thread 'main' panicked at 'called `Result::unwrap()` on an `Err` value: Io(Error { repr: Os { code: 2, message: "No such file or directory" } })', /buildslave/rust-buildbot/slave/stable-dist-rustc-linux/build/src/libcore/result.rs:868
blam! note: Run with `RUST_BACKTRACE=1` for a backtrace.
blam! ', /buildslave/rust-buildbot/slave/stable-dist-rustc-linux/build/src/librustdoc/test.rs:305
blam! 
blam! ---- transform::flip_1 stdout ----
blam! 	thread 'rustc' panicked at 'test executable failed:
blam! 
blam! thread 'main' panicked at 'called `Result::unwrap()` on an `Err` value: Io(Error { repr: Os { code: 2, message: "No such file or directory" } })', /buildslave/rust-buildbot/slave/stable-dist-rustc-linux/build/src/libcore/result.rs:868
blam! note: Run with `RUST_BACKTRACE=1` for a backtrace.
blam! ', /buildslave/rust-buildbot/slave/stable-dist-rustc-linux/build/src/librustdoc/test.rs:305
blam! 
blam! ---- transform::flip_0 stdout ----
blam! 	thread 'rustc' panicked at 'test executable failed:
blam! 
blam! thread 'main' panicked at 'called `Result::unwrap()` on an `Err` value: Io(Error { repr: Os { code: 2, message: "No such file or directory" } })', /buildslave/rust-buildbot/slave/stable-dist-rustc-linux/build/src/libcore/result.rs:868
blam! note: Run with `RUST_BACKTRACE=1` for a backtrace.
blam! ', /buildslave/rust-buildbot/slave/stable-dist-rustc-linux/build/src/librustdoc/test.rs:305
blam! 
blam! ---- transform::rotate_0 stdout ----
blam! 	thread 'rustc' panicked at 'test executable failed:
blam! 
blam! thread 'main' panicked at 'called `Result::unwrap()` on an `Err` value: Io(Error { repr: Os { code: 2, message: "No such file or directory" } })', /buildslave/rust-buildbot/slave/stable-dist-rustc-linux/build/src/libcore/result.rs:868
blam! note: Run with `RUST_BACKTRACE=1` for a backtrace.
blam! ', /buildslave/rust-buildbot/slave/stable-dist-rustc-linux/build/src/librustdoc/test.rs:305
blam! 
blam! ---- transform::rotate_1 stdout ----
blam! 	thread 'rustc' panicked at 'test executable failed:
blam! 
blam! thread 'main' panicked at 'called `Result::unwrap()` on an `Err` value: Io(Error { repr: Os { code: 2, message: "No such file or directory" } })', /buildslave/rust-buildbot/slave/stable-dist-rustc-linux/build/src/libcore/result.rs:868
blam! note: Run with `RUST_BACKTRACE=1` for a backtrace.
blam! ', /buildslave/rust-buildbot/slave/stable-dist-rustc-linux/build/src/librustdoc/test.rs:305
blam! 
blam! 
blam! failures:
blam!     _4
blam!     compare::equal_0
blam!     compare::similar_0
blam!     editor::blend_0
blam!     editor::crop_0
blam!     editor::fill_0
blam!     editor::resize_0
blam!     editor::resize_1
blam!     editor::resize_2
blam!     editor::resize_3
blam!     editor::resize_4
blam!     filter::blur_0
blam!     filter::blur_1
blam!     filter::brightness_0
blam!     filter::convolve_0
blam!     filter::emboss_0
blam!     filter::gamma_0
blam!     filter::grayscale_0
blam!     filter::saturation_0
blam!     filter::sharpen_0
blam!     image::Image::histogram_0
blam!     open_0
blam!     save_0
blam!     transform::flip_0
blam!     transform::flip_1
blam!     transform::rotate_0
blam!     transform::rotate_1
blam! 
blam! test result: FAILED. 10 passed; 27 failed; 4 ignored; 0 measured
blam! 
kablam! error: test failed
boom! running `docker rm -f 9c68bff7071d2f036ee2d331dc949e4cbc4800a8701e1f3bcc6893789284f525`
blam! 9c68bff7071d2f036ee2d331dc949e4cbc4800a8701e1f3bcc6893789284f525
