boom! testing https://github.com/phildawes/racer#7474e57c38bdd2ee0118fb5c7ff7ac161628526f against nightly for nightly
boom! running: cargo +nightly build --frozen
boom! creating container for: cargo +nightly build --frozen
boom! running `docker create -v /home/ec2-user/cargobomb/./work/local/test-source/nightly/nightly:/source:ro -v /home/ec2-user/cargobomb/./work/local/cargo-home:/cargo-home:ro -v /home/ec2-user/cargobomb/./work/local/rustup-home:/rustup-home:ro -v /home/ec2-user/cargobomb/./work/local/target-dirs/nightly/nightly:/target:rw -e USER_ID=500 -e CMD=cargo +nightly build --frozen cargobomb`
blam! ca5463fef9b81d383aeb91d932143835bb31c1d9a9161f5befe62c30255d4f10
boom! running `docker start -a ca5463fef9b81d383aeb91d932143835bb31c1d9a9161f5befe62c30255d4f10`
kablam!    Compiling memchr v0.1.11
kablam!    Compiling toml v0.2.1
kablam!    Compiling thread-id v2.0.0
kablam!    Compiling thread_local v0.2.7
kablam!    Compiling aho-corasick v0.5.3
kablam!    Compiling regex v0.1.80
kablam!    Compiling env_logger v0.3.5
kablam!    Compiling racer v2.0.5 (file:///source)
kablam!     Finished dev [unoptimized + debuginfo] target(s) in 41.76 secs
boom! running `docker rm -f ca5463fef9b81d383aeb91d932143835bb31c1d9a9161f5befe62c30255d4f10`
blam! ca5463fef9b81d383aeb91d932143835bb31c1d9a9161f5befe62c30255d4f10
boom! running: cargo +nightly test --frozen --no-run
boom! creating container for: cargo +nightly test --frozen --no-run
boom! running `docker create -v /home/ec2-user/cargobomb/./work/local/test-source/nightly/nightly:/source:ro -v /home/ec2-user/cargobomb/./work/local/cargo-home:/cargo-home:ro -v /home/ec2-user/cargobomb/./work/local/rustup-home:/rustup-home:ro -v /home/ec2-user/cargobomb/./work/local/target-dirs/nightly/nightly:/target:rw -e USER_ID=500 -e CMD=cargo +nightly test --frozen --no-run cargobomb`
blam! a1a15f182bb49a0b430e72c216aceb6d924021719311f05fbbec085bf275bb5f
boom! running `docker start -a a1a15f182bb49a0b430e72c216aceb6d924021719311f05fbbec085bf275bb5f`
kablam!    Compiling rand v0.3.15
kablam!    Compiling racer v2.0.5 (file:///source)
kablam!     Finished dev [unoptimized + debuginfo] target(s) in 22.19 secs
boom! running `docker rm -f a1a15f182bb49a0b430e72c216aceb6d924021719311f05fbbec085bf275bb5f`
blam! a1a15f182bb49a0b430e72c216aceb6d924021719311f05fbbec085bf275bb5f
boom! running: cargo +nightly test --frozen
boom! creating container for: cargo +nightly test --frozen
boom! running `docker create -v /home/ec2-user/cargobomb/./work/local/test-source/nightly/nightly:/source:ro -v /home/ec2-user/cargobomb/./work/local/cargo-home:/cargo-home:ro -v /home/ec2-user/cargobomb/./work/local/rustup-home:/rustup-home:ro -v /home/ec2-user/cargobomb/./work/local/target-dirs/nightly/nightly:/target:rw -e USER_ID=500 -e CMD=cargo +nightly test --frozen cargobomb`
blam! 9c637fadf3a4f7a62d296e4728d979e770f3fd5c8ebf53d3d23bbeec21aa71b4
boom! running `docker start -a 9c637fadf3a4f7a62d296e4728d979e770f3fd5c8ebf53d3d23bbeec21aa71b4`
kablam!     Finished dev [unoptimized + debuginfo] target(s) in 0.0 secs
kablam!      Running /target/debug/deps/racer-4d8b4f9c006a0a1e
blam! 
blam! running 58 tests
blam! test ast::ast_sandbox ... ok
blam! test cargo::empty_if_no_branch ... ok
blam! test cargo::gets_branch_from_git_source_without_hash ... ok
blam! test cargo::gets_branch_from_git_source_with_hash ... ok
blam! test cargo::gets_repository_name_from_source ... ok
blam! test codecleaner::tests::handles_nesting_of_block_comments ... ok
blam! test codecleaner::tests::removes_a_comment ... ok
blam! test codecleaner::tests::handles_tricky_bit_from_str_rs ... ok
blam! test codecleaner::tests::removes_a_comment_with_a_dbl_quote_in_it ... ok
blam! test cargo::tests::get_crate_file_from_overrides ... FAILED
blam! test codecleaner::tests::removes_consecutive_comments ... ok
blam! test codecleaner::tests::removes_raw_string_with_dangling_escape_in_it ... ok
blam! test codecleaner::tests::removes_string_contents ... ok
blam! test codecleaner::tests::removes_multiline_comment ... ok
blam! test codecleaner::tests::removes_string_with_escaped_dblquote_in_it ... ok
blam! test codecleaner::tests::removes_string_with_escaped_slash_before_dblquote_in_it ... ok
blam! test codecleaner::tests::removes_char_contents ... ok
blam! test codeiter::test::iterates_half_open_subscope_if_is_the_last_thing ... ok
blam! test codeiter::test::iterates_inner_scope ... ok
blam! test codeiter::test::iterates_macro ... ok
blam! test codeiter::test::iterates_macro_invocation ... ok
blam! test codecleaner::tests::removes_string_contents_with_a_comment_in_it ... ok
blam! test codeiter::test::iterates_module_attribute ... ok
blam! test codeiter::test::iterates_use_stmt_over_two_lines ... ok
blam! test codeiter::test::iterates_lambda_arg ... ok
blam! test codeiter::test::iterates_if_else_stmt ... ok
blam! test codeiter::test::iterates_while_stmt ... ok
blam! test codeiter::test::iterates_single_use_stmts ... ok
blam! test core::coords_to_point_works ... ok
blam! test codeiter::test::iterates_use_stmt_without_the_prefix ... ok
blam! test nameres::does_it ... ok
blam! test scopes::expand_search_expr_finds_ident ... ok
blam! test core::test_point_to_coords ... ok
blam! test scopes::expand_search_expr_handles_double_dot ... ok
blam! test core::tests::overwriting_cached_files ... ok
blam! test scopes::expand_search_expr_handles_a_function_arg ... ok
blam! test scopes::expand_search_expr_handles_let ... ok
blam! test scopes::expand_search_expr_handles_inline_closures ... ok
blam! test scopes::expand_search_expr_handles_chained_calls ... ok
blam! test scopes::expand_search_expr_handles_macros ... ok
blam! test scopes::expand_search_expr_handles_pos_at_end_of_search_str ... ok
blam! test scopes::expand_search_expr_handles_type_definition ... ok
blam! test scopes::expand_search_expr_handles_ws_before_dot ... ok
blam! test scopes::expand_search_expr_handles_ws_dot ... ok
blam! test scopes::expand_search_expr_handles_ws_after_dot ... ok
blam! test scopes::expand_search_expr_ignores_bang_at_start ... ok
blam! test scopes::finds_end_of_struct_scope ... ok
blam! test scopes::get_start_of_pattern_handles_variant ... ok
blam! test scopes::get_start_of_pattern_handles_variant2 ... ok
blam! test scopes::masks_out_comments ... ok
blam! test scopes::test_scope_start ... ok
blam! test scopes::test_scope_start_handles_sub_scopes ... ok
blam! test typeinf::generates_skeleton_for_mod ... ok
blam! test util::find_ident_end_ascii ... ok
blam! test util::txt_matches_matches_stuff ... ok
blam! test snippets::method_info_test ... ok
blam! test util::find_ident_end_unicode ... ok
blam! test scopes::finds_subnested_module ... ok
blam! 
blam! failures:
blam! 
blam! ---- cargo::tests::get_crate_file_from_overrides stdout ----
blam! 	thread 'cargo::tests::get_crate_file_from_overrides' panicked at 'finds arst/src/lib.rs', /buildslave/rust-buildbot/slave/nightly-dist-rustc-linux/build/src/libcore/option.rs:785
blam! note: Run with `RUST_BACKTRACE=1` for a backtrace.
blam! 
blam! 
blam! failures:
blam!     cargo::tests::get_crate_file_from_overrides
blam! 
blam! test result: FAILED. 57 passed; 1 failed; 0 ignored; 0 measured
kablam! error: test failed
blam! 
boom! running `docker rm -f 9c637fadf3a4f7a62d296e4728d979e770f3fd5c8ebf53d3d23bbeec21aa71b4`
blam! 9c637fadf3a4f7a62d296e4728d979e770f3fd5c8ebf53d3d23bbeec21aa71b4
