boom! testing tag_safe-0.2.4 against nightly for nightly
boom! running: cargo +nightly build --frozen
boom! creating container for: cargo +nightly build --frozen
boom! running `docker create -v /home/ec2-user/cargobomb/./work/local/test-source/nightly/nightly:/source:ro -v /home/ec2-user/cargobomb/./work/local/cargo-home:/cargo-home:ro -v /home/ec2-user/cargobomb/./work/local/rustup-home:/rustup-home:ro -v /home/ec2-user/cargobomb/./work/local/target-dirs/nightly/nightly:/target:rw -e USER_ID=500 -e CMD=cargo +nightly build --frozen cargobomb`
blam! 7841d023a678800103a259d43bf6df3445c2ca32c98dd51f8f49f850c1a7c909
boom! running `docker start -a 7841d023a678800103a259d43bf6df3445c2ca32c98dd51f8f49f850c1a7c909`
kablam!    Compiling tag_safe v0.2.4 (file:///source)
kablam! warning: unused `#[macro_use]` import, #[warn(unused_imports)] on by default
kablam!   --> src/lib.rs:35:1
kablam!    |
kablam! 35 | #[macro_use]
kablam!    | ^^^^^^^^^^^^
kablam! 
kablam! warning: unused import: `MultiItemModifier`, #[warn(unused_imports)] on by default
kablam!  --> src/prescan.rs:5:25
kablam!   |
kablam! 5 | use syntax::ext::base::{MultiItemModifier,MultiItemDecorator};
kablam!   |                         ^^^^^^^^^^^^^^^^^
kablam! 
kablam! warning: method is never used: `get_tag_opt`, #[warn(dead_code)] on by default
kablam!   --> src/database.rs:69:2
kablam!    |
kablam! 69 |   	pub fn get_tag_opt(&self, tag_name: &str) -> Option<Tag> {
kablam!    |  __^ starting here...
kablam! 70 | | 		self.known_tags.iter()
kablam! 71 | | 			.position(|x| x == tag_name)
kablam! 72 | | 			.map(|i| Tag(i))
kablam! 73 | | 	}
kablam!    | |__^ ...ending here
kablam! 
kablam!     Finished dev [unoptimized + debuginfo] target(s) in 8.35 secs
boom! running `docker rm -f 7841d023a678800103a259d43bf6df3445c2ca32c98dd51f8f49f850c1a7c909`
blam! 7841d023a678800103a259d43bf6df3445c2ca32c98dd51f8f49f850c1a7c909
boom! running: cargo +nightly test --frozen --no-run
boom! creating container for: cargo +nightly test --frozen --no-run
boom! running `docker create -v /home/ec2-user/cargobomb/./work/local/test-source/nightly/nightly:/source:ro -v /home/ec2-user/cargobomb/./work/local/cargo-home:/cargo-home:ro -v /home/ec2-user/cargobomb/./work/local/rustup-home:/rustup-home:ro -v /home/ec2-user/cargobomb/./work/local/target-dirs/nightly/nightly:/target:rw -e USER_ID=500 -e CMD=cargo +nightly test --frozen --no-run cargobomb`
blam! 79a2c2e160640a181ef28b8ef783893dcd15ea84ac54556caa1dc148811dde45
boom! running `docker start -a 79a2c2e160640a181ef28b8ef783893dcd15ea84ac54556caa1dc148811dde45`
kablam!    Compiling tag_safe v0.2.4 (file:///source)
kablam! warning: unused `#[macro_use]` import, #[warn(unused_imports)] on by default
kablam!   --> src/lib.rs:35:1
kablam!    |
kablam! 35 | #[macro_use]
kablam!    | ^^^^^^^^^^^^
kablam! 
kablam! warning: unused import: `MultiItemModifier`, #[warn(unused_imports)] on by default
kablam!  --> src/prescan.rs:5:25
kablam!   |
kablam! 5 | use syntax::ext::base::{MultiItemModifier,MultiItemDecorator};
kablam!   |                         ^^^^^^^^^^^^^^^^^
kablam! 
kablam! warning: method is never used: `get_tag_opt`, #[warn(dead_code)] on by default
kablam!   --> src/database.rs:69:2
kablam!    |
kablam! 69 |   	pub fn get_tag_opt(&self, tag_name: &str) -> Option<Tag> {
kablam!    |  __^ starting here...
kablam! 70 | | 		self.known_tags.iter()
kablam! 71 | | 			.position(|x| x == tag_name)
kablam! 72 | | 			.map(|i| Tag(i))
kablam! 73 | | 	}
kablam!    | |__^ ...ending here
kablam! 
kablam!     Finished dev [unoptimized + debuginfo] target(s) in 8.8 secs
boom! running `docker rm -f 79a2c2e160640a181ef28b8ef783893dcd15ea84ac54556caa1dc148811dde45`
blam! 79a2c2e160640a181ef28b8ef783893dcd15ea84ac54556caa1dc148811dde45
boom! running: cargo +nightly test --frozen
boom! creating container for: cargo +nightly test --frozen
boom! running `docker create -v /home/ec2-user/cargobomb/./work/local/test-source/nightly/nightly:/source:ro -v /home/ec2-user/cargobomb/./work/local/cargo-home:/cargo-home:ro -v /home/ec2-user/cargobomb/./work/local/rustup-home:/rustup-home:ro -v /home/ec2-user/cargobomb/./work/local/target-dirs/nightly/nightly:/target:rw -e USER_ID=500 -e CMD=cargo +nightly test --frozen cargobomb`
blam! e040849fc71efe1a8fee048648a1ac19b7935867db19c22d124a4cc1f63d2a1a
boom! running `docker start -a e040849fc71efe1a8fee048648a1ac19b7935867db19c22d124a4cc1f63d2a1a`
kablam!     Finished dev [unoptimized + debuginfo] target(s) in 0.0 secs
kablam!      Running /target/debug/deps/compiletest-76c9e0fbdce001d8
blam! 
blam! running 1 test
blam! 
blam! running 6 tests
blam! test [compile-fail] compile-fail/extern.rs ... FAILED
blam! test [compile-fail] compile-fail/example-uncommented.rs ... FAILED
blam! test [compile-fail] compile-fail/multiple_tags.rs ... FAILED
blam! test [compile-fail] compile-fail/associated_functions.rs ... FAILED
blam! test [compile-fail] compile-fail/wrong_path.rs ... FAILED
blam! test [compile-fail] compile-fail/unsafe_propagate.rs ... FAILED
blam! 
blam! failures:
blam! 
blam! ---- [compile-fail] compile-fail/extern.rs stdout ----
blam! 	
blam! error: tests/compile-fail/extern.rs:2: unexpected "error": '2:11: 2:19: can't find crate for `tag_safe` [E0463]'
blam! 
blam! error: tests/compile-fail/extern.rs:11: expected error not found: Calling print-unsafe method from
blam! 
blam! error: 1 unexpected errors found, 1 expected errors not found
blam! status: exit code: 101
blam! command: rustc tests/compile-fail/extern.rs -L /tmp --target=x86_64-unknown-linux-gnu --error-format json -L /tmp/extern.stage-id.compile-fail.libaux -C prefer-dynamic -o /tmp/extern.stage-id -L target/debug
blam! unexpected errors (from JSON output): [
blam!     Error {
blam!         line_num: 2,
blam!         kind: Some(
blam!             Error
blam!         ),
kablam! error: test failed
blam!         msg: "2:11: 2:19: can\'t find crate for `tag_safe` [E0463]"
blam!     }
blam! ]
blam! 
blam! not found errors (from test file): [
blam!     Error {
blam!         line_num: 11,
blam!         kind: Some(
blam!             Error
blam!         ),
blam!         msg: "Calling print-unsafe method from"
blam!     }
blam! ]
blam! 
blam! thread '[compile-fail] compile-fail/extern.rs' panicked at 'explicit panic', /cargo-home/registry/src/github.com-1ecc6299db9ec823/compiletest_rs-0.2.5/src/runtest.rs:1097
blam! note: Run with `RUST_BACKTRACE=1` for a backtrace.
blam! 
blam! ---- [compile-fail] compile-fail/example-uncommented.rs stdout ----
blam! 	
blam! error: tests/compile-fail/example-uncommented.rs:2: unexpected "error": '2:11: 2:19: can't find crate for `tag_safe` [E0463]'
blam! 
blam! error: tests/compile-fail/example-uncommented.rs:22: expected error not found: Calling irq-unsafe method from
blam! 
blam! error: 1 unexpected errors found, 1 expected errors not found
blam! status: exit code: 101
blam! command: rustc tests/compile-fail/example-uncommented.rs -L /tmp --target=x86_64-unknown-linux-gnu --error-format json -L /tmp/example-uncommented.stage-id.compile-fail.libaux -C prefer-dynamic -o /tmp/example-uncommented.stage-id -L target/debug
blam! unexpected errors (from JSON output): [
blam!     Error {
blam!         line_num: 2,
blam!         kind: Some(
blam!             Error
blam!         ),
blam!         msg: "2:11: 2:19: can\'t find crate for `tag_safe` [E0463]"
blam!     }
blam! ]
blam! 
blam! not found errors (from test file): [
blam!     Error {
blam!         line_num: 22,
blam!         kind: Some(
blam!             Error
blam!         ),
blam!         msg: "Calling irq-unsafe method from"
blam!     }
blam! ]
blam! 
blam! thread '[compile-fail] compile-fail/example-uncommented.rs' panicked at 'explicit panic', /cargo-home/registry/src/github.com-1ecc6299db9ec823/compiletest_rs-0.2.5/src/runtest.rs:1097
blam! 
blam! ---- [compile-fail] compile-fail/multiple_tags.rs stdout ----
blam! 	
blam! error: tests/compile-fail/multiple_tags.rs:2: unexpected "error": '2:11: 2:19: can't find crate for `tag_safe` [E0463]'
blam! 
blam! error: tests/compile-fail/multiple_tags.rs:29: expected error not found: Calling a-unsafe
blam! 
blam! error: tests/compile-fail/multiple_tags.rs:33: expected error not found: Calling a-unsafe
blam! 
blam! error: tests/compile-fail/multiple_tags.rs:33: expected error not found: Calling c-unsafe
blam! 
blam! error: 1 unexpected errors found, 3 expected errors not found
blam! status: exit code: 101
blam! command: rustc tests/compile-fail/multiple_tags.rs -L /tmp --target=x86_64-unknown-linux-gnu --error-format json -L /tmp/multiple_tags.stage-id.compile-fail.libaux -C prefer-dynamic -o /tmp/multiple_tags.stage-id -L target/debug
blam! unexpected errors (from JSON output): [
blam!     Error {
blam!         line_num: 2,
blam!         kind: Some(
blam!             Error
blam!         ),
blam!         msg: "2:11: 2:19: can\'t find crate for `tag_safe` [E0463]"
blam!     }
blam! ]
blam! 
blam! not found errors (from test file): [
blam!     Error {
blam!         line_num: 29,
blam!         kind: Some(
blam!             Error
blam!         ),
blam!         msg: "Calling a-unsafe"
blam!     },
blam!     Error {
blam!         line_num: 33,
blam!         kind: Some(
blam!             Error
blam!         ),
blam!         msg: "Calling a-unsafe"
blam!     },
blam!     Error {
blam!         line_num: 33,
blam!         kind: Some(
blam!             Error
blam!         ),
blam!         msg: "Calling c-unsafe"
blam!     }
blam! ]
blam! 
blam! thread '[compile-fail] compile-fail/multiple_tags.rs' panicked at 'explicit panic', /cargo-home/registry/src/github.com-1ecc6299db9ec823/compiletest_rs-0.2.5/src/runtest.rs:1097
blam! 
blam! ---- [compile-fail] compile-fail/associated_functions.rs stdout ----
blam! 	
blam! error: tests/compile-fail/associated_functions.rs:2: unexpected "error": '2:11: 2:19: can't find crate for `tag_safe` [E0463]'
blam! 
blam! error: tests/compile-fail/associated_functions.rs:7: expected error not found: Calling foo-unsafe
blam! 
blam! error: tests/compile-fail/associated_functions.rs:9: expected error not found: Calling foo-unsafe
blam! 
blam! error: 1 unexpected errors found, 2 expected errors not found
blam! status: exit code: 101
blam! command: rustc tests/compile-fail/associated_functions.rs -L /tmp --target=x86_64-unknown-linux-gnu --error-format json -L /tmp/associated_functions.stage-id.compile-fail.libaux -C prefer-dynamic -o /tmp/associated_functions.stage-id -L target/debug
blam! unexpected errors (from JSON output): [
blam!     Error {
blam!         line_num: 2,
blam!         kind: Some(
blam!             Error
blam!         ),
blam!         msg: "2:11: 2:19: can\'t find crate for `tag_safe` [E0463]"
blam!     }
blam! ]
blam! 
blam! not found errors (from test file): [
blam!     Error {
blam!         line_num: 7,
blam!         kind: Some(
blam!             Error
blam!         ),
blam!         msg: "Calling foo-unsafe"
blam!     },
blam!     Error {
blam!         line_num: 9,
blam!         kind: Some(
blam!             Error
blam!         ),
blam!         msg: "Calling foo-unsafe"
blam!     }
blam! ]
blam! 
blam! thread '[compile-fail] compile-fail/associated_functions.rs' panicked at 'explicit panic', /cargo-home/registry/src/github.com-1ecc6299db9ec823/compiletest_rs-0.2.5/src/runtest.rs:1097
blam! 
blam! ---- [compile-fail] compile-fail/wrong_path.rs stdout ----
blam! 	
blam! error: tests/compile-fail/wrong_path.rs:2: unexpected "error": '2:11: 2:19: can't find crate for `tag_safe` [E0463]'
blam! 
blam! error: tests/compile-fail/wrong_path.rs:4: expected error not found: Couldn't open tagging list file
blam! 
blam! error: tests/compile-fail/wrong_path.rs:8: expected error not found: Couldn't open tagging list file
blam! 
blam! error: 1 unexpected errors found, 2 expected errors not found
blam! status: exit code: 101
blam! command: rustc tests/compile-fail/wrong_path.rs -L /tmp --target=x86_64-unknown-linux-gnu --error-format json -L /tmp/wrong_path.stage-id.compile-fail.libaux -C prefer-dynamic -o /tmp/wrong_path.stage-id -L target/debug
blam! unexpected errors (from JSON output): [
blam!     Error {
blam!         line_num: 2,
blam!         kind: Some(
blam!             Error
blam!         ),
blam!         msg: "2:11: 2:19: can\'t find crate for `tag_safe` [E0463]"
blam!     }
blam! ]
blam! 
blam! not found errors (from test file): [
blam!     Error {
blam!         line_num: 4,
blam!         kind: Some(
blam!             Error
blam!         ),
blam!         msg: "Couldn\'t open tagging list file"
blam!     },
blam!     Error {
blam!         line_num: 8,
blam!         kind: Some(
blam!             Error
blam!         ),
blam!         msg: "Couldn\'t open tagging list file"
blam!     }
blam! ]
blam! 
blam! thread '[compile-fail] compile-fail/wrong_path.rs' panicked at 'explicit panic', /cargo-home/registry/src/github.com-1ecc6299db9ec823/compiletest_rs-0.2.5/src/runtest.rs:1097
blam! 
blam! ---- [compile-fail] compile-fail/unsafe_propagate.rs stdout ----
blam! 	
blam! error: tests/compile-fail/unsafe_propagate.rs:2: unexpected "error": '2:11: 2:19: can't find crate for `tag_safe` [E0463]'
blam! 
blam! error: tests/compile-fail/unsafe_propagate.rs:20: expected error not found: Calling a-unsafe method from
blam! 
blam! error: 1 unexpected errors found, 1 expected errors not found
blam! status: exit code: 101
blam! command: rustc tests/compile-fail/unsafe_propagate.rs -L /tmp --target=x86_64-unknown-linux-gnu --error-format json -L /tmp/unsafe_propagate.stage-id.compile-fail.libaux -C prefer-dynamic -o /tmp/unsafe_propagate.stage-id -L target/debug
blam! unexpected errors (from JSON output): [
blam!     Error {
blam!         line_num: 2,
blam!         kind: Some(
blam!             Error
blam!         ),
blam!         msg: "2:11: 2:19: can\'t find crate for `tag_safe` [E0463]"
blam!     }
blam! ]
blam! 
blam! not found errors (from test file): [
blam!     Error {
blam!         line_num: 20,
blam!         kind: Some(
blam!             Error
blam!         ),
blam!         msg: "Calling a-unsafe method from"
blam!     }
blam! ]
blam! 
blam! thread '[compile-fail] compile-fail/unsafe_propagate.rs' panicked at 'explicit panic', /cargo-home/registry/src/github.com-1ecc6299db9ec823/compiletest_rs-0.2.5/src/runtest.rs:1097
blam! 
blam! 
blam! failures:
blam!     [compile-fail] compile-fail/associated_functions.rs
blam!     [compile-fail] compile-fail/example-uncommented.rs
blam!     [compile-fail] compile-fail/extern.rs
blam!     [compile-fail] compile-fail/multiple_tags.rs
blam!     [compile-fail] compile-fail/unsafe_propagate.rs
blam!     [compile-fail] compile-fail/wrong_path.rs
blam! 
blam! test result: FAILED. 0 passed; 6 failed; 0 ignored; 0 measured
blam! 
blam! test compile_test ... FAILED
blam! 
blam! failures:
blam! 
blam! ---- compile_test stdout ----
blam! 	thread 'compile_test' panicked at 'Some tests failed', /cargo-home/registry/src/github.com-1ecc6299db9ec823/compiletest_rs-0.2.5/src/compiletest.rs:122
blam! 
blam! 
blam! failures:
blam!     compile_test
blam! 
blam! test result: FAILED. 0 passed; 1 failed; 0 ignored; 0 measured
blam! 
boom! running `docker rm -f e040849fc71efe1a8fee048648a1ac19b7935867db19c22d124a4cc1f63d2a1a`
blam! e040849fc71efe1a8fee048648a1ac19b7935867db19c22d124a4cc1f63d2a1a
