boom! testing encoding_literals-0.1.2 against beta for beta
boom! running: cargo +beta build --frozen
boom! creating container for: cargo +beta build --frozen
boom! running `docker create -v /home/ec2-user/cargobomb/./work/local/test-source/beta/beta:/source:ro -v /home/ec2-user/cargobomb/./work/local/cargo-home:/cargo-home:ro -v /home/ec2-user/cargobomb/./work/local/rustup-home:/rustup-home:ro -v /home/ec2-user/cargobomb/./work/local/target-dirs/beta/beta:/target:rw -e USER_ID=500 -e CMD=cargo +beta build --frozen cargobomb`
blam! caccbff6c10e774d500f6a7128ebe25c14574a6777e74c7afd762089a657fd74
boom! running `docker start -a caccbff6c10e774d500f6a7128ebe25c14574a6777e74c7afd762089a657fd74`
kablam!    Compiling encoding_literals v0.1.2 (file:///source)
kablam! error[E0432]: unresolved import `rustc::plugin`
kablam!   --> src/lib.rs:16:5
kablam!    |
kablam! 16 | use rustc::plugin;
kablam!    |     ^^^^^^^^^^^^^ no `plugin` in the root
kablam! 
kablam! error[E0412]: cannot find type `TokenTree` in module `ast`
kablam!   --> src/lib.rs:18:73
kablam!    |
kablam! 18 | fn expand<T>(encoding: &T, ct: &mut ExtCtxt, sp: codemap::Span, args: &[ast::TokenTree], c_str: bool, size_in_bytes: isize) -> Box<MacResult> where T: Encoding {
kablam!    |                                                                         ^^^^^^^^^^^^^^ not found in `ast`
kablam!    |
kablam!    = help: possible candidate is found in another module, you can import it into scope:
kablam!              `use syntax::tokenstream::TokenTree;`
kablam! 
kablam! error[E0531]: cannot find tuple struct/variant `TtToken` in module `ast`
kablam!   --> src/lib.rs:20:10
kablam!    |
kablam! 20 |         [ast::TtToken(_, token::Token::Literal(token::Lit::Str_(s), _))] => parse::str_lit(&(s.as_str())),
kablam!    |          ^^^^^^^^^^^^ not found in `ast`
kablam! 
kablam! error[E0433]: failed to resolve. Could not find `Expr_` in `ast`
kablam!   --> src/lib.rs:47:28
kablam!    |
kablam! 47 |     let expr = ct.expr(sp, ast::Expr_::ExprVec(bytes));
kablam!    |                            ^^^^^^^^^^^^^^^^^^^ Could not find `Expr_` in `ast`
kablam! 
kablam! error[E0412]: cannot find type `TokenTree` in module `ast`
kablam!   --> src/lib.rs:51:63
kablam!    |
kablam! 51 | fn expand_c_utf8(ct: &mut ExtCtxt, sp: codemap::Span, args: &[ast::TokenTree]) -> Box<MacResult> {
kablam!    |                                                               ^^^^^^^^^^^^^^ not found in `ast`
kablam!    |
kablam!    = help: possible candidate is found in another module, you can import it into scope:
kablam!              `use syntax::tokenstream::TokenTree;`
kablam! 
kablam! error[E0412]: cannot find type `TokenTree` in module `ast`
kablam!   --> src/lib.rs:55:64
kablam!    |
kablam! 55 | fn expand_c_utf16(ct: &mut ExtCtxt, sp: codemap::Span, args: &[ast::TokenTree]) -> Box<MacResult> {
kablam!    |                                                                ^^^^^^^^^^^^^^ not found in `ast`
kablam!    |
kablam!    = help: possible candidate is found in another module, you can import it into scope:
kablam!              `use syntax::tokenstream::TokenTree;`
kablam! 
kablam! error[E0412]: cannot find type `TokenTree` in module `ast`
kablam!   --> src/lib.rs:59:66
kablam!    |
kablam! 59 | fn expand_c_utf16be(ct: &mut ExtCtxt, sp: codemap::Span, args: &[ast::TokenTree]) -> Box<MacResult> {
kablam!    |                                                                  ^^^^^^^^^^^^^^ not found in `ast`
kablam!    |
kablam!    = help: possible candidate is found in another module, you can import it into scope:
kablam!              `use syntax::tokenstream::TokenTree;`
kablam! 
kablam! error[E0412]: cannot find type `TokenTree` in module `ast`
kablam!   --> src/lib.rs:63:62
kablam!    |
kablam! 63 | fn expand_utf16(ct: &mut ExtCtxt, sp: codemap::Span, args: &[ast::TokenTree]) -> Box<MacResult> {
kablam!    |                                                              ^^^^^^^^^^^^^^ not found in `ast`
kablam!    |
kablam!    = help: possible candidate is found in another module, you can import it into scope:
kablam!              `use syntax::tokenstream::TokenTree;`
kablam! 
kablam! error[E0412]: cannot find type `TokenTree` in module `ast`
kablam!   --> src/lib.rs:67:64
kablam!    |
kablam! 67 | fn expand_utf16be(ct: &mut ExtCtxt, sp: codemap::Span, args: &[ast::TokenTree]) -> Box<MacResult> {
kablam!    |                                                                ^^^^^^^^^^^^^^ not found in `ast`
kablam!    |
kablam!    = help: possible candidate is found in another module, you can import it into scope:
kablam!              `use syntax::tokenstream::TokenTree;`
kablam! 
kablam! error[E0554]: #[feature] may not be used on the beta release channel
kablam!  --> src/lib.rs:1:1
kablam!   |
kablam! 1 | #![feature(quote, plugin_registrar, rustc_private, slice_patterns)]
kablam!   | ^^^^^^^^^^^^^^^^^^^^^^^^^^^^^^^^^^^^^^^^^^^^^^^^^^^^^^^^^^^^^^^^^^^
kablam! 
kablam! error: aborting due to previous error
kablam! 
kablam! error: Could not compile `encoding_literals`.
kablam! 
kablam! To learn more, run the command again with --verbose.
boom! running `docker rm -f caccbff6c10e774d500f6a7128ebe25c14574a6777e74c7afd762089a657fd74`
blam! caccbff6c10e774d500f6a7128ebe25c14574a6777e74c7afd762089a657fd74
