boom! testing rebind-0.2.1 against nightly for nightly
boom! running: cargo +nightly build --frozen
boom! creating container for: cargo +nightly build --frozen
boom! running `docker create -v /home/ec2-user/cargobomb/./work/local/test-source/nightly/nightly:/source:ro -v /home/ec2-user/cargobomb/./work/local/cargo-home:/cargo-home:ro -v /home/ec2-user/cargobomb/./work/local/rustup-home:/rustup-home:ro -v /home/ec2-user/cargobomb/./work/local/target-dirs/nightly/nightly:/target:rw -e USER_ID=500 -e CMD=cargo +nightly build --frozen cargobomb`
blam! cb6cff5b1a5e34688a4ec42d383adc61bd8c360709cb1f6438007271066d327f
boom! running `docker start -a cb6cff5b1a5e34688a4ec42d383adc61bd8c360709cb1f6438007271066d327f`
kablam!    Compiling pistoncore-input v0.9.0
kablam!    Compiling pistoncore-window v0.16.0
kablam!    Compiling rebind v0.2.1 (file:///source)
kablam! warning: unused import: `Eq`
kablam!   --> src/lib.rs:78:16
kablam!    |
kablam! 78 | use std::cmp::{Eq, Ord, PartialEq};
kablam!    |                ^^
kablam!    |
kablam!    = note: #[warn(unused_imports)] on by default
kablam! 
kablam!     Finished dev [unoptimized + debuginfo] target(s) in 3.36 secs
boom! running `docker rm -f cb6cff5b1a5e34688a4ec42d383adc61bd8c360709cb1f6438007271066d327f`
blam! cb6cff5b1a5e34688a4ec42d383adc61bd8c360709cb1f6438007271066d327f
boom! running: cargo +nightly test --frozen --no-run
boom! creating container for: cargo +nightly test --frozen --no-run
boom! running `docker create -v /home/ec2-user/cargobomb/./work/local/test-source/nightly/nightly:/source:ro -v /home/ec2-user/cargobomb/./work/local/cargo-home:/cargo-home:ro -v /home/ec2-user/cargobomb/./work/local/rustup-home:/rustup-home:ro -v /home/ec2-user/cargobomb/./work/local/target-dirs/nightly/nightly:/target:rw -e USER_ID=500 -e CMD=cargo +nightly test --frozen --no-run cargobomb`
blam! 7a015d6e78ee937fb75d579ac2206b7d704319c7a1ab8228f221ea38fbbec165
boom! running `docker start -a 7a015d6e78ee937fb75d579ac2206b7d704319c7a1ab8228f221ea38fbbec165`
kablam!    Compiling gl v0.4.0
kablam!    Compiling pistoncore-glutin_window v0.19.0
kablam!    Compiling rebind v0.2.1 (file:///source)
kablam! warning: unused import: `Eq`
kablam!   --> src/lib.rs:78:16
kablam!    |
kablam! 78 | use std::cmp::{Eq, Ord, PartialEq};
kablam!    |                ^^
kablam!    |
kablam!    = note: #[warn(unused_imports)] on by default
kablam! 
kablam!     Finished dev [unoptimized + debuginfo] target(s) in 24.37 secs
boom! running `docker rm -f 7a015d6e78ee937fb75d579ac2206b7d704319c7a1ab8228f221ea38fbbec165`
blam! 7a015d6e78ee937fb75d579ac2206b7d704319c7a1ab8228f221ea38fbbec165
boom! running: cargo +nightly test --frozen
boom! creating container for: cargo +nightly test --frozen
boom! running `docker create -v /home/ec2-user/cargobomb/./work/local/test-source/nightly/nightly:/source:ro -v /home/ec2-user/cargobomb/./work/local/cargo-home:/cargo-home:ro -v /home/ec2-user/cargobomb/./work/local/rustup-home:/rustup-home:ro -v /home/ec2-user/cargobomb/./work/local/target-dirs/nightly/nightly:/target:rw -e USER_ID=500 -e CMD=cargo +nightly test --frozen cargobomb`
blam! 91186e9ce5d16642aaa495cc20671d17aa1b1746f6fb7c458311206c195e6307
boom! running `docker start -a 91186e9ce5d16642aaa495cc20671d17aa1b1746f6fb7c458311206c195e6307`
kablam!     Finished dev [unoptimized + debuginfo] target(s) in 0.0 secs
kablam!      Running /target/debug/deps/lib-cbafd088c6fa0184
blam! 
blam! running 8 tests
blam! test test_conversion_from_rebind_to_translator ... ignored
blam! test test_get_button_iter_len ... ok
blam! test test_get_num_buttons_set ... ok
blam! test test_mirror_mouse_input_along_x_axis ... ok
blam! test test_translator_get_action_from_buttonpress ... ok
blam! test test_add_button_to_translator_using_rebind ... ok
blam! test test_mirror_mouse_input_along_y_axis ... ok
blam! test test_unmodified_mouse_input_works ... ok
blam! 
blam! test result: ok. 7 passed; 0 failed; 1 ignored; 0 measured
blam! 
kablam!      Running /target/debug/deps/rebind-b79ecf3fc48b4326
blam! 
blam! running 0 tests
kablam!    Doc-tests rebind
blam! 
blam! test result: ok. 0 passed; 0 failed; 0 ignored; 0 measured
blam! 
blam! 
blam! running 1 test
blam! test src/lib.rs -  (line 16) ... FAILED
blam! 
blam! failures:
blam! 
blam! ---- src/lib.rs -  (line 16) stdout ----
blam! 	error[E0308]: mismatched types
blam!   --> <anon>:26:42
blam!    |
blam! 26 |         .with_mapping(MyAction::Action1, Keyboard(Key::D1))
blam!    |                                          ^^^^^^^^^^^^^^^^^ expected enum `input::Button`, found enum `piston::<unnamed>::Button`
blam!    |
blam!    = note: expected type `input::Button`
blam!               found type `piston::<unnamed>::Button`
blam! 
blam! error[E0308]: mismatched types
blam!   --> <anon>:27:42
blam!    |
blam! 27 |         .with_mapping(MyAction::Action1, Keyboard(Key::A))
blam!    |                                          ^^^^^^^^^^^^^^^^ expected enum `input::Button`, found enum `piston::<unnamed>::Button`
blam!    |
blam!    = note: expected type `input::Button`
blam!               found type `piston::<unnamed>::Button`
blam! 
blam! error[E0308]: mismatched types
blam!   --> <anon>:28:42
blam!    |
blam! 28 |         .with_mapping(MyAction::Action2, Keyboard(Key::D2))
blam!    |                                          ^^^^^^^^^^^^^^^^^ expected enum `input::Button`, found enum `piston::<unnamed>::Button`
blam!    |
blam!    = note: expected type `input::Button`
blam!               found type `piston::<unnamed>::Button`
blam! 
blam! error[E0308]: mismatched types
blam!   --> <anon>:29:42
blam!    |
blam! 29 |         .with_mapping(MyAction::Action2, Keyboard(Key::B))
blam!    |                                          ^^^^^^^^^^^^^^^^ expected enum `input::Button`, found enum `piston::<unnamed>::Button`
blam!    |
blam!    = note: expected type `input::Button`
blam!               found type `piston::<unnamed>::Button`
blam! 
blam! error[E0308]: mismatched types
blam!   --> <anon>:34:51
blam!    |
blam! 34 |             if let Some(a) = translator.translate(i) {
blam!    |                                                   ^ expected enum `input::Input`, found enum `piston::<unnamed>::Input`
blam!    |
blam!    = note: expected type `&input::Input`
blam!               found type `&piston::<unnamed>::Input`
blam! 
blam! error: aborting due to previous error(s)
blam! 
blam! thread 'rustc' panicked at 'Box<Any>', /checkout/src/librustc/session/mod.rs:203
blam! note: Run with `RUST_BACKTRACE=1` for a backtrace.
blam! 
blam! 
blam! failures:
blam!     src/lib.rs -  (line 16)
blam! 
blam! test result: FAILED. 0 passed; 1 failed; 0 ignored; 0 measured
blam! 
kablam! error: test failed
boom! running `docker rm -f 91186e9ce5d16642aaa495cc20671d17aa1b1746f6fb7c458311206c195e6307`
blam! 91186e9ce5d16642aaa495cc20671d17aa1b1746f6fb7c458311206c195e6307
