boom! testing warheadhateus-0.2.1 against nightly for nightly
boom! running: cargo +nightly build --frozen
boom! creating container for: cargo +nightly build --frozen
boom! running `docker create -v /home/ec2-user/cargobomb/./work/local/test-source/nightly/nightly:/source:ro -v /home/ec2-user/cargobomb/./work/local/cargo-home:/cargo-home:ro -v /home/ec2-user/cargobomb/./work/local/rustup-home:/rustup-home:ro -v /home/ec2-user/cargobomb/./work/local/target-dirs/nightly/nightly:/target:rw -e USER_ID=500 -e CMD=cargo +nightly build --frozen cargobomb`
blam! 3c1c5ae255fac663ead3769f8c3c3474044ce3b31365d276b4a5009412cece52
boom! running `docker start -a 3c1c5ae255fac663ead3769f8c3c3474044ce3b31365d276b4a5009412cece52`
kablam!    Compiling urlparse v0.7.3
kablam!    Compiling sodium-sys v0.0.4
kablam! error: failed to run custom build command for `sodium-sys v0.0.4`
kablam! process didn't exit successfully: `/target/debug/build/sodium-sys-bbad7afe65c2881a/build-script-build` (exit code: 101)
kablam! --- stderr
kablam! autoreconf: Entering directory `.'
kablam! autoreconf: configure.ac: not using Gettext
kablam! autoreconf: running: aclocal --force -I m4
kablam! autom4te: cannot create autom4te.cache: No such file or directory
kablam! aclocal: error: echo failed with exit status: 1
kablam! autoreconf: aclocal failed with exit status: 1
kablam! thread 'main' panicked at 'assertion failed: status.success()', /cargo-home/registry/src/github.com-1ecc6299db9ec823/sodium-sys-0.0.4/build.rs:68
kablam! note: Run with `RUST_BACKTRACE=1` for a backtrace.
kablam! 
boom! running `docker rm -f 3c1c5ae255fac663ead3769f8c3c3474044ce3b31365d276b4a5009412cece52`
blam! 3c1c5ae255fac663ead3769f8c3c3474044ce3b31365d276b4a5009412cece52
