boom! testing humansize-1.0.0 against stable for beta
boom! running: cargo +stable build --frozen
boom! creating container for: cargo +stable build --frozen
boom! running `docker create -v /home/ec2-user/cargobomb/./work/local/test-source/beta/stable:/source:ro -v /home/ec2-user/cargobomb/./work/local/cargo-home:/cargo-home:ro -v /home/ec2-user/cargobomb/./work/local/rustup-home:/rustup-home:ro -v /home/ec2-user/cargobomb/./work/local/target-dirs/beta/stable:/target:rw -e USER_ID=500 -e CMD=cargo +stable build --frozen cargobomb`
blam! f0a85f8625c93724e4eac815be9c3f18871194e71063bd62054bb975551cbe60
boom! running `docker start -a f0a85f8625c93724e4eac815be9c3f18871194e71063bd62054bb975551cbe60`
kablam!    Compiling humansize v1.0.0 (file:///source)
kablam!     Finished debug [unoptimized + debuginfo] target(s) in 0.40 secs
boom! running `docker rm -f f0a85f8625c93724e4eac815be9c3f18871194e71063bd62054bb975551cbe60`
blam! f0a85f8625c93724e4eac815be9c3f18871194e71063bd62054bb975551cbe60
boom! running: cargo +stable test --frozen --no-run
boom! creating container for: cargo +stable test --frozen --no-run
boom! running `docker create -v /home/ec2-user/cargobomb/./work/local/test-source/beta/stable:/source:ro -v /home/ec2-user/cargobomb/./work/local/cargo-home:/cargo-home:ro -v /home/ec2-user/cargobomb/./work/local/rustup-home:/rustup-home:ro -v /home/ec2-user/cargobomb/./work/local/target-dirs/beta/stable:/target:rw -e USER_ID=500 -e CMD=cargo +stable test --frozen --no-run cargobomb`
blam! 60eb1c30e5623366adc74f7923fb0336cf0ed65a267bf341adaacd23dd0ce612
boom! running `docker start -a 60eb1c30e5623366adc74f7923fb0336cf0ed65a267bf341adaacd23dd0ce612`
kablam!    Compiling humansize v1.0.0 (file:///source)
kablam!     Finished debug [unoptimized + debuginfo] target(s) in 1.25 secs
boom! running `docker rm -f 60eb1c30e5623366adc74f7923fb0336cf0ed65a267bf341adaacd23dd0ce612`
blam! 60eb1c30e5623366adc74f7923fb0336cf0ed65a267bf341adaacd23dd0ce612
boom! running: cargo +stable test --frozen
boom! creating container for: cargo +stable test --frozen
boom! running `docker create -v /home/ec2-user/cargobomb/./work/local/test-source/beta/stable:/source:ro -v /home/ec2-user/cargobomb/./work/local/cargo-home:/cargo-home:ro -v /home/ec2-user/cargobomb/./work/local/rustup-home:/rustup-home:ro -v /home/ec2-user/cargobomb/./work/local/target-dirs/beta/stable:/target:rw -e USER_ID=500 -e CMD=cargo +stable test --frozen cargobomb`
blam! ae7520a27424547ddd7892a663af0f3ccea77208ba553877158e07e957c79022
boom! running `docker start -a ae7520a27424547ddd7892a663af0f3ccea77208ba553877158e07e957c79022`
kablam!     Finished debug [unoptimized + debuginfo] target(s) in 0.0 secs
kablam!      Running /target/debug/deps/humansize-8a8e14aa9c621ff2
blam! 
blam! running 1 test
blam! test test_sizes ... FAILED
blam! 
blam! failures:
blam! 
blam! ---- test_sizes stdout ----
blam! 	Yup
blam! Yup
blam! Yup
blam! Yup
blam! Yup
blam! thread 'test_sizes' panicked at 'assertion failed: `(left == right)` (left: `"0.0000139016 TiB"`, right: `"0.01 GiB"`)', src/lib.rs:281
kablam! error: test failed
blam! note: Run with `RUST_BACKTRACE=1` for a backtrace.
blam! 
blam! 
blam! failures:
blam!     test_sizes
blam! 
blam! test result: FAILED. 0 passed; 1 failed; 0 ignored; 0 measured
blam! 
boom! running `docker rm -f ae7520a27424547ddd7892a663af0f3ccea77208ba553877158e07e957c79022`
blam! ae7520a27424547ddd7892a663af0f3ccea77208ba553877158e07e957c79022
