boom! testing galvanic-assert-0.6.0 against stable for nightly
boom! running: cargo +stable build --frozen
boom! creating container for: cargo +stable build --frozen
boom! running `docker create -v /home/ec2-user/cargobomb/./work/local/test-source/nightly/stable:/source:ro -v /home/ec2-user/cargobomb/./work/local/cargo-home:/cargo-home:ro -v /home/ec2-user/cargobomb/./work/local/rustup-home:/rustup-home:ro -v /home/ec2-user/cargobomb/./work/local/target-dirs/nightly/stable:/target:rw -e USER_ID=500 -e CMD=cargo +stable build --frozen cargobomb`
blam! 69358af53f9f2e68601ad996fa2e131522a57147770b5351b6aed13ffe4c3a7d
boom! running `docker start -a 69358af53f9f2e68601ad996fa2e131522a57147770b5351b6aed13ffe4c3a7d`
kablam! warning: unused manifest key: badges.travis-ci.repository
kablam! warning: unused manifest key: package.categories
kablam!    Compiling galvanic-assert v0.6.0 (file:///source)
kablam! error[E0554]: #[feature] may not be used on the stable release channel
kablam!   --> src/lib.rs:31:1
kablam!    |
kablam! 31 | #![feature(conservative_impl_trait)]
kablam!    | ^^^^^^^^^^^^^^^^^^^^^^^^^^^^^^^^^^^^
kablam! 
kablam! error[E0554]: #[feature] may not be used on the stable release channel
kablam!   --> src/lib.rs:32:1
kablam!    |
kablam! 32 | #![feature(discriminant_value)]
kablam!    | ^^^^^^^^^^^^^^^^^^^^^^^^^^^^^^^
kablam! 
kablam! error: aborting due to 2 previous errors
kablam! 
kablam! error: Could not compile `galvanic-assert`.
kablam! 
kablam! To learn more, run the command again with --verbose.
boom! running `docker rm -f 69358af53f9f2e68601ad996fa2e131522a57147770b5351b6aed13ffe4c3a7d`
blam! 69358af53f9f2e68601ad996fa2e131522a57147770b5351b6aed13ffe4c3a7d
