boom! testing tiberius-0.1.0 against stable for nightly
boom! running: cargo +stable build --frozen
boom! creating container for: cargo +stable build --frozen
boom! running `docker create -v /home/ec2-user/cargobomb/./work/local/test-source/nightly/stable:/source:ro -v /home/ec2-user/cargobomb/./work/local/cargo-home:/cargo-home:ro -v /home/ec2-user/cargobomb/./work/local/rustup-home:/rustup-home:ro -v /home/ec2-user/cargobomb/./work/local/target-dirs/nightly/stable:/target:rw -e USER_ID=500 -e CMD=cargo +stable build --frozen cargobomb`
blam! 136bd4c792fe1b767e0f81da98649c50486d69d65d8239156638a1f03dda1415
boom! running `docker start -a 136bd4c792fe1b767e0f81da98649c50486d69d65d8239156638a1f03dda1415`
kablam!    Compiling tiberius v0.1.0 (file:///source)
kablam! warning: unused import: `encoding::Encoding`, #[warn(unused_imports)] on by default
kablam!  --> src/protocol/packets/mod.rs:4:5
kablam!   |
kablam! 4 | use encoding::Encoding;
kablam!   |     ^^^^^^^^^^^^^^^^^^
kablam! 
kablam! warning: unused import: `Encoding`, #[warn(unused_imports)] on by default
kablam!  --> src/protocol/token_stream/row.rs:2:16
kablam!   |
kablam! 2 | use encoding::{Encoding};
kablam!   |                ^^^^^^^^
kablam! 
kablam! warning: unused import: `DecodeTokenStream`, #[warn(unused_imports)] on by default
kablam!  --> src/protocol/token_stream/row.rs:3:13
kablam!   |
kablam! 3 | use super::{DecodeTokenStream, DecodeStmtTokenStream};
kablam!   |             ^^^^^^^^^^^^^^^^^
kablam! 
kablam! warning: constant `fByRefValue` should have an upper case name such as `F_BY_REF_VALUE`, #[warn(non_upper_case_globals)] on by default
kablam!   --> src/protocol/token_stream/rpc.rs:22:1
kablam!    |
kablam! 22 | pub const fByRefValue: u8 = 0x01;
kablam!    | ^^^^^^^^^^^^^^^^^^^^^^^^^^^^^^^^^
kablam! 
kablam! warning: constant `fWithRecomp` should have an upper case name such as `F_WITH_RECOMP`, #[warn(non_upper_case_globals)] on by default
kablam!   --> src/protocol/token_stream/rpc.rs:24:1
kablam!    |
kablam! 24 | pub const fWithRecomp: u16 = 0x01;
kablam!    | ^^^^^^^^^^^^^^^^^^^^^^^^^^^^^^^^^^
kablam! 
kablam! warning: constant item is never used: `fWithRecomp`, #[warn(dead_code)] on by default
kablam!   --> src/protocol/token_stream/rpc.rs:24:1
kablam!    |
kablam! 24 | pub const fWithRecomp: u16 = 0x01;
kablam!    | ^^^^^^^^^^^^^^^^^^^^^^^^^^^^^^^^^^
kablam! 
kablam! warning: constant `fNoMetaData` should have an upper case name such as `F_NO_META_DATA`, #[warn(non_upper_case_globals)] on by default
kablam!   --> src/protocol/token_stream/rpc.rs:26:1
kablam!    |
kablam! 26 | pub const fNoMetaData: u16 = 0x02;
kablam!    | ^^^^^^^^^^^^^^^^^^^^^^^^^^^^^^^^^^
kablam! 
kablam! warning: constant `fReuseMetaData` should have an upper case name such as `F_REUSE_META_DATA`, #[warn(non_upper_case_globals)] on by default
kablam!   --> src/protocol/token_stream/rpc.rs:27:1
kablam!    |
kablam! 27 | pub const fReuseMetaData: u16 = 0x04;
kablam!    | ^^^^^^^^^^^^^^^^^^^^^^^^^^^^^^^^^^^^^
kablam! 
kablam! warning: constant item is never used: `fReuseMetaData`, #[warn(dead_code)] on by default
kablam!   --> src/protocol/token_stream/rpc.rs:27:1
kablam!    |
kablam! 27 | pub const fReuseMetaData: u16 = 0x04;
kablam!    | ^^^^^^^^^^^^^^^^^^^^^^^^^^^^^^^^^^^^^
kablam! 
kablam! warning: unused variable: `collation`, #[warn(unused_variables)] on by default
kablam!    --> src/protocol/types.rs:365:49
kablam!     |
kablam! 365 |             TypeInfo::VarLenType(ref v_type, _, ref collation) => {
kablam!     |                                                 ^^^^^^^^^^^^^
kablam! 
kablam!     Finished dev [unoptimized + debuginfo] target(s) in 4.6 secs
boom! running `docker rm -f 136bd4c792fe1b767e0f81da98649c50486d69d65d8239156638a1f03dda1415`
blam! 136bd4c792fe1b767e0f81da98649c50486d69d65d8239156638a1f03dda1415
boom! running: cargo +stable test --frozen --no-run
boom! creating container for: cargo +stable test --frozen --no-run
boom! running `docker create -v /home/ec2-user/cargobomb/./work/local/test-source/nightly/stable:/source:ro -v /home/ec2-user/cargobomb/./work/local/cargo-home:/cargo-home:ro -v /home/ec2-user/cargobomb/./work/local/rustup-home:/rustup-home:ro -v /home/ec2-user/cargobomb/./work/local/target-dirs/nightly/stable:/target:rw -e USER_ID=500 -e CMD=cargo +stable test --frozen --no-run cargobomb`
blam! 748462d3a780f65802ab2365a449273415975e544711644312d308fad7a33e3c
boom! running `docker start -a 748462d3a780f65802ab2365a449273415975e544711644312d308fad7a33e3c`
kablam!    Compiling tiberius v0.1.0 (file:///source)
kablam! warning: unused import: `encoding::Encoding`, #[warn(unused_imports)] on by default
kablam!  --> src/protocol/packets/mod.rs:4:5
kablam!   |
kablam! 4 | use encoding::Encoding;
kablam!   |     ^^^^^^^^^^^^^^^^^^
kablam! 
kablam! warning: unused import: `Encoding`, #[warn(unused_imports)] on by default
kablam!  --> src/protocol/token_stream/row.rs:2:16
kablam!   |
kablam! 2 | use encoding::{Encoding};
kablam!   |                ^^^^^^^^
kablam! 
kablam! warning: unused import: `DecodeTokenStream`, #[warn(unused_imports)] on by default
kablam!  --> src/protocol/token_stream/row.rs:3:13
kablam!   |
kablam! 3 | use super::{DecodeTokenStream, DecodeStmtTokenStream};
kablam!   |             ^^^^^^^^^^^^^^^^^
kablam! 
kablam! warning: constant `fByRefValue` should have an upper case name such as `F_BY_REF_VALUE`, #[warn(non_upper_case_globals)] on by default
kablam!   --> src/protocol/token_stream/rpc.rs:22:1
kablam!    |
kablam! 22 | pub const fByRefValue: u8 = 0x01;
kablam!    | ^^^^^^^^^^^^^^^^^^^^^^^^^^^^^^^^^
kablam! 
kablam! warning: constant `fWithRecomp` should have an upper case name such as `F_WITH_RECOMP`, #[warn(non_upper_case_globals)] on by default
kablam!   --> src/protocol/token_stream/rpc.rs:24:1
kablam!    |
kablam! 24 | pub const fWithRecomp: u16 = 0x01;
kablam!    | ^^^^^^^^^^^^^^^^^^^^^^^^^^^^^^^^^^
kablam! 
kablam! warning: constant item is never used: `fWithRecomp`, #[warn(dead_code)] on by default
kablam!   --> src/protocol/token_stream/rpc.rs:24:1
kablam!    |
kablam! 24 | pub const fWithRecomp: u16 = 0x01;
kablam!    | ^^^^^^^^^^^^^^^^^^^^^^^^^^^^^^^^^^
kablam! 
kablam! warning: constant `fNoMetaData` should have an upper case name such as `F_NO_META_DATA`, #[warn(non_upper_case_globals)] on by default
kablam!   --> src/protocol/token_stream/rpc.rs:26:1
kablam!    |
kablam! 26 | pub const fNoMetaData: u16 = 0x02;
kablam!    | ^^^^^^^^^^^^^^^^^^^^^^^^^^^^^^^^^^
kablam! 
kablam! warning: constant `fReuseMetaData` should have an upper case name such as `F_REUSE_META_DATA`, #[warn(non_upper_case_globals)] on by default
kablam!   --> src/protocol/token_stream/rpc.rs:27:1
kablam!    |
kablam! 27 | pub const fReuseMetaData: u16 = 0x04;
kablam!    | ^^^^^^^^^^^^^^^^^^^^^^^^^^^^^^^^^^^^^
kablam! 
kablam! warning: constant item is never used: `fReuseMetaData`, #[warn(dead_code)] on by default
kablam!   --> src/protocol/token_stream/rpc.rs:27:1
kablam!    |
kablam! 27 | pub const fReuseMetaData: u16 = 0x04;
kablam!    | ^^^^^^^^^^^^^^^^^^^^^^^^^^^^^^^^^^^^^
kablam! 
kablam! warning: unused variable: `collation`, #[warn(unused_variables)] on by default
kablam!    --> src/protocol/types.rs:365:49
kablam!     |
kablam! 365 |             TypeInfo::VarLenType(ref v_type, _, ref collation) => {
kablam!     |                                                 ^^^^^^^^^^^^^
kablam! 
kablam!     Finished dev [unoptimized + debuginfo] target(s) in 6.37 secs
boom! running `docker rm -f 748462d3a780f65802ab2365a449273415975e544711644312d308fad7a33e3c`
blam! 748462d3a780f65802ab2365a449273415975e544711644312d308fad7a33e3c
boom! running: cargo +stable test --frozen
boom! creating container for: cargo +stable test --frozen
boom! running `docker create -v /home/ec2-user/cargobomb/./work/local/test-source/nightly/stable:/source:ro -v /home/ec2-user/cargobomb/./work/local/cargo-home:/cargo-home:ro -v /home/ec2-user/cargobomb/./work/local/rustup-home:/rustup-home:ro -v /home/ec2-user/cargobomb/./work/local/target-dirs/nightly/stable:/target:rw -e USER_ID=500 -e CMD=cargo +stable test --frozen cargobomb`
blam! 02296e9203f92f4a38258e5a532038045b26bb43561aac465fa4ff9c22c81b15
boom! running `docker start -a 02296e9203f92f4a38258e5a532038045b26bb43561aac465fa4ff9c22c81b15`
kablam!     Finished dev [unoptimized + debuginfo] target(s) in 0.0 secs
kablam!      Running /target/debug/deps/test-c042452cb93a416c
blam! 
blam! running 4 tests
blam! test test_send_long_packet ... FAILED
blam! test test_v73_datatypes ... FAILED
blam! test test_datatypes_not_nullable ... FAILED
blam! test test_datatypes_nullable ... FAILED
blam! 
blam! failures:
blam! 
blam! ---- test_send_long_packet stdout ----
blam! 	thread 'test_send_long_packet' panicked at 'called `Result::unwrap()` on an `Err` value: IoError(Error { repr: Os { code: 111, message: "Connection refused" } })', /buildslave/rust-buildbot/slave/stable-dist-rustc-linux/build/src/libcore/result.rs:868
blam! note: Run with `RUST_BACKTRACE=1` for a backtrace.
blam! 
blam! ---- test_v73_datatypes stdout ----
blam! 	thread 'test_v73_datatypes' panicked at 'called `Result::unwrap()` on an `Err` value: IoError(Error { repr: Os { code: 111, message: "Connection refused" } })', /buildslave/rust-buildbot/slave/stable-dist-rustc-linux/build/src/libcore/result.rs:868
blam! 
blam! ---- test_datatypes_not_nullable stdout ----
blam! 	thread 'test_datatypes_not_nullable' panicked at 'called `Result::unwrap()` on an `Err` value: IoError(Error { repr: Os { code: 111, message: "Connection refused" } })', /buildslave/rust-buildbot/slave/stable-dist-rustc-linux/build/src/libcore/result.rs:868
blam! 
blam! ---- test_datatypes_nullable stdout ----
blam! 	thread 'test_datatypes_nullable' panicked at 'called `Result::unwrap()` on an `Err` value: IoError(Error { repr: Os { code: 111, message: "Connection refused" } })', /buildslave/rust-buildbot/slave/stable-dist-rustc-linux/build/src/libcore/result.rs:868
blam! 
blam! 
blam! failures:
blam!     test_datatypes_not_nullable
blam!     test_datatypes_nullable
blam!     test_send_long_packet
blam!     test_v73_datatypes
blam! 
blam! test result: FAILED. 0 passed; 4 failed; 0 ignored; 0 measured
blam! 
kablam! error: test failed
boom! running `docker rm -f 02296e9203f92f4a38258e5a532038045b26bb43561aac465fa4ff9c22c81b15`
blam! 02296e9203f92f4a38258e5a532038045b26bb43561aac465fa4ff9c22c81b15
