boom! testing prll-ri-1.0.6 against nightly for nightly
boom! running: cargo +nightly build --frozen
boom! creating container for: cargo +nightly build --frozen
boom! running `docker create -v /home/ec2-user/cargobomb/./work/local/test-source/nightly/nightly:/source:ro -v /home/ec2-user/cargobomb/./work/local/cargo-home:/cargo-home:ro -v /home/ec2-user/cargobomb/./work/local/rustup-home:/rustup-home:ro -v /home/ec2-user/cargobomb/./work/local/target-dirs/nightly/nightly:/target:rw -e USER_ID=500 -e CMD=cargo +nightly build --frozen cargobomb`
blam! 12022b4e6dac5a52b8dd3b1f5e27e20486c1aad2a7e4b35d852ada16383ceb51
boom! running `docker start -a 12022b4e6dac5a52b8dd3b1f5e27e20486c1aad2a7e4b35d852ada16383ceb51`
kablam!    Compiling prll-ri v1.0.6 (file:///source)
kablam! warning: type alias is never used: `ThrdNm`
kablam!  --> src/mn.rs:6:1
kablam!   |
kablam! 6 | type ThrdNm = u32;
kablam!   | ^^^^^^^^^^^^^^^^^^
kablam!   |
kablam!   = note: #[warn(dead_code)] on by default
kablam! 
kablam!     Finished dev [unoptimized + debuginfo] target(s) in 6.8 secs
boom! running `docker rm -f 12022b4e6dac5a52b8dd3b1f5e27e20486c1aad2a7e4b35d852ada16383ceb51`
blam! 12022b4e6dac5a52b8dd3b1f5e27e20486c1aad2a7e4b35d852ada16383ceb51
boom! running: cargo +nightly test --frozen --no-run
boom! creating container for: cargo +nightly test --frozen --no-run
boom! running `docker create -v /home/ec2-user/cargobomb/./work/local/test-source/nightly/nightly:/source:ro -v /home/ec2-user/cargobomb/./work/local/cargo-home:/cargo-home:ro -v /home/ec2-user/cargobomb/./work/local/rustup-home:/rustup-home:ro -v /home/ec2-user/cargobomb/./work/local/target-dirs/nightly/nightly:/target:rw -e USER_ID=500 -e CMD=cargo +nightly test --frozen --no-run cargobomb`
blam! 47abd61c799a3842595470947cd71e1a420e1f8445135816c14a21104f444c6c
boom! running `docker start -a 47abd61c799a3842595470947cd71e1a420e1f8445135816c14a21104f444c6c`
kablam!    Compiling prll-ri v1.0.6 (file:///source)
kablam! warning: type alias is never used: `ThrdNm`
kablam!  --> src/mn.rs:6:1
kablam!   |
kablam! 6 | type ThrdNm = u32;
kablam!   | ^^^^^^^^^^^^^^^^^^
kablam!   |
kablam!   = note: #[warn(dead_code)] on by default
kablam! 
kablam!     Finished dev [unoptimized + debuginfo] target(s) in 5.29 secs
boom! running `docker rm -f 47abd61c799a3842595470947cd71e1a420e1f8445135816c14a21104f444c6c`
blam! 47abd61c799a3842595470947cd71e1a420e1f8445135816c14a21104f444c6c
boom! running: cargo +nightly test --frozen
boom! creating container for: cargo +nightly test --frozen
boom! running `docker create -v /home/ec2-user/cargobomb/./work/local/test-source/nightly/nightly:/source:ro -v /home/ec2-user/cargobomb/./work/local/cargo-home:/cargo-home:ro -v /home/ec2-user/cargobomb/./work/local/rustup-home:/rustup-home:ro -v /home/ec2-user/cargobomb/./work/local/target-dirs/nightly/nightly:/target:rw -e USER_ID=500 -e CMD=cargo +nightly test --frozen cargobomb`
blam! 1e8b426ba1442678fabf5f4ef642be14c61418127ef89b0a9dc7e5d172c2d83b
boom! running `docker start -a 1e8b426ba1442678fabf5f4ef642be14c61418127ef89b0a9dc7e5d172c2d83b`
kablam!     Finished dev [unoptimized + debuginfo] target(s) in 0.0 secs
kablam!      Running /target/debug/deps/prll_ri-17060b455bb16abe
blam! 
blam! running 0 tests
blam! 
blam! test result: ok. 0 passed; 0 failed; 0 ignored; 0 measured
blam! 
kablam!      Running /target/debug/deps/prll_ri-75dfefd8edd8b12f
blam! 
blam! running 0 tests
blam! 
blam! test result: ok. 0 passed; 0 failed; 0 ignored; 0 measured
blam! 
kablam!      Running /target/debug/deps/tsts-13efad9eb38b27bb
blam! 
blam! running 1 test
blam! test tsts::tst_riblast_in_prll ... FAILED
blam! 
blam! failures:
blam! 
blam! ---- tsts::tst_riblast_in_prll stdout ----
blam! 	thread 'tsts::tst_riblast_in_prll' panicked at 'Reading FASTA file failed. ', /buildslave/rust-buildbot/slave/nightly-dist-rustc-linux/build/src/libcore/option.rs:785
blam! note: Run with `RUST_BACKTRACE=1` for a backtrace.
blam! 
blam! 
blam! failures:
blam!     tsts::tst_riblast_in_prll
blam! 
blam! test result: FAILED. 0 passed; 1 failed; 0 ignored; 0 measured
blam! 
kablam! error: test failed
boom! running `docker rm -f 1e8b426ba1442678fabf5f4ef642be14c61418127ef89b0a9dc7e5d172c2d83b`
blam! 1e8b426ba1442678fabf5f4ef642be14c61418127ef89b0a9dc7e5d172c2d83b
