boom! testing stemjail-0.4.1 against nightly for nightly
boom! running: cargo +nightly build --frozen
boom! creating container for: cargo +nightly build --frozen
boom! running `docker create -v /home/ec2-user/cargobomb/./work/local/test-source/nightly/nightly:/source:ro -v /home/ec2-user/cargobomb/./work/local/cargo-home:/cargo-home:ro -v /home/ec2-user/cargobomb/./work/local/rustup-home:/rustup-home:ro -v /home/ec2-user/cargobomb/./work/local/target-dirs/nightly/nightly:/target:rw -e USER_ID=500 -e CMD=cargo +nightly build --frozen cargobomb`
blam! 843cbddae0826606d5578f3741e6e87b5dfd042e6139a06ca405efb790c8d036
boom! running `docker start -a 843cbddae0826606d5578f3741e6e87b5dfd042e6139a06ca405efb790c8d036`
kablam!    Compiling mnt v0.3.0
kablam!    Compiling tty v0.4.5
kablam!    Compiling fdpass v0.1.0
kablam!    Compiling stemflow v0.5.3
kablam! error[E0061]: this function takes 1 parameter but 2 parameters were supplied
kablam!    --> /cargo-home/registry/src/github.com-1ecc6299db9ec823/stemflow-0.5.3/src/lib.rs:326:36
kablam!     |
kablam! 326 |         match self.underlays.range(Bound::Included(target), Bound::Included(target)).next() {
kablam!     |                                    ^^^^^^^^^^^^^^^^^^^^^^^^^^^^^^^^^^^^^^^^^^^^^^^^ expected 1 parameter
kablam! 
kablam! error[E0061]: this function takes 1 parameter but 2 parameters were supplied
kablam!    --> /cargo-home/registry/src/github.com-1ecc6299db9ec823/stemflow-0.5.3/src/lib.rs:375:39
kablam!     |
kablam! 375 |             return self.domains.range(Bound::Included(&dom), Bound::Included(&dom)).
kablam!     |                                       ^^^^^^^^^^^^^^^^^^^^^^^^^^^^^^^^^^^^^^^^^^^^ expected 1 parameter
kablam! 
kablam! error[E0061]: this function takes 1 parameter but 2 parameters were supplied
kablam!    --> /cargo-home/registry/src/github.com-1ecc6299db9ec823/stemflow-0.5.3/src/lib.rs:404:47
kablam!     |
kablam! 404 |                 set2opt(self.ressources.range(Bound::Included(access), Bound::Unbounded).
kablam!     |                                               ^^^^^^^^^^^^^^^^^^^^^^^^^^^^^^^^^^^^^^^^^ expected 1 parameter
kablam! 
kablam! error[E0061]: this function takes 1 parameter but 2 parameters were supplied
kablam!    --> /cargo-home/registry/src/github.com-1ecc6299db9ec823/stemflow-0.5.3/src/fs.rs:153:26
kablam!     |
kablam! 153 |         match self.range(Bound::Included(access), Bound::Unbounded).next() {
kablam!     |                          ^^^^^^^^^^^^^^^^^^^^^^^^^^^^^^^^^^^^^^^^^ expected 1 parameter
kablam! 
kablam! error[E0061]: this function takes 1 parameter but 2 parameters were supplied
kablam!    --> /cargo-home/registry/src/github.com-1ecc6299db9ec823/stemflow-0.5.3/src/fs.rs:165:44
kablam!     |
kablam! 165 |         let dups: BTreeSet<_> = self.range(Bound::Unbounded, Bound::Included(&access)).rev()
kablam!     |                                            ^^^^^^^^^^^^^^^^^^^^^^^^^^^^^^^^^^^^^^^^^^ expected 1 parameter
kablam! 
kablam! error[E0061]: this function takes 1 parameter but 2 parameters were supplied
kablam!    --> /cargo-home/registry/src/github.com-1ecc6299db9ec823/stemflow-0.5.3/src/fs.rs:176:20
kablam!     |
kablam! 176 |         self.range(Bound::Unbounded, Bound::Included(&read_root))
kablam!     |                    ^^^^^^^^^^^^^^^^^^^^^^^^^^^^^^^^^^^^^^^^^^^^^ expected 1 parameter
kablam! 
kablam! error[E0061]: this function takes 1 parameter but 2 parameters were supplied
kablam!    --> /cargo-home/registry/src/github.com-1ecc6299db9ec823/stemflow-0.5.3/src/fs.rs:182:20
kablam!     |
kablam! 182 |         self.range(Bound::Excluded(&read_root), Bound::Unbounded)
kablam!     |                    ^^^^^^^^^^^^^^^^^^^^^^^^^^^^^^^^^^^^^^^^^^^^^ expected 1 parameter
kablam! 
kablam! error: aborting due to 7 previous errors
kablam! 
blam! Build failed, waiting for other jobs to finish...
kablam! error: Could not compile `stemflow`.
kablam! error: build failed
boom! running `docker rm -f 843cbddae0826606d5578f3741e6e87b5dfd042e6139a06ca405efb790c8d036`
blam! 843cbddae0826606d5578f3741e6e87b5dfd042e6139a06ca405efb790c8d036
