boom! testing shoggoth-0.0.19 against stable for nightly
boom! running: cargo +stable build --frozen
boom! creating container for: cargo +stable build --frozen
boom! running `docker create -v /home/ec2-user/cargobomb/./work/local/test-source/nightly/stable:/source:ro -v /home/ec2-user/cargobomb/./work/local/cargo-home:/cargo-home:ro -v /home/ec2-user/cargobomb/./work/local/rustup-home:/rustup-home:ro -v /home/ec2-user/cargobomb/./work/local/target-dirs/nightly/stable:/target:rw -e USER_ID=500 -e CMD=cargo +stable build --frozen cargobomb`
blam! 9acdaeef1b871e0dc3a6a81b64d5667ffa99f616b1aed207353289798a67eb06
boom! running `docker start -a 9acdaeef1b871e0dc3a6a81b64d5667ffa99f616b1aed207353289798a67eb06`
kablam!    Compiling shoggoth_macros v0.0.19
kablam! error[E0432]: unresolved import `rustc::plugin`
kablam!   --> /cargo-home/registry/src/github.com-1ecc6299db9ec823/shoggoth_macros-0.0.19/src/lib.rs:10:5
kablam!    |
kablam! 10 | use rustc::plugin;
kablam!    |     ^^^^^^^^^^^^^ no `plugin` in the root
kablam! 
kablam! error[E0412]: cannot find type `TokenTree` in module `ast`
kablam!   --> /cargo-home/registry/src/github.com-1ecc6299db9ec823/shoggoth_macros-0.0.19/src/lib.rs:53:13
kablam!    |
kablam! 53 |     args: &[ast::TokenTree],
kablam!    |             ^^^^^^^^^^^^^^ not found in `ast`
kablam!    |
kablam!    = help: possible candidate is found in another module, you can import it into scope:
kablam!              `use syntax::tokenstream::TokenTree;`
kablam! 
kablam! error[E0433]: failed to resolve. Could not find `Lit_` in `ast`
kablam!   --> /cargo-home/registry/src/github.com-1ecc6299db9ec823/shoggoth_macros-0.0.19/src/lib.rs:65:9
kablam!    |
kablam! 65 |         ast::Lit_::LitInt(i, _) => i,
kablam!    |         ^^^^^^^^^^^^^^^^^ Could not find `Lit_` in `ast`
kablam! 
kablam! error[E0425]: cannot find function `range` in this scope
kablam!   --> /cargo-home/registry/src/github.com-1ecc6299db9ec823/shoggoth_macros-0.0.19/src/lib.rs:72:14
kablam!    |
kablam! 72 |     let xs = range(0, iterations)
kablam!    |              ^^^^^ not found in this scope
kablam! 
kablam! error[E0425]: cannot find function `str_to_ident` in module `token`
kablam!   --> /cargo-home/registry/src/github.com-1ecc6299db9ec823/shoggoth_macros-0.0.19/src/lib.rs:73:18
kablam!    |
kablam! 73 |         .map(|x| token::str_to_ident(format!("A{}", x).as_slice()))
kablam!    |                  ^^^^^^^^^^^^^^^^^^^ not found in `token`
kablam! 
kablam! error[E0425]: cannot find function `range` in this scope
kablam!   --> /cargo-home/registry/src/github.com-1ecc6299db9ec823/shoggoth_macros-0.0.19/src/lib.rs:77:19
kablam!    |
kablam! 77 |     let mut ctx = range(0, xs.len() * 2 - 1).map(|k| {
kablam!    |                   ^^^^^ not found in this scope
kablam! 
kablam! error[E0433]: failed to resolve. Could not find `TokenTree` in `ast`
kablam!   --> /cargo-home/registry/src/github.com-1ecc6299db9ec823/shoggoth_macros-0.0.19/src/lib.rs:83:13
kablam!    |
kablam! 83 |             ast::TokenTree::TtToken(span, token)
kablam!    |             ^^^^^^^^^^^^^^^^^^^^^^^ Could not find `TokenTree` in `ast`
kablam! 
kablam! error[E0425]: cannot find function `range` in this scope
kablam!   --> /cargo-home/registry/src/github.com-1ecc6299db9ec823/shoggoth_macros-0.0.19/src/lib.rs:89:14
kablam!    |
kablam! 89 |     for _ in range(0, iterations) {
kablam!    |              ^^^^^ not found in this scope
kablam! 
kablam! error[E0433]: failed to resolve. Could not find `MacItems` in `base`
kablam!   --> /cargo-home/registry/src/github.com-1ecc6299db9ec823/shoggoth_macros-0.0.19/src/lib.rs:95:5
kablam!    |
kablam! 95 |     base::MacItems::new(items.into_iter())
kablam!    |     ^^^^^^^^^^^^^^^^^^^ Could not find `MacItems` in `base`
kablam! 
kablam! error[E0554]: #[feature] may not be used on the stable release channel
kablam!  --> /cargo-home/registry/src/github.com-1ecc6299db9ec823/shoggoth_macros-0.0.19/src/lib.rs:2:1
kablam!   |
kablam! 2 | #![feature(core)]
kablam!   | ^^^^^^^^^^^^^^^^^
kablam! 
kablam! error[E0554]: #[feature] may not be used on the stable release channel
kablam!  --> /cargo-home/registry/src/github.com-1ecc6299db9ec823/shoggoth_macros-0.0.19/src/lib.rs:3:1
kablam!   |
kablam! 3 | #![feature(plugin_registrar)]
kablam!   | ^^^^^^^^^^^^^^^^^^^^^^^^^^^^^
kablam! 
kablam! error[E0554]: #[feature] may not be used on the stable release channel
kablam!  --> /cargo-home/registry/src/github.com-1ecc6299db9ec823/shoggoth_macros-0.0.19/src/lib.rs:4:1
kablam!   |
kablam! 4 | #![feature(quote)]
kablam!   | ^^^^^^^^^^^^^^^^^^
kablam! 
kablam! error[E0554]: #[feature] may not be used on the stable release channel
kablam!  --> /cargo-home/registry/src/github.com-1ecc6299db9ec823/shoggoth_macros-0.0.19/src/lib.rs:5:1
kablam!   |
kablam! 5 | #![feature(rustc_private)]
kablam!   | ^^^^^^^^^^^^^^^^^^^^^^^^^^
kablam! 
kablam! error: aborting due to 4 previous errors
kablam! 
kablam! error: Could not compile `shoggoth_macros`.
kablam! 
kablam! To learn more, run the command again with --verbose.
boom! running `docker rm -f 9acdaeef1b871e0dc3a6a81b64d5667ffa99f616b1aed207353289798a67eb06`
blam! 9acdaeef1b871e0dc3a6a81b64d5667ffa99f616b1aed207353289798a67eb06
