boom! testing https://github.com/euclio/vim-markdown-composer#3c2c053a7bd2885ebf4ea5e950280a1f35baff4b against nightly for nightly
boom! running: cargo +nightly build --frozen
boom! creating container for: cargo +nightly build --frozen
boom! running `docker create -v /home/ec2-user/cargobomb/./work/local/test-source/nightly/nightly:/source:ro -v /home/ec2-user/cargobomb/./work/local/cargo-home:/cargo-home:ro -v /home/ec2-user/cargobomb/./work/local/rustup-home:/rustup-home:ro -v /home/ec2-user/cargobomb/./work/local/target-dirs/nightly/nightly:/target:rw -e USER_ID=500 -e CMD=cargo +nightly build --frozen cargobomb`
blam! 211e33ee0479cc68ba84ec55b9f0020463fbc19baed5e62c1276fbbbf2f55a47
boom! running `docker start -a 211e33ee0479cc68ba84ec55b9f0020463fbc19baed5e62c1276fbbbf2f55a47`
kablam!    Compiling term_size v0.2.1
kablam!    Compiling rmp-serde v0.10.0
kablam!    Compiling net2 v0.2.26
kablam!    Compiling serde_test v0.8.21
kablam!    Compiling serde-value v0.3.1
kablam!    Compiling chan v0.1.18
kablam!    Compiling linked-hash-map v0.3.0
kablam!    Compiling idna v0.1.0
kablam!    Compiling clap v2.19.3
kablam!    Compiling yaml-rust v0.3.5
kablam!    Compiling hoedown v5.0.0
kablam!    Compiling openssl v0.7.14
kablam!    Compiling openssl-sys-extras v0.7.14
kablam!    Compiling url v1.2.4
blam! Build failed, waiting for other jobs to finish...
kablam! error: failed to run custom build command for `openssl-sys-extras v0.7.14`
kablam! process didn't exit successfully: `/target/debug/build/openssl-sys-extras-f9e8037051c16bfa/build-script-build` (exit code: 101)
kablam! --- stdout
kablam! TARGET = Some("x86_64-unknown-linux-gnu")
kablam! OPT_LEVEL = Some("0")
kablam! PROFILE = Some("debug")
kablam! TARGET = Some("x86_64-unknown-linux-gnu")
kablam! debug=true opt-level=0
kablam! HOST = Some("x86_64-unknown-linux-gnu")
kablam! TARGET = Some("x86_64-unknown-linux-gnu")
kablam! TARGET = Some("x86_64-unknown-linux-gnu")
kablam! HOST = Some("x86_64-unknown-linux-gnu")
kablam! CC_x86_64-unknown-linux-gnu = None
kablam! CC_x86_64_unknown_linux_gnu = None
kablam! HOST_CC = None
kablam! CC = None
kablam! HOST = Some("x86_64-unknown-linux-gnu")
kablam! TARGET = Some("x86_64-unknown-linux-gnu")
kablam! HOST = Some("x86_64-unknown-linux-gnu")
kablam! CFLAGS_x86_64-unknown-linux-gnu = None
kablam! CFLAGS_x86_64_unknown_linux_gnu = None
kablam! HOST_CFLAGS = None
kablam! CFLAGS = None
kablam! running: "cc" "-O0" "-ffunction-sections" "-fdata-sections" "-g" "-m64" "-fPIC" "-o" "/target/debug/build/openssl-sys-extras-8e2dc543f8892677/out/src/openssl_shim.o" "-c" "src/openssl_shim.c"
kablam! cargo:warning=src/openssl_shim.c:1:26: fatal error: openssl/hmac.h: No such file or directory
kablam! cargo:warning=compilation terminated.
kablam! ExitStatus(ExitStatus(256))
kablam! 
kablam! 
kablam! command did not execute successfully, got: exit code: 1
kablam! 
kablam! 
kablam! 
kablam! --- stderr
kablam! thread 'main' panicked at 'explicit panic', /cargo-home/registry/src/github.com-1ecc6299db9ec823/gcc-0.3.41/src/lib.rs:1018
kablam! note: Run with `RUST_BACKTRACE=1` for a backtrace.
kablam! 
kablam! error: build failed
boom! running `docker rm -f 211e33ee0479cc68ba84ec55b9f0020463fbc19baed5e62c1276fbbbf2f55a47`
blam! 211e33ee0479cc68ba84ec55b9f0020463fbc19baed5e62c1276fbbbf2f55a47
