boom! testing load-0.0.2 against nightly for nightly
boom! running: cargo +nightly build --frozen
boom! creating container for: cargo +nightly build --frozen
boom! running `docker create -v /home/ec2-user/cargobomb/./work/local/test-source/nightly/nightly:/source:ro -v /home/ec2-user/cargobomb/./work/local/cargo-home:/cargo-home:ro -v /home/ec2-user/cargobomb/./work/local/rustup-home:/rustup-home:ro -v /home/ec2-user/cargobomb/./work/local/target-dirs/nightly/nightly:/target:rw -e USER_ID=500 -e CMD=cargo +nightly build --frozen cargobomb`
blam! 86873cf2c72aa61c3b53eb4ff3e87d086bc59104e3c6fb172a24eebf9d735d14
boom! running `docker start -a 86873cf2c72aa61c3b53eb4ff3e87d086bc59104e3c6fb172a24eebf9d735d14`
kablam!    Compiling load v0.0.2 (file:///source)
kablam! error: expected expression, found reserved keyword `proc`
kablam!    --> src/queue.rs:242:19
kablam!     |
kablam! 242 |             spawn(proc() {
kablam!     |                   ^^^^
kablam! 
kablam! error: expected one of `)`, `.`, `;`, `<`, `?`, `break`, `continue`, `false`, `for`, `if`, `loop`, `match`, `move`, `return`, `true`, `unsafe`, `while`, `}`, or an operator, found `proc`
kablam!    --> src/queue.rs:242:19
kablam!     |
kablam! 242 |             spawn(proc() {
kablam!     |                   ^^^^
kablam! 
kablam! error[E0432]: unresolved import `std::io::timer::sleep`
kablam!  --> src/queue.rs:9:5
kablam!   |
kablam! 9 | use std::io::timer::sleep;
kablam!   |     ^^^^^^^^^^^^^^^^^^^^^ Could not find `timer` in `io`
kablam! 
kablam! error[E0432]: unresolved import `std::rand::weak_rng`
kablam!   --> src/queue.rs:14:5
kablam!    |
kablam! 14 | use std::rand::weak_rng;
kablam!    |     ^^^^^^^^^^^^^^^^^^^ no `weak_rng` in `rand`
kablam! 
kablam! error[E0432]: unresolved import `std::sync::atomic::AtomicUint`
kablam!   --> src/queue.rs:17:25
kablam!    |
kablam! 17 | use std::sync::atomic::{AtomicUint, SeqCst};
kablam!    |                         ^^^^^^^^^^ no `AtomicUint` in `sync::atomic`. Did you mean to use `AtomicU16`?
kablam! 
kablam! error[E0432]: unresolved import `std::sync::atomic::SeqCst`
kablam!   --> src/queue.rs:17:37
kablam!    |
kablam! 17 | use std::sync::atomic::{AtomicUint, SeqCst};
kablam!    |                                     ^^^^^^ no `SeqCst` in `sync::atomic`
kablam! 
kablam! error[E0432]: unresolved import `std::sync::deque::Abort`
kablam!   --> src/queue.rs:18:24
kablam!    |
kablam! 18 | use std::sync::deque::{Abort, BufferPool, Data, Empty, Stealer, Worker};
kablam!    |                        ^^^^^ Could not find `deque` in `sync`
kablam! 
kablam! error[E0432]: unresolved import `std::sync::deque::BufferPool`
kablam!   --> src/queue.rs:18:31
kablam!    |
kablam! 18 | use std::sync::deque::{Abort, BufferPool, Data, Empty, Stealer, Worker};
kablam!    |                               ^^^^^^^^^^ Could not find `deque` in `sync`
kablam! 
kablam! error[E0432]: unresolved import `std::sync::deque::Data`
kablam!   --> src/queue.rs:18:43
kablam!    |
kablam! 18 | use std::sync::deque::{Abort, BufferPool, Data, Empty, Stealer, Worker};
kablam!    |                                           ^^^^ Could not find `deque` in `sync`
kablam! 
kablam! error[E0432]: unresolved import `std::sync::deque::Empty`
kablam!   --> src/queue.rs:18:49
kablam!    |
kablam! 18 | use std::sync::deque::{Abort, BufferPool, Data, Empty, Stealer, Worker};
kablam!    |                                                 ^^^^^ Could not find `deque` in `sync`
kablam! 
kablam! error[E0432]: unresolved import `std::sync::deque::Stealer`
kablam!   --> src/queue.rs:18:56
kablam!    |
kablam! 18 | use std::sync::deque::{Abort, BufferPool, Data, Empty, Stealer, Worker};
kablam!    |                                                        ^^^^^^^ Could not find `deque` in `sync`
kablam! 
kablam! error[E0432]: unresolved import `std::sync::deque::Worker`
kablam!   --> src/queue.rs:18:65
kablam!    |
kablam! 18 | use std::sync::deque::{Abort, BufferPool, Data, Empty, Stealer, Worker};
kablam!    |                                                                 ^^^^^^ Could not find `deque` in `sync`
kablam! 
kablam! error[E0412]: cannot find type `uint` in this scope
kablam!   --> src/queue.rs:47:17
kablam!    |
kablam! 47 |     ReturnDeque(uint, Worker<WorkUnit<QueueData, WorkData>>)
kablam!    |                 ^^^^ not found in this scope
kablam! 
kablam! error[E0412]: cannot find type `Sender` in this scope
kablam!   --> src/queue.rs:53:11
kablam!    |
kablam! 53 |     chan: Sender<WorkerMsg<QueueData, WorkData>>,
kablam!    |           ^^^^^^^^^^^^^^^^^^^^^^^^^^^^^^^^^^^^^^ did you mean `Send`?
kablam!    |
kablam!    = help: possible candidate is found in another module, you can import it into scope:
kablam!              `use std::sync::mpsc::Sender;`
kablam! 
kablam! error[E0412]: cannot find type `uint` in this scope
kablam!   --> src/queue.rs:63:12
kablam!    |
kablam! 63 |     index: uint,
kablam!    |            ^^^^ not found in this scope
kablam! 
kablam! error[E0412]: cannot find type `Receiver` in this scope
kablam!   --> src/queue.rs:65:11
kablam!    |
kablam! 65 |     port: Receiver<WorkerMsg<QueueData, WorkData>>,
kablam!    |           ^^^^^^^^^^^^^^^^^^^^^^^^^^^^^^^^^^^^^^^^ not found in this scope
kablam!    |
kablam!    = help: possible candidate is found in another module, you can import it into scope:
kablam!              `use std::sync::mpsc::Receiver;`
kablam! 
kablam! error[E0412]: cannot find type `Sender` in this scope
kablam!   --> src/queue.rs:67:11
kablam!    |
kablam! 67 |     chan: Sender<SupervisorMsg<QueueData, WorkData>>,
kablam!    |           ^^^^^^^^^^^^^^^^^^^^^^^^^^^^^^^^^^^^^^^^^^ did you mean `Send`?
kablam!    |
kablam!    = help: possible candidate is found in another module, you can import it into scope:
kablam!              `use std::sync::mpsc::Sender;`
kablam! 
kablam! error[E0412]: cannot find type `uint` in this scope
kablam!    --> src/queue.rs:108:66
kablam!     |
kablam! 108 |                             let victim = (self.rng.next_u32() as uint) % self.other_deques.len();
kablam!     |                                                                  ^^^^ not found in this scope
kablam! 
kablam! error[E0408]: variable `Empty` from pattern #1 is not bound in pattern #2
kablam!    --> src/queue.rs:110:41
kablam!     |
kablam! 110 |                                 Empty | Abort => {
kablam!     |                                         ^^^^^ pattern doesn't bind `Empty`
kablam! 
kablam! error[E0408]: variable `Abort` from pattern #2 is not bound in pattern #1
kablam!    --> src/queue.rs:110:41
kablam!     |
kablam! 110 |                                 Empty | Abort => {
kablam!     |                                         ^^^^^ pattern doesn't bind `Abort`
kablam! 
kablam! error[E0412]: cannot find type `Receiver` in this scope
kablam!    --> src/queue.rs:198:11
kablam!     |
kablam! 198 |     port: Receiver<SupervisorMsg<QueueData, WorkData>>,
kablam!     |           ^^^^^^^^^^^^^^^^^^^^^^^^^^^^^^^^^^^^^^^^^^^^ not found in this scope
kablam!     |
kablam!     = help: possible candidate is found in another module, you can import it into scope:
kablam!               `use std::sync::mpsc::Receiver;`
kablam! 
kablam! error[E0412]: cannot find type `uint` in this scope
kablam!    --> src/queue.rs:200:17
kablam!     |
kablam! 200 |     work_count: uint,
kablam!     |                 ^^^^ not found in this scope
kablam! 
kablam! error[E0412]: cannot find type `uint` in this scope
kablam!    --> src/queue.rs:208:30
kablam!     |
kablam! 208 |     pub fn new(thread_count: uint,
kablam!     |                              ^^^^ not found in this scope
kablam! 
kablam! error[E0425]: cannot find function `channel` in this scope
kablam!    --> src/queue.rs:211:50
kablam!     |
kablam! 211 |         let (supervisor_chan, supervisor_port) = channel();
kablam!     |                                                  ^^^^^^^ not found in this scope
kablam!     |
kablam!     = help: possible candidate is found in another module, you can import it into scope:
kablam!               `use std::sync::mpsc::channel;`
kablam! 
kablam! error[E0425]: cannot find function `range` in this scope
kablam!    --> src/queue.rs:213:18
kablam!     |
kablam! 213 |         for i in range(0, thread_count) {
kablam!     |                  ^^^^^ not found in this scope
kablam! 
kablam! error[E0425]: cannot find function `channel` in this scope
kablam!    --> src/queue.rs:214:46
kablam!     |
kablam! 214 |             let (worker_chan, worker_port) = channel();
kablam!     |                                              ^^^^^^^ not found in this scope
kablam!     |
kablam!     = help: possible candidate is found in another module, you can import it into scope:
kablam!               `use std::sync::mpsc::channel;`
kablam! 
kablam! error[E0425]: cannot find function `range` in this scope
kablam!    --> src/queue.rs:232:18
kablam!     |
kablam! 232 |         for i in range(0, thread_count) {
kablam!     |                  ^^^^^ not found in this scope
kablam! 
kablam! error[E0425]: cannot find function `range` in this scope
kablam!    --> src/queue.rs:233:22
kablam!     |
kablam! 233 |             for j in range(0, thread_count) {
kablam!     |                      ^^^^^ not found in this scope
kablam! 
kablam! error[E0425]: cannot find function `spawn` in this scope
kablam!    --> src/queue.rs:242:13
kablam!     |
kablam! 242 |             spawn(proc() {
kablam!     |             ^^^^^ not found in this scope
kablam!     |
kablam!     = help: possible candidate is found in another module, you can import it into scope:
kablam!               `use std::thread::spawn;`
kablam! 
kablam! error[E0425]: cannot find function `range` in this scope
kablam!    --> src/queue.rs:287:18
kablam!     |
kablam! 287 |         for _ in range(0, self.workers.len()) {
kablam!     |                  ^^^^^ not found in this scope
kablam! 
kablam! error: module `duration` is private
kablam!   --> src/queue.rs:10:5
kablam!    |
kablam! 10 | use std::time::duration::Duration;
kablam!    |     ^^^^^^^^^^^^^^^^^^^^^^^^^^^^^
kablam! 
kablam! error: module `rand` is private
kablam!   --> src/queue.rs:14:5
kablam!    |
kablam! 14 | use std::rand::weak_rng;
kablam!    |     ^^^^^^^^^^^^^^^^^^^
kablam! 
kablam! error: The attribute `license` is currently unknown to the compiler and may have meaning added to it in the future (see issue #29642)
kablam!  --> src/lib.rs:1:1
kablam!   |
kablam! 1 | #![license = "Mozilla Publice License, v. 2.0"]
kablam!   | ^^^^^^^^^^^^^^^^^^^^^^^^^^^^^^^^^^^^^^^^^^^^^^^
kablam!   |
kablam!   = help: add #![feature(custom_attribute)] to the crate attributes to enable
kablam! 
kablam! error: aborting due to previous error
kablam! 
kablam! error: Could not compile `load`.
kablam! 
kablam! To learn more, run the command again with --verbose.
boom! running `docker rm -f 86873cf2c72aa61c3b53eb4ff3e87d086bc59104e3c6fb172a24eebf9d735d14`
blam! 86873cf2c72aa61c3b53eb4ff3e87d086bc59104e3c6fb172a24eebf9d735d14
