boom! testing errorser-1.0.1 against stable for beta
boom! running: cargo +stable build --frozen
boom! creating container for: cargo +stable build --frozen
boom! running `docker create -v /home/ec2-user/cargobomb/./work/local/test-source/beta/stable:/source:ro -v /home/ec2-user/cargobomb/./work/local/cargo-home:/cargo-home:ro -v /home/ec2-user/cargobomb/./work/local/rustup-home:/rustup-home:ro -v /home/ec2-user/cargobomb/./work/local/target-dirs/beta/stable:/target:rw -e USER_ID=500 -e CMD=cargo +stable build --frozen cargobomb`
blam! 70f24cddcc19f77187119d7ce2945544b2c937577a48396c8220176966dceb4b
boom! running `docker start -a 70f24cddcc19f77187119d7ce2945544b2c937577a48396c8220176966dceb4b`
kablam!    Compiling quasi v0.7.0
kablam!    Compiling serde_codegen v0.6.14
kablam!    Compiling aster v0.13.1
kablam!    Compiling bincode v0.4.1
kablam!    Compiling clippy v0.0.37
kablam! error[E0554]: #[feature] may not be used on the stable release channel
kablam!   --> /cargo-home/registry/src/github.com-1ecc6299db9ec823/quasi-0.7.0/src/lib.rs:11:43
kablam!    |
kablam! 11 | #![cfg_attr(not(feature = "with-syntex"), feature(rustc_private))]
kablam!    |                                           ^^^^^^^^^^^^^^^^^^^^^^
kablam! 
kablam! error: aborting due to previous error
kablam! 
blam! Build failed, waiting for other jobs to finish...
kablam! error[E0554]: #[feature] may not be used on the stable release channel
kablam!  --> /cargo-home/registry/src/github.com-1ecc6299db9ec823/aster-0.13.1/src/lib.rs:1:43
kablam!   |
kablam! 1 | #![cfg_attr(not(feature = "with-syntex"), feature(rustc_private))]
kablam!   |                                           ^^^^^^^^^^^^^^^^^^^^^^
kablam! 
kablam! error: aborting due to previous error
kablam! 
blam! Build failed, waiting for other jobs to finish...
kablam! error[E0463]: can't find crate for `rustc_front`
kablam!   --> /cargo-home/registry/src/github.com-1ecc6299db9ec823/clippy-0.0.37/src/lib.rs:18:1
kablam!    |
kablam! 18 | extern crate rustc_front;
kablam!    | ^^^^^^^^^^^^^^^^^^^^^^^^^ can't find crate
kablam! 
kablam! error: aborting due to previous error
kablam! 
blam! Build failed, waiting for other jobs to finish...
kablam! error: Could not compile `quasi`.
kablam! 
kablam! To learn more, run the command again with --verbose.
boom! running `docker rm -f 70f24cddcc19f77187119d7ce2945544b2c937577a48396c8220176966dceb4b`
blam! 70f24cddcc19f77187119d7ce2945544b2c937577a48396c8220176966dceb4b
