boom! testing quickcheck_macros-0.2.29 against beta for beta
boom! running: cargo +beta build --frozen
boom! creating container for: cargo +beta build --frozen
boom! running `docker create -v /home/ec2-user/cargobomb/./work/local/test-source/beta/beta:/source:ro -v /home/ec2-user/cargobomb/./work/local/cargo-home:/cargo-home:ro -v /home/ec2-user/cargobomb/./work/local/rustup-home:/rustup-home:ro -v /home/ec2-user/cargobomb/./work/local/target-dirs/beta/beta:/target:rw -e USER_ID=500 -e CMD=cargo +beta build --frozen cargobomb`
blam! d1372853ea54450f72b807958884a745ba94653deb46dd58cad5d188bb35e550
boom! running `docker start -a d1372853ea54450f72b807958884a745ba94653deb46dd58cad5d188bb35e550`
kablam! warning: file found to be present in multiple build targets: /source/examples/attribute.rs
kablam!    Compiling quickcheck_macros v0.2.29 (file:///source)
kablam! error[E0425]: cannot find function `intern` in module `token`
kablam!   --> src/lib.rs:27:35
kablam!    |
kablam! 27 |     reg.register_syntax_extension(token::intern("quickcheck"),
kablam!    |                                   ^^^^^^^^^^^^^ not found in `token`
kablam! 
kablam! error[E0425]: cannot find function `str_to_ident` in module `token`
kablam!   --> src/lib.rs:86:23
kablam!    |
kablam! 86 |     let check_ident = token::str_to_ident("quickcheck");
kablam!    |                       ^^^^^^^^^^^^^^^^^^^ not found in `token`
kablam! 
kablam! error[E0425]: cannot find function `intern_and_get_ident` in module `token`
kablam!    --> src/lib.rs:107:34
kablam!     |
kablam! 107 |         span, cx.meta_word(span, token::intern_and_get_ident("test"))));
kablam!     |                                  ^^^^^^^^^^^^^^^^^^^^^^^^^^^ not found in `token`
kablam! 
kablam! error[E0554]: #[feature] may not be used on the beta release channel
kablam!  --> src/lib.rs:8:1
kablam!   |
kablam! 8 | #![feature(plugin_registrar, rustc_private)]
kablam!   | ^^^^^^^^^^^^^^^^^^^^^^^^^^^^^^^^^^^^^^^^^^^^
kablam! 
kablam! error: aborting due to previous error
kablam! 
kablam! error: Could not compile `quickcheck_macros`.
kablam! 
kablam! To learn more, run the command again with --verbose.
boom! running `docker rm -f d1372853ea54450f72b807958884a745ba94653deb46dd58cad5d188bb35e550`
blam! d1372853ea54450f72b807958884a745ba94653deb46dd58cad5d188bb35e550
