boom! testing pkg-config-0.3.9 against nightly for nightly
boom! running: cargo +nightly build --frozen
boom! creating container for: cargo +nightly build --frozen
boom! running `docker create -v /home/ec2-user/cargobomb/./work/local/test-source/nightly/nightly:/source:ro -v /home/ec2-user/cargobomb/./work/local/cargo-home:/cargo-home:ro -v /home/ec2-user/cargobomb/./work/local/rustup-home:/rustup-home:ro -v /home/ec2-user/cargobomb/./work/local/target-dirs/nightly/nightly:/target:rw -e USER_ID=500 -e CMD=cargo +nightly build --frozen cargobomb`
blam! 85eda7dc22ea8035cb47fa45b7adef2b5ad7055b9f9ac36018c0a614fe9c2f43
boom! running `docker start -a 85eda7dc22ea8035cb47fa45b7adef2b5ad7055b9f9ac36018c0a614fe9c2f43`
kablam!    Compiling pkg-config v0.3.9 (file:///source)
kablam!     Finished dev [unoptimized + debuginfo] target(s) in 2.29 secs
boom! running `docker rm -f 85eda7dc22ea8035cb47fa45b7adef2b5ad7055b9f9ac36018c0a614fe9c2f43`
blam! 85eda7dc22ea8035cb47fa45b7adef2b5ad7055b9f9ac36018c0a614fe9c2f43
boom! running: cargo +nightly test --frozen --no-run
boom! creating container for: cargo +nightly test --frozen --no-run
boom! running `docker create -v /home/ec2-user/cargobomb/./work/local/test-source/nightly/nightly:/source:ro -v /home/ec2-user/cargobomb/./work/local/cargo-home:/cargo-home:ro -v /home/ec2-user/cargobomb/./work/local/rustup-home:/rustup-home:ro -v /home/ec2-user/cargobomb/./work/local/target-dirs/nightly/nightly:/target:rw -e USER_ID=500 -e CMD=cargo +nightly test --frozen --no-run cargobomb`
blam! 69784449347b9909c243f2cdebd4050e951dba09a9773c7617755db6cbde5c28
boom! running `docker start -a 69784449347b9909c243f2cdebd4050e951dba09a9773c7617755db6cbde5c28`
kablam!    Compiling pkg-config v0.3.9 (file:///source)
kablam!     Finished dev [unoptimized + debuginfo] target(s) in 3.41 secs
boom! running `docker rm -f 69784449347b9909c243f2cdebd4050e951dba09a9773c7617755db6cbde5c28`
blam! 69784449347b9909c243f2cdebd4050e951dba09a9773c7617755db6cbde5c28
boom! running: cargo +nightly test --frozen
boom! creating container for: cargo +nightly test --frozen
boom! running `docker create -v /home/ec2-user/cargobomb/./work/local/test-source/nightly/nightly:/source:ro -v /home/ec2-user/cargobomb/./work/local/cargo-home:/cargo-home:ro -v /home/ec2-user/cargobomb/./work/local/rustup-home:/rustup-home:ro -v /home/ec2-user/cargobomb/./work/local/target-dirs/nightly/nightly:/target:rw -e USER_ID=500 -e CMD=cargo +nightly test --frozen cargobomb`
blam! 16811ead0ae1f338fdd17ac5af0ac501987624ddc9f0697ffff875cc771ed220
boom! running `docker start -a 16811ead0ae1f338fdd17ac5af0ac501987624ddc9f0697ffff875cc771ed220`
kablam!     Finished dev [unoptimized + debuginfo] target(s) in 0.0 secs
kablam!      Running /target/debug/deps/pkg_config-8d630fa2e02ec1ae
blam! 
blam! running 0 tests
blam! 
blam! test result: ok. 0 passed; 0 failed; 0 ignored; 0 measured
blam! 
kablam!      Running /target/debug/deps/test-068cebba5a58ea63
blam! 
blam! running 7 tests
blam! test get_variable ... FAILED
blam! test cross_disabled ... ok
blam! test framework ... FAILED
blam! test cross_enabled ... FAILED
blam! test output_ok ... FAILED
blam! test package_disabled ... ok
blam! test version ... FAILED
blam! 
blam! failures:
blam! 
blam! ---- get_variable stdout ----
blam! 	thread 'get_variable' panicked at 'called `Result::unwrap()` on an `Err` value: Command { command: "\"pkg-config\" \"--variable=prefix\" \"foo\"", cause: Error { repr: Os { code: 2, message: "No such file or directory" } } }', /buildslave/rust-buildbot/slave/nightly-dist-rustc-linux/build/src/libcore/result.rs:870
blam! note: Run with `RUST_BACKTRACE=1` for a backtrace.
blam! 
blam! ---- framework stdout ----
blam! 	thread 'framework' panicked at 'called `Result::unwrap()` on an `Err` value: Command { command: "\"pkg-config\" \"--libs\" \"--cflags\" \"framework\"", cause: Error { repr: Os { code: 2, message: "No such file or directory" } } }', /buildslave/rust-buildbot/slave/nightly-dist-rustc-linux/build/src/libcore/result.rs:870
blam! 
blam! ---- cross_enabled stdout ----
blam! 	thread 'cross_enabled' panicked at 'called `Result::unwrap()` on an `Err` value: Command { command: "\"pkg-config\" \"--libs\" \"--cflags\" \"foo\"", cause: Error { repr: Os { code: 2, message: "No such file or directory" } } }', /buildslave/rust-buildbot/slave/nightly-dist-rustc-linux/build/src/libcore/result.rs:870
blam! 
blam! ---- output_ok stdout ----
blam! 	thread 'output_ok' panicked at 'called `Result::unwrap()` on an `Err` value: Command { command: "\"pkg-config\" \"--libs\" \"--cflags\" \"foo\"", cause: Error { repr: Os { code: 2, message: "No such file or directory" } } }', /buildslave/rust-buildbot/slave/nightly-dist-rustc-linux/build/src/libcore/result.rs:870
blam! 
blam! ---- version stdout ----
blam! 	thread 'version' panicked at 'called `Result::unwrap()` on an `Err` value: Command { command: "\"pkg-config\" \"--libs\" \"--cflags\" \"foo\"", cause: Error { repr: Os { code: 2, message: "No such file or directory" } } }', /buildslave/rust-buildbot/slave/nightly-dist-rustc-linux/build/src/libcore/result.rs:870
blam! 
blam! 
blam! failures:
blam!     cross_enabled
blam!     framework
blam!     get_variable
blam!     output_ok
blam!     version
blam! 
blam! test result: FAILED. 2 passed; 5 failed; 0 ignored; 0 measured
blam! 
kablam! error: test failed
boom! running `docker rm -f 16811ead0ae1f338fdd17ac5af0ac501987624ddc9f0697ffff875cc771ed220`
blam! 16811ead0ae1f338fdd17ac5af0ac501987624ddc9f0697ffff875cc771ed220
