boom! testing rustyline-1.0.0 against nightly for nightly
boom! running: cargo +nightly build --frozen
boom! creating container for: cargo +nightly build --frozen
boom! running `docker create -v /home/ec2-user/cargobomb/./work/local/test-source/nightly/nightly:/source:ro -v /home/ec2-user/cargobomb/./work/local/cargo-home:/cargo-home:ro -v /home/ec2-user/cargobomb/./work/local/rustup-home:/rustup-home:ro -v /home/ec2-user/cargobomb/./work/local/target-dirs/nightly/nightly:/target:rw -e USER_ID=500 -e CMD=cargo +nightly build --frozen cargobomb`
blam! 9a978cf9d30fec7788d697008ed49804d6db0219f5f40e30ae3dba1abdd63425
boom! running `docker start -a 9a978cf9d30fec7788d697008ed49804d6db0219f5f40e30ae3dba1abdd63425`
kablam!    Compiling rustyline v1.0.0 (file:///source)
kablam!     Finished dev [unoptimized + debuginfo] target(s) in 4.14 secs
boom! running `docker rm -f 9a978cf9d30fec7788d697008ed49804d6db0219f5f40e30ae3dba1abdd63425`
blam! 9a978cf9d30fec7788d697008ed49804d6db0219f5f40e30ae3dba1abdd63425
boom! running: cargo +nightly test --frozen --no-run
boom! creating container for: cargo +nightly test --frozen --no-run
boom! running `docker create -v /home/ec2-user/cargobomb/./work/local/test-source/nightly/nightly:/source:ro -v /home/ec2-user/cargobomb/./work/local/cargo-home:/cargo-home:ro -v /home/ec2-user/cargobomb/./work/local/rustup-home:/rustup-home:ro -v /home/ec2-user/cargobomb/./work/local/target-dirs/nightly/nightly:/target:rw -e USER_ID=500 -e CMD=cargo +nightly test --frozen --no-run cargobomb`
blam! 5bb089318e9887444fa07336a8b5d06dfae5b35081716563291c58d4aaaa620e
boom! running `docker start -a 5bb089318e9887444fa07336a8b5d06dfae5b35081716563291c58d4aaaa620e`
kablam!    Compiling rustyline v1.0.0 (file:///source)
kablam!     Finished dev [unoptimized + debuginfo] target(s) in 5.83 secs
boom! running `docker rm -f 5bb089318e9887444fa07336a8b5d06dfae5b35081716563291c58d4aaaa620e`
blam! 5bb089318e9887444fa07336a8b5d06dfae5b35081716563291c58d4aaaa620e
boom! running: cargo +nightly test --frozen
boom! creating container for: cargo +nightly test --frozen
boom! running `docker create -v /home/ec2-user/cargobomb/./work/local/test-source/nightly/nightly:/source:ro -v /home/ec2-user/cargobomb/./work/local/cargo-home:/cargo-home:ro -v /home/ec2-user/cargobomb/./work/local/rustup-home:/rustup-home:ro -v /home/ec2-user/cargobomb/./work/local/target-dirs/nightly/nightly:/target:rw -e USER_ID=500 -e CMD=cargo +nightly test --frozen cargobomb`
blam! 3504d8dbc5fb511c6cd6674d26ec6c44cfa1e870e0358e5438e5fe86eee67501
boom! running `docker start -a 3504d8dbc5fb511c6cd6674d26ec6c44cfa1e870e0358e5438e5fe86eee67501`
kablam!     Finished dev [unoptimized + debuginfo] target(s) in 0.0 secs
kablam!      Running /target/debug/deps/rustyline-51aeddbbcfa4db8e
blam! 
blam! running 29 tests
blam! test history::tests::new ... ok
blam! test history::tests::add ... ok
blam! test completion::tests::extract_word ... ok
blam! test history::tests::reverse_search ... ok
blam! test history::tests::search ... ok
blam! test history::tests::save ... FAILED
blam! test history::tests::set_max_len ... ok
blam! test kill_ring::tests::disabled ... ok
blam! test kill_ring::tests::kill_kill_backward ... ok
blam! test kill_ring::tests::kill_other_kill ... ok
blam! test kill_ring::tests::kill_kill_forward ... ok
blam! test kill_ring::tests::one_kill ... ok
blam! test kill_ring::tests::many_kill ... ok
blam! test kill_ring::tests::yank ... ok
blam! test line_buffer::test::delete_prev_word ... ok
blam! test line_buffer::test::delete ... ok
blam! test kill_ring::tests::yank_pop ... ok
blam! test line_buffer::test::edit_word ... ok
blam! test line_buffer::test::move_to_next_word ... ok
blam! test line_buffer::test::delete_word ... ok
blam! test line_buffer::test::insert ... ok
blam! test line_buffer::test::kill ... ok
blam! test line_buffer::test::move_to_prev_word ... ok
blam! test line_buffer::test::moves ... ok
blam! test line_buffer::test::transpose ... ok
blam! test test::edit_history_next ... ok
blam! test test::complete_line ... ok
blam! test line_buffer::test::transpose_words ... ok
blam! test test::prompt_with_ansi_escape_codes ... ok
blam! 
blam! failures:
blam! 
blam! ---- history::tests::save stdout ----
blam! 	thread 'history::tests::save' panicked at 'called `Result::unwrap()` on an `Err` value: Error { repr: Os { code: 30, message: "Read-only file system" } }', /buildslave/rust-buildbot/slave/nightly-dist-rustc-linux/build/src/libcore/result.rs:870
blam! note: Run with `RUST_BACKTRACE=1` for a backtrace.
blam! 
blam! 
blam! failures:
blam!     history::tests::save
blam! 
blam! test result: FAILED. 28 passed; 1 failed; 0 ignored; 0 measured
blam! 
kablam! error: test failed
boom! running `docker rm -f 3504d8dbc5fb511c6cd6674d26ec6c44cfa1e870e0358e5438e5fe86eee67501`
blam! 3504d8dbc5fb511c6cd6674d26ec6c44cfa1e870e0358e5438e5fe86eee67501
