boom! testing cairo-sys-rs-0.3.2 against beta for beta
boom! running: cargo +beta build --frozen
boom! creating container for: cargo +beta build --frozen
boom! running `docker create -v /home/ec2-user/cargobomb/./work/local/test-source/beta/beta:/source:ro -v /home/ec2-user/cargobomb/./work/local/cargo-home:/cargo-home:ro -v /home/ec2-user/cargobomb/./work/local/rustup-home:/rustup-home:ro -v /home/ec2-user/cargobomb/./work/local/target-dirs/beta/beta:/target:rw -e USER_ID=500 -e CMD=cargo +beta build --frozen cargobomb`
blam! bfc16fda47b3f9444b0476c23274786e7bb73e2a8f2e394205d1684478e47b12
boom! running `docker start -a bfc16fda47b3f9444b0476c23274786e7bb73e2a8f2e394205d1684478e47b12`
kablam!    Compiling cairo-sys-rs v0.3.2 (file:///source)
kablam!     Finished dev [unoptimized + debuginfo] target(s) in 1.20 secs
boom! running `docker rm -f bfc16fda47b3f9444b0476c23274786e7bb73e2a8f2e394205d1684478e47b12`
blam! bfc16fda47b3f9444b0476c23274786e7bb73e2a8f2e394205d1684478e47b12
boom! running: cargo +beta test --frozen --no-run
boom! creating container for: cargo +beta test --frozen --no-run
boom! running `docker create -v /home/ec2-user/cargobomb/./work/local/test-source/beta/beta:/source:ro -v /home/ec2-user/cargobomb/./work/local/cargo-home:/cargo-home:ro -v /home/ec2-user/cargobomb/./work/local/rustup-home:/rustup-home:ro -v /home/ec2-user/cargobomb/./work/local/target-dirs/beta/beta:/target:rw -e USER_ID=500 -e CMD=cargo +beta test --frozen --no-run cargobomb`
blam! 5ac0d6168ac09032f0893d2cc814af165b6a10a3b583772577f8252a83d82a64
boom! running `docker start -a 5ac0d6168ac09032f0893d2cc814af165b6a10a3b583772577f8252a83d82a64`
kablam!    Compiling cairo-sys-rs v0.3.2 (file:///source)
kablam! error: linking with `cc` failed: exit code: 1
kablam!   |
kablam!   = note: "cc" "-Wl,--as-needed" "-Wl,-z,noexecstack" "-m64" "-L" "/rustup-home/toolchains/beta-x86_64-unknown-linux-gnu/lib/rustlib/x86_64-unknown-linux-gnu/lib" "/target/debug/deps/cairo_sys-8b9d7ee2efdb8306.0.o" "-o" "/target/debug/deps/cairo_sys-8b9d7ee2efdb8306" "-Wl,--gc-sections" "-pie" "-nodefaultlibs" "-L" "/target/debug/deps" "-L" "/rustup-home/toolchains/beta-x86_64-unknown-linux-gnu/lib/rustlib/x86_64-unknown-linux-gnu/lib" "-Wl,-Bstatic" "-Wl,-Bdynamic" "-l" "cairo" "/target/debug/deps/liblibc-2a4507ee5e52ea3e.rlib" "/rustup-home/toolchains/beta-x86_64-unknown-linux-gnu/lib/rustlib/x86_64-unknown-linux-gnu/lib/libtest-495f7d16c61e193e.rlib" "/rustup-home/toolchains/beta-x86_64-unknown-linux-gnu/lib/rustlib/x86_64-unknown-linux-gnu/lib/libterm-7fad624c8a987316.rlib" "/rustup-home/toolchains/beta-x86_64-unknown-linux-gnu/lib/rustlib/x86_64-unknown-linux-gnu/lib/libgetopts-e268adbf4cfcbb37.rlib" "/rustup-home/toolchains/beta-x86_64-unknown-linux-gnu/lib/rustlib/x86_64-unknown-linux-gnu/lib/libstd-dfc89321dbee872e.rlib" "/rustup-home/toolchains/beta-x86_64-unknown-linux-gnu/lib/rustlib/x86_64-unknown-linux-gnu/lib/libpanic_unwind-b9a1672c9b07eb79.rlib" "/rustup-home/toolchains/beta-x86_64-unknown-linux-gnu/lib/rustlib/x86_64-unknown-linux-gnu/lib/libunwind-2368fc95b0a72ca5.rlib" "/rustup-home/toolchains/beta-x86_64-unknown-linux-gnu/lib/rustlib/x86_64-unknown-linux-gnu/lib/librand-7b8c40539a92cc94.rlib" "/rustup-home/toolchains/beta-x86_64-unknown-linux-gnu/lib/rustlib/x86_64-unknown-linux-gnu/lib/libcollections-248c1fb3029c3b47.rlib" "/rustup-home/toolchains/beta-x86_64-unknown-linux-gnu/lib/rustlib/x86_64-unknown-linux-gnu/lib/liballoc-716ec913507cca23.rlib" "/rustup-home/toolchains/beta-x86_64-unknown-linux-gnu/lib/rustlib/x86_64-unknown-linux-gnu/lib/liballoc_jemalloc-73671a945a075b27.rlib" "/rustup-home/toolchains/beta-x86_64-unknown-linux-gnu/lib/rustlib/x86_64-unknown-linux-gnu/lib/liblibc-40657eb22c503f7a.rlib" "/rustup-home/toolchains/beta-x86_64-unknown-linux-gnu/lib/rustlib/x86_64-unknown-linux-gnu/lib/libstd_unicode-86ff76aef4ef75d0.rlib" "/rustup-home/toolchains/beta-x86_64-unknown-linux-gnu/lib/rustlib/x86_64-unknown-linux-gnu/lib/libcore-3f5cb0b311b4f9c5.rlib" "/rustup-home/toolchains/beta-x86_64-unknown-linux-gnu/lib/rustlib/x86_64-unknown-linux-gnu/lib/libcompiler_builtins-a27e0b02588f3694.rlib" "-l" "util" "-l" "dl" "-l" "rt" "-l" "pthread" "-l" "gcc_s" "-l" "pthread" "-l" "c" "-l" "m" "-l" "rt" "-l" "util"
kablam!   = note: /usr/bin/ld: cannot find -lcairo
kablam!           collect2: error: ld returned 1 exit status
kablam!           
kablam! 
kablam! error: aborting due to previous error
kablam! 
kablam! error: Could not compile `cairo-sys-rs`.
kablam! 
kablam! To learn more, run the command again with --verbose.
boom! running `docker rm -f 5ac0d6168ac09032f0893d2cc814af165b6a10a3b583772577f8252a83d82a64`
blam! 5ac0d6168ac09032f0893d2cc814af165b6a10a3b583772577f8252a83d82a64
boom! running: cargo +beta test --frozen
boom! creating container for: cargo +beta test --frozen
boom! running `docker create -v /home/ec2-user/cargobomb/./work/local/test-source/beta/beta:/source:ro -v /home/ec2-user/cargobomb/./work/local/cargo-home:/cargo-home:ro -v /home/ec2-user/cargobomb/./work/local/rustup-home:/rustup-home:ro -v /home/ec2-user/cargobomb/./work/local/target-dirs/beta/beta:/target:rw -e USER_ID=500 -e CMD=cargo +beta test --frozen cargobomb`
blam! 5403b6d1bf6e9e3cb0fb6f0d20a96a4314bc98e4e8430f539b93403dc6675f18
boom! running `docker start -a 5403b6d1bf6e9e3cb0fb6f0d20a96a4314bc98e4e8430f539b93403dc6675f18`
kablam!    Compiling cairo-sys-rs v0.3.2 (file:///source)
kablam! error: linking with `cc` failed: exit code: 1
kablam!   |
kablam!   = note: "cc" "-Wl,--as-needed" "-Wl,-z,noexecstack" "-m64" "-L" "/rustup-home/toolchains/beta-x86_64-unknown-linux-gnu/lib/rustlib/x86_64-unknown-linux-gnu/lib" "/target/debug/deps/cairo_sys-8b9d7ee2efdb8306.0.o" "-o" "/target/debug/deps/cairo_sys-8b9d7ee2efdb8306" "-Wl,--gc-sections" "-pie" "-nodefaultlibs" "-L" "/target/debug/deps" "-L" "/rustup-home/toolchains/beta-x86_64-unknown-linux-gnu/lib/rustlib/x86_64-unknown-linux-gnu/lib" "-Wl,-Bstatic" "-Wl,-Bdynamic" "-l" "cairo" "/target/debug/deps/liblibc-2a4507ee5e52ea3e.rlib" "/rustup-home/toolchains/beta-x86_64-unknown-linux-gnu/lib/rustlib/x86_64-unknown-linux-gnu/lib/libtest-495f7d16c61e193e.rlib" "/rustup-home/toolchains/beta-x86_64-unknown-linux-gnu/lib/rustlib/x86_64-unknown-linux-gnu/lib/libterm-7fad624c8a987316.rlib" "/rustup-home/toolchains/beta-x86_64-unknown-linux-gnu/lib/rustlib/x86_64-unknown-linux-gnu/lib/libgetopts-e268adbf4cfcbb37.rlib" "/rustup-home/toolchains/beta-x86_64-unknown-linux-gnu/lib/rustlib/x86_64-unknown-linux-gnu/lib/libstd-dfc89321dbee872e.rlib" "/rustup-home/toolchains/beta-x86_64-unknown-linux-gnu/lib/rustlib/x86_64-unknown-linux-gnu/lib/libpanic_unwind-b9a1672c9b07eb79.rlib" "/rustup-home/toolchains/beta-x86_64-unknown-linux-gnu/lib/rustlib/x86_64-unknown-linux-gnu/lib/libunwind-2368fc95b0a72ca5.rlib" "/rustup-home/toolchains/beta-x86_64-unknown-linux-gnu/lib/rustlib/x86_64-unknown-linux-gnu/lib/librand-7b8c40539a92cc94.rlib" "/rustup-home/toolchains/beta-x86_64-unknown-linux-gnu/lib/rustlib/x86_64-unknown-linux-gnu/lib/libcollections-248c1fb3029c3b47.rlib" "/rustup-home/toolchains/beta-x86_64-unknown-linux-gnu/lib/rustlib/x86_64-unknown-linux-gnu/lib/liballoc-716ec913507cca23.rlib" "/rustup-home/toolchains/beta-x86_64-unknown-linux-gnu/lib/rustlib/x86_64-unknown-linux-gnu/lib/liballoc_jemalloc-73671a945a075b27.rlib" "/rustup-home/toolchains/beta-x86_64-unknown-linux-gnu/lib/rustlib/x86_64-unknown-linux-gnu/lib/liblibc-40657eb22c503f7a.rlib" "/rustup-home/toolchains/beta-x86_64-unknown-linux-gnu/lib/rustlib/x86_64-unknown-linux-gnu/lib/libstd_unicode-86ff76aef4ef75d0.rlib" "/rustup-home/toolchains/beta-x86_64-unknown-linux-gnu/lib/rustlib/x86_64-unknown-linux-gnu/lib/libcore-3f5cb0b311b4f9c5.rlib" "/rustup-home/toolchains/beta-x86_64-unknown-linux-gnu/lib/rustlib/x86_64-unknown-linux-gnu/lib/libcompiler_builtins-a27e0b02588f3694.rlib" "-l" "util" "-l" "dl" "-l" "rt" "-l" "pthread" "-l" "gcc_s" "-l" "pthread" "-l" "c" "-l" "m" "-l" "rt" "-l" "util"
kablam!   = note: /usr/bin/ld: cannot find -lcairo
kablam!           collect2: error: ld returned 1 exit status
kablam!           
kablam! 
kablam! error: aborting due to previous error
kablam! 
kablam! error: Could not compile `cairo-sys-rs`.
kablam! 
kablam! To learn more, run the command again with --verbose.
boom! running `docker rm -f 5403b6d1bf6e9e3cb0fb6f0d20a96a4314bc98e4e8430f539b93403dc6675f18`
blam! 5403b6d1bf6e9e3cb0fb6f0d20a96a4314bc98e4e8430f539b93403dc6675f18
