boom! testing truetype-0.24.0 against stable for beta
boom! running: cargo +stable build --frozen
boom! creating container for: cargo +stable build --frozen
boom! running `docker create -v /home/ec2-user/cargobomb/./work/local/test-source/beta/stable:/source:ro -v /home/ec2-user/cargobomb/./work/local/cargo-home:/cargo-home:ro -v /home/ec2-user/cargobomb/./work/local/rustup-home:/rustup-home:ro -v /home/ec2-user/cargobomb/./work/local/target-dirs/beta/stable:/target:rw -e USER_ID=500 -e CMD=cargo +stable build --frozen cargobomb`
blam! 54c91400d632164ffdc63d529f7d8c355cb5fc833126ef31a2d0116b29a3eb6e
boom! running `docker start -a 54c91400d632164ffdc63d529f7d8c355cb5fc833126ef31a2d0116b29a3eb6e`
kablam!    Compiling truetype v0.24.0 (file:///source)
kablam!     Finished debug [unoptimized + debuginfo] target(s) in 2.88 secs
boom! running `docker rm -f 54c91400d632164ffdc63d529f7d8c355cb5fc833126ef31a2d0116b29a3eb6e`
blam! 54c91400d632164ffdc63d529f7d8c355cb5fc833126ef31a2d0116b29a3eb6e
boom! running: cargo +stable test --frozen --no-run
boom! creating container for: cargo +stable test --frozen --no-run
boom! running `docker create -v /home/ec2-user/cargobomb/./work/local/test-source/beta/stable:/source:ro -v /home/ec2-user/cargobomb/./work/local/cargo-home:/cargo-home:ro -v /home/ec2-user/cargobomb/./work/local/rustup-home:/rustup-home:ro -v /home/ec2-user/cargobomb/./work/local/target-dirs/beta/stable:/target:rw -e USER_ID=500 -e CMD=cargo +stable test --frozen --no-run cargobomb`
blam! 148aa7f5e0e2df3b6b10019ce551e32eafac0b138f0b555029ad5e38bf9b6507
boom! running `docker start -a 148aa7f5e0e2df3b6b10019ce551e32eafac0b138f0b555029ad5e38bf9b6507`
kablam!    Compiling truetype v0.24.0 (file:///source)
kablam!     Finished debug [unoptimized + debuginfo] target(s) in 4.88 secs
boom! running `docker rm -f 148aa7f5e0e2df3b6b10019ce551e32eafac0b138f0b555029ad5e38bf9b6507`
blam! 148aa7f5e0e2df3b6b10019ce551e32eafac0b138f0b555029ad5e38bf9b6507
boom! running: cargo +stable test --frozen
boom! creating container for: cargo +stable test --frozen
boom! running `docker create -v /home/ec2-user/cargobomb/./work/local/test-source/beta/stable:/source:ro -v /home/ec2-user/cargobomb/./work/local/cargo-home:/cargo-home:ro -v /home/ec2-user/cargobomb/./work/local/rustup-home:/rustup-home:ro -v /home/ec2-user/cargobomb/./work/local/target-dirs/beta/stable:/target:rw -e USER_ID=500 -e CMD=cargo +stable test --frozen cargobomb`
blam! 0b2eef55c1db512928b48283b8671e448a5136bc59514618759c572a16366624
boom! running `docker start -a 0b2eef55c1db512928b48283b8671e448a5136bc59514618759c572a16366624`
kablam!     Finished debug [unoptimized + debuginfo] target(s) in 0.0 secs
kablam!      Running /target/debug/deps/fixture-423088f6e3823ca9
blam! 
blam! running 0 tests
blam! 
kablam!      Running /target/debug/deps/lib-0c67981f63c95158
blam! test result: ok. 0 passed; 0 failed; 0 ignored; 0 measured
blam! 
blam! 
blam! running 13 tests
blam! test char_mapping_header ... FAILED
blam! test encoding_records ... FAILED
blam! test char_mapping_records ... FAILED
blam! test font_header ... FAILED
blam! test glyph_data ... FAILED
blam! test glyph_mapping ... FAILED
blam! test horizontal_header ... FAILED
blam! test naming_table ... FAILED
blam! test maximum_profile ... FAILED
blam! test horizontal_metrics ... FAILED
blam! test offset_table ... FAILED
blam! test postscript ... FAILED
blam! test windows_metrics ... FAILED
blam! 
blam! failures:
blam! 
blam! ---- char_mapping_header stdout ----
blam! 	thread 'char_mapping_header' panicked at 'called `Result::unwrap()` on an `Err` value: Error { repr: Os { code: 2, message: "No such file or directory" } }', /buildslave/rust-buildbot/slave/stable-dist-rustc-linux/build/src/libcore/result.rs:837
blam! note: Run with `RUST_BACKTRACE=1` for a backtrace.
blam! 
blam! ---- encoding_records stdout ----
blam! 	thread 'encoding_records' panicked at 'called `Result::unwrap()` on an `Err` value: Error { repr: Os { code: 2, message: "No such file or directory" } }', /buildslave/rust-buildbot/slave/stable-dist-rustc-linux/build/src/libcore/result.rs:837
blam! 
kablam! error: test failed
blam! ---- char_mapping_records stdout ----
blam! 	thread 'char_mapping_records' panicked at 'called `Result::unwrap()` on an `Err` value: Error { repr: Os { code: 2, message: "No such file or directory" } }', /buildslave/rust-buildbot/slave/stable-dist-rustc-linux/build/src/libcore/result.rs:837
blam! 
blam! ---- font_header stdout ----
blam! 	thread 'font_header' panicked at 'called `Result::unwrap()` on an `Err` value: Error { repr: Os { code: 2, message: "No such file or directory" } }', /buildslave/rust-buildbot/slave/stable-dist-rustc-linux/build/src/libcore/result.rs:837
blam! 
blam! ---- glyph_data stdout ----
blam! 	thread 'glyph_data' panicked at 'called `Result::unwrap()` on an `Err` value: Error { repr: Os { code: 2, message: "No such file or directory" } }', /buildslave/rust-buildbot/slave/stable-dist-rustc-linux/build/src/libcore/result.rs:837
blam! 
blam! ---- glyph_mapping stdout ----
blam! 	thread 'glyph_mapping' panicked at 'called `Result::unwrap()` on an `Err` value: Error { repr: Os { code: 2, message: "No such file or directory" } }', /buildslave/rust-buildbot/slave/stable-dist-rustc-linux/build/src/libcore/result.rs:837
blam! 
blam! ---- horizontal_header stdout ----
blam! 	thread 'horizontal_header' panicked at 'called `Result::unwrap()` on an `Err` value: Error { repr: Os { code: 2, message: "No such file or directory" } }', /buildslave/rust-buildbot/slave/stable-dist-rustc-linux/build/src/libcore/result.rs:837
blam! 
blam! ---- naming_table stdout ----
blam! 	thread 'naming_table' panicked at 'called `Result::unwrap()` on an `Err` value: Error { repr: Os { code: 2, message: "No such file or directory" } }', /buildslave/rust-buildbot/slave/stable-dist-rustc-linux/build/src/libcore/result.rs:837
blam! 
blam! ---- maximum_profile stdout ----
blam! 	thread 'maximum_profile' panicked at 'called `Result::unwrap()` on an `Err` value: Error { repr: Os { code: 2, message: "No such file or directory" } }', /buildslave/rust-buildbot/slave/stable-dist-rustc-linux/build/src/libcore/result.rs:837
blam! 
blam! ---- horizontal_metrics stdout ----
blam! 	thread 'horizontal_metrics' panicked at 'called `Result::unwrap()` on an `Err` value: Error { repr: Os { code: 2, message: "No such file or directory" } }', /buildslave/rust-buildbot/slave/stable-dist-rustc-linux/build/src/libcore/result.rs:837
blam! 
blam! ---- offset_table stdout ----
blam! 	thread 'offset_table' panicked at 'called `Result::unwrap()` on an `Err` value: Error { repr: Os { code: 2, message: "No such file or directory" } }', /buildslave/rust-buildbot/slave/stable-dist-rustc-linux/build/src/libcore/result.rs:837
blam! 
blam! ---- postscript stdout ----
blam! 	thread 'postscript' panicked at 'called `Result::unwrap()` on an `Err` value: Error { repr: Os { code: 2, message: "No such file or directory" } }', /buildslave/rust-buildbot/slave/stable-dist-rustc-linux/build/src/libcore/result.rs:837
blam! 
blam! ---- windows_metrics stdout ----
blam! 	thread 'windows_metrics' panicked at 'called `Result::unwrap()` on an `Err` value: Error { repr: Os { code: 2, message: "No such file or directory" } }', /buildslave/rust-buildbot/slave/stable-dist-rustc-linux/build/src/libcore/result.rs:837
blam! 
blam! 
blam! failures:
blam!     char_mapping_header
blam!     char_mapping_records
blam!     encoding_records
blam!     font_header
blam!     glyph_data
blam!     glyph_mapping
blam!     horizontal_header
blam!     horizontal_metrics
blam!     maximum_profile
blam!     naming_table
blam!     offset_table
blam!     postscript
blam!     windows_metrics
blam! 
blam! test result: FAILED. 0 passed; 13 failed; 0 ignored; 0 measured
blam! 
boom! running `docker rm -f 0b2eef55c1db512928b48283b8671e448a5136bc59514618759c572a16366624`
blam! 0b2eef55c1db512928b48283b8671e448a5136bc59514618759c572a16366624
