boom! testing bspline-0.2.2 against nightly for nightly
boom! running: cargo +nightly build --frozen
boom! creating container for: cargo +nightly build --frozen
boom! running `docker create -v /home/ec2-user/cargobomb/./work/local/test-source/nightly/nightly:/source:ro -v /home/ec2-user/cargobomb/./work/local/cargo-home:/cargo-home:ro -v /home/ec2-user/cargobomb/./work/local/rustup-home:/rustup-home:ro -v /home/ec2-user/cargobomb/./work/local/target-dirs/nightly/nightly:/target:rw -e USER_ID=500 -e CMD=cargo +nightly build --frozen cargobomb`
blam! 19a25e38c34d467656d693e397b9a821a93a833cc8de8659679ac73dc8c9bf60
boom! running `docker start -a 19a25e38c34d467656d693e397b9a821a93a833cc8de8659679ac73dc8c9bf60`
kablam!    Compiling bspline v0.2.2 (file:///source)
kablam!     Finished dev [unoptimized + debuginfo] target(s) in 0.96 secs
boom! running `docker rm -f 19a25e38c34d467656d693e397b9a821a93a833cc8de8659679ac73dc8c9bf60`
blam! 19a25e38c34d467656d693e397b9a821a93a833cc8de8659679ac73dc8c9bf60
boom! running: cargo +nightly test --frozen --no-run
boom! creating container for: cargo +nightly test --frozen --no-run
boom! running `docker create -v /home/ec2-user/cargobomb/./work/local/test-source/nightly/nightly:/source:ro -v /home/ec2-user/cargobomb/./work/local/cargo-home:/cargo-home:ro -v /home/ec2-user/cargobomb/./work/local/rustup-home:/rustup-home:ro -v /home/ec2-user/cargobomb/./work/local/target-dirs/nightly/nightly:/target:rw -e USER_ID=500 -e CMD=cargo +nightly test --frozen --no-run cargobomb`
blam! f66309a1a11821095a150a971e45c932ccac19de2edc7b5b14136d0d2444f140
boom! running `docker start -a f66309a1a11821095a150a971e45c932ccac19de2edc7b5b14136d0d2444f140`
kablam!    Compiling lzw v0.8.0
kablam!    Compiling enum_primitive v0.0.1
kablam!    Compiling png v0.3.1
kablam! error[E0425]: cannot find value `TRANSFORM_EXPAND` in the crate root
kablam!   --> /cargo-home/registry/src/github.com-1ecc6299db9ec823/png-0.3.1/src/decoder/mod.rs:68:24
kablam!    |
kablam! 68 |             transform: ::TRANSFORM_EXPAND | ::TRANSFORM_SCALE_16 | ::TRANSFORM_STRIP_16,
kablam!    |                        ^^^^^^^^^^^^^^^^^^ not found in the crate root
kablam!    |
kablam!    = help: possible candidate is found in another module, you can import it into scope:
kablam!              `use common::TRANSFORM_EXPAND;`
kablam! 
kablam! error[E0425]: cannot find value `TRANSFORM_SCALE_16` in the crate root
kablam!   --> /cargo-home/registry/src/github.com-1ecc6299db9ec823/png-0.3.1/src/decoder/mod.rs:68:45
kablam!    |
kablam! 68 |             transform: ::TRANSFORM_EXPAND | ::TRANSFORM_SCALE_16 | ::TRANSFORM_STRIP_16,
kablam!    |                                             ^^^^^^^^^^^^^^^^^^^^ not found in the crate root
kablam!    |
kablam!    = help: possible candidate is found in another module, you can import it into scope:
kablam!              `use common::TRANSFORM_SCALE_16;`
kablam! 
kablam! error[E0425]: cannot find value `TRANSFORM_STRIP_16` in the crate root
kablam!   --> /cargo-home/registry/src/github.com-1ecc6299db9ec823/png-0.3.1/src/decoder/mod.rs:68:68
kablam!    |
kablam! 68 |             transform: ::TRANSFORM_EXPAND | ::TRANSFORM_SCALE_16 | ::TRANSFORM_STRIP_16,
kablam!    |                                                                    ^^^^^^^^^^^^^^^^^^^^ not found in the crate root
kablam!    |
kablam!    = help: possible candidate is found in another module, you can import it into scope:
kablam!              `use common::TRANSFORM_STRIP_16;`
kablam! 
kablam! error[E0425]: cannot find value `TRANSFORM_IDENTITY` in the crate root
kablam!    --> /cargo-home/registry/src/github.com-1ecc6299db9ec823/png-0.3.1/src/decoder/mod.rs:250:25
kablam!     |
kablam! 250 |         if transform == ::TRANSFORM_IDENTITY {
kablam!     |                         ^^^^^^^^^^^^^^^^^^^^ not found in the crate root
kablam!     |
kablam!     = help: possible candidate is found in another module, you can import it into scope:
kablam!               `use common::TRANSFORM_IDENTITY;`
kablam! 
kablam! error[E0425]: cannot find value `TRANSFORM_EXPAND` in the crate root
kablam!    --> /cargo-home/registry/src/github.com-1ecc6299db9ec823/png-0.3.1/src/decoder/mod.rs:271:39
kablam!     |
kablam! 271 |                 if transform.contains(::TRANSFORM_EXPAND) {
kablam!     |                                       ^^^^^^^^^^^^^^^^^^ not found in the crate root
kablam!     |
kablam!     = help: possible candidate is found in another module, you can import it into scope:
kablam!               `use common::TRANSFORM_EXPAND;`
kablam! 
kablam! error[E0425]: cannot find value `TRANSFORM_SCALE_16` in the crate root
kablam!    --> /cargo-home/registry/src/github.com-1ecc6299db9ec823/png-0.3.1/src/decoder/mod.rs:291:60
kablam!     |
kablam! 291 |                 if bit_depth == 16 && transform.intersects(::TRANSFORM_SCALE_16 | ::TRANSFORM_STRIP_16) {
kablam!     |                                                            ^^^^^^^^^^^^^^^^^^^^ not found in the crate root
kablam!     |
kablam!     = help: possible candidate is found in another module, you can import it into scope:
kablam!               `use common::TRANSFORM_SCALE_16;`
kablam! 
kablam! error[E0425]: cannot find value `TRANSFORM_STRIP_16` in the crate root
kablam!    --> /cargo-home/registry/src/github.com-1ecc6299db9ec823/png-0.3.1/src/decoder/mod.rs:291:83
kablam!     |
kablam! 291 |                 if bit_depth == 16 && transform.intersects(::TRANSFORM_SCALE_16 | ::TRANSFORM_STRIP_16) {
kablam!     |                                                                                   ^^^^^^^^^^^^^^^^^^^^ not found in the crate root
kablam!     |
kablam!     = help: possible candidate is found in another module, you can import it into scope:
kablam!               `use common::TRANSFORM_STRIP_16;`
kablam! 
kablam! error[E0425]: cannot find value `TRANSFORM_IDENTITY` in the crate root
kablam!    --> /cargo-home/registry/src/github.com-1ecc6299db9ec823/png-0.3.1/src/decoder/mod.rs:313:17
kablam!     |
kablam! 313 |         if t == ::TRANSFORM_IDENTITY {
kablam!     |                 ^^^^^^^^^^^^^^^^^^^^ not found in the crate root
kablam!     |
kablam!     = help: possible candidate is found in another module, you can import it into scope:
kablam!               `use common::TRANSFORM_IDENTITY;`
kablam! 
kablam! error[E0425]: cannot find value `TRANSFORM_SCALE_16` in the crate root
kablam!    --> /cargo-home/registry/src/github.com-1ecc6299db9ec823/png-0.3.1/src/decoder/mod.rs:318:21
kablam!     |
kablam! 318 |                     ::TRANSFORM_SCALE_16 | ::TRANSFORM_STRIP_16
kablam!     |                     ^^^^^^^^^^^^^^^^^^^^ not found in the crate root
kablam!     |
kablam!     = help: possible candidate is found in another module, you can import it into scope:
kablam!               `use common::TRANSFORM_SCALE_16;`
kablam! 
kablam! error[E0425]: cannot find value `TRANSFORM_STRIP_16` in the crate root
kablam!    --> /cargo-home/registry/src/github.com-1ecc6299db9ec823/png-0.3.1/src/decoder/mod.rs:318:44
kablam!     |
kablam! 318 |                     ::TRANSFORM_SCALE_16 | ::TRANSFORM_STRIP_16
kablam!     |                                            ^^^^^^^^^^^^^^^^^^^^ not found in the crate root
kablam!     |
kablam!     = help: possible candidate is found in another module, you can import it into scope:
kablam!               `use common::TRANSFORM_STRIP_16;`
kablam! 
kablam! error[E0425]: cannot find value `TRANSFORM_EXPAND` in the crate root
kablam!    --> /cargo-home/registry/src/github.com-1ecc6299db9ec823/png-0.3.1/src/decoder/mod.rs:320:33
kablam!     |
kablam! 320 |                 _ if t.contains(::TRANSFORM_EXPAND) => 8,
kablam!     |                                 ^^^^^^^^^^^^^^^^^^ not found in the crate root
kablam!     |
kablam!     = help: possible candidate is found in another module, you can import it into scope:
kablam!               `use common::TRANSFORM_EXPAND;`
kablam! 
kablam! error[E0425]: cannot find value `TRANSFORM_EXPAND` in the crate root
kablam!    --> /cargo-home/registry/src/github.com-1ecc6299db9ec823/png-0.3.1/src/decoder/mod.rs:323:44
kablam!     |
kablam! 323 |             let color_type = if t.contains(::TRANSFORM_EXPAND) {
kablam!     |                                            ^^^^^^^^^^^^^^^^^^ not found in the crate root
kablam!     |
kablam!     = help: possible candidate is found in another module, you can import it into scope:
kablam!               `use common::TRANSFORM_EXPAND;`
kablam! 
kablam! error[E0425]: cannot find value `TRANSFORM_SCALE_16` in the crate root
kablam!    --> /cargo-home/registry/src/github.com-1ecc6299db9ec823/png-0.3.1/src/decoder/mod.rs:351:13
kablam!     |
kablam! 351 |             ::TRANSFORM_SCALE_16 | ::TRANSFORM_STRIP_16
kablam!     |             ^^^^^^^^^^^^^^^^^^^^ not found in the crate root
kablam!     |
kablam!     = help: possible candidate is found in another module, you can import it into scope:
kablam!               `use common::TRANSFORM_SCALE_16;`
kablam! 
kablam! error[E0425]: cannot find value `TRANSFORM_STRIP_16` in the crate root
kablam!    --> /cargo-home/registry/src/github.com-1ecc6299db9ec823/png-0.3.1/src/decoder/mod.rs:351:36
kablam!     |
kablam! 351 |             ::TRANSFORM_SCALE_16 | ::TRANSFORM_STRIP_16
kablam!     |                                    ^^^^^^^^^^^^^^^^^^^^ not found in the crate root
kablam!     |
kablam!     = help: possible candidate is found in another module, you can import it into scope:
kablam!               `use common::TRANSFORM_STRIP_16;`
kablam! 
kablam! error[E0425]: cannot find value `TRANSFORM_EXPAND` in the crate root
kablam!    --> /cargo-home/registry/src/github.com-1ecc6299db9ec823/png-0.3.1/src/decoder/mod.rs:367:43
kablam!     |
kablam! 367 |             Indexed if trns && t.contains(::TRANSFORM_EXPAND) => 4 * 8,
kablam!     |                                           ^^^^^^^^^^^^^^^^^^ not found in the crate root
kablam!     |
kablam!     = help: possible candidate is found in another module, you can import it into scope:
kablam!               `use common::TRANSFORM_EXPAND;`
kablam! 
kablam! error[E0425]: cannot find value `TRANSFORM_EXPAND` in the crate root
kablam!    --> /cargo-home/registry/src/github.com-1ecc6299db9ec823/png-0.3.1/src/decoder/mod.rs:368:35
kablam!     |
kablam! 368 |             Indexed if t.contains(::TRANSFORM_EXPAND) => 3 * 8,
kablam!     |                                   ^^^^^^^^^^^^^^^^^^ not found in the crate root
kablam!     |
kablam!     = help: possible candidate is found in another module, you can import it into scope:
kablam!               `use common::TRANSFORM_EXPAND;`
kablam! 
kablam! error[E0425]: cannot find value `TRANSFORM_EXPAND` in the crate root
kablam!    --> /cargo-home/registry/src/github.com-1ecc6299db9ec823/png-0.3.1/src/decoder/mod.rs:369:39
kablam!     |
kablam! 369 |             RGB if trns && t.contains(::TRANSFORM_EXPAND) => 4 * 8,
kablam!     |                                       ^^^^^^^^^^^^^^^^^^ not found in the crate root
kablam!     |
kablam!     = help: possible candidate is found in another module, you can import it into scope:
kablam!               `use common::TRANSFORM_EXPAND;`
kablam! 
kablam! error[E0425]: cannot find value `TRANSFORM_EXPAND` in the crate root
kablam!    --> /cargo-home/registry/src/github.com-1ecc6299db9ec823/png-0.3.1/src/decoder/mod.rs:370:45
kablam!     |
kablam! 370 |             Grayscale if trns && t.contains(::TRANSFORM_EXPAND) => 2 * 8,
kablam!     |                                             ^^^^^^^^^^^^^^^^^^ not found in the crate root
kablam!     |
kablam!     = help: possible candidate is found in another module, you can import it into scope:
kablam!               `use common::TRANSFORM_EXPAND;`
kablam! 
kablam! error[E0425]: cannot find value `TRANSFORM_EXPAND` in the crate root
kablam!    --> /cargo-home/registry/src/github.com-1ecc6299db9ec823/png-0.3.1/src/decoder/mod.rs:371:37
kablam!     |
kablam! 371 |             Grayscale if t.contains(::TRANSFORM_EXPAND) => 1 * 8,
kablam!     |                                     ^^^^^^^^^^^^^^^^^^ not found in the crate root
kablam!     |
kablam!     = help: possible candidate is found in another module, you can import it into scope:
kablam!               `use common::TRANSFORM_EXPAND;`
kablam! 
kablam! error[E0425]: cannot find value `TRANSFORM_EXPAND` in the crate root
kablam!    --> /cargo-home/registry/src/github.com-1ecc6299db9ec823/png-0.3.1/src/decoder/mod.rs:372:42
kablam!     |
kablam! 372 |             GrayscaleAlpha if t.contains(::TRANSFORM_EXPAND) => 2 * 8,
kablam!     |                                          ^^^^^^^^^^^^^^^^^^ not found in the crate root
kablam!     |
kablam!     = help: possible candidate is found in another module, you can import it into scope:
kablam!               `use common::TRANSFORM_EXPAND;`
kablam! 
kablam! error: struct `Transformations` is private
kablam!   --> /cargo-home/registry/src/github.com-1ecc6299db9ec823/png-0.3.1/src/decoder/mod.rs:11:41
kablam!    |
kablam! 11 | use common::{ColorType, BitDepth, Info, Transformations};
kablam!    |                                         ^^^^^^^^^^^^^^^
kablam! 
kablam!    Compiling gif v0.5.1
kablam! error: the type of this value must be known in this context
kablam!    --> /cargo-home/registry/src/github.com-1ecc6299db9ec823/png-0.3.1/src/decoder/mod.rs:367:32
kablam!     |
kablam! 367 |             Indexed if trns && t.contains(::TRANSFORM_EXPAND) => 4 * 8,
kablam!     |                                ^^^^^^^^^^^^^^^^^^^^^^^^^^^^^^
kablam! 
kablam! error: aborting due to previous error
kablam! 
kablam! error: Could not compile `png`.
kablam! 
kablam! To learn more, run the command again with --verbose.
boom! running `docker rm -f f66309a1a11821095a150a971e45c932ccac19de2edc7b5b14136d0d2444f140`
blam! f66309a1a11821095a150a971e45c932ccac19de2edc7b5b14136d0d2444f140
boom! running: cargo +nightly test --frozen
boom! creating container for: cargo +nightly test --frozen
boom! running `docker create -v /home/ec2-user/cargobomb/./work/local/test-source/nightly/nightly:/source:ro -v /home/ec2-user/cargobomb/./work/local/cargo-home:/cargo-home:ro -v /home/ec2-user/cargobomb/./work/local/rustup-home:/rustup-home:ro -v /home/ec2-user/cargobomb/./work/local/target-dirs/nightly/nightly:/target:rw -e USER_ID=500 -e CMD=cargo +nightly test --frozen cargobomb`
blam! d17a86b684646e04bfaa954ca6f6a330930b2bb15d760f7ca8a3784be4ab4946
boom! running `docker start -a d17a86b684646e04bfaa954ca6f6a330930b2bb15d760f7ca8a3784be4ab4946`
kablam!    Compiling png v0.3.1
kablam! error[E0425]: cannot find value `TRANSFORM_EXPAND` in the crate root
kablam!   --> /cargo-home/registry/src/github.com-1ecc6299db9ec823/png-0.3.1/src/decoder/mod.rs:68:24
kablam!    |
kablam! 68 |             transform: ::TRANSFORM_EXPAND | ::TRANSFORM_SCALE_16 | ::TRANSFORM_STRIP_16,
kablam!    |                        ^^^^^^^^^^^^^^^^^^ not found in the crate root
kablam!    |
kablam!    = help: possible candidate is found in another module, you can import it into scope:
kablam!              `use common::TRANSFORM_EXPAND;`
kablam! 
kablam! error[E0425]: cannot find value `TRANSFORM_SCALE_16` in the crate root
kablam!   --> /cargo-home/registry/src/github.com-1ecc6299db9ec823/png-0.3.1/src/decoder/mod.rs:68:45
kablam!    |
kablam! 68 |             transform: ::TRANSFORM_EXPAND | ::TRANSFORM_SCALE_16 | ::TRANSFORM_STRIP_16,
kablam!    |                                             ^^^^^^^^^^^^^^^^^^^^ not found in the crate root
kablam!    |
kablam!    = help: possible candidate is found in another module, you can import it into scope:
kablam!              `use common::TRANSFORM_SCALE_16;`
kablam! 
kablam! error[E0425]: cannot find value `TRANSFORM_STRIP_16` in the crate root
kablam!   --> /cargo-home/registry/src/github.com-1ecc6299db9ec823/png-0.3.1/src/decoder/mod.rs:68:68
kablam!    |
kablam! 68 |             transform: ::TRANSFORM_EXPAND | ::TRANSFORM_SCALE_16 | ::TRANSFORM_STRIP_16,
kablam!    |                                                                    ^^^^^^^^^^^^^^^^^^^^ not found in the crate root
kablam!    |
kablam!    = help: possible candidate is found in another module, you can import it into scope:
kablam!              `use common::TRANSFORM_STRIP_16;`
kablam! 
kablam! error[E0425]: cannot find value `TRANSFORM_IDENTITY` in the crate root
kablam!    --> /cargo-home/registry/src/github.com-1ecc6299db9ec823/png-0.3.1/src/decoder/mod.rs:250:25
kablam!     |
kablam! 250 |         if transform == ::TRANSFORM_IDENTITY {
kablam!     |                         ^^^^^^^^^^^^^^^^^^^^ not found in the crate root
kablam!     |
kablam!     = help: possible candidate is found in another module, you can import it into scope:
kablam!               `use common::TRANSFORM_IDENTITY;`
kablam! 
kablam! error[E0425]: cannot find value `TRANSFORM_EXPAND` in the crate root
kablam!    --> /cargo-home/registry/src/github.com-1ecc6299db9ec823/png-0.3.1/src/decoder/mod.rs:271:39
kablam!     |
kablam! 271 |                 if transform.contains(::TRANSFORM_EXPAND) {
kablam!     |                                       ^^^^^^^^^^^^^^^^^^ not found in the crate root
kablam!     |
kablam!     = help: possible candidate is found in another module, you can import it into scope:
kablam!               `use common::TRANSFORM_EXPAND;`
kablam! 
kablam! error[E0425]: cannot find value `TRANSFORM_SCALE_16` in the crate root
kablam!    --> /cargo-home/registry/src/github.com-1ecc6299db9ec823/png-0.3.1/src/decoder/mod.rs:291:60
kablam!     |
kablam! 291 |                 if bit_depth == 16 && transform.intersects(::TRANSFORM_SCALE_16 | ::TRANSFORM_STRIP_16) {
kablam!     |                                                            ^^^^^^^^^^^^^^^^^^^^ not found in the crate root
kablam!     |
kablam!     = help: possible candidate is found in another module, you can import it into scope:
kablam!               `use common::TRANSFORM_SCALE_16;`
kablam! 
kablam! error[E0425]: cannot find value `TRANSFORM_STRIP_16` in the crate root
kablam!    --> /cargo-home/registry/src/github.com-1ecc6299db9ec823/png-0.3.1/src/decoder/mod.rs:291:83
kablam!     |
kablam! 291 |                 if bit_depth == 16 && transform.intersects(::TRANSFORM_SCALE_16 | ::TRANSFORM_STRIP_16) {
kablam!     |                                                                                   ^^^^^^^^^^^^^^^^^^^^ not found in the crate root
kablam!     |
kablam!     = help: possible candidate is found in another module, you can import it into scope:
kablam!               `use common::TRANSFORM_STRIP_16;`
kablam! 
kablam! error[E0425]: cannot find value `TRANSFORM_IDENTITY` in the crate root
kablam!    --> /cargo-home/registry/src/github.com-1ecc6299db9ec823/png-0.3.1/src/decoder/mod.rs:313:17
kablam!     |
kablam! 313 |         if t == ::TRANSFORM_IDENTITY {
kablam!     |                 ^^^^^^^^^^^^^^^^^^^^ not found in the crate root
kablam!     |
kablam!     = help: possible candidate is found in another module, you can import it into scope:
kablam!               `use common::TRANSFORM_IDENTITY;`
kablam! 
kablam! error[E0425]: cannot find value `TRANSFORM_SCALE_16` in the crate root
kablam!    --> /cargo-home/registry/src/github.com-1ecc6299db9ec823/png-0.3.1/src/decoder/mod.rs:318:21
kablam!     |
kablam! 318 |                     ::TRANSFORM_SCALE_16 | ::TRANSFORM_STRIP_16
kablam!     |                     ^^^^^^^^^^^^^^^^^^^^ not found in the crate root
kablam!     |
kablam!     = help: possible candidate is found in another module, you can import it into scope:
kablam!               `use common::TRANSFORM_SCALE_16;`
kablam! 
kablam! error[E0425]: cannot find value `TRANSFORM_STRIP_16` in the crate root
kablam!    --> /cargo-home/registry/src/github.com-1ecc6299db9ec823/png-0.3.1/src/decoder/mod.rs:318:44
kablam!     |
kablam! 318 |                     ::TRANSFORM_SCALE_16 | ::TRANSFORM_STRIP_16
kablam!     |                                            ^^^^^^^^^^^^^^^^^^^^ not found in the crate root
kablam!     |
kablam!     = help: possible candidate is found in another module, you can import it into scope:
kablam!               `use common::TRANSFORM_STRIP_16;`
kablam! 
kablam! error[E0425]: cannot find value `TRANSFORM_EXPAND` in the crate root
kablam!    --> /cargo-home/registry/src/github.com-1ecc6299db9ec823/png-0.3.1/src/decoder/mod.rs:320:33
kablam!     |
kablam! 320 |                 _ if t.contains(::TRANSFORM_EXPAND) => 8,
kablam!     |                                 ^^^^^^^^^^^^^^^^^^ not found in the crate root
kablam!     |
kablam!     = help: possible candidate is found in another module, you can import it into scope:
kablam!               `use common::TRANSFORM_EXPAND;`
kablam! 
kablam! error[E0425]: cannot find value `TRANSFORM_EXPAND` in the crate root
kablam!    --> /cargo-home/registry/src/github.com-1ecc6299db9ec823/png-0.3.1/src/decoder/mod.rs:323:44
kablam!     |
kablam! 323 |             let color_type = if t.contains(::TRANSFORM_EXPAND) {
kablam!     |                                            ^^^^^^^^^^^^^^^^^^ not found in the crate root
kablam!     |
kablam!     = help: possible candidate is found in another module, you can import it into scope:
kablam!               `use common::TRANSFORM_EXPAND;`
kablam! 
kablam! error[E0425]: cannot find value `TRANSFORM_SCALE_16` in the crate root
kablam!    --> /cargo-home/registry/src/github.com-1ecc6299db9ec823/png-0.3.1/src/decoder/mod.rs:351:13
kablam!     |
kablam! 351 |             ::TRANSFORM_SCALE_16 | ::TRANSFORM_STRIP_16
kablam!     |             ^^^^^^^^^^^^^^^^^^^^ not found in the crate root
kablam!     |
kablam!     = help: possible candidate is found in another module, you can import it into scope:
kablam!               `use common::TRANSFORM_SCALE_16;`
kablam! 
kablam! error[E0425]: cannot find value `TRANSFORM_STRIP_16` in the crate root
kablam!    --> /cargo-home/registry/src/github.com-1ecc6299db9ec823/png-0.3.1/src/decoder/mod.rs:351:36
kablam!     |
kablam! 351 |             ::TRANSFORM_SCALE_16 | ::TRANSFORM_STRIP_16
kablam!     |                                    ^^^^^^^^^^^^^^^^^^^^ not found in the crate root
kablam!     |
kablam!     = help: possible candidate is found in another module, you can import it into scope:
kablam!               `use common::TRANSFORM_STRIP_16;`
kablam! 
kablam! error[E0425]: cannot find value `TRANSFORM_EXPAND` in the crate root
kablam!    --> /cargo-home/registry/src/github.com-1ecc6299db9ec823/png-0.3.1/src/decoder/mod.rs:367:43
kablam!     |
kablam! 367 |             Indexed if trns && t.contains(::TRANSFORM_EXPAND) => 4 * 8,
kablam!     |                                           ^^^^^^^^^^^^^^^^^^ not found in the crate root
kablam!     |
kablam!     = help: possible candidate is found in another module, you can import it into scope:
kablam!               `use common::TRANSFORM_EXPAND;`
kablam! 
kablam! error[E0425]: cannot find value `TRANSFORM_EXPAND` in the crate root
kablam!    --> /cargo-home/registry/src/github.com-1ecc6299db9ec823/png-0.3.1/src/decoder/mod.rs:368:35
kablam!     |
kablam! 368 |             Indexed if t.contains(::TRANSFORM_EXPAND) => 3 * 8,
kablam!     |                                   ^^^^^^^^^^^^^^^^^^ not found in the crate root
kablam!     |
kablam!     = help: possible candidate is found in another module, you can import it into scope:
kablam!               `use common::TRANSFORM_EXPAND;`
kablam! 
kablam! error[E0425]: cannot find value `TRANSFORM_EXPAND` in the crate root
kablam!    --> /cargo-home/registry/src/github.com-1ecc6299db9ec823/png-0.3.1/src/decoder/mod.rs:369:39
kablam!     |
kablam! 369 |             RGB if trns && t.contains(::TRANSFORM_EXPAND) => 4 * 8,
kablam!     |                                       ^^^^^^^^^^^^^^^^^^ not found in the crate root
kablam!     |
kablam!     = help: possible candidate is found in another module, you can import it into scope:
kablam!               `use common::TRANSFORM_EXPAND;`
kablam! 
kablam! error[E0425]: cannot find value `TRANSFORM_EXPAND` in the crate root
kablam!    --> /cargo-home/registry/src/github.com-1ecc6299db9ec823/png-0.3.1/src/decoder/mod.rs:370:45
kablam!     |
kablam! 370 |             Grayscale if trns && t.contains(::TRANSFORM_EXPAND) => 2 * 8,
kablam!     |                                             ^^^^^^^^^^^^^^^^^^ not found in the crate root
kablam!     |
kablam!     = help: possible candidate is found in another module, you can import it into scope:
kablam!               `use common::TRANSFORM_EXPAND;`
kablam! 
kablam! error[E0425]: cannot find value `TRANSFORM_EXPAND` in the crate root
kablam!    --> /cargo-home/registry/src/github.com-1ecc6299db9ec823/png-0.3.1/src/decoder/mod.rs:371:37
kablam!     |
kablam! 371 |             Grayscale if t.contains(::TRANSFORM_EXPAND) => 1 * 8,
kablam!     |                                     ^^^^^^^^^^^^^^^^^^ not found in the crate root
kablam!     |
kablam!     = help: possible candidate is found in another module, you can import it into scope:
kablam!               `use common::TRANSFORM_EXPAND;`
kablam! 
kablam! error[E0425]: cannot find value `TRANSFORM_EXPAND` in the crate root
kablam!    --> /cargo-home/registry/src/github.com-1ecc6299db9ec823/png-0.3.1/src/decoder/mod.rs:372:42
kablam!     |
kablam! 372 |             GrayscaleAlpha if t.contains(::TRANSFORM_EXPAND) => 2 * 8,
kablam!     |                                          ^^^^^^^^^^^^^^^^^^ not found in the crate root
kablam!     |
kablam!     = help: possible candidate is found in another module, you can import it into scope:
kablam!               `use common::TRANSFORM_EXPAND;`
kablam! 
kablam! error: struct `Transformations` is private
kablam!   --> /cargo-home/registry/src/github.com-1ecc6299db9ec823/png-0.3.1/src/decoder/mod.rs:11:41
kablam!    |
kablam! 11 | use common::{ColorType, BitDepth, Info, Transformations};
kablam!    |                                         ^^^^^^^^^^^^^^^
kablam! 
kablam! error: the type of this value must be known in this context
kablam!    --> /cargo-home/registry/src/github.com-1ecc6299db9ec823/png-0.3.1/src/decoder/mod.rs:367:32
kablam!     |
kablam! 367 |             Indexed if trns && t.contains(::TRANSFORM_EXPAND) => 4 * 8,
kablam!     |                                ^^^^^^^^^^^^^^^^^^^^^^^^^^^^^^
kablam! 
kablam! error: aborting due to previous error
kablam! 
kablam! error: Could not compile `png`.
kablam! 
kablam! To learn more, run the command again with --verbose.
boom! running `docker rm -f d17a86b684646e04bfaa954ca6f6a330930b2bb15d760f7ca8a3784be4ab4946`
blam! d17a86b684646e04bfaa954ca6f6a330930b2bb15d760f7ca8a3784be4ab4946
