boom! testing built-0.1.0 against nightly for nightly
boom! running: cargo +nightly build --frozen
boom! creating container for: cargo +nightly build --frozen
boom! running `docker create -v /home/ec2-user/cargobomb/./work/local/test-source/nightly/nightly:/source:ro -v /home/ec2-user/cargobomb/./work/local/cargo-home:/cargo-home:ro -v /home/ec2-user/cargobomb/./work/local/rustup-home:/rustup-home:ro -v /home/ec2-user/cargobomb/./work/local/target-dirs/nightly/nightly:/target:rw -e USER_ID=500 -e CMD=cargo +nightly build --frozen cargobomb`
blam! 462ada58d6444d5498594930112d8f5a88fb5f97dba8de1ebb32857a1ae8ed38
boom! running `docker start -a 462ada58d6444d5498594930112d8f5a88fb5f97dba8de1ebb32857a1ae8ed38`
kablam!    Compiling libgit2-sys v0.6.7
kablam!    Compiling git2 v0.6.4
kablam!    Compiling built v0.1.0 (file:///source)
kablam!     Finished dev [unoptimized + debuginfo] target(s) in 26.51 secs
boom! running `docker rm -f 462ada58d6444d5498594930112d8f5a88fb5f97dba8de1ebb32857a1ae8ed38`
blam! 462ada58d6444d5498594930112d8f5a88fb5f97dba8de1ebb32857a1ae8ed38
boom! running: cargo +nightly test --frozen --no-run
boom! creating container for: cargo +nightly test --frozen --no-run
boom! running `docker create -v /home/ec2-user/cargobomb/./work/local/test-source/nightly/nightly:/source:ro -v /home/ec2-user/cargobomb/./work/local/cargo-home:/cargo-home:ro -v /home/ec2-user/cargobomb/./work/local/rustup-home:/rustup-home:ro -v /home/ec2-user/cargobomb/./work/local/target-dirs/nightly/nightly:/target:rw -e USER_ID=500 -e CMD=cargo +nightly test --frozen --no-run cargobomb`
blam! a5b4aa93d2dae24d146bae86c5483e1483dda7077ca4da25f71785fb9355d11e
boom! running `docker start -a a5b4aa93d2dae24d146bae86c5483e1483dda7077ca4da25f71785fb9355d11e`
kablam!    Compiling built v0.1.0 (file:///source)
kablam!     Finished dev [unoptimized + debuginfo] target(s) in 3.93 secs
boom! running `docker rm -f a5b4aa93d2dae24d146bae86c5483e1483dda7077ca4da25f71785fb9355d11e`
blam! a5b4aa93d2dae24d146bae86c5483e1483dda7077ca4da25f71785fb9355d11e
boom! running: cargo +nightly test --frozen
boom! creating container for: cargo +nightly test --frozen
boom! running `docker create -v /home/ec2-user/cargobomb/./work/local/test-source/nightly/nightly:/source:ro -v /home/ec2-user/cargobomb/./work/local/cargo-home:/cargo-home:ro -v /home/ec2-user/cargobomb/./work/local/rustup-home:/rustup-home:ro -v /home/ec2-user/cargobomb/./work/local/target-dirs/nightly/nightly:/target:rw -e USER_ID=500 -e CMD=cargo +nightly test --frozen cargobomb`
blam! f265e2c8d5d0fa1116f40d7b6d1e545933253dbc13724b4a5702cd0b268c6730
boom! running `docker start -a f265e2c8d5d0fa1116f40d7b6d1e545933253dbc13724b4a5702cd0b268c6730`
kablam!     Finished dev [unoptimized + debuginfo] target(s) in 0.0 secs
kablam!      Running /target/debug/deps/built-50b211d1a3b35c5b
blam! 
blam! running 2 tests
blam! test tests::parse_deps ... ok
blam! test tests::parse_git_repo ... ok
blam! 
blam! test result: ok. 2 passed; 0 failed; 0 ignored; 0 measured
blam! 
kablam!      Running /target/debug/deps/testbox_tests-0783e8b131e81210
blam! 
blam! running 1 test
blam! test new_testbox ... FAILED
blam! 
blam! failures:
blam! 
blam! ---- new_testbox stdout ----
blam! 	thread 'new_testbox' panicked at 'called `Option::unwrap()` on a `None` value', /checkout/src/libcore/option.rs:329
blam! note: Run with `RUST_BACKTRACE=1` for a backtrace.
blam! 
blam! 
blam! failures:
blam!     new_testbox
blam! 
blam! test result: FAILED. 0 passed; 1 failed; 0 ignored; 0 measured
blam! 
kablam! error: test failed
boom! running `docker rm -f f265e2c8d5d0fa1116f40d7b6d1e545933253dbc13724b4a5702cd0b268c6730`
blam! f265e2c8d5d0fa1116f40d7b6d1e545933253dbc13724b4a5702cd0b268c6730
