boom! testing ethabi-0.2.3 against nightly for nightly
boom! running: cargo +nightly build --frozen
boom! creating container for: cargo +nightly build --frozen
boom! running `docker create -v /home/ec2-user/cargobomb/./work/local/test-source/nightly/nightly:/source:ro -v /home/ec2-user/cargobomb/./work/local/cargo-home:/cargo-home:ro -v /home/ec2-user/cargobomb/./work/local/rustup-home:/rustup-home:ro -v /home/ec2-user/cargobomb/./work/local/target-dirs/nightly/nightly:/target:rw -e USER_ID=500 -e CMD=cargo +nightly build --frozen cargobomb`
blam! bf22ee11b5c2486ce457e309e99e542b1cb9bd866725147c989d813fd2ebd451
boom! running `docker start -a bf22ee11b5c2486ce457e309e99e542b1cb9bd866725147c989d813fd2ebd451`
kablam!    Compiling ethabi v0.2.3 (file:///source)
kablam!     Finished dev [unoptimized + debuginfo] target(s) in 13.75 secs
boom! running `docker rm -f bf22ee11b5c2486ce457e309e99e542b1cb9bd866725147c989d813fd2ebd451`
blam! bf22ee11b5c2486ce457e309e99e542b1cb9bd866725147c989d813fd2ebd451
boom! running: cargo +nightly test --frozen --no-run
boom! creating container for: cargo +nightly test --frozen --no-run
boom! running `docker create -v /home/ec2-user/cargobomb/./work/local/test-source/nightly/nightly:/source:ro -v /home/ec2-user/cargobomb/./work/local/cargo-home:/cargo-home:ro -v /home/ec2-user/cargobomb/./work/local/rustup-home:/rustup-home:ro -v /home/ec2-user/cargobomb/./work/local/target-dirs/nightly/nightly:/target:rw -e USER_ID=500 -e CMD=cargo +nightly test --frozen --no-run cargobomb`
blam! 25ca04407f8faf156827fb75eb5372346b13bef711e27b3358bddf7455e6d370
boom! running `docker start -a 25ca04407f8faf156827fb75eb5372346b13bef711e27b3358bddf7455e6d370`
kablam!    Compiling ethabi v0.2.3 (file:///source)
kablam!     Finished dev [unoptimized + debuginfo] target(s) in 10.3 secs
boom! running `docker rm -f 25ca04407f8faf156827fb75eb5372346b13bef711e27b3358bddf7455e6d370`
blam! 25ca04407f8faf156827fb75eb5372346b13bef711e27b3358bddf7455e6d370
boom! running: cargo +nightly test --frozen
boom! creating container for: cargo +nightly test --frozen
boom! running `docker create -v /home/ec2-user/cargobomb/./work/local/test-source/nightly/nightly:/source:ro -v /home/ec2-user/cargobomb/./work/local/cargo-home:/cargo-home:ro -v /home/ec2-user/cargobomb/./work/local/rustup-home:/rustup-home:ro -v /home/ec2-user/cargobomb/./work/local/target-dirs/nightly/nightly:/target:rw -e USER_ID=500 -e CMD=cargo +nightly test --frozen cargobomb`
blam! 9818ebcddc378d188875cbd3b7e4a85fba994ca25cb0db010a930fe4dd642873
boom! running `docker start -a 9818ebcddc378d188875cbd3b7e4a85fba994ca25cb0db010a930fe4dd642873`
kablam!     Finished dev [unoptimized + debuginfo] target(s) in 0.0 secs
kablam!      Running /target/debug/deps/ethabi-19a5b0fa07de50bf
blam! 
blam! running 63 tests
blam! test decoder::tests::decode_bytes ... ok
blam! test decoder::tests::decode_bytes2 ... ok
blam! test decoder::tests::decode_address ... ok
blam! test decoder::tests::decode_dynamic_array_of_addresses ... ok
blam! test decoder::tests::decode_dynamic_array_of_dynamic_arrays2 ... ok
blam! test decoder::tests::decode_fixed_array_fixed_arrays ... ok
blam! test decoder::tests::decode_dynamic_array_of_dynamic_arrays ... ok
blam! test decoder::tests::decode_dynamic_array_of_fixed_arrays ... ok
blam! test decoder::tests::decode_fixed_array_of_addresses ... ok
blam! test decoder::tests::decode_fixed_bytes ... ok
blam! test decoder::tests::decode_string ... ok
blam! test decoder::tests::decode_two_address ... ok
blam! test decoder::tests::decode_two_bytes ... ok
blam! test decoder::tests::decode_uint ... ok
blam! test decoder::tests::decode_fixed_array_of_dynamic_array_of_addresses ... ok
blam! test decoder::tests::decode_int ... ok
blam! test encoder::tests::encode_address ... ok
blam! test encoder::tests::comprehensive_test ... ok
blam! test encoder::tests::encode_bool ... ok
blam! test encoder::tests::comprehensive_test2 ... ok
blam! test encoder::tests::encode_bool2 ... ok
blam! test encoder::tests::encode_bytes ... ok
blam! test encoder::tests::encode_bytes2 ... ok
blam! test encoder::tests::encode_bytes3 ... ok
blam! test encoder::tests::encode_dynamic_array_of_addresses ... ok
blam! test encoder::tests::encode_fixed_array_of_addresses ... ok
blam! test encoder::tests::encode_dynamic_array_of_fixed_array_of_addresses ... ok
blam! test encoder::tests::encode_dynamic_array_of_dynamic_arrays ... ok
blam! test encoder::tests::encode_dynamic_array_of_dynamic_arrays2 ... ok
blam! test encoder::tests::encode_fixed_bytes ... ok
blam! test encoder::tests::encode_fixed_array_of_fixed_arrays ... ok
blam! test encoder::tests::encode_fixed_array_of_dynamic_array_of_addresses ... ok
blam! test encoder::tests::encode_int ... ok
blam! test encoder::tests::encode_two_addresses ... ok
blam! test encoder::tests::encode_string ... ok
blam! test encoder::tests::test_pad_u32 ... ok
blam! test encoder::tests::encode_uint ... ok
blam! test event::tests::test_decoding_event ... ok
blam! test encoder::tests::encode_two_bytes ... ok
blam! test function::tests::test_function_encode_call ... ok
blam! test spec::event_param::tests::event_param_deserialization ... ok
blam! test signature::tests::test_signature ... ok
blam! test spec::operation::tests::deserialize_operation ... ok
blam! test spec::interface::tests::deserialize_event2 ... ok
blam! test spec::interface::tests::deserialize_interface ... ok
blam! test spec::param::tests::param_deserialization ... ok
blam! test spec::param_type::deserialize::tests::param_type_deserialization ... ok
blam! test spec::param_type::reader::tests::test_read_mixed_arrays ... ok
blam! test spec::param_type::display::tests::test_param_type_display ... ok
blam! test spec::param_type::reader::tests::test_read_array_param ... ok
blam! test spec::param_type::reader::tests::test_read_param ... ok
blam! test spec::param_type::reader::tests::test_read_fixed_array_param ... ok
blam! test spec::param_type::writer::tests::test_write_param ... ok
blam! test token::strict::tests::tokenize_bool_array ... ok
blam! test token::strict::tests::tokenize_address ... ok
blam! test token::strict::tests::tokenize_bool ... ok
blam! test token::strict::tests::tokenize_fixed_bytes ... ok
blam! test token::strict::tests::tokenize_bool_array_of_arrays ... ok
blam! test token::strict::tests::tokenize_bytes ... ok
blam! test token::strict::tests::tokenize_string ... ok
blam! test token::strict::tests::tokenize_uint ... ok
blam! test token::strict::tests::tokenize_int ... ok
blam! test util::tests::test_i32 ... ok
blam! 
blam! test result: ok. 63 passed; 0 failed; 0 ignored; 0 measured
blam! 
kablam!      Running /target/debug/deps/ethabi-ec3c569c0995c869
blam! 
blam! running 11 tests
blam! test tests::array_decode ... ok
blam! test tests::array_encode ... ok
blam! test tests::int_encode ... ignored
blam! test tests::abi_decode ... ok
blam! test tests::abi_encode ... ok
blam! test tests::log_decode ... ok
blam! test tests::multi_decode ... ok
blam! test tests::multi_encode ... FAILED
blam! test tests::int_decode ... ok
blam! test tests::simple_decode ... ok
blam! test tests::simple_encode ... ok
blam! 
blam! failures:
blam! 
blam! ---- tests::multi_encode stdout ----
blam! 	thread 'tests::multi_encode' panicked at 'assertion failed: `(left == right)` (left: `1`, right: `5`)', src/bin/main.rs:132
blam! note: Run with `RUST_BACKTRACE=1` for a backtrace.
blam! 
blam! 
blam! failures:
blam!     tests::multi_encode
blam! 
blam! test result: FAILED. 9 passed; 1 failed; 1 ignored; 0 measured
blam! 
kablam! error: test failed
boom! running `docker rm -f 9818ebcddc378d188875cbd3b7e4a85fba994ca25cb0db010a930fe4dd642873`
blam! 9818ebcddc378d188875cbd3b7e4a85fba994ca25cb0db010a930fe4dd642873
