boom! testing simplelog-0.4.2 against nightly for nightly
boom! running: cargo +nightly build --frozen
boom! creating container for: cargo +nightly build --frozen
boom! running `docker create -v /home/ec2-user/cargobomb/./work/local/test-source/nightly/nightly:/source:ro -v /home/ec2-user/cargobomb/./work/local/cargo-home:/cargo-home:ro -v /home/ec2-user/cargobomb/./work/local/rustup-home:/rustup-home:ro -v /home/ec2-user/cargobomb/./work/local/target-dirs/nightly/nightly:/target:rw -e USER_ID=500 -e CMD=cargo +nightly build --frozen cargobomb`
blam! 380a0d3ac9346c28c4f553d7e57d2c28cab785dcb82e2a72acf9ea99e9d4a31e
boom! running `docker start -a 380a0d3ac9346c28c4f553d7e57d2c28cab785dcb82e2a72acf9ea99e9d4a31e`
kablam!    Compiling simplelog v0.4.2 (file:///source)
kablam! warning: unused `#[macro_use]` import
kablam!   --> src/lib.rs:23:1
kablam!    |
kablam! 23 | #[macro_use] extern crate log;
kablam!    | ^^^^^^^^^^^^
kablam!    |
kablam!    = note: #[warn(unused_imports)] on by default
kablam! 
kablam!     Finished dev [unoptimized + debuginfo] target(s) in 1.21 secs
boom! running `docker rm -f 380a0d3ac9346c28c4f553d7e57d2c28cab785dcb82e2a72acf9ea99e9d4a31e`
blam! 380a0d3ac9346c28c4f553d7e57d2c28cab785dcb82e2a72acf9ea99e9d4a31e
boom! running: cargo +nightly test --frozen --no-run
boom! creating container for: cargo +nightly test --frozen --no-run
boom! running `docker create -v /home/ec2-user/cargobomb/./work/local/test-source/nightly/nightly:/source:ro -v /home/ec2-user/cargobomb/./work/local/cargo-home:/cargo-home:ro -v /home/ec2-user/cargobomb/./work/local/rustup-home:/rustup-home:ro -v /home/ec2-user/cargobomb/./work/local/target-dirs/nightly/nightly:/target:rw -e USER_ID=500 -e CMD=cargo +nightly test --frozen --no-run cargobomb`
blam! 513fc42cd11cbb1461672cb4a418846acfa71ca743133e53ec37733437a3461c
boom! running `docker start -a 513fc42cd11cbb1461672cb4a418846acfa71ca743133e53ec37733437a3461c`
kablam!    Compiling simplelog v0.4.2 (file:///source)
kablam!     Finished dev [unoptimized + debuginfo] target(s) in 2.13 secs
boom! running `docker rm -f 513fc42cd11cbb1461672cb4a418846acfa71ca743133e53ec37733437a3461c`
blam! 513fc42cd11cbb1461672cb4a418846acfa71ca743133e53ec37733437a3461c
boom! running: cargo +nightly test --frozen
boom! creating container for: cargo +nightly test --frozen
boom! running `docker create -v /home/ec2-user/cargobomb/./work/local/test-source/nightly/nightly:/source:ro -v /home/ec2-user/cargobomb/./work/local/cargo-home:/cargo-home:ro -v /home/ec2-user/cargobomb/./work/local/rustup-home:/rustup-home:ro -v /home/ec2-user/cargobomb/./work/local/target-dirs/nightly/nightly:/target:rw -e USER_ID=500 -e CMD=cargo +nightly test --frozen cargobomb`
blam! d23fb0756716a92a82e3865103f909301ded62008d6a774d3a6f66cc9a957154
boom! running `docker start -a d23fb0756716a92a82e3865103f909301ded62008d6a774d3a6f66cc9a957154`
kablam!     Finished dev [unoptimized + debuginfo] target(s) in 0.0 secs
kablam!      Running /target/debug/deps/simplelog-40884de35195cfbb
blam! 
blam! running 1 test
blam! test tests::test ... FAILED
blam! 
blam! failures:
blam! 
blam! ---- tests::test stdout ----
kablam! error: test failed
blam! 	thread 'tests::test' panicked at 'called `Option::unwrap()` on a `None` value', /checkout/src/libcore/option.rs:323
blam! note: Run with `RUST_BACKTRACE=1` for a backtrace.
blam! 
blam! 
blam! failures:
blam!     tests::test
blam! 
blam! test result: FAILED. 0 passed; 1 failed; 0 ignored; 0 measured
blam! 
boom! running `docker rm -f d23fb0756716a92a82e3865103f909301ded62008d6a774d3a6f66cc9a957154`
blam! d23fb0756716a92a82e3865103f909301ded62008d6a774d3a6f66cc9a957154
