boom! testing nue-codegen-0.3.0 against stable for beta
boom! running: cargo +stable build --frozen
boom! creating container for: cargo +stable build --frozen
boom! running `docker create -v /home/ec2-user/cargobomb/./work/local/test-source/beta/stable:/source:ro -v /home/ec2-user/cargobomb/./work/local/cargo-home:/cargo-home:ro -v /home/ec2-user/cargobomb/./work/local/rustup-home:/rustup-home:ro -v /home/ec2-user/cargobomb/./work/local/target-dirs/beta/stable:/target:rw -e USER_ID=500 -e CMD=cargo +stable build --frozen cargobomb`
blam! ae384e8d79929737fa8095d6bfc4311200047af2c8da595c755a8d653341fb5f
boom! running `docker start -a ae384e8d79929737fa8095d6bfc4311200047af2c8da595c755a8d653341fb5f`
kablam! warning: dependency (quasi) specified without providing a local path, Git repository, or version to use. This will be considered an error in future versions
kablam! warning: dependency (quasi_codegen) specified without providing a local path, Git repository, or version to use. This will be considered an error in future versions
kablam! warning: unused manifest key: build_dependencies.quasi_codegen.verision
kablam! warning: unused manifest key: dependencies.quasi.verision
kablam!    Compiling aster v0.4.10
kablam!    Compiling syntex_syntax v0.9.0
kablam!    Compiling quasi v0.32.0
kablam!    Compiling syntex v0.7.0
kablam! error[E0531]: unresolved struct, variant or union type `ast::Attribute_`
kablam!   --> /cargo-home/registry/src/github.com-1ecc6299db9ec823/syntex-0.7.0/src/lib.rs:65:42
kablam!    |
kablam! 65 |         self.attrs.push(respan(DUMMY_SP, ast::Attribute_ {
kablam!    |                                          ^^^^^^^^^^^^^^^
kablam! 
kablam! error[E0425]: unresolved name `ast::AttrOuter`
kablam!   --> /cargo-home/registry/src/github.com-1ecc6299db9ec823/syntex-0.7.0/src/lib.rs:67:20
kablam!    |
kablam! 67 |             style: ast::AttrOuter,
kablam!    |                    ^^^^^^^^^^^^^^ unresolved name
kablam! 
kablam! error[E0425]: unresolved name `token::intern`
kablam!   --> /cargo-home/registry/src/github.com-1ecc6299db9ec823/syntex-0.7.0/src/lib.rs:76:20
kablam!    |
kablam! 76 |         let name = token::intern(name);
kablam!    |                    ^^^^^^^^^^^^^ unresolved name
kablam! 
kablam! error[E0425]: unresolved name `token::intern`
kablam!   --> /cargo-home/registry/src/github.com-1ecc6299db9ec823/syntex-0.7.0/src/lib.rs:88:20
kablam!    |
kablam! 88 |         let name = token::intern(name);
kablam!    |                    ^^^^^^^^^^^^^ unresolved name
kablam! 
kablam! error[E0425]: unresolved name `token::intern`
kablam!    --> /cargo-home/registry/src/github.com-1ecc6299db9ec823/syntex-0.7.0/src/lib.rs:100:20
kablam!     |
kablam! 100 |         let name = token::intern(name);
kablam!     |                    ^^^^^^^^^^^^^ unresolved name
kablam! 
kablam! error[E0425]: unresolved name `token::intern`
kablam!    --> /cargo-home/registry/src/github.com-1ecc6299db9ec823/syntex-0.7.0/src/lib.rs:108:20
kablam!     |
kablam! 108 |         let name = token::intern(name);
kablam!     |                    ^^^^^^^^^^^^^ unresolved name
kablam! 
kablam! error[E0425]: unresolved name `feature_gate::check_crate_macros`
kablam!    --> /cargo-home/registry/src/github.com-1ecc6299db9ec823/syntex-0.7.0/src/lib.rs:132:24
kablam!     |
kablam! 132 |         let features = feature_gate::check_crate_macros(
kablam!     |                        ^^^^^^^^^^^^^^^^^^^^^^^^^^^^^^^^ unresolved name
kablam! 
kablam! error[E0425]: unresolved name `expand::expand_crate`
kablam!    --> /cargo-home/registry/src/github.com-1ecc6299db9ec823/syntex-0.7.0/src/lib.rs:143:21
kablam!     |
kablam! 143 |         let krate = expand::expand_crate(
kablam!     |                     ^^^^^^^^^^^^^^^^^^^^ unresolved name
kablam! 
kablam! error[E0554]: #[feature] may not be used on the stable release channel
kablam!  --> /cargo-home/registry/src/github.com-1ecc6299db9ec823/aster-0.4.10/src/lib.rs:1:43
kablam!   |
kablam! 1 | #![cfg_attr(not(feature = "with-syntex"), feature(rustc_private))]
kablam!   |                                           ^^^^^^^^^^^^^^^^^^^^^^
kablam! 
kablam! error: aborting due to previous error
kablam! 
blam! Build failed, waiting for other jobs to finish...
kablam! error[E0061]: this function takes 3 parameters but 4 parameters were supplied
kablam!   --> /cargo-home/registry/src/github.com-1ecc6299db9ec823/syntex-0.7.0/src/lib.rs:50:13
kablam!    |
kablam! 50 |             "cfgspec".to_string(),
kablam!    |             ^^^^^^^^^^^^^^^^^^^^^ expected 3 parameters
kablam! 
kablam! error[E0308]: mismatched types
kablam!   --> /cargo-home/registry/src/github.com-1ecc6299db9ec823/syntex-0.7.0/src/lib.rs:55:23
kablam!    |
kablam! 55 |         self.cfg.push(meta_item);
kablam!    |                       ^^^^^^^^^ expected struct `syntex_syntax::ptr::P`, found enum `std::result::Result`
kablam!    |
kablam!    = note: expected type `syntex_syntax::ptr::P<syntex_syntax::ast::MetaItem>`
kablam!    = note:    found type `std::result::Result<syntex_syntax::ast::MetaItem, syntex_syntax::diagnostics::plugin::DiagnosticBuilder<'_>>`
kablam! 
kablam! error[E0061]: this function takes 3 parameters but 4 parameters were supplied
kablam!   --> /cargo-home/registry/src/github.com-1ecc6299db9ec823/syntex-0.7.0/src/lib.rs:60:13
kablam!    |
kablam! 60 |             "attrspec".to_string(),
kablam!    |             ^^^^^^^^^^^^^^^^^^^^^^ expected 3 parameters
kablam! 
kablam! error[E0308]: mismatched types
kablam!   --> /cargo-home/registry/src/github.com-1ecc6299db9ec823/syntex-0.7.0/src/lib.rs:65:25
kablam!    |
kablam! 65 |           self.attrs.push(respan(DUMMY_SP, ast::Attribute_ {
kablam!    |  _________________________^ starting here...
kablam! 66 | |             id: attr::mk_attr_id(),
kablam! 67 | |             style: ast::AttrOuter,
kablam! 68 | |             value: meta_item,
kablam! 69 | |             is_sugared_doc: false,
kablam! 70 | |         }));
kablam!    | |__________^ ...ending here: expected struct `syntex_syntax::ast::Attribute`, found struct `syntex_syntax::codemap::Spanned`
kablam!    |
kablam!    = note: expected type `syntex_syntax::ast::Attribute`
kablam!    = note:    found type `syntex_syntax::codemap::Spanned<_>`
kablam! 
kablam! error[E0061]: this function takes 2 parameters but 3 parameters were supplied
kablam!    --> /cargo-home/registry/src/github.com-1ecc6299db9ec823/syntex-0.7.0/src/lib.rs:126:13
kablam!     |
kablam! 126 |             src,
kablam!     |             ^^^ expected 2 parameters
kablam! 
kablam! error: no field `attrs` on type `std::result::Result<syntex_syntax::ast::Crate, syntex_syntax::diagnostics::plugin::DiagnosticBuilder<'_>>`
kablam!    --> /cargo-home/registry/src/github.com-1ecc6299db9ec823/syntex-0.7.0/src/lib.rs:130:15
kablam!     |
kablam! 130 |         krate.attrs.extend(self.attrs);
kablam!     |               ^^^^^
kablam! 
kablam! error: no field `cm` on type `syntex_syntax::diagnostics::plugin::Handler`
kablam!    --> /cargo-home/registry/src/github.com-1ecc6299db9ec823/syntex-0.7.0/src/lib.rs:133:35
kablam!     |
kablam! 133 |             &sess.span_diagnostic.cm,
kablam!     |                                   ^^ unknown field
kablam! 
kablam! error[E0308]: mismatched types
kablam!    --> /cargo-home/registry/src/github.com-1ecc6299db9ec823/syntex-0.7.0/src/lib.rs:138:41
kablam!     |
kablam! 138 |             .fold(krate, |krate, f| (f)(krate));
kablam!     |                                         ^^^^^ expected struct `syntex_syntax::ast::Crate`, found enum `std::result::Result`
kablam!     |
kablam!     = note: expected type `syntex_syntax::ast::Crate`
kablam!     = note:    found type `std::result::Result<syntex_syntax::ast::Crate, syntex_syntax::diagnostics::plugin::DiagnosticBuilder<'_>>`
kablam! 
kablam! error[E0308]: mismatched types
kablam!    --> /cargo-home/registry/src/github.com-1ecc6299db9ec823/syntex-0.7.0/src/lib.rs:138:37
kablam!     |
kablam! 138 |             .fold(krate, |krate, f| (f)(krate));
kablam!     |                                     ^^^^^^^^^^ expected enum `std::result::Result`, found struct `syntex_syntax::ast::Crate`
kablam!     |
kablam!     = note: expected type `std::result::Result<syntex_syntax::ast::Crate, syntex_syntax::diagnostics::plugin::DiagnosticBuilder<'_>>`
kablam!     = note:    found type `syntex_syntax::ast::Crate`
kablam! 
kablam! error: aborting due to 9 previous errors
kablam! 
blam! Build failed, waiting for other jobs to finish...
kablam! error[E0433]: failed to resolve. Could not find `__core` in `$crate`
kablam!   --> /cargo-home/registry/src/github.com-1ecc6299db9ec823/syntex_syntax-0.9.0/src/parse/parser.rs:88:1
kablam!    |
kablam! 88 |   bitflags! {
kablam!    |  _^ starting here...
kablam! 89 | |     flags Restrictions: u8 {
kablam! 90 | |         const RESTRICTION_STMT_EXPR         = 1 << 0,
kablam! 91 | |         const RESTRICTION_NO_STRUCT_LITERAL = 1 << 1,
kablam! 92 | |     }
kablam! 93 | | }
kablam!    | |_^ ...ending here: Could not find `__core` in `$crate`
kablam!    |
kablam!    = note: this error originates in a macro outside of the current crate
kablam! 
kablam! error[E0433]: failed to resolve. Could not find `__core` in `$crate`
kablam!   --> /cargo-home/registry/src/github.com-1ecc6299db9ec823/syntex_syntax-0.9.0/src/parse/parser.rs:88:1
kablam!    |
kablam! 88 |   bitflags! {
kablam!    |  _^ starting here...
kablam! 89 | |     flags Restrictions: u8 {
kablam! 90 | |         const RESTRICTION_STMT_EXPR         = 1 << 0,
kablam! 91 | |         const RESTRICTION_NO_STRUCT_LITERAL = 1 << 1,
kablam! 92 | |     }
kablam! 93 | | }
kablam!    | |_^ ...ending here: Could not find `__core` in `$crate`
kablam!    |
kablam!    = note: this error originates in a macro outside of the current crate
kablam! 
kablam! error[E0433]: failed to resolve. Could not find `__core` in `$crate`
kablam!   --> /cargo-home/registry/src/github.com-1ecc6299db9ec823/syntex_syntax-0.9.0/src/parse/parser.rs:88:1
kablam!    |
kablam! 88 |   bitflags! {
kablam!    |  _^ starting here...
kablam! 89 | |     flags Restrictions: u8 {
kablam! 90 | |         const RESTRICTION_STMT_EXPR         = 1 << 0,
kablam! 91 | |         const RESTRICTION_NO_STRUCT_LITERAL = 1 << 1,
kablam! 92 | |     }
kablam! 93 | | }
kablam!    | |_^ ...ending here: Could not find `__core` in `$crate`
kablam!    |
kablam!    = note: this error originates in a macro outside of the current crate
kablam! 
kablam! error[E0412]: type name `$crate::__BitFlagsWidth` is undefined or not in scope
kablam!   --> /cargo-home/registry/src/github.com-1ecc6299db9ec823/syntex_syntax-0.9.0/src/parse/parser.rs:88:1
kablam!    |
kablam! 88 |   bitflags! {
kablam!    |  _^ starting here...
kablam! 89 | |     flags Restrictions: u8 {
kablam! 90 | |         const RESTRICTION_STMT_EXPR         = 1 << 0,
kablam! 91 | |         const RESTRICTION_NO_STRUCT_LITERAL = 1 << 1,
kablam! 92 | |     }
kablam! 93 | | }
kablam!    | |_^ ...ending here: undefined or not in scope
kablam!    |
kablam!    = help: no candidates by the name of `__BitFlagsWidth` found in your project; maybe you misspelled the name or forgot to import an external crate?
kablam!    = note: this error originates in a macro outside of the current crate
kablam! 
kablam! error[E0412]: type name `$crate::__BitFlagsWidth` is undefined or not in scope
kablam!   --> /cargo-home/registry/src/github.com-1ecc6299db9ec823/syntex_syntax-0.9.0/src/parse/parser.rs:88:1
kablam!    |
kablam! 88 |   bitflags! {
kablam!    |  _^ starting here...
kablam! 89 | |     flags Restrictions: u8 {
kablam! 90 | |         const RESTRICTION_STMT_EXPR         = 1 << 0,
kablam! 91 | |         const RESTRICTION_NO_STRUCT_LITERAL = 1 << 1,
kablam! 92 | |     }
kablam! 93 | | }
kablam!    | |_^ ...ending here: undefined or not in scope
kablam!    |
kablam!    = help: no candidates by the name of `__BitFlagsWidth` found in your project; maybe you misspelled the name or forgot to import an external crate?
kablam!    = note: this error originates in a macro outside of the current crate
kablam! 
kablam! error[E0412]: type name `$crate::__BitFlagsWidth` is undefined or not in scope
kablam!   --> /cargo-home/registry/src/github.com-1ecc6299db9ec823/syntex_syntax-0.9.0/src/parse/parser.rs:88:1
kablam!    |
kablam! 88 |   bitflags! {
kablam!    |  _^ starting here...
kablam! 89 | |     flags Restrictions: u8 {
kablam! 90 | |         const RESTRICTION_STMT_EXPR         = 1 << 0,
kablam! 91 | |         const RESTRICTION_NO_STRUCT_LITERAL = 1 << 1,
kablam! 92 | |     }
kablam! 93 | | }
kablam!    | |_^ ...ending here: undefined or not in scope
kablam!    |
kablam!    = help: no candidates by the name of `__BitFlagsWidth` found in your project; maybe you misspelled the name or forgot to import an external crate?
kablam!    = note: this error originates in a macro outside of the current crate
kablam! 
kablam! error[E0412]: type name `$crate::__BitFlagsWidth` is undefined or not in scope
kablam!   --> /cargo-home/registry/src/github.com-1ecc6299db9ec823/syntex_syntax-0.9.0/src/parse/parser.rs:88:1
kablam!    |
kablam! 88 |   bitflags! {
kablam!    |  _^ starting here...
kablam! 89 | |     flags Restrictions: u8 {
kablam! 90 | |         const RESTRICTION_STMT_EXPR         = 1 << 0,
kablam! 91 | |         const RESTRICTION_NO_STRUCT_LITERAL = 1 << 1,
kablam! 92 | |     }
kablam! 93 | | }
kablam!    | |_^ ...ending here: undefined or not in scope
kablam!    |
kablam!    = help: no candidates by the name of `__BitFlagsWidth` found in your project; maybe you misspelled the name or forgot to import an external crate?
kablam!    = note: this error originates in a macro outside of the current crate
kablam! 
kablam! error[E0433]: failed to resolve. Could not find `__core` in `$crate`
kablam!   --> /cargo-home/registry/src/github.com-1ecc6299db9ec823/syntex_syntax-0.9.0/src/parse/parser.rs:88:1
kablam!    |
kablam! 88 |   bitflags! {
kablam!    |  _^ starting here...
kablam! 89 | |     flags Restrictions: u8 {
kablam! 90 | |         const RESTRICTION_STMT_EXPR         = 1 << 0,
kablam! 91 | |         const RESTRICTION_NO_STRUCT_LITERAL = 1 << 1,
kablam! 92 | |     }
kablam! 93 | | }
kablam!    | |_^ ...ending here: Could not find `__core` in `$crate`
kablam!    |
kablam!    = note: this error originates in a macro outside of the current crate
kablam! 
kablam! error[E0433]: failed to resolve. Could not find `__core` in `$crate`
kablam!   --> /cargo-home/registry/src/github.com-1ecc6299db9ec823/syntex_syntax-0.9.0/src/parse/parser.rs:88:1
kablam!    |
kablam! 88 |   bitflags! {
kablam!    |  _^ starting here...
kablam! 89 | |     flags Restrictions: u8 {
kablam! 90 | |         const RESTRICTION_STMT_EXPR         = 1 << 0,
kablam! 91 | |         const RESTRICTION_NO_STRUCT_LITERAL = 1 << 1,
kablam! 92 | |     }
kablam! 93 | | }
kablam!    | |_^ ...ending here: Could not find `__core` in `$crate`
kablam!    |
kablam!    = note: this error originates in a macro outside of the current crate
kablam! 
kablam! error[E0412]: type name `$crate::__BitFlagsWidth` is undefined or not in scope
kablam!   --> /cargo-home/registry/src/github.com-1ecc6299db9ec823/syntex_syntax-0.9.0/src/parse/parser.rs:88:1
kablam!    |
kablam! 88 |   bitflags! {
kablam!    |  _^ starting here...
kablam! 89 | |     flags Restrictions: u8 {
kablam! 90 | |         const RESTRICTION_STMT_EXPR         = 1 << 0,
kablam! 91 | |         const RESTRICTION_NO_STRUCT_LITERAL = 1 << 1,
kablam! 92 | |     }
kablam! 93 | | }
kablam!    | |_^ ...ending here: undefined or not in scope
kablam!    |
kablam!    = help: no candidates by the name of `__BitFlagsWidth` found in your project; maybe you misspelled the name or forgot to import an external crate?
kablam!    = note: this error originates in a macro outside of the current crate
kablam! 
kablam! error[E0412]: type name `$crate::__BitFlagsWidth` is undefined or not in scope
kablam!   --> /cargo-home/registry/src/github.com-1ecc6299db9ec823/syntex_syntax-0.9.0/src/parse/parser.rs:88:1
kablam!    |
kablam! 88 |   bitflags! {
kablam!    |  _^ starting here...
kablam! 89 | |     flags Restrictions: u8 {
kablam! 90 | |         const RESTRICTION_STMT_EXPR         = 1 << 0,
kablam! 91 | |         const RESTRICTION_NO_STRUCT_LITERAL = 1 << 1,
kablam! 92 | |     }
kablam! 93 | | }
kablam!    | |_^ ...ending here: undefined or not in scope
kablam!    |
kablam!    = help: no candidates by the name of `__BitFlagsWidth` found in your project; maybe you misspelled the name or forgot to import an external crate?
kablam!    = note: this error originates in a macro outside of the current crate
kablam! 
kablam! error[E0412]: type name `$crate::__BitFlagsWidth` is undefined or not in scope
kablam!   --> /cargo-home/registry/src/github.com-1ecc6299db9ec823/syntex_syntax-0.9.0/src/parse/parser.rs:88:1
kablam!    |
kablam! 88 |   bitflags! {
kablam!    |  _^ starting here...
kablam! 89 | |     flags Restrictions: u8 {
kablam! 90 | |         const RESTRICTION_STMT_EXPR         = 1 << 0,
kablam! 91 | |         const RESTRICTION_NO_STRUCT_LITERAL = 1 << 1,
kablam! 92 | |     }
kablam! 93 | | }
kablam!    | |_^ ...ending here: undefined or not in scope
kablam!    |
kablam!    = help: no candidates by the name of `__BitFlagsWidth` found in your project; maybe you misspelled the name or forgot to import an external crate?
kablam!    = note: this error originates in a macro outside of the current crate
kablam! 
kablam! error[E0412]: type name `$crate::__BitFlagsWidth` is undefined or not in scope
kablam!   --> /cargo-home/registry/src/github.com-1ecc6299db9ec823/syntex_syntax-0.9.0/src/parse/parser.rs:88:1
kablam!    |
kablam! 88 |   bitflags! {
kablam!    |  _^ starting here...
kablam! 89 | |     flags Restrictions: u8 {
kablam! 90 | |         const RESTRICTION_STMT_EXPR         = 1 << 0,
kablam! 91 | |         const RESTRICTION_NO_STRUCT_LITERAL = 1 << 1,
kablam! 92 | |     }
kablam! 93 | | }
kablam!    | |_^ ...ending here: undefined or not in scope
kablam!    |
kablam!    = help: no candidates by the name of `__BitFlagsWidth` found in your project; maybe you misspelled the name or forgot to import an external crate?
kablam!    = note: this error originates in a macro outside of the current crate
kablam! 
kablam! error[E0412]: type name `$crate::__BitFlagsWidth` is undefined or not in scope
kablam!   --> /cargo-home/registry/src/github.com-1ecc6299db9ec823/syntex_syntax-0.9.0/src/parse/parser.rs:88:1
kablam!    |
kablam! 88 |   bitflags! {
kablam!    |  _^ starting here...
kablam! 89 | |     flags Restrictions: u8 {
kablam! 90 | |         const RESTRICTION_STMT_EXPR         = 1 << 0,
kablam! 91 | |         const RESTRICTION_NO_STRUCT_LITERAL = 1 << 1,
kablam! 92 | |     }
kablam! 93 | | }
kablam!    | |_^ ...ending here: undefined or not in scope
kablam!    |
kablam!    = help: no candidates by the name of `__BitFlagsWidth` found in your project; maybe you misspelled the name or forgot to import an external crate?
kablam!    = note: this error originates in a macro outside of the current crate
kablam! 
kablam! error[E0412]: type name `$crate::__BitFlagsWidth` is undefined or not in scope
kablam!   --> /cargo-home/registry/src/github.com-1ecc6299db9ec823/syntex_syntax-0.9.0/src/parse/parser.rs:88:1
kablam!    |
kablam! 88 |   bitflags! {
kablam!    |  _^ starting here...
kablam! 89 | |     flags Restrictions: u8 {
kablam! 90 | |         const RESTRICTION_STMT_EXPR         = 1 << 0,
kablam! 91 | |         const RESTRICTION_NO_STRUCT_LITERAL = 1 << 1,
kablam! 92 | |     }
kablam! 93 | | }
kablam!    | |_^ ...ending here: undefined or not in scope
kablam!    |
kablam!    = help: no candidates by the name of `__BitFlagsWidth` found in your project; maybe you misspelled the name or forgot to import an external crate?
kablam!    = note: this error originates in a macro outside of the current crate
kablam! 
kablam! error[E0412]: type name `$crate::__BitFlagsWidth` is undefined or not in scope
kablam!   --> /cargo-home/registry/src/github.com-1ecc6299db9ec823/syntex_syntax-0.9.0/src/parse/parser.rs:88:1
kablam!    |
kablam! 88 |   bitflags! {
kablam!    |  _^ starting here...
kablam! 89 | |     flags Restrictions: u8 {
kablam! 90 | |         const RESTRICTION_STMT_EXPR         = 1 << 0,
kablam! 91 | |         const RESTRICTION_NO_STRUCT_LITERAL = 1 << 1,
kablam! 92 | |     }
kablam! 93 | | }
kablam!    | |_^ ...ending here: undefined or not in scope
kablam!    |
kablam!    = help: no candidates by the name of `__BitFlagsWidth` found in your project; maybe you misspelled the name or forgot to import an external crate?
kablam!    = note: this error originates in a macro outside of the current crate
kablam! 
kablam! error[E0412]: type name `$crate::__BitFlagsWidth` is undefined or not in scope
kablam!   --> /cargo-home/registry/src/github.com-1ecc6299db9ec823/syntex_syntax-0.9.0/src/parse/parser.rs:88:1
kablam!    |
kablam! 88 |   bitflags! {
kablam!    |  _^ starting here...
kablam! 89 | |     flags Restrictions: u8 {
kablam! 90 | |         const RESTRICTION_STMT_EXPR         = 1 << 0,
kablam! 91 | |         const RESTRICTION_NO_STRUCT_LITERAL = 1 << 1,
kablam! 92 | |     }
kablam! 93 | | }
kablam!    | |_^ ...ending here: undefined or not in scope
kablam!    |
kablam!    = help: no candidates by the name of `__BitFlagsWidth` found in your project; maybe you misspelled the name or forgot to import an external crate?
kablam!    = note: this error originates in a macro outside of the current crate
kablam! 
kablam! error[E0412]: type name `$crate::__BitFlagsWidth` is undefined or not in scope
kablam!   --> /cargo-home/registry/src/github.com-1ecc6299db9ec823/syntex_syntax-0.9.0/src/parse/parser.rs:88:1
kablam!    |
kablam! 88 |   bitflags! {
kablam!    |  _^ starting here...
kablam! 89 | |     flags Restrictions: u8 {
kablam! 90 | |         const RESTRICTION_STMT_EXPR         = 1 << 0,
kablam! 91 | |         const RESTRICTION_NO_STRUCT_LITERAL = 1 << 1,
kablam! 92 | |     }
kablam! 93 | | }
kablam!    | |_^ ...ending here: undefined or not in scope
kablam!    |
kablam!    = help: no candidates by the name of `__BitFlagsWidth` found in your project; maybe you misspelled the name or forgot to import an external crate?
kablam!    = note: this error originates in a macro outside of the current crate
kablam! 
kablam! error[E0433]: failed to resolve. Could not find `__core` in `$crate`
kablam!   --> /cargo-home/registry/src/github.com-1ecc6299db9ec823/syntex_syntax-0.9.0/src/parse/parser.rs:88:1
kablam!    |
kablam! 88 |   bitflags! {
kablam!    |  _^ starting here...
kablam! 89 | |     flags Restrictions: u8 {
kablam! 90 | |         const RESTRICTION_STMT_EXPR         = 1 << 0,
kablam! 91 | |         const RESTRICTION_NO_STRUCT_LITERAL = 1 << 1,
kablam! 92 | |     }
kablam! 93 | | }
kablam!    | |_^ ...ending here: Could not find `__core` in `$crate`
kablam!    |
kablam!    = note: this error originates in a macro outside of the current crate
kablam! 
kablam! error[E0433]: failed to resolve. Could not find `__core` in `$crate`
kablam!   --> /cargo-home/registry/src/github.com-1ecc6299db9ec823/syntex_syntax-0.9.0/src/parse/parser.rs:88:1
kablam!    |
kablam! 88 |   bitflags! {
kablam!    |  _^ starting here...
kablam! 89 | |     flags Restrictions: u8 {
kablam! 90 | |         const RESTRICTION_STMT_EXPR         = 1 << 0,
kablam! 91 | |         const RESTRICTION_NO_STRUCT_LITERAL = 1 << 1,
kablam! 92 | |     }
kablam! 93 | | }
kablam!    | |_^ ...ending here: Could not find `__core` in `$crate`
kablam!    |
kablam!    = note: this error originates in a macro outside of the current crate
kablam! 
kablam! error[E0433]: failed to resolve. Could not find `__core` in `$crate`
kablam!   --> /cargo-home/registry/src/github.com-1ecc6299db9ec823/syntex_syntax-0.9.0/src/parse/parser.rs:88:1
kablam!    |
kablam! 88 |   bitflags! {
kablam!    |  _^ starting here...
kablam! 89 | |     flags Restrictions: u8 {
kablam! 90 | |         const RESTRICTION_STMT_EXPR         = 1 << 0,
kablam! 91 | |         const RESTRICTION_NO_STRUCT_LITERAL = 1 << 1,
kablam! 92 | |     }
kablam! 93 | | }
kablam!    | |_^ ...ending here: Could not find `__core` in `$crate`
kablam!    |
kablam!    = note: this error originates in a macro outside of the current crate
kablam! 
kablam! error[E0433]: failed to resolve. Could not find `__core` in `$crate`
kablam!   --> /cargo-home/registry/src/github.com-1ecc6299db9ec823/syntex_syntax-0.9.0/src/parse/parser.rs:88:1
kablam!    |
kablam! 88 |   bitflags! {
kablam!    |  _^ starting here...
kablam! 89 | |     flags Restrictions: u8 {
kablam! 90 | |         const RESTRICTION_STMT_EXPR         = 1 << 0,
kablam! 91 | |         const RESTRICTION_NO_STRUCT_LITERAL = 1 << 1,
kablam! 92 | |     }
kablam! 93 | | }
kablam!    | |_^ ...ending here: Could not find `__core` in `$crate`
kablam!    |
kablam!    = note: this error originates in a macro outside of the current crate
kablam! 
kablam! error[E0433]: failed to resolve. Could not find `__core` in `$crate`
kablam!   --> /cargo-home/registry/src/github.com-1ecc6299db9ec823/syntex_syntax-0.9.0/src/parse/parser.rs:88:1
kablam!    |
kablam! 88 |   bitflags! {
kablam!    |  _^ starting here...
kablam! 89 | |     flags Restrictions: u8 {
kablam! 90 | |         const RESTRICTION_STMT_EXPR         = 1 << 0,
kablam! 91 | |         const RESTRICTION_NO_STRUCT_LITERAL = 1 << 1,
kablam! 92 | |     }
kablam! 93 | | }
kablam!    | |_^ ...ending here: Could not find `__core` in `$crate`
kablam!    |
kablam!    = note: this error originates in a macro outside of the current crate
kablam! 
kablam! error[E0433]: failed to resolve. Could not find `__core` in `$crate`
kablam!   --> /cargo-home/registry/src/github.com-1ecc6299db9ec823/syntex_syntax-0.9.0/src/parse/parser.rs:88:1
kablam!    |
kablam! 88 |   bitflags! {
kablam!    |  _^ starting here...
kablam! 89 | |     flags Restrictions: u8 {
kablam! 90 | |         const RESTRICTION_STMT_EXPR         = 1 << 0,
kablam! 91 | |         const RESTRICTION_NO_STRUCT_LITERAL = 1 << 1,
kablam! 92 | |     }
kablam! 93 | | }
kablam!    | |_^ ...ending here: Could not find `__core` in `$crate`
kablam!    |
kablam!    = note: this error originates in a macro outside of the current crate
kablam! 
kablam! error[E0433]: failed to resolve. Could not find `__core` in `$crate`
kablam!   --> /cargo-home/registry/src/github.com-1ecc6299db9ec823/syntex_syntax-0.9.0/src/parse/parser.rs:88:1
kablam!    |
kablam! 88 |   bitflags! {
kablam!    |  _^ starting here...
kablam! 89 | |     flags Restrictions: u8 {
kablam! 90 | |         const RESTRICTION_STMT_EXPR         = 1 << 0,
kablam! 91 | |         const RESTRICTION_NO_STRUCT_LITERAL = 1 << 1,
kablam! 92 | |     }
kablam! 93 | | }
kablam!    | |_^ ...ending here: Could not find `__core` in `$crate`
kablam!    |
kablam!    = note: this error originates in a macro outside of the current crate
kablam! 
kablam! error[E0433]: failed to resolve. Could not find `__core` in `$crate`
kablam!   --> /cargo-home/registry/src/github.com-1ecc6299db9ec823/syntex_syntax-0.9.0/src/parse/parser.rs:88:1
kablam!    |
kablam! 88 |   bitflags! {
kablam!    |  _^ starting here...
kablam! 89 | |     flags Restrictions: u8 {
kablam! 90 | |         const RESTRICTION_STMT_EXPR         = 1 << 0,
kablam! 91 | |         const RESTRICTION_NO_STRUCT_LITERAL = 1 << 1,
kablam! 92 | |     }
kablam! 93 | | }
kablam!    | |_^ ...ending here: Could not find `__core` in `$crate`
kablam!    |
kablam!    = note: this error originates in a macro outside of the current crate
kablam! 
kablam! error[E0433]: failed to resolve. Could not find `__core` in `$crate`
kablam!   --> /cargo-home/registry/src/github.com-1ecc6299db9ec823/syntex_syntax-0.9.0/src/parse/parser.rs:88:1
kablam!    |
kablam! 88 |   bitflags! {
kablam!    |  _^ starting here...
kablam! 89 | |     flags Restrictions: u8 {
kablam! 90 | |         const RESTRICTION_STMT_EXPR         = 1 << 0,
kablam! 91 | |         const RESTRICTION_NO_STRUCT_LITERAL = 1 << 1,
kablam! 92 | |     }
kablam! 93 | | }
kablam!    | |_^ ...ending here: Could not find `__core` in `$crate`
kablam!    |
kablam!    = note: this error originates in a macro outside of the current crate
kablam! 
kablam! error[E0433]: failed to resolve. Could not find `__core` in `$crate`
kablam!   --> /cargo-home/registry/src/github.com-1ecc6299db9ec823/syntex_syntax-0.9.0/src/parse/parser.rs:88:1
kablam!    |
kablam! 88 |   bitflags! {
kablam!    |  _^ starting here...
kablam! 89 | |     flags Restrictions: u8 {
kablam! 90 | |         const RESTRICTION_STMT_EXPR         = 1 << 0,
kablam! 91 | |         const RESTRICTION_NO_STRUCT_LITERAL = 1 << 1,
kablam! 92 | |     }
kablam! 93 | | }
kablam!    | |_^ ...ending here: Could not find `__core` in `$crate`
kablam!    |
kablam!    = note: this error originates in a macro outside of the current crate
kablam! 
kablam! error[E0433]: failed to resolve. Could not find `__core` in `$crate`
kablam!   --> /cargo-home/registry/src/github.com-1ecc6299db9ec823/syntex_syntax-0.9.0/src/parse/parser.rs:88:1
kablam!    |
kablam! 88 |   bitflags! {
kablam!    |  _^ starting here...
kablam! 89 | |     flags Restrictions: u8 {
kablam! 90 | |         const RESTRICTION_STMT_EXPR         = 1 << 0,
kablam! 91 | |         const RESTRICTION_NO_STRUCT_LITERAL = 1 << 1,
kablam! 92 | |     }
kablam! 93 | | }
kablam!    | |_^ ...ending here: Could not find `__core` in `$crate`
kablam!    |
kablam!    = note: this error originates in a macro outside of the current crate
kablam! 
kablam! error[E0433]: failed to resolve. Could not find `__core` in `$crate`
kablam!   --> /cargo-home/registry/src/github.com-1ecc6299db9ec823/syntex_syntax-0.9.0/src/parse/parser.rs:88:1
kablam!    |
kablam! 88 |   bitflags! {
kablam!    |  _^ starting here...
kablam! 89 | |     flags Restrictions: u8 {
kablam! 90 | |         const RESTRICTION_STMT_EXPR         = 1 << 0,
kablam! 91 | |         const RESTRICTION_NO_STRUCT_LITERAL = 1 << 1,
kablam! 92 | |     }
kablam! 93 | | }
kablam!    | |_^ ...ending here: Could not find `__core` in `$crate`
kablam!    |
kablam!    = note: this error originates in a macro outside of the current crate
kablam! 
kablam! error[E0433]: failed to resolve. Could not find `__core` in `$crate`
kablam!   --> /cargo-home/registry/src/github.com-1ecc6299db9ec823/syntex_syntax-0.9.0/src/parse/parser.rs:88:1
kablam!    |
kablam! 88 |   bitflags! {
kablam!    |  _^ starting here...
kablam! 89 | |     flags Restrictions: u8 {
kablam! 90 | |         const RESTRICTION_STMT_EXPR         = 1 << 0,
kablam! 91 | |         const RESTRICTION_NO_STRUCT_LITERAL = 1 << 1,
kablam! 92 | |     }
kablam! 93 | | }
kablam!    | |_^ ...ending here: Could not find `__core` in `$crate`
kablam!    |
kablam!    = note: this error originates in a macro outside of the current crate
kablam! 
kablam! error[E0433]: failed to resolve. Could not find `__core` in `$crate`
kablam!   --> /cargo-home/registry/src/github.com-1ecc6299db9ec823/syntex_syntax-0.9.0/src/parse/parser.rs:88:1
kablam!    |
kablam! 88 |   bitflags! {
kablam!    |  _^ starting here...
kablam! 89 | |     flags Restrictions: u8 {
kablam! 90 | |         const RESTRICTION_STMT_EXPR         = 1 << 0,
kablam! 91 | |         const RESTRICTION_NO_STRUCT_LITERAL = 1 << 1,
kablam! 92 | |     }
kablam! 93 | | }
kablam!    | |_^ ...ending here: Could not find `__core` in `$crate`
kablam!    |
kablam!    = note: this error originates in a macro outside of the current crate
kablam! 
kablam! error[E0433]: failed to resolve. Could not find `__core` in `$crate`
kablam!   --> /cargo-home/registry/src/github.com-1ecc6299db9ec823/syntex_syntax-0.9.0/src/parse/parser.rs:88:1
kablam!    |
kablam! 88 |   bitflags! {
kablam!    |  _^ starting here...
kablam! 89 | |     flags Restrictions: u8 {
kablam! 90 | |         const RESTRICTION_STMT_EXPR         = 1 << 0,
kablam! 91 | |         const RESTRICTION_NO_STRUCT_LITERAL = 1 << 1,
kablam! 92 | |     }
kablam! 93 | | }
kablam!    | |_^ ...ending here: Could not find `__core` in `$crate`
kablam!    |
kablam!    = note: this error originates in a macro outside of the current crate
kablam! 
kablam! error[E0433]: failed to resolve. Could not find `__core` in `$crate`
kablam!   --> /cargo-home/registry/src/github.com-1ecc6299db9ec823/syntex_syntax-0.9.0/src/parse/parser.rs:88:1
kablam!    |
kablam! 88 |   bitflags! {
kablam!    |  _^ starting here...
kablam! 89 | |     flags Restrictions: u8 {
kablam! 90 | |         const RESTRICTION_STMT_EXPR         = 1 << 0,
kablam! 91 | |         const RESTRICTION_NO_STRUCT_LITERAL = 1 << 1,
kablam! 92 | |     }
kablam! 93 | | }
kablam!    | |_^ ...ending here: Could not find `__core` in `$crate`
kablam!    |
kablam!    = note: this error originates in a macro outside of the current crate
kablam! 
kablam! error[E0532]: expected tuple struct/variant, found unit variant `FkFnBlock`
kablam!    --> /cargo-home/registry/src/github.com-1ecc6299db9ec823/syntex_syntax-0.9.0/src/visit.rs:620:9
kablam!     |
kablam! 620 |         FkFnBlock(..) => {}
kablam!     |         ^^^^^^^^^
kablam! 
kablam! error: cannot continue compilation due to previous error
kablam! 
blam! Build failed, waiting for other jobs to finish...
kablam! error: Could not compile `aster`.
kablam! 
kablam! To learn more, run the command again with --verbose.
boom! running `docker rm -f ae384e8d79929737fa8095d6bfc4311200047af2c8da595c755a8d653341fb5f`
blam! ae384e8d79929737fa8095d6bfc4311200047af2c8da595c755a8d653341fb5f
