boom! testing atty-0.1.2 against beta for beta
boom! running: cargo +beta build --frozen
boom! creating container for: cargo +beta build --frozen
boom! running `docker create -v /home/ec2-user/cargobomb/./work/local/test-source/beta/beta:/source:ro -v /home/ec2-user/cargobomb/./work/local/cargo-home:/cargo-home:ro -v /home/ec2-user/cargobomb/./work/local/rustup-home:/rustup-home:ro -v /home/ec2-user/cargobomb/./work/local/target-dirs/beta/beta:/target:rw -e USER_ID=500 -e CMD=cargo +beta build --frozen cargobomb`
blam! 8953a50a711beb12a2e1b3d0c506c65af51373cf37cec241390c39f9c5633677
boom! running `docker start -a 8953a50a711beb12a2e1b3d0c506c65af51373cf37cec241390c39f9c5633677`
kablam!    Compiling atty v0.1.2 (file:///source)
kablam!     Finished dev [unoptimized + debuginfo] target(s) in 0.18 secs
boom! running `docker rm -f 8953a50a711beb12a2e1b3d0c506c65af51373cf37cec241390c39f9c5633677`
blam! 8953a50a711beb12a2e1b3d0c506c65af51373cf37cec241390c39f9c5633677
boom! running: cargo +beta test --frozen --no-run
boom! creating container for: cargo +beta test --frozen --no-run
boom! running `docker create -v /home/ec2-user/cargobomb/./work/local/test-source/beta/beta:/source:ro -v /home/ec2-user/cargobomb/./work/local/cargo-home:/cargo-home:ro -v /home/ec2-user/cargobomb/./work/local/rustup-home:/rustup-home:ro -v /home/ec2-user/cargobomb/./work/local/target-dirs/beta/beta:/target:rw -e USER_ID=500 -e CMD=cargo +beta test --frozen --no-run cargobomb`
blam! 1d7a815db9dc9c60828372f16127be118bd96d04582b0b6560f271e623074941
boom! running `docker start -a 1d7a815db9dc9c60828372f16127be118bd96d04582b0b6560f271e623074941`
kablam!    Compiling atty v0.1.2 (file:///source)
kablam!     Finished dev [unoptimized + debuginfo] target(s) in 0.39 secs
boom! running `docker rm -f 1d7a815db9dc9c60828372f16127be118bd96d04582b0b6560f271e623074941`
blam! 1d7a815db9dc9c60828372f16127be118bd96d04582b0b6560f271e623074941
boom! running: cargo +beta test --frozen
boom! creating container for: cargo +beta test --frozen
boom! running `docker create -v /home/ec2-user/cargobomb/./work/local/test-source/beta/beta:/source:ro -v /home/ec2-user/cargobomb/./work/local/cargo-home:/cargo-home:ro -v /home/ec2-user/cargobomb/./work/local/rustup-home:/rustup-home:ro -v /home/ec2-user/cargobomb/./work/local/target-dirs/beta/beta:/target:rw -e USER_ID=500 -e CMD=cargo +beta test --frozen cargobomb`
blam! 23a1c7c1922f262793ead9f7207af774ed23ba308402464179f4c214867fa62e
boom! running `docker start -a 23a1c7c1922f262793ead9f7207af774ed23ba308402464179f4c214867fa62e`
kablam!     Finished dev [unoptimized + debuginfo] target(s) in 0.0 secs
kablam!      Running /target/debug/deps/atty-10fbf27a43b9063a
blam! 
blam! running 1 test
blam! test tests::is_test ... FAILED
blam! 
blam! failures:
blam! 
blam! ---- tests::is_test stdout ----
blam! 	thread 'tests::is_test' panicked at 'assertion failed: is()', src/lib.rs:60
blam! note: Run with `RUST_BACKTRACE=1` for a backtrace.
blam! 
blam! 
blam! failures:
blam!     tests::is_test
blam! 
blam! test result: FAILED. 0 passed; 1 failed; 0 ignored; 0 measured
blam! 
kablam! error: test failed
boom! running `docker rm -f 23a1c7c1922f262793ead9f7207af774ed23ba308402464179f4c214867fa62e`
blam! 23a1c7c1922f262793ead9f7207af774ed23ba308402464179f4c214867fa62e
