boom! testing mpack-0.1.2 against nightly for nightly
boom! running: cargo +nightly build --frozen
boom! creating container for: cargo +nightly build --frozen
boom! running `docker create -v /home/ec2-user/cargobomb/./work/local/test-source/nightly/nightly:/source:ro -v /home/ec2-user/cargobomb/./work/local/cargo-home:/cargo-home:ro -v /home/ec2-user/cargobomb/./work/local/rustup-home:/rustup-home:ro -v /home/ec2-user/cargobomb/./work/local/target-dirs/nightly/nightly:/target:rw -e USER_ID=500 -e CMD=cargo +nightly build --frozen cargobomb`
blam! 1e70c36104de324e6645141ec8ad5c5358502eda02d5f217d5a70761fc3ed467
boom! running `docker start -a 1e70c36104de324e6645141ec8ad5c5358502eda02d5f217d5a70761fc3ed467`
kablam!    Compiling mpack v0.1.2 (file:///source)
kablam!     Finished dev [unoptimized + debuginfo] target(s) in 2.16 secs
boom! running `docker rm -f 1e70c36104de324e6645141ec8ad5c5358502eda02d5f217d5a70761fc3ed467`
blam! 1e70c36104de324e6645141ec8ad5c5358502eda02d5f217d5a70761fc3ed467
boom! running: cargo +nightly test --frozen --no-run
boom! creating container for: cargo +nightly test --frozen --no-run
boom! running `docker create -v /home/ec2-user/cargobomb/./work/local/test-source/nightly/nightly:/source:ro -v /home/ec2-user/cargobomb/./work/local/cargo-home:/cargo-home:ro -v /home/ec2-user/cargobomb/./work/local/rustup-home:/rustup-home:ro -v /home/ec2-user/cargobomb/./work/local/target-dirs/nightly/nightly:/target:rw -e USER_ID=500 -e CMD=cargo +nightly test --frozen --no-run cargobomb`
blam! 21c6342b9236690fd0e5a73ab43e1831c5dc20e829e91c2164ab4b66e68cab4b
boom! running `docker start -a 21c6342b9236690fd0e5a73ab43e1831c5dc20e829e91c2164ab4b66e68cab4b`
kablam!    Compiling mpack v0.1.2 (file:///source)
kablam! warning: unused import: `std::mem`
kablam!    --> src/lib.rs:717:9
kablam!     |
kablam! 717 |     use std::mem;
kablam!     |         ^^^^^^^^
kablam!     |
kablam!     = note: #[warn(unused_imports)] on by default
kablam! 
kablam! warning: unused import: `std::slice`
kablam!    --> src/lib.rs:718:9
kablam!     |
kablam! 718 |     use std::slice;
kablam!     |         ^^^^^^^^^^
kablam!     |
kablam!     = note: #[warn(unused_imports)] on by default
kablam! 
kablam!     Finished dev [unoptimized + debuginfo] target(s) in 5.41 secs
boom! running `docker rm -f 21c6342b9236690fd0e5a73ab43e1831c5dc20e829e91c2164ab4b66e68cab4b`
blam! 21c6342b9236690fd0e5a73ab43e1831c5dc20e829e91c2164ab4b66e68cab4b
boom! running: cargo +nightly test --frozen
boom! creating container for: cargo +nightly test --frozen
boom! running `docker create -v /home/ec2-user/cargobomb/./work/local/test-source/nightly/nightly:/source:ro -v /home/ec2-user/cargobomb/./work/local/cargo-home:/cargo-home:ro -v /home/ec2-user/cargobomb/./work/local/rustup-home:/rustup-home:ro -v /home/ec2-user/cargobomb/./work/local/target-dirs/nightly/nightly:/target:rw -e USER_ID=500 -e CMD=cargo +nightly test --frozen cargobomb`
blam! 9306f7f0bd76346e3fe144949df70f7a8b40ae42b7a7da32514ab89fbbe1a31f
boom! running `docker start -a 9306f7f0bd76346e3fe144949df70f7a8b40ae42b7a7da32514ab89fbbe1a31f`
kablam!     Finished dev [unoptimized + debuginfo] target(s) in 0.0 secs
kablam!      Running /target/debug/deps/mpack-e8c9d54112d474c4
blam! 
blam! running 18 tests
blam! test rpc::test::ownership_test ... ok
blam! test test::test_extended ... ok
kablam! thread '<unnamed>' panicked at 'called `Result::unwrap()` on an `Err` value: TypeError { v: Array([Int8(0), Uint32(0), String("slow_echo"), Array([String("hello")])]), desc: "Array([Int8(0), Uint32(0), String(\"slow_echo\"), Array([String(\"hello\")])]) does not contain an int value" }', /checkout/src/libcore/result.rs:859
kablam! note: Run with `RUST_BACKTRACE=1` for a backtrace.
blam! test test::test_f32 ... ok
blam! test test::test_f64 ... ok
blam! test test::test_i16 ... ok
kablam! thread '<unnamed>' panicked at 'called `Result::unwrap()` on an `Err` value: TypeError { v: Array([Int8(0), Uint32(1), String("ping"), Array([])]), desc: "Array([Int8(0), Uint32(1), String(\"ping\"), Array([])]) does not contain an int value" }', /checkout/src/libcore/result.rs:859
blam! test test::test_i64 ... ok
blam! test test::test_i8 ... ok
blam! test test::test_i32 ... ok
blam! test test::test_u16 ... ok
blam! test test::test_u32 ... ok
blam! test test::test_u64 ... ok
blam! test test::test_nil ... ok
blam! test test::test_u8 ... ok
blam! test test::write_short_string ... ok
blam! test test::write_medium_string ... ok
blam! test test::write_tiny_string ... ok
blam! test rpc::test::out_of_order_test has been running for over 60 seconds
blam! test rpc::test::simple_test has been running for over 60 seconds
boom! process killed after not generating output for 120 s
boom! running `docker rm -f 9306f7f0bd76346e3fe144949df70f7a8b40ae42b7a7da32514ab89fbbe1a31f`
blam! 9306f7f0bd76346e3fe144949df70f7a8b40ae42b7a7da32514ab89fbbe1a31f
