boom! testing hexfloat-0.1.3 against beta for beta
boom! running: cargo +beta build --frozen
boom! creating container for: cargo +beta build --frozen
boom! running `docker create -v /home/ec2-user/cargobomb/./work/local/test-source/beta/beta:/source:ro -v /home/ec2-user/cargobomb/./work/local/cargo-home:/cargo-home:ro -v /home/ec2-user/cargobomb/./work/local/rustup-home:/rustup-home:ro -v /home/ec2-user/cargobomb/./work/local/target-dirs/beta/beta:/target:rw -e USER_ID=500 -e CMD=cargo +beta build --frozen cargobomb`
blam! 99f443003180ed5c2bdf32b4f6157f27ce324bbf47539b03c678b17f1d40a41f
boom! running `docker start -a 99f443003180ed5c2bdf32b4f6157f27ce324bbf47539b03c678b17f1d40a41f`
kablam!    Compiling hexfloat v0.1.3 (file:///source)
kablam! error: invalid suffix `i` for numeric literal
kablam!   --> src/lib.rs:68:21
kablam!    |
kablam! 68 |     let mut d_len = 0i;
kablam!    |                     ^^
kablam!    |
kablam!    = help: the suffix must be one of the integral types (`u32`, `isize`, etc)
kablam! 
kablam! error: invalid suffix `i` for numeric literal
kablam!   --> src/lib.rs:73:21
kablam!    |
kablam! 73 |     let mut f_len = 0i;
kablam!    |                     ^^
kablam!    |
kablam!    = help: the suffix must be one of the integral types (`u32`, `isize`, etc)
kablam! 
kablam! error: invalid suffix `i` for numeric literal
kablam!   --> src/lib.rs:83:21
kablam!    |
kablam! 83 |     let mut e_len = 0i;
kablam!    |                     ^^
kablam!    |
kablam!    = help: the suffix must be one of the integral types (`u32`, `isize`, etc)
kablam! 
kablam! error[E0432]: unresolved import `rustc::plugin::Registry`
kablam!   --> src/lib.rs:49:5
kablam!    |
kablam! 49 | use rustc::plugin::Registry;
kablam!    |     ^^^^^^^^^^^^^^^^^^^^^^^ Could not find `plugin` in `rustc`
kablam! 
kablam! error[E0412]: cannot find type `uint` in this scope
kablam!   --> src/lib.rs:58:42
kablam!    |
kablam! 58 | fn hex_float_lit_err(s: &str) -> Option<(uint, String)> {
kablam!    |                                          ^^^^ not found in this scope
kablam! 
kablam! error[E0412]: cannot find type `TokenTree` in module `ast`
kablam!   --> src/lib.rs:94:61
kablam!    |
kablam! 94 | pub fn expand_syntax_ext(cx: &mut ExtCtxt, sp: Span, tts: &[ast::TokenTree])
kablam!    |                                                             ^^^^^^^^^^^^^^ not found in `ast`
kablam!    |
kablam!    = help: possible candidate is found in another module, you can import it into scope:
kablam!              `use syntax::tokenstream::TokenTree;`
kablam! 
kablam! error[E0425]: cannot find function `get_ident` in module `token`
kablam!    --> src/lib.rs:100:45
kablam!     |
kablam! 100 |         Some(Ident{ident, span}) => match &*token::get_ident(ident) {
kablam!     |                                             ^^^^^^^^^^^^^^^^ not found in `token`
kablam! 
kablam! error[E0425]: cannot find value `TyF32` in module `ast`
kablam!    --> src/lib.rs:101:27
kablam!     |
kablam! 101 |             "f32" => Some(ast::TyF32),
kablam!     |                           ^^^^^^^^^^ not found in `ast`
kablam! 
kablam! error[E0425]: cannot find value `TyF64` in module `ast`
kablam!    --> src/lib.rs:102:27
kablam!     |
kablam! 102 |             "f64" => Some(ast::TyF64),
kablam!     |                           ^^^^^^^^^^ not found in `ast`
kablam! 
kablam! error[E0531]: cannot find tuple struct/variant `ExprLit` in module `ast`
kablam!    --> src/lib.rs:112:9
kablam!     |
kablam! 112 |         ast::ExprLit(ref lit) => match lit.node {
kablam!     |         ^^^^^^^^^^^^ not found in `ast`
kablam!     |
kablam!     = help: possible candidates are found in other modules, you can import them into scope:
kablam!               `use rustc::hir::ExprLit;`
kablam!               `use rustc::hir::Expr_::ExprLit;`
kablam! 
kablam! error[E0531]: cannot find tuple struct/variant `LitStr` in module `ast`
kablam!    --> src/lib.rs:114:13
kablam!     |
kablam! 114 |             ast::LitStr(ref s, _) => {
kablam!     |             ^^^^^^^^^^^ not found in `ast`
kablam! 
kablam! error[E0425]: cannot find function `LitFloatUnsuffixed` in module `ast`
kablam!    --> src/lib.rs:145:17
kablam!     |
kablam! 145 |         None => ast::LitFloatUnsuffixed(s),
kablam!     |                 ^^^^^^^^^^^^^^^^^^^^^^^ not found in `ast`
kablam! 
kablam! error[E0425]: cannot find function `LitFloat` in module `ast`
kablam!    --> src/lib.rs:146:22
kablam!     |
kablam! 146 |         Some (ty) => ast::LitFloat(s, ty)
kablam!     |                      ^^^^^^^^^^^^^ not found in `ast`
kablam! 
kablam! error[E0412]: cannot find type `TokenTree` in module `ast`
kablam!    --> src/lib.rs:157:21
kablam!     |
kablam! 157 |              tts: &[ast::TokenTree]) -> (P<ast::Expr>, Option<Ident>) {
kablam!     |                     ^^^^^^^^^^^^^^ not found in `ast`
kablam!     |
kablam!     = help: possible candidate is found in another module, you can import it into scope:
kablam!               `use syntax::tokenstream::TokenTree;`
kablam! 
kablam! error[E0554]: #[feature] may not be used on the beta release channel
kablam!   --> src/lib.rs:36:1
kablam!    |
kablam! 36 | #![feature(plugin_registrar, int_uint)]
kablam!    | ^^^^^^^^^^^^^^^^^^^^^^^^^^^^^^^^^^^^^^^
kablam! 
kablam! error[E0554]: #[feature] may not be used on the beta release channel
kablam!   --> src/lib.rs:37:1
kablam!    |
kablam! 37 | #![feature(rustc_private, unicode)]
kablam!    | ^^^^^^^^^^^^^^^^^^^^^^^^^^^^^^^^^^^
kablam! 
kablam! error: aborting due to 2 previous errors
kablam! 
kablam! error: Could not compile `hexfloat`.
kablam! 
kablam! To learn more, run the command again with --verbose.
boom! running `docker rm -f 99f443003180ed5c2bdf32b4f6157f27ce324bbf47539b03c678b17f1d40a41f`
blam! 99f443003180ed5c2bdf32b4f6157f27ce324bbf47539b03c678b17f1d40a41f
