boom! testing compiletest_rs-0.2.5 against stable for nightly
boom! running: cargo +stable build --frozen
boom! creating container for: cargo +stable build --frozen
boom! running `docker create -v /home/ec2-user/cargobomb/./work/local/test-source/nightly/stable:/source:ro -v /home/ec2-user/cargobomb/./work/local/cargo-home:/cargo-home:ro -v /home/ec2-user/cargobomb/./work/local/rustup-home:/rustup-home:ro -v /home/ec2-user/cargobomb/./work/local/target-dirs/nightly/stable:/target:rw -e USER_ID=500 -e CMD=cargo +stable build --frozen cargobomb`
blam! f067e4e67feea0476f11f8ed4e22b07c590842b5c46c05143e6fb6fa532e1e05
boom! running `docker start -a f067e4e67feea0476f11f8ed4e22b07c590842b5c46c05143e6fb6fa532e1e05`
kablam!    Compiling compiletest_rs v0.2.5 (file:///source)
kablam! error[E0554]: #[feature] may not be used on the stable release channel
kablam!   --> src/compiletest.rs:13:1
kablam!    |
kablam! 13 | #![feature(rustc_private)]
kablam!    | ^^^^^^^^^^^^^^^^^^^^^^^^^^
kablam! 
kablam! error[E0554]: #[feature] may not be used on the stable release channel
kablam!   --> src/compiletest.rs:14:1
kablam!    |
kablam! 14 | #![feature(test)]
kablam!    | ^^^^^^^^^^^^^^^^^
kablam! 
kablam! error: aborting due to 2 previous errors
kablam! 
kablam! error: Could not compile `compiletest_rs`.
kablam! 
kablam! To learn more, run the command again with --verbose.
boom! running `docker rm -f f067e4e67feea0476f11f8ed4e22b07c590842b5c46c05143e6fb6fa532e1e05`
blam! f067e4e67feea0476f11f8ed4e22b07c590842b5c46c05143e6fb6fa532e1e05
