boom! testing text_io-0.1.6 against stable for nightly
boom! running: cargo +stable build --frozen
boom! creating container for: cargo +stable build --frozen
boom! running `docker create -v /home/ec2-user/cargobomb/./work/local/test-source/nightly/stable:/source:ro -v /home/ec2-user/cargobomb/./work/local/cargo-home:/cargo-home:ro -v /home/ec2-user/cargobomb/./work/local/rustup-home:/rustup-home:ro -v /home/ec2-user/cargobomb/./work/local/target-dirs/nightly/stable:/target:rw -e USER_ID=500 -e CMD=cargo +stable build --frozen cargobomb`
blam! a4a51668b943d70f16338db09c54c954a6b9bf78be0dd525186adf8aadee787a
boom! running `docker start -a a4a51668b943d70f16338db09c54c954a6b9bf78be0dd525186adf8aadee787a`
kablam!    Compiling text_io v0.1.6 (file:///source)
kablam!     Finished dev [unoptimized + debuginfo] target(s) in 0.58 secs
boom! running `docker rm -f a4a51668b943d70f16338db09c54c954a6b9bf78be0dd525186adf8aadee787a`
blam! a4a51668b943d70f16338db09c54c954a6b9bf78be0dd525186adf8aadee787a
boom! running: cargo +stable test --frozen --no-run
boom! creating container for: cargo +stable test --frozen --no-run
boom! running `docker create -v /home/ec2-user/cargobomb/./work/local/test-source/nightly/stable:/source:ro -v /home/ec2-user/cargobomb/./work/local/cargo-home:/cargo-home:ro -v /home/ec2-user/cargobomb/./work/local/rustup-home:/rustup-home:ro -v /home/ec2-user/cargobomb/./work/local/target-dirs/nightly/stable:/target:rw -e USER_ID=500 -e CMD=cargo +stable test --frozen --no-run cargobomb`
blam! c12767224ab35d2498dbf20d4f81f957c85ad3ba20a38e24568ee9f38e547909
boom! running `docker start -a c12767224ab35d2498dbf20d4f81f957c85ad3ba20a38e24568ee9f38e547909`
kablam!    Compiling text_io v0.1.6 (file:///source)
kablam! warning: unused import: `:: std :: io :: Read`, #[warn(unused_imports)] on by default
kablam!  --> tests/module.rs:6:9
kablam!   |
kablam! 6 |         scan!(text.bytes() => "{}:{}", a, b);
kablam!   |         ^^^^^^^^^^^^^^^^^^^^^^^^^^^^^^^^^^^^^
kablam!   |
kablam!   = note: this error originates in a macro outside of the current crate
kablam! 
kablam! warning: unused import: `:: std :: io :: Read`, #[warn(unused_imports)] on by default
kablam!  --> tests/read_str.rs:5:20
kablam!   |
kablam! 5 |     let val: i32 = read!("{}", "42".bytes());
kablam!   |                    ^^^^^^^^^^^^^^^^^^^^^^^^^
kablam!   |
kablam!   = note: this error originates in a macro outside of the current crate
kablam! 
kablam! warning: unused import: `:: std :: io :: Read`, #[warn(unused_imports)] on by default
kablam!   --> tests/read_str.rs:11:23
kablam!    |
kablam! 11 |     let val: String = read!("{}  64", "42  64".bytes());
kablam!    |                       ^^^^^^^^^^^^^^^^^^^^^^^^^^^^^^^^^
kablam!    |
kablam!    = note: this error originates in a macro outside of the current crate
kablam! 
kablam! warning: unused import: `:: std :: io :: Read`, #[warn(unused_imports)] on by default
kablam!   --> tests/read_str.rs:19:20
kablam!    |
kablam! 19 |     let val: i32 = read!("The answer is {}!!!11einself\n", file);
kablam!    |                    ^^^^^^^^^^^^^^^^^^^^^^^^^^^^^^^^^^^^^^^^^^^^^
kablam!    |
kablam!    = note: this error originates in a macro outside of the current crate
kablam! 
kablam! warning: unused import: `:: std :: io :: Read`, #[warn(unused_imports)] on by default
kablam!   --> tests/read_str.rs:21:21
kablam!    |
kablam! 21 |     let s: String = read!("There is {} spoon", file);
kablam!    |                     ^^^^^^^^^^^^^^^^^^^^^^^^^^^^^^^^
kablam!    |
kablam!    = note: this error originates in a macro outside of the current crate
kablam! 
kablam! warning: unused import: `:: std :: io :: Read`, #[warn(unused_imports)] on by default
kablam!   --> tests/read_str.rs:31:5
kablam!    |
kablam! 31 |     scan!(file => "The answer is {}!!!11einself\nThere is {} spoon", val, *s);
kablam!    |     ^^^^^^^^^^^^^^^^^^^^^^^^^^^^^^^^^^^^^^^^^^^^^^^^^^^^^^^^^^^^^^^^^^^^^^^^^^
kablam!    |
kablam!    = note: this error originates in a macro outside of the current crate
kablam! 
kablam! warning: unused import: `:: std :: io :: Read`, #[warn(unused_imports)] on by default
kablam!   --> tests/read_str.rs:39:5
kablam!    |
kablam! 39 |     scan!("42".bytes() => "{}", val);
kablam!    |     ^^^^^^^^^^^^^^^^^^^^^^^^^^^^^^^^^
kablam!    |
kablam!    = note: this error originates in a macro outside of the current crate
kablam! 
kablam! warning: unused import: `:: std :: io :: Read`, #[warn(unused_imports)] on by default
kablam!   --> tests/read_str.rs:43:5
kablam!    |
kablam! 43 |     scan!("<b>12</b>".bytes() => "<b>{}</b>", i);
kablam!    |     ^^^^^^^^^^^^^^^^^^^^^^^^^^^^^^^^^^^^^^^^^^^^^
kablam!    |
kablam!    = note: this error originates in a macro outside of the current crate
kablam! 
kablam! warning: unused import: `:: std :: io :: Read`, #[warn(unused_imports)] on by default
kablam!   --> tests/read_str.rs:48:5
kablam!    |
kablam! 48 |     scan!(stdin => "{}", i);
kablam!    |     ^^^^^^^^^^^^^^^^^^^^^^^^
kablam!    |
kablam!    = note: this error originates in a macro outside of the current crate
kablam! 
kablam! warning: unused import: `:: std :: io :: Read`, #[warn(unused_imports)] on by default
kablam!   --> tests/read_str.rs:49:5
kablam!    |
kablam! 49 |     scan!(stdin => "{}", j);
kablam!    |     ^^^^^^^^^^^^^^^^^^^^^^^^
kablam!    |
kablam!    = note: this error originates in a macro outside of the current crate
kablam! 
kablam!     Finished dev [unoptimized + debuginfo] target(s) in 5.1 secs
boom! running `docker rm -f c12767224ab35d2498dbf20d4f81f957c85ad3ba20a38e24568ee9f38e547909`
blam! c12767224ab35d2498dbf20d4f81f957c85ad3ba20a38e24568ee9f38e547909
boom! running: cargo +stable test --frozen
boom! creating container for: cargo +stable test --frozen
boom! running `docker create -v /home/ec2-user/cargobomb/./work/local/test-source/nightly/stable:/source:ro -v /home/ec2-user/cargobomb/./work/local/cargo-home:/cargo-home:ro -v /home/ec2-user/cargobomb/./work/local/rustup-home:/rustup-home:ro -v /home/ec2-user/cargobomb/./work/local/target-dirs/nightly/stable:/target:rw -e USER_ID=500 -e CMD=cargo +stable test --frozen cargobomb`
blam! 205a2b0a7a1f5117118b75ff0bf94f34aa061b56f3d2bb2ffc4d50a9063fd159
boom! running `docker start -a 205a2b0a7a1f5117118b75ff0bf94f34aa061b56f3d2bb2ffc4d50a9063fd159`
kablam!     Finished dev [unoptimized + debuginfo] target(s) in 0.0 secs
kablam!      Running /target/debug/deps/module-84363587d07cc051
blam! 
blam! running 1 test
blam! test calling_scan_in_submodule ... ok
blam! 
blam! test result: ok. 1 passed; 0 failed; 0 ignored; 0 measured
blam! 
kablam!      Running /target/debug/deps/read_str-2702ad6b8f022cab
blam! 
blam! running 5 tests
blam! test file ... ok
blam! test file_scan ... ok
blam! test scan ... ok
blam! test simple ... ok
blam! test simple_spaces ... ok
blam! 
blam! test result: ok. 5 passed; 0 failed; 0 ignored; 0 measured
blam! 
kablam!      Running /target/debug/deps/text_io-8d4ffd3d5d8618fc
blam! 
blam! running 0 tests
blam! 
blam! test result: ok. 0 passed; 0 failed; 0 ignored; 0 measured
blam! 
kablam!      Running /target/debug/deps/tuple-53c28cde9b0557c0
blam! 
blam! running 5 tests
blam! test run_read_simple ... FAILED
blam! test run_scan_simple ... FAILED
blam! test run_scan ... FAILED
blam! test run_read ... FAILED
blam! test run_unsupported_formatting_trait ... ok
blam! 
blam! failures:
blam! 
blam! ---- run_read_simple stdout ----
blam! 	thread 'run_read_simple' panicked at 'called `Result::unwrap()` on an `Err` value: Error { repr: Os { code: 2, message: "No such file or directory" } }', /buildslave/rust-buildbot/slave/stable-dist-rustc-linux/build/src/libcore/result.rs:868
blam! 
blam! ---- run_scan_simple stdout ----
blam! 	thread 'run_scan_simple' panicked at 'called `Result::unwrap()` on an `Err` value: Error { repr: Os { code: 2, message: "No such file or directory" } }', /buildslave/rust-buildbot/slave/stable-dist-rustc-linux/build/src/libcore/result.rs:868
blam! 
blam! ---- run_scan stdout ----
blam! 	thread 'run_scan' panicked at 'called `Result::unwrap()` on an `Err` value: Error { repr: Os { code: 2, message: "No such file or directory" } }', /buildslave/rust-buildbot/slave/stable-dist-rustc-linux/build/src/libcore/result.rs:868
blam! 
blam! ---- run_read stdout ----
blam! 	thread 'run_read' panicked at 'called `Result::unwrap()` on an `Err` value: Error { repr: Os { code: 2, message: "No such file or directory" } }', /buildslave/rust-buildbot/slave/stable-dist-rustc-linux/build/src/libcore/result.rs:868
blam! note: Run with `RUST_BACKTRACE=1` for a backtrace.
blam! 
blam! 
blam! failures:
blam!     run_read
blam!     run_read_simple
blam!     run_scan
blam!     run_scan_simple
blam! 
blam! test result: FAILED. 1 passed; 4 failed; 0 ignored; 0 measured
blam! 
kablam! error: test failed
boom! running `docker rm -f 205a2b0a7a1f5117118b75ff0bf94f34aa061b56f3d2bb2ffc4d50a9063fd159`
blam! 205a2b0a7a1f5117118b75ff0bf94f34aa061b56f3d2bb2ffc4d50a9063fd159
