boom! testing argparse-0.2.1 against stable for beta
boom! running: cargo +stable build --frozen
boom! creating container for: cargo +stable build --frozen
boom! running `docker create -v /home/ec2-user/cargobomb/./work/local/test-source/beta/stable:/source:ro -v /home/ec2-user/cargobomb/./work/local/cargo-home:/cargo-home:ro -v /home/ec2-user/cargobomb/./work/local/rustup-home:/rustup-home:ro -v /home/ec2-user/cargobomb/./work/local/target-dirs/beta/stable:/target:rw -e USER_ID=500 -e CMD=cargo +stable build --frozen cargobomb`
blam! a4390282b5d2861a6749ed58ad3a746321ed54f6ba9fda195aefb5a85b87d14f
boom! running `docker start -a a4390282b5d2861a6749ed58ad3a746321ed54f6ba9fda195aefb5a85b87d14f`
kablam!    Compiling argparse v0.2.1 (file:///source)
kablam!     Finished debug [unoptimized + debuginfo] target(s) in 3.7 secs
boom! running `docker rm -f a4390282b5d2861a6749ed58ad3a746321ed54f6ba9fda195aefb5a85b87d14f`
blam! a4390282b5d2861a6749ed58ad3a746321ed54f6ba9fda195aefb5a85b87d14f
boom! running: cargo +stable test --frozen --no-run
boom! creating container for: cargo +stable test --frozen --no-run
boom! running `docker create -v /home/ec2-user/cargobomb/./work/local/test-source/beta/stable:/source:ro -v /home/ec2-user/cargobomb/./work/local/cargo-home:/cargo-home:ro -v /home/ec2-user/cargobomb/./work/local/rustup-home:/rustup-home:ro -v /home/ec2-user/cargobomb/./work/local/target-dirs/beta/stable:/target:rw -e USER_ID=500 -e CMD=cargo +stable test --frozen --no-run cargobomb`
blam! 94d9d3b44575302c6d6b1eddc13fec3e382b9e875115df2ca8aaa07d61f83ac4
boom! running `docker start -a 94d9d3b44575302c6d6b1eddc13fec3e382b9e875115df2ca8aaa07d61f83ac4`
kablam!    Compiling argparse v0.2.1 (file:///source)
kablam! error[E0282]: unable to infer enough type information about `Self`
kablam!   --> src/test_path.rs:21:16
kablam!    |
kablam! 21 |                From::from("/hello"));
kablam!    |                ^^^^^^^^^^ cannot infer type for `Self`
kablam!    |
kablam!    = note: type annotations or generic parameter binding required
kablam! 
kablam! error: aborting due to previous error
kablam! 
blam! Build failed, waiting for other jobs to finish...
kablam! error: Could not compile `argparse`.
kablam! 
kablam! To learn more, run the command again with --verbose.
boom! running `docker rm -f 94d9d3b44575302c6d6b1eddc13fec3e382b9e875115df2ca8aaa07d61f83ac4`
blam! 94d9d3b44575302c6d6b1eddc13fec3e382b9e875115df2ca8aaa07d61f83ac4
boom! running: cargo +stable test --frozen
boom! creating container for: cargo +stable test --frozen
boom! running `docker create -v /home/ec2-user/cargobomb/./work/local/test-source/beta/stable:/source:ro -v /home/ec2-user/cargobomb/./work/local/cargo-home:/cargo-home:ro -v /home/ec2-user/cargobomb/./work/local/rustup-home:/rustup-home:ro -v /home/ec2-user/cargobomb/./work/local/target-dirs/beta/stable:/target:rw -e USER_ID=500 -e CMD=cargo +stable test --frozen cargobomb`
blam! ab2bb72dfd3c6227ebbe335dc2011b36ae6d1b1c1e92ee2a5869e9a363aa4f54
boom! running `docker start -a ab2bb72dfd3c6227ebbe335dc2011b36ae6d1b1c1e92ee2a5869e9a363aa4f54`
kablam!    Compiling argparse v0.2.1 (file:///source)
kablam! error[E0282]: unable to infer enough type information about `Self`
kablam!   --> src/test_path.rs:21:16
kablam!    |
kablam! 21 |                From::from("/hello"));
kablam!    |                ^^^^^^^^^^ cannot infer type for `Self`
kablam!    |
kablam!    = note: type annotations or generic parameter binding required
kablam! 
kablam! error: aborting due to previous error
kablam! 
kablam! error: Could not compile `argparse`.
kablam! 
kablam! To learn more, run the command again with --verbose.
boom! running `docker rm -f ab2bb72dfd3c6227ebbe335dc2011b36ae6d1b1c1e92ee2a5869e9a363aa4f54`
blam! ab2bb72dfd3c6227ebbe335dc2011b36ae6d1b1c1e92ee2a5869e9a363aa4f54
