boom! testing rusqlite-0.7.3 against stable for beta
boom! running: cargo +stable build --frozen
boom! creating container for: cargo +stable build --frozen
boom! running `docker create -v /home/ec2-user/cargobomb/./work/local/test-source/beta/stable:/source:ro -v /home/ec2-user/cargobomb/./work/local/cargo-home:/cargo-home:ro -v /home/ec2-user/cargobomb/./work/local/rustup-home:/rustup-home:ro -v /home/ec2-user/cargobomb/./work/local/target-dirs/beta/stable:/target:rw -e USER_ID=500 -e CMD=cargo +stable build --frozen cargobomb`
blam! 8e8a8e16a6aa6c1f73c146a2bd34237522fb018350470a1e4b9eb3a1e619a20f
boom! running `docker start -a 8e8a8e16a6aa6c1f73c146a2bd34237522fb018350470a1e4b9eb3a1e619a20f`
kablam! warning: `build.rs` files in the same directory as your `Cargo.toml` will soon be treated as build scripts. Add `build = false` to your `Cargo.toml` to prevent this
kablam!    Compiling rusqlite v0.7.3 (file:///source)
kablam!     Finished debug [unoptimized + debuginfo] target(s) in 2.51 secs
boom! running `docker rm -f 8e8a8e16a6aa6c1f73c146a2bd34237522fb018350470a1e4b9eb3a1e619a20f`
blam! 8e8a8e16a6aa6c1f73c146a2bd34237522fb018350470a1e4b9eb3a1e619a20f
boom! running: cargo +stable test --frozen --no-run
boom! creating container for: cargo +stable test --frozen --no-run
boom! running `docker create -v /home/ec2-user/cargobomb/./work/local/test-source/beta/stable:/source:ro -v /home/ec2-user/cargobomb/./work/local/cargo-home:/cargo-home:ro -v /home/ec2-user/cargobomb/./work/local/rustup-home:/rustup-home:ro -v /home/ec2-user/cargobomb/./work/local/target-dirs/beta/stable:/target:rw -e USER_ID=500 -e CMD=cargo +stable test --frozen --no-run cargobomb`
blam! f93533720d49716fe3aa6c42bb0b8a7b7467f6aef61d0c7506d43648a667534a
boom! running `docker start -a f93533720d49716fe3aa6c42bb0b8a7b7467f6aef61d0c7506d43648a667534a`
kablam! warning: `build.rs` files in the same directory as your `Cargo.toml` will soon be treated as build scripts. Add `build = false` to your `Cargo.toml` to prevent this
kablam!    Compiling rusqlite v0.7.3 (file:///source)
kablam! error: linking with `cc` failed: exit code: 1
kablam!   |
kablam!   = note: "cc" "-Wl,--as-needed" "-Wl,-z,noexecstack" "-m64" "-L" "/rustup-home/toolchains/stable-x86_64-unknown-linux-gnu/lib/rustlib/x86_64-unknown-linux-gnu/lib" "/target/debug/deps/config_log-977df3429ea83a0e.0.o" "-o" "/target/debug/deps/config_log-977df3429ea83a0e" "-Wl,--gc-sections" "-pie" "-nodefaultlibs" "-L" "/target/debug/deps" "-L" "/usr/lib" "-L" "/rustup-home/toolchains/stable-x86_64-unknown-linux-gnu/lib/rustlib/x86_64-unknown-linux-gnu/lib" "-Wl,-Bstatic" "-Wl,-Bdynamic" "/target/debug/deps/liblazy_static-558fd24daf596ca5.rlib" "/target/debug/deps/librusqlite-3b9c71d6afbef5ce.rlib" "/target/debug/deps/libtime-53238cb92943b947.rlib" "/target/debug/deps/libbitflags-725a4e5043ace390.rlib" "/target/debug/deps/liblru_cache-edf54669243a537c.rlib" "/target/debug/deps/liblibsqlite3_sys-5354f5b68fb12383.rlib" "/target/debug/deps/liblibc-83c2bd88b43ecde3.rlib" "/target/debug/deps/liblinked_hash_map-f8c4f65d524e337e.rlib" "/rustup-home/toolchains/stable-x86_64-unknown-linux-gnu/lib/rustlib/x86_64-unknown-linux-gnu/lib/libstd-2ddb28df747fcb8c.rlib" "/rustup-home/toolchains/stable-x86_64-unknown-linux-gnu/lib/rustlib/x86_64-unknown-linux-gnu/lib/libpanic_unwind-21709492a058d9ce.rlib" "/rustup-home/toolchains/stable-x86_64-unknown-linux-gnu/lib/rustlib/x86_64-unknown-linux-gnu/lib/libunwind-e19aa6725ab01bfd.rlib" "/rustup-home/toolchains/stable-x86_64-unknown-linux-gnu/lib/rustlib/x86_64-unknown-linux-gnu/lib/librand-99ff2e008613b591.rlib" "/rustup-home/toolchains/stable-x86_64-unknown-linux-gnu/lib/rustlib/x86_64-unknown-linux-gnu/lib/libcollections-e2513aecb8fbb70c.rlib" "/rustup-home/toolchains/stable-x86_64-unknown-linux-gnu/lib/rustlib/x86_64-unknown-linux-gnu/lib/liballoc-f3200ab7e7fe644c.rlib" "/rustup-home/toolchains/stable-x86_64-unknown-linux-gnu/lib/rustlib/x86_64-unknown-linux-gnu/lib/liballoc_jemalloc-e83ac2302b5439a3.rlib" "/rustup-home/toolchains/stable-x86_64-unknown-linux-gnu/lib/rustlib/x86_64-unknown-linux-gnu/lib/liblibc-dba58b8da674d203.rlib" "/rustup-home/toolchains/stable-x86_64-unknown-linux-gnu/lib/rustlib/x86_64-unknown-linux-gnu/lib/libstd_unicode-6d4348bcabf40a71.rlib" "/rustup-home/toolchains/stable-x86_64-unknown-linux-gnu/lib/rustlib/x86_64-unknown-linux-gnu/lib/libcore-9f45c45fdcba4301.rlib" "/rustup-home/toolchains/stable-x86_64-unknown-linux-gnu/lib/rustlib/x86_64-unknown-linux-gnu/lib/libcompiler_builtins-b4ef8c9d93bc879a.rlib" "-l" "sqlite3" "-l" "sqlite3" "-l" "util" "-l" "dl" "-l" "rt" "-l" "pthread" "-l" "gcc_s" "-l" "pthread" "-l" "c" "-l" "m" "-l" "rt" "-l" "util"
kablam!   = note: /usr/bin/ld: cannot find -lsqlite3
kablam! /usr/bin/ld: cannot find -lsqlite3
kablam! collect2: error: ld returned 1 exit status
kablam! 
kablam! 
kablam! error: aborting due to previous error
kablam! 
blam! Build failed, waiting for other jobs to finish...
kablam! error: linking with `cc` failed: exit code: 1
kablam!   |
kablam!   = note: "cc" "-Wl,--as-needed" "-Wl,-z,noexecstack" "-m64" "-L" "/rustup-home/toolchains/stable-x86_64-unknown-linux-gnu/lib/rustlib/x86_64-unknown-linux-gnu/lib" "/target/debug/deps/deny_single_threaded_sqlite_config-f94a389ee8f14998.0.o" "-o" "/target/debug/deps/deny_single_threaded_sqlite_config-f94a389ee8f14998" "-Wl,--gc-sections" "-pie" "-nodefaultlibs" "-L" "/target/debug/deps" "-L" "/usr/lib" "-L" "/rustup-home/toolchains/stable-x86_64-unknown-linux-gnu/lib/rustlib/x86_64-unknown-linux-gnu/lib" "-Wl,-Bstatic" "-Wl,-Bdynamic" "/target/debug/deps/librusqlite-3b9c71d6afbef5ce.rlib" "/target/debug/deps/liblru_cache-edf54669243a537c.rlib" "/target/debug/deps/libtime-53238cb92943b947.rlib" "/target/debug/deps/liblinked_hash_map-f8c4f65d524e337e.rlib" "/rustup-home/toolchains/stable-x86_64-unknown-linux-gnu/lib/rustlib/x86_64-unknown-linux-gnu/lib/libtest-dd7007be8bc832b7.rlib" "/rustup-home/toolchains/stable-x86_64-unknown-linux-gnu/lib/rustlib/x86_64-unknown-linux-gnu/lib/libterm-19e7cee83d8001c7.rlib" "/target/debug/deps/liblibsqlite3_sys-5354f5b68fb12383.rlib" "/target/debug/deps/liblibc-83c2bd88b43ecde3.rlib" "/target/debug/deps/libbitflags-725a4e5043ace390.rlib" "/rustup-home/toolchains/stable-x86_64-unknown-linux-gnu/lib/rustlib/x86_64-unknown-linux-gnu/lib/libgetopts-58bde84252e1d985.rlib" "/rustup-home/toolchains/stable-x86_64-unknown-linux-gnu/lib/rustlib/x86_64-unknown-linux-gnu/lib/libstd-2ddb28df747fcb8c.rlib" "/rustup-home/toolchains/stable-x86_64-unknown-linux-gnu/lib/rustlib/x86_64-unknown-linux-gnu/lib/libpanic_unwind-21709492a058d9ce.rlib" "/rustup-home/toolchains/stable-x86_64-unknown-linux-gnu/lib/rustlib/x86_64-unknown-linux-gnu/lib/libunwind-e19aa6725ab01bfd.rlib" "/rustup-home/toolchains/stable-x86_64-unknown-linux-gnu/lib/rustlib/x86_64-unknown-linux-gnu/lib/librand-99ff2e008613b591.rlib" "/rustup-home/toolchains/stable-x86_64-unknown-linux-gnu/lib/rustlib/x86_64-unknown-linux-gnu/lib/libcollections-e2513aecb8fbb70c.rlib" "/rustup-home/toolchains/stable-x86_64-unknown-linux-gnu/lib/rustlib/x86_64-unknown-linux-gnu/lib/liballoc-f3200ab7e7fe644c.rlib" "/rustup-home/toolchains/stable-x86_64-unknown-linux-gnu/lib/rustlib/x86_64-unknown-linux-gnu/lib/liballoc_jemalloc-e83ac2302b5439a3.rlib" "/rustup-home/toolchains/stable-x86_64-unknown-linux-gnu/lib/rustlib/x86_64-unknown-linux-gnu/lib/liblibc-dba58b8da674d203.rlib" "/rustup-home/toolchains/stable-x86_64-unknown-linux-gnu/lib/rustlib/x86_64-unknown-linux-gnu/lib/libstd_unicode-6d4348bcabf40a71.rlib" "/rustup-home/toolchains/stable-x86_64-unknown-linux-gnu/lib/rustlib/x86_64-unknown-linux-gnu/lib/libcore-9f45c45fdcba4301.rlib" "/rustup-home/toolchains/stable-x86_64-unknown-linux-gnu/lib/rustlib/x86_64-unknown-linux-gnu/lib/libcompiler_builtins-b4ef8c9d93bc879a.rlib" "-l" "sqlite3" "-l" "sqlite3" "-l" "util" "-l" "dl" "-l" "rt" "-l" "pthread" "-l" "gcc_s" "-l" "pthread" "-l" "c" "-l" "m" "-l" "rt" "-l" "util"
kablam!   = note: /usr/bin/ld: cannot find -lsqlite3
kablam! /usr/bin/ld: cannot find -lsqlite3
kablam! collect2: error: ld returned 1 exit status
kablam! 
kablam! 
kablam! error: aborting due to previous error
kablam! 
blam! Build failed, waiting for other jobs to finish...
kablam! error: linking with `cc` failed: exit code: 1
kablam!   |
kablam!   = note: "cc" "-Wl,--as-needed" "-Wl,-z,noexecstack" "-m64" "-L" "/rustup-home/toolchains/stable-x86_64-unknown-linux-gnu/lib/rustlib/x86_64-unknown-linux-gnu/lib" "/target/debug/deps/rusqlite-59b46d499b2213eb.0.o" "-o" "/target/debug/deps/rusqlite-59b46d499b2213eb" "-Wl,--gc-sections" "-pie" "-nodefaultlibs" "-L" "/target/debug/deps" "-L" "/usr/lib" "-L" "/rustup-home/toolchains/stable-x86_64-unknown-linux-gnu/lib/rustlib/x86_64-unknown-linux-gnu/lib" "-Wl,-Bstatic" "-Wl,-Bdynamic" "/target/debug/deps/libtime-53238cb92943b947.rlib" "/rustup-home/toolchains/stable-x86_64-unknown-linux-gnu/lib/rustlib/x86_64-unknown-linux-gnu/lib/libtest-dd7007be8bc832b7.rlib" "/target/debug/deps/liblibsqlite3_sys-5354f5b68fb12383.rlib" "/target/debug/deps/libbitflags-725a4e5043ace390.rlib" "/target/debug/deps/libtempdir-a1768611d043aa5e.rlib" "/rustup-home/toolchains/stable-x86_64-unknown-linux-gnu/lib/rustlib/x86_64-unknown-linux-gnu/lib/libgetopts-58bde84252e1d985.rlib" "/target/debug/deps/liblru_cache-edf54669243a537c.rlib" "/target/debug/deps/liblinked_hash_map-f8c4f65d524e337e.rlib" "/target/debug/deps/liblazy_static-558fd24daf596ca5.rlib" "/target/debug/deps/librand-26cfd8d095643d5f.rlib" "/target/debug/deps/liblibc-83c2bd88b43ecde3.rlib" "/rustup-home/toolchains/stable-x86_64-unknown-linux-gnu/lib/rustlib/x86_64-unknown-linux-gnu/lib/libterm-19e7cee83d8001c7.rlib" "/rustup-home/toolchains/stable-x86_64-unknown-linux-gnu/lib/rustlib/x86_64-unknown-linux-gnu/lib/libstd-2ddb28df747fcb8c.rlib" "/rustup-home/toolchains/stable-x86_64-unknown-linux-gnu/lib/rustlib/x86_64-unknown-linux-gnu/lib/libpanic_unwind-21709492a058d9ce.rlib" "/rustup-home/toolchains/stable-x86_64-unknown-linux-gnu/lib/rustlib/x86_64-unknown-linux-gnu/lib/libunwind-e19aa6725ab01bfd.rlib" "/rustup-home/toolchains/stable-x86_64-unknown-linux-gnu/lib/rustlib/x86_64-unknown-linux-gnu/lib/librand-99ff2e008613b591.rlib" "/rustup-home/toolchains/stable-x86_64-unknown-linux-gnu/lib/rustlib/x86_64-unknown-linux-gnu/lib/libcollections-e2513aecb8fbb70c.rlib" "/rustup-home/toolchains/stable-x86_64-unknown-linux-gnu/lib/rustlib/x86_64-unknown-linux-gnu/lib/liballoc-f3200ab7e7fe644c.rlib" "/rustup-home/toolchains/stable-x86_64-unknown-linux-gnu/lib/rustlib/x86_64-unknown-linux-gnu/lib/liballoc_jemalloc-e83ac2302b5439a3.rlib" "/rustup-home/toolchains/stable-x86_64-unknown-linux-gnu/lib/rustlib/x86_64-unknown-linux-gnu/lib/liblibc-dba58b8da674d203.rlib" "/rustup-home/toolchains/stable-x86_64-unknown-linux-gnu/lib/rustlib/x86_64-unknown-linux-gnu/lib/libstd_unicode-6d4348bcabf40a71.rlib" "/rustup-home/toolchains/stable-x86_64-unknown-linux-gnu/lib/rustlib/x86_64-unknown-linux-gnu/lib/libcore-9f45c45fdcba4301.rlib" "/rustup-home/toolchains/stable-x86_64-unknown-linux-gnu/lib/rustlib/x86_64-unknown-linux-gnu/lib/libcompiler_builtins-b4ef8c9d93bc879a.rlib" "-l" "sqlite3" "-l" "sqlite3" "-l" "util" "-l" "dl" "-l" "rt" "-l" "pthread" "-l" "gcc_s" "-l" "pthread" "-l" "c" "-l" "m" "-l" "rt" "-l" "util"
kablam!   = note: /usr/bin/ld: cannot find -lsqlite3
kablam! /usr/bin/ld: cannot find -lsqlite3
kablam! collect2: error: ld returned 1 exit status
kablam! 
kablam! 
kablam! error: aborting due to previous error
kablam! 
kablam! error: Could not compile `rusqlite`.
kablam! 
kablam! To learn more, run the command again with --verbose.
boom! running `docker rm -f f93533720d49716fe3aa6c42bb0b8a7b7467f6aef61d0c7506d43648a667534a`
blam! f93533720d49716fe3aa6c42bb0b8a7b7467f6aef61d0c7506d43648a667534a
boom! running: cargo +stable test --frozen
boom! creating container for: cargo +stable test --frozen
boom! running `docker create -v /home/ec2-user/cargobomb/./work/local/test-source/beta/stable:/source:ro -v /home/ec2-user/cargobomb/./work/local/cargo-home:/cargo-home:ro -v /home/ec2-user/cargobomb/./work/local/rustup-home:/rustup-home:ro -v /home/ec2-user/cargobomb/./work/local/target-dirs/beta/stable:/target:rw -e USER_ID=500 -e CMD=cargo +stable test --frozen cargobomb`
blam! 23fb781fc741716683e884d8e79c0e698c052193e76d6534c250e1371da0b032
boom! running `docker start -a 23fb781fc741716683e884d8e79c0e698c052193e76d6534c250e1371da0b032`
kablam! warning: `build.rs` files in the same directory as your `Cargo.toml` will soon be treated as build scripts. Add `build = false` to your `Cargo.toml` to prevent this
kablam!    Compiling rusqlite v0.7.3 (file:///source)
kablam! error: linking with `cc` failed: exit code: 1
kablam!   |
kablam!   = note: "cc" "-Wl,--as-needed" "-Wl,-z,noexecstack" "-m64" "-L" "/rustup-home/toolchains/stable-x86_64-unknown-linux-gnu/lib/rustlib/x86_64-unknown-linux-gnu/lib" "/target/debug/deps/config_log-977df3429ea83a0e.0.o" "-o" "/target/debug/deps/config_log-977df3429ea83a0e" "-Wl,--gc-sections" "-pie" "-nodefaultlibs" "-L" "/target/debug/deps" "-L" "/usr/lib" "-L" "/rustup-home/toolchains/stable-x86_64-unknown-linux-gnu/lib/rustlib/x86_64-unknown-linux-gnu/lib" "-Wl,-Bstatic" "-Wl,-Bdynamic" "/target/debug/deps/liblazy_static-558fd24daf596ca5.rlib" "/target/debug/deps/librusqlite-3b9c71d6afbef5ce.rlib" "/target/debug/deps/libtime-53238cb92943b947.rlib" "/target/debug/deps/libbitflags-725a4e5043ace390.rlib" "/target/debug/deps/liblru_cache-edf54669243a537c.rlib" "/target/debug/deps/liblibsqlite3_sys-5354f5b68fb12383.rlib" "/target/debug/deps/liblibc-83c2bd88b43ecde3.rlib" "/target/debug/deps/liblinked_hash_map-f8c4f65d524e337e.rlib" "/rustup-home/toolchains/stable-x86_64-unknown-linux-gnu/lib/rustlib/x86_64-unknown-linux-gnu/lib/libstd-2ddb28df747fcb8c.rlib" "/rustup-home/toolchains/stable-x86_64-unknown-linux-gnu/lib/rustlib/x86_64-unknown-linux-gnu/lib/libpanic_unwind-21709492a058d9ce.rlib" "/rustup-home/toolchains/stable-x86_64-unknown-linux-gnu/lib/rustlib/x86_64-unknown-linux-gnu/lib/libunwind-e19aa6725ab01bfd.rlib" "/rustup-home/toolchains/stable-x86_64-unknown-linux-gnu/lib/rustlib/x86_64-unknown-linux-gnu/lib/librand-99ff2e008613b591.rlib" "/rustup-home/toolchains/stable-x86_64-unknown-linux-gnu/lib/rustlib/x86_64-unknown-linux-gnu/lib/libcollections-e2513aecb8fbb70c.rlib" "/rustup-home/toolchains/stable-x86_64-unknown-linux-gnu/lib/rustlib/x86_64-unknown-linux-gnu/lib/liballoc-f3200ab7e7fe644c.rlib" "/rustup-home/toolchains/stable-x86_64-unknown-linux-gnu/lib/rustlib/x86_64-unknown-linux-gnu/lib/liballoc_jemalloc-e83ac2302b5439a3.rlib" "/rustup-home/toolchains/stable-x86_64-unknown-linux-gnu/lib/rustlib/x86_64-unknown-linux-gnu/lib/liblibc-dba58b8da674d203.rlib" "/rustup-home/toolchains/stable-x86_64-unknown-linux-gnu/lib/rustlib/x86_64-unknown-linux-gnu/lib/libstd_unicode-6d4348bcabf40a71.rlib" "/rustup-home/toolchains/stable-x86_64-unknown-linux-gnu/lib/rustlib/x86_64-unknown-linux-gnu/lib/libcore-9f45c45fdcba4301.rlib" "/rustup-home/toolchains/stable-x86_64-unknown-linux-gnu/lib/rustlib/x86_64-unknown-linux-gnu/lib/libcompiler_builtins-b4ef8c9d93bc879a.rlib" "-l" "sqlite3" "-l" "sqlite3" "-l" "util" "-l" "dl" "-l" "rt" "-l" "pthread" "-l" "gcc_s" "-l" "pthread" "-l" "c" "-l" "m" "-l" "rt" "-l" "util"
kablam!   = note: /usr/bin/ld: cannot find -lsqlite3
kablam! /usr/bin/ld: cannot find -lsqlite3
kablam! collect2: error: ld returned 1 exit status
kablam! 
kablam! 
kablam! error: aborting due to previous error
kablam! 
blam! Build failed, waiting for other jobs to finish...
kablam! error: linking with `cc` failed: exit code: 1
kablam!   |
kablam!   = note: "cc" "-Wl,--as-needed" "-Wl,-z,noexecstack" "-m64" "-L" "/rustup-home/toolchains/stable-x86_64-unknown-linux-gnu/lib/rustlib/x86_64-unknown-linux-gnu/lib" "/target/debug/deps/deny_single_threaded_sqlite_config-f94a389ee8f14998.0.o" "-o" "/target/debug/deps/deny_single_threaded_sqlite_config-f94a389ee8f14998" "-Wl,--gc-sections" "-pie" "-nodefaultlibs" "-L" "/target/debug/deps" "-L" "/usr/lib" "-L" "/rustup-home/toolchains/stable-x86_64-unknown-linux-gnu/lib/rustlib/x86_64-unknown-linux-gnu/lib" "-Wl,-Bstatic" "-Wl,-Bdynamic" "/target/debug/deps/librusqlite-3b9c71d6afbef5ce.rlib" "/target/debug/deps/liblru_cache-edf54669243a537c.rlib" "/target/debug/deps/libtime-53238cb92943b947.rlib" "/target/debug/deps/liblinked_hash_map-f8c4f65d524e337e.rlib" "/rustup-home/toolchains/stable-x86_64-unknown-linux-gnu/lib/rustlib/x86_64-unknown-linux-gnu/lib/libtest-dd7007be8bc832b7.rlib" "/rustup-home/toolchains/stable-x86_64-unknown-linux-gnu/lib/rustlib/x86_64-unknown-linux-gnu/lib/libterm-19e7cee83d8001c7.rlib" "/target/debug/deps/liblibsqlite3_sys-5354f5b68fb12383.rlib" "/target/debug/deps/liblibc-83c2bd88b43ecde3.rlib" "/target/debug/deps/libbitflags-725a4e5043ace390.rlib" "/rustup-home/toolchains/stable-x86_64-unknown-linux-gnu/lib/rustlib/x86_64-unknown-linux-gnu/lib/libgetopts-58bde84252e1d985.rlib" "/rustup-home/toolchains/stable-x86_64-unknown-linux-gnu/lib/rustlib/x86_64-unknown-linux-gnu/lib/libstd-2ddb28df747fcb8c.rlib" "/rustup-home/toolchains/stable-x86_64-unknown-linux-gnu/lib/rustlib/x86_64-unknown-linux-gnu/lib/libpanic_unwind-21709492a058d9ce.rlib" "/rustup-home/toolchains/stable-x86_64-unknown-linux-gnu/lib/rustlib/x86_64-unknown-linux-gnu/lib/libunwind-e19aa6725ab01bfd.rlib" "/rustup-home/toolchains/stable-x86_64-unknown-linux-gnu/lib/rustlib/x86_64-unknown-linux-gnu/lib/librand-99ff2e008613b591.rlib" "/rustup-home/toolchains/stable-x86_64-unknown-linux-gnu/lib/rustlib/x86_64-unknown-linux-gnu/lib/libcollections-e2513aecb8fbb70c.rlib" "/rustup-home/toolchains/stable-x86_64-unknown-linux-gnu/lib/rustlib/x86_64-unknown-linux-gnu/lib/liballoc-f3200ab7e7fe644c.rlib" "/rustup-home/toolchains/stable-x86_64-unknown-linux-gnu/lib/rustlib/x86_64-unknown-linux-gnu/lib/liballoc_jemalloc-e83ac2302b5439a3.rlib" "/rustup-home/toolchains/stable-x86_64-unknown-linux-gnu/lib/rustlib/x86_64-unknown-linux-gnu/lib/liblibc-dba58b8da674d203.rlib" "/rustup-home/toolchains/stable-x86_64-unknown-linux-gnu/lib/rustlib/x86_64-unknown-linux-gnu/lib/libstd_unicode-6d4348bcabf40a71.rlib" "/rustup-home/toolchains/stable-x86_64-unknown-linux-gnu/lib/rustlib/x86_64-unknown-linux-gnu/lib/libcore-9f45c45fdcba4301.rlib" "/rustup-home/toolchains/stable-x86_64-unknown-linux-gnu/lib/rustlib/x86_64-unknown-linux-gnu/lib/libcompiler_builtins-b4ef8c9d93bc879a.rlib" "-l" "sqlite3" "-l" "sqlite3" "-l" "util" "-l" "dl" "-l" "rt" "-l" "pthread" "-l" "gcc_s" "-l" "pthread" "-l" "c" "-l" "m" "-l" "rt" "-l" "util"
kablam!   = note: /usr/bin/ld: cannot find -lsqlite3
kablam! /usr/bin/ld: cannot find -lsqlite3
kablam! collect2: error: ld returned 1 exit status
kablam! 
kablam! 
kablam! error: aborting due to previous error
kablam! 
blam! Build failed, waiting for other jobs to finish...
kablam! error: linking with `cc` failed: exit code: 1
kablam!   |
kablam!   = note: "cc" "-Wl,--as-needed" "-Wl,-z,noexecstack" "-m64" "-L" "/rustup-home/toolchains/stable-x86_64-unknown-linux-gnu/lib/rustlib/x86_64-unknown-linux-gnu/lib" "/target/debug/deps/rusqlite-59b46d499b2213eb.0.o" "-o" "/target/debug/deps/rusqlite-59b46d499b2213eb" "-Wl,--gc-sections" "-pie" "-nodefaultlibs" "-L" "/target/debug/deps" "-L" "/usr/lib" "-L" "/rustup-home/toolchains/stable-x86_64-unknown-linux-gnu/lib/rustlib/x86_64-unknown-linux-gnu/lib" "-Wl,-Bstatic" "-Wl,-Bdynamic" "/target/debug/deps/libtime-53238cb92943b947.rlib" "/rustup-home/toolchains/stable-x86_64-unknown-linux-gnu/lib/rustlib/x86_64-unknown-linux-gnu/lib/libtest-dd7007be8bc832b7.rlib" "/target/debug/deps/liblibsqlite3_sys-5354f5b68fb12383.rlib" "/target/debug/deps/libbitflags-725a4e5043ace390.rlib" "/target/debug/deps/libtempdir-a1768611d043aa5e.rlib" "/rustup-home/toolchains/stable-x86_64-unknown-linux-gnu/lib/rustlib/x86_64-unknown-linux-gnu/lib/libgetopts-58bde84252e1d985.rlib" "/target/debug/deps/liblru_cache-edf54669243a537c.rlib" "/target/debug/deps/liblinked_hash_map-f8c4f65d524e337e.rlib" "/target/debug/deps/liblazy_static-558fd24daf596ca5.rlib" "/target/debug/deps/librand-26cfd8d095643d5f.rlib" "/target/debug/deps/liblibc-83c2bd88b43ecde3.rlib" "/rustup-home/toolchains/stable-x86_64-unknown-linux-gnu/lib/rustlib/x86_64-unknown-linux-gnu/lib/libterm-19e7cee83d8001c7.rlib" "/rustup-home/toolchains/stable-x86_64-unknown-linux-gnu/lib/rustlib/x86_64-unknown-linux-gnu/lib/libstd-2ddb28df747fcb8c.rlib" "/rustup-home/toolchains/stable-x86_64-unknown-linux-gnu/lib/rustlib/x86_64-unknown-linux-gnu/lib/libpanic_unwind-21709492a058d9ce.rlib" "/rustup-home/toolchains/stable-x86_64-unknown-linux-gnu/lib/rustlib/x86_64-unknown-linux-gnu/lib/libunwind-e19aa6725ab01bfd.rlib" "/rustup-home/toolchains/stable-x86_64-unknown-linux-gnu/lib/rustlib/x86_64-unknown-linux-gnu/lib/librand-99ff2e008613b591.rlib" "/rustup-home/toolchains/stable-x86_64-unknown-linux-gnu/lib/rustlib/x86_64-unknown-linux-gnu/lib/libcollections-e2513aecb8fbb70c.rlib" "/rustup-home/toolchains/stable-x86_64-unknown-linux-gnu/lib/rustlib/x86_64-unknown-linux-gnu/lib/liballoc-f3200ab7e7fe644c.rlib" "/rustup-home/toolchains/stable-x86_64-unknown-linux-gnu/lib/rustlib/x86_64-unknown-linux-gnu/lib/liballoc_jemalloc-e83ac2302b5439a3.rlib" "/rustup-home/toolchains/stable-x86_64-unknown-linux-gnu/lib/rustlib/x86_64-unknown-linux-gnu/lib/liblibc-dba58b8da674d203.rlib" "/rustup-home/toolchains/stable-x86_64-unknown-linux-gnu/lib/rustlib/x86_64-unknown-linux-gnu/lib/libstd_unicode-6d4348bcabf40a71.rlib" "/rustup-home/toolchains/stable-x86_64-unknown-linux-gnu/lib/rustlib/x86_64-unknown-linux-gnu/lib/libcore-9f45c45fdcba4301.rlib" "/rustup-home/toolchains/stable-x86_64-unknown-linux-gnu/lib/rustlib/x86_64-unknown-linux-gnu/lib/libcompiler_builtins-b4ef8c9d93bc879a.rlib" "-l" "sqlite3" "-l" "sqlite3" "-l" "util" "-l" "dl" "-l" "rt" "-l" "pthread" "-l" "gcc_s" "-l" "pthread" "-l" "c" "-l" "m" "-l" "rt" "-l" "util"
kablam!   = note: /usr/bin/ld: cannot find -lsqlite3
kablam! /usr/bin/ld: cannot find -lsqlite3
kablam! collect2: error: ld returned 1 exit status
kablam! 
kablam! 
kablam! error: aborting due to previous error
kablam! 
kablam! error: Could not compile `rusqlite`.
kablam! 
kablam! To learn more, run the command again with --verbose.
boom! running `docker rm -f 23fb781fc741716683e884d8e79c0e698c052193e76d6534c250e1371da0b032`
blam! 23fb781fc741716683e884d8e79c0e698c052193e76d6534c250e1371da0b032
