boom! testing pure_vorbis-0.0.1 against stable for nightly
boom! running: cargo +stable build --frozen
boom! creating container for: cargo +stable build --frozen
boom! running `docker create -v /home/ec2-user/cargobomb/./work/local/test-source/nightly/stable:/source:ro -v /home/ec2-user/cargobomb/./work/local/cargo-home:/cargo-home:ro -v /home/ec2-user/cargobomb/./work/local/rustup-home:/rustup-home:ro -v /home/ec2-user/cargobomb/./work/local/target-dirs/nightly/stable:/target:rw -e USER_ID=500 -e CMD=cargo +stable build --frozen cargobomb`
blam! c6a489d42790f64dc9288527d76e9d350c0f7d93e9a60b101cfecdb622e55007
boom! running `docker start -a c6a489d42790f64dc9288527d76e9d350c0f7d93e9a60b101cfecdb622e55007`
kablam!    Compiling pure_vorbis v0.0.1 (file:///source)
kablam!     Finished dev [unoptimized + debuginfo] target(s) in 4.31 secs
boom! running `docker rm -f c6a489d42790f64dc9288527d76e9d350c0f7d93e9a60b101cfecdb622e55007`
blam! c6a489d42790f64dc9288527d76e9d350c0f7d93e9a60b101cfecdb622e55007
boom! running: cargo +stable test --frozen --no-run
boom! creating container for: cargo +stable test --frozen --no-run
boom! running `docker create -v /home/ec2-user/cargobomb/./work/local/test-source/nightly/stable:/source:ro -v /home/ec2-user/cargobomb/./work/local/cargo-home:/cargo-home:ro -v /home/ec2-user/cargobomb/./work/local/rustup-home:/rustup-home:ro -v /home/ec2-user/cargobomb/./work/local/target-dirs/nightly/stable:/target:rw -e USER_ID=500 -e CMD=cargo +stable test --frozen --no-run cargobomb`
blam! fc71ffc6c8f9d06ad3cc682da800630edee61720b9f74a5b4d23e73061e34757
boom! running `docker start -a fc71ffc6c8f9d06ad3cc682da800630edee61720b9f74a5b4d23e73061e34757`
kablam!    Compiling ao v0.6.1
kablam!    Compiling ogg_vorbis_ref v0.0.1
kablam! error[E0518]: attribute should be applied to function
kablam!    --> /cargo-home/registry/src/github.com-1ecc6299db9ec823/ao-0.6.1/src/lib.rs:143:9
kablam!     |
kablam! 143 |         #[inline]
kablam!     |         ^^^^^^^^^ requires a function
kablam! ...
kablam! 155 | sample_impl!(i8);
kablam!     | ----------------- in this macro invocation
kablam! 
kablam! error[E0518]: attribute should be applied to function
kablam!    --> /cargo-home/registry/src/github.com-1ecc6299db9ec823/ao-0.6.1/src/lib.rs:143:9
kablam!     |
kablam! 143 |         #[inline]
kablam!     |         ^^^^^^^^^ requires a function
kablam! ...
kablam! 156 | sample_impl!(i16);
kablam!     | ------------------ in this macro invocation
kablam! 
kablam! error[E0518]: attribute should be applied to function
kablam!    --> /cargo-home/registry/src/github.com-1ecc6299db9ec823/ao-0.6.1/src/lib.rs:143:9
kablam!     |
kablam! 143 |         #[inline]
kablam!     |         ^^^^^^^^^ requires a function
kablam! ...
kablam! 157 | sample_impl!(i32);
kablam!     | ------------------ in this macro invocation
kablam! 
kablam! error[E0518]: attribute should be applied to function
kablam!    --> /cargo-home/registry/src/github.com-1ecc6299db9ec823/ao-0.6.1/src/lib.rs:149:9
kablam!     |
kablam! 149 |         #[inline]
kablam!     |         ^^^^^^^^^ requires a function
kablam! ...
kablam! 158 | sample_impl!(channels 2);
kablam!     | ------------------------- in this macro invocation
kablam! 
kablam! error: aborting due to 4 previous errors
kablam! 
kablam! error: Could not compile `ao`.
blam! Build failed, waiting for other jobs to finish...
kablam! error: build failed
boom! running `docker rm -f fc71ffc6c8f9d06ad3cc682da800630edee61720b9f74a5b4d23e73061e34757`
blam! fc71ffc6c8f9d06ad3cc682da800630edee61720b9f74a5b4d23e73061e34757
boom! running: cargo +stable test --frozen
boom! creating container for: cargo +stable test --frozen
boom! running `docker create -v /home/ec2-user/cargobomb/./work/local/test-source/nightly/stable:/source:ro -v /home/ec2-user/cargobomb/./work/local/cargo-home:/cargo-home:ro -v /home/ec2-user/cargobomb/./work/local/rustup-home:/rustup-home:ro -v /home/ec2-user/cargobomb/./work/local/target-dirs/nightly/stable:/target:rw -e USER_ID=500 -e CMD=cargo +stable test --frozen cargobomb`
blam! ac9c4179e0a2841486af1cfa58927e5fdf5cdc50038f850a71ff410136f7c942
boom! running `docker start -a ac9c4179e0a2841486af1cfa58927e5fdf5cdc50038f850a71ff410136f7c942`
kablam!    Compiling ao v0.6.1
kablam! error[E0518]: attribute should be applied to function
kablam!    --> /cargo-home/registry/src/github.com-1ecc6299db9ec823/ao-0.6.1/src/lib.rs:143:9
kablam!     |
kablam! 143 |         #[inline]
kablam!     |         ^^^^^^^^^ requires a function
kablam! ...
kablam! 155 | sample_impl!(i8);
kablam!     | ----------------- in this macro invocation
kablam! 
kablam! error[E0518]: attribute should be applied to function
kablam!    --> /cargo-home/registry/src/github.com-1ecc6299db9ec823/ao-0.6.1/src/lib.rs:143:9
kablam!     |
kablam! 143 |         #[inline]
kablam!     |         ^^^^^^^^^ requires a function
kablam! ...
kablam! 156 | sample_impl!(i16);
kablam!     | ------------------ in this macro invocation
kablam! 
kablam! error[E0518]: attribute should be applied to function
kablam!    --> /cargo-home/registry/src/github.com-1ecc6299db9ec823/ao-0.6.1/src/lib.rs:143:9
kablam!     |
kablam! 143 |         #[inline]
kablam!     |         ^^^^^^^^^ requires a function
kablam! ...
kablam! 157 | sample_impl!(i32);
kablam!     | ------------------ in this macro invocation
kablam! 
kablam! error[E0518]: attribute should be applied to function
kablam!    --> /cargo-home/registry/src/github.com-1ecc6299db9ec823/ao-0.6.1/src/lib.rs:149:9
kablam!     |
kablam! 149 |         #[inline]
kablam!     |         ^^^^^^^^^ requires a function
kablam! ...
kablam! 158 | sample_impl!(channels 2);
kablam!     | ------------------------- in this macro invocation
kablam! 
kablam! error: aborting due to 4 previous errors
kablam! 
kablam! error: Could not compile `ao`.
kablam! 
kablam! To learn more, run the command again with --verbose.
boom! running `docker rm -f ac9c4179e0a2841486af1cfa58927e5fdf5cdc50038f850a71ff410136f7c942`
blam! ac9c4179e0a2841486af1cfa58927e5fdf5cdc50038f850a71ff410136f7c942
