boom! testing sexpr-0.1.0 against stable for nightly
boom! running: cargo +stable build --frozen
boom! creating container for: cargo +stable build --frozen
boom! running `docker create -v /home/ec2-user/cargobomb/./work/local/test-source/nightly/stable:/source:ro -v /home/ec2-user/cargobomb/./work/local/cargo-home:/cargo-home:ro -v /home/ec2-user/cargobomb/./work/local/rustup-home:/rustup-home:ro -v /home/ec2-user/cargobomb/./work/local/target-dirs/nightly/stable:/target:rw -e USER_ID=500 -e CMD=cargo +stable build --frozen cargobomb`
blam! bd0d13cf9f4c776363584c131034786269f425686e353d7af02efa999ec86c0f
boom! running `docker start -a bd0d13cf9f4c776363584c131034786269f425686e353d7af02efa999ec86c0f`
kablam!    Compiling gc v0.2.1
kablam!    Compiling gc_derive v0.2.1
kablam! error[E0554]: #[feature] may not be used on the stable release channel
kablam!  --> /cargo-home/registry/src/github.com-1ecc6299db9ec823/gc-0.2.1/src/lib.rs:7:1
kablam!   |
kablam! 7 | #![feature(coerce_unsized, core_intrinsics, nonzero, optin_builtin_traits, shared, unsize, specialization)]
kablam!   | ^^^^^^^^^^^^^^^^^^^^^^^^^^^^^^^^^^^^^^^^^^^^^^^^^^^^^^^^^^^^^^^^^^^^^^^^^^^^^^^^^^^^^^^^^^^^^^^^^^^^^^^^^^^
kablam! 
kablam! error: aborting due to previous error
kablam! 
blam! Build failed, waiting for other jobs to finish...
kablam! error[E0554]: #[feature] may not be used on the stable release channel
kablam!  --> /cargo-home/registry/src/github.com-1ecc6299db9ec823/gc_derive-0.2.1/src/lib.rs:1:1
kablam!   |
kablam! 1 | #![feature(proc_macro, proc_macro_lib)]
kablam!   | ^^^^^^^^^^^^^^^^^^^^^^^^^^^^^^^^^^^^^^^
kablam! 
kablam! error: aborting due to previous error
kablam! 
kablam! error: Could not compile `gc`.
kablam! 
kablam! To learn more, run the command again with --verbose.
boom! running `docker rm -f bd0d13cf9f4c776363584c131034786269f425686e353d7af02efa999ec86c0f`
blam! bd0d13cf9f4c776363584c131034786269f425686e353d7af02efa999ec86c0f
