boom! testing goblin-0.0.5 against nightly for nightly
boom! running: cargo +nightly build --frozen
boom! creating container for: cargo +nightly build --frozen
boom! running `docker create -v /home/ec2-user/cargobomb/./work/local/test-source/nightly/nightly:/source:ro -v /home/ec2-user/cargobomb/./work/local/cargo-home:/cargo-home:ro -v /home/ec2-user/cargobomb/./work/local/rustup-home:/rustup-home:ro -v /home/ec2-user/cargobomb/./work/local/target-dirs/nightly/nightly:/target:rw -e USER_ID=500 -e CMD=cargo +nightly build --frozen cargobomb`
blam! bb76116ee7b50d76477cd48d17fcf361efe6219f19e6967e2a6365596d772b25
boom! running `docker start -a bb76116ee7b50d76477cd48d17fcf361efe6219f19e6967e2a6365596d772b25`
kablam!    Compiling goblin v0.0.5 (file:///source)
kablam! warning: type alias is never used: `ProgramHeader`, #[warn(dead_code)] on by default
kablam!    --> src/elf/mod.rs:218:5
kablam!     |
kablam! 218 |     type ProgramHeader = Unified<elf32::program_header::ProgramHeader, elf64::program_header::ProgramHeader>;
kablam!     |     ^^^^^^^^^^^^^^^^^^^^^^^^^^^^^^^^^^^^^^^^^^^^^^^^^^^^^^^^^^^^^^^^^^^^^^^^^^^^^^^^^^^^^^^^^^^^^^^^^^^^^^^^^
kablam! 
kablam! warning: type alias is never used: `SectionHeader`, #[warn(dead_code)] on by default
kablam!    --> src/elf/mod.rs:219:5
kablam!     |
kablam! 219 |     type SectionHeader = Unified<elf32::section_header::SectionHeader, elf64::section_header::SectionHeader>;
kablam!     |     ^^^^^^^^^^^^^^^^^^^^^^^^^^^^^^^^^^^^^^^^^^^^^^^^^^^^^^^^^^^^^^^^^^^^^^^^^^^^^^^^^^^^^^^^^^^^^^^^^^^^^^^^^
kablam! 
kablam! warning: type alias is never used: `Rela`, #[warn(dead_code)] on by default
kablam!    --> src/elf/mod.rs:220:5
kablam!     |
kablam! 220 |     type Rela = Unified<elf32::rela::Rela, elf64::rela::Rela>;
kablam!     |     ^^^^^^^^^^^^^^^^^^^^^^^^^^^^^^^^^^^^^^^^^^^^^^^^^^^^^^^^^^
kablam! 
kablam! warning: type alias is never used: `Sym`, #[warn(dead_code)] on by default
kablam!    --> src/elf/mod.rs:221:5
kablam!     |
kablam! 221 |     type Sym = Unified<elf32::sym::Sym, elf64::sym::Sym>;
kablam!     |     ^^^^^^^^^^^^^^^^^^^^^^^^^^^^^^^^^^^^^^^^^^^^^^^^^^^^^
kablam! 
kablam! warning: type alias is never used: `Dyn`, #[warn(dead_code)] on by default
kablam!    --> src/elf/mod.rs:222:5
kablam!     |
kablam! 222 |     type Dyn = Unified<elf32::dyn::Dyn, elf64::dyn::Dyn>;
kablam!     |     ^^^^^^^^^^^^^^^^^^^^^^^^^^^^^^^^^^^^^^^^^^^^^^^^^^^^^
kablam! 
kablam!     Finished dev [unoptimized + debuginfo] target(s) in 6.92 secs
boom! running `docker rm -f bb76116ee7b50d76477cd48d17fcf361efe6219f19e6967e2a6365596d772b25`
blam! bb76116ee7b50d76477cd48d17fcf361efe6219f19e6967e2a6365596d772b25
boom! running: cargo +nightly test --frozen --no-run
boom! creating container for: cargo +nightly test --frozen --no-run
boom! running `docker create -v /home/ec2-user/cargobomb/./work/local/test-source/nightly/nightly:/source:ro -v /home/ec2-user/cargobomb/./work/local/cargo-home:/cargo-home:ro -v /home/ec2-user/cargobomb/./work/local/rustup-home:/rustup-home:ro -v /home/ec2-user/cargobomb/./work/local/target-dirs/nightly/nightly:/target:rw -e USER_ID=500 -e CMD=cargo +nightly test --frozen --no-run cargobomb`
blam! 4f8e6b7f38498748caadabf47f19af4f184832acd0674d17b13e779cdd863179
boom! running `docker start -a 4f8e6b7f38498748caadabf47f19af4f184832acd0674d17b13e779cdd863179`
kablam!    Compiling goblin v0.0.5 (file:///source)
kablam! warning: type alias is never used: `ProgramHeader`, #[warn(dead_code)] on by default
kablam!    --> src/elf/mod.rs:218:5
kablam!     |
kablam! 218 |     type ProgramHeader = Unified<elf32::program_header::ProgramHeader, elf64::program_header::ProgramHeader>;
kablam!     |     ^^^^^^^^^^^^^^^^^^^^^^^^^^^^^^^^^^^^^^^^^^^^^^^^^^^^^^^^^^^^^^^^^^^^^^^^^^^^^^^^^^^^^^^^^^^^^^^^^^^^^^^^^
kablam! 
kablam! warning: type alias is never used: `SectionHeader`, #[warn(dead_code)] on by default
kablam!    --> src/elf/mod.rs:219:5
kablam!     |
kablam! 219 |     type SectionHeader = Unified<elf32::section_header::SectionHeader, elf64::section_header::SectionHeader>;
kablam!     |     ^^^^^^^^^^^^^^^^^^^^^^^^^^^^^^^^^^^^^^^^^^^^^^^^^^^^^^^^^^^^^^^^^^^^^^^^^^^^^^^^^^^^^^^^^^^^^^^^^^^^^^^^^
kablam! 
kablam! warning: type alias is never used: `Rela`, #[warn(dead_code)] on by default
kablam!    --> src/elf/mod.rs:220:5
kablam!     |
kablam! 220 |     type Rela = Unified<elf32::rela::Rela, elf64::rela::Rela>;
kablam!     |     ^^^^^^^^^^^^^^^^^^^^^^^^^^^^^^^^^^^^^^^^^^^^^^^^^^^^^^^^^^
kablam! 
kablam! warning: type alias is never used: `Sym`, #[warn(dead_code)] on by default
kablam!    --> src/elf/mod.rs:221:5
kablam!     |
kablam! 221 |     type Sym = Unified<elf32::sym::Sym, elf64::sym::Sym>;
kablam!     |     ^^^^^^^^^^^^^^^^^^^^^^^^^^^^^^^^^^^^^^^^^^^^^^^^^^^^^
kablam! 
kablam! warning: type alias is never used: `Dyn`, #[warn(dead_code)] on by default
kablam!    --> src/elf/mod.rs:222:5
kablam!     |
kablam! 222 |     type Dyn = Unified<elf32::dyn::Dyn, elf64::dyn::Dyn>;
kablam!     |     ^^^^^^^^^^^^^^^^^^^^^^^^^^^^^^^^^^^^^^^^^^^^^^^^^^^^^
kablam! 
kablam!     Finished dev [unoptimized + debuginfo] target(s) in 11.38 secs
boom! running `docker rm -f 4f8e6b7f38498748caadabf47f19af4f184832acd0674d17b13e779cdd863179`
blam! 4f8e6b7f38498748caadabf47f19af4f184832acd0674d17b13e779cdd863179
boom! running: cargo +nightly test --frozen
boom! creating container for: cargo +nightly test --frozen
boom! running `docker create -v /home/ec2-user/cargobomb/./work/local/test-source/nightly/nightly:/source:ro -v /home/ec2-user/cargobomb/./work/local/cargo-home:/cargo-home:ro -v /home/ec2-user/cargobomb/./work/local/rustup-home:/rustup-home:ro -v /home/ec2-user/cargobomb/./work/local/target-dirs/nightly/nightly:/target:rw -e USER_ID=500 -e CMD=cargo +nightly test --frozen cargobomb`
blam! cbc2e1dff690bc052db09f110e7e5e32030a54a216ed9855dec4554292e7464c
boom! running `docker start -a cbc2e1dff690bc052db09f110e7e5e32030a54a216ed9855dec4554292e7464c`
kablam!     Finished dev [unoptimized + debuginfo] target(s) in 0.0 secs
kablam!      Running /target/debug/deps/goblin-93fbd9fd8828906d
blam! 
blam! running 10 tests
blam! test archive::tests::parse_file_header ... ok
blam! test elf32::header::tests::test_peek ... ok
blam! test elf64::header::tests::test_peek ... ok
blam! test archive::tests::parse_self_wow_so_meta_doge ... FAILED
blam! test archive::tests::parse_archive ... ok
blam! test elf::strtab::as_vec_no_final_null ... ok
blam! test elf::strtab::as_vec_no_first_null_no_final_null ... ok
blam! test elf::strtab::to_vec_final_null ... ok
blam! test elf::strtab::to_vec_newline_delim ... ok
kablam! error: test failed
blam! test elf::tests::endian_trait_parse ... ok
blam! 
blam! failures:
blam! 
blam! ---- archive::tests::parse_self_wow_so_meta_doge stdout ----
blam! 	thread 'archive::tests::parse_self_wow_so_meta_doge' panicked at 'assertion failed: false', src/archive/mod.rs:427
blam! note: Run with `RUST_BACKTRACE=1` for a backtrace.
blam! 
blam! 
blam! failures:
blam!     archive::tests::parse_self_wow_so_meta_doge
blam! 
blam! test result: FAILED. 9 passed; 1 failed; 0 ignored; 0 measured
blam! 
boom! running `docker rm -f cbc2e1dff690bc052db09f110e7e5e32030a54a216ed9855dec4554292e7464c`
blam! cbc2e1dff690bc052db09f110e7e5e32030a54a216ed9855dec4554292e7464c
