boom! testing exar-net-0.1.0 against stable for nightly
boom! running: cargo +stable build --frozen
boom! creating container for: cargo +stable build --frozen
boom! running `docker create -v /home/ec2-user/cargobomb/./work/local/test-source/nightly/stable:/source:ro -v /home/ec2-user/cargobomb/./work/local/cargo-home:/cargo-home:ro -v /home/ec2-user/cargobomb/./work/local/rustup-home:/rustup-home:ro -v /home/ec2-user/cargobomb/./work/local/target-dirs/nightly/stable:/target:rw -e USER_ID=500 -e CMD=cargo +stable build --frozen cargobomb`
blam! 4a72adcc380520660597a74f9e3edb17cf5c674a305edd1dc96695fe32ceb60c
boom! running `docker start -a 4a72adcc380520660597a74f9e3edb17cf5c674a305edd1dc96695fe32ceb60c`
kablam!    Compiling exar v0.1.0
kablam!    Compiling exar-net v0.1.0 (file:///source)
kablam!     Finished debug [unoptimized + debuginfo] target(s) in 5.72 secs
boom! running `docker rm -f 4a72adcc380520660597a74f9e3edb17cf5c674a305edd1dc96695fe32ceb60c`
blam! 4a72adcc380520660597a74f9e3edb17cf5c674a305edd1dc96695fe32ceb60c
boom! running: cargo +stable test --frozen --no-run
boom! creating container for: cargo +stable test --frozen --no-run
boom! running `docker create -v /home/ec2-user/cargobomb/./work/local/test-source/nightly/stable:/source:ro -v /home/ec2-user/cargobomb/./work/local/cargo-home:/cargo-home:ro -v /home/ec2-user/cargobomb/./work/local/rustup-home:/rustup-home:ro -v /home/ec2-user/cargobomb/./work/local/target-dirs/nightly/stable:/target:rw -e USER_ID=500 -e CMD=cargo +stable test --frozen --no-run cargobomb`
blam! 007a138c5cae2920af21c057e009147c8f125d055839fc6a406be030f19cd511
boom! running `docker start -a 007a138c5cae2920af21c057e009147c8f125d055839fc6a406be030f19cd511`
kablam!    Compiling exar-testkit v0.1.0
kablam! error[E0554]: #[feature] may not be used on the stable release channel
kablam!  --> /cargo-home/registry/src/github.com-1ecc6299db9ec823/exar-testkit-0.1.0/src/lib.rs:1:1
kablam!   |
kablam! 1 | #![feature(const_fn)]
kablam!   | ^^^^^^^^^^^^^^^^^^^^^
kablam! 
kablam! error: aborting due to previous error
kablam! 
kablam! error: Could not compile `exar-testkit`.
kablam! 
kablam! To learn more, run the command again with --verbose.
boom! running `docker rm -f 007a138c5cae2920af21c057e009147c8f125d055839fc6a406be030f19cd511`
blam! 007a138c5cae2920af21c057e009147c8f125d055839fc6a406be030f19cd511
boom! running: cargo +stable test --frozen
boom! creating container for: cargo +stable test --frozen
boom! running `docker create -v /home/ec2-user/cargobomb/./work/local/test-source/nightly/stable:/source:ro -v /home/ec2-user/cargobomb/./work/local/cargo-home:/cargo-home:ro -v /home/ec2-user/cargobomb/./work/local/rustup-home:/rustup-home:ro -v /home/ec2-user/cargobomb/./work/local/target-dirs/nightly/stable:/target:rw -e USER_ID=500 -e CMD=cargo +stable test --frozen cargobomb`
blam! 2708d62e23226e4ebef3e165d57f1b42b0c69d2d12292f7b07765a63663abe28
boom! running `docker start -a 2708d62e23226e4ebef3e165d57f1b42b0c69d2d12292f7b07765a63663abe28`
kablam!    Compiling exar-testkit v0.1.0
kablam! error[E0554]: #[feature] may not be used on the stable release channel
kablam!  --> /cargo-home/registry/src/github.com-1ecc6299db9ec823/exar-testkit-0.1.0/src/lib.rs:1:1
kablam!   |
kablam! 1 | #![feature(const_fn)]
kablam!   | ^^^^^^^^^^^^^^^^^^^^^
kablam! 
kablam! error: aborting due to previous error
kablam! 
kablam! error: Could not compile `exar-testkit`.
kablam! 
kablam! To learn more, run the command again with --verbose.
boom! running `docker rm -f 2708d62e23226e4ebef3e165d57f1b42b0c69d2d12292f7b07765a63663abe28`
blam! 2708d62e23226e4ebef3e165d57f1b42b0c69d2d12292f7b07765a63663abe28
