boom! testing pe-0.1.1 against stable for nightly
boom! running: cargo +stable build --frozen
boom! creating container for: cargo +stable build --frozen
boom! running `docker create -v /home/ec2-user/cargobomb/./work/local/test-source/nightly/stable:/source:ro -v /home/ec2-user/cargobomb/./work/local/cargo-home:/cargo-home:ro -v /home/ec2-user/cargobomb/./work/local/rustup-home:/rustup-home:ro -v /home/ec2-user/cargobomb/./work/local/target-dirs/nightly/stable:/target:rw -e USER_ID=500 -e CMD=cargo +stable build --frozen cargobomb`
blam! fa6968b0d5acc652f5f64f86bcef371801bceb5054a33613ad44a9c26fa76612
boom! running `docker start -a fa6968b0d5acc652f5f64f86bcef371801bceb5054a33613ad44a9c26fa76612`
kablam!    Compiling pe v0.1.1 (file:///source)
kablam!     Finished debug [unoptimized + debuginfo] target(s) in 1.32 secs
boom! running `docker rm -f fa6968b0d5acc652f5f64f86bcef371801bceb5054a33613ad44a9c26fa76612`
blam! fa6968b0d5acc652f5f64f86bcef371801bceb5054a33613ad44a9c26fa76612
boom! running: cargo +stable test --frozen --no-run
boom! creating container for: cargo +stable test --frozen --no-run
boom! running `docker create -v /home/ec2-user/cargobomb/./work/local/test-source/nightly/stable:/source:ro -v /home/ec2-user/cargobomb/./work/local/cargo-home:/cargo-home:ro -v /home/ec2-user/cargobomb/./work/local/rustup-home:/rustup-home:ro -v /home/ec2-user/cargobomb/./work/local/target-dirs/nightly/stable:/target:rw -e USER_ID=500 -e CMD=cargo +stable test --frozen --no-run cargobomb`
blam! ffdaaf6d44c4e41c3e4501f32cac335a84e3174495160577fa6292d8ff64d70f
boom! running `docker start -a ffdaaf6d44c4e41c3e4501f32cac335a84e3174495160577fa6292d8ff64d70f`
kablam!    Compiling pe v0.1.1 (file:///source)
kablam!     Finished debug [unoptimized + debuginfo] target(s) in 2.80 secs
boom! running `docker rm -f ffdaaf6d44c4e41c3e4501f32cac335a84e3174495160577fa6292d8ff64d70f`
blam! ffdaaf6d44c4e41c3e4501f32cac335a84e3174495160577fa6292d8ff64d70f
boom! running: cargo +stable test --frozen
boom! creating container for: cargo +stable test --frozen
boom! running `docker create -v /home/ec2-user/cargobomb/./work/local/test-source/nightly/stable:/source:ro -v /home/ec2-user/cargobomb/./work/local/cargo-home:/cargo-home:ro -v /home/ec2-user/cargobomb/./work/local/rustup-home:/rustup-home:ro -v /home/ec2-user/cargobomb/./work/local/target-dirs/nightly/stable:/target:rw -e USER_ID=500 -e CMD=cargo +stable test --frozen cargobomb`
blam! e88c715103cc3e6a9b86780f85ba4574bc634891752f3b03b6270ac7fa54626d
boom! running `docker start -a e88c715103cc3e6a9b86780f85ba4574bc634891752f3b03b6270ac7fa54626d`
kablam!     Finished debug [unoptimized + debuginfo] target(s) in 0.0 secs
kablam!      Running /target/debug/deps/pe-5ba00bebd2571c38
blam! 
blam! running 4 tests
blam! test tests::list_export_table ... FAILED
blam! test tests::list_exports ... FAILED
blam! test tests::export_name ... FAILED
blam! test tests::list_sections ... FAILED
blam! 
blam! failures:
blam! 
blam! ---- tests::list_export_table stdout ----
blam! 	thread 'tests::list_export_table' panicked at 'called `Result::unwrap()` on an `Err` value: Error { repr: Os { code: 2, message: "No such file or directory" } }', /buildslave/rust-buildbot/slave/stable-dist-rustc-linux/build/src/libcore/result.rs:837
blam! note: Run with `RUST_BACKTRACE=1` for a backtrace.
blam! 
blam! ---- tests::list_exports stdout ----
blam! 	thread 'tests::list_exports' panicked at 'called `Result::unwrap()` on an `Err` value: Error { repr: Os { code: 2, message: "No such file or directory" } }', /buildslave/rust-buildbot/slave/stable-dist-rustc-linux/build/src/libcore/result.rs:837
blam! 
blam! ---- tests::export_name stdout ----
blam! 	thread 'tests::export_name' panicked at 'Once instance has previously been poisoned', /buildslave/rust-buildbot/slave/stable-dist-rustc-linux/build/src/libstd/sync/once.rs:261
blam! 
blam! ---- tests::list_sections stdout ----
blam! 	thread 'tests::list_sections' panicked at 'Once instance has previously been poisoned', /buildslave/rust-buildbot/slave/stable-dist-rustc-linux/build/src/libstd/sync/once.rs:261
blam! 
blam! 
blam! failures:
blam!     tests::export_name
blam!     tests::list_export_table
blam!     tests::list_exports
blam!     tests::list_sections
blam! 
blam! test result: FAILED. 0 passed; 4 failed; 0 ignored; 0 measured
blam! 
kablam! error: test failed
boom! running `docker rm -f e88c715103cc3e6a9b86780f85ba4574bc634891752f3b03b6270ac7fa54626d`
blam! e88c715103cc3e6a9b86780f85ba4574bc634891752f3b03b6270ac7fa54626d
