boom! testing assimp-sys-0.0.3 against nightly for nightly
boom! running: cargo +nightly build --frozen
boom! creating container for: cargo +nightly build --frozen
boom! running `docker create -v /home/ec2-user/cargobomb/./work/local/test-source/nightly/nightly:/source:ro -v /home/ec2-user/cargobomb/./work/local/cargo-home:/cargo-home:ro -v /home/ec2-user/cargobomb/./work/local/rustup-home:/rustup-home:ro -v /home/ec2-user/cargobomb/./work/local/target-dirs/nightly/nightly:/target:rw -e USER_ID=500 -e CMD=cargo +nightly build --frozen cargobomb`
blam! 852538a609b79a62def5b3474804f8034bba4e3c4acfe61d70166a6ee1262908
boom! running `docker start -a 852538a609b79a62def5b3474804f8034bba4e3c4acfe61d70166a6ee1262908`
kablam!    Compiling assimp-sys v0.0.3 (file:///source)
kablam! error[E0412]: cannot find type `AiPostProcessSteps` in this scope
kablam!   --> src/cexport.rs:30:41
kablam!    |
kablam! 30 |                          preprocessing: AiPostProcessSteps) -> AiReturn;
kablam!    |                                         ^^^^^^^^^^^^^^^^^^ not found in this scope
kablam!    |
kablam!    = help: possible candidate is found in another module, you can import it into scope:
kablam!              `use postprocess::AiPostProcessSteps;`
kablam! 
kablam! error[E0412]: cannot find type `AiPostProcessSteps` in this scope
kablam!   --> src/cexport.rs:32:62
kablam!    |
kablam! 32 |                            io: *mut AiFileIO, preprocessing: AiPostProcessSteps) -> AiReturn;
kablam!    |                                                              ^^^^^^^^^^^^^^^^^^ not found in this scope
kablam!    |
kablam!    = help: possible candidate is found in another module, you can import it into scope:
kablam!              `use postprocess::AiPostProcessSteps;`
kablam! 
kablam! error[E0412]: cannot find type `AiPostProcessSteps` in this scope
kablam!   --> src/cexport.rs:34:47
kablam!    |
kablam! 34 |                                preprocessing: AiPostProcessSteps) -> *const AiExportDataBlob;
kablam!    |                                               ^^^^^^^^^^^^^^^^^^ not found in this scope
kablam!    |
kablam!    = help: possible candidate is found in another module, you can import it into scope:
kablam!              `use postprocess::AiPostProcessSteps;`
kablam! 
kablam! error[E0412]: cannot find type `AiPostProcessSteps` in this scope
kablam!   --> src/cimport.rs:30:16
kablam!    |
kablam! 30 |         flags: AiPostProcessSteps) -> *const AiScene;
kablam!    |                ^^^^^^^^^^^^^^^^^^ not found in this scope
kablam!    |
kablam!    = help: possible candidate is found in another module, you can import it into scope:
kablam!              `use postprocess::AiPostProcessSteps;`
kablam! 
kablam! error[E0412]: cannot find type `AiPostProcessSteps` in this scope
kablam!   --> src/cimport.rs:34:16
kablam!    |
kablam! 34 |         flags: AiPostProcessSteps,
kablam!    |                ^^^^^^^^^^^^^^^^^^ not found in this scope
kablam!    |
kablam!    = help: possible candidate is found in another module, you can import it into scope:
kablam!              `use postprocess::AiPostProcessSteps;`
kablam! 
kablam! error[E0412]: cannot find type `AiPostProcessSteps` in this scope
kablam!   --> src/cimport.rs:39:16
kablam!    |
kablam! 39 |         flags: AiPostProcessSteps,
kablam!    |                ^^^^^^^^^^^^^^^^^^ not found in this scope
kablam!    |
kablam!    = help: possible candidate is found in another module, you can import it into scope:
kablam!              `use postprocess::AiPostProcessSteps;`
kablam! 
kablam! error[E0412]: cannot find type `AiPostProcessSteps` in this scope
kablam!   --> src/cimport.rs:46:16
kablam!    |
kablam! 46 |         flags: AiPostProcessSteps,
kablam!    |                ^^^^^^^^^^^^^^^^^^ not found in this scope
kablam!    |
kablam!    = help: possible candidate is found in another module, you can import it into scope:
kablam!              `use postprocess::AiPostProcessSteps;`
kablam! 
kablam! error[E0412]: cannot find type `AiPostProcessSteps` in this scope
kablam!   --> src/cimport.rs:52:16
kablam!    |
kablam! 52 |         flags: AiPostProcessSteps,
kablam!    |                ^^^^^^^^^^^^^^^^^^ not found in this scope
kablam!    |
kablam!    = help: possible candidate is found in another module, you can import it into scope:
kablam!              `use postprocess::AiPostProcessSteps;`
kablam! 
kablam! error[E0412]: cannot find type `AiPostProcessSteps` in this scope
kablam!   --> src/cimport.rs:58:16
kablam!    |
kablam! 58 |         flags: AiPostProcessSteps) -> *const AiScene;
kablam!    |                ^^^^^^^^^^^^^^^^^^ not found in this scope
kablam!    |
kablam!    = help: possible candidate is found in another module, you can import it into scope:
kablam!              `use postprocess::AiPostProcessSteps;`
kablam! 
kablam! error[E0277]: the trait bound `[u8; 1024]: std::cmp::Eq` is not satisfied
kablam!   --> src/types/string.rs:12:5
kablam!    |
kablam! 12 |     pub data: [c_uchar; MAXLEN]
kablam!    |     ^^^^^^^^^^^^^^^^^^^^^^^^^^^ the trait `std::cmp::Eq` is not implemented for `[u8; 1024]`
kablam!    |
kablam!    = help: the following implementations were found:
kablam!              <[T] as std::cmp::Eq>
kablam!              <[T; 0] as std::cmp::Eq>
kablam!              <[T; 1] as std::cmp::Eq>
kablam!              <[T; 2] as std::cmp::Eq>
kablam!            and 30 others
kablam!    = note: required by `std::cmp::AssertParamIsEq`
kablam! 
kablam! error: aborting due to previous error
kablam! 
kablam! error: Could not compile `assimp-sys`.
kablam! 
kablam! To learn more, run the command again with --verbose.
boom! running `docker rm -f 852538a609b79a62def5b3474804f8034bba4e3c4acfe61d70166a6ee1262908`
blam! 852538a609b79a62def5b3474804f8034bba4e3c4acfe61d70166a6ee1262908
