boom! testing peel-ip-0.2.0 against stable for beta
boom! running: cargo +stable build --frozen
boom! creating container for: cargo +stable build --frozen
boom! running `docker create -v /home/ec2-user/cargobomb/./work/local/test-source/beta/stable:/source:ro -v /home/ec2-user/cargobomb/./work/local/cargo-home:/cargo-home:ro -v /home/ec2-user/cargobomb/./work/local/rustup-home:/rustup-home:ro -v /home/ec2-user/cargobomb/./work/local/target-dirs/beta/stable:/target:rw -e USER_ID=500 -e CMD=cargo +stable build --frozen cargobomb`
blam! fd3f2c40438f751ae916de8ea4f15e268e812512b56ae463c0c8261281e34c1e
boom! running `docker start -a fd3f2c40438f751ae916de8ea4f15e268e812512b56ae463c0c8261281e34c1e`
kablam! warning: only one of `license` or `license-file` is necessary
kablam! warning: unused manifest key: badges.appveyor.branch
kablam! warning: unused manifest key: badges.appveyor.repository
kablam! warning: unused manifest key: badges.appveyor.service
kablam! warning: unused manifest key: badges.travis-ci.branch
kablam! warning: unused manifest key: badges.travis-ci.repository
kablam! warning: unused manifest key: package.categories
kablam!    Compiling path v0.8.2
kablam!    Compiling peel v0.8.0
kablam!    Compiling peel-ip v0.2.0 (file:///source)
kablam!     Finished debug [unoptimized + debuginfo] target(s) in 5.89 secs
boom! running `docker rm -f fd3f2c40438f751ae916de8ea4f15e268e812512b56ae463c0c8261281e34c1e`
blam! fd3f2c40438f751ae916de8ea4f15e268e812512b56ae463c0c8261281e34c1e
boom! running: cargo +stable test --frozen --no-run
boom! creating container for: cargo +stable test --frozen --no-run
boom! running `docker create -v /home/ec2-user/cargobomb/./work/local/test-source/beta/stable:/source:ro -v /home/ec2-user/cargobomb/./work/local/cargo-home:/cargo-home:ro -v /home/ec2-user/cargobomb/./work/local/rustup-home:/rustup-home:ro -v /home/ec2-user/cargobomb/./work/local/target-dirs/beta/stable:/target:rw -e USER_ID=500 -e CMD=cargo +stable test --frozen --no-run cargobomb`
blam! 8cf1b3b9f3f3a258c1835605c227cf11bfe751e67f4013050ddbdec5ce4c7d67
boom! running `docker start -a 8cf1b3b9f3f3a258c1835605c227cf11bfe751e67f4013050ddbdec5ce4c7d67`
kablam! warning: only one of `license` or `license-file` is necessary
kablam! warning: unused manifest key: badges.appveyor.branch
kablam! warning: unused manifest key: badges.appveyor.repository
kablam! warning: unused manifest key: badges.appveyor.service
kablam! warning: unused manifest key: badges.travis-ci.branch
kablam! warning: unused manifest key: badges.travis-ci.repository
kablam! warning: unused manifest key: package.categories
kablam!    Compiling peel-ip v0.2.0 (file:///source)
kablam!     Finished debug [unoptimized + debuginfo] target(s) in 9.22 secs
boom! running `docker rm -f 8cf1b3b9f3f3a258c1835605c227cf11bfe751e67f4013050ddbdec5ce4c7d67`
blam! 8cf1b3b9f3f3a258c1835605c227cf11bfe751e67f4013050ddbdec5ce4c7d67
boom! running: cargo +stable test --frozen
boom! creating container for: cargo +stable test --frozen
boom! running `docker create -v /home/ec2-user/cargobomb/./work/local/test-source/beta/stable:/source:ro -v /home/ec2-user/cargobomb/./work/local/cargo-home:/cargo-home:ro -v /home/ec2-user/cargobomb/./work/local/rustup-home:/rustup-home:ro -v /home/ec2-user/cargobomb/./work/local/target-dirs/beta/stable:/target:rw -e USER_ID=500 -e CMD=cargo +stable test --frozen cargobomb`
blam! 985db195bee5c475d2b335d6c7cc6a3dd524743b2b8f6042fe536e4ec157f95a
boom! running `docker start -a 985db195bee5c475d2b335d6c7cc6a3dd524743b2b8f6042fe536e4ec157f95a`
kablam! warning: only one of `license` or `license-file` is necessary
kablam! warning: unused manifest key: badges.appveyor.branch
kablam! warning: unused manifest key: badges.appveyor.repository
kablam! warning: unused manifest key: badges.appveyor.service
kablam! warning: unused manifest key: badges.travis-ci.branch
kablam! warning: unused manifest key: badges.travis-ci.repository
kablam! warning: unused manifest key: package.categories
kablam!     Finished debug [unoptimized + debuginfo] target(s) in 0.0 secs
kablam!      Running /target/debug/deps/arp-4686ac14b407e9d8
blam! 
blam! running 5 tests
blam! test parse_arp_failure_too_small ... ok
blam! test parse_arp_failure_wrong_hardware_type ... ok
blam! test parse_arp_success ... ok
blam! test parse_rarp_success ... ok
blam! test parse_arp_failure_wrong_operation ... ok
blam! 
blam! test result: ok. 5 passed; 0 failed; 0 ignored; 0 measured
blam! 
kablam!      Running /target/debug/deps/ethernet-f613ac82268d9eb0
blam! 
blam! running 4 tests
blam! test parse_eth_failure_wrong_ethertype ... ok
blam! test parse_eth_success ... ok
blam! test parse_eth_success_ethertypes ... ok
blam! test parse_eth_failure_too_small ... ok
blam! 
blam! test result: ok. 4 passed; 0 failed; 0 ignored; 0 measured
blam! 
kablam!      Running /target/debug/deps/http-75ba66e873cee252
blam! 
blam! running 12 tests
blam! test parse_http_request_failure_too_small ... ok
blam! test parse_http_request_failure_wrong_path ... ok
blam! test parse_http_request_failure_wrong_method ... ok
blam! test parse_http_request_failure_wrong_version ... ok
blam! test parse_http_request_success_post ... ok
blam! test parse_http_response_failure_too_small ... ok
blam! test parse_http_response_failure_wrong_protocol ... ok
blam! test parse_http_response_failure_wrong_status_code ... ok
blam! test parse_http_response_success_moved ... ok
blam! test parse_http_request_success_get ... ok
blam! test parse_http_request_success_methods ... ok
blam! test parse_http_response_success_ok ... ok
blam! 
blam! test result: ok. 12 passed; 0 failed; 0 ignored; 0 measured
blam! 
kablam!      Running /target/debug/deps/icmp-44bc44dac214af63
blam! 
blam! running 4 tests
blam! test parse_icmp_failure_too_small ... ok
blam! test parse_icmp_failure_wrong_icmp_type ... ok
blam! test parse_icmp_reply_success ... ok
blam! test parse_icmp_request_success ... ok
blam! 
blam! test result: ok. 4 passed; 0 failed; 0 ignored; 0 measured
blam! 
kablam!      Running /target/debug/deps/icmpv6-72003e4b9f87027b
blam! 
blam! running 4 tests
blam! test parse_icmpv6_request_success ... ok
blam! test parse_icmpv6_failure_wrong_icmpv6_type ... ok
blam! test parse_icmpv6_reply_success ... ok
blam! test parse_icmpv6_failure_too_small ... ok
blam! 
blam! test result: ok. 4 passed; 0 failed; 0 ignored; 0 measured
blam! 
kablam!      Running /target/debug/deps/ipv4-84fdc3bac336f16f
blam! 
blam! running 5 tests
blam! test parse_ipv4_failure_wrong_version ... ok
blam! test parse_ipv4_failure_wrong_ipprotocol ... ok
blam! test parse_ipv4_failure_too_small ... ok
blam! test parse_ipv4_success ... ok
blam! test parse_ipv4_success_ipprotocols ... ok
blam! 
blam! test result: ok. 5 passed; 0 failed; 0 ignored; 0 measured
blam! 
kablam!      Running /target/debug/deps/ipv6-43d931128bfc01ef
blam! 
blam! running 5 tests
blam! test parse_ipv6_failure_too_small ... ok
blam! test parse_ipv6_success ... ok
blam! test parse_ipv6_failure_wrong_version ... ok
blam! test parse_ipv6_failure_wrong_ipprotocol ... ok
blam! test parse_ipv6_success_ipprotocols ... ok
blam! 
blam! test result: ok. 5 passed; 0 failed; 0 ignored; 0 measured
blam! 
kablam!      Running /target/debug/deps/lib-d0ee2c9de96e833f
blam! 
blam! running 12 tests
blam! test peel_success_dot ... FAILED
blam! test peel_failure_path_tracking ... ok
blam! test peel_success_icmpv6 ... ok
blam! test peel_success_ipv4_in_ipv4 ... ok
blam! test peel_success_eth ... ok
blam! test peel_success_tcp ... ok
blam! test peel_success_ipv6_in_ipv6 ... ok
blam! test peel_success_ipv6_in_ipv4 ... ok
blam! test peel_success_ntp ... ok
blam! test peel_success_udp ... ok
blam! test peel_success_tls_http ... ok
blam! test peel_track_timeout ... ok
blam! 
blam! failures:
blam! 
blam! ---- peel_success_dot stdout ----
blam! 	Logging failed: Could not create terminal.
blam! Logging failed: Could not create terminal.
blam! Logging failed: Could not create terminal.
blam! Logging failed: Could not create terminal.
blam! Logging failed: Could not create terminal.
blam! Logging failed: Could not create terminal.
blam! Logging failed: Could not create terminal.
blam! Logging failed: Could not create terminal.
blam! Logging failed: Could not create terminal.
blam! Logging failed: Could not create terminal.
blam! Logging failed: Could not create terminal.
blam! thread 'peel_success_dot' panicked at 'assertion failed: peel.create_dot_file().is_ok()', tests/lib.rs:73
blam! note: Run with `RUST_BACKTRACE=1` for a backtrace.
blam! 
blam! 
blam! failures:
blam!     peel_success_dot
blam! 
blam! test result: FAILED. 11 passed; 1 failed; 0 ignored; 0 measured
blam! 
kablam! error: test failed
boom! running `docker rm -f 985db195bee5c475d2b335d6c7cc6a3dd524743b2b8f6042fe536e4ec157f95a`
blam! 985db195bee5c475d2b335d6c7cc6a3dd524743b2b8f6042fe536e4ec157f95a
