boom! testing rebind-0.2.1 against stable for nightly
boom! running: cargo +stable build --frozen
boom! creating container for: cargo +stable build --frozen
boom! running `docker create -v /home/ec2-user/cargobomb/./work/local/test-source/nightly/stable:/source:ro -v /home/ec2-user/cargobomb/./work/local/cargo-home:/cargo-home:ro -v /home/ec2-user/cargobomb/./work/local/rustup-home:/rustup-home:ro -v /home/ec2-user/cargobomb/./work/local/target-dirs/nightly/stable:/target:rw -e USER_ID=500 -e CMD=cargo +stable build --frozen cargobomb`
blam! 48c82798bbf95c40d442099f9db20664db06b8e4b024d002d8998b4750f42223
boom! running `docker start -a 48c82798bbf95c40d442099f9db20664db06b8e4b024d002d8998b4750f42223`
kablam!    Compiling pistoncore-input v0.9.0
kablam!    Compiling pistoncore-window v0.16.0
kablam!    Compiling rebind v0.2.1 (file:///source)
kablam! warning: unused import: `Eq`, #[warn(unused_imports)] on by default
kablam!   --> src/lib.rs:78:16
kablam!    |
kablam! 78 | use std::cmp::{Eq, Ord, PartialEq};
kablam!    |                ^^
kablam! 
kablam!     Finished dev [unoptimized + debuginfo] target(s) in 3.54 secs
boom! running `docker rm -f 48c82798bbf95c40d442099f9db20664db06b8e4b024d002d8998b4750f42223`
blam! 48c82798bbf95c40d442099f9db20664db06b8e4b024d002d8998b4750f42223
boom! running: cargo +stable test --frozen --no-run
boom! creating container for: cargo +stable test --frozen --no-run
boom! running `docker create -v /home/ec2-user/cargobomb/./work/local/test-source/nightly/stable:/source:ro -v /home/ec2-user/cargobomb/./work/local/cargo-home:/cargo-home:ro -v /home/ec2-user/cargobomb/./work/local/rustup-home:/rustup-home:ro -v /home/ec2-user/cargobomb/./work/local/target-dirs/nightly/stable:/target:rw -e USER_ID=500 -e CMD=cargo +stable test --frozen --no-run cargobomb`
blam! ee0ac9b2ea26ab3708c75626f64b2b7ed6e2fbf8d3d7ca521b167c6a998dca38
boom! running `docker start -a ee0ac9b2ea26ab3708c75626f64b2b7ed6e2fbf8d3d7ca521b167c6a998dca38`
kablam!    Compiling gl v0.4.0
kablam!    Compiling pistoncore-glutin_window v0.19.0
kablam!    Compiling rebind v0.2.1 (file:///source)
kablam! warning: unused import: `Eq`, #[warn(unused_imports)] on by default
kablam!   --> src/lib.rs:78:16
kablam!    |
kablam! 78 | use std::cmp::{Eq, Ord, PartialEq};
kablam!    |                ^^
kablam! 
kablam!     Finished dev [unoptimized + debuginfo] target(s) in 22.11 secs
boom! running `docker rm -f ee0ac9b2ea26ab3708c75626f64b2b7ed6e2fbf8d3d7ca521b167c6a998dca38`
blam! ee0ac9b2ea26ab3708c75626f64b2b7ed6e2fbf8d3d7ca521b167c6a998dca38
boom! running: cargo +stable test --frozen
boom! creating container for: cargo +stable test --frozen
boom! running `docker create -v /home/ec2-user/cargobomb/./work/local/test-source/nightly/stable:/source:ro -v /home/ec2-user/cargobomb/./work/local/cargo-home:/cargo-home:ro -v /home/ec2-user/cargobomb/./work/local/rustup-home:/rustup-home:ro -v /home/ec2-user/cargobomb/./work/local/target-dirs/nightly/stable:/target:rw -e USER_ID=500 -e CMD=cargo +stable test --frozen cargobomb`
blam! adcbaba9e069fa177cdfa65131e18b365f5b6eb2e233eb0a60dba2a1d7f51060
boom! running `docker start -a adcbaba9e069fa177cdfa65131e18b365f5b6eb2e233eb0a60dba2a1d7f51060`
kablam!     Finished dev [unoptimized + debuginfo] target(s) in 0.0 secs
kablam!      Running /target/debug/deps/lib-cbafd088c6fa0184
blam! 
blam! running 8 tests
blam! test test_conversion_from_rebind_to_translator ... ignored
blam! test test_get_button_iter_len ... ok
blam! test test_add_button_to_translator_using_rebind ... ok
blam! test test_translator_get_action_from_buttonpress ... ok
blam! test test_unmodified_mouse_input_works ... ok
blam! test test_get_num_buttons_set ... ok
blam! test test_mirror_mouse_input_along_x_axis ... ok
blam! test test_mirror_mouse_input_along_y_axis ... ok
blam! 
blam! test result: ok. 7 passed; 0 failed; 1 ignored; 0 measured
blam! 
kablam!      Running /target/debug/deps/rebind-b79ecf3fc48b4326
blam! 
blam! running 0 tests
blam! 
blam! test result: ok. 0 passed; 0 failed; 0 ignored; 0 measured
blam! 
kablam!    Doc-tests rebind
blam! 
blam! running 1 test
blam! test _0 ... FAILED
blam! 
blam! failures:
blam! 
blam! ---- _0 stdout ----
blam! 	error[E0308]: mismatched types
blam!   --> <anon>:26:42
blam!    |
blam! 26 |         .with_mapping(MyAction::Action1, Keyboard(Key::D1))
blam!    |                                          ^^^^^^^^^^^^^^^^^ expected enum `input::Button`, found enum `piston::<unnamed>::Button`
blam!    |
blam!    = note: expected type `input::Button`
blam!               found type `piston::<unnamed>::Button`
blam! 
blam! error[E0308]: mismatched types
blam!   --> <anon>:27:42
blam!    |
blam! 27 |         .with_mapping(MyAction::Action1, Keyboard(Key::A))
blam!    |                                          ^^^^^^^^^^^^^^^^ expected enum `input::Button`, found enum `piston::<unnamed>::Button`
blam!    |
blam!    = note: expected type `input::Button`
blam!               found type `piston::<unnamed>::Button`
blam! 
blam! error[E0308]: mismatched types
blam!   --> <anon>:28:42
blam!    |
blam! 28 |         .with_mapping(MyAction::Action2, Keyboard(Key::D2))
blam!    |                                          ^^^^^^^^^^^^^^^^^ expected enum `input::Button`, found enum `piston::<unnamed>::Button`
blam!    |
blam!    = note: expected type `input::Button`
blam!               found type `piston::<unnamed>::Button`
blam! 
blam! error[E0308]: mismatched types
blam!   --> <anon>:29:42
blam!    |
blam! 29 |         .with_mapping(MyAction::Action2, Keyboard(Key::B))
blam!    |                                          ^^^^^^^^^^^^^^^^ expected enum `input::Button`, found enum `piston::<unnamed>::Button`
blam!    |
blam!    = note: expected type `input::Button`
blam!               found type `piston::<unnamed>::Button`
blam! 
blam! error[E0308]: mismatched types
blam!   --> <anon>:34:51
blam!    |
blam! 34 |             if let Some(a) = translator.translate(i) {
blam!    |                                                   ^ expected enum `input::Input`, found enum `piston::<unnamed>::Input`
blam!    |
blam!    = note: expected type `&input::Input`
blam!               found type `&piston::<unnamed>::Input`
blam! 
blam! error: aborting due to previous error(s)
blam! 
blam! thread 'rustc' panicked at 'Box<Any>', /buildslave/rust-buildbot/slave/stable-dist-rustc-linux/build/src/librustc/session/mod.rs:203
blam! note: Run with `RUST_BACKTRACE=1` for a backtrace.
blam! 
blam! 
blam! failures:
blam!     _0
blam! 
blam! test result: FAILED. 0 passed; 1 failed; 0 ignored; 0 measured
blam! 
kablam! error: test failed
boom! running `docker rm -f adcbaba9e069fa177cdfa65131e18b365f5b6eb2e233eb0a60dba2a1d7f51060`
blam! adcbaba9e069fa177cdfa65131e18b365f5b6eb2e233eb0a60dba2a1d7f51060
