boom! testing bmp-0.2.0 against nightly for nightly
boom! running: cargo +nightly build --frozen
boom! creating container for: cargo +nightly build --frozen
boom! running `docker create -v /home/ec2-user/cargobomb/./work/local/test-source/nightly/nightly:/source:ro -v /home/ec2-user/cargobomb/./work/local/cargo-home:/cargo-home:ro -v /home/ec2-user/cargobomb/./work/local/rustup-home:/rustup-home:ro -v /home/ec2-user/cargobomb/./work/local/target-dirs/nightly/nightly:/target:rw -e USER_ID=500 -e CMD=cargo +nightly build --frozen cargobomb`
blam! 027b97d0b7dbe63bc3ea7cc508059d73343c468d9f496e798a85dfd4fc6a7d7c
boom! running `docker start -a 027b97d0b7dbe63bc3ea7cc508059d73343c468d9f496e798a85dfd4fc6a7d7c`
kablam!    Compiling bmp v0.2.0 (file:///source)
kablam!     Finished dev [unoptimized + debuginfo] target(s) in 2.32 secs
boom! running `docker rm -f 027b97d0b7dbe63bc3ea7cc508059d73343c468d9f496e798a85dfd4fc6a7d7c`
blam! 027b97d0b7dbe63bc3ea7cc508059d73343c468d9f496e798a85dfd4fc6a7d7c
boom! running: cargo +nightly test --frozen --no-run
boom! creating container for: cargo +nightly test --frozen --no-run
boom! running `docker create -v /home/ec2-user/cargobomb/./work/local/test-source/nightly/nightly:/source:ro -v /home/ec2-user/cargobomb/./work/local/cargo-home:/cargo-home:ro -v /home/ec2-user/cargobomb/./work/local/rustup-home:/rustup-home:ro -v /home/ec2-user/cargobomb/./work/local/target-dirs/nightly/nightly:/target:rw -e USER_ID=500 -e CMD=cargo +nightly test --frozen --no-run cargobomb`
blam! 73320e8a299c010f79277c6be528332801ac0a2987b501380d983b6b588ce15e
boom! running `docker start -a 73320e8a299c010f79277c6be528332801ac0a2987b501380d983b6b588ce15e`
kablam!    Compiling bmp v0.2.0 (file:///source)
kablam!     Finished dev [unoptimized + debuginfo] target(s) in 2.86 secs
boom! running `docker rm -f 73320e8a299c010f79277c6be528332801ac0a2987b501380d983b6b588ce15e`
blam! 73320e8a299c010f79277c6be528332801ac0a2987b501380d983b6b588ce15e
boom! running: cargo +nightly test --frozen
boom! creating container for: cargo +nightly test --frozen
boom! running `docker create -v /home/ec2-user/cargobomb/./work/local/test-source/nightly/nightly:/source:ro -v /home/ec2-user/cargobomb/./work/local/cargo-home:/cargo-home:ro -v /home/ec2-user/cargobomb/./work/local/rustup-home:/rustup-home:ro -v /home/ec2-user/cargobomb/./work/local/target-dirs/nightly/nightly:/target:rw -e USER_ID=500 -e CMD=cargo +nightly test --frozen cargobomb`
blam! 101b851498aa7e120b447a056094286773c52a23f8d81c4155e13e12cae4592a
boom! running `docker start -a 101b851498aa7e120b447a056094286773c52a23f8d81c4155e13e12cae4592a`
kablam!     Finished dev [unoptimized + debuginfo] target(s) in 0.0 secs
kablam!      Running /target/debug/deps/bmp-03acb2962352b931
blam! 
blam! running 14 tests
blam! test decoder::test_calculate_bit_index ... ok
blam! test tests::can_read_entire_bmp_image ... ok
blam! test tests::can_read_bmp_image ... ok
blam! test tests::changing_pixels_does_not_push_image_data ... ok
blam! test tests::can_read_image_data ... ok
blam! test tests::coordinates_iterator_gives_x_and_y_in_row_major_order ... ok
blam! test tests::error_when_opening_unexisting_image ... ok
blam! test tests::error_when_opening_image_with_wrong_bits_per_pixel ... ok
blam! test tests::read_write_4pbb_bmp_image ... FAILED
blam! test tests::error_when_opening_image_with_wrong_magic_numbers ... ok
blam! test tests::read_write_1pbb_bmp_image ... FAILED
blam! test tests::can_create_bmp_file ... FAILED
blam! test tests::read_write_8pbb_bmp_image ... FAILED
blam! test tests::size_of_bmp_header_is_54_bytes ... ok
blam! 
blam! failures:
blam! 
blam! ---- tests::read_write_4pbb_bmp_image stdout ----
blam! 	thread 'tests::read_write_4pbb_bmp_image' panicked at 'No such file or directory (os error 2)', src/tests/mod.rs:100
blam! 
blam! ---- tests::read_write_1pbb_bmp_image stdout ----
blam! 	thread 'tests::read_write_1pbb_bmp_image' panicked at 'called `Result::unwrap()` on an `Err` value: BmpError { kind: BmpIoError(Error { repr: Os { code: 2, message: "No such file or directory" } }), details: "BMP Error: Io Error" }', /checkout/src/libcore/result.rs:859
blam! 
blam! ---- tests::can_create_bmp_file stdout ----
blam! 	thread 'tests::can_create_bmp_file' panicked at 'called `Result::unwrap()` on an `Err` value: BmpError { kind: BmpIoError(Error { repr: Os { code: 2, message: "No such file or directory" } }), details: "BMP Error: Io Error" }', /checkout/src/libcore/result.rs:859
blam! note: Run with `RUST_BACKTRACE=1` for a backtrace.
blam! 
blam! ---- tests::read_write_8pbb_bmp_image stdout ----
blam! 	thread 'tests::read_write_8pbb_bmp_image' panicked at 'No such file or directory (os error 2)', src/tests/mod.rs:116
blam! 
blam! 
blam! failures:
blam!     tests::can_create_bmp_file
blam!     tests::read_write_1pbb_bmp_image
blam!     tests::read_write_4pbb_bmp_image
blam!     tests::read_write_8pbb_bmp_image
blam! 
blam! test result: FAILED. 10 passed; 4 failed; 0 ignored; 0 measured
blam! 
kablam! error: test failed
boom! running `docker rm -f 101b851498aa7e120b447a056094286773c52a23f8d81c4155e13e12cae4592a`
blam! 101b851498aa7e120b447a056094286773c52a23f8d81c4155e13e12cae4592a
