boom! testing diesel_codegen-0.11.0 against stable for nightly
boom! running: cargo +stable build --frozen
boom! creating container for: cargo +stable build --frozen
boom! running `docker create -v /home/ec2-user/cargobomb/./work/local/test-source/nightly/stable:/source:ro -v /home/ec2-user/cargobomb/./work/local/cargo-home:/cargo-home:ro -v /home/ec2-user/cargobomb/./work/local/rustup-home:/rustup-home:ro -v /home/ec2-user/cargobomb/./work/local/target-dirs/nightly/stable:/target:rw -e USER_ID=500 -e CMD=cargo +stable build --frozen cargobomb`
blam! 6b3ab7a123da7c0dd5ad135ee8dcca2d3f53465fa01a797b2b039dad707cf44a
boom! running `docker start -a 6b3ab7a123da7c0dd5ad135ee8dcca2d3f53465fa01a797b2b039dad707cf44a`
kablam!    Compiling diesel_codegen v0.11.0 (file:///source)
kablam!     Finished dev [unoptimized + debuginfo] target(s) in 4.11 secs
boom! running `docker rm -f 6b3ab7a123da7c0dd5ad135ee8dcca2d3f53465fa01a797b2b039dad707cf44a`
blam! 6b3ab7a123da7c0dd5ad135ee8dcca2d3f53465fa01a797b2b039dad707cf44a
boom! running: cargo +stable test --frozen --no-run
boom! creating container for: cargo +stable test --frozen --no-run
boom! running `docker create -v /home/ec2-user/cargobomb/./work/local/test-source/nightly/stable:/source:ro -v /home/ec2-user/cargobomb/./work/local/cargo-home:/cargo-home:ro -v /home/ec2-user/cargobomb/./work/local/rustup-home:/rustup-home:ro -v /home/ec2-user/cargobomb/./work/local/target-dirs/nightly/stable:/target:rw -e USER_ID=500 -e CMD=cargo +stable test --frozen --no-run cargobomb`
blam! cb8af2b0b19c1260cf8b8e1984e2510acb893856481a7911dd17f21ec50e605e
boom! running `docker start -a cb8af2b0b19c1260cf8b8e1984e2510acb893856481a7911dd17f21ec50e605e`
kablam!    Compiling diesel_codegen v0.11.0 (file:///source)
kablam! error[E0432]: unresolved import `test_helpers::connection`
kablam!  --> tests/queryable.rs:5:5
kablam!   |
kablam! 5 | use test_helpers::connection;
kablam!   |     ^^^^^^^^^^^^^^^^^^^^^^^^ no `connection` in `test_helpers`. Did you mean to use `Connection`?
kablam! 
kablam! error: aborting due to previous error
kablam! 
kablam! error: Could not compile `diesel_codegen`.
blam! Build failed, waiting for other jobs to finish...
kablam! error: build failed
boom! running `docker rm -f cb8af2b0b19c1260cf8b8e1984e2510acb893856481a7911dd17f21ec50e605e`
blam! cb8af2b0b19c1260cf8b8e1984e2510acb893856481a7911dd17f21ec50e605e
boom! running: cargo +stable test --frozen
boom! creating container for: cargo +stable test --frozen
boom! running `docker create -v /home/ec2-user/cargobomb/./work/local/test-source/nightly/stable:/source:ro -v /home/ec2-user/cargobomb/./work/local/cargo-home:/cargo-home:ro -v /home/ec2-user/cargobomb/./work/local/rustup-home:/rustup-home:ro -v /home/ec2-user/cargobomb/./work/local/target-dirs/nightly/stable:/target:rw -e USER_ID=500 -e CMD=cargo +stable test --frozen cargobomb`
blam! ff26faaa8ebb901acd9d6e437e9b7628d9d7f2f45da5e01c6c7cf442c49f3525
boom! running `docker start -a ff26faaa8ebb901acd9d6e437e9b7628d9d7f2f45da5e01c6c7cf442c49f3525`
kablam!    Compiling diesel_codegen v0.11.0 (file:///source)
kablam! error[E0432]: unresolved import `test_helpers::connection`
kablam!  --> tests/queryable.rs:5:5
kablam!   |
kablam! 5 | use test_helpers::connection;
kablam!   |     ^^^^^^^^^^^^^^^^^^^^^^^^ no `connection` in `test_helpers`. Did you mean to use `Connection`?
kablam! 
kablam! error: aborting due to previous error
kablam! 
kablam! error: Could not compile `diesel_codegen`.
kablam! 
kablam! To learn more, run the command again with --verbose.
boom! running `docker rm -f ff26faaa8ebb901acd9d6e437e9b7628d9d7f2f45da5e01c6c7cf442c49f3525`
blam! ff26faaa8ebb901acd9d6e437e9b7628d9d7f2f45da5e01c6c7cf442c49f3525
