boom! testing bacon_rajan_cc-0.1.0 against nightly for nightly
boom! running: cargo +nightly build --frozen
boom! creating container for: cargo +nightly build --frozen
boom! running `docker create -v /home/ec2-user/cargobomb/./work/local/test-source/nightly/nightly:/source:ro -v /home/ec2-user/cargobomb/./work/local/cargo-home:/cargo-home:ro -v /home/ec2-user/cargobomb/./work/local/rustup-home:/rustup-home:ro -v /home/ec2-user/cargobomb/./work/local/target-dirs/nightly/nightly:/target:rw -e USER_ID=500 -e CMD=cargo +nightly build --frozen cargobomb`
blam! f9f68000a350b601e7e64c8accd61319e10c99a52d3f4d58043ec9f91a25fd15
boom! running `docker start -a f9f68000a350b601e7e64c8accd61319e10c99a52d3f4d58043ec9f91a25fd15`
kablam!    Compiling bacon_rajan_cc v0.1.0 (file:///source)
kablam! error[E0557]: feature has been removed
kablam!    --> src/lib.rs:169:12
kablam!     |
kablam! 169 | #![feature(unsafe_no_drop_flag)]
kablam!     |            ^^^^^^^^^^^^^^^^^^^
kablam! 
kablam! error[E0412]: cannot find type `Broadcast` in module `io`
kablam!    --> src/trace.rs:332:30
kablam!     |
kablam! 332 |         impl<T, U> Trace for io::Broadcast<T, U> {
kablam!     |                              ^^^^^^^^^^^^^^^^^^^ not found in `io`
kablam! 
kablam! error[E0412]: cannot find type `Tee` in module `io`
kablam!    --> src/trace.rs:340:30
kablam!     |
kablam! 340 |         impl<T, U> Trace for io::Tee<T, U> {
kablam!     |                              ^^^^^^^^^^^^^ not found in `io`
kablam! 
kablam! error[E0425]: cannot find value `POST_DROP_USIZE` in module `mem`
kablam!    --> src/lib.rs:488:50
kablam!     |
kablam! 488 |             if !ptr.is_null() && ptr as usize != mem::POST_DROP_USIZE {
kablam!     |                                                  ^^^^^^^^^^^^^^^^^^^^ not found in `mem`
kablam! 
kablam! error[E0425]: cannot find value `POST_DROP_USIZE` in module `mem`
kablam!    --> src/lib.rs:777:50
kablam!     |
kablam! 777 |             if !ptr.is_null() && ptr as usize != mem::POST_DROP_USIZE {
kablam!     |                                                  ^^^^^^^^^^^^^^^^^^^^ not found in `mem`
kablam! 
kablam! error: The attribute `unsafe_no_drop_flag` is currently unknown to the compiler and may have meaning added to it in the future (see issue #29642)
kablam!    --> src/lib.rs:241:1
kablam!     |
kablam! 241 | #[unsafe_no_drop_flag]
kablam!     | ^^^^^^^^^^^^^^^^^^^^^^
kablam!     |
kablam!     = help: add #![feature(custom_attribute)] to the crate attributes to enable
kablam! 
kablam! error: The attribute `unsafe_no_drop_flag` is currently unknown to the compiler and may have meaning added to it in the future (see issue #29642)
kablam!    --> src/lib.rs:709:1
kablam!     |
kablam! 709 | #[unsafe_no_drop_flag]
kablam!     | ^^^^^^^^^^^^^^^^^^^^^^
kablam!     |
kablam!     = help: add #![feature(custom_attribute)] to the crate attributes to enable
kablam! 
kablam! error: aborting due to 2 previous errors
kablam! 
kablam! error: Could not compile `bacon_rajan_cc`.
kablam! 
kablam! To learn more, run the command again with --verbose.
boom! running `docker rm -f f9f68000a350b601e7e64c8accd61319e10c99a52d3f4d58043ec9f91a25fd15`
blam! f9f68000a350b601e7e64c8accd61319e10c99a52d3f4d58043ec9f91a25fd15
