boom! testing https://github.com/coredump-ch/telegram-groups-bot#e89d81ea3814fa55a56f05790d401af00683083f against nightly for nightly
boom! running: cargo +nightly build --frozen
boom! creating container for: cargo +nightly build --frozen
boom! running `docker create -v /home/ec2-user/cargobomb/./work/local/test-source/nightly/nightly:/source:ro -v /home/ec2-user/cargobomb/./work/local/cargo-home:/cargo-home:ro -v /home/ec2-user/cargobomb/./work/local/rustup-home:/rustup-home:ro -v /home/ec2-user/cargobomb/./work/local/target-dirs/nightly/nightly:/target:rw -e USER_ID=500 -e CMD=cargo +nightly build --frozen cargobomb`
blam! 6f524fb2ff3f8614ab30e2e04faf1e36adbb227dfc1a08373112748640e3a94d
boom! running `docker start -a 6f524fb2ff3f8614ab30e2e04faf1e36adbb227dfc1a08373112748640e3a94d`
kablam!    Compiling memchr v0.1.11
kablam!    Compiling openssl v0.7.14
kablam!    Compiling unicode-bidi v0.2.3
kablam!    Compiling redis v0.7.0
blam! Build failed, waiting for other jobs to finish...
kablam! error: failed to run custom build command for `openssl v0.7.14`
kablam! process didn't exit successfully: `/target/debug/build/openssl-f2d87cfdc2e2aa2f/build-script-build` (exit code: 101)
kablam! --- stdout
kablam! TARGET = Some("x86_64-unknown-linux-gnu")
kablam! OPT_LEVEL = Some("0")
kablam! PROFILE = Some("debug")
kablam! TARGET = Some("x86_64-unknown-linux-gnu")
kablam! debug=true opt-level=0
kablam! HOST = Some("x86_64-unknown-linux-gnu")
kablam! TARGET = Some("x86_64-unknown-linux-gnu")
kablam! TARGET = Some("x86_64-unknown-linux-gnu")
kablam! HOST = Some("x86_64-unknown-linux-gnu")
kablam! CC_x86_64-unknown-linux-gnu = None
kablam! CC_x86_64_unknown_linux_gnu = None
kablam! HOST_CC = None
kablam! CC = None
kablam! HOST = Some("x86_64-unknown-linux-gnu")
kablam! TARGET = Some("x86_64-unknown-linux-gnu")
kablam! HOST = Some("x86_64-unknown-linux-gnu")
kablam! CFLAGS_x86_64-unknown-linux-gnu = None
kablam! CFLAGS_x86_64_unknown_linux_gnu = None
kablam! HOST_CFLAGS = None
kablam! CFLAGS = None
kablam! running: "cc" "-O0" "-ffunction-sections" "-fdata-sections" "-g" "-m64" "-fPIC" "-o" "/target/debug/build/openssl-1d3ea894fa03cc5a/out/src/c_helpers.o" "-c" "src/c_helpers.c"
kablam! cargo:warning=src/c_helpers.c:1:25: fatal error: openssl/ssl.h: No such file or directory
kablam! cargo:warning=compilation terminated.
kablam! ExitStatus(ExitStatus(256))
kablam! 
kablam! 
kablam! command did not execute successfully, got: exit code: 1
kablam! 
kablam! 
kablam! 
kablam! --- stderr
kablam! thread 'main' panicked at 'explicit panic', /cargo-home/registry/src/github.com-1ecc6299db9ec823/gcc-0.3.38/src/lib.rs:958
kablam! note: Run with `RUST_BACKTRACE=1` for a backtrace.
kablam! 
boom! running `docker rm -f 6f524fb2ff3f8614ab30e2e04faf1e36adbb227dfc1a08373112748640e3a94d`
blam! 6f524fb2ff3f8614ab30e2e04faf1e36adbb227dfc1a08373112748640e3a94d
