boom! testing range_check-0.1.0 against nightly for nightly
boom! running: cargo +nightly build --frozen
boom! creating container for: cargo +nightly build --frozen
boom! running `docker create -v /home/ec2-user/cargobomb/./work/local/test-source/nightly/nightly:/source:ro -v /home/ec2-user/cargobomb/./work/local/cargo-home:/cargo-home:ro -v /home/ec2-user/cargobomb/./work/local/rustup-home:/rustup-home:ro -v /home/ec2-user/cargobomb/./work/local/target-dirs/nightly/nightly:/target:rw -e USER_ID=500 -e CMD=cargo +nightly build --frozen cargobomb`
blam! a32e41d815463563269fa836ed978867c1c8c9466e65de5ab105690e5f0c4a78
boom! running `docker start -a a32e41d815463563269fa836ed978867c1c8c9466e65de5ab105690e5f0c4a78`
kablam!    Compiling range_check v0.1.0 (file:///source)
kablam!     Finished dev [unoptimized + debuginfo] target(s) in 0.65 secs
boom! running `docker rm -f a32e41d815463563269fa836ed978867c1c8c9466e65de5ab105690e5f0c4a78`
blam! a32e41d815463563269fa836ed978867c1c8c9466e65de5ab105690e5f0c4a78
boom! running: cargo +nightly test --frozen --no-run
boom! creating container for: cargo +nightly test --frozen --no-run
boom! running `docker create -v /home/ec2-user/cargobomb/./work/local/test-source/nightly/nightly:/source:ro -v /home/ec2-user/cargobomb/./work/local/cargo-home:/cargo-home:ro -v /home/ec2-user/cargobomb/./work/local/rustup-home:/rustup-home:ro -v /home/ec2-user/cargobomb/./work/local/target-dirs/nightly/nightly:/target:rw -e USER_ID=500 -e CMD=cargo +nightly test --frozen --no-run cargobomb`
blam! f9cff01e6192ac7b4a3d0152e7d083532abc5f4aa2fc7974456209d0286b9141
boom! running `docker start -a f9cff01e6192ac7b4a3d0152e7d083532abc5f4aa2fc7974456209d0286b9141`
kablam!    Compiling range_check v0.1.0 (file:///source)
kablam! error: use of unstable library feature 'range_contains': recently added as per RFC (see issue #32311)
kablam!    --> src/lib.rs:173:24
kablam!     |
kablam! 173 |         assert!((1..5).contains(3));
kablam!     |                        ^^^^^^^^
kablam!     |
kablam!     = help: add #![feature(range_contains)] to the crate attributes to enable
kablam! 
kablam! error: use of unstable library feature 'range_contains': recently added as per RFC (see issue #32311)
kablam!    --> src/lib.rs:179:25
kablam!     |
kablam! 179 |         assert!(!(1..5).contains(&7));
kablam!     |                         ^^^^^^^^
kablam!     |
kablam!     = help: add #![feature(range_contains)] to the crate attributes to enable
kablam! 
kablam! error[E0308]: mismatched types
kablam!    --> src/lib.rs:179:34
kablam!     |
kablam! 179 |         assert!(!(1..5).contains(&7));
kablam!     |                                  ^^ expected integral variable, found &{integer}
kablam!     |
kablam!     = note: expected type `{integer}`
kablam!                found type `&{integer}`
kablam! 
kablam! error: use of unstable library feature 'range_contains': recently added as per RFC (see issue #32311)
kablam!    --> src/lib.rs:185:23
kablam!     |
kablam! 185 |         assert!((1..).contains(&3));
kablam!     |                       ^^^^^^^^
kablam!     |
kablam!     = help: add #![feature(range_contains)] to the crate attributes to enable
kablam! 
kablam! error[E0308]: mismatched types
kablam!    --> src/lib.rs:185:32
kablam!     |
kablam! 185 |         assert!((1..).contains(&3));
kablam!     |                                ^^ expected integral variable, found &{integer}
kablam!     |
kablam!     = note: expected type `{integer}`
kablam!                found type `&{integer}`
kablam! 
kablam! error: use of unstable library feature 'range_contains': recently added as per RFC (see issue #32311)
kablam!    --> src/lib.rs:191:24
kablam!     |
kablam! 191 |         assert!(!(1..).contains(&-7));
kablam!     |                        ^^^^^^^^
kablam!     |
kablam!     = help: add #![feature(range_contains)] to the crate attributes to enable
kablam! 
kablam! error[E0308]: mismatched types
kablam!    --> src/lib.rs:191:33
kablam!     |
kablam! 191 |         assert!(!(1..).contains(&-7));
kablam!     |                                 ^^^ expected integral variable, found &{integer}
kablam!     |
kablam!     = note: expected type `{integer}`
kablam!                found type `&{integer}`
kablam! 
kablam! error: use of unstable library feature 'range_contains': recently added as per RFC (see issue #32311)
kablam!    --> src/lib.rs:197:23
kablam!     |
kablam! 197 |         assert!((..5).contains(&3));
kablam!     |                       ^^^^^^^^
kablam!     |
kablam!     = help: add #![feature(range_contains)] to the crate attributes to enable
kablam! 
kablam! error[E0308]: mismatched types
kablam!    --> src/lib.rs:197:32
kablam!     |
kablam! 197 |         assert!((..5).contains(&3));
kablam!     |                                ^^ expected integral variable, found &{integer}
kablam!     |
kablam!     = note: expected type `{integer}`
kablam!                found type `&{integer}`
kablam! 
kablam! error: use of unstable library feature 'range_contains': recently added as per RFC (see issue #32311)
kablam!    --> src/lib.rs:203:24
kablam!     |
kablam! 203 |         assert!(!(..5).contains(&7));
kablam!     |                        ^^^^^^^^
kablam!     |
kablam!     = help: add #![feature(range_contains)] to the crate attributes to enable
kablam! 
kablam! error[E0308]: mismatched types
kablam!    --> src/lib.rs:203:33
kablam!     |
kablam! 203 |         assert!(!(..5).contains(&7));
kablam!     |                                 ^^ expected integral variable, found &{integer}
kablam!     |
kablam!     = note: expected type `{integer}`
kablam!                found type `&{integer}`
kablam! 
kablam! error: aborting due to 11 previous errors
kablam! 
kablam! error: Could not compile `range_check`.
kablam! 
kablam! To learn more, run the command again with --verbose.
boom! running `docker rm -f f9cff01e6192ac7b4a3d0152e7d083532abc5f4aa2fc7974456209d0286b9141`
blam! f9cff01e6192ac7b4a3d0152e7d083532abc5f4aa2fc7974456209d0286b9141
boom! running: cargo +nightly test --frozen
boom! creating container for: cargo +nightly test --frozen
boom! running `docker create -v /home/ec2-user/cargobomb/./work/local/test-source/nightly/nightly:/source:ro -v /home/ec2-user/cargobomb/./work/local/cargo-home:/cargo-home:ro -v /home/ec2-user/cargobomb/./work/local/rustup-home:/rustup-home:ro -v /home/ec2-user/cargobomb/./work/local/target-dirs/nightly/nightly:/target:rw -e USER_ID=500 -e CMD=cargo +nightly test --frozen cargobomb`
blam! 9e0a6ef646d2c5268dc3fca44e40e15e3726d3c869e7a103f7626316b2bf3867
boom! running `docker start -a 9e0a6ef646d2c5268dc3fca44e40e15e3726d3c869e7a103f7626316b2bf3867`
kablam!    Compiling range_check v0.1.0 (file:///source)
kablam! error: use of unstable library feature 'range_contains': recently added as per RFC (see issue #32311)
kablam!    --> src/lib.rs:173:24
kablam!     |
kablam! 173 |         assert!((1..5).contains(3));
kablam!     |                        ^^^^^^^^
kablam!     |
kablam!     = help: add #![feature(range_contains)] to the crate attributes to enable
kablam! 
kablam! error: use of unstable library feature 'range_contains': recently added as per RFC (see issue #32311)
kablam!    --> src/lib.rs:179:25
kablam!     |
kablam! 179 |         assert!(!(1..5).contains(&7));
kablam!     |                         ^^^^^^^^
kablam!     |
kablam!     = help: add #![feature(range_contains)] to the crate attributes to enable
kablam! 
kablam! error[E0308]: mismatched types
kablam!    --> src/lib.rs:179:34
kablam!     |
kablam! 179 |         assert!(!(1..5).contains(&7));
kablam!     |                                  ^^ expected integral variable, found &{integer}
kablam!     |
kablam!     = note: expected type `{integer}`
kablam!                found type `&{integer}`
kablam! 
kablam! error: use of unstable library feature 'range_contains': recently added as per RFC (see issue #32311)
kablam!    --> src/lib.rs:185:23
kablam!     |
kablam! 185 |         assert!((1..).contains(&3));
kablam!     |                       ^^^^^^^^
kablam!     |
kablam!     = help: add #![feature(range_contains)] to the crate attributes to enable
kablam! 
kablam! error[E0308]: mismatched types
kablam!    --> src/lib.rs:185:32
kablam!     |
kablam! 185 |         assert!((1..).contains(&3));
kablam!     |                                ^^ expected integral variable, found &{integer}
kablam!     |
kablam!     = note: expected type `{integer}`
kablam!                found type `&{integer}`
kablam! 
kablam! error: use of unstable library feature 'range_contains': recently added as per RFC (see issue #32311)
kablam!    --> src/lib.rs:191:24
kablam!     |
kablam! 191 |         assert!(!(1..).contains(&-7));
kablam!     |                        ^^^^^^^^
kablam!     |
kablam!     = help: add #![feature(range_contains)] to the crate attributes to enable
kablam! 
kablam! error[E0308]: mismatched types
kablam!    --> src/lib.rs:191:33
kablam!     |
kablam! 191 |         assert!(!(1..).contains(&-7));
kablam!     |                                 ^^^ expected integral variable, found &{integer}
kablam!     |
kablam!     = note: expected type `{integer}`
kablam!                found type `&{integer}`
kablam! 
kablam! error: use of unstable library feature 'range_contains': recently added as per RFC (see issue #32311)
kablam!    --> src/lib.rs:197:23
kablam!     |
kablam! 197 |         assert!((..5).contains(&3));
kablam!     |                       ^^^^^^^^
kablam!     |
kablam!     = help: add #![feature(range_contains)] to the crate attributes to enable
kablam! 
kablam! error[E0308]: mismatched types
kablam!    --> src/lib.rs:197:32
kablam!     |
kablam! 197 |         assert!((..5).contains(&3));
kablam!     |                                ^^ expected integral variable, found &{integer}
kablam!     |
kablam!     = note: expected type `{integer}`
kablam!                found type `&{integer}`
kablam! 
kablam! error: use of unstable library feature 'range_contains': recently added as per RFC (see issue #32311)
kablam!    --> src/lib.rs:203:24
kablam!     |
kablam! 203 |         assert!(!(..5).contains(&7));
kablam!     |                        ^^^^^^^^
kablam!     |
kablam!     = help: add #![feature(range_contains)] to the crate attributes to enable
kablam! 
kablam! error[E0308]: mismatched types
kablam!    --> src/lib.rs:203:33
kablam!     |
kablam! 203 |         assert!(!(..5).contains(&7));
kablam!     |                                 ^^ expected integral variable, found &{integer}
kablam!     |
kablam!     = note: expected type `{integer}`
kablam!                found type `&{integer}`
kablam! 
kablam! error: aborting due to 11 previous errors
kablam! 
kablam! error: Could not compile `range_check`.
kablam! 
kablam! To learn more, run the command again with --verbose.
boom! running `docker rm -f 9e0a6ef646d2c5268dc3fca44e40e15e3726d3c869e7a103f7626316b2bf3867`
blam! 9e0a6ef646d2c5268dc3fca44e40e15e3726d3c869e7a103f7626316b2bf3867
