boom! testing quickcheck-0.2.27 against stable for beta
boom! running: cargo +stable build --frozen
boom! creating container for: cargo +stable build --frozen
boom! running `docker create -v /home/ec2-user/cargobomb/./work/local/test-source/beta/stable:/source:ro -v /home/ec2-user/cargobomb/./work/local/cargo-home:/cargo-home:ro -v /home/ec2-user/cargobomb/./work/local/rustup-home:/rustup-home:ro -v /home/ec2-user/cargobomb/./work/local/target-dirs/beta/stable:/target:rw -e USER_ID=500 -e CMD=cargo +stable build --frozen cargobomb`
blam! 394cc07974016f3f42017f99c2e0571e91a13edb17b72a436687a10cdff57e4a
boom! running `docker start -a 394cc07974016f3f42017f99c2e0571e91a13edb17b72a436687a10cdff57e4a`
kablam!    Compiling quickcheck v0.2.27 (file:///source)
kablam!     Finished debug [unoptimized + debuginfo] target(s) in 3.82 secs
boom! running `docker rm -f 394cc07974016f3f42017f99c2e0571e91a13edb17b72a436687a10cdff57e4a`
blam! 394cc07974016f3f42017f99c2e0571e91a13edb17b72a436687a10cdff57e4a
boom! running: cargo +stable test --frozen --no-run
boom! creating container for: cargo +stable test --frozen --no-run
boom! running `docker create -v /home/ec2-user/cargobomb/./work/local/test-source/beta/stable:/source:ro -v /home/ec2-user/cargobomb/./work/local/cargo-home:/cargo-home:ro -v /home/ec2-user/cargobomb/./work/local/rustup-home:/rustup-home:ro -v /home/ec2-user/cargobomb/./work/local/target-dirs/beta/stable:/target:rw -e USER_ID=500 -e CMD=cargo +stable test --frozen --no-run cargobomb`
blam! da6fa3be19c7ca6463d8cd76e9470136cdf4e813c1351632743b5cf482c40b09
boom! running `docker start -a da6fa3be19c7ca6463d8cd76e9470136cdf4e813c1351632743b5cf482c40b09`
kablam!    Compiling quickcheck v0.2.27 (file:///source)
kablam!     Finished debug [unoptimized + debuginfo] target(s) in 22.0 secs
boom! running `docker rm -f da6fa3be19c7ca6463d8cd76e9470136cdf4e813c1351632743b5cf482c40b09`
blam! da6fa3be19c7ca6463d8cd76e9470136cdf4e813c1351632743b5cf482c40b09
boom! running: cargo +stable test --frozen
boom! creating container for: cargo +stable test --frozen
boom! running `docker create -v /home/ec2-user/cargobomb/./work/local/test-source/beta/stable:/source:ro -v /home/ec2-user/cargobomb/./work/local/cargo-home:/cargo-home:ro -v /home/ec2-user/cargobomb/./work/local/rustup-home:/rustup-home:ro -v /home/ec2-user/cargobomb/./work/local/target-dirs/beta/stable:/target:rw -e USER_ID=500 -e CMD=cargo +stable test --frozen cargobomb`
blam! d5235ab5798aad698e485f1124555d15b16d1f355134f603bbcf537903e2c841
boom! running `docker start -a d5235ab5798aad698e485f1124555d15b16d1f355134f603bbcf537903e2c841`
kablam!     Finished debug [unoptimized + debuginfo] target(s) in 0.0 secs
kablam!      Running /target/debug/deps/quickcheck-4c4951c45574ba4e
blam! 
blam! running 49 tests
blam! test arbitrary::test::arby_uint ... ok
blam! test arbitrary::test::arby_int ... ok
blam! test arbitrary::test::arby_unit ... ok
blam! test arbitrary::test::binaryheaps ... ok
blam! test arbitrary::test::btreesets ... ok
blam! test arbitrary::test::bools ... ok
blam! test arbitrary::test::btreemap ... ok
blam! test arbitrary::test::chars ... ok
blam! test arbitrary::test::hashmap ... ok
blam! test arbitrary::test::ints ... ok
blam! test arbitrary::test::hashsets ... ok
blam! test arbitrary::test::ints32 ... ok
blam! test arbitrary::test::ints64 ... ok
blam! test arbitrary::test::ints16 ... ok
blam! test arbitrary::test::linkedlists ... ok
blam! test arbitrary::test::ints8 ... ok
blam! test arbitrary::test::options ... ok
blam! test arbitrary::test::results ... ok
blam! test arbitrary::test::quads ... ok
blam! test arbitrary::test::ranges ... ok
blam! test arbitrary::test::triples ... ok
blam! test arbitrary::test::tuples ... ok
blam! test arbitrary::test::uints ... ok
blam! test arbitrary::test::uints16 ... ok
blam! test arbitrary::test::uints32 ... ok
blam! test arbitrary::test::unit ... ok
blam! test arbitrary::test::vecdeques ... ok
blam! test arbitrary::test::uints64 ... ok
blam! test arbitrary::test::uints8 ... ok
blam! test arbitrary::test::vecs ... ok
kablam! thread 'safe' panicked at 'foo', src/tests.rs:172
kablam! note: Run with `RUST_BACKTRACE=1` for a backtrace.
blam! test tests::panic_msg_1 ... ok
kablam! thread 'safe' panicked at 'assertion failed: "foo" == "bar"', src/tests.rs:181
blam! test tests::panic_msg_2 ... ok
blam! test tester::test::shrinking_regression_issue_126 ... ok
kablam! thread 'safe' panicked at 'assertion failed: `(left == right)` (left: `"foo"`, right: `"bar"`)', src/tests.rs:191
blam! test tests::panic_msg_3 ... ok
kablam! thread 'safe' panicked at 'index out of bounds: the len is 0 but the index is 0', /buildslave/rust-buildbot/slave/stable-dist-rustc-linux/build/src/libcollections/vec.rs:1362
blam! test tests::prop_oob ... ok
blam! test tests::regression_issue_107_hang ... ok
blam! test tests::regression_issue_83 ... ok
blam! test tests::regression_issue_83_signed ... ok
blam! test tests::prop_reverse_reverse ... ok
blam! test tests::sieve_not_all_primes ... ok
blam! test tests::max ... ok
blam! test tests::sieve_not_prime ... ok
blam! test tests::testable_result ... ok
blam! test tests::reverse_app ... ok
blam! test tests::testable_result_err ... ok
kablam! thread 'safe' panicked at 'explicit panic', src/tests.rs:147
blam! test tests::testable_unit_panic ... ok
blam! test tests::testable_unit ... ok
blam! test tests::sort ... ok
blam! test tests::reverse_single ... ok
blam! 
blam! test result: ok. 49 passed; 0 failed; 0 ignored; 0 measured
blam! 
kablam!    Doc-tests quickcheck
blam! 
blam! running 1 test
blam! test tester::QuickCheck<G>::quickcheck_0 ... ok
blam! 
blam! test result: ok. 1 passed; 0 failed; 0 ignored; 0 measured
blam! 
boom! running `docker rm -f d5235ab5798aad698e485f1124555d15b16d1f355134f603bbcf537903e2c841`
blam! d5235ab5798aad698e485f1124555d15b16d1f355134f603bbcf537903e2c841
