boom! testing openal-rs-0.1.6 against beta for beta
boom! running: cargo +beta build --frozen
boom! creating container for: cargo +beta build --frozen
boom! running `docker create -v /home/ec2-user/cargobomb/./work/local/test-source/beta/beta:/source:ro -v /home/ec2-user/cargobomb/./work/local/cargo-home:/cargo-home:ro -v /home/ec2-user/cargobomb/./work/local/rustup-home:/rustup-home:ro -v /home/ec2-user/cargobomb/./work/local/target-dirs/beta/beta:/target:rw -e USER_ID=500 -e CMD=cargo +beta build --frozen cargobomb`
blam! 55e59a18180d326bcda34ec35fbf9e69c74d4b29526362559b6326b09cb37643
boom! running `docker start -a 55e59a18180d326bcda34ec35fbf9e69c74d4b29526362559b6326b09cb37643`
kablam!    Compiling openal-rs v0.1.6 (file:///source)
kablam!     Finished dev [unoptimized + debuginfo] target(s) in 0.71 secs
boom! running `docker rm -f 55e59a18180d326bcda34ec35fbf9e69c74d4b29526362559b6326b09cb37643`
blam! 55e59a18180d326bcda34ec35fbf9e69c74d4b29526362559b6326b09cb37643
boom! running: cargo +beta test --frozen --no-run
boom! creating container for: cargo +beta test --frozen --no-run
boom! running `docker create -v /home/ec2-user/cargobomb/./work/local/test-source/beta/beta:/source:ro -v /home/ec2-user/cargobomb/./work/local/cargo-home:/cargo-home:ro -v /home/ec2-user/cargobomb/./work/local/rustup-home:/rustup-home:ro -v /home/ec2-user/cargobomb/./work/local/target-dirs/beta/beta:/target:rw -e USER_ID=500 -e CMD=cargo +beta test --frozen --no-run cargobomb`
blam! 638ce0bc040ab5574f4ff6aac7e6d8453c0eb6441d41a958b663332ae619b746
boom! running `docker start -a 638ce0bc040ab5574f4ff6aac7e6d8453c0eb6441d41a958b663332ae619b746`
kablam!    Compiling openal-rs v0.1.6 (file:///source)
kablam! error: linking with `cc` failed: exit code: 1
kablam!   |
kablam!   = note: "cc" "-Wl,--as-needed" "-Wl,-z,noexecstack" "-m64" "-L" "/rustup-home/toolchains/beta-x86_64-unknown-linux-gnu/lib/rustlib/x86_64-unknown-linux-gnu/lib" "/target/debug/deps/sin-4be7521c11eb97d9.0.o" "-o" "/target/debug/deps/sin-4be7521c11eb97d9" "-Wl,--gc-sections" "-pie" "-nodefaultlibs" "-L" "/target/debug/deps" "-L" "/rustup-home/toolchains/beta-x86_64-unknown-linux-gnu/lib/rustlib/x86_64-unknown-linux-gnu/lib" "-Wl,-Bstatic" "-Wl,-Bdynamic" "/target/debug/deps/libopenal-71f31d8e841a3433.rlib" "/target/debug/deps/liblibc-2a4507ee5e52ea3e.rlib" "/rustup-home/toolchains/beta-x86_64-unknown-linux-gnu/lib/rustlib/x86_64-unknown-linux-gnu/lib/libtest-495f7d16c61e193e.rlib" "/rustup-home/toolchains/beta-x86_64-unknown-linux-gnu/lib/rustlib/x86_64-unknown-linux-gnu/lib/libterm-7fad624c8a987316.rlib" "/rustup-home/toolchains/beta-x86_64-unknown-linux-gnu/lib/rustlib/x86_64-unknown-linux-gnu/lib/libgetopts-e268adbf4cfcbb37.rlib" "/rustup-home/toolchains/beta-x86_64-unknown-linux-gnu/lib/rustlib/x86_64-unknown-linux-gnu/lib/libstd-dfc89321dbee872e.rlib" "/rustup-home/toolchains/beta-x86_64-unknown-linux-gnu/lib/rustlib/x86_64-unknown-linux-gnu/lib/libpanic_unwind-b9a1672c9b07eb79.rlib" "/rustup-home/toolchains/beta-x86_64-unknown-linux-gnu/lib/rustlib/x86_64-unknown-linux-gnu/lib/libunwind-2368fc95b0a72ca5.rlib" "/rustup-home/toolchains/beta-x86_64-unknown-linux-gnu/lib/rustlib/x86_64-unknown-linux-gnu/lib/librand-7b8c40539a92cc94.rlib" "/rustup-home/toolchains/beta-x86_64-unknown-linux-gnu/lib/rustlib/x86_64-unknown-linux-gnu/lib/libcollections-248c1fb3029c3b47.rlib" "/rustup-home/toolchains/beta-x86_64-unknown-linux-gnu/lib/rustlib/x86_64-unknown-linux-gnu/lib/liballoc-716ec913507cca23.rlib" "/rustup-home/toolchains/beta-x86_64-unknown-linux-gnu/lib/rustlib/x86_64-unknown-linux-gnu/lib/liballoc_jemalloc-73671a945a075b27.rlib" "/rustup-home/toolchains/beta-x86_64-unknown-linux-gnu/lib/rustlib/x86_64-unknown-linux-gnu/lib/liblibc-40657eb22c503f7a.rlib" "/rustup-home/toolchains/beta-x86_64-unknown-linux-gnu/lib/rustlib/x86_64-unknown-linux-gnu/lib/libstd_unicode-86ff76aef4ef75d0.rlib" "/rustup-home/toolchains/beta-x86_64-unknown-linux-gnu/lib/rustlib/x86_64-unknown-linux-gnu/lib/libcore-3f5cb0b311b4f9c5.rlib" "/rustup-home/toolchains/beta-x86_64-unknown-linux-gnu/lib/rustlib/x86_64-unknown-linux-gnu/lib/libcompiler_builtins-a27e0b02588f3694.rlib" "-l" "openal" "-l" "util" "-l" "dl" "-l" "rt" "-l" "pthread" "-l" "gcc_s" "-l" "pthread" "-l" "c" "-l" "m" "-l" "rt" "-l" "util"
kablam!   = note: /usr/bin/ld: cannot find -lopenal
kablam!           collect2: error: ld returned 1 exit status
kablam!           
kablam! 
kablam! error: aborting due to previous error
kablam! 
blam! Build failed, waiting for other jobs to finish...
kablam! error: Could not compile `openal-rs`.
kablam! error: linking with `cc` failed: exit code: 1
kablam!   |
kablam!   = note: "cc" "-Wl,--as-needed" "-Wl,-z,noexecstack" "-m64" "-L" "/rustup-home/toolchains/beta-x86_64-unknown-linux-gnu/lib/rustlib/x86_64-unknown-linux-gnu/lib" "/target/debug/deps/openal-713f3d186db01722.0.o" "-o" "/target/debug/deps/openal-713f3d186db01722" "-Wl,--gc-sections" "-pie" "-nodefaultlibs" "-L" "/target/debug/deps" "-L" "/rustup-home/toolchains/beta-x86_64-unknown-linux-gnu/lib/rustlib/x86_64-unknown-linux-gnu/lib" "-Wl,-Bstatic" "-Wl,-Bdynamic" "-l" "openal" "/target/debug/deps/liblibc-2a4507ee5e52ea3e.rlib" "/rustup-home/toolchains/beta-x86_64-unknown-linux-gnu/lib/rustlib/x86_64-unknown-linux-gnu/lib/libtest-495f7d16c61e193e.rlib" "/rustup-home/toolchains/beta-x86_64-unknown-linux-gnu/lib/rustlib/x86_64-unknown-linux-gnu/lib/libterm-7fad624c8a987316.rlib" "/rustup-home/toolchains/beta-x86_64-unknown-linux-gnu/lib/rustlib/x86_64-unknown-linux-gnu/lib/libgetopts-e268adbf4cfcbb37.rlib" "/rustup-home/toolchains/beta-x86_64-unknown-linux-gnu/lib/rustlib/x86_64-unknown-linux-gnu/lib/libstd-dfc89321dbee872e.rlib" "/rustup-home/toolchains/beta-x86_64-unknown-linux-gnu/lib/rustlib/x86_64-unknown-linux-gnu/lib/libpanic_unwind-b9a1672c9b07eb79.rlib" "/rustup-home/toolchains/beta-x86_64-unknown-linux-gnu/lib/rustlib/x86_64-unknown-linux-gnu/lib/libunwind-2368fc95b0a72ca5.rlib" "/rustup-home/toolchains/beta-x86_64-unknown-linux-gnu/lib/rustlib/x86_64-unknown-linux-gnu/lib/librand-7b8c40539a92cc94.rlib" "/rustup-home/toolchains/beta-x86_64-unknown-linux-gnu/lib/rustlib/x86_64-unknown-linux-gnu/lib/libcollections-248c1fb3029c3b47.rlib" "/rustup-home/toolchains/beta-x86_64-unknown-linux-gnu/lib/rustlib/x86_64-unknown-linux-gnu/lib/liballoc-716ec913507cca23.rlib" "/rustup-home/toolchains/beta-x86_64-unknown-linux-gnu/lib/rustlib/x86_64-unknown-linux-gnu/lib/liballoc_jemalloc-73671a945a075b27.rlib" "/rustup-home/toolchains/beta-x86_64-unknown-linux-gnu/lib/rustlib/x86_64-unknown-linux-gnu/lib/liblibc-40657eb22c503f7a.rlib" "/rustup-home/toolchains/beta-x86_64-unknown-linux-gnu/lib/rustlib/x86_64-unknown-linux-gnu/lib/libstd_unicode-86ff76aef4ef75d0.rlib" "/rustup-home/toolchains/beta-x86_64-unknown-linux-gnu/lib/rustlib/x86_64-unknown-linux-gnu/lib/libcore-3f5cb0b311b4f9c5.rlib" "/rustup-home/toolchains/beta-x86_64-unknown-linux-gnu/lib/rustlib/x86_64-unknown-linux-gnu/lib/libcompiler_builtins-a27e0b02588f3694.rlib" "-l" "util" "-l" "dl" "-l" "rt" "-l" "pthread" "-l" "gcc_s" "-l" "pthread" "-l" "c" "-l" "m" "-l" "rt" "-l" "util"
kablam!   = note: /usr/bin/ld: cannot find -lopenal
kablam!           collect2: error: ld returned 1 exit status
kablam!           
kablam! 
kablam! error: aborting due to previous error
kablam! 
kablam! error: build failed
boom! running `docker rm -f 638ce0bc040ab5574f4ff6aac7e6d8453c0eb6441d41a958b663332ae619b746`
blam! 638ce0bc040ab5574f4ff6aac7e6d8453c0eb6441d41a958b663332ae619b746
boom! running: cargo +beta test --frozen
boom! creating container for: cargo +beta test --frozen
boom! running `docker create -v /home/ec2-user/cargobomb/./work/local/test-source/beta/beta:/source:ro -v /home/ec2-user/cargobomb/./work/local/cargo-home:/cargo-home:ro -v /home/ec2-user/cargobomb/./work/local/rustup-home:/rustup-home:ro -v /home/ec2-user/cargobomb/./work/local/target-dirs/beta/beta:/target:rw -e USER_ID=500 -e CMD=cargo +beta test --frozen cargobomb`
blam! b831dcab5cca504036ba2879cc87852ecccade7e704f7e61be94b9b35d956746
boom! running `docker start -a b831dcab5cca504036ba2879cc87852ecccade7e704f7e61be94b9b35d956746`
kablam!    Compiling openal-rs v0.1.6 (file:///source)
kablam! error: linking with `cc` failed: exit code: 1
kablam!   |
kablam!   = note: "cc" "-Wl,--as-needed" "-Wl,-z,noexecstack" "-m64" "-L" "/rustup-home/toolchains/beta-x86_64-unknown-linux-gnu/lib/rustlib/x86_64-unknown-linux-gnu/lib" "/target/debug/deps/sin-4be7521c11eb97d9.0.o" "-o" "/target/debug/deps/sin-4be7521c11eb97d9" "-Wl,--gc-sections" "-pie" "-nodefaultlibs" "-L" "/target/debug/deps" "-L" "/rustup-home/toolchains/beta-x86_64-unknown-linux-gnu/lib/rustlib/x86_64-unknown-linux-gnu/lib" "-Wl,-Bstatic" "-Wl,-Bdynamic" "/target/debug/deps/libopenal-71f31d8e841a3433.rlib" "/target/debug/deps/liblibc-2a4507ee5e52ea3e.rlib" "/rustup-home/toolchains/beta-x86_64-unknown-linux-gnu/lib/rustlib/x86_64-unknown-linux-gnu/lib/libtest-495f7d16c61e193e.rlib" "/rustup-home/toolchains/beta-x86_64-unknown-linux-gnu/lib/rustlib/x86_64-unknown-linux-gnu/lib/libterm-7fad624c8a987316.rlib" "/rustup-home/toolchains/beta-x86_64-unknown-linux-gnu/lib/rustlib/x86_64-unknown-linux-gnu/lib/libgetopts-e268adbf4cfcbb37.rlib" "/rustup-home/toolchains/beta-x86_64-unknown-linux-gnu/lib/rustlib/x86_64-unknown-linux-gnu/lib/libstd-dfc89321dbee872e.rlib" "/rustup-home/toolchains/beta-x86_64-unknown-linux-gnu/lib/rustlib/x86_64-unknown-linux-gnu/lib/libpanic_unwind-b9a1672c9b07eb79.rlib" "/rustup-home/toolchains/beta-x86_64-unknown-linux-gnu/lib/rustlib/x86_64-unknown-linux-gnu/lib/libunwind-2368fc95b0a72ca5.rlib" "/rustup-home/toolchains/beta-x86_64-unknown-linux-gnu/lib/rustlib/x86_64-unknown-linux-gnu/lib/librand-7b8c40539a92cc94.rlib" "/rustup-home/toolchains/beta-x86_64-unknown-linux-gnu/lib/rustlib/x86_64-unknown-linux-gnu/lib/libcollections-248c1fb3029c3b47.rlib" "/rustup-home/toolchains/beta-x86_64-unknown-linux-gnu/lib/rustlib/x86_64-unknown-linux-gnu/lib/liballoc-716ec913507cca23.rlib" "/rustup-home/toolchains/beta-x86_64-unknown-linux-gnu/lib/rustlib/x86_64-unknown-linux-gnu/lib/liballoc_jemalloc-73671a945a075b27.rlib" "/rustup-home/toolchains/beta-x86_64-unknown-linux-gnu/lib/rustlib/x86_64-unknown-linux-gnu/lib/liblibc-40657eb22c503f7a.rlib" "/rustup-home/toolchains/beta-x86_64-unknown-linux-gnu/lib/rustlib/x86_64-unknown-linux-gnu/lib/libstd_unicode-86ff76aef4ef75d0.rlib" "/rustup-home/toolchains/beta-x86_64-unknown-linux-gnu/lib/rustlib/x86_64-unknown-linux-gnu/lib/libcore-3f5cb0b311b4f9c5.rlib" "/rustup-home/toolchains/beta-x86_64-unknown-linux-gnu/lib/rustlib/x86_64-unknown-linux-gnu/lib/libcompiler_builtins-a27e0b02588f3694.rlib" "-l" "openal" "-l" "util" "-l" "dl" "-l" "rt" "-l" "pthread" "-l" "gcc_s" "-l" "pthread" "-l" "c" "-l" "m" "-l" "rt" "-l" "util"
kablam!   = note: /usr/bin/ld: cannot find -lopenal
kablam!           collect2: error: ld returned 1 exit status
kablam!           
kablam! 
kablam! error: aborting due to previous error
kablam! 
kablam! error: Could not compile `openal-rs`.
blam! Build failed, waiting for other jobs to finish...
kablam! error: linking with `cc` failed: exit code: 1
kablam!   |
kablam!   = note: "cc" "-Wl,--as-needed" "-Wl,-z,noexecstack" "-m64" "-L" "/rustup-home/toolchains/beta-x86_64-unknown-linux-gnu/lib/rustlib/x86_64-unknown-linux-gnu/lib" "/target/debug/deps/openal-713f3d186db01722.0.o" "-o" "/target/debug/deps/openal-713f3d186db01722" "-Wl,--gc-sections" "-pie" "-nodefaultlibs" "-L" "/target/debug/deps" "-L" "/rustup-home/toolchains/beta-x86_64-unknown-linux-gnu/lib/rustlib/x86_64-unknown-linux-gnu/lib" "-Wl,-Bstatic" "-Wl,-Bdynamic" "-l" "openal" "/target/debug/deps/liblibc-2a4507ee5e52ea3e.rlib" "/rustup-home/toolchains/beta-x86_64-unknown-linux-gnu/lib/rustlib/x86_64-unknown-linux-gnu/lib/libtest-495f7d16c61e193e.rlib" "/rustup-home/toolchains/beta-x86_64-unknown-linux-gnu/lib/rustlib/x86_64-unknown-linux-gnu/lib/libterm-7fad624c8a987316.rlib" "/rustup-home/toolchains/beta-x86_64-unknown-linux-gnu/lib/rustlib/x86_64-unknown-linux-gnu/lib/libgetopts-e268adbf4cfcbb37.rlib" "/rustup-home/toolchains/beta-x86_64-unknown-linux-gnu/lib/rustlib/x86_64-unknown-linux-gnu/lib/libstd-dfc89321dbee872e.rlib" "/rustup-home/toolchains/beta-x86_64-unknown-linux-gnu/lib/rustlib/x86_64-unknown-linux-gnu/lib/libpanic_unwind-b9a1672c9b07eb79.rlib" "/rustup-home/toolchains/beta-x86_64-unknown-linux-gnu/lib/rustlib/x86_64-unknown-linux-gnu/lib/libunwind-2368fc95b0a72ca5.rlib" "/rustup-home/toolchains/beta-x86_64-unknown-linux-gnu/lib/rustlib/x86_64-unknown-linux-gnu/lib/librand-7b8c40539a92cc94.rlib" "/rustup-home/toolchains/beta-x86_64-unknown-linux-gnu/lib/rustlib/x86_64-unknown-linux-gnu/lib/libcollections-248c1fb3029c3b47.rlib" "/rustup-home/toolchains/beta-x86_64-unknown-linux-gnu/lib/rustlib/x86_64-unknown-linux-gnu/lib/liballoc-716ec913507cca23.rlib" "/rustup-home/toolchains/beta-x86_64-unknown-linux-gnu/lib/rustlib/x86_64-unknown-linux-gnu/lib/liballoc_jemalloc-73671a945a075b27.rlib" "/rustup-home/toolchains/beta-x86_64-unknown-linux-gnu/lib/rustlib/x86_64-unknown-linux-gnu/lib/liblibc-40657eb22c503f7a.rlib" "/rustup-home/toolchains/beta-x86_64-unknown-linux-gnu/lib/rustlib/x86_64-unknown-linux-gnu/lib/libstd_unicode-86ff76aef4ef75d0.rlib" "/rustup-home/toolchains/beta-x86_64-unknown-linux-gnu/lib/rustlib/x86_64-unknown-linux-gnu/lib/libcore-3f5cb0b311b4f9c5.rlib" "/rustup-home/toolchains/beta-x86_64-unknown-linux-gnu/lib/rustlib/x86_64-unknown-linux-gnu/lib/libcompiler_builtins-a27e0b02588f3694.rlib" "-l" "util" "-l" "dl" "-l" "rt" "-l" "pthread" "-l" "gcc_s" "-l" "pthread" "-l" "c" "-l" "m" "-l" "rt" "-l" "util"
kablam!   = note: /usr/bin/ld: cannot find -lopenal
kablam!           collect2: error: ld returned 1 exit status
kablam!           
kablam! 
kablam! error: aborting due to previous error
kablam! 
kablam! error: build failed
boom! running `docker rm -f b831dcab5cca504036ba2879cc87852ecccade7e704f7e61be94b9b35d956746`
blam! b831dcab5cca504036ba2879cc87852ecccade7e704f7e61be94b9b35d956746
