boom! testing rust_cli-0.1.0 against nightly for nightly
boom! running: cargo +nightly build --frozen
boom! creating container for: cargo +nightly build --frozen
boom! running `docker create -v /home/ec2-user/cargobomb/./work/local/test-source/nightly/nightly:/source:ro -v /home/ec2-user/cargobomb/./work/local/cargo-home:/cargo-home:ro -v /home/ec2-user/cargobomb/./work/local/rustup-home:/rustup-home:ro -v /home/ec2-user/cargobomb/./work/local/target-dirs/nightly/nightly:/target:rw -e USER_ID=500 -e CMD=cargo +nightly build --frozen cargobomb`
blam! 6868ea0124c3c9374df6d6817ef8ea6c9fecc2b8c0ceaf1c61eb83412303f331
boom! running `docker start -a 6868ea0124c3c9374df6d6817ef8ea6c9fecc2b8c0ceaf1c61eb83412303f331`
kablam!    Compiling rust_cli v0.1.0 (file:///source)
kablam! error[E0244]: wrong number of type arguments: expected 0, found 1
kablam!   --> src/turbo/core/shell.rs:20:17
kablam!    |
kablam! 20 |     Colored(Box<Terminal<UghWhyIsThisNecessary> + Send>)
kablam!    |                 ^^^^^^^^^^^^^^^^^^^^^^^^^^^^^^^ expected no type arguments
kablam! 
kablam! error[E0191]: the value of the associated type `Output` (from the trait `term::Terminal`) must be specified
kablam!   --> src/turbo/core/shell.rs:20:17
kablam!    |
kablam! 20 |     Colored(Box<Terminal<UghWhyIsThisNecessary> + Send>)
kablam!    |                 ^^^^^^^^^^^^^^^^^^^^^^^^^^^^^^^^^^^^^^ missing associated type `Output` value
kablam! 
kablam! error: aborting due to 2 previous errors
kablam! 
kablam! error: Could not compile `rust_cli`.
kablam! 
kablam! To learn more, run the command again with --verbose.
boom! running `docker rm -f 6868ea0124c3c9374df6d6817ef8ea6c9fecc2b8c0ceaf1c61eb83412303f331`
blam! 6868ea0124c3c9374df6d6817ef8ea6c9fecc2b8c0ceaf1c61eb83412303f331
