boom! testing libvpx-sys-1.4.2 against nightly for nightly
boom! running: cargo +nightly build --frozen
boom! creating container for: cargo +nightly build --frozen
boom! running `docker create -v /home/ec2-user/cargobomb/./work/local/test-source/nightly/nightly:/source:ro -v /home/ec2-user/cargobomb/./work/local/cargo-home:/cargo-home:ro -v /home/ec2-user/cargobomb/./work/local/rustup-home:/rustup-home:ro -v /home/ec2-user/cargobomb/./work/local/target-dirs/nightly/nightly:/target:rw -e USER_ID=500 -e CMD=cargo +nightly build --frozen cargobomb`
blam! 37028d59e972244076674d20e84a646b1decca2be2663446a27df68dc1f66d6b
boom! running `docker start -a 37028d59e972244076674d20e84a646b1decca2be2663446a27df68dc1f66d6b`
kablam!    Compiling pnacl-build-helper v1.4.10
kablam! error[E0432]: unresolved import `std::fs::walk_dir`
kablam!    --> /cargo-home/registry/src/github.com-1ecc6299db9ec823/pnacl-build-helper-1.4.10/src/lib.rs:397:33
kablam!     |
kablam! 397 |         use std::fs::{metadata, walk_dir, read_dir};
kablam!     |                                 ^^^^^^^^ no `walk_dir` in `fs`
kablam! 
kablam! error[E0432]: unresolved import `std::fs::PathExt`
kablam!    --> /cargo-home/registry/src/github.com-1ecc6299db9ec823/pnacl-build-helper-1.4.10/src/lib.rs:576:13
kablam!     |
kablam! 576 |         use std::fs::PathExt;
kablam!     |             ^^^^^^^^^^^^^^^^ no `PathExt` in `fs`
kablam! 
kablam! error: aborting due to 2 previous errors
kablam! 
kablam! error: Could not compile `pnacl-build-helper`.
kablam! 
kablam! To learn more, run the command again with --verbose.
boom! running `docker rm -f 37028d59e972244076674d20e84a646b1decca2be2663446a27df68dc1f66d6b`
blam! 37028d59e972244076674d20e84a646b1decca2be2663446a27df68dc1f66d6b
