boom! testing elastic_types-0.10.3 against stable for nightly
boom! running: cargo +stable build --frozen
boom! creating container for: cargo +stable build --frozen
boom! running `docker create -v /home/ec2-user/cargobomb/./work/local/test-source/nightly/stable:/source:ro -v /home/ec2-user/cargobomb/./work/local/cargo-home:/cargo-home:ro -v /home/ec2-user/cargobomb/./work/local/rustup-home:/rustup-home:ro -v /home/ec2-user/cargobomb/./work/local/target-dirs/nightly/stable:/target:rw -e USER_ID=500 -e CMD=cargo +stable build --frozen cargobomb`
blam! 053165e975f1235928d1041ff633c9029f408828d4e20e537b7d562c1dc52927
boom! running `docker start -a 053165e975f1235928d1041ff633c9029f408828d4e20e537b7d562c1dc52927`
kablam!    Compiling num v0.1.36
kablam!    Compiling chrono v0.2.25
kablam!    Compiling geo v0.3.2
kablam!    Compiling geojson v0.4.3
kablam!    Compiling elastic_date_macros v0.5.2
kablam!    Compiling elastic_types v0.10.3 (file:///source)
kablam!     Finished debug [unoptimized + debuginfo] target(s) in 9.4 secs
boom! running `docker rm -f 053165e975f1235928d1041ff633c9029f408828d4e20e537b7d562c1dc52927`
blam! 053165e975f1235928d1041ff633c9029f408828d4e20e537b7d562c1dc52927
boom! running: cargo +stable test --frozen --no-run
boom! creating container for: cargo +stable test --frozen --no-run
boom! running `docker create -v /home/ec2-user/cargobomb/./work/local/test-source/nightly/stable:/source:ro -v /home/ec2-user/cargobomb/./work/local/cargo-home:/cargo-home:ro -v /home/ec2-user/cargobomb/./work/local/rustup-home:/rustup-home:ro -v /home/ec2-user/cargobomb/./work/local/target-dirs/nightly/stable:/target:rw -e USER_ID=500 -e CMD=cargo +stable test --frozen --no-run cargobomb`
blam! c2417fcd2a559843c29e4c2824186357d8aee7a7903a1e73fc35749ad1269011
boom! running `docker start -a c2417fcd2a559843c29e4c2824186357d8aee7a7903a1e73fc35749ad1269011`
kablam!    Compiling json_str v0.5.0
kablam!    Compiling elastic_types v0.10.3 (file:///source)
kablam! error[E0463]: can't find crate for `serde_derive`
kablam!  --> tests/mod.rs:5:1
kablam!   |
kablam! 5 | extern crate serde_derive;
kablam!   | ^^^^^^^^^^^^^^^^^^^^^^^^^^ can't find crate
kablam! 
kablam! error: aborting due to previous error
kablam! 
blam! Build failed, waiting for other jobs to finish...
kablam! error: Could not compile `elastic_types`.
kablam! 
kablam! To learn more, run the command again with --verbose.
boom! running `docker rm -f c2417fcd2a559843c29e4c2824186357d8aee7a7903a1e73fc35749ad1269011`
blam! c2417fcd2a559843c29e4c2824186357d8aee7a7903a1e73fc35749ad1269011
boom! running: cargo +stable test --frozen
boom! creating container for: cargo +stable test --frozen
boom! running `docker create -v /home/ec2-user/cargobomb/./work/local/test-source/nightly/stable:/source:ro -v /home/ec2-user/cargobomb/./work/local/cargo-home:/cargo-home:ro -v /home/ec2-user/cargobomb/./work/local/rustup-home:/rustup-home:ro -v /home/ec2-user/cargobomb/./work/local/target-dirs/nightly/stable:/target:rw -e USER_ID=500 -e CMD=cargo +stable test --frozen cargobomb`
blam! e186630d0844877f57bf674f1e137f7b1b40e0bb55b2a42e4e0c8373a60c3f06
boom! running `docker start -a e186630d0844877f57bf674f1e137f7b1b40e0bb55b2a42e4e0c8373a60c3f06`
kablam!    Compiling elastic_types v0.10.3 (file:///source)
kablam! error[E0463]: can't find crate for `serde_derive`
kablam!  --> tests/mod.rs:5:1
kablam!   |
kablam! 5 | extern crate serde_derive;
kablam!   | ^^^^^^^^^^^^^^^^^^^^^^^^^^ can't find crate
kablam! 
kablam! error: aborting due to previous error
kablam! 
kablam! error: Could not compile `elastic_types`.
kablam! 
kablam! To learn more, run the command again with --verbose.
boom! running `docker rm -f e186630d0844877f57bf674f1e137f7b1b40e0bb55b2a42e4e0c8373a60c3f06`
blam! e186630d0844877f57bf674f1e137f7b1b40e0bb55b2a42e4e0c8373a60c3f06
