boom! testing redis-0.5.4 against stable for nightly
boom! running: cargo +stable build --frozen
boom! creating container for: cargo +stable build --frozen
boom! running `docker create -v /home/ec2-user/cargobomb/./work/local/test-source/nightly/stable:/source:ro -v /home/ec2-user/cargobomb/./work/local/cargo-home:/cargo-home:ro -v /home/ec2-user/cargobomb/./work/local/rustup-home:/rustup-home:ro -v /home/ec2-user/cargobomb/./work/local/target-dirs/nightly/stable:/target:rw -e USER_ID=500 -e CMD=cargo +stable build --frozen cargobomb`
blam! 51dc9fdb553cf84b4f7d6d6936a75835703c61e485b9b6758f32c5fafc458359
boom! running `docker start -a 51dc9fdb553cf84b4f7d6d6936a75835703c61e485b9b6758f32c5fafc458359`
kablam!    Compiling redis v0.5.4 (file:///source)
kablam! warning: unreachable expression, #[warn(unreachable_code)] on by default
kablam!    --> src/parser.rs:112:21
kablam!     |
kablam! 112 |                     return fail!((ErrorKind::ResponseError, "Could not read enough bytes")),
kablam!     |                     ^^^^^^^^^^^^^^^^^^^^^^^^^^^^^^^^^^^^^^^^^^^^^^^^^^^^^^^^^^^^^^^^^^^^^^^
kablam! 
kablam!     Finished debug [unoptimized + debuginfo] target(s) in 4.84 secs
boom! running `docker rm -f 51dc9fdb553cf84b4f7d6d6936a75835703c61e485b9b6758f32c5fafc458359`
blam! 51dc9fdb553cf84b4f7d6d6936a75835703c61e485b9b6758f32c5fafc458359
boom! running: cargo +stable test --frozen --no-run
boom! creating container for: cargo +stable test --frozen --no-run
boom! running `docker create -v /home/ec2-user/cargobomb/./work/local/test-source/nightly/stable:/source:ro -v /home/ec2-user/cargobomb/./work/local/cargo-home:/cargo-home:ro -v /home/ec2-user/cargobomb/./work/local/rustup-home:/rustup-home:ro -v /home/ec2-user/cargobomb/./work/local/target-dirs/nightly/stable:/target:rw -e USER_ID=500 -e CMD=cargo +stable test --frozen --no-run cargobomb`
blam! 6420148f55bdf16e879bfc53c593267f09b8951a45151d63a81b176c073ee87e
boom! running `docker start -a 6420148f55bdf16e879bfc53c593267f09b8951a45151d63a81b176c073ee87e`
kablam!    Compiling redis v0.5.4 (file:///source)
kablam! warning: unreachable expression, #[warn(unreachable_code)] on by default
kablam!    --> src/parser.rs:112:21
kablam!     |
kablam! 112 |                     return fail!((ErrorKind::ResponseError, "Could not read enough bytes")),
kablam!     |                     ^^^^^^^^^^^^^^^^^^^^^^^^^^^^^^^^^^^^^^^^^^^^^^^^^^^^^^^^^^^^^^^^^^^^^^^
kablam! 
kablam!     Finished debug [unoptimized + debuginfo] target(s) in 6.69 secs
boom! running `docker rm -f 6420148f55bdf16e879bfc53c593267f09b8951a45151d63a81b176c073ee87e`
blam! 6420148f55bdf16e879bfc53c593267f09b8951a45151d63a81b176c073ee87e
boom! running: cargo +stable test --frozen
boom! creating container for: cargo +stable test --frozen
boom! running `docker create -v /home/ec2-user/cargobomb/./work/local/test-source/nightly/stable:/source:ro -v /home/ec2-user/cargobomb/./work/local/cargo-home:/cargo-home:ro -v /home/ec2-user/cargobomb/./work/local/rustup-home:/rustup-home:ro -v /home/ec2-user/cargobomb/./work/local/target-dirs/nightly/stable:/target:rw -e USER_ID=500 -e CMD=cargo +stable test --frozen cargobomb`
blam! 0604f5c67ebee909a5bdd0bdc0244f5cd388a3423c98bd3e71accf82b9b6767e
boom! running `docker start -a 0604f5c67ebee909a5bdd0bdc0244f5cd388a3423c98bd3e71accf82b9b6767e`
kablam!     Finished debug [unoptimized + debuginfo] target(s) in 0.0 secs
kablam!      Running /target/debug/deps/redis-9c0f344c577d5a37
blam! 
blam! running 0 tests
blam! 
blam! test result: ok. 0 passed; 0 failed; 0 ignored; 0 measured
blam! 
kablam!      Running /target/debug/deps/test_basic-6bbf670b1c2b5a50
blam! 
blam! running 26 tests
blam! test test_args ... FAILED
blam! test test_empty_pipeline ... FAILED
blam! test test_auto_m_versions ... FAILED
blam! test test_getset ... FAILED
blam! test test_filtered_scanning ... FAILED
blam! test test_incr ... FAILED
blam! test test_json ... FAILED
blam! test test_hash_ops ... FAILED
blam! test test_info ... FAILED
blam! test test_nice_api ... FAILED
blam! test test_nice_hash_api ... FAILED
blam! test test_nice_list_api ... FAILED
blam! test test_parse_redis_url ... ok
blam! test test_optionals ... FAILED
blam! test test_pipeline ... FAILED
blam! test test_pipeline_transaction ... FAILED
blam! test test_real_transaction_highlevel ... FAILED
blam! test test_pubsub ... FAILED
blam! test test_real_transaction ... FAILED
blam! test test_scanning ... FAILED
blam! test test_script ... FAILED
blam! test test_scan ... FAILED
blam! test test_set_ops ... FAILED
blam! test test_tuple_args ... FAILED
blam! test test_tuple_decoding_regression ... FAILED
blam! test test_invalid_protocol ... ok
blam! 
blam! failures:
blam! 
blam! ---- test_args stdout ----
blam! 	thread 'test_args' panicked at 'called `Result::unwrap()` on an `Err` value: Error { repr: Os { code: 2, message: "No such file or directory" } }', /buildslave/rust-buildbot/slave/stable-dist-rustc-linux/build/src/libcore/result.rs:837
blam! 
blam! ---- test_empty_pipeline stdout ----
blam! 	thread 'test_empty_pipeline' panicked at 'called `Result::unwrap()` on an `Err` value: Error { repr: Os { code: 2, message: "No such file or directory" } }', /buildslave/rust-buildbot/slave/stable-dist-rustc-linux/build/src/libcore/result.rs:837
blam! 
blam! ---- test_auto_m_versions stdout ----
blam! 	thread 'test_auto_m_versions' panicked at 'called `Result::unwrap()` on an `Err` value: Error { repr: Os { code: 2, message: "No such file or directory" } }', /buildslave/rust-buildbot/slave/stable-dist-rustc-linux/build/src/libcore/result.rs:837
blam! note: Run with `RUST_BACKTRACE=1` for a backtrace.
blam! 
blam! ---- test_getset stdout ----
blam! 	thread 'test_getset' panicked at 'called `Result::unwrap()` on an `Err` value: Error { repr: Os { code: 2, message: "No such file or directory" } }', /buildslave/rust-buildbot/slave/stable-dist-rustc-linux/build/src/libcore/result.rs:837
blam! 
blam! ---- test_filtered_scanning stdout ----
blam! 	thread 'test_filtered_scanning' panicked at 'called `Result::unwrap()` on an `Err` value: Error { repr: Os { code: 2, message: "No such file or directory" } }', /buildslave/rust-buildbot/slave/stable-dist-rustc-linux/build/src/libcore/result.rs:837
blam! 
blam! ---- test_incr stdout ----
blam! 	thread 'test_incr' panicked at 'called `Result::unwrap()` on an `Err` value: Error { repr: Os { code: 2, message: "No such file or directory" } }', /buildslave/rust-buildbot/slave/stable-dist-rustc-linux/build/src/libcore/result.rs:837
blam! 
blam! ---- test_json stdout ----
blam! 	thread 'test_json' panicked at 'called `Result::unwrap()` on an `Err` value: Error { repr: Os { code: 2, message: "No such file or directory" } }', /buildslave/rust-buildbot/slave/stable-dist-rustc-linux/build/src/libcore/result.rs:837
blam! 
blam! ---- test_hash_ops stdout ----
blam! 	thread 'test_hash_ops' panicked at 'called `Result::unwrap()` on an `Err` value: Error { repr: Os { code: 2, message: "No such file or directory" } }', /buildslave/rust-buildbot/slave/stable-dist-rustc-linux/build/src/libcore/result.rs:837
blam! 
blam! ---- test_info stdout ----
blam! 	thread 'test_info' panicked at 'called `Result::unwrap()` on an `Err` value: Error { repr: Os { code: 2, message: "No such file or directory" } }', /buildslave/rust-buildbot/slave/stable-dist-rustc-linux/build/src/libcore/result.rs:837
blam! 
blam! ---- test_nice_api stdout ----
blam! 	thread 'test_nice_api' panicked at 'called `Result::unwrap()` on an `Err` value: Error { repr: Os { code: 2, message: "No such file or directory" } }', /buildslave/rust-buildbot/slave/stable-dist-rustc-linux/build/src/libcore/result.rs:837
blam! 
blam! ---- test_nice_hash_api stdout ----
blam! 	thread 'test_nice_hash_api' panicked at 'called `Result::unwrap()` on an `Err` value: Error { repr: Os { code: 2, message: "No such file or directory" } }', /buildslave/rust-buildbot/slave/stable-dist-rustc-linux/build/src/libcore/result.rs:837
blam! 
blam! ---- test_nice_list_api stdout ----
blam! 	thread 'test_nice_list_api' panicked at 'called `Result::unwrap()` on an `Err` value: Error { repr: Os { code: 2, message: "No such file or directory" } }', /buildslave/rust-buildbot/slave/stable-dist-rustc-linux/build/src/libcore/result.rs:837
blam! 
blam! ---- test_optionals stdout ----
blam! 	thread 'test_optionals' panicked at 'called `Result::unwrap()` on an `Err` value: Error { repr: Os { code: 2, message: "No such file or directory" } }', /buildslave/rust-buildbot/slave/stable-dist-rustc-linux/build/src/libcore/result.rs:837
blam! 
blam! ---- test_pipeline stdout ----
blam! 	thread 'test_pipeline' panicked at 'called `Result::unwrap()` on an `Err` value: Error { repr: Os { code: 2, message: "No such file or directory" } }', /buildslave/rust-buildbot/slave/stable-dist-rustc-linux/build/src/libcore/result.rs:837
blam! 
blam! ---- test_pipeline_transaction stdout ----
blam! 	thread 'test_pipeline_transaction' panicked at 'called `Result::unwrap()` on an `Err` value: Error { repr: Os { code: 2, message: "No such file or directory" } }', /buildslave/rust-buildbot/slave/stable-dist-rustc-linux/build/src/libcore/result.rs:837
blam! 
blam! ---- test_real_transaction_highlevel stdout ----
blam! 	thread 'test_real_transaction_highlevel' panicked at 'called `Result::unwrap()` on an `Err` value: Error { repr: Os { code: 2, message: "No such file or directory" } }', /buildslave/rust-buildbot/slave/stable-dist-rustc-linux/build/src/libcore/result.rs:837
blam! 
blam! ---- test_pubsub stdout ----
blam! 	thread 'test_pubsub' panicked at 'called `Result::unwrap()` on an `Err` value: Error { repr: Os { code: 2, message: "No such file or directory" } }', /buildslave/rust-buildbot/slave/stable-dist-rustc-linux/build/src/libcore/result.rs:837
blam! 
blam! ---- test_real_transaction stdout ----
blam! 	thread 'test_real_transaction' panicked at 'called `Result::unwrap()` on an `Err` value: Error { repr: Os { code: 2, message: "No such file or directory" } }', /buildslave/rust-buildbot/slave/stable-dist-rustc-linux/build/src/libcore/result.rs:837
blam! 
blam! ---- test_scanning stdout ----
blam! 	thread 'test_scanning' panicked at 'called `Result::unwrap()` on an `Err` value: Error { repr: Os { code: 2, message: "No such file or directory" } }', /buildslave/rust-buildbot/slave/stable-dist-rustc-linux/build/src/libcore/result.rs:837
blam! 
blam! ---- test_script stdout ----
blam! 	thread 'test_script' panicked at 'called `Result::unwrap()` on an `Err` value: Error { repr: Os { code: 2, message: "No such file or directory" } }', /buildslave/rust-buildbot/slave/stable-dist-rustc-linux/build/src/libcore/result.rs:837
blam! 
blam! ---- test_scan stdout ----
blam! 	thread 'test_scan' panicked at 'called `Result::unwrap()` on an `Err` value: Error { repr: Os { code: 2, message: "No such file or directory" } }', /buildslave/rust-buildbot/slave/stable-dist-rustc-linux/build/src/libcore/result.rs:837
blam! 
blam! ---- test_set_ops stdout ----
blam! 	thread 'test_set_ops' panicked at 'called `Result::unwrap()` on an `Err` value: Error { repr: Os { code: 2, message: "No such file or directory" } }', /buildslave/rust-buildbot/slave/stable-dist-rustc-linux/build/src/libcore/result.rs:837
blam! 
blam! ---- test_tuple_args stdout ----
blam! 	thread 'test_tuple_args' panicked at 'called `Result::unwrap()` on an `Err` value: Error { repr: Os { code: 2, message: "No such file or directory" } }', /buildslave/rust-buildbot/slave/stable-dist-rustc-linux/build/src/libcore/result.rs:837
blam! 
blam! ---- test_tuple_decoding_regression stdout ----
blam! 	thread 'test_tuple_decoding_regression' panicked at 'called `Result::unwrap()` on an `Err` value: Error { repr: Os { code: 2, message: "No such file or directory" } }', /buildslave/rust-buildbot/slave/stable-dist-rustc-linux/build/src/libcore/result.rs:837
blam! 
blam! 
blam! failures:
blam!     test_args
blam!     test_auto_m_versions
blam!     test_empty_pipeline
blam!     test_filtered_scanning
blam!     test_getset
blam!     test_hash_ops
blam!     test_incr
blam!     test_info
blam!     test_json
blam!     test_nice_api
blam!     test_nice_hash_api
blam!     test_nice_list_api
blam!     test_optionals
blam!     test_pipeline
blam!     test_pipeline_transaction
blam!     test_pubsub
blam!     test_real_transaction
blam!     test_real_transaction_highlevel
blam!     test_scan
blam!     test_scanning
blam!     test_script
blam!     test_set_ops
blam!     test_tuple_args
blam!     test_tuple_decoding_regression
blam! 
blam! test result: FAILED. 2 passed; 24 failed; 0 ignored; 0 measured
blam! 
kablam! error: test failed
boom! running `docker rm -f 0604f5c67ebee909a5bdd0bdc0244f5cd388a3423c98bd3e71accf82b9b6767e`
blam! 0604f5c67ebee909a5bdd0bdc0244f5cd388a3423c98bd3e71accf82b9b6767e
