boom! testing ispell-0.3.0 against stable for beta
boom! running: cargo +stable build --frozen
boom! creating container for: cargo +stable build --frozen
boom! running `docker create -v /home/ec2-user/cargobomb/./work/local/test-source/beta/stable:/source:ro -v /home/ec2-user/cargobomb/./work/local/cargo-home:/cargo-home:ro -v /home/ec2-user/cargobomb/./work/local/rustup-home:/rustup-home:ro -v /home/ec2-user/cargobomb/./work/local/target-dirs/beta/stable:/target:rw -e USER_ID=500 -e CMD=cargo +stable build --frozen cargobomb`
blam! 2cae7c38f4607c06ee149ef31dec74070bac19fb86ea5354b79f170337ebbc4e
boom! running `docker start -a 2cae7c38f4607c06ee149ef31dec74070bac19fb86ea5354b79f170337ebbc4e`
kablam!    Compiling ispell v0.3.0 (file:///source)
kablam!     Finished debug [unoptimized + debuginfo] target(s) in 2.9 secs
boom! running `docker rm -f 2cae7c38f4607c06ee149ef31dec74070bac19fb86ea5354b79f170337ebbc4e`
blam! 2cae7c38f4607c06ee149ef31dec74070bac19fb86ea5354b79f170337ebbc4e
boom! running: cargo +stable test --frozen --no-run
boom! creating container for: cargo +stable test --frozen --no-run
boom! running `docker create -v /home/ec2-user/cargobomb/./work/local/test-source/beta/stable:/source:ro -v /home/ec2-user/cargobomb/./work/local/cargo-home:/cargo-home:ro -v /home/ec2-user/cargobomb/./work/local/rustup-home:/rustup-home:ro -v /home/ec2-user/cargobomb/./work/local/target-dirs/beta/stable:/target:rw -e USER_ID=500 -e CMD=cargo +stable test --frozen --no-run cargobomb`
blam! e08f8cf78b66367df33fc1635bc9396679e2c9e6fbd2cb44108e112c270dcc5f
boom! running `docker start -a e08f8cf78b66367df33fc1635bc9396679e2c9e6fbd2cb44108e112c270dcc5f`
kablam!    Compiling ispell v0.3.0 (file:///source)
kablam!     Finished debug [unoptimized + debuginfo] target(s) in 3.38 secs
boom! running `docker rm -f e08f8cf78b66367df33fc1635bc9396679e2c9e6fbd2cb44108e112c270dcc5f`
blam! e08f8cf78b66367df33fc1635bc9396679e2c9e6fbd2cb44108e112c270dcc5f
boom! running: cargo +stable test --frozen
boom! creating container for: cargo +stable test --frozen
boom! running `docker create -v /home/ec2-user/cargobomb/./work/local/test-source/beta/stable:/source:ro -v /home/ec2-user/cargobomb/./work/local/cargo-home:/cargo-home:ro -v /home/ec2-user/cargobomb/./work/local/rustup-home:/rustup-home:ro -v /home/ec2-user/cargobomb/./work/local/target-dirs/beta/stable:/target:rw -e USER_ID=500 -e CMD=cargo +stable test --frozen cargobomb`
blam! 15cd6f77899d184c00c14ae26ea3b04bf3e421b81ceb0c62dacad10b0a20f162
boom! running `docker start -a 15cd6f77899d184c00c14ae26ea3b04bf3e421b81ceb0c62dacad10b0a20f162`
kablam!     Finished debug [unoptimized + debuginfo] target(s) in 0.0 secs
kablam!      Running /target/debug/deps/ispell-1af198c4c82b3213
blam! 
blam! running 0 tests
blam! 
blam! test result: ok. 0 passed; 0 failed; 0 ignored; 0 measured
blam! 
kablam!    Doc-tests ispell
blam! 
blam! running 14 tests
blam! test _2 ... ok
blam! test _1 ... ok
blam! test _3 ... FAILED
blam! test _0 ... FAILED
blam! test _4 ... FAILED
blam! test _5 ... FAILED
blam! test _7 ... ok
blam! test _6 ... ok
blam! test spell_checker::SpellChecker::add_word_0 ... ok
blam! test spell_checker::SpellChecker::add_word_to_dictionary_0 ... ok
blam! test spell_checker::SpellChecker_0 ... FAILED
blam! test spell_launcher::SpellLauncher_1 ... FAILED
blam! test spell_launcher::SpellLauncher::dictionary_0 ... FAILED
blam! test spell_launcher::SpellLauncher_0 ... FAILED
blam! 
blam! failures:
blam! 
blam! ---- _3 stdout ----
blam! 	warning: unused variable: `checker`, #[warn(unused_variables)] on by default
blam!  --> <anon>:4:5
blam!   |
blam! 4 | let checker = SpellLauncher::new()
blam!   |     ^^^^^^^
blam! 
blam! thread '_3' panicked at 'test executable failed:
blam! 
blam! thread 'main' panicked at 'called `Result::unwrap()` on an `Err` value: Error { msg: "could not successfully spawn process \'aspell\': No such file or directory (os error 2)", variant: Process }', /buildslave/rust-buildbot/slave/stable-dist-rustc-linux/build/src/libcore/result.rs:837
blam! note: Run with `RUST_BACKTRACE=1` for a backtrace.
blam! ', /buildslave/rust-buildbot/slave/stable-dist-rustc-linux/build/src/librustdoc/test.rs:301
blam! note: Run with `RUST_BACKTRACE=1` for a backtrace.
blam! 
blam! ---- _0 stdout ----
blam! 	thread '_0' panicked at 'test executable failed:
blam! 
blam! thread 'main' panicked at 'called `Result::unwrap()` on an `Err` value: Error { msg: "could not successfully spawn process \'aspell\': No such file or directory (os error 2)", variant: Process }', /buildslave/rust-buildbot/slave/stable-dist-rustc-linux/build/src/libcore/result.rs:837
blam! note: Run with `RUST_BACKTRACE=1` for a backtrace.
blam! ', /buildslave/rust-buildbot/slave/stable-dist-rustc-linux/build/src/librustdoc/test.rs:301
blam! 
blam! ---- _4 stdout ----
blam! 	thread '_4' panicked at 'test executable failed:
blam! 
blam! thread 'main' panicked at 'called `Result::unwrap()` on an `Err` value: Error { msg: "could not successfully spawn process \'ispell\': No such file or directory (os error 2)", variant: Process }', /buildslave/rust-buildbot/slave/stable-dist-rustc-linux/build/src/libcore/result.rs:837
blam! note: Run with `RUST_BACKTRACE=1` for a backtrace.
blam! ', /buildslave/rust-buildbot/slave/stable-dist-rustc-linux/build/src/librustdoc/test.rs:301
blam! 
blam! ---- _5 stdout ----
blam! 	warning: unused result which must be used, #[warn(unused_must_use)] on by default
blam!  --> <anon>:7:1
blam!   |
blam! 7 | checker.add_word("foobar"); // Add a word only to this session
blam!   | ^^^^^^^^^^^^^^^^^^^^^^^^^^^
blam! 
blam! warning: unused result which must be used, #[warn(unused_must_use)] on by default
blam!  --> <anon>:8:1
blam!   |
blam! 8 | checker.add_word_to_dictionary("rustacean"); // Add a word and saves it
blam!   | ^^^^^^^^^^^^^^^^^^^^^^^^^^^^^^^^^^^^^^^^^^^^
blam! 
blam! thread '_5' panicked at 'test executable failed:
blam! 
blam! thread 'main' panicked at 'called `Result::unwrap()` on an `Err` value: Error { msg: "could not successfully spawn process \'ispell\': No such file or directory (os error 2)", variant: Process }', /buildslave/rust-buildbot/slave/stable-dist-rustc-linux/build/src/libcore/result.rs:837
blam! note: Run with `RUST_BACKTRACE=1` for a backtrace.
blam! ', /buildslave/rust-buildbot/slave/stable-dist-rustc-linux/build/src/librustdoc/test.rs:301
blam! 
blam! ---- spell_checker::SpellChecker_0 stdout ----
blam! 	thread 'spell_checker::SpellChecker_0' panicked at 'test executable failed:
blam! 
blam! thread 'main' panicked at 'called `Result::unwrap()` on an `Err` value: Error { msg: "could not successfully spawn process \'ispell\': No such file or directory (os error 2)", variant: Process }', /buildslave/rust-buildbot/slave/stable-dist-rustc-linux/build/src/libcore/result.rs:837
blam! note: Run with `RUST_BACKTRACE=1` for a backtrace.
blam! ', /buildslave/rust-buildbot/slave/stable-dist-rustc-linux/build/src/librustdoc/test.rs:301
blam! 
blam! ---- spell_launcher::SpellLauncher_1 stdout ----
blam! 	warning: unused variable: `checker`, #[warn(unused_variables)] on by default
blam!  --> <anon>:4:5
blam!   |
blam! 4 | let checker = SpellLauncher::new()
blam!   |     ^^^^^^^
blam! 
blam! thread 'spell_launcher::SpellLauncher_1' panicked at 'test executable failed:
blam! 
blam! thread 'main' panicked at 'called `Result::unwrap()` on an `Err` value: Error { msg: "could not successfully spawn process \'aspell\': No such file or directory (os error 2)", variant: Process }', /buildslave/rust-buildbot/slave/stable-dist-rustc-linux/build/src/libcore/result.rs:837
blam! note: Run with `RUST_BACKTRACE=1` for a backtrace.
blam! ', /buildslave/rust-buildbot/slave/stable-dist-rustc-linux/build/src/librustdoc/test.rs:301
blam! 
blam! ---- spell_launcher::SpellLauncher::dictionary_0 stdout ----
blam! 	warning: unused variable: `checker`, #[warn(unused_variables)] on by default
blam!  --> <anon>:4:5
blam!   |
blam! 4 | let checker = SpellLauncher::new()
blam!   |     ^^^^^^^
blam! 
blam! thread 'spell_launcher::SpellLauncher::dictionary_0' panicked at 'test executable failed:
blam! 
blam! thread 'main' panicked at 'called `Result::unwrap()` on an `Err` value: Error { msg: "could not successfully spawn process \'aspell\': No such file or directory (os error 2)", variant: Process }', /buildslave/rust-buildbot/slave/stable-dist-rustc-linux/build/src/libcore/result.rs:837
blam! note: Run with `RUST_BACKTRACE=1` for a backtrace.
blam! ', /buildslave/rust-buildbot/slave/stable-dist-rustc-linux/build/src/librustdoc/test.rs:301
blam! 
blam! ---- spell_launcher::SpellLauncher_0 stdout ----
blam! 	warning: unused variable: `checker`, #[warn(unused_variables)] on by default
blam!  --> <anon>:4:5
blam!   |
blam! 4 | let checker = SpellLauncher::new()
blam!   |     ^^^^^^^
blam! 
blam! thread 'spell_launcher::SpellLauncher_0' panicked at 'test executable failed:
blam! 
blam! thread 'main' panicked at 'called `Result::unwrap()` on an `Err` value: Error { msg: "could not successfully spawn process \'ispell\': No such file or directory (os error 2)", variant: Process }', /buildslave/rust-buildbot/slave/stable-dist-rustc-linux/build/src/libcore/result.rs:837
blam! note: Run with `RUST_BACKTRACE=1` for a backtrace.
blam! ', /buildslave/rust-buildbot/slave/stable-dist-rustc-linux/build/src/librustdoc/test.rs:301
blam! 
blam! 
blam! failures:
blam!     _0
blam!     _3
blam!     _4
blam!     _5
blam!     spell_checker::SpellChecker_0
blam!     spell_launcher::SpellLauncher::dictionary_0
blam!     spell_launcher::SpellLauncher_0
blam!     spell_launcher::SpellLauncher_1
blam! 
blam! test result: FAILED. 6 passed; 8 failed; 0 ignored; 0 measured
blam! 
kablam! error: test failed
boom! running `docker rm -f 15cd6f77899d184c00c14ae26ea3b04bf3e421b81ceb0c62dacad10b0a20f162`
blam! 15cd6f77899d184c00c14ae26ea3b04bf3e421b81ceb0c62dacad10b0a20f162
