boom! testing cyborg-0.5.1 against beta for beta
boom! running: cargo +beta build --frozen
boom! creating container for: cargo +beta build --frozen
boom! running `docker create -v /home/ec2-user/cargobomb/./work/local/test-source/beta/beta:/source:ro -v /home/ec2-user/cargobomb/./work/local/cargo-home:/cargo-home:ro -v /home/ec2-user/cargobomb/./work/local/rustup-home:/rustup-home:ro -v /home/ec2-user/cargobomb/./work/local/target-dirs/beta/beta:/target:rw -e USER_ID=500 -e CMD=cargo +beta build --frozen cargobomb`
blam! e9106ea275d6021121d63489f8fe161bd76ef9283a8bea7dc60856c49771792a
boom! running `docker start -a e9106ea275d6021121d63489f8fe161bd76ef9283a8bea7dc60856c49771792a`
kablam!    Compiling log v0.2.5
kablam!    Compiling psutil v0.5.0
kablam!    Compiling docopt_macros v0.6.88
kablam! error[E0425]: cannot find function `at_exit` in module `rt`
kablam!    --> /cargo-home/registry/src/github.com-1ecc6299db9ec823/log-0.2.5/src/lib.rs:535:5
kablam!     |
kablam! 535 |     rt::at_exit(|| {
kablam!     |     ^^^^^^^^^^^ not found in `rt`
kablam! 
kablam! error[E0554]: #[feature] may not be used on the beta release channel
kablam!    --> /cargo-home/registry/src/github.com-1ecc6299db9ec823/log-0.2.5/src/lib.rs:145:1
kablam!     |
kablam! 145 | #![feature(core, std_misc)]
kablam!     | ^^^^^^^^^^^^^^^^^^^^^^^^^^^
kablam! 
kablam! error: aborting due to previous error
kablam! 
kablam! error: Could not compile `log`.
blam! Build failed, waiting for other jobs to finish...
kablam! error[E0432]: unresolved import `std::env::page_size`
kablam!  --> /cargo-home/registry/src/github.com-1ecc6299db9ec823/psutil-0.5.0/src/process.rs:3:5
kablam!   |
kablam! 3 | use std::env::page_size;
kablam!   |     ^^^^^^^^^^^^^^^^^^^ no `page_size` in `env`
kablam! 
kablam! error[E0432]: unresolved import `std::str::StrExt`
kablam!   --> /cargo-home/registry/src/github.com-1ecc6299db9ec823/psutil-0.5.0/src/process.rs:10:5
kablam!    |
kablam! 10 | use std::str::StrExt;
kablam!    |     ^^^^^^^^^^^^^^^^ no `StrExt` in `str`
kablam! 
kablam! error[E0432]: unresolved import `std::str::StrExt`
kablam!  --> /cargo-home/registry/src/github.com-1ecc6299db9ec823/psutil-0.5.0/src/system.rs:4:5
kablam!   |
kablam! 4 | use std::str::StrExt;
kablam!   |     ^^^^^^^^^^^^^^^^ no `StrExt` in `str`
kablam! 
kablam! error[E0554]: #[feature] may not be used on the beta release channel
kablam!  --> /cargo-home/registry/src/github.com-1ecc6299db9ec823/psutil-0.5.0/src/lib.rs:3:1
kablam!   |
kablam! 3 | #![feature(collections)]
kablam!   | ^^^^^^^^^^^^^^^^^^^^^^^^
kablam! 
kablam! error[E0554]: #[feature] may not be used on the beta release channel
kablam!  --> /cargo-home/registry/src/github.com-1ecc6299db9ec823/psutil-0.5.0/src/lib.rs:4:1
kablam!   |
kablam! 4 | #![feature(core)]
kablam!   | ^^^^^^^^^^^^^^^^^
kablam! 
kablam! error[E0554]: #[feature] may not be used on the beta release channel
kablam!  --> /cargo-home/registry/src/github.com-1ecc6299db9ec823/psutil-0.5.0/src/lib.rs:5:1
kablam!   |
kablam! 5 | #![feature(io)]
kablam!   | ^^^^^^^^^^^^^^^
kablam! 
kablam! error[E0554]: #[feature] may not be used on the beta release channel
kablam!  --> /cargo-home/registry/src/github.com-1ecc6299db9ec823/psutil-0.5.0/src/lib.rs:6:1
kablam!   |
kablam! 6 | #![feature(fs)]
kablam!   | ^^^^^^^^^^^^^^^
kablam! 
kablam! error[E0554]: #[feature] may not be used on the beta release channel
kablam!  --> /cargo-home/registry/src/github.com-1ecc6299db9ec823/psutil-0.5.0/src/lib.rs:7:1
kablam!   |
kablam! 7 | #![feature(page_size)]
kablam!   | ^^^^^^^^^^^^^^^^^^^^^^
kablam! 
kablam! error[E0554]: #[feature] may not be used on the beta release channel
kablam!  --> /cargo-home/registry/src/github.com-1ecc6299db9ec823/psutil-0.5.0/src/lib.rs:8:1
kablam!   |
kablam! 8 | #![feature(path)]
kablam!   | ^^^^^^^^^^^^^^^^^
kablam! 
kablam! error[E0554]: #[feature] may not be used on the beta release channel
kablam!  --> /cargo-home/registry/src/github.com-1ecc6299db9ec823/psutil-0.5.0/src/lib.rs:9:1
kablam!   |
kablam! 9 | #![feature(os)]
kablam!   | ^^^^^^^^^^^^^^^
kablam! 
kablam! error: aborting due to 7 previous errors
kablam! 
kablam! error: Could not compile `psutil`.
blam! Build failed, waiting for other jobs to finish...
kablam! error[E0554]: #[feature] may not be used on the beta release channel
kablam!  --> /cargo-home/registry/src/github.com-1ecc6299db9ec823/docopt_macros-0.6.88/src/macro.rs:4:1
kablam!   |
kablam! 4 | #![feature(plugin_registrar, quote, rustc_private)]
kablam!   | ^^^^^^^^^^^^^^^^^^^^^^^^^^^^^^^^^^^^^^^^^^^^^^^^^^^
kablam! 
kablam! error: aborting due to previous error
kablam! 
kablam! error: build failed
boom! running `docker rm -f e9106ea275d6021121d63489f8fe161bd76ef9283a8bea7dc60856c49771792a`
blam! e9106ea275d6021121d63489f8fe161bd76ef9283a8bea7dc60856c49771792a
