boom! testing openvr-0.1.1 against stable for nightly
boom! running: cargo +stable build --frozen
boom! creating container for: cargo +stable build --frozen
boom! running `docker create -v /home/ec2-user/cargobomb/./work/local/test-source/nightly/stable:/source:ro -v /home/ec2-user/cargobomb/./work/local/cargo-home:/cargo-home:ro -v /home/ec2-user/cargobomb/./work/local/rustup-home:/rustup-home:ro -v /home/ec2-user/cargobomb/./work/local/target-dirs/nightly/stable:/target:rw -e USER_ID=500 -e CMD=cargo +stable build --frozen cargobomb`
blam! eb8c56c6c2754932c5f75e96ba6f2e657d2b73f6cb0115623cd878c588d80f78
boom! running `docker start -a eb8c56c6c2754932c5f75e96ba6f2e657d2b73f6cb0115623cd878c588d80f78`
kablam!    Compiling phf_codegen v0.7.21
kablam!    Compiling target_build_utils v0.1.2
kablam!    Compiling libloading v0.2.4
kablam!    Compiling openvr v0.1.1 (file:///source)
kablam!     Finished debug [unoptimized + debuginfo] target(s) in 9.1 secs
boom! running `docker rm -f eb8c56c6c2754932c5f75e96ba6f2e657d2b73f6cb0115623cd878c588d80f78`
blam! eb8c56c6c2754932c5f75e96ba6f2e657d2b73f6cb0115623cd878c588d80f78
boom! running: cargo +stable test --frozen --no-run
boom! creating container for: cargo +stable test --frozen --no-run
boom! running `docker create -v /home/ec2-user/cargobomb/./work/local/test-source/nightly/stable:/source:ro -v /home/ec2-user/cargobomb/./work/local/cargo-home:/cargo-home:ro -v /home/ec2-user/cargobomb/./work/local/rustup-home:/rustup-home:ro -v /home/ec2-user/cargobomb/./work/local/target-dirs/nightly/stable:/target:rw -e USER_ID=500 -e CMD=cargo +stable test --frozen --no-run cargobomb`
blam! 3000dee74d53195a3cc917a1d84e9a5f49517dfa8e3a312ebde5ddd06875613c
boom! running `docker start -a 3000dee74d53195a3cc917a1d84e9a5f49517dfa8e3a312ebde5ddd06875613c`
kablam!    Compiling openvr v0.1.1 (file:///source)
kablam! warning: unused import: `super::*;`, #[warn(unused_imports)] on by default
kablam!    --> src/lib.rs:289:9
kablam!     |
kablam! 289 |     use super::*;
kablam!     |         ^^^^^^^^^
kablam! 
kablam! warning: unused import: `std::error::Error`, #[warn(unused_imports)] on by default
kablam!    --> src/lib.rs:290:9
kablam!     |
kablam! 290 |     use std::error::Error;
kablam!     |         ^^^^^^^^^^^^^^^^^
kablam! 
kablam!     Finished debug [unoptimized + debuginfo] target(s) in 1.84 secs
boom! running `docker rm -f 3000dee74d53195a3cc917a1d84e9a5f49517dfa8e3a312ebde5ddd06875613c`
blam! 3000dee74d53195a3cc917a1d84e9a5f49517dfa8e3a312ebde5ddd06875613c
boom! running: cargo +stable test --frozen
boom! creating container for: cargo +stable test --frozen
boom! running `docker create -v /home/ec2-user/cargobomb/./work/local/test-source/nightly/stable:/source:ro -v /home/ec2-user/cargobomb/./work/local/cargo-home:/cargo-home:ro -v /home/ec2-user/cargobomb/./work/local/rustup-home:/rustup-home:ro -v /home/ec2-user/cargobomb/./work/local/target-dirs/nightly/stable:/target:rw -e USER_ID=500 -e CMD=cargo +stable test --frozen cargobomb`
blam! 271010679c49214dbc8892a52a37fc05b0fbb2e4fd8bd97ba2c9896fbc8a906f
boom! running `docker start -a 271010679c49214dbc8892a52a37fc05b0fbb2e4fd8bd97ba2c9896fbc8a906f`
kablam!     Finished debug [unoptimized + debuginfo] target(s) in 0.0 secs
kablam!      Running /target/debug/deps/openvr-41565275ff0e6c65
blam! 
blam! running 3 tests
blam! test tests::vr_init ... ok
blam! test prerequisites::hmd_present ... FAILED
blam! test prerequisites::runtime_installed ... FAILED
blam! 
blam! failures:
kablam! error: test failed
blam! 
blam! ---- prerequisites::hmd_present stdout ----
blam! 	thread 'prerequisites::hmd_present' panicked at 'called `Result::unwrap()` on an `Err` value: Error { repr: Custom(Custom { kind: Other, error: StringError("openvr_api.dll: cannot open shared object file: No such file or directory") }) }', /buildslave/rust-buildbot/slave/stable-dist-rustc-linux/build/src/libcore/result.rs:837
blam! note: Run with `RUST_BACKTRACE=1` for a backtrace.
blam! 
blam! ---- prerequisites::runtime_installed stdout ----
blam! 	thread 'prerequisites::runtime_installed' panicked at 'Once instance has previously been poisoned', /buildslave/rust-buildbot/slave/stable-dist-rustc-linux/build/src/libstd/sync/once.rs:261
blam! 
blam! 
blam! failures:
blam!     prerequisites::hmd_present
blam!     prerequisites::runtime_installed
blam! 
blam! test result: FAILED. 1 passed; 2 failed; 0 ignored; 0 measured
blam! 
boom! running `docker rm -f 271010679c49214dbc8892a52a37fc05b0fbb2e4fd8bd97ba2c9896fbc8a906f`
blam! 271010679c49214dbc8892a52a37fc05b0fbb2e4fd8bd97ba2c9896fbc8a906f
