boom! testing dotenv_macros-0.9.0 against nightly for nightly
boom! running: cargo +nightly build --frozen
boom! creating container for: cargo +nightly build --frozen
boom! running `docker create -v /home/ec2-user/cargobomb/./work/local/test-source/nightly/nightly:/source:ro -v /home/ec2-user/cargobomb/./work/local/cargo-home:/cargo-home:ro -v /home/ec2-user/cargobomb/./work/local/rustup-home:/rustup-home:ro -v /home/ec2-user/cargobomb/./work/local/target-dirs/nightly/nightly:/target:rw -e USER_ID=500 -e CMD=cargo +nightly build --frozen cargobomb`
blam! a167272dfa61636b14e7398632cfd61538734a8cbece2366f46e05fa09d88738
boom! running `docker start -a a167272dfa61636b14e7398632cfd61538734a8cbece2366f46e05fa09d88738`
kablam!    Compiling dotenv_codegen v0.9.3
kablam! error[E0425]: cannot find function `intern_and_get_ident` in module `token`
kablam!   --> /cargo-home/registry/src/github.com-1ecc6299db9ec823/dotenv_codegen-0.9.3/src/dotenv_macro.rs:45:20
kablam!    |
kablam! 45 |             token::intern_and_get_ident(&format!("environment variable `{}` \
kablam!    |                    ^^^^^^^^^^^^^^^^^^^^ not found in `token`
kablam! 
kablam! error[E0425]: cannot find function `intern_and_get_ident` in module `token`
kablam!   --> /cargo-home/registry/src/github.com-1ecc6299db9ec823/dotenv_codegen-0.9.3/src/dotenv_macro.rs:70:41
kablam!    |
kablam! 70 |         Ok(s) => cx.expr_str(sp, token::intern_and_get_ident(&s))
kablam!    |                                         ^^^^^^^^^^^^^^^^^^^^ not found in `token`
kablam! 
kablam! error: cannot index a value of type `syntax::ast::Symbol`
kablam!   --> /cargo-home/registry/src/github.com-1ecc6299db9ec823/dotenv_codegen-0.9.3/src/dotenv_macro.rs:65:29
kablam!    |
kablam! 65 |     let e = match env::var(&var[..]) {
kablam!    |                             ^^^^^^^
kablam! 
kablam! error[E0277]: the trait bound `str: std::marker::Sized` is not satisfied
kablam!   --> /cargo-home/registry/src/github.com-1ecc6299db9ec823/dotenv_codegen-0.9.3/src/dotenv_macro.rs:43:9
kablam!    |
kablam! 43 |     let msg = match exprs.next() {
kablam!    |         ^^^ the trait `std::marker::Sized` is not implemented for `str`
kablam!    |
kablam!    = note: `str` does not have a constant size known at compile-time
kablam!    = note: all local variables must have a statically known size
kablam! 
kablam! error: aborting due to 2 previous errors
kablam! 
kablam! error: Could not compile `dotenv_codegen`.
kablam! 
kablam! To learn more, run the command again with --verbose.
boom! running `docker rm -f a167272dfa61636b14e7398632cfd61538734a8cbece2366f46e05fa09d88738`
blam! a167272dfa61636b14e7398632cfd61538734a8cbece2366f46e05fa09d88738
