boom! testing google-dataflow1_b4-0.1.5+20150401 against stable for nightly
boom! running: cargo +stable build --frozen
boom! creating container for: cargo +stable build --frozen
boom! running `docker create -v /home/ec2-user/cargobomb/./work/local/test-source/nightly/stable:/source:ro -v /home/ec2-user/cargobomb/./work/local/cargo-home:/cargo-home:ro -v /home/ec2-user/cargobomb/./work/local/rustup-home:/rustup-home:ro -v /home/ec2-user/cargobomb/./work/local/target-dirs/nightly/stable:/target:rw -e USER_ID=500 -e CMD=cargo +stable build --frozen cargobomb`
blam! bbb071ba73a7e110d23ed7c70ff3360cd39ca6ced6f591697afcf655ed07b732
boom! running `docker start -a bbb071ba73a7e110d23ed7c70ff3360cd39ca6ced6f591697afcf655ed07b732`
kablam!    Compiling aster v0.27.0
kablam!    Compiling quasi v0.20.1
kablam!    Compiling serde_codegen_internals v0.8.9
kablam!    Compiling ring v0.7.1
blam! Build failed, waiting for other jobs to finish...
kablam! error[E0554]: #[feature] may not be used on the stable release channel
kablam!   --> /cargo-home/registry/src/github.com-1ecc6299db9ec823/quasi-0.20.1/src/lib.rs:11:43
kablam!    |
kablam! 11 | #![cfg_attr(not(feature = "with-syntex"), feature(rustc_private))]
kablam!    |                                           ^^^^^^^^^^^^^^^^^^^^^^
kablam! 
kablam! error: aborting due to previous error
kablam! 
kablam! error[E0554]: #[feature] may not be used on the stable release channel
kablam!  --> /cargo-home/registry/src/github.com-1ecc6299db9ec823/serde_codegen_internals-0.8.9/src/lib.rs:3:43
kablam!   |
kablam! 3 | #![cfg_attr(not(feature = "with-syntex"), feature(rustc_private, plugin))]
kablam!   |                                           ^^^^^^^^^^^^^^^^^^^^^^^^^^^^^^
kablam! 
kablam! error: aborting due to previous error
kablam! 
blam! Build failed, waiting for other jobs to finish...
blam! Build failed, waiting for other jobs to finish...
kablam! error[E0554]: #[feature] may not be used on the stable release channel
kablam!  --> /cargo-home/registry/src/github.com-1ecc6299db9ec823/aster-0.27.0/src/lib.rs:1:43
kablam!   |
kablam! 1 | #![cfg_attr(not(feature = "with-syntex"), feature(rustc_private))]
kablam!   |                                           ^^^^^^^^^^^^^^^^^^^^^^
kablam! 
kablam! error: aborting due to previous error
kablam! 
kablam! error: failed to run custom build command for `ring v0.7.1`
kablam! process didn't exit successfully: `/target/debug/build/ring-bb953c296317403d/build-script-build` (exit code: 101)
kablam! --- stdout
kablam! HOSTNAME: bbb071ba73a7
kablam! SHELL: /bin/bash
kablam! USER: cargobomb
kablam! CMD: cargo +stable build --frozen
kablam! PATH: /cargo-home/bin:/cargo-home/bin:/usr/local/sbin:/usr/local/bin:/usr/sbin:/usr/bin:/sbin:/bin:/usr/games:/usr/local/games
kablam! MAIL: /var/mail/cargobomb
kablam! CARGO_HOME: /cargo-home
kablam! PWD: /source
kablam! USER_ID: 500
kablam! SOURCE_DIR: /source
kablam! SHLVL: 3
kablam! HOME: /home/cargobomb
kablam! RUSTUP_HOME: /rustup-home
kablam! LOGNAME: cargobomb
kablam! CARGO_TARGET_DIR: /target
kablam! _: /cargo-home/bin/cargo
kablam! LD_LIBRARY_PATH: /target/debug/deps:/rustup-home/toolchains/stable-x86_64-unknown-linux-gnu/lib
kablam! RUST_RECURSION_COUNT: 1
kablam! RUSTUP_TOOLCHAIN: stable-x86_64-unknown-linux-gnu
kablam! SSL_CERT_FILE: /usr/lib/ssl/certs/ca-certificates.crt
kablam! SSL_CERT_DIR: /usr/lib/ssl/certs
kablam! CARGO_PKG_VERSION_PRE: 
kablam! CARGO_PKG_AUTHORS: Brian Smith <brian@briansmith.org>
kablam! CARGO_CFG_TARGET_ENDIAN: little
kablam! CARGO_CFG_UNIX: 
kablam! HOST: x86_64-unknown-linux-gnu
kablam! CARGO_FEATURE_USE_HEAP: 1
kablam! DEBUG: true
kablam! CARGO_FEATURE_DEV_URANDOM_FALLBACK: 1
kablam! RUSTDOC: rustdoc
kablam! CARGO_CFG_DEBUG_ASSERTIONS: 
kablam! PROFILE: debug
kablam! NUM_JOBS: 4
kablam! CARGO_PKG_VERSION_MAJOR: 0
kablam! CARGO_PKG_VERSION_PATCH: 1
kablam! TARGET: x86_64-unknown-linux-gnu
kablam! CARGO_CFG_TARGET_FAMILY: unix
kablam! CARGO_PKG_VERSION: 0.7.1
kablam! CARGO_CFG_TARGET_ENV: gnu
kablam! CARGO_PKG_HOMEPAGE: 
kablam! CARGO_CFG_TARGET_OS: linux
kablam! CARGO_MANIFEST_DIR: /cargo-home/registry/src/github.com-1ecc6299db9ec823/ring-0.7.1
kablam! CARGO_CFG_TARGET_ARCH: x86_64
kablam! RUSTC: rustc
kablam! CARGO_PKG_VERSION_MINOR: 7
kablam! CARGO_CFG_TARGET_POINTER_WIDTH: 64
kablam! CARGO_PKG_DESCRIPTION: Safe, fast, small crypto using Rust.
kablam! CARGO_FEATURE_DEFAULT: 1
kablam! OUT_DIR: /target/debug/build/ring-c02c00a68099bc32/out
kablam! CARGO_CFG_PROC_MACRO: 
kablam! OPT_LEVEL: 0
kablam! CARGO_FEATURE_RSA_SIGNING: 1
kablam! CARGO_PKG_NAME: ring
kablam! 
kablam! --- stderr
kablam! thread 'main' panicked at 'failed to execute make: No such file or directory (os error 2)', /cargo-home/registry/src/github.com-1ecc6299db9ec823/ring-0.7.1/build.rs:230
kablam! note: Run with `RUST_BACKTRACE=1` for a backtrace.
kablam! 
boom! running `docker rm -f bbb071ba73a7e110d23ed7c70ff3360cd39ca6ced6f591697afcf655ed07b732`
blam! bbb071ba73a7e110d23ed7c70ff3360cd39ca6ced6f591697afcf655ed07b732
