boom! testing spaceapi-0.1.1 against nightly for nightly
boom! running: cargo +nightly build --frozen
boom! creating container for: cargo +nightly build --frozen
boom! running `docker create -v /home/ec2-user/cargobomb/./work/local/test-source/nightly/nightly:/source:ro -v /home/ec2-user/cargobomb/./work/local/cargo-home:/cargo-home:ro -v /home/ec2-user/cargobomb/./work/local/rustup-home:/rustup-home:ro -v /home/ec2-user/cargobomb/./work/local/target-dirs/nightly/nightly:/target:rw -e USER_ID=500 -e CMD=cargo +nightly build --frozen cargobomb`
blam! da0a5e3abc44660e9e13444cbbdda250225ac0143f5ae7430bc1197e876a0473
boom! running `docker start -a da0a5e3abc44660e9e13444cbbdda250225ac0143f5ae7430bc1197e876a0473`
kablam!    Compiling spaceapi v0.1.1 (file:///source)
kablam!     Finished dev [unoptimized + debuginfo] target(s) in 5.51 secs
boom! running `docker rm -f da0a5e3abc44660e9e13444cbbdda250225ac0143f5ae7430bc1197e876a0473`
blam! da0a5e3abc44660e9e13444cbbdda250225ac0143f5ae7430bc1197e876a0473
boom! running: cargo +nightly test --frozen --no-run
boom! creating container for: cargo +nightly test --frozen --no-run
boom! running `docker create -v /home/ec2-user/cargobomb/./work/local/test-source/nightly/nightly:/source:ro -v /home/ec2-user/cargobomb/./work/local/cargo-home:/cargo-home:ro -v /home/ec2-user/cargobomb/./work/local/rustup-home:/rustup-home:ro -v /home/ec2-user/cargobomb/./work/local/target-dirs/nightly/nightly:/target:rw -e USER_ID=500 -e CMD=cargo +nightly test --frozen --no-run cargobomb`
blam! 78cf241e7f207c2682fbfcdc07306362be528fe60f961b5287a7627245ac4a3b
boom! running `docker start -a 78cf241e7f207c2682fbfcdc07306362be528fe60f961b5287a7627245ac4a3b`
kablam!    Compiling spaceapi v0.1.1 (file:///source)
kablam!     Finished dev [unoptimized + debuginfo] target(s) in 5.84 secs
boom! running `docker rm -f 78cf241e7f207c2682fbfcdc07306362be528fe60f961b5287a7627245ac4a3b`
blam! 78cf241e7f207c2682fbfcdc07306362be528fe60f961b5287a7627245ac4a3b
boom! running: cargo +nightly test --frozen
boom! creating container for: cargo +nightly test --frozen
boom! running `docker create -v /home/ec2-user/cargobomb/./work/local/test-source/nightly/nightly:/source:ro -v /home/ec2-user/cargobomb/./work/local/cargo-home:/cargo-home:ro -v /home/ec2-user/cargobomb/./work/local/rustup-home:/rustup-home:ro -v /home/ec2-user/cargobomb/./work/local/target-dirs/nightly/nightly:/target:rw -e USER_ID=500 -e CMD=cargo +nightly test --frozen cargobomb`
blam! 299132d905b4a9352d48c1d200862969fd99a21e2b52fd234501f8cd6299d75a
boom! running `docker start -a 299132d905b4a9352d48c1d200862969fd99a21e2b52fd234501f8cd6299d75a`
kablam!     Finished dev [unoptimized + debuginfo] target(s) in 0.0 secs
kablam!      Running /target/debug/deps/spaceapi-64d66bf30f4584b1
blam! 
blam! running 0 tests
blam! 
blam! test result: ok. 0 passed; 0 failed; 0 ignored; 0 measured
blam! 
kablam!    Doc-tests spaceapi
blam! 
blam! running 8 tests
blam! error[E0282]: unable to infer enough type information about `T`
blam!  --> <anon>:9:12
blam!   |
blam! 9 | assert_eq!(None, x.into());
blam!   |            ^^^^ cannot infer type for `T`
blam!   |
blam!   = note: type annotations or generic parameter binding required
blam! 
blam! error: aborting due to previous error(s)
blam! 
blam! thread 'rustc' panicked at 'Box<Any>', /buildslave/rust-buildbot/slave/nightly-dist-rustc-linux/build/src/librustc/session/mod.rs:203
blam! note: Run with `RUST_BACKTRACE=1` for a backtrace.
blam! test optional::Optional<T>::into_0 ... FAILED
blam! test optional::Optional<T>::and_then_0 ... ok
blam! test optional::Optional<T>::is_absent_0 ... ok
blam! warning: unused variable: `stringstatus`, #[warn(unused_variables)] on by default
blam!   --> <anon>:30:5
blam!    |
blam! 30 | let stringstatus = jsonstatus.to_string();
blam!    |     ^^^^^^^^^^^^
blam! 
blam! test _0 ... ok
blam! warning: unused import: `Absent`, #[warn(unused_imports)] on by default
blam!  --> <anon>:4:42
blam!   |
blam! 4 | use spaceapi::optional::Optional::{Value,Absent};
blam!   |                                          ^^^^^^
blam! 
blam! warning: unused variable: `num_as_int`, #[warn(unused_variables)] on by default
blam!  --> <anon>:7:5
blam!   |
blam! 7 | let num_as_int: Optional<usize> = num_as_str.map(|n| n.len());
blam!   |     ^^^^^^^^^^
blam! 
blam! test optional::Optional<T>::map_0 ... ok
blam! warning: unused import: `Value`, #[warn(unused_imports)] on by default
blam!  --> <anon>:4:36
blam!   |
blam! 4 | use spaceapi::optional::Optional::{Value,Absent};
blam!   |                                    ^^^^^
blam! 
blam! test optional::Optional<T>::unwrap_1 ... ok
blam! warning: unused import: `spaceapi::optional::Optional`, #[warn(unused_imports)] on by default
blam!  --> <anon>:3:5
blam!   |
blam! 3 | use spaceapi::optional::Optional;
blam!   |     ^^^^^^^^^^^^^^^^^^^^^^^^^^^^
blam! 
blam! warning: unused import: `Absent`, #[warn(unused_imports)] on by default
blam!  --> <anon>:4:42
blam!   |
blam! 4 | use spaceapi::optional::Optional::{Value,Absent};
blam!   |                                          ^^^^^^
blam! 
blam! test optional::Optional<T>::unwrap_0 ... ok
blam! warning: unused import: `spaceapi::optional::Optional`, #[warn(unused_imports)] on by default
blam!  --> <anon>:3:5
blam!   |
blam! 3 | use spaceapi::optional::Optional;
blam!   |     ^^^^^^^^^^^^^^^^^^^^^^^^^^^^
blam! 
blam! test optional::Optional<T>::unwrap_or_else_0 ... ok
blam! 
blam! failures:
blam! 
blam! failures:
blam!     optional::Optional<T>::into_0
blam! 
blam! test result: FAILED. 7 passed; 1 failed; 0 ignored; 0 measured
blam! 
kablam! error: test failed
boom! running `docker rm -f 299132d905b4a9352d48c1d200862969fd99a21e2b52fd234501f8cd6299d75a`
blam! 299132d905b4a9352d48c1d200862969fd99a21e2b52fd234501f8cd6299d75a
