boom! testing stemflow-0.5.3 against stable for beta
boom! running: cargo +stable build --frozen
boom! creating container for: cargo +stable build --frozen
boom! running `docker create -v /home/ec2-user/cargobomb/./work/local/test-source/beta/stable:/source:ro -v /home/ec2-user/cargobomb/./work/local/cargo-home:/cargo-home:ro -v /home/ec2-user/cargobomb/./work/local/rustup-home:/rustup-home:ro -v /home/ec2-user/cargobomb/./work/local/target-dirs/beta/stable:/target:rw -e USER_ID=500 -e CMD=cargo +stable build --frozen cargobomb`
blam! f27c5a8ec6f7262329c0b58983b4d1677ec01e615dc7531c38f3d07b307da729
boom! running `docker start -a f27c5a8ec6f7262329c0b58983b4d1677ec01e615dc7531c38f3d07b307da729`
kablam!    Compiling stemflow v0.5.3 (file:///source)
kablam! error[E0554]: #[feature] may not be used on the stable release channel
kablam!   --> src/lib.rs:17:1
kablam!    |
kablam! 17 | #![feature(btree_range)]
kablam!    | ^^^^^^^^^^^^^^^^^^^^^^^^
kablam! 
kablam! error[E0554]: #[feature] may not be used on the stable release channel
kablam!   --> src/lib.rs:18:1
kablam!    |
kablam! 18 | #![feature(collections)]
kablam!    | ^^^^^^^^^^^^^^^^^^^^^^^^
kablam! 
kablam! error[E0554]: #[feature] may not be used on the stable release channel
kablam!   --> src/lib.rs:19:1
kablam!    |
kablam! 19 | #![feature(collections_bound)]
kablam!    | ^^^^^^^^^^^^^^^^^^^^^^^^^^^^^^
kablam! 
kablam! error: aborting due to 3 previous errors
kablam! 
kablam! error: Could not compile `stemflow`.
kablam! 
kablam! To learn more, run the command again with --verbose.
boom! running `docker rm -f f27c5a8ec6f7262329c0b58983b4d1677ec01e615dc7531c38f3d07b307da729`
blam! f27c5a8ec6f7262329c0b58983b4d1677ec01e615dc7531c38f3d07b307da729
