boom! testing sdl2_ttf-0.25.1 against stable for beta
boom! running: cargo +stable build --frozen
boom! creating container for: cargo +stable build --frozen
boom! running `docker create -v /home/ec2-user/cargobomb/./work/local/test-source/beta/stable:/source:ro -v /home/ec2-user/cargobomb/./work/local/cargo-home:/cargo-home:ro -v /home/ec2-user/cargobomb/./work/local/rustup-home:/rustup-home:ro -v /home/ec2-user/cargobomb/./work/local/target-dirs/beta/stable:/target:rw -e USER_ID=500 -e CMD=cargo +stable build --frozen cargobomb`
blam! 2725dac21fc05b32978f273b7d5565763c6a8b9b5b5cd46dd2ee81d93c49f74a
boom! running `docker start -a 2725dac21fc05b32978f273b7d5565763c6a8b9b5b5cd46dd2ee81d93c49f74a`
kablam!    Compiling sdl2_ttf v0.25.1 (file:///source)
kablam!     Finished debug [unoptimized + debuginfo] target(s) in 0.91 secs
boom! running `docker rm -f 2725dac21fc05b32978f273b7d5565763c6a8b9b5b5cd46dd2ee81d93c49f74a`
blam! 2725dac21fc05b32978f273b7d5565763c6a8b9b5b5cd46dd2ee81d93c49f74a
boom! running: cargo +stable test --frozen --no-run
boom! creating container for: cargo +stable test --frozen --no-run
boom! running `docker create -v /home/ec2-user/cargobomb/./work/local/test-source/beta/stable:/source:ro -v /home/ec2-user/cargobomb/./work/local/cargo-home:/cargo-home:ro -v /home/ec2-user/cargobomb/./work/local/rustup-home:/rustup-home:ro -v /home/ec2-user/cargobomb/./work/local/target-dirs/beta/stable:/target:rw -e USER_ID=500 -e CMD=cargo +stable test --frozen --no-run cargobomb`
blam! d1419a1617ea6f2f90c172836a4139186f7d860534b23c1e7dff69726c381015
boom! running `docker start -a d1419a1617ea6f2f90c172836a4139186f7d860534b23c1e7dff69726c381015`
kablam!    Compiling sdl2_ttf v0.25.1 (file:///source)
kablam! errorerror: linking with `cc` failed: exit code: 1: linking with `cc` failed: exit code: 1
kablam! 
blam! Build failed, waiting for other jobs to finish...
kablam!     ||
kablam! 
kablam!   = note: "cc" "-Wl,--as-needed" "-Wl,-z,noexecstack" "-m64" "-L" "/rustup-home/toolchains/stable-x86_64-unknown-linux-gnu/lib/rustlib/x86_64-unknown-linux-gnu/lib" "/target/debug/deps/sdl2_ttf-a8f1bd2c893b65f2.0.o" "-o" "/target/debug/deps/sdl2_ttf-a8f1bd2c893b65f2" "-Wl,--gc-sections" "-pie" "-nodefaultlibs" "-L" "/target/debug/deps" "-L" "/rustup-home/toolchains/stable-x86_64-unknown-linux-gnu/lib/rustlib/x86_64-unknown-linux-gnu/lib" "-Wl,-Bstatic" "-Wl,-Bdynamic" "-l" "SDL2_ttf" "/target/debug/deps/libsdl2-cf7916706cdceee6.rlib" "/target/debug/deps/liblazy_static-13daae1d9a07c252.rlib" "/target/debug/deps/librand-26cfd8d095643d5f.rlib" "/target/debug/deps/libnum-324e13f9ba3b2c7d.rlib" "/target/debug/deps/libnum_iter-a08cc27ee32e82a2.rlib" "/target/debug/deps/libnum_integer-4c819e48d5fcce89.rlib" "/target/debug/deps/libbitflags-349661f08b936847.rlib" "/rustup-home/toolchains/stable-x86_64-unknown-linux-gnu/lib/rustlib/x86_64-unknown-linux-gnu/lib/libtest-dd7007be8bc832b7.rlib" "/rustup-home/toolchains/stable-x86_64-unknown-linux-gnu/lib/rustlib/x86_64-unknown-linux-gnu/lib/libterm-19e7cee83d8001c7.rlib" "/target/debug/deps/libnum_traits-ba977ae2944b0245.rlib" "/target/debug/deps/libsdl2_sys-08463743c4a36dd0.rlib" "/target/debug/deps/liblibc-83c2bd88b43ecde3.rlib" "/rustup-home/toolchains/stable-x86_64-unknown-linux-gnu/lib/rustlib/x86_64-unknown-linux-gnu/lib/libgetopts-58bde84252e1d985.rlib" "/rustup-home/toolchains/stable-x86_64-unknown-linux-gnu/lib/rustlib/x86_64-unknown-linux-gnu/lib/libstd-2ddb28df747fcb8c.rlib" "/rustup-home/toolchains/stable-x86_64-unknown-linux-gnu/lib/rustlib/x86_64-unknown-linux-gnu/lib/libpanic_unwind-21709492a058d9ce.rlib" "/rustup-home/toolchains/stable-x86_64-unknown-linux-gnu/lib/rustlib/x86_64-unknown-linux-gnu/lib/libunwind-e19aa6725ab01bfd.rlib" "/rustup-home/toolchains/stable-x86_64-unknown-linux-gnu/lib/rustlib/x86_64-unknown-linux-gnu/lib/librand-99ff2e008613b591.rlib" "/rustup-home/toolchains/stable-x86_64-unknown-linux-gnu/lib/rustlib/x86_64-unknown-linux-gnu/lib/libcollections-e2513aecb8fbb70c.rlib" "/rustup-home/toolchains/stable-x86_64-unknown-linux-gnu/lib/rustlib/x86_64-unknown-linux-gnu/lib/liballoc-f3200ab7e7fe644c.rlib" "/rustup-home/toolchains/stable-x86_64-unknown-linux-gnu/lib/rustlib/x86_64-unknown-linux-gnu/lib/liballoc_jemalloc-e83ac2302b5439a3.rlib" "/rustup-home/toolchains/stable-x86_64-unknown-linux-gnu/lib/rustlib/x86_64-unknown-linux-gnu/lib/liblibc-dba58b8da674d203.rlib" "/rustup-home/toolchains/stable-x86_64-unknown-linux-gnu/lib/rustlib/x86_64-unknown-linux-gnu/lib/libstd_unicode-6d4348bcabf40a71.rlib" "/rustup-home/toolchains/stable-x86_64-unknown-linux-gnu/lib/rustlib/x86_64-unknown-linux-gnu/lib/libcore-9f45c45fdcba4301.rlib" "/rustup-home/toolchains/stable-x86_64-unknown-linux-gnu/lib/rustlib/x86_64-unknown-linux-gnu/lib/libcompiler_builtins-b4ef8c9d93bc879a.rlib" "-l" "SDL2" "-l" "util" "-l" "dl" "-l" "rt" "-l" "pthread" "-l" "gcc_s" "-l" "pthread" "-l" "c" "-l" "m" "-l" "rt" "-l" "util"
kablam!   = note: /usr/bin/ld: cannot find -lSDL2_ttf
kablam! /usr/bin/ld: cannot find -lSDL2
kablam! collect2: error: ld returned 1 exit status
kablam! 
kablam! 
kablam!   = note: "cc" "-Wl,--as-needed" "-Wl,-z,noexecstack" "-m64" "-L" "/rustup-home/toolchains/stable-x86_64-unknown-linux-gnu/lib/rustlib/x86_64-unknown-linux-gnu/lib" "/target/debug/examples/demo-35eee8da91dc0b10.0.o" "-o" "/target/debug/examples/demo-35eee8da91dc0b10" "-Wl,--gc-sections" "-pie" "-nodefaultlibs" "-L" "/target/debug/deps" "-L" "/rustup-home/toolchains/stable-x86_64-unknown-linux-gnu/lib/rustlib/x86_64-unknown-linux-gnu/lib" "-Wl,-Bstatic" "-Wl,-Bdynamic" "/target/debug/deps/libsdl2_ttf-b672d01b99c697e7.rlib" "/target/debug/deps/libsdl2-cf7916706cdceee6.rlib" "/target/debug/deps/librand-26cfd8d095643d5f.rlib" "/target/debug/deps/libbitflags-349661f08b936847.rlib" "/target/debug/deps/liblazy_static-13daae1d9a07c252.rlib" "/target/debug/deps/libnum-324e13f9ba3b2c7d.rlib" "/target/debug/deps/libnum_iter-a08cc27ee32e82a2.rlib" "/target/debug/deps/libnum_integer-4c819e48d5fcce89.rlib" "/target/debug/deps/libnum_traits-ba977ae2944b0245.rlib" "/target/debug/deps/libsdl2_sys-08463743c4a36dd0.rlib" "/target/debug/deps/liblibc-83c2bd88b43ecde3.rlib" "/rustup-home/toolchains/stable-x86_64-unknown-linux-gnu/lib/rustlib/x86_64-unknown-linux-gnu/lib/libstd-2ddb28df747fcb8c.rlib" "/rustup-home/toolchains/stable-x86_64-unknown-linux-gnu/lib/rustlib/x86_64-unknown-linux-gnu/lib/libpanic_unwind-21709492a058d9ce.rlib" "/rustup-home/toolchains/stable-x86_64-unknown-linux-gnu/lib/rustlib/x86_64-unknown-linux-gnu/lib/libunwind-e19aa6725ab01bfd.rlib" "/rustup-home/toolchains/stable-x86_64-unknown-linux-gnu/lib/rustlib/x86_64-unknown-linux-gnu/lib/librand-99ff2e008613b591.rlib" "/rustup-home/toolchains/stable-x86_64-unknown-linux-gnu/lib/rustlib/x86_64-unknown-linux-gnu/lib/libcollections-e2513aecb8fbb70c.rlib" "/rustup-home/toolchains/stable-x86_64-unknown-linux-gnu/lib/rustlib/x86_64-unknown-linux-gnu/lib/liballoc-f3200ab7e7fe644c.rlib" "/rustup-home/toolchains/stable-x86_64-unknown-linux-gnu/lib/rustlib/x86_64-unknown-linux-gnu/lib/liballoc_jemalloc-e83ac2302b5439a3.rlib" "/rustup-home/toolchains/stable-x86_64-unknown-linux-gnu/lib/rustlib/x86_64-unknown-linux-gnu/lib/liblibc-dba58b8da674d203.rlib" "/rustup-home/toolchains/stable-x86_64-unknown-linux-gnu/lib/rustlib/x86_64-unknown-linux-gnu/lib/libstd_unicode-6d4348bcabf40a71.rlib" "/rustup-home/toolchains/stable-x86_64-unknown-linux-gnu/lib/rustlib/x86_64-unknown-linux-gnu/lib/libcore-9f45c45fdcba4301.rlib" "/rustup-home/toolchains/stable-x86_64-unknown-linux-gnu/lib/rustlib/x86_64-unknown-linux-gnu/lib/libcompiler_builtins-b4ef8c9d93bc879a.rlib" "-l" "SDL2_ttf" "-l" "SDL2" "-l" "util" "-l" "dl" "-l" "rt" "-l" "pthread" "-l" "gcc_s" "-l" "pthread" "-l" "c" "-l" "m" "-l" "rt" "-l" "util"
kablam! error  : aborting due to previous error= 
kablam! note: /usr/bin/ld: cannot find -lSDL2_ttf
kablam! /usr/bin/ld: cannot find -lSDL2
kablam! collect2: error: ld returned 1 exit status
kablam! 
kablam! 
kablam! 
kablam! error: aborting due to previous error
kablam! 
kablam! error: Could not compile `sdl2_ttf`.
kablam! 
kablam! To learn more, run the command again with --verbose.
boom! running `docker rm -f d1419a1617ea6f2f90c172836a4139186f7d860534b23c1e7dff69726c381015`
blam! d1419a1617ea6f2f90c172836a4139186f7d860534b23c1e7dff69726c381015
boom! running: cargo +stable test --frozen
boom! creating container for: cargo +stable test --frozen
boom! running `docker create -v /home/ec2-user/cargobomb/./work/local/test-source/beta/stable:/source:ro -v /home/ec2-user/cargobomb/./work/local/cargo-home:/cargo-home:ro -v /home/ec2-user/cargobomb/./work/local/rustup-home:/rustup-home:ro -v /home/ec2-user/cargobomb/./work/local/target-dirs/beta/stable:/target:rw -e USER_ID=500 -e CMD=cargo +stable test --frozen cargobomb`
blam! 3d9bee73213fb0581d591f984df45d4895ffbb3ded16e805470906b28656e542
boom! running `docker start -a 3d9bee73213fb0581d591f984df45d4895ffbb3ded16e805470906b28656e542`
kablam!    Compiling sdl2_ttf v0.25.1 (file:///source)
kablam! error: linking with `cc` failed: exit code: 1
kablam!   |
blam! Build failed, waiting for other jobs to finish...
kablam! error: linking with `cc` failed: exit code: 1
kablam!   |
kablam!   = note: "cc" "-Wl,--as-needed" "-Wl,-z,noexecstack" "-m64" "-L" "/rustup-home/toolchains/stable-x86_64-unknown-linux-gnu/lib/rustlib/x86_64-unknown-linux-gnu/lib" "/target/debug/examples/demo-35eee8da91dc0b10.0.o" "-o" "/target/debug/examples/demo-35eee8da91dc0b10" "-Wl,--gc-sections" "-pie" "-nodefaultlibs" "-L" "/target/debug/deps" "-L" "/rustup-home/toolchains/stable-x86_64-unknown-linux-gnu/lib/rustlib/x86_64-unknown-linux-gnu/lib" "-Wl,-Bstatic" "-Wl,-Bdynamic" "/target/debug/deps/libsdl2_ttf-b672d01b99c697e7.rlib" "/target/debug/deps/libsdl2-cf7916706cdceee6.rlib" "/target/debug/deps/librand-26cfd8d095643d5f.rlib" "/target/debug/deps/libbitflags-349661f08b936847.rlib" "/target/debug/deps/liblazy_static-13daae1d9a07c252.rlib" "/target/debug/deps/libnum-324e13f9ba3b2c7d.rlib" "/target/debug/deps/libnum_iter-a08cc27ee32e82a2.rlib" "/target/debug/deps/libnum_integer-4c819e48d5fcce89.rlib" "/target/debug/deps/libnum_traits-ba977ae2944b0245.rlib" "/target/debug/deps/libsdl2_sys-08463743c4a36dd0.rlib" "/target/debug/deps/liblibc-83c2bd88b43ecde3.rlib" "/rustup-home/toolchains/stable-x86_64-unknown-linux-gnu/lib/rustlib/x86_64-unknown-linux-gnu/lib/libstd-2ddb28df747fcb8c.rlib" "/rustup-home/toolchains/stable-x86_64-unknown-linux-gnu/lib/rustlib/x86_64-unknown-linux-gnu/lib/libpanic_unwind-21709492a058d9ce.rlib" "/rustup-home/toolchains/stable-x86_64-unknown-linux-gnu/lib/rustlib/x86_64-unknown-linux-gnu/lib/libunwind-e19aa6725ab01bfd.rlib" "/rustup-home/toolchains/stable-x86_64-unknown-linux-gnu/lib/rustlib/x86_64-unknown-linux-gnu/lib/librand-99ff2e008613b591.rlib" "/rustup-home/toolchains/stable-x86_64-unknown-linux-gnu/lib/rustlib/x86_64-unknown-linux-gnu/lib/libcollections-e2513aecb8fbb70c.rlib" "/rustup-home/toolchains/stable-x86_64-unknown-linux-gnu/lib/rustlib/x86_64-unknown-linux-gnu/lib/liballoc-f3200ab7e7fe644c.rlib" "/rustup-home/toolchains/stable-x86_64-unknown-linux-gnu/lib/rustlib/x86_64-unknown-linux-gnu/lib/liballoc_jemalloc-e83ac2302b5439a3.rlib" "/rustup-home/toolchains/stable-x86_64-unknown-linux-gnu/lib/rustlib/x86_64-unknown-linux-gnu/lib/liblibc-dba58b8da674d203.rlib" "/rustup-home/toolchains/stable-x86_64-unknown-linux-gnu/lib/rustlib/x86_64-unknown-linux-gnu/lib/libstd_unicode-6d4348bcabf40a71.rlib" "/rustup-home/toolchains/stable-x86_64-unknown-linux-gnu/lib/rustlib/x86_64-unknown-linux-gnu/lib/libcore-9f45c45fdcba4301.rlib" "/rustup-home/toolchains/stable-x86_64-unknown-linux-gnu/lib/rustlib/x86_64-unknown-linux-gnu/lib/libcompiler_builtins-b4ef8c9d93bc879a.rlib" "-l" "SDL2_ttf" "-l" "SDL2" "-l" "util" "-l" "dl" "-l" "rt" "-l" "pthread" "-l" "gcc_s" "-l" "pthread" "-l" "c" "-l" "m" "-l" "rt" "-l" "util"
kablam!   = note: /usr/bin/ld: cannot find -lSDL2_ttf
kablam! /usr/bin/ld: cannot find -lSDL2
kablam! collect2: error: ld returned 1 exit status
kablam! 
kablam! 
kablam!   = note: "cc" "-Wl,--as-needed" "-Wl,-z,noexecstack" "-m64" "-L" "/rustup-home/toolchains/stable-x86_64-unknown-linux-gnu/lib/rustlib/x86_64-unknown-linux-gnu/lib" "/target/debug/deps/sdl2_ttf-a8f1bd2c893b65f2.0.o" "-o" "/target/debug/deps/sdl2_ttf-a8f1bd2c893b65f2" "-Wl,--gc-sections" "-pie" "-nodefaultlibs" "-L" "/target/debug/deps" "-L" "/rustup-home/toolchains/stable-x86_64-unknown-linux-gnu/lib/rustlib/x86_64-unknown-linux-gnu/lib" "-Wl,-Bstatic" "-Wl,-Bdynamic" "-l" "SDL2_ttf" "/target/debug/deps/libsdl2-cf7916706cdceee6.rlib" "/target/debug/deps/liblazy_static-13daae1d9a07c252.rlib" "/target/debug/deps/librand-26cfd8d095643d5f.rlib" "/target/debug/deps/libnum-324e13f9ba3b2c7d.rlib" "/target/debug/deps/libnum_iter-a08cc27ee32e82a2.rlib" "/target/debug/deps/libnum_integer-4c819e48d5fcce89.rlib" "/target/debug/deps/libbitflags-349661f08b936847.rlib" "/rustup-home/toolchains/stable-x86_64-unknown-linux-gnu/lib/rustlib/x86_64-unknown-linux-gnu/lib/libtest-dd7007be8bc832b7.rlib" "/rustup-home/toolchains/stable-x86_64-unknown-linux-gnu/lib/rustlib/x86_64-unknown-linux-gnu/lib/libterm-19e7cee83d8001c7.rlib" "/target/debug/deps/libnum_traits-ba977ae2944b0245.rlib" "/target/debug/deps/libsdl2_sys-08463743c4a36dd0.rlib" "/target/debug/deps/liblibc-83c2bd88b43ecde3.rlib" "/rustup-home/toolchains/stable-x86_64-unknown-linux-gnu/lib/rustlib/x86_64-unknown-linux-gnu/lib/libgetopts-58bde84252e1d985.rlib" "/rustup-home/toolchains/stable-x86_64-unknown-linux-gnu/lib/rustlib/x86_64-unknown-linux-gnu/lib/libstd-2ddb28df747fcb8c.rlib" "/rustup-home/toolchains/stable-x86_64-unknown-linux-gnu/lib/rustlib/x86_64-unknown-linux-gnu/lib/libpanic_unwind-21709492a058d9ce.rlib" "/rustup-home/toolchains/stable-x86_64-unknown-linux-gnu/lib/rustlib/x86_64-unknown-linux-gnu/lib/libunwind-e19aa6725ab01bfd.rlib" "/rustup-home/toolchains/stable-x86_64-unknown-linux-gnu/lib/rustlib/x86_64-unknown-linux-gnu/lib/librand-99ff2e008613b591.rlib" "/rustup-home/toolchains/stable-x86_64-unknown-linux-gnu/lib/rustlib/x86_64-unknown-linux-gnu/lib/libcollections-e2513aecb8fbb70c.rlib" "/rustup-home/toolchains/stable-x86_64-unknown-linux-gnu/lib/rustlib/x86_64-unknown-linux-gnu/lib/liballoc-f3200ab7e7fe644c.rlib" "/rustup-home/toolchains/stable-x86_64-unknown-linux-gnu/lib/rustlib/x86_64-unknown-linux-gnu/lib/liballoc_jemalloc-e83ac2302b5439a3.rlib" "/rustup-home/toolchains/stable-x86_64-unknown-linux-gnu/lib/rustlib/x86_64-unknown-linux-gnu/lib/liblibc-dba58b8da674d203.rlib" "/rustup-home/toolchains/stable-x86_64-unknown-linux-gnu/lib/rustlib/x86_64-unknown-linux-gnu/lib/libstd_unicode-6d4348bcabf40a71.rlib" "/rustup-home/toolchains/stable-x86_64-unknown-linux-gnu/lib/rustlib/x86_64-unknown-linux-gnu/lib/libcore-9f45c45fdcba4301.rlib" "/rustup-home/toolchains/stable-x86_64-unknown-linux-gnu/lib/rustlib/x86_64-unknown-linux-gnu/lib/libcompiler_builtins-b4ef8c9d93bc879a.rlib" "-l" "SDL2" "-l" "util" "-l" "dl" "-l" "rt" "-l" "pthread" "-l" "gcc_s" "-l" "pthread" "-l" "c" "-l" "m" "-l" "rt" "-l" "util"
kablam! error: aborting due to previous error
kablam! 
kablam!   = note: /usr/bin/ld: cannot find -lSDL2_ttf
kablam! /usr/bin/ld: cannot find -lSDL2
kablam! collect2: error: ld returned 1 exit status
kablam! 
kablam! 
kablam! error: aborting due to previous error
kablam! 
kablam! error: Could not compile `sdl2_ttf`.
kablam! 
kablam! To learn more, run the command again with --verbose.
boom! running `docker rm -f 3d9bee73213fb0581d591f984df45d4895ffbb3ded16e805470906b28656e542`
blam! 3d9bee73213fb0581d591f984df45d4895ffbb3ded16e805470906b28656e542
