boom! testing old-http-0.1.1-pre against stable for nightly
boom! running: cargo +stable build --frozen
boom! creating container for: cargo +stable build --frozen
boom! running `docker create -v /home/ec2-user/cargobomb/./work/local/test-source/nightly/stable:/source:ro -v /home/ec2-user/cargobomb/./work/local/cargo-home:/cargo-home:ro -v /home/ec2-user/cargobomb/./work/local/rustup-home:/rustup-home:ro -v /home/ec2-user/cargobomb/./work/local/target-dirs/nightly/stable:/target:rw -e USER_ID=500 -e CMD=cargo +stable build --frozen cargobomb`
blam! 01bfd9f96aaa8d73cce16f5bc38f8c2edf8c57d737395401ec81545cfa805850
boom! running `docker start -a 01bfd9f96aaa8d73cce16f5bc38f8c2edf8c57d737395401ec81545cfa805850`
kablam!    Compiling pkg-config v0.1.7
kablam!    Compiling old-http v0.1.1-pre (file:///source)
kablam! error: macros that expand to items must either be surrounded with braces or followed by a semicolon
kablam!   --> codegen/branchify.rs:70:1
kablam!    |
kablam! 70 | )
kablam!    | ^
kablam! 
kablam! error: aborting due to previous error
kablam! 
kablam! error: expected expression, found `]`
kablam!   --> /cargo-home/registry/src/github.com-1ecc6299db9ec823/pkg-config-0.1.7/src/lib.rs:70:60
kablam!    |
kablam! 70 |             if options.statik && !is_system_lib(val, &dirs[]) {
kablam!    |                                                            ^
kablam! 
kablam! error: expected `{`, found `]`
kablam!   --> /cargo-home/registry/src/github.com-1ecc6299db9ec823/pkg-config-0.1.7/src/lib.rs:70:60
kablam!    |
kablam! 70 |             if options.statik && !is_system_lib(val, &dirs[]) {
kablam!    |                                                            ^
kablam! 
blam! Build failed, waiting for other jobs to finish...
kablam! error[E0432]: unresolved import `std::old_io::Command`
kablam!  --> /cargo-home/registry/src/github.com-1ecc6299db9ec823/pkg-config-0.1.7/src/lib.rs:3:5
kablam!   |
kablam! 3 | use std::old_io::Command;
kablam!   |     ^^^^^^^^^^^^^^^^^^^^ Could not find `old_io` in `std`
kablam! 
kablam! error[E0432]: unresolved import `std::old_io::fs::PathExtensions`
kablam!  --> /cargo-home/registry/src/github.com-1ecc6299db9ec823/pkg-config-0.1.7/src/lib.rs:4:5
kablam!   |
kablam! 4 | use std::old_io::fs::PathExtensions;
kablam!   |     ^^^^^^^^^^^^^^^^^^^^^^^^^^^^^^^ Could not find `old_io` in `std`
kablam! 
kablam! error[E0425]: unresolved name `os::getenv`
kablam!  --> /cargo-home/registry/src/github.com-1ecc6299db9ec823/pkg-config-0.1.7/src/lib.rs:9:5
kablam!   |
kablam! 9 |     os::getenv("HOST") == os::getenv("TARGET") ||
kablam!   |     ^^^^^^^^^^ unresolved name
kablam! 
kablam! error[E0425]: unresolved name `os::getenv`
kablam!  --> /cargo-home/registry/src/github.com-1ecc6299db9ec823/pkg-config-0.1.7/src/lib.rs:9:27
kablam!   |
kablam! 9 |     os::getenv("HOST") == os::getenv("TARGET") ||
kablam!   |                           ^^^^^^^^^^ unresolved name
kablam! 
kablam! error[E0425]: unresolved name `os::getenv`
kablam!   --> /cargo-home/registry/src/github.com-1ecc6299db9ec823/pkg-config-0.1.7/src/lib.rs:10:9
kablam!    |
kablam! 10 |         os::getenv("PKG_CONFIG_ALLOW_CROSS") == Some("1".to_string())
kablam!    |         ^^^^^^^^^^ unresolved name
kablam! 
kablam! error[E0425]: unresolved name `os::getenv`
kablam!   --> /cargo-home/registry/src/github.com-1ecc6299db9ec823/pkg-config-0.1.7/src/lib.rs:23:8
kablam!    |
kablam! 23 |     if os::getenv(format!("{}_NO_PKG_CONFIG", envify(name)).as_slice()).is_some() {
kablam!    |        ^^^^^^^^^^ unresolved name
kablam! 
kablam! error[E0433]: failed to resolve. Use of undeclared type or module `Path`
kablam!   --> /cargo-home/registry/src/github.com-1ecc6299db9ec823/pkg-config-0.1.7/src/lib.rs:65:23
kablam!    |
kablam! 65 |             dirs.push(Path::new(val));
kablam!    |                       ^^^^^^^^^ Use of undeclared type or module `Path`
kablam! 
kablam! error[E0425]: unresolved name `os::getenv`
kablam!   --> /cargo-home/registry/src/github.com-1ecc6299db9ec823/pkg-config-0.1.7/src/lib.rs:82:21
kablam!    |
kablam! 82 |     let statik = if os::getenv(format!("{}_STATIC", name).as_slice()).is_some() {
kablam!    |                     ^^^^^^^^^^ unresolved name
kablam! 
kablam! error[E0425]: unresolved name `os::getenv`
kablam!   --> /cargo-home/registry/src/github.com-1ecc6299db9ec823/pkg-config-0.1.7/src/lib.rs:84:15
kablam!    |
kablam! 84 |     } else if os::getenv(format!("{}_DYNAMIC", name).as_slice()).is_some() {
kablam!    |               ^^^^^^^^^^ unresolved name
kablam! 
kablam! error[E0425]: unresolved name `os::getenv`
kablam!   --> /cargo-home/registry/src/github.com-1ecc6299db9ec823/pkg-config-0.1.7/src/lib.rs:86:15
kablam!    |
kablam! 86 |     } else if os::getenv("PKG_CONFIG_ALL_STATIC").is_some() {
kablam!    |               ^^^^^^^^^^ unresolved name
kablam! 
kablam! error[E0425]: unresolved name `os::getenv`
kablam!   --> /cargo-home/registry/src/github.com-1ecc6299db9ec823/pkg-config-0.1.7/src/lib.rs:88:15
kablam!    |
kablam! 88 |     } else if os::getenv("PKG_CONFIG_ALL_DYNAMIC").is_some() {
kablam!    |               ^^^^^^^^^^ unresolved name
kablam! 
kablam! error[E0412]: type name `Path` is undefined or not in scope
kablam!    --> /cargo-home/registry/src/github.com-1ecc6299db9ec823/pkg-config-0.1.7/src/lib.rs:101:38
kablam!     |
kablam! 101 | fn is_system_lib(name: &str, dirs: &[Path]) -> bool {
kablam!     |                                      ^^^^ undefined or not in scope
kablam!     |
kablam!     = help: you can import it into scope: `use std::path::Path;`.
kablam! 
kablam! error[E0433]: failed to resolve. Use of undeclared type or module `Path`
kablam!    --> /cargo-home/registry/src/github.com-1ecc6299db9ec823/pkg-config-0.1.7/src/lib.rs:103:16
kablam!     |
kablam! 103 |     let root = Path::new("/usr");
kablam!     |                ^^^^^^^^^ Use of undeclared type or module `Path`
kablam! 
kablam! error: no method named `as_slice` found for type `std::string::String` in the current scope
kablam!   --> /cargo-home/registry/src/github.com-1ecc6299db9ec823/pkg-config-0.1.7/src/lib.rs:23:61
kablam!    |
kablam! 23 |     if os::getenv(format!("{}_NO_PKG_CONFIG", envify(name)).as_slice()).is_some() {
kablam!    |                                                             ^^^^^^^^
kablam! 
kablam! error: no method named `as_slice` found for type `std::string::String` in the current scope
kablam!   --> /cargo-home/registry/src/github.com-1ecc6299db9ec823/pkg-config-0.1.7/src/lib.rs:82:59
kablam!    |
kablam! 82 |     let statik = if os::getenv(format!("{}_STATIC", name).as_slice()).is_some() {
kablam!    |                                                           ^^^^^^^^
kablam! 
kablam! error: no method named `as_slice` found for type `std::string::String` in the current scope
kablam!   --> /cargo-home/registry/src/github.com-1ecc6299db9ec823/pkg-config-0.1.7/src/lib.rs:84:54
kablam!    |
kablam! 84 |     } else if os::getenv(format!("{}_DYNAMIC", name).as_slice()).is_some() {
kablam!    |                                                      ^^^^^^^^
kablam! 
kablam! error[E0369]: binary operation `==` cannot be applied to type `std::char::ToUppercase`
kablam!   --> /cargo-home/registry/src/github.com-1ecc6299db9ec823/pkg-config-0.1.7/src/lib.rs:97:55
kablam!    |
kablam! 97 |     name.chars().map(|c| c.to_uppercase()).map(|c| if c == '-' {'_'} else {c})
kablam!    |                                                       ^
kablam!    |
kablam! note: an implementation of `std::cmp::PartialEq` might be missing for `std::char::ToUppercase`
kablam!   --> /cargo-home/registry/src/github.com-1ecc6299db9ec823/pkg-config-0.1.7/src/lib.rs:97:55
kablam!    |
kablam! 97 |     name.chars().map(|c| c.to_uppercase()).map(|c| if c == '-' {'_'} else {c})
kablam!    |                                                       ^
kablam! 
kablam! error: aborting due to 4 previous errors
kablam! 
kablam! error: Could not compile `old-http`.
kablam! 
kablam! To learn more, run the command again with --verbose.
boom! running `docker rm -f 01bfd9f96aaa8d73cce16f5bc38f8c2edf8c57d737395401ec81545cfa805850`
blam! 01bfd9f96aaa8d73cce16f5bc38f8c2edf8c57d737395401ec81545cfa805850
