boom! testing bst-0.0.1 against stable for beta
boom! running: cargo +stable build --frozen
boom! creating container for: cargo +stable build --frozen
boom! running `docker create -v /home/ec2-user/cargobomb/./work/local/test-source/beta/stable:/source:ro -v /home/ec2-user/cargobomb/./work/local/cargo-home:/cargo-home:ro -v /home/ec2-user/cargobomb/./work/local/rustup-home:/rustup-home:ro -v /home/ec2-user/cargobomb/./work/local/target-dirs/beta/stable:/target:rw -e USER_ID=500 -e CMD=cargo +stable build --frozen cargobomb`
blam! 141aa1fcd6c14625f0cd45026e27da6e5fa3f42e9dc7fd710febb75a11bb2b7c
boom! running `docker start -a 141aa1fcd6c14625f0cd45026e27da6e5fa3f42e9dc7fd710febb75a11bb2b7c`
kablam! warning: dependency (ordered_iter) specified without providing a local path, Git repository, or version to use. This will be considered an error in future versions
kablam!    Compiling compare v0.1.0
kablam!    Compiling vec_map v0.3.0
kablam!    Compiling ordered_iter v0.1.0
kablam!    Compiling bst v0.0.1 (file:///source)
kablam! error[E0554]: #[feature] may not be used on the stable release channel
kablam!   --> src/lib.rs:34:1
kablam!    |
kablam! 34 | #![feature(box_patterns, box_syntax)]
kablam!    | ^^^^^^^^^^^^^^^^^^^^^^^^^^^^^^^^^^^^^
kablam! 
kablam! error[E0554]: #[feature] may not be used on the stable release channel
kablam!   --> src/lib.rs:35:1
kablam!    |
kablam! 35 | #![feature(core)]
kablam!    | ^^^^^^^^^^^^^^^^^
kablam! 
kablam! error[E0554]: #[feature] may not be used on the stable release channel
kablam!   --> src/lib.rs:36:1
kablam!    |
kablam! 36 | #![feature(unboxed_closures)]
kablam!    | ^^^^^^^^^^^^^^^^^^^^^^^^^^^^^
kablam! 
kablam! error: aborting due to 3 previous errors
kablam! 
kablam! error: Could not compile `bst`.
kablam! 
kablam! To learn more, run the command again with --verbose.
boom! running `docker rm -f 141aa1fcd6c14625f0cd45026e27da6e5fa3f42e9dc7fd710febb75a11bb2b7c`
blam! 141aa1fcd6c14625f0cd45026e27da6e5fa3f42e9dc7fd710febb75a11bb2b7c
