boom! testing tlnat-0.1.2 against stable for nightly
boom! running: cargo +stable build --frozen
boom! creating container for: cargo +stable build --frozen
boom! running `docker create -v /home/ec2-user/cargobomb/./work/local/test-source/nightly/stable:/source:ro -v /home/ec2-user/cargobomb/./work/local/cargo-home:/cargo-home:ro -v /home/ec2-user/cargobomb/./work/local/rustup-home:/rustup-home:ro -v /home/ec2-user/cargobomb/./work/local/target-dirs/nightly/stable:/target:rw -e USER_ID=500 -e CMD=cargo +stable build --frozen cargobomb`
blam! fb569a68a0adc1417ae924f02c93fe4161205c3a7b8f2a0ea0633641d68d6674
boom! running `docker start -a fb569a68a0adc1417ae924f02c93fe4161205c3a7b8f2a0ea0633641d68d6674`
kablam!    Compiling tlnat v0.1.2 (file:///source)
kablam! error[E0554]: #[feature] may not be used on the stable release channel
kablam!   --> src/lib.rs:13:1
kablam!    |
kablam! 13 | #![feature(associated_consts)]
kablam!    | ^^^^^^^^^^^^^^^^^^^^^^^^^^^^^^
kablam! 
kablam! error[E0554]: #[feature] may not be used on the stable release channel
kablam!   --> src/lib.rs:14:1
kablam!    |
kablam! 14 | #![feature(const_fn)]
kablam!    | ^^^^^^^^^^^^^^^^^^^^^
kablam! 
kablam! error: aborting due to 2 previous errors
kablam! 
kablam! error: Could not compile `tlnat`.
kablam! 
kablam! To learn more, run the command again with --verbose.
boom! running `docker rm -f fb569a68a0adc1417ae924f02c93fe4161205c3a7b8f2a0ea0633641d68d6674`
blam! fb569a68a0adc1417ae924f02c93fe4161205c3a7b8f2a0ea0633641d68d6674
