boom! testing passert_macros-0.2.0 against stable for nightly
boom! running: cargo +stable build --frozen
boom! creating container for: cargo +stable build --frozen
boom! running `docker create -v /home/ec2-user/cargobomb/./work/local/test-source/nightly/stable:/source:ro -v /home/ec2-user/cargobomb/./work/local/cargo-home:/cargo-home:ro -v /home/ec2-user/cargobomb/./work/local/rustup-home:/rustup-home:ro -v /home/ec2-user/cargobomb/./work/local/target-dirs/nightly/stable:/target:rw -e USER_ID=500 -e CMD=cargo +stable build --frozen cargobomb`
blam! 1561c8359355c93dcda9fc225c0fcc38222c68d551bf6353cc1a69c85892784a
boom! running `docker start -a 1561c8359355c93dcda9fc225c0fcc38222c68d551bf6353cc1a69c85892784a`
kablam!    Compiling passert_macros v0.2.0 (file:///source)
kablam! error[E0554]: #[feature] may not be used on the stable release channel
kablam!  --> src/lib.rs:2:1
kablam!   |
kablam! 2 | #![feature(plugin_registrar, rustc_private)]
kablam!   | ^^^^^^^^^^^^^^^^^^^^^^^^^^^^^^^^^^^^^^^^^^^^
kablam! 
kablam! error[E0554]: #[feature] may not be used on the stable release channel
kablam!  --> src/lib.rs:4:1
kablam!   |
kablam! 4 | #![feature(slice_patterns)]
kablam!   | ^^^^^^^^^^^^^^^^^^^^^^^^^^^
kablam! 
kablam! error: aborting due to 2 previous errors
kablam! 
kablam! error: Could not compile `passert_macros`.
kablam! 
kablam! To learn more, run the command again with --verbose.
boom! running `docker rm -f 1561c8359355c93dcda9fc225c0fcc38222c68d551bf6353cc1a69c85892784a`
blam! 1561c8359355c93dcda9fc225c0fcc38222c68d551bf6353cc1a69c85892784a
