boom! testing https://github.com/stewart/rff#58461ccd14aa7e97568d56ec860686dca548cb04 against nightly for nightly
boom! running: cargo +nightly build --frozen
boom! creating container for: cargo +nightly build --frozen
boom! running `docker create -v /home/ec2-user/cargobomb/./work/local/test-source/nightly/nightly:/source:ro -v /home/ec2-user/cargobomb/./work/local/cargo-home:/cargo-home:ro -v /home/ec2-user/cargobomb/./work/local/rustup-home:/rustup-home:ro -v /home/ec2-user/cargobomb/./work/local/target-dirs/nightly/nightly:/target:rw -e USER_ID=500 -e CMD=cargo +nightly build --frozen cargobomb`
blam! cd3ced4d28663537f1cb76e1d113d30a21b4f9f753ca2f26083debcde976f923
boom! running `docker start -a cd3ced4d28663537f1cb76e1d113d30a21b4f9f753ca2f26083debcde976f923`
kablam!    Compiling num_cpus v1.2.1
kablam!    Compiling deque v0.3.1
kablam!    Compiling rayon v0.6.0
kablam!    Compiling rff v0.2.0 (file:///source)
kablam!     Finished dev [unoptimized + debuginfo] target(s) in 12.36 secs
boom! running `docker rm -f cd3ced4d28663537f1cb76e1d113d30a21b4f9f753ca2f26083debcde976f923`
blam! cd3ced4d28663537f1cb76e1d113d30a21b4f9f753ca2f26083debcde976f923
boom! running: cargo +nightly test --frozen --no-run
boom! creating container for: cargo +nightly test --frozen --no-run
boom! running `docker create -v /home/ec2-user/cargobomb/./work/local/test-source/nightly/nightly:/source:ro -v /home/ec2-user/cargobomb/./work/local/cargo-home:/cargo-home:ro -v /home/ec2-user/cargobomb/./work/local/rustup-home:/rustup-home:ro -v /home/ec2-user/cargobomb/./work/local/target-dirs/nightly/nightly:/target:rw -e USER_ID=500 -e CMD=cargo +nightly test --frozen --no-run cargobomb`
blam! ba58b2a0abbd1410c33479c952f1a148f953cbc41b0af30df60c8853f857516b
boom! running `docker start -a ba58b2a0abbd1410c33479c952f1a148f953cbc41b0af30df60c8853f857516b`
kablam!    Compiling rff v0.2.0 (file:///source)
kablam! warning: unused import: `fuzzy::consts::*;`
kablam!   --> src/fuzzy/bonus.rs:41:9
kablam!    |
kablam! 41 |     use fuzzy::consts::*;
kablam!    |         ^^^^^^^^^^^^^^^^^
kablam!    |
kablam!    = note: #[warn(unused_imports)] on by default
kablam! 
kablam!     Finished dev [unoptimized + debuginfo] target(s) in 7.55 secs
boom! running `docker rm -f ba58b2a0abbd1410c33479c952f1a148f953cbc41b0af30df60c8853f857516b`
blam! ba58b2a0abbd1410c33479c952f1a148f953cbc41b0af30df60c8853f857516b
boom! running: cargo +nightly test --frozen
boom! creating container for: cargo +nightly test --frozen
boom! running `docker create -v /home/ec2-user/cargobomb/./work/local/test-source/nightly/nightly:/source:ro -v /home/ec2-user/cargobomb/./work/local/cargo-home:/cargo-home:ro -v /home/ec2-user/cargobomb/./work/local/rustup-home:/rustup-home:ro -v /home/ec2-user/cargobomb/./work/local/target-dirs/nightly/nightly:/target:rw -e USER_ID=500 -e CMD=cargo +nightly test --frozen cargobomb`
blam! cc343a033142437b3bfbe5b65ea1ea595098a9181769c74024f38c16827bc029
boom! running `docker start -a cc343a033142437b3bfbe5b65ea1ea595098a9181769c74024f38c16827bc029`
kablam!     Finished dev [unoptimized + debuginfo] target(s) in 0.0 secs
kablam!      Running /target/debug/deps/rff-b42ff1cdbd378412
blam! 
blam! running 14 tests
blam! test fuzzy::bonus::tests::test_compute_bonus ... ok
blam! test fuzzy::mat::tests::get ... ok
blam! test fuzzy::bonus::tests::test_for_char ... ok
blam! test fuzzy::mat::tests::set ... ok
blam! test choice::tests::partial_cmp ... ok
blam! test fuzzy::score::tests::score_utf8 ... ok
blam! test fuzzy::mat::tests::set_oob ... ok
blam! test fuzzy::score::tests::test_eq ... ok
blam! test fuzzy::score::tests::relative_scores ... ok
blam! test fuzzy::tests::test_matches ... ok
blam! test fuzzy::score::tests::positions ... ok
blam! test fuzzy::tests::test_eq ... ok
blam! test tests::it_works ... ok
blam! test fuzzy::score::tests::test_cmp ... ok
blam! 
blam! test result: ok. 14 passed; 0 failed; 0 ignored; 0 measured
blam! 
kablam!      Running /target/debug/deps/rff-dc473e0bc5ed02b5
blam! 
blam! running 40 tests
blam! test interface::ansi::clear::tests::before_cursor ... ok
blam! test interface::ansi::clear::tests::line ... ok
blam! test interface::ansi::clear::tests::after_cursor ... ok
blam! test interface::ansi::clear::tests::screen ... ok
blam! test interface::ansi::color::tests::blue ... ok
blam! test interface::ansi::color::tests::black ... ok
blam! test interface::ansi::color::tests::green ... ok
blam! test interface::ansi::color::tests::light_black ... ok
blam! test interface::ansi::color::tests::cyan ... ok
blam! test interface::ansi::color::tests::light_blue ... ok
blam! test interface::ansi::color::tests::light_magenta ... ok
blam! test interface::ansi::color::tests::light_red ... ok
blam! test interface::ansi::color::tests::light_yellow ... ok
blam! test interface::ansi::color::tests::magenta ... ok
blam! test interface::ansi::color::tests::light_white ... ok
blam! test interface::ansi::color::tests::red ... ok
blam! test interface::ansi::color::tests::light_green ... ok
blam! test interface::ansi::color::tests::test_reset ... ok
blam! test interface::ansi::color::tests::white ... ok
blam! test interface::ansi::color::tests::yellow ... ok
blam! test interface::ansi::color::tests::light_cyan ... ok
blam! test interface::ansi::cursor::tests::down ... ok
blam! test interface::ansi::cursor::tests::column ... ok
blam! test interface::ansi::cursor::tests::down_line ... ok
blam! test interface::ansi::cursor::tests::goto ... ok
blam! test interface::ansi::cursor::tests::left ... ok
blam! test interface::ansi::cursor::tests::up ... ok
blam! test interface::ansi::cursor::tests::right ... ok
blam! test interface::ansi::cursor::tests::up_line ... ok
blam! test interface::ansi::macros::tests::csi ... ok
blam! test interface::ansi::style::tests::bold ... ok
blam! test interface::ansi::style::tests::invert ... ok
blam! test interface::ansi::style::tests::italic ... ok
blam! test interface::ansi::style::tests::no_invert ... ok
blam! test interface::ansi::style::tests::no_italic ... ok
blam! test interface::ansi::style::tests::underline ... ok
blam! test interface::ansi::style::tests::no_bold ... ok
blam! test interface::ansi::style::tests::reset ... ok
blam! test interface::ansi::style::tests::no_underline ... ok
blam! test interface::terminal::tests::terminal ... FAILED
blam! 
blam! failures:
blam! 
blam! ---- interface::terminal::tests::terminal stdout ----
blam! 	thread 'interface::terminal::tests::terminal' panicked at 'Unable to open /dev/tty: Error { repr: Os { code: 6, message: "No such device or address" } }', /checkout/src/libcore/result.rs:859
blam! note: Run with `RUST_BACKTRACE=1` for a backtrace.
blam! 
blam! 
blam! failures:
blam!     interface::terminal::tests::terminal
blam! 
blam! test result: FAILED. 39 passed; 1 failed; 0 ignored; 0 measured
blam! 
kablam! error: test failed
boom! running `docker rm -f cc343a033142437b3bfbe5b65ea1ea595098a9181769c74024f38c16827bc029`
blam! cc343a033142437b3bfbe5b65ea1ea595098a9181769c74024f38c16827bc029
