boom! testing scalar-0.1.5 against stable for nightly
boom! running: cargo +stable build --frozen
boom! creating container for: cargo +stable build --frozen
boom! running `docker create -v /home/ec2-user/cargobomb/./work/local/test-source/nightly/stable:/source:ro -v /home/ec2-user/cargobomb/./work/local/cargo-home:/cargo-home:ro -v /home/ec2-user/cargobomb/./work/local/rustup-home:/rustup-home:ro -v /home/ec2-user/cargobomb/./work/local/target-dirs/nightly/stable:/target:rw -e USER_ID=500 -e CMD=cargo +stable build --frozen cargobomb`
blam! d432c5e1c075f90669cd34f5aa71db25d200da7c893cfe6352f35b2575c1305f
boom! running `docker start -a d432c5e1c075f90669cd34f5aa71db25d200da7c893cfe6352f35b2575c1305f`
kablam!    Compiling scalar v0.1.5 (file:///source)
kablam! error[E0554]: #[feature] may not be used on the stable release channel
kablam!  --> src/lib.rs:1:1
kablam!   |
kablam! 1 | #![feature(op_assign_traits)]
kablam!   | ^^^^^^^^^^^^^^^^^^^^^^^^^^^^^
kablam! 
kablam! error[E0554]: #[feature] may not be used on the stable release channel
kablam!  --> src/lib.rs:2:1
kablam!   |
kablam! 2 | #![feature(zero_one)]
kablam!   | ^^^^^^^^^^^^^^^^^^^^^
kablam! 
kablam! error: aborting due to 2 previous errors
kablam! 
kablam! error: Could not compile `scalar`.
kablam! 
kablam! To learn more, run the command again with --verbose.
boom! running `docker rm -f d432c5e1c075f90669cd34f5aa71db25d200da7c893cfe6352f35b2575c1305f`
blam! d432c5e1c075f90669cd34f5aa71db25d200da7c893cfe6352f35b2575c1305f
