boom! testing treap-0.0.3 against stable for nightly
boom! running: cargo +stable build --frozen
boom! creating container for: cargo +stable build --frozen
boom! running `docker create -v /home/ec2-user/cargobomb/./work/local/test-source/nightly/stable:/source:ro -v /home/ec2-user/cargobomb/./work/local/cargo-home:/cargo-home:ro -v /home/ec2-user/cargobomb/./work/local/rustup-home:/rustup-home:ro -v /home/ec2-user/cargobomb/./work/local/target-dirs/nightly/stable:/target:rw -e USER_ID=500 -e CMD=cargo +stable build --frozen cargobomb`
blam! 288353c3caf0594f6d876356ca2f4f038af6e698212c6c4472a6e3b6a2a9e06a
boom! running `docker start -a 288353c3caf0594f6d876356ca2f4f038af6e698212c6c4472a6e3b6a2a9e06a`
kablam!    Compiling log v0.2.5
kablam! error[E0425]: cannot find function `at_exit` in module `rt`
kablam!    --> /cargo-home/registry/src/github.com-1ecc6299db9ec823/log-0.2.5/src/lib.rs:535:5
kablam!     |
kablam! 535 |     rt::at_exit(|| {
kablam!     |     ^^^^^^^^^^^ not found in `rt`
kablam! 
kablam! error[E0554]: #[feature] may not be used on the stable release channel
kablam!    --> /cargo-home/registry/src/github.com-1ecc6299db9ec823/log-0.2.5/src/lib.rs:145:1
kablam!     |
kablam! 145 | #![feature(core, std_misc)]
kablam!     | ^^^^^^^^^^^^^^^^^^^^^^^^^^^
kablam! 
kablam! error: aborting due to previous error
kablam! 
kablam! error: Could not compile `log`.
kablam! 
kablam! To learn more, run the command again with --verbose.
boom! running `docker rm -f 288353c3caf0594f6d876356ca2f4f038af6e698212c6c4472a6e3b6a2a9e06a`
blam! 288353c3caf0594f6d876356ca2f4f038af6e698212c6c4472a6e3b6a2a9e06a
