boom! testing sphinxad-sys-0.1.2 against stable for nightly
boom! running: cargo +stable build --frozen
boom! creating container for: cargo +stable build --frozen
boom! running `docker create -v /home/ec2-user/cargobomb/./work/local/test-source/nightly/stable:/source:ro -v /home/ec2-user/cargobomb/./work/local/cargo-home:/cargo-home:ro -v /home/ec2-user/cargobomb/./work/local/rustup-home:/rustup-home:ro -v /home/ec2-user/cargobomb/./work/local/target-dirs/nightly/stable:/target:rw -e USER_ID=500 -e CMD=cargo +stable build --frozen cargobomb`
blam! 2a9c3a66db12fb78d42c7b1a5c45ca39997efc35c5a5c421e14cfbe4cde5745b
boom! running `docker start -a 2a9c3a66db12fb78d42c7b1a5c45ca39997efc35c5a5c421e14cfbe4cde5745b`
kablam! warning: only one of `license` or `license-file` is necessary
kablam!    Compiling sphinxad-sys v0.1.2 (file:///source)
kablam!     Finished debug [unoptimized + debuginfo] target(s) in 0.39 secs
boom! running `docker rm -f 2a9c3a66db12fb78d42c7b1a5c45ca39997efc35c5a5c421e14cfbe4cde5745b`
blam! 2a9c3a66db12fb78d42c7b1a5c45ca39997efc35c5a5c421e14cfbe4cde5745b
boom! running: cargo +stable test --frozen --no-run
boom! creating container for: cargo +stable test --frozen --no-run
boom! running `docker create -v /home/ec2-user/cargobomb/./work/local/test-source/nightly/stable:/source:ro -v /home/ec2-user/cargobomb/./work/local/cargo-home:/cargo-home:ro -v /home/ec2-user/cargobomb/./work/local/rustup-home:/rustup-home:ro -v /home/ec2-user/cargobomb/./work/local/target-dirs/nightly/stable:/target:rw -e USER_ID=500 -e CMD=cargo +stable test --frozen --no-run cargobomb`
blam! 4bed7d5ff62b9a777db3ce19dbb19e4c2ebe5ebe4aca18174c7e85c47941f038
boom! running `docker start -a 4bed7d5ff62b9a777db3ce19dbb19e4c2ebe5ebe4aca18174c7e85c47941f038`
kablam! warning: only one of `license` or `license-file` is necessary
kablam!    Compiling sphinxad-sys v0.1.2 (file:///source)
kablam! error: expected item, found `[`
kablam!  --> examples/read microphone and write to wav file.rs:2:1
kablam!   |
kablam! 2 | [dependencies]
kablam!   | ^
kablam! 
kablam! error: aborting due to previous error
kablam! 
blam! Build failed, waiting for other jobs to finish...
kablam! error: linking with `cc` failed: exit code: 1
kablam!   |
kablam!   = note: "cc" "-Wl,--as-needed" "-Wl,-z,noexecstack" "-m64" "-L" "/rustup-home/toolchains/stable-x86_64-unknown-linux-gnu/lib/rustlib/x86_64-unknown-linux-gnu/lib" "/target/debug/deps/sphinxad_sys-00f469cca4aab0bd.0.o" "-o" "/target/debug/deps/sphinxad_sys-00f469cca4aab0bd" "-Wl,--gc-sections" "-pie" "-nodefaultlibs" "-L" "/target/debug/deps" "-L" "/rustup-home/toolchains/stable-x86_64-unknown-linux-gnu/lib/rustlib/x86_64-unknown-linux-gnu/lib" "-Wl,-Bstatic" "-Wl,-Bdynamic" "-l" "sphinxad" "/target/debug/deps/liblibc-29ef97a68464c2b7.rlib" "/rustup-home/toolchains/stable-x86_64-unknown-linux-gnu/lib/rustlib/x86_64-unknown-linux-gnu/lib/libtest-f5a209a9.rlib" "/rustup-home/toolchains/stable-x86_64-unknown-linux-gnu/lib/rustlib/x86_64-unknown-linux-gnu/lib/libterm-f5a209a9.rlib" "/rustup-home/toolchains/stable-x86_64-unknown-linux-gnu/lib/rustlib/x86_64-unknown-linux-gnu/lib/libgetopts-f5a209a9.rlib" "/rustup-home/toolchains/stable-x86_64-unknown-linux-gnu/lib/rustlib/x86_64-unknown-linux-gnu/lib/libstd-f5a209a9.rlib" "/rustup-home/toolchains/stable-x86_64-unknown-linux-gnu/lib/rustlib/x86_64-unknown-linux-gnu/lib/libpanic_unwind-f5a209a9.rlib" "/rustup-home/toolchains/stable-x86_64-unknown-linux-gnu/lib/rustlib/x86_64-unknown-linux-gnu/lib/libunwind-f5a209a9.rlib" "/rustup-home/toolchains/stable-x86_64-unknown-linux-gnu/lib/rustlib/x86_64-unknown-linux-gnu/lib/librand-f5a209a9.rlib" "/rustup-home/toolchains/stable-x86_64-unknown-linux-gnu/lib/rustlib/x86_64-unknown-linux-gnu/lib/libcollections-f5a209a9.rlib" "/rustup-home/toolchains/stable-x86_64-unknown-linux-gnu/lib/rustlib/x86_64-unknown-linux-gnu/lib/librustc_unicode-f5a209a9.rlib" "/rustup-home/toolchains/stable-x86_64-unknown-linux-gnu/lib/rustlib/x86_64-unknown-linux-gnu/lib/liballoc-f5a209a9.rlib" "/rustup-home/toolchains/stable-x86_64-unknown-linux-gnu/lib/rustlib/x86_64-unknown-linux-gnu/lib/liballoc_jemalloc-f5a209a9.rlib" "/rustup-home/toolchains/stable-x86_64-unknown-linux-gnu/lib/rustlib/x86_64-unknown-linux-gnu/lib/liblibc-f5a209a9.rlib" "/rustup-home/toolchains/stable-x86_64-unknown-linux-gnu/lib/rustlib/x86_64-unknown-linux-gnu/lib/libcore-f5a209a9.rlib" "/rustup-home/toolchains/stable-x86_64-unknown-linux-gnu/lib/rustlib/x86_64-unknown-linux-gnu/lib/libcompiler_builtins-f5a209a9.rlib" "-l" "util" "-l" "dl" "-l" "pthread" "-l" "gcc_s" "-l" "pthread" "-l" "c" "-l" "m" "-l" "rt" "-l" "util"
kablam!   = note: /usr/bin/ld: cannot find -lsphinxad
kablam! collect2: error: ld returned 1 exit status
kablam! 
kablam! 
kablam! error: aborting due to previous error
kablam! 
kablam! error: Could not compile `sphinxad-sys`.
kablam! 
kablam! To learn more, run the command again with --verbose.
boom! running `docker rm -f 4bed7d5ff62b9a777db3ce19dbb19e4c2ebe5ebe4aca18174c7e85c47941f038`
blam! 4bed7d5ff62b9a777db3ce19dbb19e4c2ebe5ebe4aca18174c7e85c47941f038
boom! running: cargo +stable test --frozen
boom! creating container for: cargo +stable test --frozen
boom! running `docker create -v /home/ec2-user/cargobomb/./work/local/test-source/nightly/stable:/source:ro -v /home/ec2-user/cargobomb/./work/local/cargo-home:/cargo-home:ro -v /home/ec2-user/cargobomb/./work/local/rustup-home:/rustup-home:ro -v /home/ec2-user/cargobomb/./work/local/target-dirs/nightly/stable:/target:rw -e USER_ID=500 -e CMD=cargo +stable test --frozen cargobomb`
blam! 0e35150a9f130b2a93cfea2b9d57ea4cd94af64fb5e4107b864a0db7cd576f5f
boom! running `docker start -a 0e35150a9f130b2a93cfea2b9d57ea4cd94af64fb5e4107b864a0db7cd576f5f`
kablam! warning: only one of `license` or `license-file` is necessary
kablam!    Compiling sphinxad-sys v0.1.2 (file:///source)
kablam! error: expected item, found `[`
kablam!  --> examples/read microphone and write to wav file.rs:2:1
kablam!   |
kablam! 2 | [dependencies]
kablam!   | ^
kablam! 
kablam! error: aborting due to previous error
kablam! 
blam! Build failed, waiting for other jobs to finish...
kablam! error: linking with `cc` failed: exit code: 1
kablam!   |
kablam!   = note: "cc" "-Wl,--as-needed" "-Wl,-z,noexecstack" "-m64" "-L" "/rustup-home/toolchains/stable-x86_64-unknown-linux-gnu/lib/rustlib/x86_64-unknown-linux-gnu/lib" "/target/debug/deps/sphinxad_sys-00f469cca4aab0bd.0.o" "-o" "/target/debug/deps/sphinxad_sys-00f469cca4aab0bd" "-Wl,--gc-sections" "-pie" "-nodefaultlibs" "-L" "/target/debug/deps" "-L" "/rustup-home/toolchains/stable-x86_64-unknown-linux-gnu/lib/rustlib/x86_64-unknown-linux-gnu/lib" "-Wl,-Bstatic" "-Wl,-Bdynamic" "-l" "sphinxad" "/target/debug/deps/liblibc-29ef97a68464c2b7.rlib" "/rustup-home/toolchains/stable-x86_64-unknown-linux-gnu/lib/rustlib/x86_64-unknown-linux-gnu/lib/libtest-f5a209a9.rlib" "/rustup-home/toolchains/stable-x86_64-unknown-linux-gnu/lib/rustlib/x86_64-unknown-linux-gnu/lib/libterm-f5a209a9.rlib" "/rustup-home/toolchains/stable-x86_64-unknown-linux-gnu/lib/rustlib/x86_64-unknown-linux-gnu/lib/libgetopts-f5a209a9.rlib" "/rustup-home/toolchains/stable-x86_64-unknown-linux-gnu/lib/rustlib/x86_64-unknown-linux-gnu/lib/libstd-f5a209a9.rlib" "/rustup-home/toolchains/stable-x86_64-unknown-linux-gnu/lib/rustlib/x86_64-unknown-linux-gnu/lib/libpanic_unwind-f5a209a9.rlib" "/rustup-home/toolchains/stable-x86_64-unknown-linux-gnu/lib/rustlib/x86_64-unknown-linux-gnu/lib/libunwind-f5a209a9.rlib" "/rustup-home/toolchains/stable-x86_64-unknown-linux-gnu/lib/rustlib/x86_64-unknown-linux-gnu/lib/librand-f5a209a9.rlib" "/rustup-home/toolchains/stable-x86_64-unknown-linux-gnu/lib/rustlib/x86_64-unknown-linux-gnu/lib/libcollections-f5a209a9.rlib" "/rustup-home/toolchains/stable-x86_64-unknown-linux-gnu/lib/rustlib/x86_64-unknown-linux-gnu/lib/librustc_unicode-f5a209a9.rlib" "/rustup-home/toolchains/stable-x86_64-unknown-linux-gnu/lib/rustlib/x86_64-unknown-linux-gnu/lib/liballoc-f5a209a9.rlib" "/rustup-home/toolchains/stable-x86_64-unknown-linux-gnu/lib/rustlib/x86_64-unknown-linux-gnu/lib/liballoc_jemalloc-f5a209a9.rlib" "/rustup-home/toolchains/stable-x86_64-unknown-linux-gnu/lib/rustlib/x86_64-unknown-linux-gnu/lib/liblibc-f5a209a9.rlib" "/rustup-home/toolchains/stable-x86_64-unknown-linux-gnu/lib/rustlib/x86_64-unknown-linux-gnu/lib/libcore-f5a209a9.rlib" "/rustup-home/toolchains/stable-x86_64-unknown-linux-gnu/lib/rustlib/x86_64-unknown-linux-gnu/lib/libcompiler_builtins-f5a209a9.rlib" "-l" "util" "-l" "dl" "-l" "pthread" "-l" "gcc_s" "-l" "pthread" "-l" "c" "-l" "m" "-l" "rt" "-l" "util"
kablam!   = note: /usr/bin/ld: cannot find -lsphinxad
kablam! collect2: error: ld returned 1 exit status
kablam! 
kablam! 
kablam! error: aborting due to previous error
kablam! 
kablam! error: Could not compile `sphinxad-sys`.
kablam! 
kablam! To learn more, run the command again with --verbose.
boom! running `docker rm -f 0e35150a9f130b2a93cfea2b9d57ea4cd94af64fb5e4107b864a0db7cd576f5f`
blam! 0e35150a9f130b2a93cfea2b9d57ea4cd94af64fb5e4107b864a0db7cd576f5f
