boom! testing hexplay-0.1.3 against nightly for nightly
boom! running: cargo +nightly build --frozen
boom! creating container for: cargo +nightly build --frozen
boom! running `docker create -v /home/ec2-user/cargobomb/./work/local/test-source/nightly/nightly:/source:ro -v /home/ec2-user/cargobomb/./work/local/cargo-home:/cargo-home:ro -v /home/ec2-user/cargobomb/./work/local/rustup-home:/rustup-home:ro -v /home/ec2-user/cargobomb/./work/local/target-dirs/nightly/nightly:/target:rw -e USER_ID=500 -e CMD=cargo +nightly build --frozen cargobomb`
blam! 92eb19595d18c9305fab482e3d963675c5efb703168c5c3505fdf3b24f6a9944
boom! running `docker start -a 92eb19595d18c9305fab482e3d963675c5efb703168c5c3505fdf3b24f6a9944`
kablam!    Compiling hexplay v0.1.3 (file:///source)
kablam!     Finished dev [unoptimized + debuginfo] target(s) in 0.47 secs
boom! running `docker rm -f 92eb19595d18c9305fab482e3d963675c5efb703168c5c3505fdf3b24f6a9944`
blam! 92eb19595d18c9305fab482e3d963675c5efb703168c5c3505fdf3b24f6a9944
boom! running: cargo +nightly test --frozen --no-run
boom! creating container for: cargo +nightly test --frozen --no-run
boom! running `docker create -v /home/ec2-user/cargobomb/./work/local/test-source/nightly/nightly:/source:ro -v /home/ec2-user/cargobomb/./work/local/cargo-home:/cargo-home:ro -v /home/ec2-user/cargobomb/./work/local/rustup-home:/rustup-home:ro -v /home/ec2-user/cargobomb/./work/local/target-dirs/nightly/nightly:/target:rw -e USER_ID=500 -e CMD=cargo +nightly test --frozen --no-run cargobomb`
blam! 9c77a94fa9ee8f3bb173f4dceb120226edec6a5e3c72a555b5267deb126ca557
boom! running `docker start -a 9c77a94fa9ee8f3bb173f4dceb120226edec6a5e3c72a555b5267deb126ca557`
kablam!    Compiling hexplay v0.1.3 (file:///source)
kablam!     Finished dev [unoptimized + debuginfo] target(s) in 1.27 secs
boom! running `docker rm -f 9c77a94fa9ee8f3bb173f4dceb120226edec6a5e3c72a555b5267deb126ca557`
blam! 9c77a94fa9ee8f3bb173f4dceb120226edec6a5e3c72a555b5267deb126ca557
boom! running: cargo +nightly test --frozen
boom! creating container for: cargo +nightly test --frozen
boom! running `docker create -v /home/ec2-user/cargobomb/./work/local/test-source/nightly/nightly:/source:ro -v /home/ec2-user/cargobomb/./work/local/cargo-home:/cargo-home:ro -v /home/ec2-user/cargobomb/./work/local/rustup-home:/rustup-home:ro -v /home/ec2-user/cargobomb/./work/local/target-dirs/nightly/nightly:/target:rw -e USER_ID=500 -e CMD=cargo +nightly test --frozen cargobomb`
blam! 58e8662fc233b73174cffdb530c6433060aa3b32c9558c3cbf3c3f069e91ef1a
boom! running `docker start -a 58e8662fc233b73174cffdb530c6433060aa3b32c9558c3cbf3c3f069e91ef1a`
kablam!     Finished dev [unoptimized + debuginfo] target(s) in 0.0 secs
kablam!      Running /target/debug/deps/hexplay-6be72f607fcbca24
blam! 
blam! running 11 tests
blam! test format::tests::a_full_line_is_formatted_as_expected ... ok
blam! test format::tests::all_characters_can_be_printed ... ok
blam! test format::tests::an_unaligned_address_causes_padded_on_the_left ... ok
blam! test format::tests::an_incomplete_line_is_padded_on_the_right ... ok
blam! test format::tests::the_address_offset_increases_by_the_row_width_for_each_row ... ok
blam! test format::tests::an_unaligned_incomplete_line_causes_padding_on_both_sides ... ok
blam! test format::tests::the_address_offset_is_used_when_given ... ok
blam! test format::tests::the_address_offset_is_zero_by_default ... ok
blam! test format::tests::test_begin_padding ... ok
blam! test format::tests::decreasing_the_row_width_increases_the_total_character_count ... FAILED
blam! test format::tests::the_row_width_is_16_by_default ... ok
blam! 
blam! failures:
blam! 
blam! ---- format::tests::decreasing_the_row_width_increases_the_total_character_count stdout ----
blam! 	thread 'format::tests::decreasing_the_row_width_increases_the_total_character_count' panicked at 'a formatting trait implementation returned an error: Error', /checkout/src/libcore/result.rs:860
blam! note: Run with `RUST_BACKTRACE=1` for a backtrace.
blam! 
blam! 
blam! failures:
blam!     format::tests::decreasing_the_row_width_increases_the_total_character_count
blam! 
blam! test result: FAILED. 10 passed; 1 failed; 0 ignored; 0 measured
blam! 
kablam! error: test failed
boom! running `docker rm -f 58e8662fc233b73174cffdb530c6433060aa3b32c9558c3cbf3c3f069e91ef1a`
blam! 58e8662fc233b73174cffdb530c6433060aa3b32c9558c3cbf3c3f069e91ef1a
