boom! testing funzzy-0.3.1 against stable for nightly
boom! running: cargo +stable build --frozen
boom! creating container for: cargo +stable build --frozen
boom! running `docker create -v /home/ec2-user/cargobomb/./work/local/test-source/nightly/stable:/source:ro -v /home/ec2-user/cargobomb/./work/local/cargo-home:/cargo-home:ro -v /home/ec2-user/cargobomb/./work/local/rustup-home:/rustup-home:ro -v /home/ec2-user/cargobomb/./work/local/target-dirs/nightly/stable:/target:rw -e USER_ID=500 -e CMD=cargo +stable build --frozen cargobomb`
blam! 2214acbc5fcfbf2df8341db2ed45e445ebf1fc4d21c944419475202cba1f2557
boom! running `docker start -a 2214acbc5fcfbf2df8341db2ed45e445ebf1fc4d21c944419475202cba1f2557`
kablam!    Compiling funzzy v0.3.1 (file:///source)
kablam! warning: value assigned to `running` is never read, #[warn(unused_assignments)] on by default
kablam!   --> src/cli/watch.rs:51:45
kablam!    |
kablam! 51 |             if running { continue; } else { running = true }
kablam!    |                                             ^^^^^^^
kablam! 
kablam! warning: unused import: `YamlLoader`, #[warn(unused_imports)] on by default
kablam!  --> src/yaml.rs:4:29
kablam!   |
kablam! 4 | use self::yaml_rust::{Yaml, YamlLoader};
kablam!   |                             ^^^^^^^^^^
kablam! 
kablam! warning: value assigned to `running` is never read, #[warn(unused_assignments)] on by default
kablam!   --> src/cli/watch.rs:51:45
kablam!    |
kablam! 51 |             if running { continue; } else { running = true }
kablam!    |                                             ^^^^^^^
kablam! 
kablam! warning: unused import: `YamlLoader`, #[warn(unused_imports)] on by default
kablam!  --> src/yaml.rs:4:29
kablam!   |
kablam! 4 | use self::yaml_rust::{Yaml, YamlLoader};
kablam!   |                             ^^^^^^^^^^
kablam! 
kablam!     Finished dev [unoptimized + debuginfo] target(s) in 7.44 secs
boom! running `docker rm -f 2214acbc5fcfbf2df8341db2ed45e445ebf1fc4d21c944419475202cba1f2557`
blam! 2214acbc5fcfbf2df8341db2ed45e445ebf1fc4d21c944419475202cba1f2557
boom! running: cargo +stable test --frozen --no-run
boom! creating container for: cargo +stable test --frozen --no-run
boom! running `docker create -v /home/ec2-user/cargobomb/./work/local/test-source/nightly/stable:/source:ro -v /home/ec2-user/cargobomb/./work/local/cargo-home:/cargo-home:ro -v /home/ec2-user/cargobomb/./work/local/rustup-home:/rustup-home:ro -v /home/ec2-user/cargobomb/./work/local/target-dirs/nightly/stable:/target:rw -e USER_ID=500 -e CMD=cargo +stable test --frozen --no-run cargobomb`
blam! 0509625254ecc75465a75747504ebb2dcc593d5a0a71b81247198e8772512b1f
boom! running `docker start -a 0509625254ecc75465a75747504ebb2dcc593d5a0a71b81247198e8772512b1f`
kablam!    Compiling funzzy v0.3.1 (file:///source)
kablam! warning: value assigned to `running` is never read, #[warn(unused_assignments)] on by default
kablam!   --> src/cli/watch.rs:51:45
kablam!    |
kablam! 51 |             if running { continue; } else { running = true }
kablam!    |                                             ^^^^^^^
kablam! 
kablam! warning: value assigned to `running` is never read, #[warn(unused_assignments)] on by default
kablam!   --> src/cli/watch.rs:51:45
kablam!    |
kablam! 51 |             if running { continue; } else { running = true }
kablam!    |                                             ^^^^^^^
kablam! 
kablam!     Finished dev [unoptimized + debuginfo] target(s) in 4.44 secs
boom! running `docker rm -f 0509625254ecc75465a75747504ebb2dcc593d5a0a71b81247198e8772512b1f`
blam! 0509625254ecc75465a75747504ebb2dcc593d5a0a71b81247198e8772512b1f
boom! running: cargo +stable test --frozen
boom! creating container for: cargo +stable test --frozen
boom! running `docker create -v /home/ec2-user/cargobomb/./work/local/test-source/nightly/stable:/source:ro -v /home/ec2-user/cargobomb/./work/local/cargo-home:/cargo-home:ro -v /home/ec2-user/cargobomb/./work/local/rustup-home:/rustup-home:ro -v /home/ec2-user/cargobomb/./work/local/target-dirs/nightly/stable:/target:rw -e USER_ID=500 -e CMD=cargo +stable test --frozen cargobomb`
blam! fa3705efae30dd7c6c73075ebfd9635e596f991a79912a6d97118aed72262617
boom! running `docker start -a fa3705efae30dd7c6c73075ebfd9635e596f991a79912a6d97118aed72262617`
kablam!     Finished dev [unoptimized + debuginfo] target(s) in 0.0 secs
kablam!      Running /target/debug/deps/funzzy-654caef489fbdbda
blam! 
blam! running 15 tests
blam! test cli::watch::tests::it_doesnot_watch_test_path ... ok
blam! test cli::watch::tests::it_ignores_a_list_of_patterns ... ok
blam! test cli::watch::tests::it_loads_from_args ... ok
blam! test cli::watch::tests::it_validates_the_run_key ... ok
blam! test cli::watch::tests::it_loads_from_yaml_file ... ok
blam! test cli::watch::tests::it_validates_the_when_change_key ... ok
blam! test cli::watch::tests::it_creates_a_list_of_shell_commands ... ok
blam! test cli::watch::tests::it_watches_test_path ... ok
blam! test cli::watch::tests::it_works_with_more_than_one_command ... ok
blam! test yaml::it_does_not_match ... ok
blam! test cli::watch::tests::it_ignores_pattern ... ok
blam! test cli::watch::tests::it_works_with_multiples_items ... ok
blam! test yaml::it_is_invalid_key_validation ... ok
blam! test yaml::it_is_valid_key_validation ... ok
blam! test yaml::it_matches ... ok
blam! 
blam! test result: ok. 15 passed; 0 failed; 0 ignored; 0 measured
blam! 
kablam!      Running /target/debug/deps/funzzy-d21a1d63f1354d49
blam! 
blam! running 19 tests
blam! test cli::watch::tests::it_creates_a_list_of_shell_commands ... ok
blam! test cli::watch::tests::it_ignores_pattern ... ok
blam! test cli::watch::tests::it_ignores_a_list_of_patterns ... ok
blam! test cli::watch::tests::it_doesnot_watch_test_path ... ok
blam! test cli::watch::tests::it_loads_from_args ... ok
blam! test cli::watch::tests::it_loads_from_yaml_file ... ok
blam! test cli::watch::tests::it_validates_the_run_key ... ok
blam! test cli::watch::tests::it_validates_the_when_change_key ... ok
blam! test cli::watch::tests::it_works_with_more_than_one_command ... ok
blam! test cli::watch::tests::it_watches_test_path ... ok
blam! test tests::it_returns_some_command ... ok
blam! test cli::watch::tests::it_works_with_multiples_items ... ok
blam! test tests::it_returns_watch_command_by_default ... FAILED
blam! test tests::it_returns_watch_command ... FAILED
blam! test tests::it_returns_watch_command_with_arbitrary_command ... ok
blam! test yaml::it_does_not_match ... ok
blam! test yaml::it_is_valid_key_validation ... ok
blam! test yaml::it_is_invalid_key_validation ... ok
blam! test yaml::it_matches ... ok
blam! 
blam! failures:
blam! 
blam! ---- tests::it_returns_watch_command_by_default stdout ----
blam! 	thread 'tests::it_returns_watch_command_by_default' panicked at 'File .watch.yaml cannot be open. Cause: No such file or directory (os error 2)', src/main.rs:94
blam! 
blam! ---- tests::it_returns_watch_command stdout ----
blam! 	thread 'tests::it_returns_watch_command' panicked at 'File .watch.yaml cannot be open. Cause: No such file or directory (os error 2)', src/main.rs:94
blam! 
blam! 
blam! failures:
blam!     tests::it_returns_watch_command
blam!     tests::it_returns_watch_command_by_default
blam! 
blam! test result: FAILED. 17 passed; 2 failed; 0 ignored; 0 measured
blam! 
kablam! error: test failed
boom! running `docker rm -f fa3705efae30dd7c6c73075ebfd9635e596f991a79912a6d97118aed72262617`
blam! fa3705efae30dd7c6c73075ebfd9635e596f991a79912a6d97118aed72262617
