boom! testing https://github.com/BlakeWilliams/rust-brainfuck#2bfffbc4584601297338231f62c9b0669263cbd6 against stable for beta
boom! running: cargo +stable build --frozen
boom! creating container for: cargo +stable build --frozen
boom! running `docker create -v /home/ec2-user/cargobomb/./work/local/test-source/beta/stable:/source:ro -v /home/ec2-user/cargobomb/./work/local/cargo-home:/cargo-home:ro -v /home/ec2-user/cargobomb/./work/local/rustup-home:/rustup-home:ro -v /home/ec2-user/cargobomb/./work/local/target-dirs/beta/stable:/target:rw -e USER_ID=500 -e CMD=cargo +stable build --frozen cargobomb`
blam! 24ee60632b0c0e4749d676b9075f1f07e9ad0fbf937de16fbfb6e739ef988255
boom! running `docker start -a 24ee60632b0c0e4749d676b9075f1f07e9ad0fbf937de16fbfb6e739ef988255`
kablam!    Compiling brainfuck v0.0.1 (file:///source)
kablam! error: invalid suffix `us` for numeric literal
kablam!   --> src/brainfuck/tape.rs:12:45
kablam!    |
kablam! 12 |             content: iter::repeat(0u8).take(30_000us).collect(),
kablam!    |                                             ^^^^^^^^
kablam!    |
kablam!    = help: the suffix must be one of the integral types (`u32`, `isize`, etc)
kablam! 
kablam! error[E0432]: unresolved import `std::io::stdio::StdinReader`
kablam!  --> src/brainfuck/tape.rs:2:5
kablam!   |
kablam! 2 | use std::io::stdio::StdinReader;
kablam!   |     ^^^^^^^^^^^^^^^^^^^^^^^^^^^ no `StdinReader` in `io::stdio`
kablam! 
kablam! error[E0432]: unresolved import `std::io::File`
kablam!  --> src/brainfuck/program.rs:1:5
kablam!   |
kablam! 1 | use std::io::File;
kablam!   |     ^^^^^^^^^^^^^ no `File` in `io`
kablam! 
kablam! error[E0412]: type name `Path` is undefined or not in scope
kablam!  --> src/brainfuck/program.rs:9:28
kablam!   |
kablam! 9 |     pub fn new(file_path: &Path) -> Program {
kablam!   |                            ^^^^ undefined or not in scope
kablam!   |
kablam!   = help: you can import it into scope: `use std::path::Path;`.
kablam! 
kablam! error[E0412]: type name `Path` is undefined or not in scope
kablam!   --> src/brainfuck/program.rs:57:28
kablam!    |
kablam! 57 |     fn read_program(path: &Path) -> Vec<char> {
kablam!    |                            ^^^^ undefined or not in scope
kablam!    |
kablam!    = help: you can import it into scope: `use std::path::Path;`.
kablam! 
kablam! error[E0412]: type name `Path` is undefined or not in scope
kablam!   --> src/main.rs:35:18
kablam!    |
kablam! 35 | fn get_path() -> Path {
kablam!    |                  ^^^^ undefined or not in scope
kablam!    |
kablam!    = help: you can import it into scope: `use std::path::Path;`.
kablam! 
kablam! error[E0425]: unresolved name `std::os::args`
kablam!   --> src/main.rs:36:16
kablam!    |
kablam! 36 |     let args = std::os::args().clone();
kablam!    |                ^^^^^^^^^^^^^ unresolved name
kablam! 
kablam! error[E0425]: unresolved name `std::os::args`
kablam!   --> src/main.rs:42:23
kablam!    |
kablam! 42 |     let path_string = std::os::args()[1].clone();
kablam!    |                       ^^^^^^^^^^^^^ unresolved name
kablam! 
kablam! error[E0433]: failed to resolve. Use of undeclared type or module `Path`
kablam!   --> src/main.rs:43:5
kablam!    |
kablam! 43 |     Path::new(path_string)
kablam!    |     ^^^^^^^^^ Use of undeclared type or module `Path`
kablam! 
kablam! error: module `stdio` is private
kablam!  --> src/brainfuck/tape.rs:2:5
kablam!   |
kablam! 2 | use std::io::stdio::StdinReader;
kablam!   |     ^^^^^^^^^^^^^^^^^^^^^^^^^^^
kablam! 
kablam! error: aborting due to 10 previous errors
kablam! 
kablam! error: Could not compile `brainfuck`.
kablam! 
kablam! To learn more, run the command again with --verbose.
boom! running `docker rm -f 24ee60632b0c0e4749d676b9075f1f07e9ad0fbf937de16fbfb6e739ef988255`
blam! 24ee60632b0c0e4749d676b9075f1f07e9ad0fbf937de16fbfb6e739ef988255
