boom! testing panini_codegen-0.0.0 against stable for nightly
boom! running: cargo +stable build --frozen
boom! creating container for: cargo +stable build --frozen
boom! running `docker create -v /home/ec2-user/cargobomb/./work/local/test-source/nightly/stable:/source:ro -v /home/ec2-user/cargobomb/./work/local/cargo-home:/cargo-home:ro -v /home/ec2-user/cargobomb/./work/local/rustup-home:/rustup-home:ro -v /home/ec2-user/cargobomb/./work/local/target-dirs/nightly/stable:/target:rw -e USER_ID=500 -e CMD=cargo +stable build --frozen cargobomb`
blam! 0fbbb387d5a41576527ddcd50337280c82dd69b3e2ad722ff710faccf4411d28
boom! running `docker start -a 0fbbb387d5a41576527ddcd50337280c82dd69b3e2ad722ff710faccf4411d28`
kablam!    Compiling aster v0.16.0
kablam!    Compiling quasi v0.10.0
kablam!    Compiling regex_dfa v0.4.0
kablam! error[E0554]: #[feature] may not be used on the stable release channel
kablam!   --> /cargo-home/registry/src/github.com-1ecc6299db9ec823/quasi-0.10.0/src/lib.rs:11:43
kablam!    |
kablam! 11 | #![cfg_attr(not(feature = "with-syntex"), feature(rustc_private))]
kablam!    |                                           ^^^^^^^^^^^^^^^^^^^^^^
kablam! 
kablam! error: aborting due to previous error
kablam! 
blam! Build failed, waiting for other jobs to finish...
kablam! error[E0554]: #[feature] may not be used on the stable release channel
kablam!  --> /cargo-home/registry/src/github.com-1ecc6299db9ec823/aster-0.16.0/src/lib.rs:1:43
kablam!   |
kablam! 1 | #![cfg_attr(not(feature = "with-syntex"), feature(rustc_private))]
kablam!   |                                           ^^^^^^^^^^^^^^^^^^^^^^
kablam! 
kablam! error: aborting due to previous error
kablam! 
blam! Build failed, waiting for other jobs to finish...
kablam! error[E0277]: the trait bound `Self: std::marker::Sized` is not satisfied
kablam!    --> /cargo-home/registry/src/github.com-1ecc6299db9ec823/regex_dfa-0.4.0/src/dfa.rs:400:5
kablam!     |
kablam! 400 |     fn from_dfa(dfa: &Dfa<Ret>) -> (Self, Vec<usize>);
kablam!     |     ^^^^^^^^^^^^^^^^^^^^^^^^^^^^^^^^^^^^^^^^^^^^^^^^^^ the trait `std::marker::Sized` is not implemented for `Self`
kablam!     |
kablam!     = help: consider adding a `where Self: std::marker::Sized` bound
kablam!     = note: tuple elements must have `Sized` type
kablam! 
kablam! error: aborting due to previous error
kablam! 
kablam! error: Could not compile `quasi`.
kablam! 
kablam! To learn more, run the command again with --verbose.
boom! running `docker rm -f 0fbbb387d5a41576527ddcd50337280c82dd69b3e2ad722ff710faccf4411d28`
blam! 0fbbb387d5a41576527ddcd50337280c82dd69b3e2ad722ff710faccf4411d28
