boom! testing aries-0.1.0 against beta for beta
boom! running: cargo +beta build --frozen
boom! creating container for: cargo +beta build --frozen
boom! running `docker create -v /home/ec2-user/cargobomb/./work/local/test-source/beta/beta:/source:ro -v /home/ec2-user/cargobomb/./work/local/cargo-home:/cargo-home:ro -v /home/ec2-user/cargobomb/./work/local/rustup-home:/rustup-home:ro -v /home/ec2-user/cargobomb/./work/local/target-dirs/beta/beta:/target:rw -e USER_ID=500 -e CMD=cargo +beta build --frozen cargobomb`
blam! 5fc40b19e50ac622dd264d03b30ba85100add0fc328cc656a2bbc16b25d8bd7b
boom! running `docker start -a 5fc40b19e50ac622dd264d03b30ba85100add0fc328cc656a2bbc16b25d8bd7b`
kablam!    Compiling phf_shared v0.7.15
kablam!    Compiling sha1 v0.1.1
kablam!    Compiling nom v1.2.4
kablam!    Compiling bufstream v0.1.2
kablam!    Compiling toml v0.2.1
kablam!    Compiling redis v0.5.4
kablam!    Compiling phf v0.7.15
kablam!    Compiling twox-hash v1.0.1
kablam!    Compiling antidote v1.0.0
kablam!    Compiling semver v0.2.3
kablam!    Compiling jwt v0.4.0
kablam!    Compiling conhash v0.3.2
kablam!    Compiling postgres v0.11.11
kablam!    Compiling r2d2 v0.7.1
kablam!    Compiling memcached-rs v0.1.2
kablam!    Compiling openssl-sys-extras v0.7.14
kablam! error: failed to run custom build command for `openssl-sys-extras v0.7.14`
kablam! process didn't exit successfully: `/target/debug/build/openssl-sys-extras-f9e8037051c16bfa/build-script-build` (exit code: 101)
kablam! --- stdout
kablam! TARGET = Some("x86_64-unknown-linux-gnu")
kablam! OPT_LEVEL = Some("0")
kablam! TARGET = Some("x86_64-unknown-linux-gnu")
kablam! HOST = Some("x86_64-unknown-linux-gnu")
kablam! TARGET = Some("x86_64-unknown-linux-gnu")
kablam! TARGET = Some("x86_64-unknown-linux-gnu")
kablam! HOST = Some("x86_64-unknown-linux-gnu")
kablam! CC_x86_64-unknown-linux-gnu = None
kablam! CC_x86_64_unknown_linux_gnu = None
kablam! HOST_CC = None
kablam! CC = None
kablam! HOST = Some("x86_64-unknown-linux-gnu")
kablam! TARGET = Some("x86_64-unknown-linux-gnu")
kablam! HOST = Some("x86_64-unknown-linux-gnu")
kablam! CFLAGS_x86_64-unknown-linux-gnu = None
kablam! CFLAGS_x86_64_unknown_linux_gnu = None
kablam! HOST_CFLAGS = None
kablam! CFLAGS = None
kablam! PROFILE = Some("debug")
kablam! running: "cc" "-O0" "-ffunction-sections" "-fdata-sections" "-fPIC" "-g" "-m64" "-o" "/target/debug/build/openssl-sys-extras-8e2dc543f8892677/out/src/openssl_shim.o" "-c" "src/openssl_shim.c"
kablam! cargo:warning=src/openssl_shim.c:1:26: fatal error: openssl/hmac.h: No such file or directory
kablam! cargo:warning=compilation terminated.
kablam! ExitStatus(ExitStatus(256))
kablam! 
kablam! 
kablam! command did not execute successfully, got: exit code: 1
kablam! 
kablam! 
kablam! 
kablam! --- stderr
kablam! thread 'main' panicked at 'explicit panic', /cargo-home/registry/src/github.com-1ecc6299db9ec823/gcc-0.3.43/src/lib.rs:1127
kablam! note: Run with `RUST_BACKTRACE=1` for a backtrace.
kablam! 
blam! Build failed, waiting for other jobs to finish...
kablam! error: build failed
boom! running `docker rm -f 5fc40b19e50ac622dd264d03b30ba85100add0fc328cc656a2bbc16b25d8bd7b`
blam! 5fc40b19e50ac622dd264d03b30ba85100add0fc328cc656a2bbc16b25d8bd7b
