boom! testing clippy-0.0.104 against nightly for nightly
boom! running: cargo +nightly build --frozen
boom! creating container for: cargo +nightly build --frozen
boom! running `docker create -v /home/ec2-user/cargobomb/./work/local/test-source/nightly/nightly:/source:ro -v /home/ec2-user/cargobomb/./work/local/cargo-home:/cargo-home:ro -v /home/ec2-user/cargobomb/./work/local/rustup-home:/rustup-home:ro -v /home/ec2-user/cargobomb/./work/local/target-dirs/nightly/nightly:/target:rw -e USER_ID=500 -e CMD=cargo +nightly build --frozen cargobomb`
blam! 6a3ea1f785919d6090af19ec3b7ca173829cc40d58fdb11b519930032cdb7e06
boom! running `docker start -a 6a3ea1f785919d6090af19ec3b7ca173829cc40d58fdb11b519930032cdb7e06`
kablam!    Compiling clippy_lints v0.0.104
kablam! error[E0432]: unresolved import `rustc_const_eval::eval_const_expr_partial`
kablam!  --> /cargo-home/registry/src/github.com-1ecc6299db9ec823/clippy_lints-0.0.104/src/array_indexing.rs:5:5
kablam!   |
kablam! 5 | use rustc_const_eval::eval_const_expr_partial;
kablam!   |     ^^^^^^^^^^^^^^^^^^^^^^^^^^^^^^^^^^^^^^^^^ no `eval_const_expr_partial` in the root
kablam! 
kablam! error[E0432]: unresolved import `rustc_const_eval::eval_const_expr_partial`
kablam!   --> /cargo-home/registry/src/github.com-1ecc6299db9ec823/clippy_lints-0.0.104/src/loops.rs:12:5
kablam!    |
kablam! 12 | use rustc_const_eval::eval_const_expr_partial;
kablam!    |     ^^^^^^^^^^^^^^^^^^^^^^^^^^^^^^^^^^^^^^^^^ no `eval_const_expr_partial` in the root
kablam! 
kablam! error[E0432]: unresolved import `rustc_const_eval::eval_const_expr_partial`
kablam!  --> /cargo-home/registry/src/github.com-1ecc6299db9ec823/clippy_lints-0.0.104/src/matches.rs:6:5
kablam!   |
kablam! 6 | use rustc_const_eval::eval_const_expr_partial;
kablam!   |     ^^^^^^^^^^^^^^^^^^^^^^^^^^^^^^^^^^^^^^^^^ no `eval_const_expr_partial` in the root
kablam! 
kablam! error[E0432]: unresolved import `rustc::middle::const_qualif::ConstQualif`
kablam!  --> /cargo-home/registry/src/github.com-1ecc6299db9ec823/clippy_lints-0.0.104/src/methods.rs:4:5
kablam!   |
kablam! 4 | use rustc::middle::const_qualif::ConstQualif;
kablam!   |     ^^^^^^^^^^^^^^^^^^^^^^^^^^^^^^^^^^^^^^^^ Could not find `const_qualif` in `middle`
kablam! 
kablam! error[E0432]: unresolved import `rustc_const_eval::eval_const_expr_partial`
kablam!  --> /cargo-home/registry/src/github.com-1ecc6299db9ec823/clippy_lints-0.0.104/src/methods.rs:8:5
kablam!   |
kablam! 8 | use rustc_const_eval::eval_const_expr_partial;
kablam!   |     ^^^^^^^^^^^^^^^^^^^^^^^^^^^^^^^^^^^^^^^^^ no `eval_const_expr_partial` in the root
kablam! 
kablam! error[E0432]: unresolved import `rustc_const_eval::eval_const_expr_partial`
kablam!  --> /cargo-home/registry/src/github.com-1ecc6299db9ec823/clippy_lints-0.0.104/src/misc.rs:8:5
kablam!   |
kablam! 8 | use rustc_const_eval::eval_const_expr_partial;
kablam!   |     ^^^^^^^^^^^^^^^^^^^^^^^^^^^^^^^^^^^^^^^^^ no `eval_const_expr_partial` in the root
kablam! 
kablam! error[E0432]: unresolved import `rustc_const_eval::eval_const_expr_partial`
kablam!  --> /cargo-home/registry/src/github.com-1ecc6299db9ec823/clippy_lints-0.0.104/src/regex.rs:6:5
kablam!   |
kablam! 6 | use rustc_const_eval::eval_const_expr_partial;
kablam!   |     ^^^^^^^^^^^^^^^^^^^^^^^^^^^^^^^^^^^^^^^^^ no `eval_const_expr_partial` in the root
kablam! 
kablam! error[E0432]: unresolved import `rustc_const_eval::eval_const_expr_partial`
kablam!    --> /cargo-home/registry/src/github.com-1ecc6299db9ec823/clippy_lints-0.0.104/src/types.rs:991:9
kablam!     |
kablam! 991 |     use rustc_const_eval::eval_const_expr_partial;
kablam!     |         ^^^^^^^^^^^^^^^^^^^^^^^^^^^^^^^^^^^^^^^^^ no `eval_const_expr_partial` in the root
kablam! 
kablam! error[E0432]: unresolved import `rustc_const_eval::eval_const_expr_partial`
kablam!  --> /cargo-home/registry/src/github.com-1ecc6299db9ec823/clippy_lints-0.0.104/src/vec.rs:5:5
kablam!   |
kablam! 5 | use rustc_const_eval::eval_const_expr_partial;
kablam!   |     ^^^^^^^^^^^^^^^^^^^^^^^^^^^^^^^^^^^^^^^^^ no `eval_const_expr_partial` in the root
kablam! 
kablam! error[E0531]: cannot find tuple struct/variant `MethodTraitItem` in this scope
kablam!    --> /cargo-home/registry/src/github.com-1ecc6299db9ec823/clippy_lints-0.0.104/src/attrs.rs:171:9
kablam!     |
kablam! 171 |         MethodTraitItem(_, None) => true,
kablam!     |         ^^^^^^^^^^^^^^^ not found in this scope
kablam! 
kablam! error[E0531]: cannot find tuple struct/variant `MethodTraitItem` in this scope
kablam!    --> /cargo-home/registry/src/github.com-1ecc6299db9ec823/clippy_lints-0.0.104/src/attrs.rs:172:9
kablam!     |
kablam! 172 |         MethodTraitItem(_, Some(eid)) => is_relevant_expr(cx, cx.tcx.map.expr(eid)),
kablam!     |         ^^^^^^^^^^^^^^^ not found in this scope
kablam! 
kablam! error[E0531]: cannot find tuple struct/variant `MethodTraitItem` in this scope
kablam!    --> /cargo-home/registry/src/github.com-1ecc6299db9ec823/clippy_lints-0.0.104/src/cyclomatic_complexity.rs:109:16
kablam!     |
kablam! 109 |         if let MethodTraitItem(_, Some(eid)) = item.node {
kablam!     |                ^^^^^^^^^^^^^^^ not found in this scope
kablam! 
kablam! error[E0425]: cannot find function `eval_const_expr_partial` in this scope
kablam!   --> /cargo-home/registry/src/github.com-1ecc6299db9ec823/clippy_lints-0.0.104/src/enum_clike.rs:47:37
kablam!    |
kablam! 47 |                     let bad = match eval_const_expr_partial(cx.tcx, &**disr, EvalHint::ExprTypeChecked, None) {
kablam!    |                                     ^^^^^^^^^^^^^^^^^^^^^^^ not found in this scope
kablam! 
kablam! error[E0531]: cannot find tuple struct/variant `MethodTraitItem` in module `hir`
kablam!    --> /cargo-home/registry/src/github.com-1ecc6299db9ec823/clippy_lints-0.0.104/src/functions.rs:109:16
kablam!     |
kablam! 109 |         if let hir::MethodTraitItem(ref sig, eid) = item.node {
kablam!     |                ^^^^^^^^^^^^^^^^^^^^ not found in `hir`
kablam! 
kablam! error[E0531]: cannot find tuple struct/variant `MethodTraitItem` in this scope
kablam!   --> /cargo-home/registry/src/github.com-1ecc6299db9ec823/clippy_lints-0.0.104/src/len_zero.rs:93:16
kablam!    |
kablam! 93 |         if let MethodTraitItem(ref sig, _) = item.node {
kablam!    |                ^^^^^^^^^^^^^^^ not found in this scope
kablam! 
kablam! error[E0531]: cannot find tuple struct/variant `MethodTraitItem` in this scope
kablam!   --> /cargo-home/registry/src/github.com-1ecc6299db9ec823/clippy_lints-0.0.104/src/lifetimes.rs:73:16
kablam!    |
kablam! 73 |         if let MethodTraitItem(ref sig, _) = item.node {
kablam!    |                ^^^^^^^^^^^^^^^ not found in this scope
kablam! 
kablam! error[E0412]: cannot find type `ExplicitSelf` in module `hir`
kablam!     --> /cargo-home/registry/src/github.com-1ecc6299db9ec823/clippy_lints-0.0.104/src/methods.rs:1337:28
kablam!      |
kablam! 1337 |     fn matches(self, slf: &hir::ExplicitSelf, allow_value_for_ref: bool) -> bool {
kablam!      |                            ^^^^^^^^^^^^^^^^^ not found in `hir`
kablam!      |
kablam!      = help: possible candidate is found in another module, you can import it into scope:
kablam!                `use syntax::ast::ExplicitSelf;`
kablam! 
kablam! error[E0433]: failed to resolve. Could not find `SelfKind` in `hir`
kablam!     --> /cargo-home/registry/src/github.com-1ecc6299db9ec823/clippy_lints-0.0.104/src/methods.rs:1339:32
kablam!      |
kablam! 1339 |             (SelfKind::Value, &hir::SelfKind::Value(_)) |
kablam!      |                                ^^^^^^^^^^^^^^^^^^^^ Could not find `SelfKind` in `hir`
kablam! 
kablam! error[E0433]: failed to resolve. Could not find `SelfKind` in `hir`
kablam!     --> /cargo-home/registry/src/github.com-1ecc6299db9ec823/clippy_lints-0.0.104/src/methods.rs:1340:30
kablam!      |
kablam! 1340 |             (SelfKind::Ref, &hir::SelfKind::Region(_, hir::Mutability::MutImmutable)) |
kablam!      |                              ^^^^^^^^^^^^^^^^^^^^^ Could not find `SelfKind` in `hir`
kablam! 
kablam! error[E0433]: failed to resolve. Could not find `SelfKind` in `hir`
kablam!     --> /cargo-home/registry/src/github.com-1ecc6299db9ec823/clippy_lints-0.0.104/src/methods.rs:1341:33
kablam!      |
kablam! 1341 |             (SelfKind::RefMut, &hir::SelfKind::Region(_, hir::Mutability::MutMutable)) => true,
kablam!      |                                 ^^^^^^^^^^^^^^^^^^^^^ Could not find `SelfKind` in `hir`
kablam! 
kablam! error[E0433]: failed to resolve. Could not find `SelfKind` in `hir`
kablam!     --> /cargo-home/registry/src/github.com-1ecc6299db9ec823/clippy_lints-0.0.104/src/methods.rs:1342:30
kablam!      |
kablam! 1342 |             (SelfKind::Ref, &hir::SelfKind::Value(_)) |
kablam!      |                              ^^^^^^^^^^^^^^^^^^^^ Could not find `SelfKind` in `hir`
kablam! 
kablam! error[E0433]: failed to resolve. Could not find `SelfKind` in `hir`
kablam!     --> /cargo-home/registry/src/github.com-1ecc6299db9ec823/clippy_lints-0.0.104/src/methods.rs:1343:33
kablam!      |
kablam! 1343 |             (SelfKind::RefMut, &hir::SelfKind::Value(_)) => allow_value_for_ref,
kablam!      |                                 ^^^^^^^^^^^^^^^^^^^^ Could not find `SelfKind` in `hir`
kablam! 
kablam! error[E0433]: failed to resolve. Could not find `SelfKind` in `hir`
kablam!     --> /cargo-home/registry/src/github.com-1ecc6299db9ec823/clippy_lints-0.0.104/src/methods.rs:1344:18
kablam!      |
kablam! 1344 |             (_, &hir::SelfKind::Explicit(ref ty, _)) => self.matches_explicit_type(ty, allow_value_for_ref),
kablam!      |                  ^^^^^^^^^^^^^^^^^^^^^^^ Could not find `SelfKind` in `hir`
kablam! 
kablam! error[E0531]: cannot find tuple struct/variant `ConstTraitItem` in module `hir`
kablam!    --> /cargo-home/registry/src/github.com-1ecc6299db9ec823/clippy_lints-0.0.104/src/missing_doc.rs:139:13
kablam!     |
kablam! 139 |             hir::ConstTraitItem(..) => "an associated constant",
kablam!     |             ^^^^^^^^^^^^^^^^^^^ not found in `hir`
kablam! 
kablam! error[E0531]: cannot find tuple struct/variant `MethodTraitItem` in module `hir`
kablam!    --> /cargo-home/registry/src/github.com-1ecc6299db9ec823/clippy_lints-0.0.104/src/missing_doc.rs:140:13
kablam!     |
kablam! 140 |             hir::MethodTraitItem(..) => "a trait method",
kablam!     |             ^^^^^^^^^^^^^^^^^^^^ not found in `hir`
kablam! 
kablam! error[E0531]: cannot find tuple struct/variant `TypeTraitItem` in module `hir`
kablam!    --> /cargo-home/registry/src/github.com-1ecc6299db9ec823/clippy_lints-0.0.104/src/missing_doc.rs:141:13
kablam!     |
kablam! 141 |             hir::TypeTraitItem(..) => "an associated type",
kablam!     |             ^^^^^^^^^^^^^^^^^^ not found in `hir`
kablam! 
kablam! error[E0425]: cannot find function `path_to_string` in module `print`
kablam!   --> /cargo-home/registry/src/github.com-1ecc6299db9ec823/clippy_lints-0.0.104/src/ok_if_let.rs:55:16
kablam!    |
kablam! 45 |         if_let_chain! {[ //begin checking variables
kablam!    |         - in this macro invocation
kablam! ...
kablam! 55 |             if print::path_to_string(x) == "Some" && is_result_type {
kablam!    |                ^^^^^^^^^^^^^^^^^^^^^ not found in `print`
kablam!    |
kablam!    = help: possible candidate is found in another module, you can import it into scope:
kablam!              `use syntax::print::pprust::path_to_string;`
kablam! 
kablam! error[E0531]: cannot find tuple struct/variant `MethodTraitItem` in this scope
kablam!   --> /cargo-home/registry/src/github.com-1ecc6299db9ec823/clippy_lints-0.0.104/src/ptr.rs:76:16
kablam!    |
kablam! 76 |         if let MethodTraitItem(ref sig, _) = item.node {
kablam!    |                ^^^^^^^^^^^^^^^ not found in this scope
kablam! 
kablam! error[E0531]: cannot find tuple struct/variant `TyObjectSum` in this scope
kablam!    --> /cargo-home/registry/src/github.com-1ecc6299db9ec823/clippy_lints-0.0.104/src/shadow.rs:339:9
kablam!     |
kablam! 339 |         TyObjectSum(ref sty, _) |
kablam!     |         ^^^^^^^^^^^ not found in this scope
kablam! 
kablam! error[E0531]: cannot find tuple struct/variant `ConstTraitItem` in this scope
kablam!    --> /cargo-home/registry/src/github.com-1ecc6299db9ec823/clippy_lints-0.0.104/src/types.rs:559:13
kablam!     |
kablam! 559 |             ConstTraitItem(ref ty, _) |
kablam!     |             ^^^^^^^^^^^^^^ not found in this scope
kablam! 
kablam! error[E0531]: cannot find tuple struct/variant `TypeTraitItem` in this scope
kablam!    --> /cargo-home/registry/src/github.com-1ecc6299db9ec823/clippy_lints-0.0.104/src/types.rs:560:13
kablam!     |
kablam! 560 |             TypeTraitItem(_, Some(ref ty)) => self.check_type(cx, ty),
kablam!     |             ^^^^^^^^^^^^^ not found in this scope
kablam! 
kablam! error[E0531]: cannot find tuple struct/variant `MethodTraitItem` in this scope
kablam!    --> /cargo-home/registry/src/github.com-1ecc6299db9ec823/clippy_lints-0.0.104/src/types.rs:561:13
kablam!     |
kablam! 561 |             MethodTraitItem(MethodSig { ref decl, .. }, None) => self.check_fndecl(cx, decl),
kablam!     |             ^^^^^^^^^^^^^^^ not found in this scope
kablam! 
kablam! error[E0531]: cannot find tuple struct/variant `TyObjectSum` in this scope
kablam!    --> /cargo-home/registry/src/github.com-1ecc6299db9ec823/clippy_lints-0.0.104/src/types.rs:638:13
kablam!     |
kablam! 638 |             TyObjectSum(..) => (20 * self.nest, 0),
kablam!     |             ^^^^^^^^^^^ not found in this scope
kablam! 
kablam! error[E0531]: cannot find tuple struct/variant `TyPolyTraitRef` in this scope
kablam!    --> /cargo-home/registry/src/github.com-1ecc6299db9ec823/clippy_lints-0.0.104/src/types.rs:642:13
kablam!     |
kablam! 642 |             TyPolyTraitRef(..) => (50 * self.nest, 1),
kablam!     |             ^^^^^^^^^^^^^^ not found in this scope
kablam! 
kablam! error[E0425]: cannot find function `eval_const_expr_partial` in this scope
kablam!    --> /cargo-home/registry/src/github.com-1ecc6299db9ec823/clippy_lints-0.0.104/src/types.rs:807:20
kablam!     |
kablam! 807 |     let cv = match eval_const_expr_partial(cx.tcx, expr, ExprTypeChecked, None) {
kablam!     |                    ^^^^^^^^^^^^^^^^^^^^^^^ not found in this scope
kablam! 
kablam! error[E0053]: method `check_fn` has an incompatible type for trait
kablam!   --> /cargo-home/registry/src/github.com-1ecc6299db9ec823/clippy_lints-0.0.104/src/escape.rs:64:5
kablam!    |
kablam! 64 |     fn check_fn(
kablam!    |     ^ expected struct `rustc::hir::Body`, found struct `rustc::hir::Expr`
kablam!    |
kablam!    = note: expected type `fn(&mut escape::Pass, &rustc::lint::LateContext<'a, 'tcx>, rustc::hir::intravisit::FnKind<'tcx>, &'tcx rustc::hir::FnDecl, &'tcx rustc::hir::Body, syntax::codemap::Span, syntax::ast::NodeId)`
kablam!               found type `fn(&mut escape::Pass, &rustc::lint::LateContext<'a, 'tcx>, rustc::hir::intravisit::FnKind<'tcx>, &'tcx rustc::hir::FnDecl, &'tcx rustc::hir::Expr, syntax::codemap::Span, syntax::ast::NodeId)`
kablam! 
kablam! error[E0053]: method `check_fn` has an incompatible type for trait
kablam!    --> /cargo-home/registry/src/github.com-1ecc6299db9ec823/clippy_lints-0.0.104/src/functions.rs:72:5
kablam!     |
kablam! 72  |     fn check_fn(
kablam!     |     ^ expected struct `rustc::hir::Body`, found struct `rustc::hir::Expr`
kablam!     |
kablam!     = note: expected type `fn(&mut functions::Functions, &rustc::lint::LateContext<'a, 'tcx>, rustc::hir::intravisit::FnKind<'tcx>, &'tcx rustc::hir::FnDecl, &'tcx rustc::hir::Body, syntax::codemap::Span, syntax::ast::NodeId)`
kablam!                found type `fn(&mut functions::Functions, &rustc::lint::LateContext<'a, 'tcx>, rustc::hir::intravisit::FnKind<'tcx>, &'tcx rustc::hir::FnDecl, &'tcx rustc::hir::Expr, syntax::codemap::Span, syntax::ast::NodeId)`
kablam! 
kablam! error[E0053]: method `check_fn` has an incompatible type for trait
kablam!    --> /cargo-home/registry/src/github.com-1ecc6299db9ec823/clippy_lints-0.0.104/src/misc.rs:170:5
kablam!     |
kablam! 170 |     fn check_fn(&mut self, cx: &LateContext<'a, 'tcx>, k: FnKind<'tcx>, decl: &'tcx FnDecl, _: &'tcx Expr, _: Span, _: NodeId) {
kablam!     |     ^ expected struct `rustc::hir::Body`, found struct `rustc::hir::Expr`
kablam!     |
kablam!     = note: expected type `fn(&mut misc::Pass, &rustc::lint::LateContext<'a, 'tcx>, rustc::hir::intravisit::FnKind<'tcx>, &'tcx rustc::hir::FnDecl, &'tcx rustc::hir::Body, syntax::codemap::Span, syntax::ast::NodeId)`
kablam!                found type `fn(&mut misc::Pass, &rustc::lint::LateContext<'a, 'tcx>, rustc::hir::intravisit::FnKind<'tcx>, &'tcx rustc::hir::FnDecl, &'tcx rustc::hir::Expr, syntax::codemap::Span, syntax::ast::NodeId)`
kablam! 
kablam! error[E0053]: method `check_fn` has an incompatible type for trait
kablam!    --> /cargo-home/registry/src/github.com-1ecc6299db9ec823/clippy_lints-0.0.104/src/new_without_default.rs:93:5
kablam!     |
kablam! 93  |     fn check_fn(
kablam!     |     ^ expected struct `rustc::hir::Body`, found struct `rustc::hir::Expr`
kablam!     |
kablam!     = note: expected type `fn(&mut new_without_default::NewWithoutDefault, &rustc::lint::LateContext<'a, 'tcx>, rustc::hir::intravisit::FnKind<'tcx>, &'tcx rustc::hir::FnDecl, &'tcx rustc::hir::Body, syntax::codemap::Span, syntax::ast::NodeId)`
kablam!                found type `fn(&mut new_without_default::NewWithoutDefault, &rustc::lint::LateContext<'a, 'tcx>, rustc::hir::intravisit::FnKind<'tcx>, &'tcx rustc::hir::FnDecl, &'tcx rustc::hir::Expr, syntax::codemap::Span, syntax::ast::NodeId)`
kablam! 
kablam! error[E0053]: method `check_fn` has an incompatible type for trait
kablam!   --> /cargo-home/registry/src/github.com-1ecc6299db9ec823/clippy_lints-0.0.104/src/shadow.rs:83:5
kablam!    |
kablam! 83 |     fn check_fn(
kablam!    |     ^ expected struct `rustc::hir::Body`, found struct `rustc::hir::Expr`
kablam!    |
kablam!    = note: expected type `fn(&mut shadow::Pass, &rustc::lint::LateContext<'a, 'tcx>, rustc::hir::intravisit::FnKind<'tcx>, &'tcx rustc::hir::FnDecl, &'tcx rustc::hir::Body, syntax::codemap::Span, syntax::ast::NodeId)`
kablam!               found type `fn(&mut shadow::Pass, &rustc::lint::LateContext<'a, 'tcx>, rustc::hir::intravisit::FnKind<'tcx>, &'tcx rustc::hir::FnDecl, &'tcx rustc::hir::Expr, syntax::codemap::Span, syntax::ast::NodeId)`
kablam! 
kablam! error[E0053]: method `check_fn` has an incompatible type for trait
kablam!    --> /cargo-home/registry/src/github.com-1ecc6299db9ec823/clippy_lints-0.0.104/src/types.rs:539:5
kablam!     |
kablam! 539 |       fn check_fn(&mut self, cx: &LateContext<'a, 'tcx>, _: FnKind<'tcx>, decl: &'tcx FnDecl, _: &'tcx Expr, _: Span, _: NodeId) {
kablam!     |  _____^ starting here...
kablam! 540 | |         self.check_fndecl(cx, decl);
kablam! 541 | |     }
kablam!     | |_____^ ...ending here: expected struct `rustc::hir::Body`, found struct `rustc::hir::Expr`
kablam!     |
kablam!     = note: expected type `fn(&mut types::TypeComplexityPass, &rustc::lint::LateContext<'a, 'tcx>, rustc::hir::intravisit::FnKind<'tcx>, &'tcx rustc::hir::FnDecl, &'tcx rustc::hir::Body, syntax::codemap::Span, syntax::ast::NodeId)`
kablam!                found type `fn(&mut types::TypeComplexityPass, &rustc::lint::LateContext<'a, 'tcx>, rustc::hir::intravisit::FnKind<'tcx>, &'tcx rustc::hir::FnDecl, &'tcx rustc::hir::Expr, syntax::codemap::Span, syntax::ast::NodeId)`
kablam! 
kablam! error[E0053]: method `check_fn` has an incompatible type for trait
kablam!   --> /cargo-home/registry/src/github.com-1ecc6299db9ec823/clippy_lints-0.0.104/src/unused_label.rs:44:5
kablam!    |
kablam! 44 |     fn check_fn(
kablam!    |     ^ expected struct `rustc::hir::Body`, found struct `rustc::hir::Expr`
kablam!    |
kablam!    = note: expected type `fn(&mut unused_label::UnusedLabel, &rustc::lint::LateContext<'a, 'tcx>, rustc::hir::intravisit::FnKind<'tcx>, &'tcx rustc::hir::FnDecl, &'tcx rustc::hir::Body, syntax::codemap::Span, syntax::ast::NodeId)`
kablam!               found type `fn(&mut unused_label::UnusedLabel, &rustc::lint::LateContext<'a, 'tcx>, rustc::hir::intravisit::FnKind<'tcx>, &'tcx rustc::hir::FnDecl, &'tcx rustc::hir::Expr, syntax::codemap::Span, syntax::ast::NodeId)`
kablam! 
kablam! error: aborting due to 7 previous errors
kablam! 
kablam! error: Could not compile `clippy_lints`.
kablam! 
kablam! To learn more, run the command again with --verbose.
boom! running `docker rm -f 6a3ea1f785919d6090af19ec3b7ca173829cc40d58fdb11b519930032cdb7e06`
blam! 6a3ea1f785919d6090af19ec3b7ca173829cc40d58fdb11b519930032cdb7e06
