boom! testing postgres-derive-macros-0.1.4 against nightly for nightly
boom! running: cargo +nightly build --frozen
boom! creating container for: cargo +nightly build --frozen
boom! running `docker create -v /home/ec2-user/cargobomb/./work/local/test-source/nightly/nightly:/source:ro -v /home/ec2-user/cargobomb/./work/local/cargo-home:/cargo-home:ro -v /home/ec2-user/cargobomb/./work/local/rustup-home:/rustup-home:ro -v /home/ec2-user/cargobomb/./work/local/target-dirs/nightly/nightly:/target:rw -e USER_ID=500 -e CMD=cargo +nightly build --frozen cargobomb`
blam! 1ae005509717db3e800ebb124b572212248e3189316df551a7bcbc013d443d20
boom! running `docker start -a 1ae005509717db3e800ebb124b572212248e3189316df551a7bcbc013d443d20`
kablam!    Compiling postgres-derive-codegen v0.1.4
kablam! error[E0432]: unresolved import `syntax::parse::token::InternedString`
kablam!  --> /cargo-home/registry/src/github.com-1ecc6299db9ec823/postgres-derive-codegen-0.1.4/src/accepts.rs:4:5
kablam!   |
kablam! 4 | use syntax::parse::token::InternedString;
kablam!   |     ^^^^^^^^^^^^^^^^^^^^^^^^^^^^^^^^^^^^ no `InternedString` in `parse::token`
kablam! 
kablam! error[E0432]: unresolved import `syntax::parse::token::InternedString`
kablam!  --> /cargo-home/registry/src/github.com-1ecc6299db9ec823/postgres-derive-codegen-0.1.4/src/enums.rs:3:5
kablam!   |
kablam! 3 | use syntax::parse::token::InternedString;
kablam!   |     ^^^^^^^^^^^^^^^^^^^^^^^^^^^^^^^^^^^^ no `InternedString` in `parse::token`
kablam! 
kablam! error[E0432]: unresolved import `syntax::parse::token::InternedString`
kablam!  --> /cargo-home/registry/src/github.com-1ecc6299db9ec823/postgres-derive-codegen-0.1.4/src/fromsql.rs:6:34
kablam!   |
kablam! 6 | use syntax::parse::token::{self, InternedString};
kablam!   |                                  ^^^^^^^^^^^^^^ no `InternedString` in `parse::token`
kablam! 
kablam! error[E0432]: unresolved import `syntax::parse::token::InternedString`
kablam!  --> /cargo-home/registry/src/github.com-1ecc6299db9ec823/postgres-derive-codegen-0.1.4/src/overrides.rs:3:5
kablam!   |
kablam! 3 | use syntax::parse::token::InternedString;
kablam!   |     ^^^^^^^^^^^^^^^^^^^^^^^^^^^^^^^^^^^^ no `InternedString` in `parse::token`
kablam! 
kablam! error[E0432]: unresolved import `syntax::parse::token::InternedString`
kablam!  --> /cargo-home/registry/src/github.com-1ecc6299db9ec823/postgres-derive-codegen-0.1.4/src/tosql.rs:6:5
kablam!   |
kablam! 6 | use syntax::parse::token::InternedString;
kablam!   |     ^^^^^^^^^^^^^^^^^^^^^^^^^^^^^^^^^^^^ no `InternedString` in `parse::token`
kablam! 
kablam! error[E0425]: cannot find function `str_to_ident` in module `token`
kablam!    --> /cargo-home/registry/src/github.com-1ecc6299db9ec823/postgres-derive-codegen-0.1.4/src/fromsql.rs:107:22
kablam!     |
kablam! 107 |     let buf = token::str_to_ident("buf");
kablam!     |                      ^^^^^^^^^^^^ not found in `token`
kablam! 
kablam! error[E0425]: cannot find function `str_to_ident` in module `token`
kablam!    --> /cargo-home/registry/src/github.com-1ecc6299db9ec823/postgres-derive-codegen-0.1.4/src/fromsql.rs:135:31
kablam!     |
kablam! 135 |         let var_name = token::str_to_ident(&format!("__{}", ident));
kablam!     |                               ^^^^^^^^^^^^ not found in `token`
kablam! 
kablam! error[E0425]: cannot find function `intern` in module `token`
kablam!   --> /cargo-home/registry/src/github.com-1ecc6299db9ec823/postgres-derive-codegen-0.1.4/src/lib.rs:68:47
kablam!    |
kablam! 68 |     registry.register_syntax_extension(token::intern("derive_ToSql"),
kablam!    |                                               ^^^^^^ not found in `token`
kablam! 
kablam! error[E0425]: cannot find function `intern` in module `token`
kablam!   --> /cargo-home/registry/src/github.com-1ecc6299db9ec823/postgres-derive-codegen-0.1.4/src/lib.rs:70:47
kablam!    |
kablam! 70 |     registry.register_syntax_extension(token::intern("derive_FromSql"),
kablam!    |                                               ^^^^^^ not found in `token`
kablam! 
kablam! error[E0023]: this pattern has 2 fields, but the corresponding tuple variant has 1 field
kablam!   --> /cargo-home/registry/src/github.com-1ecc6299db9ec823/postgres-derive-codegen-0.1.4/src/overrides.rs:31:21
kablam!    |
kablam! 31 |                     MetaItemKind::NameValue(ref key, ref value) => {
kablam!    |                     ^^^^^^^^^^^^^^^^^^^^^^^^^^^^^^^^^^^^^^^^^^^ expected 1 field, found 2
kablam! 
kablam! error: aborting due to previous error
kablam! 
kablam! error: Could not compile `postgres-derive-codegen`.
kablam! 
kablam! To learn more, run the command again with --verbose.
boom! running `docker rm -f 1ae005509717db3e800ebb124b572212248e3189316df551a7bcbc013d443d20`
blam! 1ae005509717db3e800ebb124b572212248e3189316df551a7bcbc013d443d20
