boom! testing https://github.com/xtensis-editor/xtensis#1235564927af22e3e0dea7cbe3b1833ad8b93b32 against stable for nightly
boom! running: cargo +stable build --frozen
boom! creating container for: cargo +stable build --frozen
boom! running `docker create -v /home/ec2-user/cargobomb/./work/local/test-source/nightly/stable:/source:ro -v /home/ec2-user/cargobomb/./work/local/cargo-home:/cargo-home:ro -v /home/ec2-user/cargobomb/./work/local/rustup-home:/rustup-home:ro -v /home/ec2-user/cargobomb/./work/local/target-dirs/nightly/stable:/target:rw -e USER_ID=500 -e CMD=cargo +stable build --frozen cargobomb`
blam! ce0b3725840f64375401f8c256889c4d92419a35c591847b0b4d2a899646f570
boom! running `docker start -a ce0b3725840f64375401f8c256889c4d92419a35c591847b0b4d2a899646f570`
kablam!    Compiling slog v1.4.0
kablam!    Compiling unreachable v0.1.1
kablam!    Compiling gapbuffer v0.1.1
kablam!    Compiling thread-id v2.0.0
kablam!    Compiling thread_local v0.2.7
kablam!    Compiling thread-id v3.0.0
kablam!    Compiling isatty v0.1.3
kablam!    Compiling thread_local v0.3.2
kablam!    Compiling term_size v0.2.1
kablam!    Compiling serde_json v0.8.6
kablam!    Compiling chrono v0.2.25
kablam!    Compiling uuid v0.3.1
kablam!    Compiling slog-extra v0.1.1
kablam!    Compiling slog-scope v0.2.2
kablam!    Compiling slog-serde v1.0.0-alpha9
kablam!    Compiling slog-stream v1.2.0
kablam!    Compiling clap v2.19.3
kablam!    Compiling slog-json v1.2.1
kablam!    Compiling slog-term v1.3.5
kablam!    Compiling xtensis-core v0.1.0 (file:///source)
kablam! warning: method is never used: `new`, #[warn(dead_code)] on by default
kablam!   --> src/server/marks.rs:29:5
kablam!    |
kablam! 29 |     fn new() -> MarkPosition {
kablam!    |     ^
kablam! 
kablam! warning: method is never used: `get_absolute`, #[warn(dead_code)] on by default
kablam!   --> src/server/marks.rs:37:5
kablam!    |
kablam! 37 |     fn get_absolute(&self) -> usize {
kablam!    |     ^
kablam! 
kablam! warning: method is never used: `get_absolute_bol`, #[warn(dead_code)] on by default
kablam!   --> src/server/marks.rs:42:5
kablam!    |
kablam! 42 |     fn get_absolute_bol(&self) -> usize {
kablam!    |     ^
kablam! 
kablam! warning: method is never used: `get_line_num`, #[warn(dead_code)] on by default
kablam!   --> src/server/marks.rs:47:5
kablam!    |
kablam! 47 |     fn get_line_num(&self) -> usize {
kablam!    |     ^
kablam! 
kablam!     Finished debug [unoptimized + debuginfo] target(s) in 22.96 secs
boom! running `docker rm -f ce0b3725840f64375401f8c256889c4d92419a35c591847b0b4d2a899646f570`
blam! ce0b3725840f64375401f8c256889c4d92419a35c591847b0b4d2a899646f570
boom! running: cargo +stable test --frozen --no-run
boom! creating container for: cargo +stable test --frozen --no-run
boom! running `docker create -v /home/ec2-user/cargobomb/./work/local/test-source/nightly/stable:/source:ro -v /home/ec2-user/cargobomb/./work/local/cargo-home:/cargo-home:ro -v /home/ec2-user/cargobomb/./work/local/rustup-home:/rustup-home:ro -v /home/ec2-user/cargobomb/./work/local/target-dirs/nightly/stable:/target:rw -e USER_ID=500 -e CMD=cargo +stable test --frozen --no-run cargobomb`
blam! 65c96fbad81bf25deac0d1b032dc9c6a6a10dfcbc3f8417552d052ca2956e943
boom! running `docker start -a 65c96fbad81bf25deac0d1b032dc9c6a6a10dfcbc3f8417552d052ca2956e943`
kablam!    Compiling xtensis-core v0.1.0 (file:///source)
kablam!     Finished debug [unoptimized + debuginfo] target(s) in 1.42 secs
boom! running `docker rm -f 65c96fbad81bf25deac0d1b032dc9c6a6a10dfcbc3f8417552d052ca2956e943`
blam! 65c96fbad81bf25deac0d1b032dc9c6a6a10dfcbc3f8417552d052ca2956e943
boom! running: cargo +stable test --frozen
boom! creating container for: cargo +stable test --frozen
boom! running `docker create -v /home/ec2-user/cargobomb/./work/local/test-source/nightly/stable:/source:ro -v /home/ec2-user/cargobomb/./work/local/cargo-home:/cargo-home:ro -v /home/ec2-user/cargobomb/./work/local/rustup-home:/rustup-home:ro -v /home/ec2-user/cargobomb/./work/local/target-dirs/nightly/stable:/target:rw -e USER_ID=500 -e CMD=cargo +stable test --frozen cargobomb`
blam! 4b5dc999604208446ef527754f48f7606d1fef92fc7bd15f0bda8b65a0a35e79
boom! running `docker start -a 4b5dc999604208446ef527754f48f7606d1fef92fc7bd15f0bda8b65a0a35e79`
kablam!     Finished debug [unoptimized + debuginfo] target(s) in 0.0 secs
kablam!      Running /target/debug/xtc-e01ffa5582b14dac
kablam!      Running /target/debug/deps/xtensis-2ee8b128484871d9
blam! 
blam! running 0 tests
blam! 
blam! test result: ok. 0 passed; 0 failed; 0 ignored; 0 measured
blam! 
blam! 
blam! running 4 tests
blam! test server::marks::test::test_markposition_default_values ... ok
blam! test server::ui::test::test_cursor_default_values ... ok
blam! test server::buffer::test::test_buffer_major_minor_modes ... FAILED
blam! test server::buffer::test::test_buffer_default_values ... ok
blam! 
blam! failures:
blam! 
blam! ---- server::buffer::test::test_buffer_major_minor_modes stdout ----
blam! 	thread 'server::buffer::test::test_buffer_major_minor_modes' panicked at 'assertion failed: `(left == right)` (left: `2`, right: `4`)', src/server/buffer.rs:167
blam! note: Run with `RUST_BACKTRACE=1` for a backtrace.
blam! 
blam! 
blam! failures:
blam!     server::buffer::test::test_buffer_major_minor_modes
blam! 
blam! test result: FAILED. 3 passed; 1 failed; 0 ignored; 0 measured
blam! 
kablam! error: test failed
boom! running `docker rm -f 4b5dc999604208446ef527754f48f7606d1fef92fc7bd15f0bda8b65a0a35e79`
blam! 4b5dc999604208446ef527754f48f7606d1fef92fc7bd15f0bda8b65a0a35e79
