boom! testing r2d2-memcache-0.1.0 against stable for nightly
boom! running: cargo +stable build --frozen
boom! creating container for: cargo +stable build --frozen
boom! running `docker create -v /home/ec2-user/cargobomb/./work/local/test-source/nightly/stable:/source:ro -v /home/ec2-user/cargobomb/./work/local/cargo-home:/cargo-home:ro -v /home/ec2-user/cargobomb/./work/local/rustup-home:/rustup-home:ro -v /home/ec2-user/cargobomb/./work/local/target-dirs/nightly/stable:/target:rw -e USER_ID=500 -e CMD=cargo +stable build --frozen cargobomb`
blam! 8ffe40e34ac7e3721c940eb44104314eeea323505c45ed7076ed38cc24318a7f
boom! running `docker start -a 8ffe40e34ac7e3721c940eb44104314eeea323505c45ed7076ed38cc24318a7f`
kablam!    Compiling memcache v0.0.14
kablam!    Compiling r2d2-memcache v0.1.0 (file:///source)
kablam!     Finished debug [unoptimized + debuginfo] target(s) in 1.92 secs
boom! running `docker rm -f 8ffe40e34ac7e3721c940eb44104314eeea323505c45ed7076ed38cc24318a7f`
blam! 8ffe40e34ac7e3721c940eb44104314eeea323505c45ed7076ed38cc24318a7f
boom! running: cargo +stable test --frozen --no-run
boom! creating container for: cargo +stable test --frozen --no-run
boom! running `docker create -v /home/ec2-user/cargobomb/./work/local/test-source/nightly/stable:/source:ro -v /home/ec2-user/cargobomb/./work/local/cargo-home:/cargo-home:ro -v /home/ec2-user/cargobomb/./work/local/rustup-home:/rustup-home:ro -v /home/ec2-user/cargobomb/./work/local/target-dirs/nightly/stable:/target:rw -e USER_ID=500 -e CMD=cargo +stable test --frozen --no-run cargobomb`
blam! 25ab2828d5c5bc7c16b74aa0d5e47756562cbc2339a10d4fd01cd69d3f3e3b63
boom! running `docker start -a 25ab2828d5c5bc7c16b74aa0d5e47756562cbc2339a10d4fd01cd69d3f3e3b63`
kablam!    Compiling r2d2-memcache v0.1.0 (file:///source)
kablam! warning: unused variable: `pool`, #[warn(unused_variables)] on by default
kablam!   --> tests/test_connection.rs:12:9
kablam!    |
kablam! 12 |     let pool = r2d2::Pool::new(config, manager).unwrap();
kablam!    |         ^^^^
kablam! 
kablam!     Finished debug [unoptimized + debuginfo] target(s) in 3.21 secs
boom! running `docker rm -f 25ab2828d5c5bc7c16b74aa0d5e47756562cbc2339a10d4fd01cd69d3f3e3b63`
blam! 25ab2828d5c5bc7c16b74aa0d5e47756562cbc2339a10d4fd01cd69d3f3e3b63
boom! running: cargo +stable test --frozen
boom! creating container for: cargo +stable test --frozen
boom! running `docker create -v /home/ec2-user/cargobomb/./work/local/test-source/nightly/stable:/source:ro -v /home/ec2-user/cargobomb/./work/local/cargo-home:/cargo-home:ro -v /home/ec2-user/cargobomb/./work/local/rustup-home:/rustup-home:ro -v /home/ec2-user/cargobomb/./work/local/target-dirs/nightly/stable:/target:rw -e USER_ID=500 -e CMD=cargo +stable test --frozen cargobomb`
blam! 3d1ffd15c44863510d961a3ceb5a6d3ca3dee97528a6fd63b0a5757d9ef88a69
boom! running `docker start -a 3d1ffd15c44863510d961a3ceb5a6d3ca3dee97528a6fd63b0a5757d9ef88a69`
kablam!     Finished debug [unoptimized + debuginfo] target(s) in 0.0 secs
blam! 
blam! running 0 tests
blam! 
blam! test result: ok. 0 passed; 0 failed; 0 ignored; 0 measured
blam! 
blam! 
blam! running 2 tests
kablam!      Running /target/debug/deps/r2d2_memcache-b4c6c3f547eeae27
kablam!      Running /target/debug/deps/test-e1f22dab57d7922f
blam! test test_basic ... FAILED
blam! test test_is_valid ... FAILED
blam! 
blam! failures:
blam! 
blam! ---- test_basic stdout ----
blam! 	thread 'test_basic' panicked at 'called `Result::unwrap()` on an `Err` value: InitializationError(Some("connection refused"))', /buildslave/rust-buildbot/slave/stable-dist-rustc-linux/build/src/libcore/result.rs:837
blam! note: Run with `RUST_BACKTRACE=1` for a backtrace.
blam! 
blam! ---- test_is_valid stdout ----
blam! 	thread 'test_is_valid' panicked at 'called `Result::unwrap()` on an `Err` value: InitializationError(Some("connection refused"))', /buildslave/rust-buildbot/slave/stable-dist-rustc-linux/build/src/libcore/result.rs:837
blam! 
blam! 
blam! failures:
blam!     test_basic
blam!     test_is_valid
blam! 
blam! test result: FAILED. 0 passed; 2 failed; 0 ignored; 0 measured
blam! 
kablam! error: test failed
boom! running `docker rm -f 3d1ffd15c44863510d961a3ceb5a6d3ca3dee97528a6fd63b0a5757d9ef88a69`
blam! 3d1ffd15c44863510d961a3ceb5a6d3ca3dee97528a6fd63b0a5757d9ef88a69
