boom! testing raster-0.2.0 against nightly for nightly
boom! running: cargo +nightly build --frozen
boom! creating container for: cargo +nightly build --frozen
boom! running `docker create -v /home/ec2-user/cargobomb/./work/local/test-source/nightly/nightly:/source:ro -v /home/ec2-user/cargobomb/./work/local/cargo-home:/cargo-home:ro -v /home/ec2-user/cargobomb/./work/local/rustup-home:/rustup-home:ro -v /home/ec2-user/cargobomb/./work/local/target-dirs/nightly/nightly:/target:rw -e USER_ID=500 -e CMD=cargo +nightly build --frozen cargobomb`
blam! 88f0fd5bc353d520d8ec2314b2d76858aa19306d4714571435fec5258b068641
boom! running `docker start -a 88f0fd5bc353d520d8ec2314b2d76858aa19306d4714571435fec5258b068641`
kablam!    Compiling image v0.10.4
kablam!    Compiling raster v0.2.0 (file:///source)
kablam!     Finished dev [unoptimized + debuginfo] target(s) in 19.46 secs
boom! running `docker rm -f 88f0fd5bc353d520d8ec2314b2d76858aa19306d4714571435fec5258b068641`
blam! 88f0fd5bc353d520d8ec2314b2d76858aa19306d4714571435fec5258b068641
boom! running: cargo +nightly test --frozen --no-run
boom! creating container for: cargo +nightly test --frozen --no-run
boom! running `docker create -v /home/ec2-user/cargobomb/./work/local/test-source/nightly/nightly:/source:ro -v /home/ec2-user/cargobomb/./work/local/cargo-home:/cargo-home:ro -v /home/ec2-user/cargobomb/./work/local/rustup-home:/rustup-home:ro -v /home/ec2-user/cargobomb/./work/local/target-dirs/nightly/nightly:/target:rw -e USER_ID=500 -e CMD=cargo +nightly test --frozen --no-run cargobomb`
blam! 0131a15469066a298f7da4ba3d9ccd260618d83f11a490293182922e96d19138
boom! running `docker start -a 0131a15469066a298f7da4ba3d9ccd260618d83f11a490293182922e96d19138`
kablam!    Compiling raster v0.2.0 (file:///source)
kablam!     Finished dev [unoptimized + debuginfo] target(s) in 4.62 secs
boom! running `docker rm -f 0131a15469066a298f7da4ba3d9ccd260618d83f11a490293182922e96d19138`
blam! 0131a15469066a298f7da4ba3d9ccd260618d83f11a490293182922e96d19138
boom! running: cargo +nightly test --frozen
boom! creating container for: cargo +nightly test --frozen
boom! running `docker create -v /home/ec2-user/cargobomb/./work/local/test-source/nightly/nightly:/source:ro -v /home/ec2-user/cargobomb/./work/local/cargo-home:/cargo-home:ro -v /home/ec2-user/cargobomb/./work/local/rustup-home:/rustup-home:ro -v /home/ec2-user/cargobomb/./work/local/target-dirs/nightly/nightly:/target:rw -e USER_ID=500 -e CMD=cargo +nightly test --frozen cargobomb`
blam! f33ba16726019d60d51f6e38bdfde416eae49fe2aa99117dbfc253aceec40636
boom! running `docker start -a f33ba16726019d60d51f6e38bdfde416eae49fe2aa99117dbfc253aceec40636`
kablam!     Finished dev [unoptimized + debuginfo] target(s) in 0.0 secs
kablam!      Running /target/debug/deps/raster-3de07d4fd1b2a57f
blam! 
blam! running 0 tests
blam! 
blam! test result: ok. 0 passed; 0 failed; 0 ignored; 0 measured
kablam!    Doc-tests raster
blam! 
blam! 
blam! running 41 tests
blam! test /source/src/color.rs - color::Color::hex (line 97) ... ok
blam! test /source/src/color.rs - color::Color::rgba (line 161) ... ok
blam! test /source/src/color.rs - color::Color::rgb (line 136) ... ok
blam! test /source/src/color.rs - color::Color::hex (line 72) ... ok
blam! test /source/src/color.rs - color::Color::to_hsv (line 184) ... ok
blam! test /source/src/color.rs - color::Color::to_rgb (line 240) ... ok
blam! test /source/src/compare.rs - compare::equal (line 44) ... FAILED
blam! test /source/src/compare.rs - compare::similar (line 17) ... FAILED
blam! test /source/src/editor.rs - editor::blend (line 28) ... FAILED
blam! test /source/src/editor.rs - editor::crop (line 172) ... FAILED
blam! test /source/src/editor.rs - editor::fill (line 260) ... FAILED
blam! test /source/src/editor.rs - editor::resize (line 306) ... FAILED
blam! test /source/src/editor.rs - editor::resize (line 356) ... FAILED
blam! test /source/src/editor.rs - editor::resize (line 335) ... FAILED
blam! test /source/src/editor.rs - editor::resize (line 378) ... FAILED
blam! test /source/src/editor.rs - editor::resize (line 399) ... FAILED
blam! test /source/src/filter.rs - filter::blur (line 27) ... FAILED
blam! test /source/src/filter.rs - filter::blur (line 44) ... FAILED
blam! test /source/src/filter.rs - filter::brightness (line 69) ... FAILED
blam! test /source/src/filter.rs - filter::convolve (line 114) ... FAILED
blam! test /source/src/filter.rs - filter::emboss (line 212) ... FAILED
blam! test /source/src/filter.rs - filter::gamma (line 243) ... FAILED
blam! test /source/src/filter.rs - filter::grayscale (line 287) ... FAILED
blam! test /source/src/filter.rs - filter::saturation (line 326) ... FAILED
blam! test /source/src/filter.rs - filter::sharpen (line 371) ... FAILED
blam! test /source/src/image.rs - image::Image::check_pixel (line 62) ... ok
blam! test /source/src/image.rs - image::Image::blank (line 33) ... ok
blam! test /source/src/lib.rs -  (line 10) ... ignored
blam! test /source/src/lib.rs -  (line 20) ... ignored
blam! test /source/src/lib.rs -  (line 28) ... ignored
blam! test /source/src/lib.rs -  (line 37) ... ignored
blam! test /source/src/image.rs - image::Image::get_pixel (line 177) ... ok
blam! test /source/src/lib.rs -  (line 49) ... FAILED
blam! test /source/src/image.rs - image::Image::histogram (line 90) ... FAILED
blam! test /source/src/image.rs - image::Image::set_pixel (line 222) ... ok
blam! test /source/src/lib.rs - open (line 136) ... FAILED
blam! test /source/src/lib.rs - save (line 188) ... FAILED
blam! test /source/src/transform.rs - transform::flip (line 33) ... FAILED
blam! test /source/src/transform.rs - transform::flip (line 48) ... FAILED
blam! test /source/src/transform.rs - transform::rotate (line 117) ... FAILED
blam! test /source/src/transform.rs - transform::rotate (line 133) ... FAILED
blam! 
blam! failures:
blam! 
blam! ---- /source/src/compare.rs - compare::equal (line 44) stdout ----
blam! 	thread 'rustc' panicked at 'test executable failed:
blam! 
blam! thread 'main' panicked at 'called `Result::unwrap()` on an `Err` value: Io(Error { repr: Os { code: 2, message: "No such file or directory" } })', /buildslave/rust-buildbot/slave/nightly-dist-rustc-linux/build/src/libcore/result.rs:860
blam! note: Run with `RUST_BACKTRACE=1` for a backtrace.
blam! 
blam! ', /buildslave/rust-buildbot/slave/nightly-dist-rustc-linux/build/src/librustdoc/test.rs:309
blam! note: Run with `RUST_BACKTRACE=1` for a backtrace.
blam! 
blam! ---- /source/src/compare.rs - compare::similar (line 17) stdout ----
blam! 	thread 'rustc' panicked at 'test executable failed:
blam! 
blam! thread 'main' panicked at 'called `Result::unwrap()` on an `Err` value: Io(Error { repr: Os { code: 2, message: "No such file or directory" } })', /buildslave/rust-buildbot/slave/nightly-dist-rustc-linux/build/src/libcore/result.rs:860
blam! note: Run with `RUST_BACKTRACE=1` for a backtrace.
blam! 
blam! ', /buildslave/rust-buildbot/slave/nightly-dist-rustc-linux/build/src/librustdoc/test.rs:309
blam! 
blam! ---- /source/src/editor.rs - editor::blend (line 28) stdout ----
blam! 	thread 'rustc' panicked at 'test executable failed:
blam! 
blam! thread 'main' panicked at 'called `Result::unwrap()` on an `Err` value: Io(Error { repr: Os { code: 2, message: "No such file or directory" } })', /buildslave/rust-buildbot/slave/nightly-dist-rustc-linux/build/src/libcore/result.rs:860
blam! note: Run with `RUST_BACKTRACE=1` for a backtrace.
blam! 
blam! ', /buildslave/rust-buildbot/slave/nightly-dist-rustc-linux/build/src/librustdoc/test.rs:309
blam! 
blam! ---- /source/src/editor.rs - editor::crop (line 172) stdout ----
blam! 	thread 'rustc' panicked at 'test executable failed:
blam! 
blam! thread 'main' panicked at 'called `Result::unwrap()` on an `Err` value: Io(Error { repr: Os { code: 2, message: "No such file or directory" } })', /buildslave/rust-buildbot/slave/nightly-dist-rustc-linux/build/src/libcore/result.rs:860
blam! note: Run with `RUST_BACKTRACE=1` for a backtrace.
blam! 
blam! ', /buildslave/rust-buildbot/slave/nightly-dist-rustc-linux/build/src/librustdoc/test.rs:309
blam! 
blam! ---- /source/src/editor.rs - editor::fill (line 260) stdout ----
blam! 	thread 'rustc' panicked at 'test executable failed:
blam! 
blam! thread 'main' panicked at 'called `Result::unwrap()` on an `Err` value: Io(Error { repr: Os { code: 2, message: "No such file or directory" } })', /buildslave/rust-buildbot/slave/nightly-dist-rustc-linux/build/src/libcore/result.rs:860
blam! note: Run with `RUST_BACKTRACE=1` for a backtrace.
blam! 
blam! ', /buildslave/rust-buildbot/slave/nightly-dist-rustc-linux/build/src/librustdoc/test.rs:309
blam! 
blam! ---- /source/src/editor.rs - editor::resize (line 306) stdout ----
blam! 	thread 'rustc' panicked at 'test executable failed:
blam! 
blam! thread 'main' panicked at 'called `Result::unwrap()` on an `Err` value: Io(Error { repr: Os { code: 2, message: "No such file or directory" } })', /buildslave/rust-buildbot/slave/nightly-dist-rustc-linux/build/src/libcore/result.rs:860
blam! note: Run with `RUST_BACKTRACE=1` for a backtrace.
blam! 
blam! ', /buildslave/rust-buildbot/slave/nightly-dist-rustc-linux/build/src/librustdoc/test.rs:309
blam! 
blam! ---- /source/src/editor.rs - editor::resize (line 356) stdout ----
blam! 	warning: unused imports: `Color`, `Image`
blam!  --> <anon>:3:22
blam!   |
blam! 3 | use raster::{editor, Color, Image, ResizeMode};
blam!   |                      ^^^^^  ^^^^^
blam!   |
blam!   = note: #[warn(unused_imports)] on by default
blam! 
blam! thread 'rustc' panicked at 'test executable failed:
blam! 
blam! thread 'main' panicked at 'called `Result::unwrap()` on an `Err` value: Io(Error { repr: Os { code: 2, message: "No such file or directory" } })', /buildslave/rust-buildbot/slave/nightly-dist-rustc-linux/build/src/libcore/result.rs:860
blam! note: Run with `RUST_BACKTRACE=1` for a backtrace.
blam! 
blam! ', /buildslave/rust-buildbot/slave/nightly-dist-rustc-linux/build/src/librustdoc/test.rs:309
blam! 
blam! ---- /source/src/editor.rs - editor::resize (line 335) stdout ----
blam! 	warning: unused imports: `Color`, `Image`
blam!  --> <anon>:3:22
blam!   |
blam! 3 | use raster::{editor, Color, Image, ResizeMode};
blam!   |                      ^^^^^  ^^^^^
blam!   |
blam!   = note: #[warn(unused_imports)] on by default
blam! 
blam! thread 'rustc' panicked at 'test executable failed:
blam! 
blam! thread 'main' panicked at 'called `Result::unwrap()` on an `Err` value: Io(Error { repr: Os { code: 2, message: "No such file or directory" } })', /buildslave/rust-buildbot/slave/nightly-dist-rustc-linux/build/src/libcore/result.rs:860
blam! note: Run with `RUST_BACKTRACE=1` for a backtrace.
blam! 
blam! ', /buildslave/rust-buildbot/slave/nightly-dist-rustc-linux/build/src/librustdoc/test.rs:309
blam! 
blam! ---- /source/src/editor.rs - editor::resize (line 378) stdout ----
blam! 	warning: unused imports: `Color`, `Image`
blam!  --> <anon>:3:22
blam!   |
blam! 3 | use raster::{editor, Color, Image, ResizeMode};
blam!   |                      ^^^^^  ^^^^^
blam!   |
blam!   = note: #[warn(unused_imports)] on by default
blam! 
blam! thread 'rustc' panicked at 'test executable failed:
blam! 
blam! thread 'main' panicked at 'called `Result::unwrap()` on an `Err` value: Io(Error { repr: Os { code: 2, message: "No such file or directory" } })', /buildslave/rust-buildbot/slave/nightly-dist-rustc-linux/build/src/libcore/result.rs:860
blam! note: Run with `RUST_BACKTRACE=1` for a backtrace.
blam! 
blam! ', /buildslave/rust-buildbot/slave/nightly-dist-rustc-linux/build/src/librustdoc/test.rs:309
blam! 
blam! ---- /source/src/editor.rs - editor::resize (line 399) stdout ----
blam! 	warning: unused imports: `Color`, `Image`
blam!  --> <anon>:3:22
blam!   |
blam! 3 | use raster::{editor, Color, Image, ResizeMode};
blam!   |                      ^^^^^  ^^^^^
blam!   |
blam!   = note: #[warn(unused_imports)] on by default
blam! 
blam! thread 'rustc' panicked at 'test executable failed:
blam! 
blam! thread 'main' panicked at 'called `Result::unwrap()` on an `Err` value: Io(Error { repr: Os { code: 2, message: "No such file or directory" } })', /buildslave/rust-buildbot/slave/nightly-dist-rustc-linux/build/src/libcore/result.rs:860
blam! note: Run with `RUST_BACKTRACE=1` for a backtrace.
blam! 
blam! ', /buildslave/rust-buildbot/slave/nightly-dist-rustc-linux/build/src/librustdoc/test.rs:309
blam! 
blam! ---- /source/src/filter.rs - filter::blur (line 27) stdout ----
blam! 	thread 'rustc' panicked at 'test executable failed:
blam! 
blam! thread 'main' panicked at 'called `Result::unwrap()` on an `Err` value: Io(Error { repr: Os { code: 2, message: "No such file or directory" } })', /buildslave/rust-buildbot/slave/nightly-dist-rustc-linux/build/src/libcore/result.rs:860
blam! note: Run with `RUST_BACKTRACE=1` for a backtrace.
blam! 
blam! ', /buildslave/rust-buildbot/slave/nightly-dist-rustc-linux/build/src/librustdoc/test.rs:309
blam! 
blam! ---- /source/src/filter.rs - filter::blur (line 44) stdout ----
blam! 	thread 'rustc' panicked at 'test executable failed:
blam! 
blam! thread 'main' panicked at 'called `Result::unwrap()` on an `Err` value: Io(Error { repr: Os { code: 2, message: "No such file or directory" } })', /buildslave/rust-buildbot/slave/nightly-dist-rustc-linux/build/src/libcore/result.rs:860
blam! note: Run with `RUST_BACKTRACE=1` for a backtrace.
blam! 
blam! ', /buildslave/rust-buildbot/slave/nightly-dist-rustc-linux/build/src/librustdoc/test.rs:309
blam! 
blam! ---- /source/src/filter.rs - filter::brightness (line 69) stdout ----
blam! 	thread 'rustc' panicked at 'test executable failed:
blam! 
blam! thread 'main' panicked at 'called `Result::unwrap()` on an `Err` value: Io(Error { repr: Os { code: 2, message: "No such file or directory" } })', /buildslave/rust-buildbot/slave/nightly-dist-rustc-linux/build/src/libcore/result.rs:860
blam! note: Run with `RUST_BACKTRACE=1` for a backtrace.
blam! 
blam! ', /buildslave/rust-buildbot/slave/nightly-dist-rustc-linux/build/src/librustdoc/test.rs:309
blam! 
blam! ---- /source/src/filter.rs - filter::convolve (line 114) stdout ----
blam! 	thread 'rustc' panicked at 'test executable failed:
blam! 
blam! thread 'main' panicked at 'called `Result::unwrap()` on an `Err` value: Io(Error { repr: Os { code: 2, message: "No such file or directory" } })', /buildslave/rust-buildbot/slave/nightly-dist-rustc-linux/build/src/libcore/result.rs:860
blam! note: Run with `RUST_BACKTRACE=1` for a backtrace.
blam! 
blam! ', /buildslave/rust-buildbot/slave/nightly-dist-rustc-linux/build/src/librustdoc/test.rs:309
blam! 
blam! ---- /source/src/filter.rs - filter::emboss (line 212) stdout ----
blam! 	thread 'rustc' panicked at 'test executable failed:
blam! 
blam! thread 'main' panicked at 'called `Result::unwrap()` on an `Err` value: Io(Error { repr: Os { code: 2, message: "No such file or directory" } })', /buildslave/rust-buildbot/slave/nightly-dist-rustc-linux/build/src/libcore/result.rs:860
blam! note: Run with `RUST_BACKTRACE=1` for a backtrace.
blam! 
blam! ', /buildslave/rust-buildbot/slave/nightly-dist-rustc-linux/build/src/librustdoc/test.rs:309
blam! 
blam! ---- /source/src/filter.rs - filter::gamma (line 243) stdout ----
blam! 	thread 'rustc' panicked at 'test executable failed:
blam! 
blam! thread 'main' panicked at 'called `Result::unwrap()` on an `Err` value: Io(Error { repr: Os { code: 2, message: "No such file or directory" } })', /buildslave/rust-buildbot/slave/nightly-dist-rustc-linux/build/src/libcore/result.rs:860
blam! note: Run with `RUST_BACKTRACE=1` for a backtrace.
blam! 
blam! ', /buildslave/rust-buildbot/slave/nightly-dist-rustc-linux/build/src/librustdoc/test.rs:309
blam! 
blam! ---- /source/src/filter.rs - filter::grayscale (line 287) stdout ----
blam! 	thread 'rustc' panicked at 'test executable failed:
blam! 
blam! thread 'main' panicked at 'called `Result::unwrap()` on an `Err` value: Io(Error { repr: Os { code: 2, message: "No such file or directory" } })', /buildslave/rust-buildbot/slave/nightly-dist-rustc-linux/build/src/libcore/result.rs:860
blam! note: Run with `RUST_BACKTRACE=1` for a backtrace.
blam! 
blam! ', /buildslave/rust-buildbot/slave/nightly-dist-rustc-linux/build/src/librustdoc/test.rs:309
blam! 
blam! ---- /source/src/filter.rs - filter::saturation (line 326) stdout ----
blam! 	thread 'rustc' panicked at 'test executable failed:
blam! 
blam! thread 'main' panicked at 'called `Result::unwrap()` on an `Err` value: Io(Error { repr: Os { code: 2, message: "No such file or directory" } })', /buildslave/rust-buildbot/slave/nightly-dist-rustc-linux/build/src/libcore/result.rs:860
blam! note: Run with `RUST_BACKTRACE=1` for a backtrace.
blam! 
blam! ', /buildslave/rust-buildbot/slave/nightly-dist-rustc-linux/build/src/librustdoc/test.rs:309
blam! 
blam! ---- /source/src/filter.rs - filter::sharpen (line 371) stdout ----
blam! 	thread 'rustc' panicked at 'test executable failed:
blam! 
blam! thread 'main' panicked at 'called `Result::unwrap()` on an `Err` value: Io(Error { repr: Os { code: 2, message: "No such file or directory" } })', /buildslave/rust-buildbot/slave/nightly-dist-rustc-linux/build/src/libcore/result.rs:860
blam! note: Run with `RUST_BACKTRACE=1` for a backtrace.
blam! 
blam! ', /buildslave/rust-buildbot/slave/nightly-dist-rustc-linux/build/src/librustdoc/test.rs:309
blam! 
blam! ---- /source/src/lib.rs -  (line 49) stdout ----
blam! 	thread 'rustc' panicked at 'test executable failed:
blam! 
blam! thread 'main' panicked at 'called `Result::unwrap()` on an `Err` value: Io(Error { repr: Os { code: 2, message: "No such file or directory" } })', /buildslave/rust-buildbot/slave/nightly-dist-rustc-linux/build/src/libcore/result.rs:860
blam! note: Run with `RUST_BACKTRACE=1` for a backtrace.
blam! 
blam! ', /buildslave/rust-buildbot/slave/nightly-dist-rustc-linux/build/src/librustdoc/test.rs:309
blam! 
blam! ---- /source/src/image.rs - image::Image::histogram (line 90) stdout ----
blam! 	thread 'rustc' panicked at 'test executable failed:
blam! 
blam! thread 'main' panicked at 'called `Result::unwrap()` on an `Err` value: Io(Error { repr: Os { code: 2, message: "No such file or directory" } })', /buildslave/rust-buildbot/slave/nightly-dist-rustc-linux/build/src/libcore/result.rs:860
blam! note: Run with `RUST_BACKTRACE=1` for a backtrace.
blam! 
blam! ', /buildslave/rust-buildbot/slave/nightly-dist-rustc-linux/build/src/librustdoc/test.rs:309
blam! 
blam! ---- /source/src/lib.rs - open (line 136) stdout ----
blam! 	thread 'rustc' panicked at 'test executable failed:
blam! 
blam! thread 'main' panicked at 'called `Result::unwrap()` on an `Err` value: Io(Error { repr: Os { code: 2, message: "No such file or directory" } })', /buildslave/rust-buildbot/slave/nightly-dist-rustc-linux/build/src/libcore/result.rs:860
blam! note: Run with `RUST_BACKTRACE=1` for a backtrace.
blam! 
blam! ', /buildslave/rust-buildbot/slave/nightly-dist-rustc-linux/build/src/librustdoc/test.rs:309
blam! 
blam! ---- /source/src/lib.rs - save (line 188) stdout ----
blam! 	thread 'rustc' panicked at 'test executable failed:
blam! 
blam! thread 'main' panicked at 'called `Result::unwrap()` on an `Err` value: Io(Error { repr: Os { code: 2, message: "No such file or directory" } })', /buildslave/rust-buildbot/slave/nightly-dist-rustc-linux/build/src/libcore/result.rs:860
blam! note: Run with `RUST_BACKTRACE=1` for a backtrace.
blam! 
blam! ', /buildslave/rust-buildbot/slave/nightly-dist-rustc-linux/build/src/librustdoc/test.rs:309
blam! 
blam! ---- /source/src/transform.rs - transform::flip (line 33) stdout ----
blam! 	thread 'rustc' panicked at 'test executable failed:
blam! 
blam! thread 'main' panicked at 'called `Result::unwrap()` on an `Err` value: Io(Error { repr: Os { code: 2, message: "No such file or directory" } })', /buildslave/rust-buildbot/slave/nightly-dist-rustc-linux/build/src/libcore/result.rs:860
blam! note: Run with `RUST_BACKTRACE=1` for a backtrace.
blam! 
blam! ', /buildslave/rust-buildbot/slave/nightly-dist-rustc-linux/build/src/librustdoc/test.rs:309
blam! 
blam! ---- /source/src/transform.rs - transform::flip (line 48) stdout ----
blam! 	thread 'rustc' panicked at 'test executable failed:
blam! 
blam! thread 'main' panicked at 'called `Result::unwrap()` on an `Err` value: Io(Error { repr: Os { code: 2, message: "No such file or directory" } })', /buildslave/rust-buildbot/slave/nightly-dist-rustc-linux/build/src/libcore/result.rs:860
blam! note: Run with `RUST_BACKTRACE=1` for a backtrace.
blam! 
blam! ', /buildslave/rust-buildbot/slave/nightly-dist-rustc-linux/build/src/librustdoc/test.rs:309
blam! 
blam! ---- /source/src/transform.rs - transform::rotate (line 117) stdout ----
blam! 	thread 'rustc' panicked at 'test executable failed:
blam! 
blam! thread 'main' panicked at 'called `Result::unwrap()` on an `Err` value: Io(Error { repr: Os { code: 2, message: "No such file or directory" } })', /buildslave/rust-buildbot/slave/nightly-dist-rustc-linux/build/src/libcore/result.rs:860
blam! note: Run with `RUST_BACKTRACE=1` for a backtrace.
blam! 
blam! ', /buildslave/rust-buildbot/slave/nightly-dist-rustc-linux/build/src/librustdoc/test.rs:309
blam! 
blam! ---- /source/src/transform.rs - transform::rotate (line 133) stdout ----
blam! 	thread 'rustc' panicked at 'test executable failed:
blam! 
blam! thread 'main' panicked at 'called `Result::unwrap()` on an `Err` value: Io(Error { repr: Os { code: 2, message: "No such file or directory" } })', /buildslave/rust-buildbot/slave/nightly-dist-rustc-linux/build/src/libcore/result.rs:860
blam! note: Run with `RUST_BACKTRACE=1` for a backtrace.
blam! 
blam! ', /buildslave/rust-buildbot/slave/nightly-dist-rustc-linux/build/src/librustdoc/test.rs:309
blam! 
blam! 
blam! failures:
blam!     /source/src/compare.rs - compare::equal (line 44)
blam!     /source/src/compare.rs - compare::similar (line 17)
blam!     /source/src/editor.rs - editor::blend (line 28)
blam!     /source/src/editor.rs - editor::crop (line 172)
blam!     /source/src/editor.rs - editor::fill (line 260)
blam!     /source/src/editor.rs - editor::resize (line 306)
blam!     /source/src/editor.rs - editor::resize (line 335)
blam!     /source/src/editor.rs - editor::resize (line 356)
blam!     /source/src/editor.rs - editor::resize (line 378)
blam!     /source/src/editor.rs - editor::resize (line 399)
blam!     /source/src/filter.rs - filter::blur (line 27)
blam!     /source/src/filter.rs - filter::blur (line 44)
blam!     /source/src/filter.rs - filter::brightness (line 69)
blam!     /source/src/filter.rs - filter::convolve (line 114)
blam!     /source/src/filter.rs - filter::emboss (line 212)
blam!     /source/src/filter.rs - filter::gamma (line 243)
blam!     /source/src/filter.rs - filter::grayscale (line 287)
blam!     /source/src/filter.rs - filter::saturation (line 326)
blam!     /source/src/filter.rs - filter::sharpen (line 371)
blam!     /source/src/image.rs - image::Image::histogram (line 90)
blam!     /source/src/lib.rs -  (line 49)
blam!     /source/src/lib.rs - open (line 136)
blam!     /source/src/lib.rs - save (line 188)
blam!     /source/src/transform.rs - transform::flip (line 33)
blam!     /source/src/transform.rs - transform::flip (line 48)
blam!     /source/src/transform.rs - transform::rotate (line 117)
blam!     /source/src/transform.rs - transform::rotate (line 133)
blam! 
blam! test result: FAILED. 10 passed; 27 failed; 4 ignored; 0 measured
blam! 
kablam! error: test failed
boom! running `docker rm -f f33ba16726019d60d51f6e38bdfde416eae49fe2aa99117dbfc253aceec40636`
blam! f33ba16726019d60d51f6e38bdfde416eae49fe2aa99117dbfc253aceec40636
