boom! testing compile_msg-0.1.5 against stable for nightly
boom! running: cargo +stable build --frozen
boom! creating container for: cargo +stable build --frozen
boom! running `docker create -v /home/ec2-user/cargobomb/./work/local/test-source/nightly/stable:/source:ro -v /home/ec2-user/cargobomb/./work/local/cargo-home:/cargo-home:ro -v /home/ec2-user/cargobomb/./work/local/rustup-home:/rustup-home:ro -v /home/ec2-user/cargobomb/./work/local/target-dirs/nightly/stable:/target:rw -e USER_ID=500 -e CMD=cargo +stable build --frozen cargobomb`
blam! bd6c2e113455f816018a0d063a37680618d39f0c84351b542491351636476536
boom! running `docker start -a bd6c2e113455f816018a0d063a37680618d39f0c84351b542491351636476536`
kablam!    Compiling compile_msg v0.1.5 (file:///source)
kablam! error[E0432]: unresolved import `rustc::plugin::Registry`
kablam!   --> src/lib.rs:12:5
kablam!    |
kablam! 12 | use rustc::plugin::Registry;
kablam!    |     ^^^^^^^^^^^^^^^^^^^^^^^ Could not find `plugin` in `rustc`
kablam! 
kablam! error[E0412]: cannot find type `TokenTree` in module `ast`
kablam!   --> src/lib.rs:31:38
kablam!    |
kablam! 31 |                                args: &[ast::TokenTree]) -> Box<base::MacResult+'static> {
kablam!    |                                        ^^^^^^^^^^^^^^ not found in `ast`
kablam! ...
kablam! 41 |       register_specifics! {
kablam!    |  _____- starting here...
kablam! 42 | |         "compile_note" => Note,
kablam! 43 | |         "compile_warning" => Warning,
kablam! 44 | |         "compile_error" => Error,
kablam! 45 | |         "compile_fatal" => Fatal
kablam! 46 | |     }
kablam!    | |_____- ...ending here: in this macro invocation
kablam!    |
kablam!    = help: possible candidate is found in another module, you can import it into scope:
kablam!              `use syntax::tokenstream::TokenTree;`
kablam! 
kablam! error[E0412]: cannot find type `TokenTree` in module `ast`
kablam!   --> src/lib.rs:31:38
kablam!    |
kablam! 31 |                                args: &[ast::TokenTree]) -> Box<base::MacResult+'static> {
kablam!    |                                        ^^^^^^^^^^^^^^ not found in `ast`
kablam! ...
kablam! 41 |       register_specifics! {
kablam!    |  _____- starting here...
kablam! 42 | |         "compile_note" => Note,
kablam! 43 | |         "compile_warning" => Warning,
kablam! 44 | |         "compile_error" => Error,
kablam! 45 | |         "compile_fatal" => Fatal
kablam! 46 | |     }
kablam!    | |_____- ...ending here: in this macro invocation
kablam!    |
kablam!    = help: possible candidate is found in another module, you can import it into scope:
kablam!              `use syntax::tokenstream::TokenTree;`
kablam! 
kablam! error[E0412]: cannot find type `TokenTree` in module `ast`
kablam!   --> src/lib.rs:31:38
kablam!    |
kablam! 31 |                                args: &[ast::TokenTree]) -> Box<base::MacResult+'static> {
kablam!    |                                        ^^^^^^^^^^^^^^ not found in `ast`
kablam! ...
kablam! 41 |       register_specifics! {
kablam!    |  _____- starting here...
kablam! 42 | |         "compile_note" => Note,
kablam! 43 | |         "compile_warning" => Warning,
kablam! 44 | |         "compile_error" => Error,
kablam! 45 | |         "compile_fatal" => Fatal
kablam! 46 | |     }
kablam!    | |_____- ...ending here: in this macro invocation
kablam!    |
kablam!    = help: possible candidate is found in another module, you can import it into scope:
kablam!              `use syntax::tokenstream::TokenTree;`
kablam! 
kablam! error[E0412]: cannot find type `TokenTree` in module `ast`
kablam!   --> src/lib.rs:31:38
kablam!    |
kablam! 31 |                                args: &[ast::TokenTree]) -> Box<base::MacResult+'static> {
kablam!    |                                        ^^^^^^^^^^^^^^ not found in `ast`
kablam! ...
kablam! 41 |       register_specifics! {
kablam!    |  _____- starting here...
kablam! 42 | |         "compile_note" => Note,
kablam! 43 | |         "compile_warning" => Warning,
kablam! 44 | |         "compile_error" => Error,
kablam! 45 | |         "compile_fatal" => Fatal
kablam! 46 | |     }
kablam!    | |_____- ...ending here: in this macro invocation
kablam!    |
kablam!    = help: possible candidate is found in another module, you can import it into scope:
kablam!              `use syntax::tokenstream::TokenTree;`
kablam! 
kablam! error[E0412]: cannot find type `TokenTree` in module `ast`
kablam!   --> src/lib.rs:50:51
kablam!    |
kablam! 50 |               cx: &mut ExtCtxt, sp: Span, args: &[ast::TokenTree]) -> Box<base::MacResult+'static> {
kablam!    |                                                   ^^^^^^^^^^^^^^ not found in `ast`
kablam!    |
kablam!    = help: possible candidate is found in another module, you can import it into scope:
kablam!              `use syntax::tokenstream::TokenTree;`
kablam! 
kablam! error[E0531]: cannot find tuple struct/variant `ExprLit` in module `ast`
kablam!   --> src/lib.rs:59:13
kablam!    |
kablam! 59 |             ast::ExprLit(ref lit) => {
kablam!    |             ^^^^^^^^^^^^ not found in `ast`
kablam!    |
kablam!    = help: possible candidates are found in other modules, you can import them into scope:
kablam!              `use rustc::hir::ExprLit;`
kablam!              `use rustc::hir::Expr_::ExprLit;`
kablam! 
kablam! error[E0531]: cannot find tuple struct/variant `LitStr` in module `ast`
kablam!   --> src/lib.rs:61:21
kablam!    |
kablam! 61 |                     ast::LitStr(ref s, _) |
kablam!    |                     ^^^^^^^^^^^ not found in `ast`
kablam! 
kablam! error[E0531]: cannot find tuple struct/variant `LitFloat` in module `ast`
kablam!   --> src/lib.rs:62:21
kablam!    |
kablam! 62 |                     ast::LitFloat(ref s, _) |
kablam!    |                     ^^^^^^^^^^^^^ not found in `ast`
kablam! 
kablam! error[E0531]: cannot find tuple struct/variant `LitFloatUnsuffixed` in module `ast`
kablam!   --> src/lib.rs:63:21
kablam!    |
kablam! 63 |                     ast::LitFloatUnsuffixed(ref s) => {
kablam!    |                     ^^^^^^^^^^^^^^^^^^^^^^^ not found in `ast`
kablam! 
kablam! error[E0531]: cannot find tuple struct/variant `LitChar` in module `ast`
kablam!   --> src/lib.rs:66:21
kablam!    |
kablam! 66 |                     ast::LitChar(c) => {
kablam!    |                     ^^^^^^^^^^^^ not found in `ast`
kablam! 
kablam! error[E0531]: cannot find tuple struct/variant `LitInt` in module `ast`
kablam!   --> src/lib.rs:69:21
kablam!    |
kablam! 69 |                     ast::LitInt(i, ast::UnsignedIntLit(_)) |
kablam!    |                     ^^^^^^^^^^^ not found in `ast`
kablam! 
kablam! error[E0531]: cannot find tuple struct/variant `UnsignedIntLit` in module `ast`
kablam!   --> src/lib.rs:69:36
kablam!    |
kablam! 69 |                     ast::LitInt(i, ast::UnsignedIntLit(_)) |
kablam!    |                                    ^^^^^^^^^^^^^^^^^^^ not found in `ast`
kablam! 
kablam! error[E0531]: cannot find tuple struct/variant `LitInt` in module `ast`
kablam!   --> src/lib.rs:70:21
kablam!    |
kablam! 70 |                     ast::LitInt(i, ast::SignedIntLit(_, ast::Plus)) |
kablam!    |                     ^^^^^^^^^^^ not found in `ast`
kablam! 
kablam! error[E0531]: cannot find tuple struct/variant `SignedIntLit` in module `ast`
kablam!   --> src/lib.rs:70:36
kablam!    |
kablam! 70 |                     ast::LitInt(i, ast::SignedIntLit(_, ast::Plus)) |
kablam!    |                                    ^^^^^^^^^^^^^^^^^ not found in `ast`
kablam! 
kablam! error[E0531]: cannot find unit struct/variant or constant `Plus` in module `ast`
kablam!   --> src/lib.rs:70:57
kablam!    |
kablam! 70 |                     ast::LitInt(i, ast::SignedIntLit(_, ast::Plus)) |
kablam!    |                                                         ^^^^^^^^^ not found in `ast`
kablam!    |
kablam!    = help: possible candidates are found in other modules, you can import them into scope:
kablam!              `use syntax::parse::token::BinOpToken::Plus;`
kablam!              `use syntax::parse::token::Plus;`
kablam! 
kablam! error[E0531]: cannot find tuple struct/variant `LitInt` in module `ast`
kablam!   --> src/lib.rs:71:21
kablam!    |
kablam! 71 |                     ast::LitInt(i, ast::UnsuffixedIntLit(ast::Plus)) => {
kablam!    |                     ^^^^^^^^^^^ not found in `ast`
kablam! 
kablam! error[E0531]: cannot find tuple struct/variant `UnsuffixedIntLit` in module `ast`
kablam!   --> src/lib.rs:71:36
kablam!    |
kablam! 71 |                     ast::LitInt(i, ast::UnsuffixedIntLit(ast::Plus)) => {
kablam!    |                                    ^^^^^^^^^^^^^^^^^^^^^ not found in `ast`
kablam! 
kablam! error[E0531]: cannot find unit struct/variant or constant `Plus` in module `ast`
kablam!   --> src/lib.rs:71:58
kablam!    |
kablam! 71 |                     ast::LitInt(i, ast::UnsuffixedIntLit(ast::Plus)) => {
kablam!    |                                                          ^^^^^^^^^ not found in `ast`
kablam!    |
kablam!    = help: possible candidates are found in other modules, you can import them into scope:
kablam!              `use syntax::parse::token::BinOpToken::Plus;`
kablam!              `use syntax::parse::token::Plus;`
kablam! 
kablam! error[E0531]: cannot find tuple struct/variant `LitInt` in module `ast`
kablam!   --> src/lib.rs:74:21
kablam!    |
kablam! 74 |                     ast::LitInt(i, ast::SignedIntLit(_, ast::Minus)) |
kablam!    |                     ^^^^^^^^^^^ not found in `ast`
kablam! 
kablam! error[E0531]: cannot find tuple struct/variant `SignedIntLit` in module `ast`
kablam!   --> src/lib.rs:74:36
kablam!    |
kablam! 74 |                     ast::LitInt(i, ast::SignedIntLit(_, ast::Minus)) |
kablam!    |                                    ^^^^^^^^^^^^^^^^^ not found in `ast`
kablam! 
kablam! error[E0531]: cannot find unit struct/variant or constant `Minus` in module `ast`
kablam!   --> src/lib.rs:74:57
kablam!    |
kablam! 74 |                     ast::LitInt(i, ast::SignedIntLit(_, ast::Minus)) |
kablam!    |                                                         ^^^^^^^^^^ not found in `ast`
kablam!    |
kablam!    = help: possible candidates are found in other modules, you can import them into scope:
kablam!              `use syntax::parse::token::BinOpToken::Minus;`
kablam!              `use syntax::parse::token::Minus;`
kablam! 
kablam! error[E0531]: cannot find tuple struct/variant `LitInt` in module `ast`
kablam!   --> src/lib.rs:75:21
kablam!    |
kablam! 75 |                     ast::LitInt(i, ast::UnsuffixedIntLit(ast::Minus)) => {
kablam!    |                     ^^^^^^^^^^^ not found in `ast`
kablam! 
kablam! error[E0531]: cannot find tuple struct/variant `UnsuffixedIntLit` in module `ast`
kablam!   --> src/lib.rs:75:36
kablam!    |
kablam! 75 |                     ast::LitInt(i, ast::UnsuffixedIntLit(ast::Minus)) => {
kablam!    |                                    ^^^^^^^^^^^^^^^^^^^^^ not found in `ast`
kablam! 
kablam! error[E0531]: cannot find unit struct/variant or constant `Minus` in module `ast`
kablam!   --> src/lib.rs:75:58
kablam!    |
kablam! 75 |                     ast::LitInt(i, ast::UnsuffixedIntLit(ast::Minus)) => {
kablam!    |                                                          ^^^^^^^^^^ not found in `ast`
kablam!    |
kablam!    = help: possible candidates are found in other modules, you can import them into scope:
kablam!              `use syntax::parse::token::BinOpToken::Minus;`
kablam!              `use syntax::parse::token::Minus;`
kablam! 
kablam! error[E0531]: cannot find tuple struct/variant `LitBool` in module `ast`
kablam!   --> src/lib.rs:78:21
kablam!    |
kablam! 78 |                     ast::LitBool(b) => {
kablam!    |                     ^^^^^^^^^^^^ not found in `ast`
kablam! 
kablam! error[E0531]: cannot find tuple struct/variant `LitByte` in module `ast`
kablam!   --> src/lib.rs:81:21
kablam!    |
kablam! 81 |                     ast::LitByte(..) |
kablam!    |                     ^^^^^^^^^^^^ not found in `ast`
kablam! 
kablam! error[E0531]: cannot find tuple struct/variant `LitBinary` in module `ast`
kablam!   --> src/lib.rs:82:21
kablam!    |
kablam! 82 |                     ast::LitBinary(..) => {
kablam!    |                     ^^^^^^^^^^^^^^ not found in `ast`
kablam! 
kablam! error[E0554]: #[feature] may not be used on the stable release channel
kablam!  --> src/lib.rs:1:1
kablam!   |
kablam! 1 | #![feature(plugin_registrar)]
kablam!   | ^^^^^^^^^^^^^^^^^^^^^^^^^^^^^
kablam! 
kablam! error[E0554]: #[feature] may not be used on the stable release channel
kablam!  --> src/lib.rs:3:1
kablam!   |
kablam! 3 | #![feature(rustc_private, core)]
kablam!   | ^^^^^^^^^^^^^^^^^^^^^^^^^^^^^^^^
kablam! 
kablam! error: aborting due to 2 previous errors
kablam! 
kablam! error: Could not compile `compile_msg`.
kablam! 
kablam! To learn more, run the command again with --verbose.
boom! running `docker rm -f bd6c2e113455f816018a0d063a37680618d39f0c84351b542491351636476536`
blam! bd6c2e113455f816018a0d063a37680618d39f0c84351b542491351636476536
