boom! testing act-0.1.1 against stable for nightly
boom! running: cargo +stable build --frozen
boom! creating container for: cargo +stable build --frozen
boom! running `docker create -v /home/ec2-user/cargobomb/./work/local/test-source/nightly/stable:/source:ro -v /home/ec2-user/cargobomb/./work/local/cargo-home:/cargo-home:ro -v /home/ec2-user/cargobomb/./work/local/rustup-home:/rustup-home:ro -v /home/ec2-user/cargobomb/./work/local/target-dirs/nightly/stable:/target:rw -e USER_ID=500 -e CMD=cargo +stable build --frozen cargobomb`
blam! 6a89656db83bd60270f809f3e9d70772ab822aad78cde2675dd97c998012e52e
boom! running `docker start -a 6a89656db83bd60270f809f3e9d70772ab822aad78cde2675dd97c998012e52e`
kablam!    Compiling ansi-escapes v0.1.0
kablam!    Compiling act v0.1.1 (file:///source)
kablam! warning: unused import: `std::io`, #[warn(unused_imports)] on by default
kablam!    --> src/lib.rs:225:17
kablam!     |
kablam! 225 |             use std::io;
kablam!     |                 ^^^^^^^
kablam! 
kablam!     Finished debug [unoptimized + debuginfo] target(s) in 3.13 secs
boom! running `docker rm -f 6a89656db83bd60270f809f3e9d70772ab822aad78cde2675dd97c998012e52e`
blam! 6a89656db83bd60270f809f3e9d70772ab822aad78cde2675dd97c998012e52e
boom! running: cargo +stable test --frozen --no-run
boom! creating container for: cargo +stable test --frozen --no-run
boom! running `docker create -v /home/ec2-user/cargobomb/./work/local/test-source/nightly/stable:/source:ro -v /home/ec2-user/cargobomb/./work/local/cargo-home:/cargo-home:ro -v /home/ec2-user/cargobomb/./work/local/rustup-home:/rustup-home:ro -v /home/ec2-user/cargobomb/./work/local/target-dirs/nightly/stable:/target:rw -e USER_ID=500 -e CMD=cargo +stable test --frozen --no-run cargobomb`
blam! 02595407a837c312cb304b163e073165a7562e18d58f250ca94576bebb088142
boom! running `docker start -a 02595407a837c312cb304b163e073165a7562e18d58f250ca94576bebb088142`
kablam!    Compiling act v0.1.1 (file:///source)
kablam! warning: unused import: `std::io`, #[warn(unused_imports)] on by default
kablam!    --> src/lib.rs:225:17
kablam!     |
kablam! 225 |             use std::io;
kablam!     |                 ^^^^^^^
kablam! 
kablam!     Finished debug [unoptimized + debuginfo] target(s) in 2.56 secs
boom! running `docker rm -f 02595407a837c312cb304b163e073165a7562e18d58f250ca94576bebb088142`
blam! 02595407a837c312cb304b163e073165a7562e18d58f250ca94576bebb088142
boom! running: cargo +stable test --frozen
boom! creating container for: cargo +stable test --frozen
boom! running `docker create -v /home/ec2-user/cargobomb/./work/local/test-source/nightly/stable:/source:ro -v /home/ec2-user/cargobomb/./work/local/cargo-home:/cargo-home:ro -v /home/ec2-user/cargobomb/./work/local/rustup-home:/rustup-home:ro -v /home/ec2-user/cargobomb/./work/local/target-dirs/nightly/stable:/target:rw -e USER_ID=500 -e CMD=cargo +stable test --frozen cargobomb`
blam! b2e02db9444e592b5c2cd503a2f8855b56bf539c3a5e51186174a9df666b634a
boom! running `docker start -a b2e02db9444e592b5c2cd503a2f8855b56bf539c3a5e51186174a9df666b634a`
kablam!     Finished debug [unoptimized + debuginfo] target(s) in 0.0 secs
kablam!      Running /target/debug/deps/act-4d4e1bdc96674403
blam! 
blam! running 0 tests
blam! 
blam! test result: ok. 0 passed; 0 failed; 0 ignored; 0 measured
blam! 
kablam!      Running /target/debug/deps/act-6b9833c777b46a45
blam! 
blam! running 0 tests
blam! 
blam! test result: ok. 0 passed; 0 failed; 0 ignored; 0 measured
blam! 
kablam!    Doc-tests act
blam! 
blam! running 2 tests
blam! test Action_0 ... FAILED
kablam! error: test failed
blam! test _0 ... FAILED
blam! 
blam! failures:
blam! 
blam! ---- Action_0 stdout ----
blam! 	error[E0308]: mismatched types
blam!  --> <anon>:5:39
blam!   |
blam! 5 |     let move_to_locked = Action::Move("Unlock the door ","locked_room","LockedRoomKey");
blam!   |                                       ^^^^^^^^^^^^^^^^^^ expected struct `std::string::String`, found reference
blam!   |
blam!   = note: expected type `std::string::String`
blam!   = note:    found type `&'static str`
blam! 
blam! error[E0308]: mismatched types
blam!  --> <anon>:5:58
blam!   |
blam! 5 |     let move_to_locked = Action::Move("Unlock the door ","locked_room","LockedRoomKey");
blam!   |                                                          ^^^^^^^^^^^^^ expected struct `std::string::String`, found reference
blam!   |
blam!   = note: expected type `std::string::String`
blam!   = note:    found type `&'static str`
blam! 
blam! error[E0308]: mismatched types
blam!  --> <anon>:5:72
blam!   |
blam! 5 |     let move_to_locked = Action::Move("Unlock the door ","locked_room","LockedRoomKey");
blam!   |                                                                        ^^^^^^^^^^^^^^^ expected struct `std::string::String`, found reference
blam!   |
blam!   = note: expected type `std::string::String`
blam!   = note:    found type `&'static str`
blam! 
blam! error: aborting due to previous error(s)
blam! 
blam! thread 'Action_0' panicked at 'Box<Any>', /buildslave/rust-buildbot/slave/stable-dist-rustc-linux/build/src/librustc/session/mod.rs:201
blam! note: Run with `RUST_BACKTRACE=1` for a backtrace.
blam! 
blam! ---- _0 stdout ----
blam! 	thread '_0' panicked at 'test executable failed:
blam! Made with 
blam! 
blam! 
blam!       _/           _//   _//! _//!//!
blam!      _/ //      _//   _//     _//
blam!     _/  _//    _//            _//
blam!    _//   _//   _//            _//
blam!   _//!//! _//  _//            _//
blam!  _//       _//  _//   _//     _//
blam! _//         _//   _//!/       _//
blam! 
blam! Make your own game at github.com/ichy-wayland/act
blam! cIm a starting room! Welcome to this example game.
blam! 
blam! 0. Move to another room
blam! 
blam! 
blam! 
blam! thread 'main' panicked at 'called `Option::unwrap()` on a `None` value', /buildslave/rust-buildbot/slave/stable-dist-rustc-linux/build/src/libcore/option.rs:323
blam! note: Run with `RUST_BACKTRACE=1` for a backtrace.
blam! ', /buildslave/rust-buildbot/slave/stable-dist-rustc-linux/build/src/librustdoc/test.rs:301
blam! 
blam! 
blam! failures:
blam!     Action_0
blam!     _0
blam! 
blam! test result: FAILED. 0 passed; 2 failed; 0 ignored; 0 measured
blam! 
boom! running `docker rm -f b2e02db9444e592b5c2cd503a2f8855b56bf539c3a5e51186174a9df666b634a`
blam! b2e02db9444e592b5c2cd503a2f8855b56bf539c3a5e51186174a9df666b634a
