boom! testing vulkano-0.3.1 against nightly for nightly
boom! running: cargo +nightly build --frozen
boom! creating container for: cargo +nightly build --frozen
boom! running `docker create -v /home/ec2-user/cargobomb/./work/local/test-source/nightly/nightly:/source:ro -v /home/ec2-user/cargobomb/./work/local/cargo-home:/cargo-home:ro -v /home/ec2-user/cargobomb/./work/local/rustup-home:/rustup-home:ro -v /home/ec2-user/cargobomb/./work/local/target-dirs/nightly/nightly:/target:rw -e USER_ID=500 -e CMD=cargo +nightly build --frozen cargobomb`
blam! ba0bc1aa4f89b601ce7d00fc2d70156b6ff2db25dc5f697a496968d3f5058f19
boom! running `docker start -a ba0bc1aa4f89b601ce7d00fc2d70156b6ff2db25dc5f697a496968d3f5058f19`
kablam!    Compiling vk-sys v0.2.1
kablam!    Compiling vulkano v0.3.1 (file:///source)
kablam!     Finished dev [unoptimized + debuginfo] target(s) in 34.68 secs
boom! running `docker rm -f ba0bc1aa4f89b601ce7d00fc2d70156b6ff2db25dc5f697a496968d3f5058f19`
blam! ba0bc1aa4f89b601ce7d00fc2d70156b6ff2db25dc5f697a496968d3f5058f19
boom! running: cargo +nightly test --frozen --no-run
boom! creating container for: cargo +nightly test --frozen --no-run
boom! running `docker create -v /home/ec2-user/cargobomb/./work/local/test-source/nightly/nightly:/source:ro -v /home/ec2-user/cargobomb/./work/local/cargo-home:/cargo-home:ro -v /home/ec2-user/cargobomb/./work/local/rustup-home:/rustup-home:ro -v /home/ec2-user/cargobomb/./work/local/target-dirs/nightly/nightly:/target:rw -e USER_ID=500 -e CMD=cargo +nightly test --frozen --no-run cargobomb`
blam! e0829043f55b252370bbc36c6fd0966f2dba0530c749461b936847fdae969524
boom! running `docker start -a e0829043f55b252370bbc36c6fd0966f2dba0530c749461b936847fdae969524`
kablam!    Compiling vulkano v0.3.1 (file:///source)
kablam! warning: attribute must be of the form: `#[should_panic]` or `#[should_panic(expected = "error message")]`
kablam!    --> src/buffer/sys.rs:544:7
kablam!     |
kablam! 544 |     #[should_panic = "Can't enable sparse residency without enabling sparse binding as well"]
kablam!     |       ^^^^^^^^^^^^^^^^^^^^^^^^^^^^^^^^^^^^^^^^^^^^^^^^^^^^^^^^^^^^^^^^^^^^^^^^^^^^^^^^^^^^^^
kablam!     |
kablam!     = note: Errors in this attribute were erroneously allowed and will become a hard error in a future release.
kablam! 
kablam! warning: attribute must be of the form: `#[should_panic]` or `#[should_panic(expected = "error message")]`
kablam!    --> src/buffer/sys.rs:555:7
kablam!     |
kablam! 555 |     #[should_panic = "Can't enable sparse aliasing without enabling sparse binding as well"]
kablam!     |       ^^^^^^^^^^^^^^^^^^^^^^^^^^^^^^^^^^^^^^^^^^^^^^^^^^^^^^^^^^^^^^^^^^^^^^^^^^^^^^^^^^^^^
kablam!     |
kablam!     = note: Errors in this attribute were erroneously allowed and will become a hard error in a future release.
kablam! 
kablam! warning: attribute must be of the form: `#[should_panic]` or `#[should_panic(expected = "error message")]`
kablam!    --> src/sync/fence.rs:350:7
kablam!     |
kablam! 350 |     #[should_panic = "Tried to wait for multiple fences that didn't belong to the same device"]
kablam!     |       ^^^^^^^^^^^^^^^^^^^^^^^^^^^^^^^^^^^^^^^^^^^^^^^^^^^^^^^^^^^^^^^^^^^^^^^^^^^^^^^^^^^^^^^^
kablam!     |
kablam!     = note: Errors in this attribute were erroneously allowed and will become a hard error in a future release.
kablam! 
kablam! warning: attribute must be of the form: `#[should_panic]` or `#[should_panic(expected = "error message")]`
kablam!    --> src/sync/fence.rs:362:7
kablam!     |
kablam! 362 |     #[should_panic = "Tried to reset multiple fences that didn't belong to the same device"]
kablam!     |       ^^^^^^^^^^^^^^^^^^^^^^^^^^^^^^^^^^^^^^^^^^^^^^^^^^^^^^^^^^^^^^^^^^^^^^^^^^^^^^^^^^^^^
kablam!     |
kablam!     = note: Errors in this attribute were erroneously allowed and will become a hard error in a future release.
kablam! 
kablam!     Finished dev [unoptimized + debuginfo] target(s) in 48.61 secs
boom! running `docker rm -f e0829043f55b252370bbc36c6fd0966f2dba0530c749461b936847fdae969524`
blam! e0829043f55b252370bbc36c6fd0966f2dba0530c749461b936847fdae969524
boom! running: cargo +nightly test --frozen
boom! creating container for: cargo +nightly test --frozen
boom! running `docker create -v /home/ec2-user/cargobomb/./work/local/test-source/nightly/nightly:/source:ro -v /home/ec2-user/cargobomb/./work/local/cargo-home:/cargo-home:ro -v /home/ec2-user/cargobomb/./work/local/rustup-home:/rustup-home:ro -v /home/ec2-user/cargobomb/./work/local/target-dirs/nightly/nightly:/target:rw -e USER_ID=500 -e CMD=cargo +nightly test --frozen cargobomb`
blam! fa097c6c95f3173c0cf32eb1de93c45c4b309c0f2a5bd76b6340c6710b76e308
boom! running `docker start -a fa097c6c95f3173c0cf32eb1de93c45c4b309c0f2a5bd76b6340c6710b76e308`
kablam!     Finished dev [unoptimized + debuginfo] target(s) in 0.0 secs
kablam!      Running /target/debug/deps/vulkano-3240392531e5f674
blam! 
blam! running 91 tests
blam! test buffer::sys::tests::missing_feature_sparse_binding ... ok
blam! test buffer::sys::tests::missing_feature_sparse_residency ... ok
blam! test buffer::sys::tests::missing_feature_sparse_aliased ... ok
blam! test buffer::sys::tests::panic_wrong_sparse_aliased ... FAILED
blam! test buffer::sys::tests::panic_wrong_sparse_residency ... FAILED
blam! test buffer::sys::tests::create ... ok
blam! test buffer::view::tests::create_storage_atomic ... ok
blam! test buffer::view::tests::create_storage ... ok
blam! test buffer::view::tests::create_uniform ... ok
blam! test buffer::view::tests::unsupported_format ... ok
blam! test buffer::view::tests::wrong_usage ... ok
blam! test command_buffer::std::empty::tests::basic_submit ... ok
blam! test command_buffer::std::update_buffer::tests::basic_submit ... ok
blam! test command_buffer::submit::tests::basic_submit ... ok
blam! test command_buffer::std::fill_buffer::tests::basic ... ok
blam! test descriptor::descriptor_set::pool::tests::create ... ok
blam! test descriptor::descriptor_set::pool::tests::device ... ok
blam! test descriptor::descriptor_set::unsafe_layout::tests::empty ... ok
blam! test descriptor::pipeline_layout::custom_pipeline_macro::tests::no_warning ... ok
blam! test descriptor::pipeline_layout::empty::tests::create ... ok
blam! test descriptor::pipeline_layout::sys::tests::empty ... ok
blam! test descriptor::pipeline_layout::sys::tests::invalid_push_constant_size1 ... ok
blam! test descriptor::pipeline_layout::sys::tests::invalid_push_constant_size2 ... ok
blam! test descriptor::pipeline_layout::sys::tests::invalid_push_constant_stages ... ok
blam! test framebuffer::empty::tests::create ... ignored
blam! test descriptor::pipeline_layout::sys::tests::wrong_device_panic ... FAILED
blam! test device::tests::one_ref ... ok
blam! test framebuffer::framebuffer::tests::attachment_too_small ... ok
blam! test framebuffer::framebuffer::tests::framebuffer_too_large ... ok
blam! test image::attachment::tests::create_regular ... ok
blam! test image::storage::tests::create ... ok
blam! test framebuffer::framebuffer::tests::simple_create ... ok
blam! test framebuffer::sys::tests::too_many_color_atch ... ok
blam! test image::attachment::tests::create_transient ... ok
blam! test image::sys::tests::create_sampled ... ok
blam! test image::sys::tests::compressed_not_color_attachment ... ok
blam! test image::sys::tests::mipmaps_too_high ... ignored
blam! test image::sys::tests::shader_storage_image_multisample ... ok
blam! test image::sys::tests::create_transient ... ok
blam! test image::sys::tests::cubecompatible_dims_mismatch ... ok
blam! test image::sys::tests::non_po2_sample ... ok
blam! test image::sys::tests::transient_forbidden_with_some_usages ... ok
blam! test image::sys::tests::zero_sample ... ok
blam! test image::sys::tests::zero_mipmap ... ok
blam! test instance::layers::tests::layers_list ... ok
blam! test instance::instance::tests::queue_family_by_id ... ok
blam! test memory::device_memory::tests::create ... ok
blam! test instance::instance::tests::create_instance ... ok
blam! test memory::device_memory::tests::oom_single ... ok
blam! test memory::device_memory::tests::oom_multi ... ok
blam! test memory::device_memory::tests::zero_size ... FAILED
blam! test pipeline::graphics_pipeline::tests::create ... ok
blam! test instance::extensions::tests::empty_extensions ... ok
blam! test pipeline::graphics_pipeline::tests::bad_primitive_restart ... ok
blam! test pipeline::cache::tests::merge_self_forbidden ... FAILED
blam! test pipeline::graphics_pipeline::tests::multi_viewport_feature ... ok
blam! test pipeline::graphics_pipeline::tests::max_viewports ... ok
blam! test query::tests::occlusion_create ... ok
blam! test query::tests::pipeline_statistics_feature ... ok
blam! test sampler::tests::anisotropy_limit ... ok
blam! test sampler::tests::create_compare ... ok
blam! test sampler::tests::anisotropy_feature ... ok
blam! test sampler::tests::create_unnormalized ... ok
blam! test sampler::tests::create_regular ... ok
blam! test sampler::tests::max_anisotropy ... FAILED
blam! test pipeline::graphics_pipeline::tests::no_depth_attachment ... ok
blam! test sampler::tests::different_borders ... FAILED
blam! test sampler::tests::mip_lod_bias_limit ... ok
blam! test sampler::tests::simple_repeat_linear ... ok
blam! test swapchain::surface::tests::khr_android_surface_ext_missing ... ok
blam! test swapchain::surface::tests::khr_wayland_surface_ext_missing ... ok
blam! test sampler::tests::min_lod_inferior ... FAILED
blam! test swapchain::surface::tests::khr_mir_surface_ext_missing ... ok
blam! test swapchain::surface::tests::khr_win32_surface_ext_missing ... ok
blam! test swapchain::surface::tests::khr_xcb_surface_ext_missing ... ok
blam! test sampler::tests::simple_repeat_linear_no_mipmap ... ok
blam! test sync::event::tests::event_create ... ok
blam! test swapchain::surface::tests::khr_xlib_surface_ext_missing ... ok
blam! test sync::fence::tests::fence_create_signaled ... ok
blam! test sync::fence::tests::fence_create ... ok
blam! test sync::event::tests::event_set ... ok
blam! test sync::event::tests::event_reset ... ok
blam! test sync::fence::tests::fence_reset ... ok
blam! test sync::fence::tests::fence_signaled_wait ... ok
blam! test sync::fence::tests::multireset_different_devices ... FAILED
blam! test sync::semaphore::tests::semaphore_create ... ok
blam! test version::tests::greater_minor ... ok
blam! test version::tests::greater_patch ... ok
blam! test version::tests::into_vk_version ... ok
blam! test version::tests::greater_major ... ok
blam! test sync::fence::tests::multiwait_different_devices ... FAILED
blam! 
blam! failures:
blam! 
blam! failures:
blam!     buffer::sys::tests::panic_wrong_sparse_aliased
blam!     buffer::sys::tests::panic_wrong_sparse_residency
blam!     descriptor::pipeline_layout::sys::tests::wrong_device_panic
blam!     memory::device_memory::tests::zero_size
blam!     pipeline::cache::tests::merge_self_forbidden
blam!     sampler::tests::different_borders
blam!     sampler::tests::max_anisotropy
blam!     sampler::tests::min_lod_inferior
blam!     sync::fence::tests::multireset_different_devices
blam!     sync::fence::tests::multiwait_different_devices
blam! 
blam! test result: FAILED. 79 passed; 10 failed; 2 ignored; 0 measured
blam! 
kablam! error: test failed
boom! running `docker rm -f fa097c6c95f3173c0cf32eb1de93c45c4b309c0f2a5bd76b6340c6710b76e308`
blam! fa097c6c95f3173c0cf32eb1de93c45c4b309c0f2a5bd76b6340c6710b76e308
