boom! testing os_pipe-0.4.1 against stable for nightly
boom! running: cargo +stable build --frozen
boom! creating container for: cargo +stable build --frozen
boom! running `docker create -v /home/ec2-user/cargobomb/./work/local/test-source/nightly/stable:/source:ro -v /home/ec2-user/cargobomb/./work/local/cargo-home:/cargo-home:ro -v /home/ec2-user/cargobomb/./work/local/rustup-home:/rustup-home:ro -v /home/ec2-user/cargobomb/./work/local/target-dirs/nightly/stable:/target:rw -e USER_ID=500 -e CMD=cargo +stable build --frozen cargobomb`
blam! 7aade184aa8afd47482daba4e8981002697af9e34af88b684992fb34f87ec225
boom! running `docker start -a 7aade184aa8afd47482daba4e8981002697af9e34af88b684992fb34f87ec225`
kablam!    Compiling os_pipe v0.4.1 (file:///source)
kablam!     Finished dev [unoptimized + debuginfo] target(s) in 1.56 secs
boom! running `docker rm -f 7aade184aa8afd47482daba4e8981002697af9e34af88b684992fb34f87ec225`
blam! 7aade184aa8afd47482daba4e8981002697af9e34af88b684992fb34f87ec225
boom! running: cargo +stable test --frozen --no-run
boom! creating container for: cargo +stable test --frozen --no-run
boom! running `docker create -v /home/ec2-user/cargobomb/./work/local/test-source/nightly/stable:/source:ro -v /home/ec2-user/cargobomb/./work/local/cargo-home:/cargo-home:ro -v /home/ec2-user/cargobomb/./work/local/rustup-home:/rustup-home:ro -v /home/ec2-user/cargobomb/./work/local/target-dirs/nightly/stable:/target:rw -e USER_ID=500 -e CMD=cargo +stable test --frozen --no-run cargobomb`
blam! 98fc3cac2e550411d4f097a8925adf1a4fe79b29fac2d24add89f64006aa9441
boom! running `docker start -a 98fc3cac2e550411d4f097a8925adf1a4fe79b29fac2d24add89f64006aa9441`
kablam!    Compiling os_pipe v0.4.1 (file:///source)
kablam!     Finished dev [unoptimized + debuginfo] target(s) in 1.87 secs
boom! running `docker rm -f 98fc3cac2e550411d4f097a8925adf1a4fe79b29fac2d24add89f64006aa9441`
blam! 98fc3cac2e550411d4f097a8925adf1a4fe79b29fac2d24add89f64006aa9441
boom! running: cargo +stable test --frozen
boom! creating container for: cargo +stable test --frozen
boom! running `docker create -v /home/ec2-user/cargobomb/./work/local/test-source/nightly/stable:/source:ro -v /home/ec2-user/cargobomb/./work/local/cargo-home:/cargo-home:ro -v /home/ec2-user/cargobomb/./work/local/rustup-home:/rustup-home:ro -v /home/ec2-user/cargobomb/./work/local/target-dirs/nightly/stable:/target:rw -e USER_ID=500 -e CMD=cargo +stable test --frozen cargobomb`
blam! d1d13b8405252b5d94287e65170b104bdd3cbe661c7e3f08b9ffbd87813fe61c
boom! running `docker start -a d1d13b8405252b5d94287e65170b104bdd3cbe661c7e3f08b9ffbd87813fe61c`
kablam!     Finished dev [unoptimized + debuginfo] target(s) in 0.0 secs
kablam!      Running /target/debug/deps/cat-266e243826445918
kablam!      Running /target/debug/deps/os_pipe-7e8f7d85b5b9186e
blam! 
blam! running 0 tests
blam! 
blam! test result: ok. 0 passed; 0 failed; 0 ignored; 0 measured
blam! 
blam! 
blam! running 7 tests
blam! test tests::test_pipe_some_data ... ok
blam! test tests::test_pipe_some_data_with_refs ... ok
blam! test tests::test_pipe_no_data ... ok
blam! test tests::test_try_clone ... ok
blam! test tests::test_pipes_are_not_inheritable ... FAILED
blam! test tests::test_parent_handles ... FAILED
blam! test tests::test_pipe_a_megabyte_of_data_from_another_thread ... ok
blam! 
blam! failures:
blam! 
blam! ---- tests::test_pipes_are_not_inheritable stdout ----
blam! 	thread 'tests::test_pipes_are_not_inheritable' panicked at 'called `Result::unwrap()` on an `Err` value: Error { repr: Os { code: 2, message: "No such file or directory" } }', /buildslave/rust-buildbot/slave/stable-dist-rustc-linux/build/src/libcore/result.rs:868
blam! note: Run with `RUST_BACKTRACE=1` for a backtrace.
blam! 
blam! ---- tests::test_parent_handles stdout ----
blam! 	thread 'tests::test_parent_handles' panicked at 'called `Result::unwrap()` on an `Err` value: Error { repr: Os { code: 2, message: "No such file or directory" } }', /buildslave/rust-buildbot/slave/stable-dist-rustc-linux/build/src/libcore/result.rs:868
blam! 
blam! 
blam! failures:
blam!     tests::test_parent_handles
blam!     tests::test_pipes_are_not_inheritable
blam! 
blam! test result: FAILED. 5 passed; 2 failed; 0 ignored; 0 measured
blam! 
kablam! error: test failed
boom! running `docker rm -f d1d13b8405252b5d94287e65170b104bdd3cbe661c7e3f08b9ffbd87813fe61c`
blam! d1d13b8405252b5d94287e65170b104bdd3cbe661c7e3f08b9ffbd87813fe61c
