boom! testing svd2rust-0.2.1 against stable for beta
boom! running: cargo +stable build --frozen
boom! creating container for: cargo +stable build --frozen
boom! running `docker create -v /home/ec2-user/cargobomb/./work/local/test-source/beta/stable:/source:ro -v /home/ec2-user/cargobomb/./work/local/cargo-home:/cargo-home:ro -v /home/ec2-user/cargobomb/./work/local/rustup-home:/rustup-home:ro -v /home/ec2-user/cargobomb/./work/local/target-dirs/beta/stable:/target:rw -e USER_ID=500 -e CMD=cargo +stable build --frozen cargobomb`
blam! 2d30de0804aad9a2fbbde0bafb182eb08da4bf89950309d0952924477f8e29e3
boom! running `docker start -a 2d30de0804aad9a2fbbde0bafb182eb08da4bf89950309d0952924477f8e29e3`
kablam!    Compiling svd2rust v0.2.1 (file:///source)
kablam!    Compiling inflections v1.0.0
kablam!    Compiling svd-parser v0.2.0
kablam!     Finished debug [unoptimized + debuginfo] target(s) in 8.17 secs
boom! running `docker rm -f 2d30de0804aad9a2fbbde0bafb182eb08da4bf89950309d0952924477f8e29e3`
blam! 2d30de0804aad9a2fbbde0bafb182eb08da4bf89950309d0952924477f8e29e3
boom! running: cargo +stable test --frozen --no-run
boom! creating container for: cargo +stable test --frozen --no-run
boom! running `docker create -v /home/ec2-user/cargobomb/./work/local/test-source/beta/stable:/source:ro -v /home/ec2-user/cargobomb/./work/local/cargo-home:/cargo-home:ro -v /home/ec2-user/cargobomb/./work/local/rustup-home:/rustup-home:ro -v /home/ec2-user/cargobomb/./work/local/target-dirs/beta/stable:/target:rw -e USER_ID=500 -e CMD=cargo +stable test --frozen --no-run cargobomb`
blam! fb0e1d4bb3552121d5953a3fad2458539781580dc1c2091dfe66978ced5e1a07
boom! running `docker start -a fb0e1d4bb3552121d5953a3fad2458539781580dc1c2091dfe66978ced5e1a07`
kablam!    Compiling svd2rust v0.2.1 (file:///source)
kablam!     Finished debug [unoptimized + debuginfo] target(s) in 3.67 secs
boom! running `docker rm -f fb0e1d4bb3552121d5953a3fad2458539781580dc1c2091dfe66978ced5e1a07`
blam! fb0e1d4bb3552121d5953a3fad2458539781580dc1c2091dfe66978ced5e1a07
boom! running: cargo +stable test --frozen
boom! creating container for: cargo +stable test --frozen
boom! running `docker create -v /home/ec2-user/cargobomb/./work/local/test-source/beta/stable:/source:ro -v /home/ec2-user/cargobomb/./work/local/cargo-home:/cargo-home:ro -v /home/ec2-user/cargobomb/./work/local/rustup-home:/rustup-home:ro -v /home/ec2-user/cargobomb/./work/local/target-dirs/beta/stable:/target:rw -e USER_ID=500 -e CMD=cargo +stable test --frozen cargobomb`
blam! 5453bb1cd0884f5de436afb45b338f36ef3f2638f90f46647bcebb6512283403
boom! running `docker start -a 5453bb1cd0884f5de436afb45b338f36ef3f2638f90f46647bcebb6512283403`
kablam!     Finished debug [unoptimized + debuginfo] target(s) in 0.0 secs
kablam!      Running /target/debug/deps/svd2rust-6ba3f8a8b35c6dbb
blam! 
kablam!      Running /target/debug/deps/svd2rust-443f43f89da3f5f1
blam! running 0 tests
blam! 
blam! test result: ok. 0 passed; 0 failed; 0 ignored; 0 measured
blam! 
blam! 
blam! running 0 tests
blam! 
blam! test result: ok. 0 passed; 0 failed; 0 ignored; 0 measured
blam! 
kablam!    Doc-tests svd2rust
blam! 
blam! running 12 tests
blam! test _10 ... FAILED
blam! test _11 ... FAILED
blam! test _0 ... FAILED
blam! test _1 ... FAILED
blam! test _2 ... FAILED
blam! test _3 ... FAILED
blam! test _7 ... FAILED
blam! test _5 ... FAILED
blam! test _6 ... FAILED
blam! test _4 ... FAILED
blam! test _8 ... FAILED
blam! test _9 ... FAILED
blam! 
blam! failures:
kablam! error: test failed
blam! 
blam! ---- _10 stdout ----
blam! 	error[E0425]: unresolved name `i2c1`
blam!  --> <anon>:4:1
blam!   |
blam! 4 | i2c1.cr2.write(|w| w.sadd0(true).sadd1(0b0011110));
blam!   | ^^^^ unresolved name
blam! 
blam! error: aborting due to previous error(s)
blam! 
blam! thread '_10' panicked at 'Box<Any>', /buildslave/rust-buildbot/slave/stable-dist-rustc-linux/build/src/librustc/session/mod.rs:201
blam! note: Run with `RUST_BACKTRACE=1` for a backtrace.
blam! 
blam! ---- _11 stdout ----
blam! 	error[E0425]: unresolved name `i2c1`
blam!  --> <anon>:3:1
blam!   |
blam! 3 | i2c1.cr2.modify(|_, w| w.start(true));
blam!   | ^^^^ unresolved name
blam! 
blam! error[E0425]: unresolved name `i2c1`
blam!  --> <anon>:6:1
blam!   |
blam! 6 | i2c1.cr2.modify(|r, w| w.stop(!r.stop()));
blam!   | ^^^^ unresolved name
blam! 
blam! error: aborting due to previous error(s)
blam! 
blam! thread '_11' panicked at 'Box<Any>', /buildslave/rust-buildbot/slave/stable-dist-rustc-linux/build/src/librustc/session/mod.rs:201
blam! 
blam! ---- _0 stdout ----
blam! 	error: expected expression, found `$`
blam!  --> <anon>:3:1
blam!   |
blam! 3 | $ cargo install svd2rust
blam!   | ^
blam! 
blam! error: aborting due to previous error(s)
blam! 
blam! thread '_0' panicked at 'Box<Any>', /buildslave/rust-buildbot/slave/stable-dist-rustc-linux/build/src/librustc/session/mod.rs:201
blam! 
blam! ---- _1 stdout ----
blam! 	error: expected expression, found `$`
blam!  --> <anon>:3:1
blam!   |
blam! 3 | $ svd2rust -i STM32F30x.svd
blam!   | ^
blam! 
blam! error: aborting due to previous error(s)
blam! 
blam! thread '_1' panicked at 'Box<Any>', /buildslave/rust-buildbot/slave/stable-dist-rustc-linux/build/src/librustc/session/mod.rs:201
blam! 
blam! ---- _2 stdout ----
blam! 	error: this file contains an un-closed delimiter
blam!   --> <anon>:14:2
blam!    |
blam! 14 | }
blam!    |  ^
blam!    |
blam! help: did you mean to close this delimiter?
blam!   --> <anon>:2:11
blam!    |
blam! 2  | fn main() {
blam!    |           ^
blam! 
blam! error: expected expression, found `$`
blam!  --> <anon>:3:1
blam!   |
blam! 3 | $ svd2rust -i STM32F30x.svd rcc | head
blam!   | ^
blam! 
blam! error: aborting due to previous error(s)
blam! 
blam! thread '_2' panicked at 'Box<Any>', /buildslave/rust-buildbot/slave/stable-dist-rustc-linux/build/src/librustc/session/mod.rs:201
blam! 
blam! ---- _3 stdout ----
blam! 	error[E0412]: type name `Cr1` is undefined or not in scope
blam!  --> <anon>:6:14
blam!   |
blam! 6 |     pub cr1: Cr1,
blam!   |              ^^^ undefined or not in scope
blam!   |
blam!   = help: no candidates by the name of `Cr1` found in your project; maybe you misspelled the name or forgot to import an external crate?
blam! 
blam! error[E0412]: type name `Cr2` is undefined or not in scope
blam!  --> <anon>:8:14
blam!   |
blam! 8 |     pub cr2: Cr2,
blam!   |              ^^^ undefined or not in scope
blam!   |
blam!   = help: no candidates by the name of `Cr2` found in your project; maybe you misspelled the name or forgot to import an external crate?
blam! 
blam! error[E0412]: type name `Oar1` is undefined or not in scope
blam!   --> <anon>:10:15
blam!    |
blam! 10 |     pub oar1: Oar1,
blam!    |               ^^^^ undefined or not in scope
blam!    |
blam!    = help: no candidates by the name of `Oar1` found in your project; maybe you misspelled the name or forgot to import an external crate?
blam! 
blam! error[E0412]: type name `Oar2` is undefined or not in scope
blam!   --> <anon>:12:15
blam!    |
blam! 12 |     pub oar2: Oar2,
blam!    |               ^^^^ undefined or not in scope
blam!    |
blam!    = help: no candidates by the name of `Oar2` found in your project; maybe you misspelled the name or forgot to import an external crate?
blam! 
blam! error[E0412]: type name `Timingr` is undefined or not in scope
blam!   --> <anon>:14:18
blam!    |
blam! 14 |     pub timingr: Timingr,
blam!    |                  ^^^^^^^ undefined or not in scope
blam!    |
blam!    = help: no candidates by the name of `Timingr` found in your project; maybe you misspelled the name or forgot to import an external crate?
blam! 
blam! error[E0412]: type name `Timeoutr` is undefined or not in scope
blam!   --> <anon>:16:19
blam!    |
blam! 16 |     pub timeoutr: Timeoutr,
blam!    |                   ^^^^^^^^ undefined or not in scope
blam!    |
blam!    = help: no candidates by the name of `Timeoutr` found in your project; maybe you misspelled the name or forgot to import an external crate?
blam! 
blam! error[E0412]: type name `Isr` is undefined or not in scope
blam!   --> <anon>:18:14
blam!    |
blam! 18 |     pub isr: Isr,
blam!    |              ^^^ undefined or not in scope
blam!    |
blam!    = help: no candidates by the name of `Isr` found in your project; maybe you misspelled the name or forgot to import an external crate?
blam! 
blam! error[E0412]: type name `Icr` is undefined or not in scope
blam!   --> <anon>:20:14
blam!    |
blam! 20 |     pub icr: Icr,
blam!    |              ^^^ undefined or not in scope
blam!    |
blam!    = help: no candidates by the name of `Icr` found in your project; maybe you misspelled the name or forgot to import an external crate?
blam! 
blam! error[E0412]: type name `Pecr` is undefined or not in scope
blam!   --> <anon>:22:15
blam!    |
blam! 22 |     pub pecr: Pecr,
blam!    |               ^^^^ undefined or not in scope
blam!    |
blam!    = help: no candidates by the name of `Pecr` found in your project; maybe you misspelled the name or forgot to import an external crate?
blam! 
blam! error[E0412]: type name `Rxdr` is undefined or not in scope
blam!   --> <anon>:24:15
blam!    |
blam! 24 |     pub rxdr: Rxdr,
blam!    |               ^^^^ undefined or not in scope
blam!    |
blam!    = help: no candidates by the name of `Rxdr` found in your project; maybe you misspelled the name or forgot to import an external crate?
blam! 
blam! error[E0412]: type name `Txdr` is undefined or not in scope
blam!   --> <anon>:26:15
blam!    |
blam! 26 |     pub txdr: Txdr,
blam!    |               ^^^^ undefined or not in scope
blam!    |
blam!    = help: no candidates by the name of `Txdr` found in your project; maybe you misspelled the name or forgot to import an external crate?
blam! 
blam! error: aborting due to previous error(s)
blam! 
blam! thread '_3' panicked at 'Box<Any>', /buildslave/rust-buildbot/slave/stable-dist-rustc-linux/build/src/librustc/session/mod.rs:201
blam! 
blam! ---- _7 stdout ----
blam! 	error: expected one of `const`, `default`, `extern`, `fn`, `pub`, `type`, `unsafe`, or `}`, found `(`
blam!  --> <anon>:9:5
blam!   |
blam! 9 |     (..)
blam!   |     ^
blam! 
blam! error: expected item, found `}`
blam!   --> <anon>:11:1
blam!    |
blam! 11 | }
blam!    | ^
blam! 
blam! error: aborting due to previous error(s)
blam! 
blam! thread '_7' panicked at 'Box<Any>', /buildslave/rust-buildbot/slave/stable-dist-rustc-linux/build/src/librustc/session/mod.rs:201
blam! 
blam! ---- _5 stdout ----
blam! 	error[E0412]: type name `I2C` is undefined or not in scope
blam!  --> <anon>:7:38
blam!   |
blam! 7 | pub unsafe fn i2c1() -> &'static mut I2C {
blam!   |                                      ^^^ undefined or not in scope
blam!   |
blam!   = help: no candidates by the name of `I2C` found in your project; maybe you misspelled the name or forgot to import an external crate?
blam! 
blam! error[E0412]: type name `I2c` is undefined or not in scope
blam!  --> <anon>:8:34
blam!   |
blam! 8 |     unsafe { &mut *(I2C1 as *mut I2c) }
blam!   |                                  ^^^ undefined or not in scope
blam!   |
blam!   = help: no candidates by the name of `I2c` found in your project; maybe you misspelled the name or forgot to import an external crate?
blam! 
blam! error[E0412]: type name `I2C` is undefined or not in scope
blam!   --> <anon>:11:27
blam!    |
blam! 11 | pub fn i2c2() -> &'static I2C {
blam!    |                           ^^^ undefined or not in scope
blam!    |
blam!    = help: no candidates by the name of `I2C` found in your project; maybe you misspelled the name or forgot to import an external crate?
blam! 
blam! error[E0412]: type name `I2c` is undefined or not in scope
blam!   --> <anon>:12:32
blam!    |
blam! 12 |     unsafe { &*(I2C2 as *const I2c) }
blam!    |                                ^^^ undefined or not in scope
blam!    |
blam!    = help: no candidates by the name of `I2c` found in your project; maybe you misspelled the name or forgot to import an external crate?
blam! 
blam! error: aborting due to previous error(s)
blam! 
blam! thread '_5' panicked at 'Box<Any>', /buildslave/rust-buildbot/slave/stable-dist-rustc-linux/build/src/librustc/session/mod.rs:201
blam! 
blam! ---- _6 stdout ----
blam! 	error[E0412]: type name `Cr2` is undefined or not in scope
blam!  --> <anon>:2:6
blam!   |
blam! 2 | impl Cr2 {
blam!   |      ^^^ undefined or not in scope
blam!   |
blam!   = help: no candidates by the name of `Cr2` found in your project; maybe you misspelled the name or forgot to import an external crate?
blam! 
blam! error[E0412]: type name `Cr2R` is undefined or not in scope
blam!  --> <anon>:4:34
blam!   |
blam! 4 |         where for<'w> F: FnOnce(&Cr2R, &'w mut Cr2W) -> &'w mut Cr2W
blam!   |                                  ^^^^ undefined or not in scope
blam!   |
blam!   = help: no candidates by the name of `Cr2R` found in your project; maybe you misspelled the name or forgot to import an external crate?
blam! 
blam! error[E0412]: type name `Cr2W` is undefined or not in scope
blam!  --> <anon>:4:48
blam!   |
blam! 4 |         where for<'w> F: FnOnce(&Cr2R, &'w mut Cr2W) -> &'w mut Cr2W
blam!   |                                                ^^^^ undefined or not in scope
blam!   |
blam!   = help: no candidates by the name of `Cr2W` found in your project; maybe you misspelled the name or forgot to import an external crate?
blam! 
blam! error[E0412]: type name `Cr2W` is undefined or not in scope
blam!  --> <anon>:4:65
blam!   |
blam! 4 |         where for<'w> F: FnOnce(&Cr2R, &'w mut Cr2W) -> &'w mut Cr2W
blam!   |                                                                 ^^^^ undefined or not in scope
blam!   |
blam!   = help: no candidates by the name of `Cr2W` found in your project; maybe you misspelled the name or forgot to import an external crate?
blam! 
blam! error[E0412]: type name `Cr2R` is undefined or not in scope
blam!  --> <anon>:9:27
blam!   |
blam! 9 |     pub fn read(&self) -> Cr2R { .. }
blam!   |                           ^^^^ undefined or not in scope
blam!   |
blam!   = help: no candidates by the name of `Cr2R` found in your project; maybe you misspelled the name or forgot to import an external crate?
blam! 
blam! error[E0412]: type name `Cr2W` is undefined or not in scope
blam!   --> <anon>:12:30
blam!    |
blam! 12 |         where F: FnOnce(&mut Cr2W) -> &mut Cr2W,
blam!    |                              ^^^^ undefined or not in scope
blam!    |
blam!    = help: no candidates by the name of `Cr2W` found in your project; maybe you misspelled the name or forgot to import an external crate?
blam! 
blam! error[E0412]: type name `Cr2W` is undefined or not in scope
blam!   --> <anon>:12:44
blam!    |
blam! 12 |         where F: FnOnce(&mut Cr2W) -> &mut Cr2W,
blam!    |                                            ^^^^ undefined or not in scope
blam!    |
blam!    = help: no candidates by the name of `Cr2W` found in your project; maybe you misspelled the name or forgot to import an external crate?
blam! 
blam! error[E0308]: mismatched types
blam!  --> <anon>:6:9
blam!   |
blam! 6 |         ..
blam!   |         --
blam!   |         |
blam!   |         expected (), found struct `std::ops::RangeFull`
blam!   |         in this macro invocation
blam!   |
blam!   = note: expected type `()`
blam!   = note:    found type `std::ops::RangeFull`
blam! 
blam! error[E0308]: mismatched types
blam!   --> <anon>:14:9
blam!    |
blam! 14 |         ..
blam!    |         --
blam!    |         |
blam!    |         expected (), found struct `std::ops::RangeFull`
blam!    |         in this macro invocation
blam!    |
blam!    = note: expected type `()`
blam!    = note:    found type `std::ops::RangeFull`
blam! 
blam! error: aborting due to previous error(s)
blam! 
blam! thread '_6' panicked at 'Box<Any>', /buildslave/rust-buildbot/slave/stable-dist-rustc-linux/build/src/librustc/session/mod.rs:201
blam! 
blam! ---- _4 stdout ----
blam! 	error[E0428]: a value named `I2C1` has already been defined in this block
blam!  --> <anon>:6:5
blam!   |
blam! 4 |     pub static mut I2C1: I2c;
blam!   |     ------------------------- previous definition of `I2C1` here
blam! 5 |     // whereas I2C2 can only be accessed in "read-only" mode
blam! 6 |     pub static I2C1: I2c;
blam!   |     ^^^^^^^^^^^^^^^^^^^^^ already defined
blam! 
blam! error[E0412]: type name `I2c` is undefined or not in scope
blam!  --> <anon>:4:26
blam!   |
blam! 4 |     pub static mut I2C1: I2c;
blam!   |                          ^^^ undefined or not in scope
blam!   |
blam!   = help: no candidates by the name of `I2c` found in your project; maybe you misspelled the name or forgot to import an external crate?
blam! 
blam! error[E0412]: type name `I2c` is undefined or not in scope
blam!  --> <anon>:6:22
blam!   |
blam! 6 |     pub static I2C1: I2c;
blam!   |                      ^^^ undefined or not in scope
blam!   |
blam!   = help: no candidates by the name of `I2c` found in your project; maybe you misspelled the name or forgot to import an external crate?
blam! 
blam! error: aborting due to previous error(s)
blam! 
blam! thread '_4' panicked at 'Box<Any>', /buildslave/rust-buildbot/slave/stable-dist-rustc-linux/build/src/librustc/session/mod.rs:201
blam! 
blam! ---- _8 stdout ----
blam! 	error[E0425]: unresolved name `i2c1`
blam!  --> <anon>:3:4
blam!   |
blam! 3 | if i2c1.c2r.read().sadd0() {
blam!   |    ^^^^ unresolved name
blam! 
blam! error: aborting due to previous error(s)
blam! 
blam! thread '_8' panicked at 'Box<Any>', /buildslave/rust-buildbot/slave/stable-dist-rustc-linux/build/src/librustc/session/mod.rs:201
blam! 
blam! ---- _9 stdout ----
blam! 	error[E0412]: type name `Cr2W` is undefined or not in scope
blam!  --> <anon>:2:6
blam!   |
blam! 2 | impl Cr2W {
blam!   |      ^^^^ undefined or not in scope
blam!   |
blam!   = help: no candidates by the name of `Cr2W` found in your project; maybe you misspelled the name or forgot to import an external crate?
blam! 
blam! error[E0531]: unresolved struct, variant or union type `Cr2W`
blam!  --> <anon>:5:9
blam!   |
blam! 5 |         Cr2W { bits: 0 }
blam!   |         ^^^^
blam! 
blam! error: aborting due to previous error(s)
blam! 
blam! thread '_9' panicked at 'Box<Any>', /buildslave/rust-buildbot/slave/stable-dist-rustc-linux/build/src/librustc/session/mod.rs:201
blam! 
blam! 
blam! failures:
blam!     _0
blam!     _1
blam!     _10
blam!     _11
blam!     _2
blam!     _3
blam!     _4
blam!     _5
blam!     _6
blam!     _7
blam!     _8
blam!     _9
blam! 
blam! test result: FAILED. 0 passed; 12 failed; 0 ignored; 0 measured
blam! 
boom! running `docker rm -f 5453bb1cd0884f5de436afb45b338f36ef3f2638f90f46647bcebb6512283403`
blam! 5453bb1cd0884f5de436afb45b338f36ef3f2638f90f46647bcebb6512283403
