boom! testing ispell-0.3.0 against stable for nightly
boom! running: cargo +stable build --frozen
boom! creating container for: cargo +stable build --frozen
boom! running `docker create -v /home/ec2-user/cargobomb/./work/local/test-source/nightly/stable:/source:ro -v /home/ec2-user/cargobomb/./work/local/cargo-home:/cargo-home:ro -v /home/ec2-user/cargobomb/./work/local/rustup-home:/rustup-home:ro -v /home/ec2-user/cargobomb/./work/local/target-dirs/nightly/stable:/target:rw -e USER_ID=500 -e CMD=cargo +stable build --frozen cargobomb`
blam! dfc0ff75edfa86320c4d58dfdd2b9b054ed59acc77a29b5758f71b861b448462
boom! running `docker start -a dfc0ff75edfa86320c4d58dfdd2b9b054ed59acc77a29b5758f71b861b448462`
kablam!    Compiling ispell v0.3.0 (file:///source)
kablam!     Finished dev [unoptimized + debuginfo] target(s) in 2.35 secs
boom! running `docker rm -f dfc0ff75edfa86320c4d58dfdd2b9b054ed59acc77a29b5758f71b861b448462`
blam! dfc0ff75edfa86320c4d58dfdd2b9b054ed59acc77a29b5758f71b861b448462
boom! running: cargo +stable test --frozen --no-run
boom! creating container for: cargo +stable test --frozen --no-run
boom! running `docker create -v /home/ec2-user/cargobomb/./work/local/test-source/nightly/stable:/source:ro -v /home/ec2-user/cargobomb/./work/local/cargo-home:/cargo-home:ro -v /home/ec2-user/cargobomb/./work/local/rustup-home:/rustup-home:ro -v /home/ec2-user/cargobomb/./work/local/target-dirs/nightly/stable:/target:rw -e USER_ID=500 -e CMD=cargo +stable test --frozen --no-run cargobomb`
blam! 3d7ff2329640171bc7992f516cc76c49bc8f3f5a9b178b0356a285a750eb342b
boom! running `docker start -a 3d7ff2329640171bc7992f516cc76c49bc8f3f5a9b178b0356a285a750eb342b`
kablam!    Compiling ispell v0.3.0 (file:///source)
kablam!     Finished dev [unoptimized + debuginfo] target(s) in 2.97 secs
boom! running `docker rm -f 3d7ff2329640171bc7992f516cc76c49bc8f3f5a9b178b0356a285a750eb342b`
blam! 3d7ff2329640171bc7992f516cc76c49bc8f3f5a9b178b0356a285a750eb342b
boom! running: cargo +stable test --frozen
boom! creating container for: cargo +stable test --frozen
boom! running `docker create -v /home/ec2-user/cargobomb/./work/local/test-source/nightly/stable:/source:ro -v /home/ec2-user/cargobomb/./work/local/cargo-home:/cargo-home:ro -v /home/ec2-user/cargobomb/./work/local/rustup-home:/rustup-home:ro -v /home/ec2-user/cargobomb/./work/local/target-dirs/nightly/stable:/target:rw -e USER_ID=500 -e CMD=cargo +stable test --frozen cargobomb`
blam! 2c085d9e5ec05843c5fb31fce6964f71f76d479d8ab2a552c5bdad8c8276df65
boom! running `docker start -a 2c085d9e5ec05843c5fb31fce6964f71f76d479d8ab2a552c5bdad8c8276df65`
kablam!     Finished dev [unoptimized + debuginfo] target(s) in 0.0 secs
kablam!      Running /target/debug/deps/ispell-d164fb8970fb398c
blam! 
blam! running 0 tests
blam! 
blam! test result: ok. 0 passed; 0 failed; 0 ignored; 0 measured
blam! 
kablam!    Doc-tests ispell
blam! 
blam! running 14 tests
blam! test _1 ... ok
blam! test _2 ... ok
blam! test _3 ... FAILED
blam! test _0 ... FAILED
blam! test _4 ... FAILED
blam! test _6 ... ok
blam! test _5 ... FAILED
blam! test spell_checker::SpellChecker::add_word_0 ... ok
blam! test _7 ... ok
blam! test spell_checker::SpellChecker::add_word_to_dictionary_0 ... ok
blam! test spell_checker::SpellChecker_0 ... FAILED
blam! test spell_launcher::SpellLauncher_1 ... FAILED
blam! test spell_launcher::SpellLauncher::dictionary_0 ... FAILED
blam! test spell_launcher::SpellLauncher_0 ... FAILED
blam! 
blam! failures:
blam! 
blam! ---- _3 stdout ----
blam! 	warning: unused variable: `checker`, #[warn(unused_variables)] on by default
blam!  --> <anon>:4:5
blam!   |
blam! 4 | let checker = SpellLauncher::new()
blam!   |     ^^^^^^^
blam! 
blam! thread 'rustc' panicked at 'test executable failed:
blam! 
blam! thread 'main' panicked at 'called `Result::unwrap()` on an `Err` value: Error { msg: "could not successfully spawn process \'aspell\': No such file or directory (os error 2)", variant: Process }', /buildslave/rust-buildbot/slave/stable-dist-rustc-linux/build/src/libcore/result.rs:868
blam! note: Run with `RUST_BACKTRACE=1` for a backtrace.
blam! ', /buildslave/rust-buildbot/slave/stable-dist-rustc-linux/build/src/librustdoc/test.rs:305
blam! note: Run with `RUST_BACKTRACE=1` for a backtrace.
blam! 
blam! ---- _0 stdout ----
blam! 	thread 'rustc' panicked at 'test executable failed:
blam! 
blam! thread 'main' panicked at 'called `Result::unwrap()` on an `Err` value: Error { msg: "could not successfully spawn process \'aspell\': No such file or directory (os error 2)", variant: Process }', /buildslave/rust-buildbot/slave/stable-dist-rustc-linux/build/src/libcore/result.rs:868
blam! note: Run with `RUST_BACKTRACE=1` for a backtrace.
blam! ', /buildslave/rust-buildbot/slave/stable-dist-rustc-linux/build/src/librustdoc/test.rs:305
blam! 
blam! ---- _4 stdout ----
blam! 	thread 'rustc' panicked at 'test executable failed:
blam! 
blam! thread 'main' panicked at 'called `Result::unwrap()` on an `Err` value: Error { msg: "could not successfully spawn process \'ispell\': No such file or directory (os error 2)", variant: Process }', /buildslave/rust-buildbot/slave/stable-dist-rustc-linux/build/src/libcore/result.rs:868
blam! note: Run with `RUST_BACKTRACE=1` for a backtrace.
blam! ', /buildslave/rust-buildbot/slave/stable-dist-rustc-linux/build/src/librustdoc/test.rs:305
blam! 
blam! ---- _5 stdout ----
blam! 	warning: unused result which must be used, #[warn(unused_must_use)] on by default
blam!  --> <anon>:7:1
blam!   |
blam! 7 | checker.add_word("foobar"); // Add a word only to this session
blam!   | ^^^^^^^^^^^^^^^^^^^^^^^^^^^
blam! 
blam! warning: unused result which must be used, #[warn(unused_must_use)] on by default
blam!  --> <anon>:8:1
blam!   |
blam! 8 | checker.add_word_to_dictionary("rustacean"); // Add a word and saves it
blam!   | ^^^^^^^^^^^^^^^^^^^^^^^^^^^^^^^^^^^^^^^^^^^^
blam! 
blam! thread 'rustc' panicked at 'test executable failed:
blam! 
blam! thread 'main' panicked at 'called `Result::unwrap()` on an `Err` value: Error { msg: "could not successfully spawn process \'ispell\': No such file or directory (os error 2)", variant: Process }', /buildslave/rust-buildbot/slave/stable-dist-rustc-linux/build/src/libcore/result.rs:868
blam! note: Run with `RUST_BACKTRACE=1` for a backtrace.
blam! ', /buildslave/rust-buildbot/slave/stable-dist-rustc-linux/build/src/librustdoc/test.rs:305
blam! 
blam! ---- spell_checker::SpellChecker_0 stdout ----
blam! 	thread 'rustc' panicked at 'test executable failed:
blam! 
blam! thread 'main' panicked at 'called `Result::unwrap()` on an `Err` value: Error { msg: "could not successfully spawn process \'ispell\': No such file or directory (os error 2)", variant: Process }', /buildslave/rust-buildbot/slave/stable-dist-rustc-linux/build/src/libcore/result.rs:868
blam! note: Run with `RUST_BACKTRACE=1` for a backtrace.
blam! ', /buildslave/rust-buildbot/slave/stable-dist-rustc-linux/build/src/librustdoc/test.rs:305
blam! 
blam! ---- spell_launcher::SpellLauncher_1 stdout ----
blam! 	warning: unused variable: `checker`, #[warn(unused_variables)] on by default
blam!  --> <anon>:4:5
blam!   |
blam! 4 | let checker = SpellLauncher::new()
blam!   |     ^^^^^^^
blam! 
blam! thread 'rustc' panicked at 'test executable failed:
blam! 
blam! thread 'main' panicked at 'called `Result::unwrap()` on an `Err` value: Error { msg: "could not successfully spawn process \'aspell\': No such file or directory (os error 2)", variant: Process }', /buildslave/rust-buildbot/slave/stable-dist-rustc-linux/build/src/libcore/result.rs:868
blam! note: Run with `RUST_BACKTRACE=1` for a backtrace.
blam! ', /buildslave/rust-buildbot/slave/stable-dist-rustc-linux/build/src/librustdoc/test.rs:305
blam! 
blam! ---- spell_launcher::SpellLauncher::dictionary_0 stdout ----
blam! 	warning: unused variable: `checker`, #[warn(unused_variables)] on by default
blam!  --> <anon>:4:5
blam!   |
blam! 4 | let checker = SpellLauncher::new()
blam!   |     ^^^^^^^
blam! 
blam! thread 'rustc' panicked at 'test executable failed:
blam! 
blam! thread 'main' panicked at 'called `Result::unwrap()` on an `Err` value: Error { msg: "could not successfully spawn process \'aspell\': No such file or directory (os error 2)", variant: Process }', /buildslave/rust-buildbot/slave/stable-dist-rustc-linux/build/src/libcore/result.rs:868
blam! note: Run with `RUST_BACKTRACE=1` for a backtrace.
blam! ', /buildslave/rust-buildbot/slave/stable-dist-rustc-linux/build/src/librustdoc/test.rs:305
blam! 
blam! ---- spell_launcher::SpellLauncher_0 stdout ----
blam! 	warning: unused variable: `checker`, #[warn(unused_variables)] on by default
blam!  --> <anon>:4:5
blam!   |
blam! 4 | let checker = SpellLauncher::new()
blam!   |     ^^^^^^^
blam! 
blam! thread 'rustc' panicked at 'test executable failed:
blam! 
blam! thread 'main' panicked at 'called `Result::unwrap()` on an `Err` value: Error { msg: "could not successfully spawn process \'ispell\': No such file or directory (os error 2)", variant: Process }', /buildslave/rust-buildbot/slave/stable-dist-rustc-linux/build/src/libcore/result.rs:868
blam! note: Run with `RUST_BACKTRACE=1` for a backtrace.
blam! ', /buildslave/rust-buildbot/slave/stable-dist-rustc-linux/build/src/librustdoc/test.rs:305
blam! 
blam! 
blam! failures:
blam!     _0
blam!     _3
blam!     _4
blam!     _5
blam!     spell_checker::SpellChecker_0
blam!     spell_launcher::SpellLauncher::dictionary_0
blam!     spell_launcher::SpellLauncher_0
blam!     spell_launcher::SpellLauncher_1
blam! 
blam! test result: FAILED. 6 passed; 8 failed; 0 ignored; 0 measured
blam! 
kablam! error: test failed
boom! running `docker rm -f 2c085d9e5ec05843c5fb31fce6964f71f76d479d8ab2a552c5bdad8c8276df65`
blam! 2c085d9e5ec05843c5fb31fce6964f71f76d479d8ab2a552c5bdad8c8276df65
