boom! testing opentype-0.17.1 against stable for beta
boom! running: cargo +stable build --frozen
boom! creating container for: cargo +stable build --frozen
boom! running `docker create -v /home/ec2-user/cargobomb/./work/local/test-source/beta/stable:/source:ro -v /home/ec2-user/cargobomb/./work/local/cargo-home:/cargo-home:ro -v /home/ec2-user/cargobomb/./work/local/rustup-home:/rustup-home:ro -v /home/ec2-user/cargobomb/./work/local/target-dirs/beta/stable:/target:rw -e USER_ID=500 -e CMD=cargo +stable build --frozen cargobomb`
blam! 6b9823ea82373b5b6296757b6c026f11f65fadfd6c29c3539415abb5b6b0d716
boom! running `docker start -a 6b9823ea82373b5b6296757b6c026f11f65fadfd6c29c3539415abb5b6b0d716`
kablam!    Compiling opentype v0.17.1 (file:///source)
kablam!     Finished debug [unoptimized + debuginfo] target(s) in 5.76 secs
boom! running `docker rm -f 6b9823ea82373b5b6296757b6c026f11f65fadfd6c29c3539415abb5b6b0d716`
blam! 6b9823ea82373b5b6296757b6c026f11f65fadfd6c29c3539415abb5b6b0d716
boom! running: cargo +stable test --frozen --no-run
boom! creating container for: cargo +stable test --frozen --no-run
boom! running `docker create -v /home/ec2-user/cargobomb/./work/local/test-source/beta/stable:/source:ro -v /home/ec2-user/cargobomb/./work/local/cargo-home:/cargo-home:ro -v /home/ec2-user/cargobomb/./work/local/rustup-home:/rustup-home:ro -v /home/ec2-user/cargobomb/./work/local/target-dirs/beta/stable:/target:rw -e USER_ID=500 -e CMD=cargo +stable test --frozen --no-run cargobomb`
blam! e29e2f0630ea7b5812b16f819c91f424c0f69383ae021b2497a23b984d235071
boom! running `docker start -a e29e2f0630ea7b5812b16f819c91f424c0f69383ae021b2497a23b984d235071`
kablam!    Compiling opentype v0.17.1 (file:///source)
kablam!     Finished debug [unoptimized + debuginfo] target(s) in 9.32 secs
boom! running `docker rm -f e29e2f0630ea7b5812b16f819c91f424c0f69383ae021b2497a23b984d235071`
blam! e29e2f0630ea7b5812b16f819c91f424c0f69383ae021b2497a23b984d235071
boom! running: cargo +stable test --frozen
boom! creating container for: cargo +stable test --frozen
boom! running `docker create -v /home/ec2-user/cargobomb/./work/local/test-source/beta/stable:/source:ro -v /home/ec2-user/cargobomb/./work/local/cargo-home:/cargo-home:ro -v /home/ec2-user/cargobomb/./work/local/rustup-home:/rustup-home:ro -v /home/ec2-user/cargobomb/./work/local/target-dirs/beta/stable:/target:rw -e USER_ID=500 -e CMD=cargo +stable test --frozen cargobomb`
blam! 0dc57ea5ff23d64fe2d4c2084b04671083dcedde2e21252f568d06b1c21d9a61
boom! running `docker start -a 0dc57ea5ff23d64fe2d4c2084b04671083dcedde2e21252f568d06b1c21d9a61`
kablam!     Finished debug [unoptimized + debuginfo] target(s) in 0.0 secs
kablam!      Running /target/debug/deps/fixture-8f4ae43923ab2390
blam! 
blam! running 0 tests
blam! 
blam! test result: ok. 0 passed; 0 failed; 0 ignored; 0 measured
blam! 
kablam!      Running /target/debug/deps/lib-e37818feac4b2741
blam! 
blam! running 7 tests
blam! test glyph_positioning_features ... FAILED
blam! test glyph_definition ... FAILED
blam! test glyph_positioning_lookups ... FAILED
blam! test glyph_substitution_lookups ... FAILED
kablam! error: test failed
blam! test glyph_positioning_scripts ... FAILED
blam! test glyph_substitution_scripts ... FAILED
blam! test glyph_substitution_features ... FAILED
blam! 
blam! failures:
blam! 
blam! ---- glyph_positioning_features stdout ----
blam! 	thread 'glyph_positioning_features' panicked at 'called `Result::unwrap()` on an `Err` value: Error { repr: Os { code: 2, message: "No such file or directory" } }', /buildslave/rust-buildbot/slave/stable-dist-rustc-linux/build/src/libcore/result.rs:837
blam! note: Run with `RUST_BACKTRACE=1` for a backtrace.
blam! 
blam! ---- glyph_definition stdout ----
blam! 	thread 'glyph_definition' panicked at 'called `Result::unwrap()` on an `Err` value: Error { repr: Os { code: 2, message: "No such file or directory" } }', /buildslave/rust-buildbot/slave/stable-dist-rustc-linux/build/src/libcore/result.rs:837
blam! 
blam! ---- glyph_positioning_lookups stdout ----
blam! 	thread 'glyph_positioning_lookups' panicked at 'called `Result::unwrap()` on an `Err` value: Error { repr: Os { code: 2, message: "No such file or directory" } }', /buildslave/rust-buildbot/slave/stable-dist-rustc-linux/build/src/libcore/result.rs:837
blam! 
blam! ---- glyph_substitution_lookups stdout ----
blam! 	thread 'glyph_substitution_lookups' panicked at 'called `Result::unwrap()` on an `Err` value: Error { repr: Os { code: 2, message: "No such file or directory" } }', /buildslave/rust-buildbot/slave/stable-dist-rustc-linux/build/src/libcore/result.rs:837
blam! 
blam! ---- glyph_positioning_scripts stdout ----
blam! 	thread 'glyph_positioning_scripts' panicked at 'called `Result::unwrap()` on an `Err` value: Error { repr: Os { code: 2, message: "No such file or directory" } }', /buildslave/rust-buildbot/slave/stable-dist-rustc-linux/build/src/libcore/result.rs:837
blam! 
blam! ---- glyph_substitution_scripts stdout ----
blam! 	thread 'glyph_substitution_scripts' panicked at 'called `Result::unwrap()` on an `Err` value: Error { repr: Os { code: 2, message: "No such file or directory" } }', /buildslave/rust-buildbot/slave/stable-dist-rustc-linux/build/src/libcore/result.rs:837
blam! 
blam! ---- glyph_substitution_features stdout ----
blam! 	thread 'glyph_substitution_features' panicked at 'called `Result::unwrap()` on an `Err` value: Error { repr: Os { code: 2, message: "No such file or directory" } }', /buildslave/rust-buildbot/slave/stable-dist-rustc-linux/build/src/libcore/result.rs:837
blam! 
blam! 
blam! failures:
blam!     glyph_definition
blam!     glyph_positioning_features
blam!     glyph_positioning_lookups
blam!     glyph_positioning_scripts
blam!     glyph_substitution_features
blam!     glyph_substitution_lookups
blam!     glyph_substitution_scripts
blam! 
blam! test result: FAILED. 0 passed; 7 failed; 0 ignored; 0 measured
blam! 
boom! running `docker rm -f 0dc57ea5ff23d64fe2d4c2084b04671083dcedde2e21252f568d06b1c21d9a61`
blam! 0dc57ea5ff23d64fe2d4c2084b04671083dcedde2e21252f568d06b1c21d9a61
