boom! testing https://github.com/coredump-ch/telegram-groups-bot#e89d81ea3814fa55a56f05790d401af00683083f against stable for nightly
boom! running: cargo +stable build --frozen
boom! creating container for: cargo +stable build --frozen
boom! running `docker create -v /home/ec2-user/cargobomb/./work/local/test-source/nightly/stable:/source:ro -v /home/ec2-user/cargobomb/./work/local/cargo-home:/cargo-home:ro -v /home/ec2-user/cargobomb/./work/local/rustup-home:/rustup-home:ro -v /home/ec2-user/cargobomb/./work/local/target-dirs/nightly/stable:/target:rw -e USER_ID=500 -e CMD=cargo +stable build --frozen cargobomb`
blam! aaa48736fbb0fb3724889a9da3a4e01ff4b4b6d8b50b542e46d8a5c11ed4ce6c
boom! running `docker start -a aaa48736fbb0fb3724889a9da3a4e01ff4b4b6d8b50b542e46d8a5c11ed4ce6c`
kablam!    Compiling threadpool v1.3.2
kablam!    Compiling redis v0.7.0
kablam!    Compiling conv v0.3.3
kablam!    Compiling httparse v1.1.2
kablam!    Compiling unicode-bidi v0.2.3
kablam!    Compiling time v0.1.35
kablam!    Compiling thread-id v2.0.0
kablam!    Compiling thread_local v0.2.7
kablam!    Compiling phf_shared v0.7.19
kablam!    Compiling regex v0.1.80
kablam!    Compiling phf_generator v0.7.19
kablam!    Compiling phf v0.7.19
kablam!    Compiling openssl v0.7.14
blam! Build failed, waiting for other jobs to finish...
kablam! error: failed to run custom build command for `openssl v0.7.14`
kablam! process didn't exit successfully: `/target/debug/build/openssl-5464f8f6e728c35a/build-script-build` (exit code: 101)
kablam! --- stdout
kablam! TARGET = Some("x86_64-unknown-linux-gnu")
kablam! OPT_LEVEL = Some("0")
kablam! PROFILE = Some("debug")
kablam! TARGET = Some("x86_64-unknown-linux-gnu")
kablam! debug=true opt-level=0
kablam! HOST = Some("x86_64-unknown-linux-gnu")
kablam! TARGET = Some("x86_64-unknown-linux-gnu")
kablam! TARGET = Some("x86_64-unknown-linux-gnu")
kablam! HOST = Some("x86_64-unknown-linux-gnu")
kablam! CC_x86_64-unknown-linux-gnu = None
kablam! CC_x86_64_unknown_linux_gnu = None
kablam! HOST_CC = None
kablam! CC = None
kablam! HOST = Some("x86_64-unknown-linux-gnu")
kablam! TARGET = Some("x86_64-unknown-linux-gnu")
kablam! HOST = Some("x86_64-unknown-linux-gnu")
kablam! CFLAGS_x86_64-unknown-linux-gnu = None
kablam! CFLAGS_x86_64_unknown_linux_gnu = None
kablam! HOST_CFLAGS = None
kablam! CFLAGS = None
kablam! running: "cc" "-O0" "-ffunction-sections" "-fdata-sections" "-g" "-m64" "-fPIC" "-o" "/target/debug/build/openssl-5464f8f6e728c35a/out/src/c_helpers.o" "-c" "src/c_helpers.c"
kablam! cargo:warning=src/c_helpers.c:1:25: fatal error: openssl/ssl.h: No such file or directory
kablam! cargo:warning=compilation terminated.
kablam! ExitStatus(ExitStatus(256))
kablam! 
kablam! 
kablam! command did not execute successfully, got: exit code: 1
kablam! 
kablam! 
kablam! 
kablam! --- stderr
kablam! thread 'main' panicked at 'explicit panic', /cargo-home/registry/src/github.com-1ecc6299db9ec823/gcc-0.3.38/src/lib.rs:958
kablam! note: Run with `RUST_BACKTRACE=1` for a backtrace.
kablam! 
boom! running `docker rm -f aaa48736fbb0fb3724889a9da3a4e01ff4b4b6d8b50b542e46d8a5c11ed4ce6c`
blam! aaa48736fbb0fb3724889a9da3a4e01ff4b4b6d8b50b542e46d8a5c11ed4ce6c
