boom! testing claxon-0.3.0 against stable for beta
boom! running: cargo +stable build --frozen
boom! creating container for: cargo +stable build --frozen
boom! running `docker create -v /home/ec2-user/cargobomb/./work/local/test-source/beta/stable:/source:ro -v /home/ec2-user/cargobomb/./work/local/cargo-home:/cargo-home:ro -v /home/ec2-user/cargobomb/./work/local/rustup-home:/rustup-home:ro -v /home/ec2-user/cargobomb/./work/local/target-dirs/beta/stable:/target:rw -e USER_ID=500 -e CMD=cargo +stable build --frozen cargobomb`
blam! aa2635e9276c551681a6f4ed010b17344a18490fa43ec7176da762be88646354
boom! running `docker start -a aa2635e9276c551681a6f4ed010b17344a18490fa43ec7176da762be88646354`
kablam! warning: unused manifest key: badges.travis-ci.branch
kablam! warning: unused manifest key: badges.travis-ci.repository
kablam! warning: unused manifest key: package.categories
kablam! warning: unused manifest key: package.categories
kablam! warning: unused manifest key: package.categories
kablam!    Compiling claxon v0.3.0 (file:///source)
kablam!     Finished debug [unoptimized + debuginfo] target(s) in 2.25 secs
boom! running `docker rm -f aa2635e9276c551681a6f4ed010b17344a18490fa43ec7176da762be88646354`
blam! aa2635e9276c551681a6f4ed010b17344a18490fa43ec7176da762be88646354
boom! running: cargo +stable test --frozen --no-run
boom! creating container for: cargo +stable test --frozen --no-run
boom! running `docker create -v /home/ec2-user/cargobomb/./work/local/test-source/beta/stable:/source:ro -v /home/ec2-user/cargobomb/./work/local/cargo-home:/cargo-home:ro -v /home/ec2-user/cargobomb/./work/local/rustup-home:/rustup-home:ro -v /home/ec2-user/cargobomb/./work/local/target-dirs/beta/stable:/target:rw -e USER_ID=500 -e CMD=cargo +stable test --frozen --no-run cargobomb`
blam! ecc05b33cd46834ba63329b06b0ce77da0aecd29e596c05c6117cf43da0b9a55
boom! running `docker start -a ecc05b33cd46834ba63329b06b0ce77da0aecd29e596c05c6117cf43da0b9a55`
kablam! warning: unused manifest key: badges.travis-ci.branch
kablam! warning: unused manifest key: badges.travis-ci.repository
kablam! warning: unused manifest key: package.categories
kablam! warning: unused manifest key: package.categories
kablam! warning: unused manifest key: package.categories
kablam!    Compiling hound v3.0.0
kablam!    Compiling claxon v0.3.0 (file:///source)
kablam!     Finished debug [unoptimized + debuginfo] target(s) in 19.65 secs
boom! running `docker rm -f ecc05b33cd46834ba63329b06b0ce77da0aecd29e596c05c6117cf43da0b9a55`
blam! ecc05b33cd46834ba63329b06b0ce77da0aecd29e596c05c6117cf43da0b9a55
boom! running: cargo +stable test --frozen
boom! creating container for: cargo +stable test --frozen
boom! running `docker create -v /home/ec2-user/cargobomb/./work/local/test-source/beta/stable:/source:ro -v /home/ec2-user/cargobomb/./work/local/cargo-home:/cargo-home:ro -v /home/ec2-user/cargobomb/./work/local/rustup-home:/rustup-home:ro -v /home/ec2-user/cargobomb/./work/local/target-dirs/beta/stable:/target:rw -e USER_ID=500 -e CMD=cargo +stable test --frozen cargobomb`
blam! 0fb55db8c2adb12ffe085e77de14370bd9036c82cda65345b5eee97c5ddaf068
boom! running `docker start -a 0fb55db8c2adb12ffe085e77de14370bd9036c82cda65345b5eee97c5ddaf068`
kablam! warning: unused manifest key: badges.travis-ci.branch
kablam! warning: unused manifest key: badges.travis-ci.repository
kablam! warning: unused manifest key: package.categories
kablam! warning: unused manifest key: package.categories
kablam! warning: unused manifest key: package.categories
kablam!     Finished debug [unoptimized + debuginfo] target(s) in 0.1 secs
kablam!      Running /target/debug/deps/claxon-d5d9fee4101c06cf
blam! 
blam! running 25 tests
blam! test frame::verify_block_stereo_samples_iterator ... ok
blam! test frame::verify_block_sample ... ok
blam! test crc::verify_crc8_test_vectors ... ok
blam! test crc::verify_crc16_test_vectors ... ok
blam! test frame::verify_decode_left_side ... ok
blam! test frame::verify_decode_mid_side ... ok
blam! test frame::verify_read_var_length_int ... ok
blam! test frame::verify_decode_right_side ... ok
blam! test input::verify_read_be_u32 ... ok
blam! test input::verify_read_gt_u8_get_u16 ... ok
blam! test input::verify_read_be_u24 ... ok
blam! test input::verify_read_into ... ok
blam! test input::verify_read_leq_u32 ... ok
blam! test input::verify_read_be_u16 ... ok
blam! test input::verify_read_leq_u16 ... ok
blam! test input::verify_read_bit ... ok
blam! test input::verify_read_leq_u8 ... ok
blam! test subframe::verify_extend_sign_u16 ... ok
blam! test input::verify_read_unary ... ok
blam! test input::verify_read_u8 ... ok
blam! test subframe::verify_predict_lpc ... ok
blam! test input::verify_read_mixed ... ok
blam! test subframe::verify_extend_sign_u32 ... ok
blam! test subframe::verify_rice_to_signed ... ok
blam! test subframe::verify_predict_fixed ... ok
blam! 
blam! test result: ok. 25 passed; 0 failed; 0 ignored; 0 measured
blam! 
kablam!      Running /target/debug/deps/testsamples-fb1adbfab883641c
blam! 
blam! running 11 tests
blam! test verify_decoded_stream_p0 ... FAILED
blam! test verify_decoded_stream_p2 ... FAILED
blam! test verify_decoded_stream_p3 ... FAILED
blam! test verify_decoded_stream_p1 ... FAILED
blam! test verify_extra_samples ... ok
blam! test verify_decoded_stream_p4 ... FAILED
blam! test verify_streaminfo_p1 ... FAILED
blam! test verify_streaminfo_p0 ... FAILED
blam! test verify_streaminfo_p2 ... FAILED
blam! test verify_streaminfo_p3 ... FAILED
blam! test verify_streaminfo_p4 ... FAILED
blam! 
blam! failures:
blam! 
blam! ---- verify_decoded_stream_p0 stdout ----
blam! 	thread 'verify_decoded_stream_p0' panicked at 'failed to run flac: Error { repr: Os { code: 2, message: "No such file or directory" } }', /buildslave/rust-buildbot/slave/stable-dist-rustc-linux/build/src/libcore/result.rs:837
blam! 
blam! ---- verify_decoded_stream_p2 stdout ----
blam! 	thread 'verify_decoded_stream_p2' panicked at 'failed to run flac: Error { repr: Os { code: 2, message: "No such file or directory" } }', /buildslave/rust-buildbot/slave/stable-dist-rustc-linux/build/src/libcore/result.rs:837
blam! 
blam! ---- verify_decoded_stream_p3 stdout ----
blam! 	thread 'verify_decoded_stream_p3' panicked at 'failed to run flac: Error { repr: Os { code: 2, message: "No such file or directory" } }', /buildslave/rust-buildbot/slave/stable-dist-rustc-linux/build/src/libcore/result.rs:837
blam! note: Run with `RUST_BACKTRACE=1` for a backtrace.
blam! 
blam! ---- verify_decoded_stream_p1 stdout ----
blam! 	thread 'verify_decoded_stream_p1' panicked at 'failed to run flac: Error { repr: Os { code: 2, message: "No such file or directory" } }', /buildslave/rust-buildbot/slave/stable-dist-rustc-linux/build/src/libcore/result.rs:837
blam! 
blam! ---- verify_decoded_stream_p4 stdout ----
blam! 	thread 'verify_decoded_stream_p4' panicked at 'failed to run flac: Error { repr: Os { code: 2, message: "No such file or directory" } }', /buildslave/rust-buildbot/slave/stable-dist-rustc-linux/build/src/libcore/result.rs:837
blam! 
blam! ---- verify_streaminfo_p1 stdout ----
blam! 	thread 'verify_streaminfo_p1' panicked at 'failed to run metaflac: Error { repr: Os { code: 2, message: "No such file or directory" } }', /buildslave/rust-buildbot/slave/stable-dist-rustc-linux/build/src/libcore/result.rs:837
blam! 
blam! ---- verify_streaminfo_p0 stdout ----
blam! 	thread 'verify_streaminfo_p0' panicked at 'failed to run metaflac: Error { repr: Os { code: 2, message: "No such file or directory" } }', /buildslave/rust-buildbot/slave/stable-dist-rustc-linux/build/src/libcore/result.rs:837
blam! 
blam! ---- verify_streaminfo_p2 stdout ----
blam! 	thread 'verify_streaminfo_p2' panicked at 'failed to run metaflac: Error { repr: Os { code: 2, message: "No such file or directory" } }', /buildslave/rust-buildbot/slave/stable-dist-rustc-linux/build/src/libcore/result.rs:837
blam! 
blam! ---- verify_streaminfo_p3 stdout ----
blam! 	thread 'verify_streaminfo_p3' panicked at 'failed to run metaflac: Error { repr: Os { code: 2, message: "No such file or directory" } }', /buildslave/rust-buildbot/slave/stable-dist-rustc-linux/build/src/libcore/result.rs:837
blam! 
blam! ---- verify_streaminfo_p4 stdout ----
blam! 	thread 'verify_streaminfo_p4' panicked at 'failed to run metaflac: Error { repr: Os { code: 2, message: "No such file or directory" } }', /buildslave/rust-buildbot/slave/stable-dist-rustc-linux/build/src/libcore/result.rs:837
blam! 
blam! 
blam! failures:
blam!     verify_decoded_stream_p0
blam!     verify_decoded_stream_p1
blam!     verify_decoded_stream_p2
blam!     verify_decoded_stream_p3
blam!     verify_decoded_stream_p4
blam!     verify_streaminfo_p0
blam!     verify_streaminfo_p1
blam!     verify_streaminfo_p2
blam!     verify_streaminfo_p3
blam!     verify_streaminfo_p4
blam! 
blam! test result: FAILED. 1 passed; 10 failed; 0 ignored; 0 measured
blam! 
kablam! error: test failed
boom! running `docker rm -f 0fb55db8c2adb12ffe085e77de14370bd9036c82cda65345b5eee97c5ddaf068`
blam! 0fb55db8c2adb12ffe085e77de14370bd9036c82cda65345b5eee97c5ddaf068
