boom! testing lambda-0.0.1 against stable for beta
boom! running: cargo +stable build --frozen
boom! creating container for: cargo +stable build --frozen
boom! running `docker create -v /home/ec2-user/cargobomb/./work/local/test-source/beta/stable:/source:ro -v /home/ec2-user/cargobomb/./work/local/cargo-home:/cargo-home:ro -v /home/ec2-user/cargobomb/./work/local/rustup-home:/rustup-home:ro -v /home/ec2-user/cargobomb/./work/local/target-dirs/beta/stable:/target:rw -e USER_ID=500 -e CMD=cargo +stable build --frozen cargobomb`
blam! f843ce73cf22da01afc4a2ac3ca82c0bf1c67c662a2dc179e6eb99b8cef10518
boom! running `docker start -a f843ce73cf22da01afc4a2ac3ca82c0bf1c67c662a2dc179e6eb99b8cef10518`
kablam!    Compiling lambda v0.0.1 (file:///source)
kablam! error: invalid suffix `u` for numeric literal
kablam!   --> src/lib.rs:91:26
kablam!    |
kablam! 91 |             .o(| (x,) | (0u + x, 1u + x))
kablam!    |                          ^^
kablam!    |
kablam!    = help: the suffix must be one of the integral types (`u32`, `isize`, etc)
kablam! 
kablam! error: invalid suffix `u` for numeric literal
kablam!   --> src/lib.rs:91:34
kablam!    |
kablam! 91 |             .o(| (x,) | (0u + x, 1u + x))
kablam!    |                                  ^^
kablam!    |
kablam!    = help: the suffix must be one of the integral types (`u32`, `isize`, etc)
kablam! 
kablam! error: invalid suffix `u` for numeric literal
kablam!   --> src/lib.rs:92:28
kablam!    |
kablam! 92 |             .o(| (x, y) | (0u + x, 1u + y, 2u + y))
kablam!    |                            ^^
kablam!    |
kablam!    = help: the suffix must be one of the integral types (`u32`, `isize`, etc)
kablam! 
kablam! error: invalid suffix `u` for numeric literal
kablam!   --> src/lib.rs:92:36
kablam!    |
kablam! 92 |             .o(| (x, y) | (0u + x, 1u + y, 2u + y))
kablam!    |                                    ^^
kablam!    |
kablam!    = help: the suffix must be one of the integral types (`u32`, `isize`, etc)
kablam! 
kablam! error: invalid suffix `u` for numeric literal
kablam!   --> src/lib.rs:92:44
kablam!    |
kablam! 92 |             .o(| (x, y) | (0u + x, 1u + y, 2u + y))
kablam!    |                                            ^^
kablam!    |
kablam!    = help: the suffix must be one of the integral types (`u32`, `isize`, etc)
kablam! 
kablam! error[E0554]: #[feature] may not be used on the stable release channel
kablam!  --> src/lib.rs:8:1
kablam!   |
kablam! 8 | #![feature(default_type_params)]
kablam!   | ^^^^^^^^^^^^^^^^^^^^^^^^^^^^^^^^
kablam! 
kablam! error[E0554]: #[feature] may not be used on the stable release channel
kablam!  --> src/lib.rs:9:1
kablam!   |
kablam! 9 | #![feature(macro_rules)]
kablam!   | ^^^^^^^^^^^^^^^^^^^^^^^^
kablam! 
kablam! error[E0554]: #[feature] may not be used on the stable release channel
kablam!   --> src/lib.rs:10:1
kablam!    |
kablam! 10 | #![feature(non_ascii_idents)]
kablam!    | ^^^^^^^^^^^^^^^^^^^^^^^^^^^^^
kablam! 
kablam! error: aborting due to 3 previous errors
kablam! 
kablam! error: Could not compile `lambda`.
kablam! 
kablam! To learn more, run the command again with --verbose.
boom! running `docker rm -f f843ce73cf22da01afc4a2ac3ca82c0bf1c67c662a2dc179e6eb99b8cef10518`
blam! f843ce73cf22da01afc4a2ac3ca82c0bf1c67c662a2dc179e6eb99b8cef10518
