boom! testing amber-0.3.3 against stable for nightly
boom! running: cargo +stable build --frozen
boom! creating container for: cargo +stable build --frozen
boom! running `docker create -v /home/ec2-user/cargobomb/./work/local/test-source/nightly/stable:/source:ro -v /home/ec2-user/cargobomb/./work/local/cargo-home:/cargo-home:ro -v /home/ec2-user/cargobomb/./work/local/rustup-home:/rustup-home:ro -v /home/ec2-user/cargobomb/./work/local/target-dirs/nightly/stable:/target:rw -e USER_ID=500 -e CMD=cargo +stable build --frozen cargobomb`
blam! bca080bef09ba63bbcbce3c84c8c4f298303ec978bbe591904e44d0949a69141
boom! running `docker start -a bca080bef09ba63bbcbce3c84c8c4f298303ec978bbe591904e44d0949a69141`
kablam! warning: unused manifest key: badges.appveyor.repository
kablam! warning: unused manifest key: badges.travis-ci.repository
kablam! warning: unused manifest key: package.categories
kablam!    Compiling semver v0.1.20
kablam!    Compiling winapi v0.2.8
kablam!    Compiling term v0.4.5
kablam!    Compiling libc v0.2.21
kablam!    Compiling lazy_static v0.2.4
kablam!    Compiling winapi-build v0.1.1
kablam!    Compiling utf8-ranges v0.1.3
kablam!    Compiling rlibc v1.0.0
kablam!    Compiling rustc-serialize v0.3.22
kablam!    Compiling memchr v0.1.11
kablam!    Compiling kernel32-sys v0.2.2
kablam!    Compiling scoped_threadpool v0.1.7
kablam!    Compiling rand v0.3.15
kablam!    Compiling regex-syntax v0.3.9
kablam!    Compiling rustc_version v0.1.7
kablam!    Compiling aho-corasick v0.5.3
kablam!    Compiling ctrlc v2.0.1
kablam!    Compiling thread-id v2.0.0
kablam!    Compiling thread_local v0.2.7
kablam!    Compiling fs2 v0.2.5
kablam!    Compiling num_cpus v0.2.13
kablam!    Compiling memmap v0.2.3
kablam!    Compiling tempfile v2.1.5
kablam!    Compiling time v0.1.36
kablam!    Compiling glob v0.2.11
kablam!    Compiling strsim v0.5.2
kablam!    Compiling regex v0.1.80
kablam!    Compiling docopt v0.6.86
kablam!    Compiling amber v0.3.3 (file:///source)
kablam!     Finished debug [unoptimized + debuginfo] target(s) in 47.80 secs
boom! running `docker rm -f bca080bef09ba63bbcbce3c84c8c4f298303ec978bbe591904e44d0949a69141`
blam! bca080bef09ba63bbcbce3c84c8c4f298303ec978bbe591904e44d0949a69141
boom! running: cargo +stable test --frozen --no-run
boom! creating container for: cargo +stable test --frozen --no-run
boom! running `docker create -v /home/ec2-user/cargobomb/./work/local/test-source/nightly/stable:/source:ro -v /home/ec2-user/cargobomb/./work/local/cargo-home:/cargo-home:ro -v /home/ec2-user/cargobomb/./work/local/rustup-home:/rustup-home:ro -v /home/ec2-user/cargobomb/./work/local/target-dirs/nightly/stable:/target:rw -e USER_ID=500 -e CMD=cargo +stable test --frozen --no-run cargobomb`
blam! c401e50055dc336bfd7ed6a7adcb2524bddb969b0b12af3b1cf90bf3d3da8225
boom! running `docker start -a c401e50055dc336bfd7ed6a7adcb2524bddb969b0b12af3b1cf90bf3d3da8225`
kablam! warning: unused manifest key: badges.appveyor.repository
kablam! warning: unused manifest key: badges.travis-ci.repository
kablam! warning: unused manifest key: package.categories
kablam!    Compiling amber v0.3.3 (file:///source)
kablam! warning: unused import: `Pipeline`, #[warn(unused_imports)] on by default
kablam!    --> src/pipeline_sorter.rs:106:20
kablam!     |
kablam! 106 |     use pipeline::{Pipeline, PipelineInfo, PipelineJoin};
kablam!     |                    ^^^^^^^^
kablam! 
kablam!     Finished debug [unoptimized + debuginfo] target(s) in 19.49 secs
boom! running `docker rm -f c401e50055dc336bfd7ed6a7adcb2524bddb969b0b12af3b1cf90bf3d3da8225`
blam! c401e50055dc336bfd7ed6a7adcb2524bddb969b0b12af3b1cf90bf3d3da8225
boom! running: cargo +stable test --frozen
boom! creating container for: cargo +stable test --frozen
boom! running `docker create -v /home/ec2-user/cargobomb/./work/local/test-source/nightly/stable:/source:ro -v /home/ec2-user/cargobomb/./work/local/cargo-home:/cargo-home:ro -v /home/ec2-user/cargobomb/./work/local/rustup-home:/rustup-home:ro -v /home/ec2-user/cargobomb/./work/local/target-dirs/nightly/stable:/target:rw -e USER_ID=500 -e CMD=cargo +stable test --frozen cargobomb`
blam! 40a3c1857940727a09cb4790f6cabe50acd1c6c80768ae56bbac240559b72411
boom! running `docker start -a 40a3c1857940727a09cb4790f6cabe50acd1c6c80768ae56bbac240559b72411`
kablam! warning: unused manifest key: badges.appveyor.repository
kablam! warning: unused manifest key: badges.travis-ci.repository
kablam! warning: unused manifest key: package.categories
kablam!     Finished debug [unoptimized + debuginfo] target(s) in 0.0 secs
kablam!      Running /target/debug/deps/amber-5aaccd7449964a82
blam! 
blam! running 9 tests
blam! test matcher::tests::test_brute_force_matcher ... ok
blam! test ignore::tests::ignore_git ... FAILED
blam! test matcher::tests::test_quick_search_matcher ... ok
blam! test matcher::tests::test_tbm_matcher ... ok
blam! test pipeline_finder::tests::pipeline_finder_not_skip_vcs ... FAILED
blam! test pipeline_finder::tests::pipeline_finder_default ... ok
blam! test pipeline_matcher::tests::pipeline_matcher ... ok
blam! test pipeline_sorter::tests::pipeline_sorter ... ok
blam! test matcher::tests::test_regex_matcher ... ok
blam! 
blam! failures:
blam! 
blam! ---- ignore::tests::ignore_git stdout ----
blam! 	thread 'ignore::tests::ignore_git' panicked at 'assertion failed: ignore.is_ignore(&PathBuf::from("./test/a.o"), false)', src/ignore.rs:253
blam! note: Run with `RUST_BACKTRACE=1` for a backtrace.
blam! 
blam! ---- pipeline_finder::tests::pipeline_finder_not_skip_vcs stdout ----
blam! 	thread 'pipeline_finder::tests::pipeline_finder_not_skip_vcs' panicked at 'assertion failed: ret.iter().any(|x| x.path == PathBuf::from("./.git/config"))', src/pipeline_finder.rs:308
blam! 
blam! 
blam! failures:
blam!     ignore::tests::ignore_git
blam!     pipeline_finder::tests::pipeline_finder_not_skip_vcs
blam! 
blam! test result: FAILED. 7 passed; 2 failed; 0 ignored; 0 measured
kablam! error: test failed
blam! 
boom! running `docker rm -f 40a3c1857940727a09cb4790f6cabe50acd1c6c80768ae56bbac240559b72411`
blam! 40a3c1857940727a09cb4790f6cabe50acd1c6c80768ae56bbac240559b72411
