boom! testing users_native-0.1.0 against beta for beta
boom! running: cargo +beta build --frozen
boom! creating container for: cargo +beta build --frozen
boom! running `docker create -v /home/ec2-user/cargobomb/./work/local/test-source/beta/beta:/source:ro -v /home/ec2-user/cargobomb/./work/local/cargo-home:/cargo-home:ro -v /home/ec2-user/cargobomb/./work/local/rustup-home:/rustup-home:ro -v /home/ec2-user/cargobomb/./work/local/target-dirs/beta/beta:/target:rw -e USER_ID=500 -e CMD=cargo +beta build --frozen cargobomb`
blam! 65b6363976527f5864002ce602ac3257079c5d07474f02544e280753f9362a4b
boom! running `docker start -a 65b6363976527f5864002ce602ac3257079c5d07474f02544e280753f9362a4b`
kablam!    Compiling users_native v0.1.0 (file:///source)
kablam!     Finished dev [unoptimized + debuginfo] target(s) in 1.9 secs
boom! running `docker rm -f 65b6363976527f5864002ce602ac3257079c5d07474f02544e280753f9362a4b`
blam! 65b6363976527f5864002ce602ac3257079c5d07474f02544e280753f9362a4b
boom! running: cargo +beta test --frozen --no-run
boom! creating container for: cargo +beta test --frozen --no-run
boom! running `docker create -v /home/ec2-user/cargobomb/./work/local/test-source/beta/beta:/source:ro -v /home/ec2-user/cargobomb/./work/local/cargo-home:/cargo-home:ro -v /home/ec2-user/cargobomb/./work/local/rustup-home:/rustup-home:ro -v /home/ec2-user/cargobomb/./work/local/target-dirs/beta/beta:/target:rw -e USER_ID=500 -e CMD=cargo +beta test --frozen --no-run cargobomb`
blam! 4510137de41e006515dbf312cd54df3b3f3cdb029e9230271a6093958e7c6360
boom! running `docker start -a 4510137de41e006515dbf312cd54df3b3f3cdb029e9230271a6093958e7c6360`
kablam!    Compiling users_native v0.1.0 (file:///source)
kablam!     Finished dev [unoptimized + debuginfo] target(s) in 1.75 secs
boom! running `docker rm -f 4510137de41e006515dbf312cd54df3b3f3cdb029e9230271a6093958e7c6360`
blam! 4510137de41e006515dbf312cd54df3b3f3cdb029e9230271a6093958e7c6360
boom! running: cargo +beta test --frozen
boom! creating container for: cargo +beta test --frozen
boom! running `docker create -v /home/ec2-user/cargobomb/./work/local/test-source/beta/beta:/source:ro -v /home/ec2-user/cargobomb/./work/local/cargo-home:/cargo-home:ro -v /home/ec2-user/cargobomb/./work/local/rustup-home:/rustup-home:ro -v /home/ec2-user/cargobomb/./work/local/target-dirs/beta/beta:/target:rw -e USER_ID=500 -e CMD=cargo +beta test --frozen cargobomb`
blam! f5e9ba42e4c4ca324583acfa8a996117c9a0e95cb365425aab2a3f4ce27c9a61
boom! running `docker start -a f5e9ba42e4c4ca324583acfa8a996117c9a0e95cb365425aab2a3f4ce27c9a61`
kablam!     Finished dev [unoptimized + debuginfo] target(s) in 0.0 secs
kablam!      Running /target/debug/deps/users_native-208578fd3667f39f
blam! 
blam! running 7 tests
blam! test test_get_current_user ... FAILED
blam! test test_get_current_username ... ok
blam! test test_alt_get_users ... ok
blam! test test_alt_read_password ... ok
blam! test test_read_passwd ... ok
blam! test test_get_user_by_name ... ok
blam! test test_get_user_by_uid ... ok
blam! 
blam! failures:
blam! 
blam! ---- test_get_current_user stdout ----
kablam! error: test failed
blam! 	thread 'test_get_current_user' panicked at 'called `Option::unwrap()` on a `None` value', /buildslave/rust-buildbot/slave/beta-dist-rustc-linux/build/src/libcore/option.rs:323
blam! note: Run with `RUST_BACKTRACE=1` for a backtrace.
blam! 
blam! 
blam! failures:
blam!     test_get_current_user
blam! 
blam! test result: FAILED. 6 passed; 1 failed; 0 ignored; 0 measured
blam! 
boom! running `docker rm -f f5e9ba42e4c4ca324583acfa8a996117c9a0e95cb365425aab2a3f4ce27c9a61`
blam! f5e9ba42e4c4ca324583acfa8a996117c9a0e95cb365425aab2a3f4ce27c9a61
