boom! testing humpty_dumpty-0.0.1 against stable for nightly
boom! running: cargo +stable build --frozen
boom! creating container for: cargo +stable build --frozen
boom! running `docker create -v /home/ec2-user/cargobomb/./work/local/test-source/nightly/stable:/source:ro -v /home/ec2-user/cargobomb/./work/local/cargo-home:/cargo-home:ro -v /home/ec2-user/cargobomb/./work/local/rustup-home:/rustup-home:ro -v /home/ec2-user/cargobomb/./work/local/target-dirs/nightly/stable:/target:rw -e USER_ID=500 -e CMD=cargo +stable build --frozen cargobomb`
blam! 40bd9a4d1d0ed3516ebf82cb4a2da864b3c3673d0ebb2b47ea4e7e06f809d163
boom! running `docker start -a 40bd9a4d1d0ed3516ebf82cb4a2da864b3c3673d0ebb2b47ea4e7e06f809d163`
kablam!    Compiling humpty_dumpty v0.0.1 (file:///source)
kablam! error[E0432]: unresolved import `rustc::lint::Context`
kablam!   --> src/lib.rs:16:19
kablam!    |
kablam! 16 | use rustc::lint::{Context, LintArray, LintPass};
kablam!    |                   ^^^^^^^ no `Context` in `lint`. Did you mean to use `context`?
kablam! 
kablam! error[E0432]: unresolved import `rustc::plugin::Registry`
kablam!   --> src/lib.rs:17:5
kablam!    |
kablam! 17 | use rustc::plugin::Registry;
kablam!    |     ^^^^^^^^^^^^^^^^^^^^^^^ Could not find `plugin` in `rustc`
kablam! 
kablam! error[E0432]: unresolved import `syntax::ast_util`
kablam!   --> src/lib.rs:20:5
kablam!    |
kablam! 20 | use syntax::ast_util;
kablam!    |     ^^^^^^^^^^^^^^^^ no `ast_util` in the root
kablam! 
kablam! error[E0432]: unresolved import `syntax::attr::AttrMetaMethods`
kablam!   --> src/lib.rs:21:20
kablam!    |
kablam! 21 | use syntax::attr::{AttrMetaMethods};
kablam!    |                    ^^^^^^^^^^^^^^^ no `AttrMetaMethods` in `attr`
kablam! 
kablam! error[E0432]: unresolved import `rustc::middle::ty`
kablam!   --> src/lib.rs:22:25
kablam!    |
kablam! 22 | use rustc::middle::ty::{self, ctxt};
kablam!    |                         ^^^^ no `ty` in `middle`
kablam! 
kablam! error[E0432]: unresolved import `rustc::middle::ty::ctxt`
kablam!   --> src/lib.rs:22:31
kablam!    |
kablam! 22 | use rustc::middle::ty::{self, ctxt};
kablam!    |                               ^^^^ Could not find `ty` in `middle`
kablam! 
kablam! error[E0432]: unresolved import `rustc::util::ppaux::Repr`
kablam!   --> src/lib.rs:23:5
kablam!    |
kablam! 23 | use rustc::util::ppaux::Repr;
kablam!    |     ^^^^^^^^^^^^^^^^^^^^^^^^ no `Repr` in `util::ppaux`
kablam! 
kablam! error[E0432]: unresolved import `rustc::util::nodemap::FnvHashMap`
kablam!   --> src/lib.rs:24:28
kablam!    |
kablam! 24 | use rustc::util::nodemap::{FnvHashMap, NodeMap};
kablam!    |                            ^^^^^^^^^^ no `FnvHashMap` in `util::nodemap`. Did you mean to use `FxHashMap`?
kablam! 
kablam! error[E0432]: unresolved import `rustc::middle::def::*`
kablam!   --> src/lib.rs:25:5
kablam!    |
kablam! 25 | use rustc::middle::def::*;
kablam!    |     ^^^^^^^^^^^^^^^^^^^^^^ Could not find `def` in `middle`
kablam! 
kablam! error[E0407]: method `check_fn` is not a member of trait `LintPass`
kablam!   --> src/lib.rs:38:5
kablam!    |
kablam! 38 |     fn check_fn(&mut self, cx: &Context, _: visit::FnKind, decl: &FnDecl, block: &Block, _: Span, id: NodeId) {
kablam!    |     ^ not a member of trait `LintPass`
kablam! 
kablam! error[E0531]: cannot find tuple struct/variant `MetaNameValue` in this scope
kablam!   --> src/lib.rs:97:20
kablam!    |
kablam! 97 |             if let MetaNameValue(ref intstr, ref lit) = attr.node.value.node {
kablam!    |                    ^^^^^^^^^^^^^ not found in this scope
kablam! 
kablam! error[E0531]: cannot find tuple struct/variant `LitStr` in this scope
kablam!   --> src/lib.rs:99:28
kablam!    |
kablam! 99 |                     if let LitStr(ref litstr, _) = lit.node {
kablam!    |                            ^^^^^^ not found in this scope
kablam! 
kablam! error[E0531]: cannot find tuple struct/variant `PatIdent` in this scope
kablam!    --> src/lib.rs:113:20
kablam!     |
kablam! 113 |             if let PatIdent(_, _, _) = p.node {
kablam!     |                    ^^^^^^^^ not found in this scope
kablam! 
kablam! error[E0531]: cannot find tuple struct/variant `PatWild` in this scope
kablam!    --> src/lib.rs:125:27
kablam!     |
kablam! 125 |             } else if let PatWild(_) = p.node {
kablam!     |                           ^^^^^^^ not found in this scope
kablam! 
kablam! error[E0407]: method `visit_decl` is not a member of trait `Visitor`
kablam!    --> src/lib.rs:153:5
kablam!     |
kablam! 153 |     fn visit_decl(&mut self, d: &'v Decl) {
kablam!     |     ^ not a member of trait `Visitor`
kablam! 
kablam! error[E0412]: cannot find type `Decl` in this scope
kablam!    --> src/lib.rs:153:37
kablam!     |
kablam! 153 |     fn visit_decl(&mut self, d: &'v Decl) {
kablam!     |                                     ^^^^ not found in this scope
kablam!     |
kablam!     = help: possible candidate is found in another module, you can import it into scope:
kablam!               `use rustc::hir::Decl;`
kablam! 
kablam! error[E0531]: cannot find tuple struct/variant `DeclLocal` in this scope
kablam!    --> src/lib.rs:161:16
kablam!     |
kablam! 161 |         if let DeclLocal(ref l) = d.node {
kablam!     |                ^^^^^^^^^ not found in this scope
kablam!     |
kablam!     = help: possible candidates are found in other modules, you can import them into scope:
kablam!               `use rustc::hir::DeclLocal;`
kablam!               `use rustc::hir::Decl_::DeclLocal;`
kablam! 
kablam! error[E0425]: cannot find value `LocalFor` in this scope
kablam!    --> src/lib.rs:163:28
kablam!     |
kablam! 163 |             if l.source == LocalFor {
kablam!     |                            ^^^^^^^^ not found in this scope
kablam! 
kablam! error[E0425]: cannot find function `walk_decl` in module `visit`
kablam!    --> src/lib.rs:177:9
kablam!     |
kablam! 177 |         visit::walk_decl(self, d);
kablam!     |         ^^^^^^^^^^^^^^^^ did you mean `visit::walk_fn_decl`?
kablam!     |
kablam!     = help: possible candidate is found in another module, you can import it into scope:
kablam!               `use rustc::hir::intravisit::walk_decl;`
kablam! 
kablam! error[E0531]: cannot find tuple struct/variant `StmtSemi` in this scope
kablam!    --> src/lib.rs:182:20
kablam!     |
kablam! 182 |             if let StmtSemi(ref e, _) = s.node {
kablam!     |                    ^^^^^^^^ not found in this scope
kablam!     |
kablam!     = help: possible candidates are found in other modules, you can import them into scope:
kablam!               `use rustc::hir::StmtSemi;`
kablam!               `use rustc::hir::Stmt_::StmtSemi;`
kablam! 
kablam! error[E0531]: cannot find tuple struct/variant `ExprAssign` in this scope
kablam!    --> src/lib.rs:201:13
kablam!     |
kablam! 201 |             ExprAssign(ref lhs, ref rhs) => {
kablam!     |             ^^^^^^^^^^ not found in this scope
kablam!     |
kablam!     = help: possible candidates are found in other modules, you can import them into scope:
kablam!               `use rustc::hir::ExprAssign;`
kablam!               `use rustc::hir::Expr_::ExprAssign;`
kablam! 
kablam! error[E0531]: cannot find tuple struct/variant `ExprPath` in this scope
kablam!    --> src/lib.rs:206:36
kablam!     |
kablam! 206 |                 let defid = if let ExprPath(_, _) = lhs.node {
kablam!     |                                    ^^^^^^^^ not found in this scope
kablam!     |
kablam!     = help: possible candidates are found in other modules, you can import them into scope:
kablam!               `use rustc::hir::ExprPath;`
kablam!               `use rustc::hir::Expr_::ExprPath;`
kablam! 
kablam! error[E0531]: cannot find tuple struct/variant `ExprPath` in this scope
kablam!    --> src/lib.rs:219:13
kablam!     |
kablam! 219 |             ExprPath(_, _) => {
kablam!     |             ^^^^^^^^ not found in this scope
kablam!     |
kablam!     = help: possible candidates are found in other modules, you can import them into scope:
kablam!               `use rustc::hir::ExprPath;`
kablam!               `use rustc::hir::Expr_::ExprPath;`
kablam! 
kablam! error[E0531]: cannot find tuple struct/variant `ExprCall` in this scope
kablam!    --> src/lib.rs:232:13
kablam!     |
kablam! 232 |             ExprCall(_, _) | ExprMethodCall(_, _, _) => {
kablam!     |             ^^^^^^^^ not found in this scope
kablam!     |
kablam!     = help: possible candidates are found in other modules, you can import them into scope:
kablam!               `use rustc::hir::ExprCall;`
kablam!               `use rustc::hir::Expr_::ExprCall;`
kablam! 
kablam! error[E0531]: cannot find tuple struct/variant `ExprMethodCall` in this scope
kablam!    --> src/lib.rs:232:30
kablam!     |
kablam! 232 |             ExprCall(_, _) | ExprMethodCall(_, _, _) => {
kablam!     |                              ^^^^^^^^^^^^^^ not found in this scope
kablam!     |
kablam!     = help: possible candidates are found in other modules, you can import them into scope:
kablam!               `use rustc::hir::ExprMethodCall;`
kablam!               `use rustc::hir::Expr_::ExprMethodCall;`
kablam! 
kablam! error[E0531]: cannot find tuple struct/variant `ExprAddrOf` in this scope
kablam!    --> src/lib.rs:235:13
kablam!     |
kablam! 235 |             ExprAddrOf(_, ref e1) => {
kablam!     |             ^^^^^^^^^^ not found in this scope
kablam!     |
kablam!     = help: possible candidates are found in other modules, you can import them into scope:
kablam!               `use rustc::hir::ExprAddrOf;`
kablam!               `use rustc::hir::Expr_::ExprAddrOf;`
kablam! 
kablam! error[E0531]: cannot find tuple struct/variant `ExprPath` in this scope
kablam!    --> src/lib.rs:236:24
kablam!     |
kablam! 236 |                 if let ExprPath(_, _) = e1.node {
kablam!     |                        ^^^^^^^^ not found in this scope
kablam!     |
kablam!     = help: possible candidates are found in other modules, you can import them into scope:
kablam!               `use rustc::hir::ExprPath;`
kablam!               `use rustc::hir::Expr_::ExprPath;`
kablam! 
kablam! error[E0531]: cannot find tuple struct/variant `ExprIf` in this scope
kablam!    --> src/lib.rs:244:13
kablam!     |
kablam! 244 |             ExprIf(_, ref if_block, ref else_expr) => {
kablam!     |             ^^^^^^ not found in this scope
kablam!     |
kablam!     = help: possible candidates are found in other modules, you can import them into scope:
kablam!               `use rustc::hir::ExprIf;`
kablam!               `use rustc::hir::Expr_::ExprIf;`
kablam! 
kablam! error[E0531]: cannot find tuple struct/variant `ExprMatch` in this scope
kablam!    --> src/lib.rs:296:13
kablam!     |
kablam! 296 |             ExprMatch(ref e1, ref arms, _) => {
kablam!     |             ^^^^^^^^^ not found in this scope
kablam!     |
kablam!     = help: possible candidates are found in other modules, you can import them into scope:
kablam!               `use rustc::hir::ExprMatch;`
kablam!               `use rustc::hir::Expr_::ExprMatch;`
kablam! 
kablam! error[E0531]: cannot find tuple struct/variant `ExprLoop` in this scope
kablam!    --> src/lib.rs:312:28
kablam!     |
kablam! 312 |                     if let ExprLoop(ref loop_block, _) = body.node {
kablam!     |                            ^^^^^^^^ not found in this scope
kablam!     |
kablam!     = help: possible candidates are found in other modules, you can import them into scope:
kablam!               `use rustc::hir::ExprLoop;`
kablam!               `use rustc::hir::Expr_::ExprLoop;`
kablam! 
kablam! error[E0531]: cannot find tuple struct/variant `ExprMatch` in this scope
kablam!    --> src/lib.rs:314:36
kablam!     |
kablam! 314 |                             if let ExprMatch(_, _, MatchSource::ForLoopDesugar) = loop_expr.node {
kablam!     |                                    ^^^^^^^^^ not found in this scope
kablam!     |
kablam!     = help: possible candidates are found in other modules, you can import them into scope:
kablam!               `use rustc::hir::ExprMatch;`
kablam!               `use rustc::hir::Expr_::ExprMatch;`
kablam! 
kablam! error[E0433]: failed to resolve. Use of undeclared type or module `MatchSource`
kablam!    --> src/lib.rs:314:52
kablam!     |
kablam! 314 |                             if let ExprMatch(_, _, MatchSource::ForLoopDesugar) = loop_expr.node {
kablam!     |                                                    ^^^^^^^^^^^^^^^^^^^^^^^^^^^ Use of undeclared type or module `MatchSource`
kablam! 
kablam! error[E0531]: cannot find tuple struct/variant `ExprRet` in this scope
kablam!    --> src/lib.rs:373:13
kablam!     |
kablam! 373 |             ExprRet(ref e1) => {
kablam!     |             ^^^^^^^ not found in this scope
kablam!     |
kablam!     = help: possible candidates are found in other modules, you can import them into scope:
kablam!               `use rustc::hir::ExprRet;`
kablam!               `use rustc::hir::Expr_::ExprRet;`
kablam! 
kablam! error[E0531]: cannot find tuple struct/variant `ExprLoop` in this scope
kablam!    --> src/lib.rs:390:13
kablam!     |
kablam! 390 |             ExprLoop(ref body, _) => {
kablam!     |             ^^^^^^^^ not found in this scope
kablam!     |
kablam!     = help: possible candidates are found in other modules, you can import them into scope:
kablam!               `use rustc::hir::ExprLoop;`
kablam!               `use rustc::hir::Expr_::ExprLoop;`
kablam! 
kablam! error[E0531]: cannot find tuple struct/variant `ExprWhile` in this scope
kablam!    --> src/lib.rs:402:13
kablam!     |
kablam! 402 |             ExprWhile(_, _, _) => {
kablam!     |             ^^^^^^^^^ not found in this scope
kablam!     |
kablam!     = help: possible candidates are found in other modules, you can import them into scope:
kablam!               `use rustc::hir::ExprWhile;`
kablam!               `use rustc::hir::Expr_::ExprWhile;`
kablam! 
kablam! error[E0531]: cannot find tuple struct/variant `ExprBreak` in this scope
kablam!    --> src/lib.rs:405:13
kablam!     |
kablam! 405 |             ExprBreak(label) => {
kablam!     |             ^^^^^^^^^ not found in this scope
kablam!     |
kablam!     = help: possible candidates are found in other modules, you can import them into scope:
kablam!               `use rustc::hir::ExprBreak;`
kablam!               `use rustc::hir::Expr_::ExprBreak;`
kablam! 
kablam! error[E0531]: cannot find tuple struct/variant `ExprAgain` in this scope
kablam!    --> src/lib.rs:420:13
kablam!     |
kablam! 420 |             ExprAgain(ref label) => {
kablam!     |             ^^^^^^^^^ not found in this scope
kablam!     |
kablam!     = help: possible candidates are found in other modules, you can import them into scope:
kablam!               `use rustc::hir::ExprAgain;`
kablam!               `use rustc::hir::Expr_::ExprAgain;`
kablam! 
kablam! error[E0422]: cannot find struct, variant or union type `PathResolution` in this scope
kablam!    --> src/lib.rs:473:17
kablam!     |
kablam! 473 |     if let Some(PathResolution { base_def: DefLocal(id), .. }) = def {
kablam!     |                 ^^^^^^^^^^^^^^ not found in this scope
kablam!     |
kablam!     = help: possible candidate is found in another module, you can import it into scope:
kablam!               `use rustc::hir::def::PathResolution;`
kablam! 
kablam! error[E0531]: cannot find tuple struct/variant `DefLocal` in this scope
kablam!    --> src/lib.rs:473:44
kablam!     |
kablam! 473 |     if let Some(PathResolution { base_def: DefLocal(id), .. }) = def {
kablam!     |                                            ^^^^^^^^ not found in this scope
kablam! 
kablam! error[E0554]: #[feature] may not be used on the stable release channel
kablam!  --> src/lib.rs:1:1
kablam!   |
kablam! 1 |   #![feature(plugin_registrar, quote, plugin, box_syntax, rustc_private,
kablam!   |  _^ starting here...
kablam! 2 | |            slice_patterns)]
kablam!   | |___________________________^ ...ending here
kablam! 
kablam! error: aborting due to previous error
kablam! 
kablam! error: Could not compile `humpty_dumpty`.
kablam! 
kablam! To learn more, run the command again with --verbose.
boom! running `docker rm -f 40bd9a4d1d0ed3516ebf82cb4a2da864b3c3673d0ebb2b47ea4e7e06f809d163`
blam! 40bd9a4d1d0ed3516ebf82cb4a2da864b3c3673d0ebb2b47ea4e7e06f809d163
