boom! testing pulse-simple-1.0.0 against stable for beta
boom! running: cargo +stable build --frozen
boom! creating container for: cargo +stable build --frozen
boom! running `docker create -v /home/ec2-user/cargobomb/./work/local/test-source/beta/stable:/source:ro -v /home/ec2-user/cargobomb/./work/local/cargo-home:/cargo-home:ro -v /home/ec2-user/cargobomb/./work/local/rustup-home:/rustup-home:ro -v /home/ec2-user/cargobomb/./work/local/target-dirs/beta/stable:/target:rw -e USER_ID=500 -e CMD=cargo +stable build --frozen cargobomb`
blam! 819579c312a4af09a14745ee2977723d2e129c2fe02aa741e7925e3901769042
boom! running `docker start -a 819579c312a4af09a14745ee2977723d2e129c2fe02aa741e7925e3901769042`
kablam!    Compiling libpulse-sys v0.0.0
kablam!    Compiling pulse-simple v1.0.0 (file:///source)
kablam!     Finished debug [unoptimized + debuginfo] target(s) in 0.95 secs
boom! running `docker rm -f 819579c312a4af09a14745ee2977723d2e129c2fe02aa741e7925e3901769042`
blam! 819579c312a4af09a14745ee2977723d2e129c2fe02aa741e7925e3901769042
boom! running: cargo +stable test --frozen --no-run
boom! creating container for: cargo +stable test --frozen --no-run
boom! running `docker create -v /home/ec2-user/cargobomb/./work/local/test-source/beta/stable:/source:ro -v /home/ec2-user/cargobomb/./work/local/cargo-home:/cargo-home:ro -v /home/ec2-user/cargobomb/./work/local/rustup-home:/rustup-home:ro -v /home/ec2-user/cargobomb/./work/local/target-dirs/beta/stable:/target:rw -e USER_ID=500 -e CMD=cargo +stable test --frozen --no-run cargobomb`
blam! c675767fc685da44dfc3016617bae86873307c4ea61fae4010075d42cd1c8b21
boom! running `docker start -a c675767fc685da44dfc3016617bae86873307c4ea61fae4010075d42cd1c8b21`
kablam!    Compiling pulse-simple v1.0.0 (file:///source)
kablam! error: linking with `cc` failed: exit code: 1
kablam!   |
kablam!   = note: "cc" "-Wl,--as-needed" "-Wl,-z,noexecstack" "-m64" "-L" "/rustup-home/toolchains/stable-x86_64-unknown-linux-gnu/lib/rustlib/x86_64-unknown-linux-gnu/lib" "/target/debug/deps/pulse_simple-bfe5e372d698601f.0.o" "-o" "/target/debug/deps/pulse_simple-bfe5e372d698601f" "-Wl,--gc-sections" "-pie" "-nodefaultlibs" "-L" "/target/debug/deps" "-L" "/rustup-home/toolchains/stable-x86_64-unknown-linux-gnu/lib/rustlib/x86_64-unknown-linux-gnu/lib" "-Wl,-Bstatic" "-Wl,-Bdynamic" "/target/debug/deps/liblibpulse_sys-5ea478a0390f1406.rlib" "/target/debug/deps/liblibc-83c2bd88b43ecde3.rlib" "/rustup-home/toolchains/stable-x86_64-unknown-linux-gnu/lib/rustlib/x86_64-unknown-linux-gnu/lib/libtest-dd7007be8bc832b7.rlib" "/rustup-home/toolchains/stable-x86_64-unknown-linux-gnu/lib/rustlib/x86_64-unknown-linux-gnu/lib/libterm-19e7cee83d8001c7.rlib" "/rustup-home/toolchains/stable-x86_64-unknown-linux-gnu/lib/rustlib/x86_64-unknown-linux-gnu/lib/libgetopts-58bde84252e1d985.rlib" "/rustup-home/toolchains/stable-x86_64-unknown-linux-gnu/lib/rustlib/x86_64-unknown-linux-gnu/lib/libstd-2ddb28df747fcb8c.rlib" "/rustup-home/toolchains/stable-x86_64-unknown-linux-gnu/lib/rustlib/x86_64-unknown-linux-gnu/lib/libpanic_unwind-21709492a058d9ce.rlib" "/rustup-home/toolchains/stable-x86_64-unknown-linux-gnu/lib/rustlib/x86_64-unknown-linux-gnu/lib/libunwind-e19aa6725ab01bfd.rlib" "/rustup-home/toolchains/stable-x86_64-unknown-linux-gnu/lib/rustlib/x86_64-unknown-linux-gnu/lib/librand-99ff2e008613b591.rlib" "/rustup-home/toolchains/stable-x86_64-unknown-linux-gnu/lib/rustlib/x86_64-unknown-linux-gnu/lib/libcollections-e2513aecb8fbb70c.rlib" "/rustup-home/toolchains/stable-x86_64-unknown-linux-gnu/lib/rustlib/x86_64-unknown-linux-gnu/lib/liballoc-f3200ab7e7fe644c.rlib" "/rustup-home/toolchains/stable-x86_64-unknown-linux-gnu/lib/rustlib/x86_64-unknown-linux-gnu/lib/liballoc_jemalloc-e83ac2302b5439a3.rlib" "/rustup-home/toolchains/stable-x86_64-unknown-linux-gnu/lib/rustlib/x86_64-unknown-linux-gnu/lib/liblibc-dba58b8da674d203.rlib" "/rustup-home/toolchains/stable-x86_64-unknown-linux-gnu/lib/rustlib/x86_64-unknown-linux-gnu/lib/libstd_unicode-6d4348bcabf40a71.rlib" "/rustup-home/toolchains/stable-x86_64-unknown-linux-gnu/lib/rustlib/x86_64-unknown-linux-gnu/lib/libcore-9f45c45fdcba4301.rlib" "/rustup-home/toolchains/stable-x86_64-unknown-linux-gnu/lib/rustlib/x86_64-unknown-linux-gnu/lib/libcompiler_builtins-b4ef8c9d93bc879a.rlib" "-l" "pulse" "-l" "pulse-simple" "-l" "util" "-l" "dl" "-l" "rt" "-l" "pthread" "-l" "gcc_s" "-l" "pthread" "-l" "c" "-l" "m" "-l" "rt" "-l" "util"
kablam!   = note: /usr/bin/ld: cannot find -lpulse
kablam! /usr/bin/ld: cannot find -lpulse-simple
kablam! collect2: error: ld returned 1 exit status
kablam! 
kablam! 
kablam! error: aborting due to previous error
kablam! 
kablam! error: Could not compile `pulse-simple`.
kablam! 
kablam! To learn more, run the command again with --verbose.
boom! running `docker rm -f c675767fc685da44dfc3016617bae86873307c4ea61fae4010075d42cd1c8b21`
blam! c675767fc685da44dfc3016617bae86873307c4ea61fae4010075d42cd1c8b21
boom! running: cargo +stable test --frozen
boom! creating container for: cargo +stable test --frozen
boom! running `docker create -v /home/ec2-user/cargobomb/./work/local/test-source/beta/stable:/source:ro -v /home/ec2-user/cargobomb/./work/local/cargo-home:/cargo-home:ro -v /home/ec2-user/cargobomb/./work/local/rustup-home:/rustup-home:ro -v /home/ec2-user/cargobomb/./work/local/target-dirs/beta/stable:/target:rw -e USER_ID=500 -e CMD=cargo +stable test --frozen cargobomb`
blam! b13cd270aed7630be0306d686a0c133d9887566752dd8b1cf855dd4a2125706f
boom! running `docker start -a b13cd270aed7630be0306d686a0c133d9887566752dd8b1cf855dd4a2125706f`
kablam!    Compiling pulse-simple v1.0.0 (file:///source)
kablam! error: linking with `cc` failed: exit code: 1
kablam!   |
kablam!   = note: "cc" "-Wl,--as-needed" "-Wl,-z,noexecstack" "-m64" "-L" "/rustup-home/toolchains/stable-x86_64-unknown-linux-gnu/lib/rustlib/x86_64-unknown-linux-gnu/lib" "/target/debug/deps/pulse_simple-bfe5e372d698601f.0.o" "-o" "/target/debug/deps/pulse_simple-bfe5e372d698601f" "-Wl,--gc-sections" "-pie" "-nodefaultlibs" "-L" "/target/debug/deps" "-L" "/rustup-home/toolchains/stable-x86_64-unknown-linux-gnu/lib/rustlib/x86_64-unknown-linux-gnu/lib" "-Wl,-Bstatic" "-Wl,-Bdynamic" "/target/debug/deps/liblibpulse_sys-5ea478a0390f1406.rlib" "/target/debug/deps/liblibc-83c2bd88b43ecde3.rlib" "/rustup-home/toolchains/stable-x86_64-unknown-linux-gnu/lib/rustlib/x86_64-unknown-linux-gnu/lib/libtest-dd7007be8bc832b7.rlib" "/rustup-home/toolchains/stable-x86_64-unknown-linux-gnu/lib/rustlib/x86_64-unknown-linux-gnu/lib/libterm-19e7cee83d8001c7.rlib" "/rustup-home/toolchains/stable-x86_64-unknown-linux-gnu/lib/rustlib/x86_64-unknown-linux-gnu/lib/libgetopts-58bde84252e1d985.rlib" "/rustup-home/toolchains/stable-x86_64-unknown-linux-gnu/lib/rustlib/x86_64-unknown-linux-gnu/lib/libstd-2ddb28df747fcb8c.rlib" "/rustup-home/toolchains/stable-x86_64-unknown-linux-gnu/lib/rustlib/x86_64-unknown-linux-gnu/lib/libpanic_unwind-21709492a058d9ce.rlib" "/rustup-home/toolchains/stable-x86_64-unknown-linux-gnu/lib/rustlib/x86_64-unknown-linux-gnu/lib/libunwind-e19aa6725ab01bfd.rlib" "/rustup-home/toolchains/stable-x86_64-unknown-linux-gnu/lib/rustlib/x86_64-unknown-linux-gnu/lib/librand-99ff2e008613b591.rlib" "/rustup-home/toolchains/stable-x86_64-unknown-linux-gnu/lib/rustlib/x86_64-unknown-linux-gnu/lib/libcollections-e2513aecb8fbb70c.rlib" "/rustup-home/toolchains/stable-x86_64-unknown-linux-gnu/lib/rustlib/x86_64-unknown-linux-gnu/lib/liballoc-f3200ab7e7fe644c.rlib" "/rustup-home/toolchains/stable-x86_64-unknown-linux-gnu/lib/rustlib/x86_64-unknown-linux-gnu/lib/liballoc_jemalloc-e83ac2302b5439a3.rlib" "/rustup-home/toolchains/stable-x86_64-unknown-linux-gnu/lib/rustlib/x86_64-unknown-linux-gnu/lib/liblibc-dba58b8da674d203.rlib" "/rustup-home/toolchains/stable-x86_64-unknown-linux-gnu/lib/rustlib/x86_64-unknown-linux-gnu/lib/libstd_unicode-6d4348bcabf40a71.rlib" "/rustup-home/toolchains/stable-x86_64-unknown-linux-gnu/lib/rustlib/x86_64-unknown-linux-gnu/lib/libcore-9f45c45fdcba4301.rlib" "/rustup-home/toolchains/stable-x86_64-unknown-linux-gnu/lib/rustlib/x86_64-unknown-linux-gnu/lib/libcompiler_builtins-b4ef8c9d93bc879a.rlib" "-l" "pulse" "-l" "pulse-simple" "-l" "util" "-l" "dl" "-l" "rt" "-l" "pthread" "-l" "gcc_s" "-l" "pthread" "-l" "c" "-l" "m" "-l" "rt" "-l" "util"
kablam!   = note: /usr/bin/ld: cannot find -lpulse
kablam! /usr/bin/ld: cannot find -lpulse-simple
kablam! collect2: error: ld returned 1 exit status
kablam! 
kablam! 
kablam! error: aborting due to previous error
kablam! 
kablam! error: Could not compile `pulse-simple`.
kablam! 
kablam! To learn more, run the command again with --verbose.
boom! running `docker rm -f b13cd270aed7630be0306d686a0c133d9887566752dd8b1cf855dd4a2125706f`
blam! b13cd270aed7630be0306d686a0c133d9887566752dd8b1cf855dd4a2125706f
