boom! testing serde-pickle-0.3.0 against nightly for nightly
boom! running: cargo +nightly build --frozen
boom! creating container for: cargo +nightly build --frozen
boom! running `docker create -v /home/ec2-user/cargobomb/./work/local/test-source/nightly/nightly:/source:ro -v /home/ec2-user/cargobomb/./work/local/cargo-home:/cargo-home:ro -v /home/ec2-user/cargobomb/./work/local/rustup-home:/rustup-home:ro -v /home/ec2-user/cargobomb/./work/local/target-dirs/nightly/nightly:/target:rw -e USER_ID=500 -e CMD=cargo +nightly build --frozen cargobomb`
blam! ee4dec11ec2d08133f1701cf5efc0701be5a54d816a1f206156e93860e10f927
boom! running `docker start -a ee4dec11ec2d08133f1701cf5efc0701be5a54d816a1f206156e93860e10f927`
kablam!    Compiling iter-read v0.1.0
kablam!    Compiling serde-pickle v0.3.0 (file:///source)
kablam!     Finished dev [unoptimized + debuginfo] target(s) in 8.42 secs
boom! running `docker rm -f ee4dec11ec2d08133f1701cf5efc0701be5a54d816a1f206156e93860e10f927`
blam! ee4dec11ec2d08133f1701cf5efc0701be5a54d816a1f206156e93860e10f927
boom! running: cargo +nightly test --frozen --no-run
boom! creating container for: cargo +nightly test --frozen --no-run
boom! running `docker create -v /home/ec2-user/cargobomb/./work/local/test-source/nightly/nightly:/source:ro -v /home/ec2-user/cargobomb/./work/local/cargo-home:/cargo-home:ro -v /home/ec2-user/cargobomb/./work/local/rustup-home:/rustup-home:ro -v /home/ec2-user/cargobomb/./work/local/target-dirs/nightly/nightly:/target:rw -e USER_ID=500 -e CMD=cargo +nightly test --frozen --no-run cargobomb`
blam! f06694d22022953e61f4456eca67465607a4fd507a09220cef5c1fd01ed77567
boom! running `docker start -a f06694d22022953e61f4456eca67465607a4fd507a09220cef5c1fd01ed77567`
kablam!    Compiling serde-pickle v0.3.0 (file:///source)
kablam! error[E0282]: type annotations needed
kablam!    --> src/../test/mod.rs:303:13
kablam!     |
kablam! 303 |         let tripped = from_slice(&vec).unwrap();
kablam!     |             ^^^^^^^ cannot infer type for `_`
kablam! 
kablam! error: aborting due to previous error
kablam! 
kablam! error: Could not compile `serde-pickle`.
blam! Build failed, waiting for other jobs to finish...
kablam! error: build failed
boom! running `docker rm -f f06694d22022953e61f4456eca67465607a4fd507a09220cef5c1fd01ed77567`
blam! f06694d22022953e61f4456eca67465607a4fd507a09220cef5c1fd01ed77567
boom! running: cargo +nightly test --frozen
boom! creating container for: cargo +nightly test --frozen
boom! running `docker create -v /home/ec2-user/cargobomb/./work/local/test-source/nightly/nightly:/source:ro -v /home/ec2-user/cargobomb/./work/local/cargo-home:/cargo-home:ro -v /home/ec2-user/cargobomb/./work/local/rustup-home:/rustup-home:ro -v /home/ec2-user/cargobomb/./work/local/target-dirs/nightly/nightly:/target:rw -e USER_ID=500 -e CMD=cargo +nightly test --frozen cargobomb`
blam! 96d18137467bcc18fa75717bea93ff3cd90154b777d7cf5a5c4cb42835e8596f
boom! running `docker start -a 96d18137467bcc18fa75717bea93ff3cd90154b777d7cf5a5c4cb42835e8596f`
kablam!    Compiling serde-pickle v0.3.0 (file:///source)
kablam! error[E0282]: type annotations needed
kablam!    --> src/../test/mod.rs:303:13
kablam!     |
kablam! 303 |         let tripped = from_slice(&vec).unwrap();
kablam!     |             ^^^^^^^ cannot infer type for `_`
kablam! 
kablam! error: aborting due to previous error
kablam! 
kablam! error: Could not compile `serde-pickle`.
kablam! 
kablam! To learn more, run the command again with --verbose.
boom! running `docker rm -f 96d18137467bcc18fa75717bea93ff3cd90154b777d7cf5a5c4cb42835e8596f`
blam! 96d18137467bcc18fa75717bea93ff3cd90154b777d7cf5a5c4cb42835e8596f
