boom! testing claxon-0.3.0 against stable for nightly
boom! running: cargo +stable build --frozen
boom! creating container for: cargo +stable build --frozen
boom! running `docker create -v /home/ec2-user/cargobomb/./work/local/test-source/nightly/stable:/source:ro -v /home/ec2-user/cargobomb/./work/local/cargo-home:/cargo-home:ro -v /home/ec2-user/cargobomb/./work/local/rustup-home:/rustup-home:ro -v /home/ec2-user/cargobomb/./work/local/target-dirs/nightly/stable:/target:rw -e USER_ID=500 -e CMD=cargo +stable build --frozen cargobomb`
blam! d64059a8f1aae46cf3002f689be78d7f94642dc03e1b242c158629565bba760b
boom! running `docker start -a d64059a8f1aae46cf3002f689be78d7f94642dc03e1b242c158629565bba760b`
kablam!    Compiling claxon v0.3.0 (file:///source)
kablam!     Finished dev [unoptimized + debuginfo] target(s) in 1.52 secs
boom! running `docker rm -f d64059a8f1aae46cf3002f689be78d7f94642dc03e1b242c158629565bba760b`
blam! d64059a8f1aae46cf3002f689be78d7f94642dc03e1b242c158629565bba760b
boom! running: cargo +stable test --frozen --no-run
boom! creating container for: cargo +stable test --frozen --no-run
boom! running `docker create -v /home/ec2-user/cargobomb/./work/local/test-source/nightly/stable:/source:ro -v /home/ec2-user/cargobomb/./work/local/cargo-home:/cargo-home:ro -v /home/ec2-user/cargobomb/./work/local/rustup-home:/rustup-home:ro -v /home/ec2-user/cargobomb/./work/local/target-dirs/nightly/stable:/target:rw -e USER_ID=500 -e CMD=cargo +stable test --frozen --no-run cargobomb`
blam! cc1ba0a1d3451b7f6a2d7acb0062910c5c7577491136730f6b0155cb08250062
boom! running `docker start -a cc1ba0a1d3451b7f6a2d7acb0062910c5c7577491136730f6b0155cb08250062`
kablam!    Compiling claxon v0.3.0 (file:///source)
kablam!     Finished dev [unoptimized + debuginfo] target(s) in 9.13 secs
boom! running `docker rm -f cc1ba0a1d3451b7f6a2d7acb0062910c5c7577491136730f6b0155cb08250062`
blam! cc1ba0a1d3451b7f6a2d7acb0062910c5c7577491136730f6b0155cb08250062
boom! running: cargo +stable test --frozen
boom! creating container for: cargo +stable test --frozen
boom! running `docker create -v /home/ec2-user/cargobomb/./work/local/test-source/nightly/stable:/source:ro -v /home/ec2-user/cargobomb/./work/local/cargo-home:/cargo-home:ro -v /home/ec2-user/cargobomb/./work/local/rustup-home:/rustup-home:ro -v /home/ec2-user/cargobomb/./work/local/target-dirs/nightly/stable:/target:rw -e USER_ID=500 -e CMD=cargo +stable test --frozen cargobomb`
blam! 19d0aefe58d8490ad76aee3c668c5e205d222a09b674433ac4879d49c225b63a
boom! running `docker start -a 19d0aefe58d8490ad76aee3c668c5e205d222a09b674433ac4879d49c225b63a`
kablam!     Finished dev [unoptimized + debuginfo] target(s) in 0.0 secs
kablam!      Running /target/debug/deps/claxon-b48647b3a2401a59
blam! 
blam! running 25 tests
blam! test frame::verify_block_sample ... ok
blam! test crc::verify_crc8_test_vectors ... ok
blam! test crc::verify_crc16_test_vectors ... ok
blam! test frame::verify_decode_left_side ... ok
blam! test frame::verify_decode_mid_side ... ok
blam! test frame::verify_block_stereo_samples_iterator ... ok
blam! test frame::verify_decode_right_side ... ok
blam! test frame::verify_read_var_length_int ... ok
blam! test input::verify_read_be_u32 ... ok
blam! test input::verify_read_be_u24 ... ok
blam! test input::verify_read_be_u16 ... ok
blam! test input::verify_read_bit ... ok
blam! test input::verify_read_leq_u16 ... ok
blam! test input::verify_read_gt_u8_get_u16 ... ok
blam! test input::verify_read_into ... ok
blam! test input::verify_read_leq_u32 ... ok
blam! test input::verify_read_u8 ... ok
blam! test input::verify_read_mixed ... ok
blam! test input::verify_read_leq_u8 ... ok
blam! test subframe::verify_extend_sign_u16 ... ok
blam! test input::verify_read_unary ... ok
blam! test subframe::verify_predict_lpc ... ok
blam! test subframe::verify_extend_sign_u32 ... ok
blam! test subframe::verify_predict_fixed ... ok
blam! test subframe::verify_rice_to_signed ... ok
blam! 
blam! test result: ok. 25 passed; 0 failed; 0 ignored; 0 measured
blam! 
kablam!      Running /target/debug/deps/testsamples-50a8827f242143f6
blam! 
blam! running 11 tests
blam! test verify_decoded_stream_p2 ... FAILED
blam! test verify_decoded_stream_p1 ... FAILED
blam! test verify_decoded_stream_p3 ... FAILED
blam! test verify_decoded_stream_p0 ... FAILED
blam! test verify_extra_samples ... ok
blam! test verify_decoded_stream_p4 ... FAILED
blam! test verify_streaminfo_p0 ... FAILED
blam! test verify_streaminfo_p2 ... FAILED
blam! test verify_streaminfo_p4 ... FAILED
blam! test verify_streaminfo_p3 ... FAILED
blam! test verify_streaminfo_p1 ... FAILED
blam! 
blam! failures:
blam! 
blam! ---- verify_decoded_stream_p2 stdout ----
blam! 	thread 'verify_decoded_stream_p2' panicked at 'failed to run flac: Error { repr: Os { code: 2, message: "No such file or directory" } }', /buildslave/rust-buildbot/slave/stable-dist-rustc-linux/build/src/libcore/result.rs:868
blam! note: Run with `RUST_BACKTRACE=1` for a backtrace.
blam! 
blam! ---- verify_decoded_stream_p1 stdout ----
blam! 	thread 'verify_decoded_stream_p1' panicked at 'failed to run flac: Error { repr: Os { code: 2, message: "No such file or directory" } }', /buildslave/rust-buildbot/slave/stable-dist-rustc-linux/build/src/libcore/result.rs:868
blam! 
blam! ---- verify_decoded_stream_p3 stdout ----
blam! 	thread 'verify_decoded_stream_p3' panicked at 'failed to run flac: Error { repr: Os { code: 2, message: "No such file or directory" } }', /buildslave/rust-buildbot/slave/stable-dist-rustc-linux/build/src/libcore/result.rs:868
blam! 
blam! ---- verify_decoded_stream_p0 stdout ----
blam! 	thread 'verify_decoded_stream_p0' panicked at 'failed to run flac: Error { repr: Os { code: 2, message: "No such file or directory" } }', /buildslave/rust-buildbot/slave/stable-dist-rustc-linux/build/src/libcore/result.rs:868
blam! 
blam! ---- verify_decoded_stream_p4 stdout ----
blam! 	thread 'verify_decoded_stream_p4' panicked at 'failed to run flac: Error { repr: Os { code: 2, message: "No such file or directory" } }', /buildslave/rust-buildbot/slave/stable-dist-rustc-linux/build/src/libcore/result.rs:868
blam! 
blam! ---- verify_streaminfo_p0 stdout ----
blam! 	thread 'verify_streaminfo_p0' panicked at 'failed to run metaflac: Error { repr: Os { code: 2, message: "No such file or directory" } }', /buildslave/rust-buildbot/slave/stable-dist-rustc-linux/build/src/libcore/result.rs:868
blam! 
blam! ---- verify_streaminfo_p2 stdout ----
blam! 	thread 'verify_streaminfo_p2' panicked at 'failed to run metaflac: Error { repr: Os { code: 2, message: "No such file or directory" } }', /buildslave/rust-buildbot/slave/stable-dist-rustc-linux/build/src/libcore/result.rs:868
blam! 
blam! ---- verify_streaminfo_p4 stdout ----
blam! 	thread 'verify_streaminfo_p4' panicked at 'failed to run metaflac: Error { repr: Os { code: 2, message: "No such file or directory" } }', /buildslave/rust-buildbot/slave/stable-dist-rustc-linux/build/src/libcore/result.rs:868
blam! 
blam! ---- verify_streaminfo_p3 stdout ----
blam! 	thread 'verify_streaminfo_p3' panicked at 'failed to run metaflac: Error { repr: Os { code: 2, message: "No such file or directory" } }', /buildslave/rust-buildbot/slave/stable-dist-rustc-linux/build/src/libcore/result.rs:868
blam! 
blam! ---- verify_streaminfo_p1 stdout ----
blam! 	thread 'verify_streaminfo_p1' panicked at 'failed to run metaflac: Error { repr: Os { code: 2, message: "No such file or directory" } }', /buildslave/rust-buildbot/slave/stable-dist-rustc-linux/build/src/libcore/result.rs:868
blam! 
blam! 
blam! failures:
blam!     verify_decoded_stream_p0
blam!     verify_decoded_stream_p1
blam!     verify_decoded_stream_p2
blam!     verify_decoded_stream_p3
blam!     verify_decoded_stream_p4
blam!     verify_streaminfo_p0
blam!     verify_streaminfo_p1
blam!     verify_streaminfo_p2
blam!     verify_streaminfo_p3
blam!     verify_streaminfo_p4
blam! 
blam! test result: FAILED. 1 passed; 10 failed; 0 ignored; 0 measured
blam! 
kablam! error: test failed
boom! running `docker rm -f 19d0aefe58d8490ad76aee3c668c5e205d222a09b674433ac4879d49c225b63a`
blam! 19d0aefe58d8490ad76aee3c668c5e205d222a09b674433ac4879d49c225b63a
