boom! testing simple_ecs-0.3.2 against nightly for nightly
boom! running: cargo +nightly build --frozen
boom! creating container for: cargo +nightly build --frozen
boom! running `docker create -v /home/ec2-user/cargobomb/./work/local/test-source/nightly/nightly:/source:ro -v /home/ec2-user/cargobomb/./work/local/cargo-home:/cargo-home:ro -v /home/ec2-user/cargobomb/./work/local/rustup-home:/rustup-home:ro -v /home/ec2-user/cargobomb/./work/local/target-dirs/nightly/nightly:/target:rw -e USER_ID=500 -e CMD=cargo +nightly build --frozen cargobomb`
blam! 9e3351b64a726f1827cb0db2297e9d02a5aea3b4f893fd228b4ef49749808d1c
boom! running `docker start -a 9e3351b64a726f1827cb0db2297e9d02a5aea3b4f893fd228b4ef49749808d1c`
kablam!    Compiling dynamic v0.2.1
kablam!    Compiling simple_ecs v0.3.2 (file:///source)
kablam! error[E0432]: unresolved import `std::marker::Reflect`
kablam!  --> src/heterogenous_set.rs:1:5
kablam!   |
kablam! 1 | use std::marker::Reflect;
kablam!   |     ^^^^^^^^^^^^^^^^^^^^ no `Reflect` in `marker`
kablam! 
kablam! error[E0432]: unresolved import `std::marker::Reflect`
kablam!  --> src/entity.rs:1:5
kablam!   |
kablam! 1 | use std::marker::Reflect;
kablam!   |     ^^^^^^^^^^^^^^^^^^^^ no `Reflect` in `marker`
kablam! 
kablam! error[E0432]: unresolved import `std::marker::Reflect`
kablam!  --> src/components.rs:1:5
kablam!   |
kablam! 1 | use std::marker::Reflect;
kablam!   |     ^^^^^^^^^^^^^^^^^^^^ no `Reflect` in `marker`
kablam! 
kablam! error: cannot continue compilation due to previous error
kablam! 
kablam! error: Could not compile `simple_ecs`.
kablam! 
kablam! To learn more, run the command again with --verbose.
boom! running `docker rm -f 9e3351b64a726f1827cb0db2297e9d02a5aea3b4f893fd228b4ef49749808d1c`
blam! 9e3351b64a726f1827cb0db2297e9d02a5aea3b4f893fd228b4ef49749808d1c
