boom! testing kwatch-0.1.0 against nightly for nightly
boom! running: cargo +nightly build --frozen
boom! creating container for: cargo +nightly build --frozen
boom! running `docker create -v /home/ec2-user/cargobomb/./work/local/test-source/nightly/nightly:/source:ro -v /home/ec2-user/cargobomb/./work/local/cargo-home:/cargo-home:ro -v /home/ec2-user/cargobomb/./work/local/rustup-home:/rustup-home:ro -v /home/ec2-user/cargobomb/./work/local/target-dirs/nightly/nightly:/target:rw -e USER_ID=500 -e CMD=cargo +nightly build --frozen cargobomb`
blam! 5a917b5881b5581e1f1ef8902f102f1ffa75903b975ff44b08c32cae6a0ac470
boom! running `docker start -a 5a917b5881b5581e1f1ef8902f102f1ffa75903b975ff44b08c32cae6a0ac470`
kablam!    Compiling kqueue-sys v0.1.3
kablam! error[E0412]: cannot find type `EventFilter` in this scope
kablam!   --> /cargo-home/registry/src/github.com-1ecc6299db9ec823/kqueue-sys-0.1.3/src/lib.rs:26:17
kablam!    |
kablam! 26 |     pub filter: EventFilter,
kablam!    |                 ^^^^^^^^^^^ not found in this scope
kablam! 
kablam! error[E0412]: cannot find type `EventFlag` in this scope
kablam!   --> /cargo-home/registry/src/github.com-1ecc6299db9ec823/kqueue-sys-0.1.3/src/lib.rs:27:16
kablam!    |
kablam! 27 |     pub flags: EventFlag,
kablam!    |                ^^^^^^^^^ not found in this scope
kablam! 
kablam! error[E0412]: cannot find type `FilterFlag` in this scope
kablam!   --> /cargo-home/registry/src/github.com-1ecc6299db9ec823/kqueue-sys-0.1.3/src/lib.rs:28:17
kablam!    |
kablam! 28 |     pub fflags: FilterFlag,
kablam!    |                 ^^^^^^^^^^ not found in this scope
kablam! 
kablam! error[E0412]: cannot find type `EventFilter` in this scope
kablam!   --> /cargo-home/registry/src/github.com-1ecc6299db9ec823/kqueue-sys-0.1.3/src/lib.rs:26:17
kablam!    |
kablam! 26 |     pub filter: EventFilter,
kablam!    |                 ^^^^^^^^^^^ not found in this scope
kablam! 
kablam! error[E0412]: cannot find type `EventFlag` in this scope
kablam!   --> /cargo-home/registry/src/github.com-1ecc6299db9ec823/kqueue-sys-0.1.3/src/lib.rs:27:16
kablam!    |
kablam! 27 |     pub flags: EventFlag,
kablam!    |                ^^^^^^^^^ not found in this scope
kablam! 
kablam! error[E0412]: cannot find type `FilterFlag` in this scope
kablam!   --> /cargo-home/registry/src/github.com-1ecc6299db9ec823/kqueue-sys-0.1.3/src/lib.rs:28:17
kablam!    |
kablam! 28 |     pub fflags: FilterFlag,
kablam!    |                 ^^^^^^^^^^ not found in this scope
kablam! 
kablam! error[E0204]: the trait `Copy` may not be implemented for this type
kablam!   --> /cargo-home/registry/src/github.com-1ecc6299db9ec823/kqueue-sys-0.1.3/src/lib.rs:22:17
kablam!    |
kablam! 22 | #[derive(Clone, Copy, Debug)]
kablam!    |                 ^^^^
kablam! ...
kablam! 26 |     pub filter: EventFilter,
kablam!    |     ----------------------- this field does not implement `Copy`
kablam! 
kablam! error: aborting due to previous error
kablam! 
kablam! error: Could not compile `kqueue-sys`.
kablam! 
kablam! To learn more, run the command again with --verbose.
boom! running `docker rm -f 5a917b5881b5581e1f1ef8902f102f1ffa75903b975ff44b08c32cae6a0ac470`
blam! 5a917b5881b5581e1f1ef8902f102f1ffa75903b975ff44b08c32cae6a0ac470
