boom! testing https://github.com/dpjensen/rscpu#006ac0317f3196318107b36c78f2410f7d849bd9 against stable for beta
boom! running: cargo +stable build --frozen
boom! creating container for: cargo +stable build --frozen
boom! running `docker create -v /home/ec2-user/cargobomb/./work/local/test-source/beta/stable:/source:ro -v /home/ec2-user/cargobomb/./work/local/cargo-home:/cargo-home:ro -v /home/ec2-user/cargobomb/./work/local/rustup-home:/rustup-home:ro -v /home/ec2-user/cargobomb/./work/local/target-dirs/beta/stable:/target:rw -e USER_ID=500 -e CMD=cargo +stable build --frozen cargobomb`
blam! f29a9b809639b439f6fba207db79b76d9239d750b108365e6a444a88212b3547
boom! running `docker start -a f29a9b809639b439f6fba207db79b76d9239d750b108365e6a444a88212b3547`
kablam!    Compiling rscpu v0.0.8 (file:///source)
kablam!     Finished debug [unoptimized + debuginfo] target(s) in 4.12 secs
boom! running `docker rm -f f29a9b809639b439f6fba207db79b76d9239d750b108365e6a444a88212b3547`
blam! f29a9b809639b439f6fba207db79b76d9239d750b108365e6a444a88212b3547
boom! running: cargo +stable test --frozen --no-run
boom! creating container for: cargo +stable test --frozen --no-run
boom! running `docker create -v /home/ec2-user/cargobomb/./work/local/test-source/beta/stable:/source:ro -v /home/ec2-user/cargobomb/./work/local/cargo-home:/cargo-home:ro -v /home/ec2-user/cargobomb/./work/local/rustup-home:/rustup-home:ro -v /home/ec2-user/cargobomb/./work/local/target-dirs/beta/stable:/target:rw -e USER_ID=500 -e CMD=cargo +stable test --frozen --no-run cargobomb`
blam! e056115b8cd5ae0754a0a535d2f82a6474c2111e88519a5d8df59b70cdbf2501
boom! running `docker start -a e056115b8cd5ae0754a0a535d2f82a6474c2111e88519a5d8df59b70cdbf2501`
kablam!    Compiling rscpu v0.0.8 (file:///source)
kablam!     Finished debug [unoptimized + debuginfo] target(s) in 3.33 secs
boom! running `docker rm -f e056115b8cd5ae0754a0a535d2f82a6474c2111e88519a5d8df59b70cdbf2501`
blam! e056115b8cd5ae0754a0a535d2f82a6474c2111e88519a5d8df59b70cdbf2501
boom! running: cargo +stable test --frozen
boom! creating container for: cargo +stable test --frozen
boom! running `docker create -v /home/ec2-user/cargobomb/./work/local/test-source/beta/stable:/source:ro -v /home/ec2-user/cargobomb/./work/local/cargo-home:/cargo-home:ro -v /home/ec2-user/cargobomb/./work/local/rustup-home:/rustup-home:ro -v /home/ec2-user/cargobomb/./work/local/target-dirs/beta/stable:/target:rw -e USER_ID=500 -e CMD=cargo +stable test --frozen cargobomb`
blam! 205aad434fd6bc6f6b7441f953754b18d7e7e74c0b46e26663cc4b1392656632
boom! running `docker start -a 205aad434fd6bc6f6b7441f953754b18d7e7e74c0b46e26663cc4b1392656632`
kablam!     Finished debug [unoptimized + debuginfo] target(s) in 0.0 secs
kablam!      Running /target/debug/deps/envtester-d0df4d9175bd7ff5
blam! 
blam! running 0 tests
blam! 
blam! test result: ok. 0 passed; 0 failed; 0 ignored; 0 measured
blam! 
kablam!      Running /target/debug/deps/rscpu-a7b44d67f92689b4
blam! 
blam! running 0 tests
blam! 
blam! test result: ok. 0 passed; 0 failed; 0 ignored; 0 measured
blam! 
kablam!      Running /target/debug/deps/run_env_tests-900ae776d1320907
blam! 
blam! running 5 tests
blam! test run_a_test_vbox_win ... FAILED
blam! test run_a_test_armv7 ... FAILED
blam! test run_a_test_ppc_qemu ... FAILED
blam! test run_a_test_x86_64_64cpu ... FAILED
blam! test run_a_test_x86_64_dell_e4310 ... FAILED
blam! 
blam! failures:
blam! 
blam! ---- run_a_test_vbox_win stdout ----
blam! 	"lscpu: cannot open /target/tests/vbox-win/proc/cpuinfo: No such file or directory\n"
blam! thread 'run_a_test_vbox_win' panicked at 'assertion failed: ref_output.status.success()', tests/envtester.rs:86
blam! 
kablam! error: test failed
blam! ---- run_a_test_armv7 stdout ----
blam! 	"lscpu: cannot open /target/tests/armv7/proc/cpuinfo: No such file or directory\n"
blam! thread 'run_a_test_armv7' panicked at 'assertion failed: ref_output.status.success()', tests/envtester.rs:86
blam! 
blam! ---- run_a_test_ppc_qemu stdout ----
blam! 	"lscpu: cannot open /target/tests/ppc-qemu/proc/cpuinfo: No such file or directory\n"
blam! thread 'run_a_test_ppc_qemu' panicked at 'assertion failed: ref_output.status.success()', tests/envtester.rs:86
blam! note: Run with `RUST_BACKTRACE=1` for a backtrace.
blam! 
blam! ---- run_a_test_x86_64_64cpu stdout ----
blam! 	"lscpu: cannot open /target/tests/x86_64-64cpu/proc/cpuinfo: No such file or directory\n"
blam! thread 'run_a_test_x86_64_64cpu' panicked at 'assertion failed: ref_output.status.success()', tests/envtester.rs:86
blam! 
blam! ---- run_a_test_x86_64_dell_e4310 stdout ----
blam! 	"lscpu: cannot open /target/tests/x86_64-dell_e4310/proc/cpuinfo: No such file or directory\n"
blam! thread 'run_a_test_x86_64_dell_e4310' panicked at 'assertion failed: ref_output.status.success()', tests/envtester.rs:86
blam! 
blam! 
blam! failures:
blam!     run_a_test_armv7
blam!     run_a_test_ppc_qemu
blam!     run_a_test_vbox_win
blam!     run_a_test_x86_64_64cpu
blam!     run_a_test_x86_64_dell_e4310
blam! 
blam! test result: FAILED. 0 passed; 5 failed; 0 ignored; 0 measured
blam! 
boom! running `docker rm -f 205aad434fd6bc6f6b7441f953754b18d7e7e74c0b46e26663cc4b1392656632`
blam! 205aad434fd6bc6f6b7441f953754b18d7e7e74c0b46e26663cc4b1392656632
