boom! testing https://github.com/ketralnis/secrets#cbf690ec51dcd4b21ba7fa8f502de250d37eda44 against stable for nightly
boom! running: cargo +stable build --frozen
boom! creating container for: cargo +stable build --frozen
boom! running `docker create -v /home/ec2-user/cargobomb/./work/local/test-source/nightly/stable:/source:ro -v /home/ec2-user/cargobomb/./work/local/cargo-home:/cargo-home:ro -v /home/ec2-user/cargobomb/./work/local/rustup-home:/rustup-home:ro -v /home/ec2-user/cargobomb/./work/local/target-dirs/nightly/stable:/target:rw -e USER_ID=500 -e CMD=cargo +stable build --frozen cargobomb`
blam! d7068278641ca522b9389d81c956ae0806e885f2365a0b1cb2e28a509ada466f
boom! running `docker start -a d7068278641ca522b9389d81c956ae0806e885f2365a0b1cb2e28a509ada466f`
kablam!    Compiling semver v0.1.20
kablam!    Compiling libc v0.2.14
kablam!    Compiling quick-error v1.1.0
kablam!    Compiling log v0.3.6
kablam!    Compiling lazy_static v0.2.1
kablam!    Compiling unicode-width v0.1.3
kablam!    Compiling unicode-xid v0.0.3
kablam!    Compiling hpack v0.2.0
kablam!    Compiling gcc v0.3.32
kablam!    Compiling memchr v0.1.11
kablam!    Compiling rustc_version v0.1.7
kablam!    Compiling matches v0.1.2
kablam!    Compiling unicode-bidi v0.2.3
kablam!    Compiling tempfile v2.1.4
kablam!    Compiling pkg-config v0.3.8
kablam!    Compiling openssl v0.7.14
kablam!    Compiling num_cpus v0.2.13
kablam!    Compiling serde v0.7.14
kablam!    Compiling rfc1751 v0.1.0
kablam!    Compiling aho-corasick v0.5.2
kablam!    Compiling itoa v0.1.1
kablam!    Compiling traitobject v0.0.1
kablam!    Compiling unicase v1.4.0
kablam!    Compiling libsqlite3-sys v0.5.0
kablam!    Compiling typeable v0.1.2
kablam!    Compiling openssl-sys-extras v0.7.14
kablam!    Compiling strsim v0.4.1
kablam!    Compiling language-tags v0.2.2
kablam!    Compiling rustc-serialize v0.3.19
kablam!    Compiling openssl-sys v0.7.14
blam! Build failed, waiting for other jobs to finish...
kablam! error: failed to run custom build command for `openssl-sys-extras v0.7.14`
kablam! process didn't exit successfully: `/target/debug/build/openssl-sys-extras-5c7e4d8925825f00/build-script-build` (exit code: 101)
kablam! --- stdout
kablam! TARGET = Some("x86_64-unknown-linux-gnu")
kablam! OPT_LEVEL = Some("0")
kablam! PROFILE = Some("debug")
kablam! TARGET = Some("x86_64-unknown-linux-gnu")
kablam! debug=true opt-level=0
kablam! HOST = Some("x86_64-unknown-linux-gnu")
kablam! TARGET = Some("x86_64-unknown-linux-gnu")
kablam! TARGET = Some("x86_64-unknown-linux-gnu")
kablam! HOST = Some("x86_64-unknown-linux-gnu")
kablam! CC_x86_64-unknown-linux-gnu = None
kablam! CC_x86_64_unknown_linux_gnu = None
kablam! HOST_CC = None
kablam! CC = None
kablam! HOST = Some("x86_64-unknown-linux-gnu")
kablam! TARGET = Some("x86_64-unknown-linux-gnu")
kablam! HOST = Some("x86_64-unknown-linux-gnu")
kablam! CFLAGS_x86_64-unknown-linux-gnu = None
kablam! CFLAGS_x86_64_unknown_linux_gnu = None
kablam! HOST_CFLAGS = None
kablam! CFLAGS = None
kablam! running: "cc" "-O0" "-ffunction-sections" "-fdata-sections" "-g" "-m64" "-fPIC" "-o" "/target/debug/build/openssl-sys-extras-5c7e4d8925825f00/out/src/openssl_shim.o" "-c" "src/openssl_shim.c"
kablam! ExitStatus(ExitStatus(256))
kablam! 
kablam! 
kablam! command did not execute successfully, got: exit code: 1
kablam! 
kablam! 
kablam! 
kablam! --- stderr
kablam! src/openssl_shim.c:1:26: fatal error: openssl/hmac.h: No such file or directory
kablam! compilation terminated.
kablam! thread 'main' panicked at 'explicit panic', /cargo-home/registry/src/github.com-1ecc6299db9ec823/gcc-0.3.32/src/lib.rs:848
kablam! note: Run with `RUST_BACKTRACE=1` for a backtrace.
kablam! 
boom! running `docker rm -f d7068278641ca522b9389d81c956ae0806e885f2365a0b1cb2e28a509ada466f`
blam! d7068278641ca522b9389d81c956ae0806e885f2365a0b1cb2e28a509ada466f
