boom! testing mock_me-0.2.2 against stable for nightly
boom! running: cargo +stable build --frozen
boom! creating container for: cargo +stable build --frozen
boom! running `docker create -v /home/ec2-user/cargobomb/./work/local/test-source/nightly/stable:/source:ro -v /home/ec2-user/cargobomb/./work/local/cargo-home:/cargo-home:ro -v /home/ec2-user/cargobomb/./work/local/rustup-home:/rustup-home:ro -v /home/ec2-user/cargobomb/./work/local/target-dirs/nightly/stable:/target:rw -e USER_ID=500 -e CMD=cargo +stable build --frozen cargobomb`
blam! bb86fc3ab7e4dd04e33b6341b6b9ea6262d8150b31e60572021976efcf53c369
boom! running `docker start -a bb86fc3ab7e4dd04e33b6341b6b9ea6262d8150b31e60572021976efcf53c369`
kablam!    Compiling mock_me_test_context v0.1.1
kablam!    Compiling mock_me v0.2.2 (file:///source)
kablam! error[E0554]: #[feature] may not be used on the stable release channel
kablam!   --> src/lib.rs:47:1
kablam!    |
kablam! 47 | #![feature(proc_macro)]
kablam!    | ^^^^^^^^^^^^^^^^^^^^^^^
kablam! 
kablam! error[E0554]: #[feature] may not be used on the stable release channel
kablam!   --> src/lib.rs:48:1
kablam!    |
kablam! 48 | #![feature(insert_str)]
kablam!    | ^^^^^^^^^^^^^^^^^^^^^^^
kablam! 
kablam! error: aborting due to 2 previous errors
kablam! 
kablam! error: Could not compile `mock_me`.
kablam! 
kablam! To learn more, run the command again with --verbose.
boom! running `docker rm -f bb86fc3ab7e4dd04e33b6341b6b9ea6262d8150b31e60572021976efcf53c369`
blam! bb86fc3ab7e4dd04e33b6341b6b9ea6262d8150b31e60572021976efcf53c369
