boom! testing pem-parser-0.1.1 against stable for nightly
boom! running: cargo +stable build --frozen
boom! creating container for: cargo +stable build --frozen
boom! running `docker create -v /home/ec2-user/cargobomb/./work/local/test-source/nightly/stable:/source:ro -v /home/ec2-user/cargobomb/./work/local/cargo-home:/cargo-home:ro -v /home/ec2-user/cargobomb/./work/local/rustup-home:/rustup-home:ro -v /home/ec2-user/cargobomb/./work/local/target-dirs/nightly/stable:/target:rw -e USER_ID=500 -e CMD=cargo +stable build --frozen cargobomb`
blam! 5c2a67abca1d562a14dcdc68e989707bd5cd5216dfff830af42ae8a73588fe29
boom! running `docker start -a 5c2a67abca1d562a14dcdc68e989707bd5cd5216dfff830af42ae8a73588fe29`
kablam!    Compiling pem-parser v0.1.1 (file:///source)
kablam!     Finished dev [unoptimized + debuginfo] target(s) in 1.45 secs
boom! running `docker rm -f 5c2a67abca1d562a14dcdc68e989707bd5cd5216dfff830af42ae8a73588fe29`
blam! 5c2a67abca1d562a14dcdc68e989707bd5cd5216dfff830af42ae8a73588fe29
boom! running: cargo +stable test --frozen --no-run
boom! creating container for: cargo +stable test --frozen --no-run
boom! running `docker create -v /home/ec2-user/cargobomb/./work/local/test-source/nightly/stable:/source:ro -v /home/ec2-user/cargobomb/./work/local/cargo-home:/cargo-home:ro -v /home/ec2-user/cargobomb/./work/local/rustup-home:/rustup-home:ro -v /home/ec2-user/cargobomb/./work/local/target-dirs/nightly/stable:/target:rw -e USER_ID=500 -e CMD=cargo +stable test --frozen --no-run cargobomb`
blam! 7eb9ca80963fca76bfb37cf89a0fb019f8c843733d087271251e42bff3dda84f
boom! running `docker start -a 7eb9ca80963fca76bfb37cf89a0fb019f8c843733d087271251e42bff3dda84f`
kablam!    Compiling pem-parser v0.1.1 (file:///source)
kablam! error[E0432]: unresolved import `self::openssl::crypto::pkey::PKey`
kablam!  --> tests/test.rs:9:35
kablam!   |
kablam! 9 | use self::openssl::crypto::pkey::{PKey, EncryptionPadding};
kablam!   |                                   ^^^^ Could not find `pkey` in `crypto`
kablam! 
kablam! error[E0432]: unresolved import `self::openssl::crypto::pkey::EncryptionPadding`
kablam!  --> tests/test.rs:9:41
kablam!   |
kablam! 9 | use self::openssl::crypto::pkey::{PKey, EncryptionPadding};
kablam!   |                                         ^^^^^^^^^^^^^^^^^ Could not find `pkey` in `crypto`
kablam! 
kablam! error[E0277]: the trait bound `[u8]: std::marker::Sized` is not satisfied
kablam!   --> tests/test.rs:94:7
kablam!    |
kablam! 94 |   let encrypted_data = pkey.encrypt_with_padding(
kablam!    |       ^^^^^^^^^^^^^^ the trait `std::marker::Sized` is not implemented for `[u8]`
kablam!    |
kablam!    = note: `[u8]` does not have a constant size known at compile-time
kablam!    = note: all local variables must have a statically known size
kablam! 
kablam! error: aborting due to previous error
kablam! 
kablam! error: Could not compile `pem-parser`.
blam! Build failed, waiting for other jobs to finish...
kablam! error: build failed
boom! running `docker rm -f 7eb9ca80963fca76bfb37cf89a0fb019f8c843733d087271251e42bff3dda84f`
blam! 7eb9ca80963fca76bfb37cf89a0fb019f8c843733d087271251e42bff3dda84f
boom! running: cargo +stable test --frozen
boom! creating container for: cargo +stable test --frozen
boom! running `docker create -v /home/ec2-user/cargobomb/./work/local/test-source/nightly/stable:/source:ro -v /home/ec2-user/cargobomb/./work/local/cargo-home:/cargo-home:ro -v /home/ec2-user/cargobomb/./work/local/rustup-home:/rustup-home:ro -v /home/ec2-user/cargobomb/./work/local/target-dirs/nightly/stable:/target:rw -e USER_ID=500 -e CMD=cargo +stable test --frozen cargobomb`
blam! a9e690273371f43149ef1944bc823831560568deab26f903e53ddee5e43b2618
boom! running `docker start -a a9e690273371f43149ef1944bc823831560568deab26f903e53ddee5e43b2618`
kablam!    Compiling pem-parser v0.1.1 (file:///source)
kablam! error[E0432]: unresolved import `self::openssl::crypto::pkey::PKey`
kablam!  --> tests/test.rs:9:35
kablam!   |
kablam! 9 | use self::openssl::crypto::pkey::{PKey, EncryptionPadding};
kablam!   |                                   ^^^^ Could not find `pkey` in `crypto`
kablam! 
kablam! error[E0432]: unresolved import `self::openssl::crypto::pkey::EncryptionPadding`
kablam!  --> tests/test.rs:9:41
kablam!   |
kablam! 9 | use self::openssl::crypto::pkey::{PKey, EncryptionPadding};
kablam!   |                                         ^^^^^^^^^^^^^^^^^ Could not find `pkey` in `crypto`
kablam! 
kablam! error[E0277]: the trait bound `[u8]: std::marker::Sized` is not satisfied
kablam!   --> tests/test.rs:94:7
kablam!    |
kablam! 94 |   let encrypted_data = pkey.encrypt_with_padding(
kablam!    |       ^^^^^^^^^^^^^^ the trait `std::marker::Sized` is not implemented for `[u8]`
kablam!    |
kablam!    = note: `[u8]` does not have a constant size known at compile-time
kablam!    = note: all local variables must have a statically known size
kablam! 
kablam! error: aborting due to previous error
kablam! 
kablam! error: Could not compile `pem-parser`.
kablam! 
kablam! To learn more, run the command again with --verbose.
boom! running `docker rm -f a9e690273371f43149ef1944bc823831560568deab26f903e53ddee5e43b2618`
blam! a9e690273371f43149ef1944bc823831560568deab26f903e53ddee5e43b2618
