boom! testing nautilus-extension-sys-0.1.0 against nightly for nightly
boom! running: cargo +nightly build --frozen
boom! creating container for: cargo +nightly build --frozen
boom! running `docker create -v /home/ec2-user/cargobomb/./work/local/test-source/nightly/nightly:/source:ro -v /home/ec2-user/cargobomb/./work/local/cargo-home:/cargo-home:ro -v /home/ec2-user/cargobomb/./work/local/rustup-home:/rustup-home:ro -v /home/ec2-user/cargobomb/./work/local/target-dirs/nightly/nightly:/target:rw -e USER_ID=500 -e CMD=cargo +nightly build --frozen cargobomb`
blam! a4300da0f889627352fe507c33f53668f9b263407d37c973071cafe97549251c
boom! running `docker start -a a4300da0f889627352fe507c33f53668f9b263407d37c973071cafe97549251c`
kablam!    Compiling nautilus-extension-sys v0.1.0 (file:///source)
kablam! warning: variant `NAUTILUS_OPERATION_COMPLETE` should have a camel case name such as `NautilusOperationComplete`
kablam!    --> src/lib.rs:102:5
kablam!     |
kablam! 102 |     NAUTILUS_OPERATION_COMPLETE,
kablam!     |     ^^^^^^^^^^^^^^^^^^^^^^^^^^^
kablam!     |
kablam!     = note: #[warn(non_camel_case_types)] on by default
kablam! 
kablam! warning: variant `NAUTILUS_OPERATION_FAILED` should have a camel case name such as `NautilusOperationFailed`
kablam!    --> src/lib.rs:103:5
kablam!     |
kablam! 103 |     NAUTILUS_OPERATION_FAILED,
kablam!     |     ^^^^^^^^^^^^^^^^^^^^^^^^^
kablam!     |
kablam!     = note: #[warn(non_camel_case_types)] on by default
kablam! 
kablam! warning: variant `NAUTILUS_OPERATION_IN_PROGRESS` should have a camel case name such as `NautilusOperationInProgress`
kablam!    --> src/lib.rs:104:5
kablam!     |
kablam! 104 |     NAUTILUS_OPERATION_IN_PROGRESS,
kablam!     |     ^^^^^^^^^^^^^^^^^^^^^^^^^^^^^^
kablam!     |
kablam!     = note: #[warn(non_camel_case_types)] on by default
kablam! 
kablam!     Finished dev [unoptimized + debuginfo] target(s) in 0.45 secs
boom! running `docker rm -f a4300da0f889627352fe507c33f53668f9b263407d37c973071cafe97549251c`
blam! a4300da0f889627352fe507c33f53668f9b263407d37c973071cafe97549251c
boom! running: cargo +nightly test --frozen --no-run
boom! creating container for: cargo +nightly test --frozen --no-run
boom! running `docker create -v /home/ec2-user/cargobomb/./work/local/test-source/nightly/nightly:/source:ro -v /home/ec2-user/cargobomb/./work/local/cargo-home:/cargo-home:ro -v /home/ec2-user/cargobomb/./work/local/rustup-home:/rustup-home:ro -v /home/ec2-user/cargobomb/./work/local/target-dirs/nightly/nightly:/target:rw -e USER_ID=500 -e CMD=cargo +nightly test --frozen --no-run cargobomb`
blam! 06ee22e865770665b2ebdd670bf0b509a6628b53e302417bb0060c4dd04ceb43
boom! running `docker start -a 06ee22e865770665b2ebdd670bf0b509a6628b53e302417bb0060c4dd04ceb43`
kablam!    Compiling nautilus-extension-sys v0.1.0 (file:///source)
kablam! warning: variant `NAUTILUS_OPERATION_COMPLETE` should have a camel case name such as `NautilusOperationComplete`
kablam!    --> src/lib.rs:102:5
kablam!     |
kablam! 102 |     NAUTILUS_OPERATION_COMPLETE,
kablam!     |     ^^^^^^^^^^^^^^^^^^^^^^^^^^^
kablam!     |
kablam!     = note: #[warn(non_camel_case_types)] on by default
kablam! 
kablam! warning: variant `NAUTILUS_OPERATION_FAILED` should have a camel case name such as `NautilusOperationFailed`
kablam!    --> src/lib.rs:103:5
kablam!     |
kablam! 103 |     NAUTILUS_OPERATION_FAILED,
kablam!     |     ^^^^^^^^^^^^^^^^^^^^^^^^^
kablam!     |
kablam!     = note: #[warn(non_camel_case_types)] on by default
kablam! 
kablam! warning: variant `NAUTILUS_OPERATION_IN_PROGRESS` should have a camel case name such as `NautilusOperationInProgress`
kablam!    --> src/lib.rs:104:5
kablam!     |
kablam! 104 |     NAUTILUS_OPERATION_IN_PROGRESS,
kablam!     |     ^^^^^^^^^^^^^^^^^^^^^^^^^^^^^^
kablam!     |
kablam!     = note: #[warn(non_camel_case_types)] on by default
kablam! 
kablam! error: linking with `cc` failed: exit code: 1
kablam!   |
kablam!   = note: "cc" "-Wl,--as-needed" "-Wl,-z,noexecstack" "-m64" "-L" "/rustup-home/toolchains/nightly-x86_64-unknown-linux-gnu/lib/rustlib/x86_64-unknown-linux-gnu/lib" "/target/debug/deps/nautilus_extension_sys-966fa602cead19aa.0.o" "-o" "/target/debug/deps/nautilus_extension_sys-966fa602cead19aa" "-Wl,--gc-sections" "-pie" "-nodefaultlibs" "-L" "/target/debug/deps" "-L" "/rustup-home/toolchains/nightly-x86_64-unknown-linux-gnu/lib/rustlib/x86_64-unknown-linux-gnu/lib" "-Wl,-Bstatic" "-Wl,-Bdynamic" "-l" "nautilus-extension" "/target/debug/deps/libgtk_sys-d6a702c36b9163af.rlib" "/target/debug/deps/libatk_sys-4c92419d575bce35.rlib" "/target/debug/deps/libgdk_sys-1c5dbb0b6e029628.rlib" "/target/debug/deps/libcairo_sys-9adc0cdd404adc66.rlib" "/target/debug/deps/libpango_sys-0dc6768add43888b.rlib" "/target/debug/deps/libgdk_pixbuf_sys-55f316a12338ec76.rlib" "/target/debug/deps/libgio_sys-6dbba2ca0ce319da.rlib" "/target/debug/deps/libgobject_sys-4ba000a4d9f2cf78.rlib" "/target/debug/deps/libglib_sys-895440df8bd9794c.rlib" "/target/debug/deps/libbitflags-6c0c42f1f858d67c.rlib" "/target/debug/deps/liblibc-5dc7b85e748840b4.rlib" "/rustup-home/toolchains/nightly-x86_64-unknown-linux-gnu/lib/rustlib/x86_64-unknown-linux-gnu/lib/libtest-b48219465f029877.rlib" "/rustup-home/toolchains/nightly-x86_64-unknown-linux-gnu/lib/rustlib/x86_64-unknown-linux-gnu/lib/libterm-78c30e2133d07853.rlib" "/rustup-home/toolchains/nightly-x86_64-unknown-linux-gnu/lib/rustlib/x86_64-unknown-linux-gnu/lib/libgetopts-73f5a5c68bc00f38.rlib" "/rustup-home/toolchains/nightly-x86_64-unknown-linux-gnu/lib/rustlib/x86_64-unknown-linux-gnu/lib/libstd-9a66b6a343d52844.rlib" "/rustup-home/toolchains/nightly-x86_64-unknown-linux-gnu/lib/rustlib/x86_64-unknown-linux-gnu/lib/libpanic_unwind-9d79f761aa668a33.rlib" "/rustup-home/toolchains/nightly-x86_64-unknown-linux-gnu/lib/rustlib/x86_64-unknown-linux-gnu/lib/libunwind-2beb731af7a6faec.rlib" "/rustup-home/toolchains/nightly-x86_64-unknown-linux-gnu/lib/rustlib/x86_64-unknown-linux-gnu/lib/librand-6bc49e032a89c77d.rlib" "/rustup-home/toolchains/nightly-x86_64-unknown-linux-gnu/lib/rustlib/x86_64-unknown-linux-gnu/lib/libcollections-a2a467c3ca3b6479.rlib" "/rustup-home/toolchains/nightly-x86_64-unknown-linux-gnu/lib/rustlib/x86_64-unknown-linux-gnu/lib/liballoc-ce7b9706e1719f27.rlib" "/rustup-home/toolchains/nightly-x86_64-unknown-linux-gnu/lib/rustlib/x86_64-unknown-linux-gnu/lib/liballoc_jemalloc-4b74d6f2808677d3.rlib" "/rustup-home/toolchains/nightly-x86_64-unknown-linux-gnu/lib/rustlib/x86_64-unknown-linux-gnu/lib/liblibc-95af4192ed69a1c8.rlib" "/rustup-home/toolchains/nightly-x86_64-unknown-linux-gnu/lib/rustlib/x86_64-unknown-linux-gnu/lib/libstd_unicode-e54225ff8f33e08f.rlib" "/rustup-home/toolchains/nightly-x86_64-unknown-linux-gnu/lib/rustlib/x86_64-unknown-linux-gnu/lib/libcore-cd0ca85e71f914ca.rlib" "/rustup-home/toolchains/nightly-x86_64-unknown-linux-gnu/lib/rustlib/x86_64-unknown-linux-gnu/lib/libcompiler_builtins-0bf24067248742a8.rlib" "-l" "gtk-3" "-l" "gdk-3" "-l" "atk-1.0" "-l" "gdk-3" "-l" "cairo" "-l" "pango-1.0" "-l" "gdk_pixbuf-2.0" "-l" "gio-2.0" "-l" "gobject-2.0" "-l" "glib-2.0" "-l" "gobject-2.0" "-l" "util" "-l" "dl" "-l" "rt" "-l" "pthread" "-l" "gcc_s" "-l" "pthread" "-l" "c" "-l" "m" "-l" "rt" "-l" "util"
kablam!   = note: /usr/bin/ld: cannot find -lnautilus-extension
kablam!           /usr/bin/ld: cannot find -lgtk-3
kablam!           /usr/bin/ld: cannot find -lgdk-3
kablam!           /usr/bin/ld: cannot find -latk-1.0
kablam!           /usr/bin/ld: cannot find -lgdk-3
kablam!           /usr/bin/ld: cannot find -lcairo
kablam!           /usr/bin/ld: cannot find -lpango-1.0
kablam!           /usr/bin/ld: cannot find -lgdk_pixbuf-2.0
kablam!           /usr/bin/ld: cannot find -lgio-2.0
kablam!           /usr/bin/ld: cannot find -lgobject-2.0
kablam!           /usr/bin/ld: cannot find -lglib-2.0
kablam!           /usr/bin/ld: cannot find -lgobject-2.0
kablam!           collect2: error: ld returned 1 exit status
kablam!           
kablam! 
kablam! error: aborting due to previous error
kablam! 
kablam! error: Could not compile `nautilus-extension-sys`.
kablam! 
kablam! To learn more, run the command again with --verbose.
boom! running `docker rm -f 06ee22e865770665b2ebdd670bf0b509a6628b53e302417bb0060c4dd04ceb43`
blam! 06ee22e865770665b2ebdd670bf0b509a6628b53e302417bb0060c4dd04ceb43
boom! running: cargo +nightly test --frozen
boom! creating container for: cargo +nightly test --frozen
boom! running `docker create -v /home/ec2-user/cargobomb/./work/local/test-source/nightly/nightly:/source:ro -v /home/ec2-user/cargobomb/./work/local/cargo-home:/cargo-home:ro -v /home/ec2-user/cargobomb/./work/local/rustup-home:/rustup-home:ro -v /home/ec2-user/cargobomb/./work/local/target-dirs/nightly/nightly:/target:rw -e USER_ID=500 -e CMD=cargo +nightly test --frozen cargobomb`
blam! 15b4369e3eaf526ccf33d7a01b931b3f0303d9e14c85fe4a1519af9461cb2c78
boom! running `docker start -a 15b4369e3eaf526ccf33d7a01b931b3f0303d9e14c85fe4a1519af9461cb2c78`
kablam!    Compiling nautilus-extension-sys v0.1.0 (file:///source)
kablam! warning: variant `NAUTILUS_OPERATION_COMPLETE` should have a camel case name such as `NautilusOperationComplete`
kablam!    --> src/lib.rs:102:5
kablam!     |
kablam! 102 |     NAUTILUS_OPERATION_COMPLETE,
kablam!     |     ^^^^^^^^^^^^^^^^^^^^^^^^^^^
kablam!     |
kablam!     = note: #[warn(non_camel_case_types)] on by default
kablam! 
kablam! warning: variant `NAUTILUS_OPERATION_FAILED` should have a camel case name such as `NautilusOperationFailed`
kablam!    --> src/lib.rs:103:5
kablam!     |
kablam! 103 |     NAUTILUS_OPERATION_FAILED,
kablam!     |     ^^^^^^^^^^^^^^^^^^^^^^^^^
kablam!     |
kablam!     = note: #[warn(non_camel_case_types)] on by default
kablam! 
kablam! warning: variant `NAUTILUS_OPERATION_IN_PROGRESS` should have a camel case name such as `NautilusOperationInProgress`
kablam!    --> src/lib.rs:104:5
kablam!     |
kablam! 104 |     NAUTILUS_OPERATION_IN_PROGRESS,
kablam!     |     ^^^^^^^^^^^^^^^^^^^^^^^^^^^^^^
kablam!     |
kablam!     = note: #[warn(non_camel_case_types)] on by default
kablam! 
kablam! error: linking with `cc` failed: exit code: 1
kablam!   |
kablam!   = note: "cc" "-Wl,--as-needed" "-Wl,-z,noexecstack" "-m64" "-L" "/rustup-home/toolchains/nightly-x86_64-unknown-linux-gnu/lib/rustlib/x86_64-unknown-linux-gnu/lib" "/target/debug/deps/nautilus_extension_sys-966fa602cead19aa.0.o" "-o" "/target/debug/deps/nautilus_extension_sys-966fa602cead19aa" "-Wl,--gc-sections" "-pie" "-nodefaultlibs" "-L" "/target/debug/deps" "-L" "/rustup-home/toolchains/nightly-x86_64-unknown-linux-gnu/lib/rustlib/x86_64-unknown-linux-gnu/lib" "-Wl,-Bstatic" "-Wl,-Bdynamic" "-l" "nautilus-extension" "/target/debug/deps/libgtk_sys-d6a702c36b9163af.rlib" "/target/debug/deps/libatk_sys-4c92419d575bce35.rlib" "/target/debug/deps/libgdk_sys-1c5dbb0b6e029628.rlib" "/target/debug/deps/libcairo_sys-9adc0cdd404adc66.rlib" "/target/debug/deps/libpango_sys-0dc6768add43888b.rlib" "/target/debug/deps/libgdk_pixbuf_sys-55f316a12338ec76.rlib" "/target/debug/deps/libgio_sys-6dbba2ca0ce319da.rlib" "/target/debug/deps/libgobject_sys-4ba000a4d9f2cf78.rlib" "/target/debug/deps/libglib_sys-895440df8bd9794c.rlib" "/target/debug/deps/libbitflags-6c0c42f1f858d67c.rlib" "/target/debug/deps/liblibc-5dc7b85e748840b4.rlib" "/rustup-home/toolchains/nightly-x86_64-unknown-linux-gnu/lib/rustlib/x86_64-unknown-linux-gnu/lib/libtest-b48219465f029877.rlib" "/rustup-home/toolchains/nightly-x86_64-unknown-linux-gnu/lib/rustlib/x86_64-unknown-linux-gnu/lib/libterm-78c30e2133d07853.rlib" "/rustup-home/toolchains/nightly-x86_64-unknown-linux-gnu/lib/rustlib/x86_64-unknown-linux-gnu/lib/libgetopts-73f5a5c68bc00f38.rlib" "/rustup-home/toolchains/nightly-x86_64-unknown-linux-gnu/lib/rustlib/x86_64-unknown-linux-gnu/lib/libstd-9a66b6a343d52844.rlib" "/rustup-home/toolchains/nightly-x86_64-unknown-linux-gnu/lib/rustlib/x86_64-unknown-linux-gnu/lib/libpanic_unwind-9d79f761aa668a33.rlib" "/rustup-home/toolchains/nightly-x86_64-unknown-linux-gnu/lib/rustlib/x86_64-unknown-linux-gnu/lib/libunwind-2beb731af7a6faec.rlib" "/rustup-home/toolchains/nightly-x86_64-unknown-linux-gnu/lib/rustlib/x86_64-unknown-linux-gnu/lib/librand-6bc49e032a89c77d.rlib" "/rustup-home/toolchains/nightly-x86_64-unknown-linux-gnu/lib/rustlib/x86_64-unknown-linux-gnu/lib/libcollections-a2a467c3ca3b6479.rlib" "/rustup-home/toolchains/nightly-x86_64-unknown-linux-gnu/lib/rustlib/x86_64-unknown-linux-gnu/lib/liballoc-ce7b9706e1719f27.rlib" "/rustup-home/toolchains/nightly-x86_64-unknown-linux-gnu/lib/rustlib/x86_64-unknown-linux-gnu/lib/liballoc_jemalloc-4b74d6f2808677d3.rlib" "/rustup-home/toolchains/nightly-x86_64-unknown-linux-gnu/lib/rustlib/x86_64-unknown-linux-gnu/lib/liblibc-95af4192ed69a1c8.rlib" "/rustup-home/toolchains/nightly-x86_64-unknown-linux-gnu/lib/rustlib/x86_64-unknown-linux-gnu/lib/libstd_unicode-e54225ff8f33e08f.rlib" "/rustup-home/toolchains/nightly-x86_64-unknown-linux-gnu/lib/rustlib/x86_64-unknown-linux-gnu/lib/libcore-cd0ca85e71f914ca.rlib" "/rustup-home/toolchains/nightly-x86_64-unknown-linux-gnu/lib/rustlib/x86_64-unknown-linux-gnu/lib/libcompiler_builtins-0bf24067248742a8.rlib" "-l" "gtk-3" "-l" "gdk-3" "-l" "atk-1.0" "-l" "gdk-3" "-l" "cairo" "-l" "pango-1.0" "-l" "gdk_pixbuf-2.0" "-l" "gio-2.0" "-l" "gobject-2.0" "-l" "glib-2.0" "-l" "gobject-2.0" "-l" "util" "-l" "dl" "-l" "rt" "-l" "pthread" "-l" "gcc_s" "-l" "pthread" "-l" "c" "-l" "m" "-l" "rt" "-l" "util"
kablam!   = note: /usr/bin/ld: cannot find -lnautilus-extension
kablam!           /usr/bin/ld: cannot find -lgtk-3
kablam!           /usr/bin/ld: cannot find -lgdk-3
kablam!           /usr/bin/ld: cannot find -latk-1.0
kablam!           /usr/bin/ld: cannot find -lgdk-3
kablam!           /usr/bin/ld: cannot find -lcairo
kablam!           /usr/bin/ld: cannot find -lpango-1.0
kablam!           /usr/bin/ld: cannot find -lgdk_pixbuf-2.0
kablam!           /usr/bin/ld: cannot find -lgio-2.0
kablam!           /usr/bin/ld: cannot find -lgobject-2.0
kablam!           /usr/bin/ld: cannot find -lglib-2.0
kablam!           /usr/bin/ld: cannot find -lgobject-2.0
kablam!           collect2: error: ld returned 1 exit status
kablam!           
kablam! 
kablam! error: aborting due to previous error
kablam! 
kablam! error: Could not compile `nautilus-extension-sys`.
kablam! 
kablam! To learn more, run the command again with --verbose.
boom! running `docker rm -f 15b4369e3eaf526ccf33d7a01b931b3f0303d9e14c85fe4a1519af9461cb2c78`
blam! 15b4369e3eaf526ccf33d7a01b931b3f0303d9e14c85fe4a1519af9461cb2c78
