boom! testing peano-1.0.2 against beta for beta
boom! running: cargo +beta build --frozen
boom! creating container for: cargo +beta build --frozen
boom! running `docker create -v /home/ec2-user/cargobomb/./work/local/test-source/beta/beta:/source:ro -v /home/ec2-user/cargobomb/./work/local/cargo-home:/cargo-home:ro -v /home/ec2-user/cargobomb/./work/local/rustup-home:/rustup-home:ro -v /home/ec2-user/cargobomb/./work/local/target-dirs/beta/beta:/target:rw -e USER_ID=500 -e CMD=cargo +beta build --frozen cargobomb`
blam! 611a3027d54b3d0fc376cf161dc0d778cd559b2108a6d659d3de7dba35b19114
boom! running `docker start -a 611a3027d54b3d0fc376cf161dc0d778cd559b2108a6d659d3de7dba35b19114`
kablam!    Compiling peano v1.0.2 (file:///source)
kablam!     Finished dev [unoptimized + debuginfo] target(s) in 0.36 secs
boom! running `docker rm -f 611a3027d54b3d0fc376cf161dc0d778cd559b2108a6d659d3de7dba35b19114`
blam! 611a3027d54b3d0fc376cf161dc0d778cd559b2108a6d659d3de7dba35b19114
boom! running: cargo +beta test --frozen --no-run
boom! creating container for: cargo +beta test --frozen --no-run
boom! running `docker create -v /home/ec2-user/cargobomb/./work/local/test-source/beta/beta:/source:ro -v /home/ec2-user/cargobomb/./work/local/cargo-home:/cargo-home:ro -v /home/ec2-user/cargobomb/./work/local/rustup-home:/rustup-home:ro -v /home/ec2-user/cargobomb/./work/local/target-dirs/beta/beta:/target:rw -e USER_ID=500 -e CMD=cargo +beta test --frozen --no-run cargobomb`
blam! b37d22d884dbb85b0bf81eaf1aa8de4ebf872cfb5dc8e00aba7a2fcf540d137d
boom! running `docker start -a b37d22d884dbb85b0bf81eaf1aa8de4ebf872cfb5dc8e00aba7a2fcf540d137d`
kablam!    Compiling peano v1.0.2 (file:///source)
kablam! error[E0275]: overflow evaluating the requirement `peano::Succ<peano::Zero>: peano::detail::DivPrivate<peano::Succ<peano::Zero>>`
kablam!    --> tests/peano-ops.rs:105:28
kablam!     |
kablam! 105 |     assert_eq!( 1, <<P1 as Div<P1>>::Output as ToInt>::to_int() );
kablam!     |                            ^^^^^^^^^^^^^^^^
kablam!     |
kablam!     = note: required because of the requirements on the impl of `std::ops::Div` for `peano::Succ<peano::Zero>`
kablam! 
kablam! error: aborting due to previous error
kablam! 
blam! Build failed, waiting for other jobs to finish...
kablam! error: Could not compile `peano`.
kablam! error: build failed
boom! running `docker rm -f b37d22d884dbb85b0bf81eaf1aa8de4ebf872cfb5dc8e00aba7a2fcf540d137d`
blam! b37d22d884dbb85b0bf81eaf1aa8de4ebf872cfb5dc8e00aba7a2fcf540d137d
boom! running: cargo +beta test --frozen
boom! creating container for: cargo +beta test --frozen
boom! running `docker create -v /home/ec2-user/cargobomb/./work/local/test-source/beta/beta:/source:ro -v /home/ec2-user/cargobomb/./work/local/cargo-home:/cargo-home:ro -v /home/ec2-user/cargobomb/./work/local/rustup-home:/rustup-home:ro -v /home/ec2-user/cargobomb/./work/local/target-dirs/beta/beta:/target:rw -e USER_ID=500 -e CMD=cargo +beta test --frozen cargobomb`
blam! eb278482ee20db0521561e687f871d74a2594c0f7282094adba5230fb66fbd3a
boom! running `docker start -a eb278482ee20db0521561e687f871d74a2594c0f7282094adba5230fb66fbd3a`
kablam!    Compiling peano v1.0.2 (file:///source)
kablam! error[E0275]: overflow evaluating the requirement `peano::Succ<peano::Zero>: peano::detail::DivPrivate<peano::Succ<peano::Zero>>`
kablam!    --> tests/peano-ops.rs:105:28
kablam!     |
kablam! 105 |     assert_eq!( 1, <<P1 as Div<P1>>::Output as ToInt>::to_int() );
kablam!     |                            ^^^^^^^^^^^^^^^^
kablam!     |
kablam!     = note: required because of the requirements on the impl of `std::ops::Div` for `peano::Succ<peano::Zero>`
kablam! 
kablam! error: aborting due to previous error
kablam! 
kablam! error: Could not compile `peano`.
kablam! 
kablam! To learn more, run the command again with --verbose.
boom! running `docker rm -f eb278482ee20db0521561e687f871d74a2594c0f7282094adba5230fb66fbd3a`
blam! eb278482ee20db0521561e687f871d74a2594c0f7282094adba5230fb66fbd3a
