boom! testing must-0.2.0 against stable for nightly
boom! running: cargo +stable build --frozen
boom! creating container for: cargo +stable build --frozen
boom! running `docker create -v /home/ec2-user/cargobomb/./work/local/test-source/nightly/stable:/source:ro -v /home/ec2-user/cargobomb/./work/local/cargo-home:/cargo-home:ro -v /home/ec2-user/cargobomb/./work/local/rustup-home:/rustup-home:ro -v /home/ec2-user/cargobomb/./work/local/target-dirs/nightly/stable:/target:rw -e USER_ID=500 -e CMD=cargo +stable build --frozen cargobomb`
blam! 611bd998d001512c2f47017daf86fe278fd4f8ea03dbb9107b307abad56ad318
boom! running `docker start -a 611bd998d001512c2f47017daf86fe278fd4f8ea03dbb9107b307abad56ad318`
kablam!    Compiling mutator v0.1.0
kablam!    Compiling must v0.2.0 (file:///source)
kablam!     Finished debug [unoptimized + debuginfo] target(s) in 1.4 secs
boom! running `docker rm -f 611bd998d001512c2f47017daf86fe278fd4f8ea03dbb9107b307abad56ad318`
blam! 611bd998d001512c2f47017daf86fe278fd4f8ea03dbb9107b307abad56ad318
boom! running: cargo +stable test --frozen --no-run
boom! creating container for: cargo +stable test --frozen --no-run
boom! running `docker create -v /home/ec2-user/cargobomb/./work/local/test-source/nightly/stable:/source:ro -v /home/ec2-user/cargobomb/./work/local/cargo-home:/cargo-home:ro -v /home/ec2-user/cargobomb/./work/local/rustup-home:/rustup-home:ro -v /home/ec2-user/cargobomb/./work/local/target-dirs/nightly/stable:/target:rw -e USER_ID=500 -e CMD=cargo +stable test --frozen --no-run cargobomb`
blam! 4ed5179177e3546d86e490cbeb75116e2ce0f8c10d9c9f45cd477d820e55620b
boom! running `docker start -a 4ed5179177e3546d86e490cbeb75116e2ce0f8c10d9c9f45cd477d820e55620b`
kablam!    Compiling must v0.2.0 (file:///source)
kablam!     Finished debug [unoptimized + debuginfo] target(s) in 1.84 secs
boom! running `docker rm -f 4ed5179177e3546d86e490cbeb75116e2ce0f8c10d9c9f45cd477d820e55620b`
blam! 4ed5179177e3546d86e490cbeb75116e2ce0f8c10d9c9f45cd477d820e55620b
boom! running: cargo +stable test --frozen
boom! creating container for: cargo +stable test --frozen
boom! running `docker create -v /home/ec2-user/cargobomb/./work/local/test-source/nightly/stable:/source:ro -v /home/ec2-user/cargobomb/./work/local/cargo-home:/cargo-home:ro -v /home/ec2-user/cargobomb/./work/local/rustup-home:/rustup-home:ro -v /home/ec2-user/cargobomb/./work/local/target-dirs/nightly/stable:/target:rw -e USER_ID=500 -e CMD=cargo +stable test --frozen cargobomb`
blam! 88d9e348c22e494e942162b452db96376f93986443c8f7764df0a73bd0466629
boom! running `docker start -a 88d9e348c22e494e942162b452db96376f93986443c8f7764df0a73bd0466629`
kablam!     Finished debug [unoptimized + debuginfo] target(s) in 0.0 secs
kablam!      Running /target/debug/compile-a5f7bb62ff12ceea
blam! 
blam! running 5 tests
blam! test must_have_len ... ok
blam! test must_be_upper ... ok
blam! test must_be_in_range ... ok
blam! test must_be ... ok
blam! test test_some ... ok
blam! 
blam! test result: ok. 5 passed; 0 failed; 0 ignored; 0 measured
blam! 
kablam!      Running /target/debug/failure-7df3804419c0f57d
blam! 
blam! running 4 tests
blam! test test ... ok
blam! test custom_msg_fmt ... ok
blam! test custom_msg ... ok
blam! test test_it ... ok
blam! 
blam! test result: ok. 4 passed; 0 failed; 0 ignored; 0 measured
blam! 
kablam!      Running /target/debug/deps/must-8833f9e241fb446e
blam! 
blam! running 2 tests
blam! test matchers::range::test_is_in_range ... ok
blam! test marker::collections::tests::test ... ok
blam! 
blam! test result: ok. 2 passed; 0 failed; 0 ignored; 0 measured
blam! 
kablam!      Running /target/debug/panic_on_drop-8f6dad08fb6afbd6
blam! 
blam! running 2 tests
blam! test test_on_drop ... ok
blam! test test_only_once_when_or_called ... ok
blam! 
blam! test result: ok. 2 passed; 0 failed; 0 ignored; 0 measured
blam! 
kablam!    Doc-tests must
blam! 
blam! running 21 tests
blam! test _0 ... ignored
blam! test _1 ... ignored
blam! test _2 ... ignored
blam! test _3 ... ignored
blam! test marker::range::RangeArgument::start_0 ... FAILED
blam! test marker::range::RangeArgument::end_0 ... FAILED
blam! test _4 ... ok
blam! test lazy_0 ... ok
blam! test matchers::collections::MustHaveLength::must_be_empty_0 ... ok
blam! test matchers::collections::MustHaveLength::must_have_len_0 ... ok
blam! test matchers::option::OptionMust::must_be_some_and_1 ... ok
blam! test matchers::option::OptionMust::must_be_some_and_0 ... ok
blam! test matchers::partial_eq::MustBeBool::must_be_true_0 ... ok
blam! test matchers::partial_eq::PartialEqMust::must_be_0 ... ok
blam! test matchers::range::MustBeInRange::must_be_in_range_0 ... ok
blam! test matchers::range::MustBeInRange::must_not_be_in_range_0 ... ok
blam! test matchers::result::ResultMust::must_be_ok_0 ... ok
blam! test matchers::result::ResultMust::must_be_ok_and_0 ... ok
blam! test matchers::result::ResultMust::must_be_ok_and_1 ... ok
blam! test matchers::text::CasedTextMust::must_be_lowercase_0 ... ok
blam! test matchers::text::CasedTextMust::must_be_uppercase_0 ... ok
blam! 
blam! failures:
blam! 
blam! ---- marker::range::RangeArgument::start_0 stdout ----
blam! 	error[E0554]: #[feature] may not be used on the stable release channel
blam!  --> <anon>:1:1
blam!   |
blam! 1 | #![feature(collections)]
blam!   | ^^^^^^^^^^^^^^^^^^^^^^^^
blam! 
blam! error[E0554]: #[feature] may not be used on the stable release channel
blam!  --> <anon>:2:1
blam!   |
blam! 2 | #![feature(collections_range)]
blam!   | ^^^^^^^^^^^^^^^^^^^^^^^^^^^^^^
blam! 
blam! error: aborting due to previous error(s)
blam! 
blam! thread 'marker::range::RangeArgument::start_0' panicked at 'Box<Any>', ../src/librustc/session/mod.rs:191
blam! note: Run with `RUST_BACKTRACE=1` for a backtrace.
blam! 
blam! ---- marker::range::RangeArgument::end_0 stdout ----
blam! 	error[E0554]: #[feature] may not be used on the stable release channel
blam!  --> <anon>:1:1
blam!   |
blam! 1 | #![feature(collections)]
blam!   | ^^^^^^^^^^^^^^^^^^^^^^^^
blam! 
blam! error[E0554]: #[feature] may not be used on the stable release channel
blam!  --> <anon>:2:1
blam!   |
blam! 2 | #![feature(collections_range)]
blam!   | ^^^^^^^^^^^^^^^^^^^^^^^^^^^^^^
blam! 
blam! error: aborting due to previous error(s)
blam! 
blam! thread 'marker::range::RangeArgument::end_0' panicked at 'Box<Any>', ../src/librustc/session/mod.rs:191
blam! 
blam! 
blam! failures:
blam!     marker::range::RangeArgument::end_0
blam!     marker::range::RangeArgument::start_0
blam! 
blam! test result: FAILED. 15 passed; 2 failed; 4 ignored; 0 measured
blam! 
kablam! error: test failed
boom! running `docker rm -f 88d9e348c22e494e942162b452db96376f93986443c8f7764df0a73bd0466629`
blam! 88d9e348c22e494e942162b452db96376f93986443c8f7764df0a73bd0466629
