boom! testing tiled-json-0.1.4 against stable for nightly
boom! running: cargo +stable build --frozen
boom! creating container for: cargo +stable build --frozen
boom! running `docker create -v /home/ec2-user/cargobomb/./work/local/test-source/nightly/stable:/source:ro -v /home/ec2-user/cargobomb/./work/local/cargo-home:/cargo-home:ro -v /home/ec2-user/cargobomb/./work/local/rustup-home:/rustup-home:ro -v /home/ec2-user/cargobomb/./work/local/target-dirs/nightly/stable:/target:rw -e USER_ID=500 -e CMD=cargo +stable build --frozen cargobomb`
blam! 9f13566d9609a941556683a7c4b5414cd49c5a460adab94b668e3fb1a92df91c
boom! running `docker start -a 9f13566d9609a941556683a7c4b5414cd49c5a460adab94b668e3fb1a92df91c`
kablam!    Compiling aster v0.22.1
kablam!    Compiling serde_codegen_internals v0.4.0
kablam!    Compiling quasi v0.16.0
kablam! error[E0554]: #[feature] may not be used on the stable release channel
kablam!  --> /cargo-home/registry/src/github.com-1ecc6299db9ec823/serde_codegen_internals-0.4.0/src/lib.rs:3:43
kablam!   |
kablam! 3 | #![cfg_attr(not(feature = "with-syntex"), feature(rustc_private, plugin))]
kablam!   |                                           ^^^^^^^^^^^^^^^^^^^^^^^^^^^^^^
kablam! 
kablam! error: aborting due to previous error
kablam! 
kablam! error[E0554]: #[feature] may not be used on the stable release channel
kablam!   --> /cargo-home/registry/src/github.com-1ecc6299db9ec823/quasi-0.16.0/src/lib.rs:11:43
kablam!    |
kablam! 11 | #![cfg_attr(not(feature = "with-syntex"), feature(rustc_private))]
kablam!    |                                           ^^^^^^^^^^^^^^^^^^^^^^
kablam! 
kablam! error: aborting due to previous error
kablam! 
blam! Build failed, waiting for other jobs to finish...
blam! Build failed, waiting for other jobs to finish...
kablam! error[E0554]: #[feature] may not be used on the stable release channel
kablam!  --> /cargo-home/registry/src/github.com-1ecc6299db9ec823/aster-0.22.1/src/lib.rs:1:43
kablam!   |
kablam! 1 | #![cfg_attr(not(feature = "with-syntex"), feature(rustc_private))]
kablam!   |                                           ^^^^^^^^^^^^^^^^^^^^^^
kablam! 
kablam! error: aborting due to previous error
kablam! 
kablam! error: Could not compile `serde_codegen_internals`.
kablam! 
kablam! To learn more, run the command again with --verbose.
boom! running `docker rm -f 9f13566d9609a941556683a7c4b5414cd49c5a460adab94b668e3fb1a92df91c`
blam! 9f13566d9609a941556683a7c4b5414cd49c5a460adab94b668e3fb1a92df91c
