boom! testing shoop-0.0.6-alpha against nightly for nightly
boom! running: cargo +nightly build --frozen
boom! creating container for: cargo +nightly build --frozen
boom! running `docker create -v /home/ec2-user/cargobomb/./work/local/test-source/nightly/nightly:/source:ro -v /home/ec2-user/cargobomb/./work/local/cargo-home:/cargo-home:ro -v /home/ec2-user/cargobomb/./work/local/rustup-home:/rustup-home:ro -v /home/ec2-user/cargobomb/./work/local/target-dirs/nightly/nightly:/target:rw -e USER_ID=500 -e CMD=cargo +nightly build --frozen cargobomb`
blam! e207af973c2c1f06a9b8eb094ec9682e1ad55a315107064a8de404eb57867812
boom! running `docker start -a e207af973c2c1f06a9b8eb094ec9682e1ad55a315107064a8de404eb57867812`
kablam!    Compiling shoop v0.0.6-alpha (file:///source)
kablam!    Compiling pbr v0.3.1
kablam!    Compiling ring v0.3.1
kablam!    Compiling libudt4-sys v0.2.0
kablam! error[E0277]: the trait bound `&&std::vec::Vec<std::string::String>: std::iter::Iterator` is not satisfied
kablam!    --> /cargo-home/registry/src/github.com-1ecc6299db9ec823/ring-0.3.1/build.rs:206:14
kablam!     |
kablam! 206 |             .args(&args)
kablam!     |              ^^^^ the trait `std::iter::Iterator` is not implemented for `&&std::vec::Vec<std::string::String>`
kablam!     |
kablam!     = note: `&&std::vec::Vec<std::string::String>` is not an iterator; maybe try calling `.iter()` or a similar method
kablam!     = note: required because of the requirements on the impl of `std::iter::IntoIterator` for `&&std::vec::Vec<std::string::String>`
kablam! 
kablam! error: aborting due to previous error
kablam! 
kablam! error: Could not compile `ring`.
blam! Build failed, waiting for other jobs to finish...
kablam! error[E0283]: type annotations required: cannot resolve `std::string::String: std::convert::AsRef<_>`
kablam!    --> /cargo-home/registry/src/github.com-1ecc6299db9ec823/pbr-0.3.1/src/pb.rs:348:64
kablam!     |
kablam! 348 |                         base = base + repeat!(self.bar_current.as_ref(), curr_count - 1) +
kablam!     |                                       -------------------------^^^^^^------------------- in this macro invocation
kablam! 
kablam! error: aborting due to previous error
kablam! 
kablam! error: Could not compile `pbr`.
blam! Build failed, waiting for other jobs to finish...
kablam! error: build failed
boom! running `docker rm -f e207af973c2c1f06a9b8eb094ec9682e1ad55a315107064a8de404eb57867812`
blam! e207af973c2c1f06a9b8eb094ec9682e1ad55a315107064a8de404eb57867812
