boom! testing numtraits-0.0.1 against nightly for nightly
boom! running: cargo +nightly build --frozen
boom! creating container for: cargo +nightly build --frozen
boom! running `docker create -v /home/ec2-user/cargobomb/./work/local/test-source/nightly/nightly:/source:ro -v /home/ec2-user/cargobomb/./work/local/cargo-home:/cargo-home:ro -v /home/ec2-user/cargobomb/./work/local/rustup-home:/rustup-home:ro -v /home/ec2-user/cargobomb/./work/local/target-dirs/nightly/nightly:/target:rw -e USER_ID=500 -e CMD=cargo +nightly build --frozen cargobomb`
blam! f187f317072bbe7a120203cb0101170f3bdbd2eb9baa3d769362f665beb2dc40
boom! running `docker start -a f187f317072bbe7a120203cb0101170f3bdbd2eb9baa3d769362f665beb2dc40`
kablam!    Compiling numtraits v0.0.1 (file:///source)
kablam!     Finished dev [unoptimized + debuginfo] target(s) in 0.51 secs
boom! running `docker rm -f f187f317072bbe7a120203cb0101170f3bdbd2eb9baa3d769362f665beb2dc40`
blam! f187f317072bbe7a120203cb0101170f3bdbd2eb9baa3d769362f665beb2dc40
boom! running: cargo +nightly test --frozen --no-run
boom! creating container for: cargo +nightly test --frozen --no-run
boom! running `docker create -v /home/ec2-user/cargobomb/./work/local/test-source/nightly/nightly:/source:ro -v /home/ec2-user/cargobomb/./work/local/cargo-home:/cargo-home:ro -v /home/ec2-user/cargobomb/./work/local/rustup-home:/rustup-home:ro -v /home/ec2-user/cargobomb/./work/local/target-dirs/nightly/nightly:/target:rw -e USER_ID=500 -e CMD=cargo +nightly test --frozen --no-run cargobomb`
blam! 6e6ca3a3b3365740635f89819f9ffb7c421265132731636df3c05e143d40186b
boom! running `docker start -a 6e6ca3a3b3365740635f89819f9ffb7c421265132731636df3c05e143d40186b`
kablam!    Compiling numtraits v0.0.1 (file:///source)
kablam! warning: function is never used: `doit`
kablam!    --> src/lib.rs:121:1
kablam!     |
kablam! 121 |   fn doit<T: UpCastAs<u64>>() {
kablam!     |  _^ starting here...
kablam! 122 | |     let _ = T::from(10u64);
kablam! 123 | |     // let y = T::from(10u8); // Error.
kablam! 124 | |     let _: T = cast(10u16); // Works for all types upscalable up to `B` where `T: UpCastAs<B>`
kablam! 125 | |     // let _: T = cast(10f32); // Error
kablam! 126 | |     let _ = cast::<u16, T>(10u16); // Alternate syntax.
kablam! 127 | |     let _: T = UpCastAs::from(10u8); // Works for all types as well.
kablam! 128 | | }
kablam!     | |_^ ...ending here
kablam!     |
kablam!     = note: #[warn(dead_code)] on by default
kablam! 
kablam!     Finished dev [unoptimized + debuginfo] target(s) in 0.66 secs
boom! running `docker rm -f 6e6ca3a3b3365740635f89819f9ffb7c421265132731636df3c05e143d40186b`
blam! 6e6ca3a3b3365740635f89819f9ffb7c421265132731636df3c05e143d40186b
boom! running: cargo +nightly test --frozen
boom! creating container for: cargo +nightly test --frozen
boom! running `docker create -v /home/ec2-user/cargobomb/./work/local/test-source/nightly/nightly:/source:ro -v /home/ec2-user/cargobomb/./work/local/cargo-home:/cargo-home:ro -v /home/ec2-user/cargobomb/./work/local/rustup-home:/rustup-home:ro -v /home/ec2-user/cargobomb/./work/local/target-dirs/nightly/nightly:/target:rw -e USER_ID=500 -e CMD=cargo +nightly test --frozen cargobomb`
blam! ae1eced67fffaa6ae5119433eee0b5daee0a89abc9f0487fc4071a53b64c2ee8
boom! running `docker start -a ae1eced67fffaa6ae5119433eee0b5daee0a89abc9f0487fc4071a53b64c2ee8`
kablam!     Finished dev [unoptimized + debuginfo] target(s) in 0.0 secs
kablam!      Running /target/debug/deps/numtraits-a83fcbe112c10112
blam! 
blam! running 0 tests
blam! 
blam! test result: ok. 0 passed; 0 failed; 0 ignored; 0 measured
blam! 
kablam!    Doc-tests numtraits
blam! 
blam! running 4 tests
blam! test src/lib.rs -  (line 46) ... FAILED
blam! test src/lib.rs -  (line 19) ... FAILED
blam! test src/lib.rs -  (line 4) ... FAILED
blam! test src/lib.rs -  (line 34) ... FAILED
blam! 
blam! failures:
blam! 
blam! ---- src/lib.rs -  (line 46) stdout ----
blam! 	error[E0405]: cannot find trait `UpCastAs` in this scope
blam!  --> <anon>:2:15
blam!   |
blam! 2 | fn example<T: UpCastAs<u32>>() {
blam!   |               ^^^^^^^^ not found in this scope
blam! 
blam! error: cannot continue compilation due to previous error
blam! 
blam! thread 'rustc' panicked at 'Box<Any>', /checkout/src/librustc/session/mod.rs:203
blam! note: Run with `RUST_BACKTRACE=1` for a backtrace.
blam! thread 'rustc' panicked at 'couldn't compile the test', /checkout/src/librustdoc/test.rs:270
blam! 
blam! ---- src/lib.rs -  (line 19) stdout ----
blam! 	error[E0405]: cannot find trait `UpCastAs` in this scope
blam!  --> <anon>:2:15
blam!   |
blam! 2 | fn example<T: UpCastAs<u32>>() {
blam!   |               ^^^^^^^^ not found in this scope
blam! 
blam! error[E0425]: cannot find function `cast` in this scope
blam!  --> <anon>:3:16
blam!   |
blam! 3 |     let _: T = cast(10u8);
blam!   |                ^^^^ not found in this scope
blam! 
blam! error[E0425]: cannot find function `cast` in this scope
blam!  --> <anon>:4:13
blam!   |
blam! 4 |     let _ = cast::<u8, T>(10u8); // Alternate syntax, uglier.
blam!   |             ^^^^ not found in this scope
blam! 
blam! error[E0425]: cannot find function `cast` in this scope
blam!  --> <anon>:5:16
blam!   |
blam! 5 |     let _: T = cast(10u16);
blam!   |                ^^^^ not found in this scope
blam! 
blam! error[E0425]: cannot find function `cast` in this scope
blam!  --> <anon>:6:16
blam!   |
blam! 6 |     let _: T = cast(10u32);
blam!   |                ^^^^ not found in this scope
blam! 
blam! error[E0425]: cannot find function `cast` in this scope
blam!  --> <anon>:7:16
blam!   |
blam! 7 |     let _: T = cast(10u64); // Error, u64 > u32
blam!   |                ^^^^ not found in this scope
blam! 
blam! error[E0425]: cannot find function `cast` in this scope
blam!  --> <anon>:8:16
blam!   |
blam! 8 |     let _: T = cast(10f32); // Error, f32 > u32
blam!   |                ^^^^ not found in this scope
blam! 
blam! error[E0425]: cannot find function `cast` in this scope
blam!  --> <anon>:9:16
blam!   |
blam! 9 |     let _: T = cast(10f64); // Error, f32 > u32
blam!   |                ^^^^ not found in this scope
blam! 
blam! error: cannot continue compilation due to previous error
blam! 
blam! thread 'rustc' panicked at 'Box<Any>', /checkout/src/librustc/session/mod.rs:203
blam! thread 'rustc' panicked at 'couldn't compile the test', /checkout/src/librustdoc/test.rs:270
blam! 
blam! ---- src/lib.rs -  (line 4) stdout ----
blam! 	error: chained comparison operators require parentheses
blam!  --> <anon>:2:5
blam!   |
blam! 2 | f64 > f32 > u64 > u32 > u16 > u8
blam!   |     ^^^^^^^^^^^
blam!   |
blam!   = help: use `::<...>` instead of `<...>` if you meant to specify type arguments
blam! 
blam! error: chained comparison operators require parentheses
blam!  --> <anon>:2:11
blam!   |
blam! 2 | f64 > f32 > u64 > u32 > u16 > u8
blam!   |           ^^^^^^^^^^^
blam!   |
blam!   = help: use `::<...>` instead of `<...>` if you meant to specify type arguments
blam! 
blam! error: chained comparison operators require parentheses
blam!  --> <anon>:2:17
blam!   |
blam! 2 | f64 > f32 > u64 > u32 > u16 > u8
blam!   |                 ^^^^^^^^^^^
blam!   |
blam!   = help: use `::<...>` instead of `<...>` if you meant to specify type arguments
blam! 
blam! error: chained comparison operators require parentheses
blam!  --> <anon>:2:23
blam!   |
blam! 2 | f64 > f32 > u64 > u32 > u16 > u8
blam!   |                       ^^^^^^^^^^
blam!   |
blam!   = help: use `::<...>` instead of `<...>` if you meant to specify type arguments
blam! 
blam! error: expected one of `!`, `.`, `::`, `;`, `?`, `{`, `}`, or an operator, found `f64`
blam!  --> <anon>:3:1
blam!   |
blam! 3 | f64 > f32 > i64 > i32 > i16 > i8
blam!   | ^^^
blam! 
blam! error[E0423]: expected value, found builtin type `f64`
blam!  --> <anon>:2:1
blam!   |
blam! 2 | f64 > f32 > u64 > u32 > u16 > u8
blam!   | ^^^ not a value
blam! 
blam! error[E0423]: expected value, found builtin type `f32`
blam!  --> <anon>:2:7
blam!   |
blam! 2 | f64 > f32 > u64 > u32 > u16 > u8
blam!   |       ^^^ not a value
blam! 
blam! error[E0423]: expected value, found builtin type `u64`
blam!  --> <anon>:2:13
blam!   |
blam! 2 | f64 > f32 > u64 > u32 > u16 > u8
blam!   |             ^^^ not a value
blam! 
blam! error[E0423]: expected value, found builtin type `u32`
blam!  --> <anon>:2:19
blam!   |
blam! 2 | f64 > f32 > u64 > u32 > u16 > u8
blam!   |                   ^^^ not a value
blam! 
blam! error[E0423]: expected value, found builtin type `u16`
blam!  --> <anon>:2:25
blam!   |
blam! 2 | f64 > f32 > u64 > u32 > u16 > u8
blam!   |                         ^^^ not a value
blam! 
blam! error[E0423]: expected value, found builtin type `u8`
blam!  --> <anon>:2:31
blam!   |
blam! 2 | f64 > f32 > u64 > u32 > u16 > u8
blam!   |                               ^^ not a value
blam! 
blam! error[E0308]: mismatched types
blam!  --> <anon>:2:1
blam!   |
blam! 2 | f64 > f32 > u64 > u32 > u16 > u8
blam!   | ^^^^^^^^^^^^^^^^^^^^^^^^^^^^^^^^ expected (), found bool
blam!   |
blam!   = note: expected type `()`
blam!              found type `bool`
blam! 
blam! error: aborting due to previous error(s)
blam! 
blam! thread 'rustc' panicked at 'Box<Any>', /checkout/src/librustc/session/mod.rs:203
blam! 
blam! ---- src/lib.rs -  (line 34) stdout ----
blam! 	error[E0405]: cannot find trait `UpCastAs` in this scope
blam!  --> <anon>:2:15
blam!   |
blam! 2 | fn example<T: UpCastAs<u32>>() {
blam!   |               ^^^^^^^^ not found in this scope
blam! 
blam! error[E0433]: failed to resolve. Use of undeclared type or module `UpCastAs`
blam!  --> <anon>:3:16
blam!   |
blam! 3 |     let _: T = UpCastAs::from(10u8);
blam!   |                ^^^^^^^^^^^^^^ Use of undeclared type or module `UpCastAs`
blam! 
blam! error[E0433]: failed to resolve. Use of undeclared type or module `UpCastAs`
blam!  --> <anon>:4:16
blam!   |
blam! 4 |     let _: T = UpCastAs::from(10u16);
blam!   |                ^^^^^^^^^^^^^^ Use of undeclared type or module `UpCastAs`
blam! 
blam! error: cannot continue compilation due to previous error
blam! 
blam! thread 'rustc' panicked at 'Box<Any>', /checkout/src/librustc/session/mod.rs:203
blam! thread 'rustc' panicked at 'couldn't compile the test', /checkout/src/librustdoc/test.rs:270
blam! 
blam! 
blam! failures:
blam!     src/lib.rs -  (line 19)
blam!     src/lib.rs -  (line 34)
blam!     src/lib.rs -  (line 4)
blam!     src/lib.rs -  (line 46)
blam! 
blam! test result: FAILED. 0 passed; 4 failed; 0 ignored; 0 measured
blam! 
kablam! error: test failed
boom! running `docker rm -f ae1eced67fffaa6ae5119433eee0b5daee0a89abc9f0487fc4071a53b64c2ee8`
blam! ae1eced67fffaa6ae5119433eee0b5daee0a89abc9f0487fc4071a53b64c2ee8
