boom! testing postgres_array-0.7.1 against stable for nightly
boom! running: cargo +stable build --frozen
boom! creating container for: cargo +stable build --frozen
boom! running `docker create -v /home/ec2-user/cargobomb/./work/local/test-source/nightly/stable:/source:ro -v /home/ec2-user/cargobomb/./work/local/cargo-home:/cargo-home:ro -v /home/ec2-user/cargobomb/./work/local/rustup-home:/rustup-home:ro -v /home/ec2-user/cargobomb/./work/local/target-dirs/nightly/stable:/target:rw -e USER_ID=500 -e CMD=cargo +stable build --frozen cargobomb`
blam! dad22b84039eb55c6282abd52ab5a96b9a909e10ff432e7d1bb79d073479c756
boom! running `docker start -a dad22b84039eb55c6282abd52ab5a96b9a909e10ff432e7d1bb79d073479c756`
kablam!    Compiling postgres-protocol v0.1.1
kablam!    Compiling postgres_array v0.7.1 (file:///source)
kablam!     Finished debug [unoptimized + debuginfo] target(s) in 2.22 secs
boom! running `docker rm -f dad22b84039eb55c6282abd52ab5a96b9a909e10ff432e7d1bb79d073479c756`
blam! dad22b84039eb55c6282abd52ab5a96b9a909e10ff432e7d1bb79d073479c756
boom! running: cargo +stable test --frozen --no-run
boom! creating container for: cargo +stable test --frozen --no-run
boom! running `docker create -v /home/ec2-user/cargobomb/./work/local/test-source/nightly/stable:/source:ro -v /home/ec2-user/cargobomb/./work/local/cargo-home:/cargo-home:ro -v /home/ec2-user/cargobomb/./work/local/rustup-home:/rustup-home:ro -v /home/ec2-user/cargobomb/./work/local/target-dirs/nightly/stable:/target:rw -e USER_ID=500 -e CMD=cargo +stable test --frozen --no-run cargobomb`
blam! 1a245182b5dfef328af8c7c60f7d42140777bd8f32508b36e419c524c7e6d152
boom! running `docker start -a 1a245182b5dfef328af8c7c60f7d42140777bd8f32508b36e419c524c7e6d152`
kablam!    Compiling postgres_array v0.7.1 (file:///source)
kablam!     Finished debug [unoptimized + debuginfo] target(s) in 5.62 secs
boom! running `docker rm -f 1a245182b5dfef328af8c7c60f7d42140777bd8f32508b36e419c524c7e6d152`
blam! 1a245182b5dfef328af8c7c60f7d42140777bd8f32508b36e419c524c7e6d152
boom! running: cargo +stable test --frozen
boom! creating container for: cargo +stable test --frozen
boom! running `docker create -v /home/ec2-user/cargobomb/./work/local/test-source/nightly/stable:/source:ro -v /home/ec2-user/cargobomb/./work/local/cargo-home:/cargo-home:ro -v /home/ec2-user/cargobomb/./work/local/rustup-home:/rustup-home:ro -v /home/ec2-user/cargobomb/./work/local/target-dirs/nightly/stable:/target:rw -e USER_ID=500 -e CMD=cargo +stable test --frozen cargobomb`
blam! c841931f07006c6d15553d18033132310a19fd7652c7c04687fce0871a28283c
boom! running `docker start -a c841931f07006c6d15553d18033132310a19fd7652c7c04687fce0871a28283c`
kablam!     Finished debug [unoptimized + debuginfo] target(s) in 0.0 secs
kablam!      Running /target/debug/deps/postgres_array-a8281469521204cf
blam! 
blam! running 23 tests
blam! test impls::test::test_charnarray_params ... FAILED
blam! test impls::test::test_boolarray_params ... FAILED
blam! test impls::test::test_chararray_params ... FAILED
blam! test impls::test::test_byteaarray_params ... FAILED
blam! test impls::test::test_float4array_params ... FAILED
blam! test impls::test::test_int2array_params ... FAILED
blam! test impls::test::test_float8array_params ... FAILED
blam! test impls::test::test_empty_array ... FAILED
blam! test impls::test::test_int4array_params ... FAILED
blam! test impls::test::test_int8array_params ... FAILED
blam! test impls::test::test_namearray_params ... FAILED
blam! test impls::test::test_textarray_params ... FAILED
blam! test tests::test_2d_slice_get ... ok
blam! test impls::test::test_varchararray_params ... FAILED
blam! test tests::test_3d ... ok
blam! test tests::test_display ... ok
blam! test tests::test_from_vec ... ok
kablam! error: test failed
blam! test tests::test_into_inner ... ok
blam! test tests::test_mut ... ok
blam! test tests::test_push_ok ... ok
blam! test tests::test_push_wrong_dim_count ... ok
blam! test tests::test_push_wrong_dims ... ok
blam! test tests::test_push_wrong_lower_bound ... ok
blam! 
blam! failures:
blam! 
blam! ---- impls::test::test_charnarray_params stdout ----
blam! 	thread 'impls::test::test_charnarray_params' panicked at 'called `Result::unwrap()` on an `Err` value: Io(Error { repr: Os { code: 111, message: "Connection refused" } })', ../src/libcore/result.rs:837
blam! 
blam! ---- impls::test::test_boolarray_params stdout ----
blam! 	thread 'impls::test::test_boolarray_params' panicked at 'called `Result::unwrap()` on an `Err` value: Io(Error { repr: Os { code: 111, message: "Connection refused" } })', ../src/libcore/result.rs:837
blam! 
blam! ---- impls::test::test_chararray_params stdout ----
blam! 	thread 'impls::test::test_chararray_params' panicked at 'called `Result::unwrap()` on an `Err` value: Io(Error { repr: Os { code: 111, message: "Connection refused" } })', ../src/libcore/result.rs:837
blam! 
blam! ---- impls::test::test_byteaarray_params stdout ----
blam! 	thread 'impls::test::test_byteaarray_params' panicked at 'called `Result::unwrap()` on an `Err` value: Io(Error { repr: Os { code: 111, message: "Connection refused" } })', ../src/libcore/result.rs:837
blam! note: Run with `RUST_BACKTRACE=1` for a backtrace.
blam! 
blam! ---- impls::test::test_float4array_params stdout ----
blam! 	thread 'impls::test::test_float4array_params' panicked at 'called `Result::unwrap()` on an `Err` value: Io(Error { repr: Os { code: 111, message: "Connection refused" } })', ../src/libcore/result.rs:837
blam! 
blam! ---- impls::test::test_int2array_params stdout ----
blam! 	thread 'impls::test::test_int2array_params' panicked at 'called `Result::unwrap()` on an `Err` value: Io(Error { repr: Os { code: 111, message: "Connection refused" } })', ../src/libcore/result.rs:837
blam! 
blam! ---- impls::test::test_float8array_params stdout ----
blam! 	thread 'impls::test::test_float8array_params' panicked at 'called `Result::unwrap()` on an `Err` value: Io(Error { repr: Os { code: 111, message: "Connection refused" } })', ../src/libcore/result.rs:837
blam! 
blam! ---- impls::test::test_empty_array stdout ----
blam! 	thread 'impls::test::test_empty_array' panicked at 'called `Result::unwrap()` on an `Err` value: Io(Error { repr: Os { code: 111, message: "Connection refused" } })', ../src/libcore/result.rs:837
blam! 
blam! ---- impls::test::test_int4array_params stdout ----
blam! 	thread 'impls::test::test_int4array_params' panicked at 'called `Result::unwrap()` on an `Err` value: Io(Error { repr: Os { code: 111, message: "Connection refused" } })', ../src/libcore/result.rs:837
blam! 
blam! ---- impls::test::test_int8array_params stdout ----
blam! 	thread 'impls::test::test_int8array_params' panicked at 'called `Result::unwrap()` on an `Err` value: Io(Error { repr: Os { code: 111, message: "Connection refused" } })', ../src/libcore/result.rs:837
blam! 
blam! ---- impls::test::test_namearray_params stdout ----
blam! 	thread 'impls::test::test_namearray_params' panicked at 'called `Result::unwrap()` on an `Err` value: Io(Error { repr: Os { code: 111, message: "Connection refused" } })', ../src/libcore/result.rs:837
blam! 
blam! ---- impls::test::test_textarray_params stdout ----
blam! 	thread 'impls::test::test_textarray_params' panicked at 'called `Result::unwrap()` on an `Err` value: Io(Error { repr: Os { code: 111, message: "Connection refused" } })', ../src/libcore/result.rs:837
blam! 
blam! ---- impls::test::test_varchararray_params stdout ----
blam! 	thread 'impls::test::test_varchararray_params' panicked at 'called `Result::unwrap()` on an `Err` value: Io(Error { repr: Os { code: 111, message: "Connection refused" } })', ../src/libcore/result.rs:837
blam! 
blam! 
blam! failures:
blam!     impls::test::test_boolarray_params
blam!     impls::test::test_byteaarray_params
blam!     impls::test::test_chararray_params
blam!     impls::test::test_charnarray_params
blam!     impls::test::test_empty_array
blam!     impls::test::test_float4array_params
blam!     impls::test::test_float8array_params
blam!     impls::test::test_int2array_params
blam!     impls::test::test_int4array_params
blam!     impls::test::test_int8array_params
blam!     impls::test::test_namearray_params
blam!     impls::test::test_textarray_params
blam!     impls::test::test_varchararray_params
blam! 
blam! test result: FAILED. 10 passed; 13 failed; 0 ignored; 0 measured
blam! 
boom! running `docker rm -f c841931f07006c6d15553d18033132310a19fd7652c7c04687fce0871a28283c`
blam! c841931f07006c6d15553d18033132310a19fd7652c7c04687fce0871a28283c
