boom! testing rain-0.3.1 against stable for beta
boom! running: cargo +stable build --frozen
boom! creating container for: cargo +stable build --frozen
boom! running `docker create -v /home/ec2-user/cargobomb/./work/local/test-source/beta/stable:/source:ro -v /home/ec2-user/cargobomb/./work/local/cargo-home:/cargo-home:ro -v /home/ec2-user/cargobomb/./work/local/rustup-home:/rustup-home:ro -v /home/ec2-user/cargobomb/./work/local/target-dirs/beta/stable:/target:rw -e USER_ID=500 -e CMD=cargo +stable build --frozen cargobomb`
blam! fcd5baa26dd5727b9361d6bf5f3840786c3f34f95e07f54965096913b1814d04
boom! running `docker start -a fcd5baa26dd5727b9361d6bf5f3840786c3f34f95e07f54965096913b1814d04`
kablam! warning: only one of `license` or `license-file` is necessary
kablam! warning: unused manifest key: badges.travis-ci.branch
kablam! warning: unused manifest key: badges.travis-ci.repository
kablam! warning: unused manifest key: package.categories
kablam!    Compiling rain v0.3.1 (file:///source)
kablam!     Finished debug [unoptimized + debuginfo] target(s) in 0.67 secs
boom! running `docker rm -f fcd5baa26dd5727b9361d6bf5f3840786c3f34f95e07f54965096913b1814d04`
blam! fcd5baa26dd5727b9361d6bf5f3840786c3f34f95e07f54965096913b1814d04
boom! running: cargo +stable test --frozen --no-run
boom! creating container for: cargo +stable test --frozen --no-run
boom! running `docker create -v /home/ec2-user/cargobomb/./work/local/test-source/beta/stable:/source:ro -v /home/ec2-user/cargobomb/./work/local/cargo-home:/cargo-home:ro -v /home/ec2-user/cargobomb/./work/local/rustup-home:/rustup-home:ro -v /home/ec2-user/cargobomb/./work/local/target-dirs/beta/stable:/target:rw -e USER_ID=500 -e CMD=cargo +stable test --frozen --no-run cargobomb`
blam! 639c27eba51f9d5dadd7942e114bdd35d1b6aaa40fd7662bbf03668a5f06f01a
boom! running `docker start -a 639c27eba51f9d5dadd7942e114bdd35d1b6aaa40fd7662bbf03668a5f06f01a`
kablam! warning: only one of `license` or `license-file` is necessary
kablam! warning: unused manifest key: badges.travis-ci.branch
kablam! warning: unused manifest key: badges.travis-ci.repository
kablam! warning: unused manifest key: package.categories
kablam!    Compiling rain v0.3.1 (file:///source)
kablam!     Finished debug [unoptimized + debuginfo] target(s) in 4.3 secs
boom! running `docker rm -f 639c27eba51f9d5dadd7942e114bdd35d1b6aaa40fd7662bbf03668a5f06f01a`
blam! 639c27eba51f9d5dadd7942e114bdd35d1b6aaa40fd7662bbf03668a5f06f01a
boom! running: cargo +stable test --frozen
boom! creating container for: cargo +stable test --frozen
boom! running `docker create -v /home/ec2-user/cargobomb/./work/local/test-source/beta/stable:/source:ro -v /home/ec2-user/cargobomb/./work/local/cargo-home:/cargo-home:ro -v /home/ec2-user/cargobomb/./work/local/rustup-home:/rustup-home:ro -v /home/ec2-user/cargobomb/./work/local/target-dirs/beta/stable:/target:rw -e USER_ID=500 -e CMD=cargo +stable test --frozen cargobomb`
blam! 06560e3eb85db946985461a0897ad77708cbbb280cb75a1d6aa003e57feccd36
boom! running `docker start -a 06560e3eb85db946985461a0897ad77708cbbb280cb75a1d6aa003e57feccd36`
kablam! warning: only one of `license` or `license-file` is necessary
kablam! warning: unused manifest key: badges.travis-ci.branch
kablam! warning: unused manifest key: badges.travis-ci.repository
kablam! warning: unused manifest key: package.categories
kablam!     Finished debug [unoptimized + debuginfo] target(s) in 0.0 secs
blam! 
blam! running 1 test
blam! test success_convert_from_io_error ... ok
blam! 
blam! test result: ok. 1 passed; 0 failed; 0 ignored; 0 measured
blam! 
blam! 
blam! running 8 tests
blam! test add_remove_success_4 ... FAILED
blam! test add_remove_success_3 ... FAILED
blam! test add_remove_success_1 ... FAILED
blam! test add_remove_success_signed_integer ... FAILED
blam! test print_if_new_data_success ... FAILED
blam! test print_long_prefix_success ... FAILED
blam! test add_remove_success_2 ... FAILED
blam! test random_add_remove_success ... FAILED
blam! 
blam! failures:
blam! 
blam! ---- add_remove_success_4 stdout ----
blam! 	thread 'add_remove_success_4' panicked at 'assertion failed: graph.print().is_ok()', tests/lib.rs:71
blam! 
blam! ---- add_remove_success_3 stdout ----
blam! 	thread 'add_remove_success_3' panicked at 'assertion failed: graph.print().is_ok()', tests/lib.rs:57
blam! note: Run with `RUST_BACKTRACE=1` for a backtrace.
blam! 
blam! ---- add_remove_success_1 stdout ----
blam! 	thread 'add_remove_success_1' panicked at 'assertion failed: graph.print().is_ok()', tests/lib.rs:16
blam! 
blam! ---- add_remove_success_signed_integer stdout ----
blam! 	thread 'add_remove_success_signed_integer' panicked at 'assertion failed: graph.print().is_ok()', tests/lib.rs:145
blam! 
blam! ---- print_if_new_data_success stdout ----
blam! 	thread 'print_if_new_data_success' panicked at 'called `Result::unwrap()` on an `Err` value: Code: Other, Description: Unable to get the terminal size.', /buildslave/rust-buildbot/slave/stable-dist-rustc-linux/build/src/libcore/result.rs:837
blam! 
blam! ---- print_long_prefix_success stdout ----
blam! 	thread 'print_long_prefix_success' panicked at 'assertion failed: graph.print().is_ok()', tests/lib.rs:90
blam! 
blam! ---- add_remove_success_2 stdout ----
blam! 	Logging failed: Could not create terminal.
blam! thread 'add_remove_success_2' panicked at 'assertion failed: graph.print().is_ok()', tests/lib.rs:47
blam! 
blam! ---- random_add_remove_success stdout ----
blam! 	thread 'random_add_remove_success' panicked at 'assertion failed: graph.print_if_new_data().is_ok()', tests/lib.rs:133
blam! 
blam! 
blam! failures:
blam!     add_remove_success_1
blam!     add_remove_success_2
kablam!      Running /target/debug/deps/error-55cf70447abb99ef
kablam!      Running /target/debug/deps/lib-77b0f8f6223b6b5d
blam!     add_remove_success_3
blam!     add_remove_success_4
blam!     add_remove_success_signed_integer
kablam! error: test failed
blam!     print_if_new_data_success
blam!     print_long_prefix_success
blam!     random_add_remove_success
blam! 
blam! test result: FAILED. 0 passed; 8 failed; 0 ignored; 0 measured
blam! 
boom! running `docker rm -f 06560e3eb85db946985461a0897ad77708cbbb280cb75a1d6aa003e57feccd36`
blam! 06560e3eb85db946985461a0897ad77708cbbb280cb75a1d6aa003e57feccd36
