boom! testing pure_vorbis-0.0.1 against beta for beta
boom! running: cargo +beta build --frozen
boom! creating container for: cargo +beta build --frozen
boom! running `docker create -v /home/ec2-user/cargobomb/./work/local/test-source/beta/beta:/source:ro -v /home/ec2-user/cargobomb/./work/local/cargo-home:/cargo-home:ro -v /home/ec2-user/cargobomb/./work/local/rustup-home:/rustup-home:ro -v /home/ec2-user/cargobomb/./work/local/target-dirs/beta/beta:/target:rw -e USER_ID=500 -e CMD=cargo +beta build --frozen cargobomb`
blam! 252c6071da2f96182f0b4c02fe9a470dde4f1f71815772431f29ff7fb02f5137
boom! running `docker start -a 252c6071da2f96182f0b4c02fe9a470dde4f1f71815772431f29ff7fb02f5137`
kablam!    Compiling pure_vorbis v0.0.1 (file:///source)
kablam!     Finished dev [unoptimized + debuginfo] target(s) in 5.93 secs
boom! running `docker rm -f 252c6071da2f96182f0b4c02fe9a470dde4f1f71815772431f29ff7fb02f5137`
blam! 252c6071da2f96182f0b4c02fe9a470dde4f1f71815772431f29ff7fb02f5137
boom! running: cargo +beta test --frozen --no-run
boom! creating container for: cargo +beta test --frozen --no-run
boom! running `docker create -v /home/ec2-user/cargobomb/./work/local/test-source/beta/beta:/source:ro -v /home/ec2-user/cargobomb/./work/local/cargo-home:/cargo-home:ro -v /home/ec2-user/cargobomb/./work/local/rustup-home:/rustup-home:ro -v /home/ec2-user/cargobomb/./work/local/target-dirs/beta/beta:/target:rw -e USER_ID=500 -e CMD=cargo +beta test --frozen --no-run cargobomb`
blam! 91dc418a06d77f01df50018d29c027235aa0b415baf8ba6a3a8484d52ca4a534
boom! running `docker start -a 91dc418a06d77f01df50018d29c027235aa0b415baf8ba6a3a8484d52ca4a534`
kablam!    Compiling ao v0.6.1
kablam!    Compiling ogg_vorbis_ref v0.0.1
kablam! error[E0518]: attribute should be applied to function
kablam!    --> /cargo-home/registry/src/github.com-1ecc6299db9ec823/ao-0.6.1/src/lib.rs:143:9
kablam!     |
kablam! 143 |         #[inline]
kablam!     |         ^^^^^^^^^ requires a function
kablam! ...
kablam! 155 | sample_impl!(i8);
kablam!     | ----------------- in this macro invocation
kablam! 
kablam! error[E0518]: attribute should be applied to function
kablam!    --> /cargo-home/registry/src/github.com-1ecc6299db9ec823/ao-0.6.1/src/lib.rs:143:9
kablam!     |
kablam! 143 |         #[inline]
kablam!     |         ^^^^^^^^^ requires a function
kablam! ...
kablam! 156 | sample_impl!(i16);
kablam!     | ------------------ in this macro invocation
kablam! 
kablam! error[E0518]: attribute should be applied to function
kablam!    --> /cargo-home/registry/src/github.com-1ecc6299db9ec823/ao-0.6.1/src/lib.rs:143:9
kablam!     |
kablam! 143 |         #[inline]
kablam!     |         ^^^^^^^^^ requires a function
kablam! ...
kablam! 157 | sample_impl!(i32);
kablam!     | ------------------ in this macro invocation
kablam! 
kablam! error[E0518]: attribute should be applied to function
kablam!    --> /cargo-home/registry/src/github.com-1ecc6299db9ec823/ao-0.6.1/src/lib.rs:149:9
kablam!     |
kablam! 149 |         #[inline]
kablam!     |         ^^^^^^^^^ requires a function
kablam! ...
kablam! 158 | sample_impl!(channels 2);
kablam!     | ------------------------- in this macro invocation
kablam! 
kablam! error: aborting due to 4 previous errors
kablam! 
blam! Build failed, waiting for other jobs to finish...
kablam! error: Could not compile `ao`.
kablam! error: build failed
boom! running `docker rm -f 91dc418a06d77f01df50018d29c027235aa0b415baf8ba6a3a8484d52ca4a534`
blam! 91dc418a06d77f01df50018d29c027235aa0b415baf8ba6a3a8484d52ca4a534
boom! running: cargo +beta test --frozen
boom! creating container for: cargo +beta test --frozen
boom! running `docker create -v /home/ec2-user/cargobomb/./work/local/test-source/beta/beta:/source:ro -v /home/ec2-user/cargobomb/./work/local/cargo-home:/cargo-home:ro -v /home/ec2-user/cargobomb/./work/local/rustup-home:/rustup-home:ro -v /home/ec2-user/cargobomb/./work/local/target-dirs/beta/beta:/target:rw -e USER_ID=500 -e CMD=cargo +beta test --frozen cargobomb`
blam! 97c6d76ff39b1d4fd717be613cf6e02dbdfaf8e2b25e4d0ad80609b583386c2e
boom! running `docker start -a 97c6d76ff39b1d4fd717be613cf6e02dbdfaf8e2b25e4d0ad80609b583386c2e`
kablam!    Compiling ao v0.6.1
kablam! error[E0518]: attribute should be applied to function
kablam!    --> /cargo-home/registry/src/github.com-1ecc6299db9ec823/ao-0.6.1/src/lib.rs:143:9
kablam!     |
kablam! 143 |         #[inline]
kablam!     |         ^^^^^^^^^ requires a function
kablam! ...
kablam! 155 | sample_impl!(i8);
kablam!     | ----------------- in this macro invocation
kablam! 
kablam! error[E0518]: attribute should be applied to function
kablam!    --> /cargo-home/registry/src/github.com-1ecc6299db9ec823/ao-0.6.1/src/lib.rs:143:9
kablam!     |
kablam! 143 |         #[inline]
kablam!     |         ^^^^^^^^^ requires a function
kablam! ...
kablam! 156 | sample_impl!(i16);
kablam!     | ------------------ in this macro invocation
kablam! 
kablam! error[E0518]: attribute should be applied to function
kablam!    --> /cargo-home/registry/src/github.com-1ecc6299db9ec823/ao-0.6.1/src/lib.rs:143:9
kablam!     |
kablam! 143 |         #[inline]
kablam!     |         ^^^^^^^^^ requires a function
kablam! ...
kablam! 157 | sample_impl!(i32);
kablam!     | ------------------ in this macro invocation
kablam! 
kablam! error[E0518]: attribute should be applied to function
kablam!    --> /cargo-home/registry/src/github.com-1ecc6299db9ec823/ao-0.6.1/src/lib.rs:149:9
kablam!     |
kablam! 149 |         #[inline]
kablam!     |         ^^^^^^^^^ requires a function
kablam! ...
kablam! 158 | sample_impl!(channels 2);
kablam!     | ------------------------- in this macro invocation
kablam! 
kablam! error: aborting due to 4 previous errors
kablam! 
kablam! error: Could not compile `ao`.
kablam! 
kablam! To learn more, run the command again with --verbose.
boom! running `docker rm -f 97c6d76ff39b1d4fd717be613cf6e02dbdfaf8e2b25e4d0ad80609b583386c2e`
blam! 97c6d76ff39b1d4fd717be613cf6e02dbdfaf8e2b25e4d0ad80609b583386c2e
