boom! testing https://github.com/chef/delivery-cli#0b746cafed65a9ea1a79de3cc546e7922de9187c against stable for beta
boom! running: cargo +stable build --frozen
boom! creating container for: cargo +stable build --frozen
boom! running `docker create -v /home/ec2-user/cargobomb/./work/local/test-source/beta/stable:/source:ro -v /home/ec2-user/cargobomb/./work/local/cargo-home:/cargo-home:ro -v /home/ec2-user/cargobomb/./work/local/rustup-home:/rustup-home:ro -v /home/ec2-user/cargobomb/./work/local/target-dirs/beta/stable:/target:rw -e USER_ID=500 -e CMD=cargo +stable build --frozen cargobomb`
blam! 6ed8e05373f59a340e4ba2d7282fc9342cb9f47df35cc499058b153428645e66
boom! running `docker start -a 6ed8e05373f59a340e4ba2d7282fc9342cb9f47df35cc499058b153428645e66`
kablam!    Compiling language-tags v0.2.2
kablam!    Compiling ansi_term v0.9.0
kablam!    Compiling rustc-serialize v0.3.19
kablam!    Compiling regex-syntax v0.3.5
kablam!    Compiling uuid v0.3.1
kablam!    Compiling matches v0.1.2
kablam!    Compiling mime v0.2.2
kablam!    Compiling winapi-build v0.1.1
kablam!    Compiling bitflags v0.7.0
kablam!    Compiling traitobject v0.0.1
kablam!    Compiling typeable v0.1.2
kablam!    Compiling unicode-segmentation v0.1.2
kablam!    Compiling httparse v1.1.2
kablam!    Compiling vec_map v0.6.0
kablam!    Compiling kernel32-sys v0.2.2
kablam!    Compiling unicode-width v0.1.3
kablam!    Compiling unicode-normalization v0.1.2
kablam!    Compiling pkg-config v0.3.8
kablam!    Compiling libc v0.2.16
kablam!    Compiling openssl-sys v0.7.17
kablam!    Compiling unicode-bidi v0.2.3
kablam!    Compiling termios v0.2.2
kablam!    Compiling memchr v0.1.11
kablam!    Compiling term_size v0.2.1
kablam!    Compiling num_cpus v0.2.13
kablam!    Compiling rpassword v0.3.0
kablam!    Compiling rand v0.3.14
kablam!    Compiling idna v0.1.0
kablam!    Compiling gcc v0.3.35
kablam!    Compiling hpack v0.2.0
kablam!    Compiling openssl-sys-extras v0.7.14
kablam!    Compiling rust-crypto v0.2.36
kablam!    Compiling openssl v0.7.14
kablam!    Compiling url v1.2.1
blam! Build failed, waiting for other jobs to finish...
kablam! error: failed to run custom build command for `openssl-sys-extras v0.7.14`
kablam! process didn't exit successfully: `/target/debug/build/openssl-sys-extras-6ea8835fc49a767c/build-script-build` (exit code: 101)
kablam! --- stdout
kablam! TARGET = Some("x86_64-unknown-linux-gnu")
kablam! OPT_LEVEL = Some("0")
kablam! PROFILE = Some("debug")
kablam! TARGET = Some("x86_64-unknown-linux-gnu")
kablam! debug=true opt-level=0
kablam! HOST = Some("x86_64-unknown-linux-gnu")
kablam! TARGET = Some("x86_64-unknown-linux-gnu")
kablam! TARGET = Some("x86_64-unknown-linux-gnu")
kablam! HOST = Some("x86_64-unknown-linux-gnu")
kablam! CC_x86_64-unknown-linux-gnu = None
kablam! CC_x86_64_unknown_linux_gnu = None
kablam! HOST_CC = None
kablam! CC = None
kablam! HOST = Some("x86_64-unknown-linux-gnu")
kablam! TARGET = Some("x86_64-unknown-linux-gnu")
kablam! HOST = Some("x86_64-unknown-linux-gnu")
kablam! CFLAGS_x86_64-unknown-linux-gnu = None
kablam! CFLAGS_x86_64_unknown_linux_gnu = None
kablam! HOST_CFLAGS = None
kablam! CFLAGS = None
kablam! running: "cc" "-O0" "-ffunction-sections" "-fdata-sections" "-g" "-m64" "-fPIC" "-o" "/target/debug/build/openssl-sys-extras-45159e42f4e1f90d/out/src/openssl_shim.o" "-c" "src/openssl_shim.c"
kablam! cargo:warning=src/openssl_shim.c:1:26: fatal error: openssl/hmac.h: No such file or directory
kablam! cargo:warning=compilation terminated.
kablam! ExitStatus(ExitStatus(256))
kablam! 
kablam! 
kablam! command did not execute successfully, got: exit code: 1
kablam! 
kablam! 
kablam! 
kablam! --- stderr
kablam! thread 'main' panicked at 'explicit panic', /cargo-home/registry/src/github.com-1ecc6299db9ec823/gcc-0.3.35/src/lib.rs:897
kablam! note: Run with `RUST_BACKTRACE=1` for a backtrace.
kablam! 
boom! running `docker rm -f 6ed8e05373f59a340e4ba2d7282fc9342cb9f47df35cc499058b153428645e66`
blam! 6ed8e05373f59a340e4ba2d7282fc9342cb9f47df35cc499058b153428645e66
