boom! testing polyline-ffi-0.1.8 against stable for beta
boom! running: cargo +stable build --frozen
boom! creating container for: cargo +stable build --frozen
boom! running `docker create -v /home/ec2-user/cargobomb/./work/local/test-source/beta/stable:/source:ro -v /home/ec2-user/cargobomb/./work/local/cargo-home:/cargo-home:ro -v /home/ec2-user/cargobomb/./work/local/rustup-home:/rustup-home:ro -v /home/ec2-user/cargobomb/./work/local/target-dirs/beta/stable:/target:rw -e USER_ID=500 -e CMD=cargo +stable build --frozen cargobomb`
blam! 7032e5780f705c12b0543803d1b59256f38f836765231d6a2d212dc875342c33
boom! running `docker start -a 7032e5780f705c12b0543803d1b59256f38f836765231d6a2d212dc875342c33`
kablam!    Compiling polyline v0.4.0
kablam!    Compiling polyline-ffi v0.1.8 (file:///source)
kablam!     Finished debug [unoptimized + debuginfo] target(s) in 1.21 secs
boom! running `docker rm -f 7032e5780f705c12b0543803d1b59256f38f836765231d6a2d212dc875342c33`
blam! 7032e5780f705c12b0543803d1b59256f38f836765231d6a2d212dc875342c33
boom! running: cargo +stable test --frozen --no-run
boom! creating container for: cargo +stable test --frozen --no-run
boom! running `docker create -v /home/ec2-user/cargobomb/./work/local/test-source/beta/stable:/source:ro -v /home/ec2-user/cargobomb/./work/local/cargo-home:/cargo-home:ro -v /home/ec2-user/cargobomb/./work/local/rustup-home:/rustup-home:ro -v /home/ec2-user/cargobomb/./work/local/target-dirs/beta/stable:/target:rw -e USER_ID=500 -e CMD=cargo +stable test --frozen --no-run cargobomb`
blam! c9ee19e7d82e595152f83e093414484d52f0067cc5624f7e6e2fd85dee87260e
boom! running `docker start -a c9ee19e7d82e595152f83e093414484d52f0067cc5624f7e6e2fd85dee87260e`
kablam!    Compiling polyline-ffi v0.1.8 (file:///source)
kablam!     Finished debug [unoptimized + debuginfo] target(s) in 0.87 secs
boom! running `docker rm -f c9ee19e7d82e595152f83e093414484d52f0067cc5624f7e6e2fd85dee87260e`
blam! c9ee19e7d82e595152f83e093414484d52f0067cc5624f7e6e2fd85dee87260e
boom! running: cargo +stable test --frozen
boom! creating container for: cargo +stable test --frozen
boom! running `docker create -v /home/ec2-user/cargobomb/./work/local/test-source/beta/stable:/source:ro -v /home/ec2-user/cargobomb/./work/local/cargo-home:/cargo-home:ro -v /home/ec2-user/cargobomb/./work/local/rustup-home:/rustup-home:ro -v /home/ec2-user/cargobomb/./work/local/target-dirs/beta/stable:/target:rw -e USER_ID=500 -e CMD=cargo +stable test --frozen cargobomb`
blam! 37b104138d8c13629594bbdc9cb25146478ed817470bce243e5489747fbe1577
boom! running `docker start -a 37b104138d8c13629594bbdc9cb25146478ed817470bce243e5489747fbe1577`
kablam!     Finished debug [unoptimized + debuginfo] target(s) in 0.0 secs
kablam!      Running /target/debug/deps/polyline_ffi-88dfe49e96b85116
blam! 
blam! running 7 tests
blam! test tests::test_array_conversion ... ok
blam! test tests::test_coordinate_conversion ... ok
blam! test tests::test_bad_string_conversion ... ok
blam! test tests::test_drop_empty_float_array ... ok
blam! test tests::test_ffi_coordinate_encoding ... ok
blam! test tests::test_ffi_polyline_decoding ... FAILED
blam! test tests::test_string_conversion ... ok
blam! 
blam! failures:
blam! 
blam! ---- tests::test_ffi_polyline_decoding stdout ----
blam! 	thread 'tests::test_ffi_polyline_decoding' panicked at 'assertion failed: `(left == right)` (left: `[]`, right: `[[1, 2], [3, 4]]`)', src/lib.rs:197
blam! 
blam! 
blam! failures:
blam!     tests::test_ffi_polyline_decoding
blam! 
blam! test result: FAILED. 6 passed; 1 failed; 0 ignored; 0 measured
blam! 
kablam! error: test failed
boom! running `docker rm -f 37b104138d8c13629594bbdc9cb25146478ed817470bce243e5489747fbe1577`
blam! 37b104138d8c13629594bbdc9cb25146478ed817470bce243e5489747fbe1577
