boom! testing buf_redux-0.6.1 against beta for beta
boom! running: cargo +beta build --frozen
boom! creating container for: cargo +beta build --frozen
boom! running `docker create -v /home/ec2-user/cargobomb/./work/local/test-source/beta/beta:/source:ro -v /home/ec2-user/cargobomb/./work/local/cargo-home:/cargo-home:ro -v /home/ec2-user/cargobomb/./work/local/rustup-home:/rustup-home:ro -v /home/ec2-user/cargobomb/./work/local/target-dirs/beta/beta:/target:rw -e USER_ID=500 -e CMD=cargo +beta build --frozen cargobomb`
blam! b7071ad7aa0d815a3490094fd7c75e4f2f144ebafcd2d84f0e2fc9b50dd9ce4a
boom! running `docker start -a b7071ad7aa0d815a3490094fd7c75e4f2f144ebafcd2d84f0e2fc9b50dd9ce4a`
kablam!    Compiling buf_redux v0.6.1 (file:///source)
kablam! warning: method is never used: `get`, #[warn(dead_code)] on by default
kablam!   --> src/raw.rs:37:9
kablam!    |
kablam! 37 |           pub fn get(&self) -> &[u8] {
kablam!    |  _________^ starting here...
kablam! 38 | |             &self.buf
kablam! 39 | |         }
kablam!    | |_________^ ...ending here
kablam! 
kablam!     Finished dev [unoptimized + debuginfo] target(s) in 0.70 secs
boom! running `docker rm -f b7071ad7aa0d815a3490094fd7c75e4f2f144ebafcd2d84f0e2fc9b50dd9ce4a`
blam! b7071ad7aa0d815a3490094fd7c75e4f2f144ebafcd2d84f0e2fc9b50dd9ce4a
boom! running: cargo +beta test --frozen --no-run
boom! creating container for: cargo +beta test --frozen --no-run
boom! running `docker create -v /home/ec2-user/cargobomb/./work/local/test-source/beta/beta:/source:ro -v /home/ec2-user/cargobomb/./work/local/cargo-home:/cargo-home:ro -v /home/ec2-user/cargobomb/./work/local/rustup-home:/rustup-home:ro -v /home/ec2-user/cargobomb/./work/local/target-dirs/beta/beta:/target:rw -e USER_ID=500 -e CMD=cargo +beta test --frozen --no-run cargobomb`
blam! 21c0769c099e85720b37e3e92fb80d178795050a9c11424a8e77b2ea22b16a45
boom! running `docker start -a 21c0769c099e85720b37e3e92fb80d178795050a9c11424a8e77b2ea22b16a45`
kablam!    Compiling buf_redux v0.6.1 (file:///source)
kablam! error[E0554]: #[feature] may not be used on the beta release channel
kablam!   --> src/lib.rs:63:19
kablam!    |
kablam! 63 | #![cfg_attr(test, feature(test))]
kablam!    |                   ^^^^^^^^^^^^^
kablam! 
kablam! error: aborting due to previous error
kablam! 
kablam! error: Could not compile `buf_redux`.
kablam! 
kablam! To learn more, run the command again with --verbose.
boom! running `docker rm -f 21c0769c099e85720b37e3e92fb80d178795050a9c11424a8e77b2ea22b16a45`
blam! 21c0769c099e85720b37e3e92fb80d178795050a9c11424a8e77b2ea22b16a45
boom! running: cargo +beta test --frozen
boom! creating container for: cargo +beta test --frozen
boom! running `docker create -v /home/ec2-user/cargobomb/./work/local/test-source/beta/beta:/source:ro -v /home/ec2-user/cargobomb/./work/local/cargo-home:/cargo-home:ro -v /home/ec2-user/cargobomb/./work/local/rustup-home:/rustup-home:ro -v /home/ec2-user/cargobomb/./work/local/target-dirs/beta/beta:/target:rw -e USER_ID=500 -e CMD=cargo +beta test --frozen cargobomb`
blam! 2035bf20035bd6064def0d1a74e09608451ae915a147a720028a88429ae28b34
boom! running `docker start -a 2035bf20035bd6064def0d1a74e09608451ae915a147a720028a88429ae28b34`
kablam!    Compiling buf_redux v0.6.1 (file:///source)
kablam! error[E0554]: #[feature] may not be used on the beta release channel
kablam!   --> src/lib.rs:63:19
kablam!    |
kablam! 63 | #![cfg_attr(test, feature(test))]
kablam!    |                   ^^^^^^^^^^^^^
kablam! 
kablam! error: aborting due to previous error
kablam! 
kablam! error: Could not compile `buf_redux`.
kablam! 
kablam! To learn more, run the command again with --verbose.
boom! running `docker rm -f 2035bf20035bd6064def0d1a74e09608451ae915a147a720028a88429ae28b34`
blam! 2035bf20035bd6064def0d1a74e09608451ae915a147a720028a88429ae28b34
