boom! testing du-0.1.1 against stable for nightly
boom! running: cargo +stable build --frozen
boom! creating container for: cargo +stable build --frozen
boom! running `docker create -v /home/ec2-user/cargobomb/./work/local/test-source/nightly/stable:/source:ro -v /home/ec2-user/cargobomb/./work/local/cargo-home:/cargo-home:ro -v /home/ec2-user/cargobomb/./work/local/rustup-home:/rustup-home:ro -v /home/ec2-user/cargobomb/./work/local/target-dirs/nightly/stable:/target:rw -e USER_ID=500 -e CMD=cargo +stable build --frozen cargobomb`
blam! 74d121a4c77efa1acb061cee7ae71d1f255394c420ebfc44b62634d1956cb71f
boom! running `docker start -a 74d121a4c77efa1acb061cee7ae71d1f255394c420ebfc44b62634d1956cb71f`
kablam!    Compiling du v0.1.1 (file:///source)
kablam!     Finished debug [unoptimized + debuginfo] target(s) in 1.47 secs
boom! running `docker rm -f 74d121a4c77efa1acb061cee7ae71d1f255394c420ebfc44b62634d1956cb71f`
blam! 74d121a4c77efa1acb061cee7ae71d1f255394c420ebfc44b62634d1956cb71f
boom! running: cargo +stable test --frozen --no-run
boom! creating container for: cargo +stable test --frozen --no-run
boom! running `docker create -v /home/ec2-user/cargobomb/./work/local/test-source/nightly/stable:/source:ro -v /home/ec2-user/cargobomb/./work/local/cargo-home:/cargo-home:ro -v /home/ec2-user/cargobomb/./work/local/rustup-home:/rustup-home:ro -v /home/ec2-user/cargobomb/./work/local/target-dirs/nightly/stable:/target:rw -e USER_ID=500 -e CMD=cargo +stable test --frozen --no-run cargobomb`
blam! f137aabd44e5cf794435fa433b43de38fdfd8c273445b97d41156a1c1ff20f3e
boom! running `docker start -a f137aabd44e5cf794435fa433b43de38fdfd8c273445b97d41156a1c1ff20f3e`
kablam!    Compiling du v0.1.1 (file:///source)
kablam!     Finished debug [unoptimized + debuginfo] target(s) in 2.44 secs
boom! running `docker rm -f f137aabd44e5cf794435fa433b43de38fdfd8c273445b97d41156a1c1ff20f3e`
blam! f137aabd44e5cf794435fa433b43de38fdfd8c273445b97d41156a1c1ff20f3e
boom! running: cargo +stable test --frozen
boom! creating container for: cargo +stable test --frozen
boom! running `docker create -v /home/ec2-user/cargobomb/./work/local/test-source/nightly/stable:/source:ro -v /home/ec2-user/cargobomb/./work/local/cargo-home:/cargo-home:ro -v /home/ec2-user/cargobomb/./work/local/rustup-home:/rustup-home:ro -v /home/ec2-user/cargobomb/./work/local/target-dirs/nightly/stable:/target:rw -e USER_ID=500 -e CMD=cargo +stable test --frozen cargobomb`
blam! 4b03c575551ef23ee009d3c9610e255244e40ab745bdf534ad3834a5794e611e
boom! running `docker start -a 4b03c575551ef23ee009d3c9610e255244e40ab745bdf534ad3834a5794e611e`
kablam!     Finished debug [unoptimized + debuginfo] target(s) in 0.1 secs
kablam!      Running /target/debug/deps/du-99630f7382c63e43
blam! 
blam! running 0 tests
blam! 
blam! test result: ok. 0 passed; 0 failed; 0 ignored; 0 measured
blam! 
kablam!      Running /target/debug/lib-dd7e1466921f4b24
blam! 
blam! running 3 tests
blam! test get_size_of_file_with_string_for_path ... ok
blam! test get_size_of_file ... ok
blam! test get_size_of_dir ... FAILED
blam! 
blam! failures:
blam! 
blam! ---- get_size_of_dir stdout ----
blam! 	thread 'get_size_of_dir' panicked at 'assertion failed: `(left == right)` (left: `6`, right: `40`)', tests/lib.rs:47
blam! note: Run with `RUST_BACKTRACE=1` for a backtrace.
blam! 
blam! 
blam! failures:
blam!     get_size_of_dir
blam! 
blam! test result: FAILED. 2 passed; 1 failed; 0 ignored; 0 measured
blam! 
kablam! error: test failed
boom! running `docker rm -f 4b03c575551ef23ee009d3c9610e255244e40ab745bdf534ad3834a5794e611e`
blam! 4b03c575551ef23ee009d3c9610e255244e40ab745bdf534ad3834a5794e611e
