boom! testing core-utils-0.1.2 against nightly for nightly
boom! running: cargo +nightly build --frozen
boom! creating container for: cargo +nightly build --frozen
boom! running `docker create -v /home/ec2-user/cargobomb/./work/local/test-source/nightly/nightly:/source:ro -v /home/ec2-user/cargobomb/./work/local/cargo-home:/cargo-home:ro -v /home/ec2-user/cargobomb/./work/local/rustup-home:/rustup-home:ro -v /home/ec2-user/cargobomb/./work/local/target-dirs/nightly/nightly:/target:rw -e USER_ID=500 -e CMD=cargo +nightly build --frozen cargobomb`
blam! 542bf1770912d73bca35ad29c8f7044427ac114b6fcc654751dfad7d93f8055c
boom! running `docker start -a 542bf1770912d73bca35ad29c8f7044427ac114b6fcc654751dfad7d93f8055c`
kablam!    Compiling rpf v0.1.6
kablam!    Compiling pgetopts v0.1.2
kablam!    Compiling core-utils v0.1.2 (file:///source)
kablam! error[E0432]: unresolved import `rpf::Status`
kablam!   --> src/rm/main.rs:15:11
kablam!    |
kablam! 15 | use rpf::{Status,Styled,PathMod,Prog};
kablam!    |           ^^^^^^ no `Status` in the root. Did you mean to use `status`?
kablam! 
kablam! error[E0432]: unresolved import `std::fs::PathExt`
kablam!   --> src/rm/main.rs:19:15
kablam!    |
kablam! 19 | use std::fs::{PathExt};
kablam!    |               ^^^^^^^ no `PathExt` in `fs`
kablam! 
kablam! error[E0432]: unresolved import `rpf::Status`
kablam!   --> src/mkdir/main.rs:14:11
kablam!    |
kablam! 14 | use rpf::{Status,Styled,Prog};
kablam!    |           ^^^^^^ no `Status` in the root. Did you mean to use `status`?
kablam! 
kablam! error[E0432]: unresolved import `rpf::Status`
kablam!   --> src/mv/main.rs:15:11
kablam!    |
kablam! 15 | use rpf::{Status,Styled,Prog,AsPath};
kablam!    |           ^^^^^^ no `Status` in the root. Did you mean to use `status`?
kablam! 
kablam! error[E0432]: unresolved import `std::fs::PathExt`
kablam!   --> src/mv/main.rs:19:15
kablam!    |
kablam! 19 | use std::fs::{PathExt};
kablam!    |               ^^^^^^^ no `PathExt` in `fs`
kablam! 
kablam! error[E0432]: unresolved import `rpf::Status`
kablam!   --> src/cat/main.rs:16:11
kablam!    |
kablam! 16 | use rpf::{Status,Styled,Prog};
kablam!    |           ^^^^^^ no `Status` in the root. Did you mean to use `status`?
kablam! 
kablam! error[E0308]error[E0308]: mismatched types
kablam!   --> src/mkdir/main.rs:85:24
kablam!    |
kablam! 85 |                        vec!["Alberto Corona"]);
kablam!    |                        ^^^^^^^^^^^^^^^^^^^^^^ expected &[&str], found struct `std::vec::Vec`
kablam!    |
kablam!    = note: expected type `&[&str]`
kablam!               found type `std::vec::Vec<&str>`
kablam!    = help: here are some functions which might fulfill your needs:
kablam!            - .as_slice()
kablam!    = note: this error originates in a macro outside of the current crate
kablam! 
kablam! : mismatched types
kablam!    --> src/rm/main.rs:110:24
kablam!     |
kablam! 110 |                        vec!["Alberto Corona"]);
kablam!     |                        ^^^^^^^^^^^^^^^^^^^^^^ expected &[&str], found struct `std::vec::Vec`
kablam!     |
kablam!     = note: expected type `&[&str]`
kablam!                found type `std::vec::Vec<&str>`
kablam!     = help: here are some functions which might fulfill your needs:
kablam!             - .as_slice()
kablam!     = note: this error originates in a macro outside of the current crate
kablam! 
kablam! error: aborting due to previous error
kablam! 
kablam! error[E0308]: mismatched types
kablam!   --> src/mv/main.rs:60:24
kablam!    |
kablam! 60 |                        vec!["Alberto Corona"]);
kablam!    |                        ^^^^^^^^^^^^^^^^^^^^^^ expected &[&str], found struct `std::vec::Vec`
kablam!    |
kablam!    = note: expected type `&[&str]`
kablam!               found type `std::vec::Vec<&str>`
kablam! error: aborting due to previous error
kablam! 
kablam!    = help: here are some functions which might fulfill your needs:
kablam!            - .as_slice()
kablam!    = note: this error originates in a macro outside of the current crate
kablam! 
kablam! error: Could not compile `core-utils`.
blam! Build failed, waiting for other jobs to finish...
kablam! error: Could not compile `core-utils`.
blam! Build failed, waiting for other jobs to finish...
kablam! error: aborting due to previous error
kablam! 
blam! Build failed, waiting for other jobs to finish...
kablam! error: Could not compile `core-utils`.
kablam! error[E0308]: mismatched types
kablam!   --> src/cat/main.rs:92:24
kablam!    |
kablam! 92 |                        vec!["Alberto Corona"]);
kablam!    |                        ^^^^^^^^^^^^^^^^^^^^^^ expected &[&str], found struct `std::vec::Vec`
kablam!    |
kablam!    = note: expected type `&[&str]`
kablam!               found type `std::vec::Vec<&str>`
kablam!    = help: here are some functions which might fulfill your needs:
kablam!            - .as_slice()
kablam!    = note: this error originates in a macro outside of the current crate
kablam! 
kablam! error: aborting due to previous error
kablam! 
kablam! error: build failed
boom! running `docker rm -f 542bf1770912d73bca35ad29c8f7044427ac114b6fcc654751dfad7d93f8055c`
blam! 542bf1770912d73bca35ad29c8f7044427ac114b6fcc654751dfad7d93f8055c
