boom! testing checksum-0.2.1 against stable for nightly
boom! running: cargo +stable build --frozen
boom! creating container for: cargo +stable build --frozen
boom! running `docker create -v /home/ec2-user/cargobomb/./work/local/test-source/nightly/stable:/source:ro -v /home/ec2-user/cargobomb/./work/local/cargo-home:/cargo-home:ro -v /home/ec2-user/cargobomb/./work/local/rustup-home:/rustup-home:ro -v /home/ec2-user/cargobomb/./work/local/target-dirs/nightly/stable:/target:rw -e USER_ID=500 -e CMD=cargo +stable build --frozen cargobomb`
blam! 0e6b8614641a4f0d8987c1d8dc685f37dd73fcb4154b3f17c88e0fd942743a19
boom! running `docker start -a 0e6b8614641a4f0d8987c1d8dc685f37dd73fcb4154b3f17c88e0fd942743a19`
kablam!    Compiling checksum v0.2.1 (file:///source)
kablam!     Finished debug [unoptimized + debuginfo] target(s) in 0.35 secs
boom! running `docker rm -f 0e6b8614641a4f0d8987c1d8dc685f37dd73fcb4154b3f17c88e0fd942743a19`
blam! 0e6b8614641a4f0d8987c1d8dc685f37dd73fcb4154b3f17c88e0fd942743a19
boom! running: cargo +stable test --frozen --no-run
boom! creating container for: cargo +stable test --frozen --no-run
boom! running `docker create -v /home/ec2-user/cargobomb/./work/local/test-source/nightly/stable:/source:ro -v /home/ec2-user/cargobomb/./work/local/cargo-home:/cargo-home:ro -v /home/ec2-user/cargobomb/./work/local/rustup-home:/rustup-home:ro -v /home/ec2-user/cargobomb/./work/local/target-dirs/nightly/stable:/target:rw -e USER_ID=500 -e CMD=cargo +stable test --frozen --no-run cargobomb`
blam! 8a8f5652433bbd4f8fa28e93c1b4f978a3dca0b59549a40b8ae8ef1a7013e032
boom! running `docker start -a 8a8f5652433bbd4f8fa28e93c1b4f978a3dca0b59549a40b8ae8ef1a7013e032`
kablam!    Compiling checksum v0.2.1 (file:///source)
kablam!     Finished debug [unoptimized + debuginfo] target(s) in 1.20 secs
boom! running `docker rm -f 8a8f5652433bbd4f8fa28e93c1b4f978a3dca0b59549a40b8ae8ef1a7013e032`
blam! 8a8f5652433bbd4f8fa28e93c1b4f978a3dca0b59549a40b8ae8ef1a7013e032
boom! running: cargo +stable test --frozen
boom! creating container for: cargo +stable test --frozen
boom! running `docker create -v /home/ec2-user/cargobomb/./work/local/test-source/nightly/stable:/source:ro -v /home/ec2-user/cargobomb/./work/local/cargo-home:/cargo-home:ro -v /home/ec2-user/cargobomb/./work/local/rustup-home:/rustup-home:ro -v /home/ec2-user/cargobomb/./work/local/target-dirs/nightly/stable:/target:rw -e USER_ID=500 -e CMD=cargo +stable test --frozen cargobomb`
blam! 79891b17e23a257db15876deb3e5737673d1c5bea0392f2664527ca417da3e63
boom! running `docker start -a 79891b17e23a257db15876deb3e5737673d1c5bea0392f2664527ca417da3e63`
kablam!     Finished debug [unoptimized + debuginfo] target(s) in 0.0 secs
kablam!      Running /target/debug/deps/checksum-62a937f2a9f21aea
blam! 
blam! running 3 tests
blam! test crc32::crc32_test ... ok
blam! test crc::crc_test ... FAILED
blam! test crc64::crc32_test ... ok
blam! 
kablam! error: test failed
blam! failures:
blam! 
blam! ---- crc::crc_test stdout ----
blam! 	thread 'crc::crc_test' panicked at 'called `Result::unwrap()` on an `Err` value: Error { repr: Os { code: 30, message: "Read-only file system" } }', /buildslave/rust-buildbot/slave/stable-dist-rustc-linux/build/src/libcore/result.rs:837
blam! note: Run with `RUST_BACKTRACE=1` for a backtrace.
blam! 
blam! 
blam! failures:
blam!     crc::crc_test
blam! 
blam! test result: FAILED. 2 passed; 1 failed; 0 ignored; 0 measured
blam! 
boom! running `docker rm -f 79891b17e23a257db15876deb3e5737673d1c5bea0392f2664527ca417da3e63`
blam! 79891b17e23a257db15876deb3e5737673d1c5bea0392f2664527ca417da3e63
