boom! testing racer-2.0.6 against stable for nightly
boom! running: cargo +stable build --frozen
boom! creating container for: cargo +stable build --frozen
boom! running `docker create -v /home/ec2-user/cargobomb/./work/local/test-source/nightly/stable:/source:ro -v /home/ec2-user/cargobomb/./work/local/cargo-home:/cargo-home:ro -v /home/ec2-user/cargobomb/./work/local/rustup-home:/rustup-home:ro -v /home/ec2-user/cargobomb/./work/local/target-dirs/nightly/stable:/target:rw -e USER_ID=500 -e CMD=cargo +stable build --frozen cargobomb`
blam! e66b550ad4d19a2a8ee1974fb5df16053bcc4317d0e14f460ad8debdcda1dd0d
boom! running `docker start -a e66b550ad4d19a2a8ee1974fb5df16053bcc4317d0e14f460ad8debdcda1dd0d`
kablam!    Compiling racer v2.0.6 (file:///source)
kablam!     Finished debug [unoptimized + debuginfo] target(s) in 20.33 secs
boom! running `docker rm -f e66b550ad4d19a2a8ee1974fb5df16053bcc4317d0e14f460ad8debdcda1dd0d`
blam! e66b550ad4d19a2a8ee1974fb5df16053bcc4317d0e14f460ad8debdcda1dd0d
boom! running: cargo +stable test --frozen --no-run
boom! creating container for: cargo +stable test --frozen --no-run
boom! running `docker create -v /home/ec2-user/cargobomb/./work/local/test-source/nightly/stable:/source:ro -v /home/ec2-user/cargobomb/./work/local/cargo-home:/cargo-home:ro -v /home/ec2-user/cargobomb/./work/local/rustup-home:/rustup-home:ro -v /home/ec2-user/cargobomb/./work/local/target-dirs/nightly/stable:/target:rw -e USER_ID=500 -e CMD=cargo +stable test --frozen --no-run cargobomb`
blam! e7403d857cf6ad394cec324128d8cc2935ca5ce9097d6f11d8dbc3e5052c520e
boom! running `docker start -a e7403d857cf6ad394cec324128d8cc2935ca5ce9097d6f11d8dbc3e5052c520e`
kablam!    Compiling racer v2.0.6 (file:///source)
kablam!     Finished debug [unoptimized + debuginfo] target(s) in 16.86 secs
boom! running `docker rm -f e7403d857cf6ad394cec324128d8cc2935ca5ce9097d6f11d8dbc3e5052c520e`
blam! e7403d857cf6ad394cec324128d8cc2935ca5ce9097d6f11d8dbc3e5052c520e
boom! running: cargo +stable test --frozen
boom! creating container for: cargo +stable test --frozen
boom! running `docker create -v /home/ec2-user/cargobomb/./work/local/test-source/nightly/stable:/source:ro -v /home/ec2-user/cargobomb/./work/local/cargo-home:/cargo-home:ro -v /home/ec2-user/cargobomb/./work/local/rustup-home:/rustup-home:ro -v /home/ec2-user/cargobomb/./work/local/target-dirs/nightly/stable:/target:rw -e USER_ID=500 -e CMD=cargo +stable test --frozen cargobomb`
blam! 24a66414f8561d7065c3d8cd2ace08477937fb30f6164f4fcd70ba32539f4360
boom! running `docker start -a 24a66414f8561d7065c3d8cd2ace08477937fb30f6164f4fcd70ba32539f4360`
kablam!     Finished debug [unoptimized + debuginfo] target(s) in 0.0 secs
kablam!      Running /target/debug/deps/racer-e20070b37ca35ecd
blam! 
blam! running 58 tests
blam! test cargo::empty_if_no_branch ... ok
blam! test ast::ast_sandbox ... ok
blam! test cargo::gets_branch_from_git_source_with_hash ... ok
blam! test cargo::gets_repository_name_from_source ... ok
blam! test codecleaner::tests::handles_nesting_of_block_comments ... ok
blam! test cargo::gets_branch_from_git_source_without_hash ... ok
blam! test cargo::tests::get_crate_file_from_overrides ... FAILED
blam! test codecleaner::tests::handles_tricky_bit_from_str_rs ... ok
blam! test codecleaner::tests::removes_char_contents ... ok
blam! test codecleaner::tests::removes_a_comment ... ok
blam! test codecleaner::tests::removes_multiline_comment ... ok
blam! test codecleaner::tests::removes_a_comment_with_a_dbl_quote_in_it ... ok
blam! test codecleaner::tests::removes_string_contents ... ok
blam! test codecleaner::tests::removes_raw_string_with_dangling_escape_in_it ... ok
blam! test codecleaner::tests::removes_consecutive_comments ... ok
blam! test codecleaner::tests::removes_string_with_escaped_dblquote_in_it ... ok
blam! test codecleaner::tests::removes_string_contents_with_a_comment_in_it ... ok
blam! test codeiter::test::iterates_half_open_subscope_if_is_the_last_thing ... ok
blam! test codecleaner::tests::removes_string_with_escaped_slash_before_dblquote_in_it ... ok
blam! test codeiter::test::iterates_if_else_stmt ... ok
blam! test codeiter::test::iterates_lambda_arg ... ok
blam! test codeiter::test::iterates_inner_scope ... ok
blam! test codeiter::test::iterates_macro ... ok
blam! test codeiter::test::iterates_macro_invocation ... ok
blam! test codeiter::test::iterates_single_use_stmts ... ok
blam! test codeiter::test::iterates_while_stmt ... ok
blam! test codeiter::test::iterates_use_stmt_without_the_prefix ... ok
blam! test codeiter::test::iterates_module_attribute ... ok
blam! test core::test_point_to_coords ... ok
blam! test core::tests::overwriting_cached_files ... ok
blam! test core::coords_to_point_works ... ok
blam! test nameres::does_it ... ok
blam! test scopes::expand_search_expr_finds_ident ... ok
blam! test scopes::expand_search_expr_handles_a_function_arg ... ok
blam! test scopes::expand_search_expr_handles_chained_calls ... ok
blam! test scopes::expand_search_expr_handles_let ... ok
blam! test scopes::expand_search_expr_handles_macros ... ok
blam! test scopes::expand_search_expr_handles_pos_at_end_of_search_str ... ok
blam! test scopes::expand_search_expr_handles_type_definition ... ok
blam! test codeiter::test::iterates_use_stmt_over_two_lines ... ok
blam! test scopes::expand_search_expr_handles_ws_after_dot ... ok
blam! test scopes::expand_search_expr_handles_ws_before_dot ... ok
blam! test scopes::expand_search_expr_handles_double_dot ... ok
blam! test scopes::expand_search_expr_handles_ws_dot ... ok
blam! test scopes::expand_search_expr_handles_inline_closures ... ok
blam! test scopes::finds_end_of_struct_scope ... ok
blam! test scopes::expand_search_expr_ignores_bang_at_start ... ok
blam! test scopes::get_start_of_pattern_handles_variant2 ... ok
blam! test scopes::get_start_of_pattern_handles_variant ... ok
blam! test scopes::test_scope_start_handles_sub_scopes ... ok
blam! test scopes::test_scope_start ... ok
blam! test scopes::masks_out_comments ... ok
blam! test typeinf::generates_skeleton_for_mod ... ok
blam! test util::find_ident_end_ascii ... ok
blam! test snippets::method_info_test ... ok
blam! test scopes::finds_subnested_module ... ok
blam! test util::find_ident_end_unicode ... ok
blam! test util::txt_matches_matches_stuff ... ok
blam! 
blam! failures:
blam! 
blam! ---- cargo::tests::get_crate_file_from_overrides stdout ----
blam! 	thread 'cargo::tests::get_crate_file_from_overrides' panicked at 'finds arst/src/lib.rs', /buildslave/rust-buildbot/slave/stable-dist-rustc-linux/build/src/libcore/option.rs:715
blam! note: Run with `RUST_BACKTRACE=1` for a backtrace.
blam! 
blam! 
blam! failures:
blam!     cargo::tests::get_crate_file_from_overrides
blam! 
blam! test result: FAILED. 57 passed; 1 failed; 0 ignored; 0 measured
blam! 
kablam! error: test failed
boom! running `docker rm -f 24a66414f8561d7065c3d8cd2ace08477937fb30f6164f4fcd70ba32539f4360`
blam! 24a66414f8561d7065c3d8cd2ace08477937fb30f6164f4fcd70ba32539f4360
