boom! testing ispell-0.3.0 against nightly for nightly
boom! running: cargo +nightly build --frozen
boom! creating container for: cargo +nightly build --frozen
boom! running `docker create -v /home/ec2-user/cargobomb/./work/local/test-source/nightly/nightly:/source:ro -v /home/ec2-user/cargobomb/./work/local/cargo-home:/cargo-home:ro -v /home/ec2-user/cargobomb/./work/local/rustup-home:/rustup-home:ro -v /home/ec2-user/cargobomb/./work/local/target-dirs/nightly/nightly:/target:rw -e USER_ID=500 -e CMD=cargo +nightly build --frozen cargobomb`
blam! c36a16e9e18cbb684ae922cd8680c001883ba449ab57ba39530307e4084c0660
boom! running `docker start -a c36a16e9e18cbb684ae922cd8680c001883ba449ab57ba39530307e4084c0660`
kablam!    Compiling ispell v0.3.0 (file:///source)
kablam!     Finished dev [unoptimized + debuginfo] target(s) in 3.20 secs
boom! running `docker rm -f c36a16e9e18cbb684ae922cd8680c001883ba449ab57ba39530307e4084c0660`
blam! c36a16e9e18cbb684ae922cd8680c001883ba449ab57ba39530307e4084c0660
boom! running: cargo +nightly test --frozen --no-run
boom! creating container for: cargo +nightly test --frozen --no-run
boom! running `docker create -v /home/ec2-user/cargobomb/./work/local/test-source/nightly/nightly:/source:ro -v /home/ec2-user/cargobomb/./work/local/cargo-home:/cargo-home:ro -v /home/ec2-user/cargobomb/./work/local/rustup-home:/rustup-home:ro -v /home/ec2-user/cargobomb/./work/local/target-dirs/nightly/nightly:/target:rw -e USER_ID=500 -e CMD=cargo +nightly test --frozen --no-run cargobomb`
blam! f2b14f109349516027d15d19158c3501e37e5e40bf78c0391ddb8f5ca40b2241
boom! running `docker start -a f2b14f109349516027d15d19158c3501e37e5e40bf78c0391ddb8f5ca40b2241`
kablam!    Compiling ispell v0.3.0 (file:///source)
kablam!     Finished dev [unoptimized + debuginfo] target(s) in 4.94 secs
boom! running `docker rm -f f2b14f109349516027d15d19158c3501e37e5e40bf78c0391ddb8f5ca40b2241`
blam! f2b14f109349516027d15d19158c3501e37e5e40bf78c0391ddb8f5ca40b2241
boom! running: cargo +nightly test --frozen
boom! creating container for: cargo +nightly test --frozen
boom! running `docker create -v /home/ec2-user/cargobomb/./work/local/test-source/nightly/nightly:/source:ro -v /home/ec2-user/cargobomb/./work/local/cargo-home:/cargo-home:ro -v /home/ec2-user/cargobomb/./work/local/rustup-home:/rustup-home:ro -v /home/ec2-user/cargobomb/./work/local/target-dirs/nightly/nightly:/target:rw -e USER_ID=500 -e CMD=cargo +nightly test --frozen cargobomb`
blam! b73cc562b9a99a0947207c39f4d23266af14e6f1a03db0345860373226e7d666
boom! running `docker start -a b73cc562b9a99a0947207c39f4d23266af14e6f1a03db0345860373226e7d666`
kablam!     Finished dev [unoptimized + debuginfo] target(s) in 0.0 secs
kablam!      Running /target/debug/deps/ispell-d164fb8970fb398c
blam! 
kablam!    Doc-tests ispell
blam! running 0 tests
blam! 
blam! test result: ok. 0 passed; 0 failed; 0 ignored; 0 measured
blam! 
blam! 
blam! running 14 tests
blam! warning: unused variable: `checker`, #[warn(unused_variables)] on by default
blam!  --> <anon>:4:5
blam!   |
blam! 4 | let checker = SpellLauncher::new()
blam!   |     ^^^^^^^
blam! 
blam! thread 'rustc' panicked at 'test executable failed:
blam! 
blam! thread 'main' panicked at 'called `Result::unwrap()` on an `Err` value: Error { msg: "could not successfully spawn process \'aspell\': No such file or directory (os error 2)", variant: Process }', /buildslave/rust-buildbot/slave/nightly-dist-rustc-linux/build/src/libcore/result.rs:870
blam! note: Run with `RUST_BACKTRACE=1` for a backtrace.
blam! ', /buildslave/rust-buildbot/slave/nightly-dist-rustc-linux/build/src/librustdoc/test.rs:305
blam! note: Run with `RUST_BACKTRACE=1` for a backtrace.
blam! test _3 ... FAILED
blam! warning: unused variable: `result`, #[warn(unused_variables)] on by default
blam!  --> <anon>:4:5
blam!   |
blam! 4 | let result = SpellLauncher::new()
blam!   |     ^^^^^^
blam! 
blam! test _2 ... ok
blam! warning: unused variable: `result`, #[warn(unused_variables)] on by default
blam!  --> <anon>:4:5
blam!   |
blam! 4 | let result = SpellLauncher::new()
blam!   |     ^^^^^^
blam! 
blam! test _1 ... ok
blam! thread 'rustc' panicked at 'test executable failed:
blam! 
blam! thread 'main' panicked at 'called `Result::unwrap()` on an `Err` value: Error { msg: "could not successfully spawn process \'aspell\': No such file or directory (os error 2)", variant: Process }', /buildslave/rust-buildbot/slave/nightly-dist-rustc-linux/build/src/libcore/result.rs:870
blam! note: Run with `RUST_BACKTRACE=1` for a backtrace.
blam! ', /buildslave/rust-buildbot/slave/nightly-dist-rustc-linux/build/src/librustdoc/test.rs:305
blam! test _0 ... FAILED
blam! warning: unused variable: `result`, #[warn(unused_variables)] on by default
blam!  --> <anon>:4:5
blam!   |
blam! 4 | let result = SpellLauncher::new()
blam!   |     ^^^^^^
blam! 
blam! test _6 ... ok
blam! warning: unused variable: `result`, #[warn(unused_variables)] on by default
blam!  --> <anon>:4:5
blam!   |
blam! 4 | let result = SpellLauncher::new()
blam!   |     ^^^^^^
blam! 
blam! test _7 ... ok
blam! warning: unused result which must be used, #[warn(unused_must_use)] on by default
blam!  --> <anon>:7:1
blam!   |
blam! 7 | checker.add_word("foobar"); // Add a word only to this session
blam!   | ^^^^^^^^^^^^^^^^^^^^^^^^^^^
blam! 
blam! warning: unused result which must be used, #[warn(unused_must_use)] on by default
blam!  --> <anon>:8:1
blam!   |
blam! 8 | checker.add_word_to_dictionary("rustacean"); // Add a word and saves it
blam!   | ^^^^^^^^^^^^^^^^^^^^^^^^^^^^^^^^^^^^^^^^^^^^
blam! 
blam! thread 'rustc' panicked at 'test executable failed:
blam! 
blam! thread 'main' panicked at 'called `Result::unwrap()` on an `Err` value: Error { msg: "could not successfully spawn process \'ispell\': No such file or directory (os error 2)", variant: Process }', /buildslave/rust-buildbot/slave/nightly-dist-rustc-linux/build/src/libcore/result.rs:870
blam! note: Run with `RUST_BACKTRACE=1` for a backtrace.
blam! ', /buildslave/rust-buildbot/slave/nightly-dist-rustc-linux/build/src/librustdoc/test.rs:305
blam! test _5 ... FAILED
blam! thread 'rustc' panicked at 'test executable failed:
blam! 
blam! thread 'main' panicked at 'called `Result::unwrap()` on an `Err` value: Error { msg: "could not successfully spawn process \'ispell\': No such file or directory (os error 2)", variant: Process }', /buildslave/rust-buildbot/slave/nightly-dist-rustc-linux/build/src/libcore/result.rs:870
blam! note: Run with `RUST_BACKTRACE=1` for a backtrace.
blam! ', /buildslave/rust-buildbot/slave/nightly-dist-rustc-linux/build/src/librustdoc/test.rs:305
blam! test _4 ... FAILED
blam! test spell_checker::SpellChecker::add_word_0 ... ok
blam! test spell_checker::SpellChecker::add_word_to_dictionary_0 ... ok
blam! thread 'rustc' panicked at 'test executable failed:
blam! 
blam! thread 'main' panicked at 'called `Result::unwrap()` on an `Err` value: Error { msg: "could not successfully spawn process \'ispell\': No such file or directory (os error 2)", variant: Process }', /buildslave/rust-buildbot/slave/nightly-dist-rustc-linux/build/src/libcore/result.rs:870
blam! note: Run with `RUST_BACKTRACE=1` for a backtrace.
blam! ', /buildslave/rust-buildbot/slave/nightly-dist-rustc-linux/build/src/librustdoc/test.rs:305
blam! test spell_checker::SpellChecker_0 ... FAILED
blam! warning: unused variable: `checker`, #[warn(unused_variables)] on by default
blam!  --> <anon>:4:5
blam!   |
blam! 4 | let checker = SpellLauncher::new()
blam!   |     ^^^^^^^
blam! 
blam! thread 'rustc' panicked at 'test executable failed:
blam! 
blam! thread 'main' panicked at 'called `Result::unwrap()` on an `Err` value: Error { msg: "could not successfully spawn process \'aspell\': No such file or directory (os error 2)", variant: Process }', /buildslave/rust-buildbot/slave/nightly-dist-rustc-linux/build/src/libcore/result.rs:870
blam! note: Run with `RUST_BACKTRACE=1` for a backtrace.
blam! ', /buildslave/rust-buildbot/slave/nightly-dist-rustc-linux/build/src/librustdoc/test.rs:305
blam! test spell_launcher::SpellLauncher::dictionary_0 ... FAILED
blam! warning: unused variable: `checker`, #[warn(unused_variables)] on by default
blam!  --> <anon>:4:5
blam!   |
blam! 4 | let checker = SpellLauncher::new()
blam!   |     ^^^^^^^
blam! 
blam! thread 'rustc' panicked at 'test executable failed:
blam! 
blam! thread 'main' panicked at 'called `Result::unwrap()` on an `Err` value: Error { msg: "could not successfully spawn process \'ispell\': No such file or directory (os error 2)", variant: Process }', /buildslave/rust-buildbot/slave/nightly-dist-rustc-linux/build/src/libcore/result.rs:870
blam! note: Run with `RUST_BACKTRACE=1` for a backtrace.
blam! ', /buildslave/rust-buildbot/slave/nightly-dist-rustc-linux/build/src/librustdoc/test.rs:305
blam! test spell_launcher::SpellLauncher_0 ... FAILED
blam! warning: unused variable: `checker`, #[warn(unused_variables)] on by default
blam!  --> <anon>:4:5
blam!   |
blam! 4 | let checker = SpellLauncher::new()
blam!   |     ^^^^^^^
blam! 
blam! thread 'rustc' panicked at 'test executable failed:
blam! 
blam! thread 'main' panicked at 'called `Result::unwrap()` on an `Err` value: Error { msg: "could not successfully spawn process \'aspell\': No such file or directory (os error 2)", variant: Process }', /buildslave/rust-buildbot/slave/nightly-dist-rustc-linux/build/src/libcore/result.rs:870
blam! note: Run with `RUST_BACKTRACE=1` for a backtrace.
blam! ', /buildslave/rust-buildbot/slave/nightly-dist-rustc-linux/build/src/librustdoc/test.rs:305
blam! test spell_launcher::SpellLauncher_1 ... FAILED
blam! 
blam! failures:
blam! 
blam! failures:
blam!     _0
blam!     _3
blam!     _4
blam!     _5
blam!     spell_checker::SpellChecker_0
blam!     spell_launcher::SpellLauncher::dictionary_0
blam!     spell_launcher::SpellLauncher_0
blam!     spell_launcher::SpellLauncher_1
blam! 
blam! test result: FAILED. 6 passed; 8 failed; 0 ignored; 0 measured
blam! 
kablam! error: test failed
boom! running `docker rm -f b73cc562b9a99a0947207c39f4d23266af14e6f1a03db0345860373226e7d666`
blam! b73cc562b9a99a0947207c39f4d23266af14e6f1a03db0345860373226e7d666
