boom! testing yadns-0.2.1 against stable for nightly
boom! running: cargo +stable build --frozen
boom! creating container for: cargo +stable build --frozen
boom! running `docker create -v /home/ec2-user/cargobomb/./work/local/test-source/nightly/stable:/source:ro -v /home/ec2-user/cargobomb/./work/local/cargo-home:/cargo-home:ro -v /home/ec2-user/cargobomb/./work/local/rustup-home:/rustup-home:ro -v /home/ec2-user/cargobomb/./work/local/target-dirs/nightly/stable:/target:rw -e USER_ID=500 -e CMD=cargo +stable build --frozen cargobomb`
blam! bb8a228727a84518b9172f739180204cd1a8f9e6d5ee0f01374a86480d8bbf3c
boom! running `docker start -a bb8a228727a84518b9172f739180204cd1a8f9e6d5ee0f01374a86480d8bbf3c`
kablam!    Compiling openssl-sys-extras v0.7.14
kablam!    Compiling openssl v0.7.14
kablam!    Compiling yadns v0.2.1 (file:///source)
blam! Build failed, waiting for other jobs to finish...
blam! Build failed, waiting for other jobs to finish...
kablam! error[E0308]: mismatched types
kablam!   --> build.rs:20:33
kablam!    |
kablam! 20 |         serde_codegen::register(&mut registry);
kablam!    |                                 ^^^^^^^^^^^^^ expected struct `syntex::Registry`, found struct `inner::syntex::Registry`
kablam!    |
kablam!    = note: expected type `&mut syntex::Registry`
kablam!    = note:    found type `&mut inner::syntex::Registry`
kablam! 
kablam! error: aborting due to previous error
kablam! 
kablam! error: failed to run custom build command for `openssl v0.7.14`
kablam! process didn't exit successfully: `/target/debug/build/openssl-a0ff3cdd6ccfd560/build-script-build` (exit code: 101)
kablam! --- stdout
kablam! TARGET = Some("x86_64-unknown-linux-gnu")
kablam! OPT_LEVEL = Some("0")
kablam! TARGET = Some("x86_64-unknown-linux-gnu")
kablam! HOST = Some("x86_64-unknown-linux-gnu")
kablam! TARGET = Some("x86_64-unknown-linux-gnu")
kablam! TARGET = Some("x86_64-unknown-linux-gnu")
kablam! HOST = Some("x86_64-unknown-linux-gnu")
kablam! CC_x86_64-unknown-linux-gnu = None
kablam! CC_x86_64_unknown_linux_gnu = None
kablam! HOST_CC = None
kablam! CC = None
kablam! HOST = Some("x86_64-unknown-linux-gnu")
kablam! TARGET = Some("x86_64-unknown-linux-gnu")
kablam! HOST = Some("x86_64-unknown-linux-gnu")
kablam! CFLAGS_x86_64-unknown-linux-gnu = None
kablam! CFLAGS_x86_64_unknown_linux_gnu = None
kablam! HOST_CFLAGS = None
kablam! CFLAGS = None
kablam! PROFILE = Some("debug")
kablam! running: "cc" "-O0" "-ffunction-sections" "-fdata-sections" "-fPIC" "-g" "-m64" "-o" "/target/debug/build/openssl-87c538093dbe2342/out/src/c_helpers.o" "-c" "src/c_helpers.c"
kablam! cargo:warning=src/c_helpers.c:1:25: fatal error: openssl/ssl.h: No such file or directory
kablam! cargo:warning=compilation terminated.
kablam! ExitStatus(ExitStatus(256))
kablam! 
kablam! 
kablam! command did not execute successfully, got: exit code: 1
kablam! 
kablam! 
kablam! 
kablam! --- stderr
kablam! thread 'main' panicked at 'explicit panic', /cargo-home/registry/src/github.com-1ecc6299db9ec823/gcc-0.3.43/src/lib.rs:1127
kablam! note: Run with `RUST_BACKTRACE=1` for a backtrace.
kablam! 
boom! running `docker rm -f bb8a228727a84518b9172f739180204cd1a8f9e6d5ee0f01374a86480d8bbf3c`
blam! bb8a228727a84518b9172f739180204cd1a8f9e6d5ee0f01374a86480d8bbf3c
