boom! testing https://github.com/palfrey/dawn#cbe0fbbadb7ebdfb2348b2a4823dd18f92dc42e0 against stable for nightly
boom! running: cargo +stable build --frozen
boom! creating container for: cargo +stable build --frozen
boom! running `docker create -v /home/ec2-user/cargobomb/./work/local/test-source/nightly/stable:/source:ro -v /home/ec2-user/cargobomb/./work/local/cargo-home:/cargo-home:ro -v /home/ec2-user/cargobomb/./work/local/rustup-home:/rustup-home:ro -v /home/ec2-user/cargobomb/./work/local/target-dirs/nightly/stable:/target:rw -e USER_ID=500 -e CMD=cargo +stable build --frozen cargobomb`
blam! a53cc4a7174c9f2c6e5292c80d941d38e4007f8f2423ab551c2a20966fbd6629
boom! running `docker start -a a53cc4a7174c9f2c6e5292c80d941d38e4007f8f2423ab551c2a20966fbd6629`
kablam!    Compiling openssl-sys-extras v0.7.14
kablam!    Compiling serde v0.7.13
kablam!    Compiling num-integer v0.1.32
kablam!    Compiling itertools v0.4.16
blam! Build failed, waiting for other jobs to finish...
kablam! error: failed to run custom build command for `openssl-sys-extras v0.7.14`
kablam! process didn't exit successfully: `/target/debug/build/openssl-sys-extras-db1a184570b339df/build-script-build` (exit code: 101)
kablam! --- stdout
kablam! TARGET = Some("x86_64-unknown-linux-gnu")
kablam! OPT_LEVEL = Some("0")
kablam! PROFILE = Some("debug")
kablam! TARGET = Some("x86_64-unknown-linux-gnu")
kablam! debug=true opt-level=0
kablam! HOST = Some("x86_64-unknown-linux-gnu")
kablam! TARGET = Some("x86_64-unknown-linux-gnu")
kablam! TARGET = Some("x86_64-unknown-linux-gnu")
kablam! HOST = Some("x86_64-unknown-linux-gnu")
kablam! CC_x86_64-unknown-linux-gnu = None
kablam! CC_x86_64_unknown_linux_gnu = None
kablam! HOST_CC = None
kablam! CC = None
kablam! HOST = Some("x86_64-unknown-linux-gnu")
kablam! TARGET = Some("x86_64-unknown-linux-gnu")
kablam! HOST = Some("x86_64-unknown-linux-gnu")
kablam! CFLAGS_x86_64-unknown-linux-gnu = None
kablam! CFLAGS_x86_64_unknown_linux_gnu = None
kablam! HOST_CFLAGS = None
kablam! CFLAGS = None
kablam! running: "cc" "-O0" "-ffunction-sections" "-fdata-sections" "-g" "-m64" "-fPIC" "-o" "/target/debug/build/openssl-sys-extras-45159e42f4e1f90d/out/src/openssl_shim.o" "-c" "src/openssl_shim.c"
kablam! ExitStatus(ExitStatus(256))
kablam! 
kablam! 
kablam! command did not execute successfully, got: exit code: 1
kablam! 
kablam! 
kablam! 
kablam! --- stderr
kablam! src/openssl_shim.c:1:26: fatal error: openssl/hmac.h: No such file or directory
kablam! compilation terminated.
kablam! thread 'main' panicked at 'explicit panic', /cargo-home/registry/src/github.com-1ecc6299db9ec823/gcc-0.3.28/src/lib.rs:840
kablam! note: Run with `RUST_BACKTRACE=1` for a backtrace.
kablam! 
boom! running `docker rm -f a53cc4a7174c9f2c6e5292c80d941d38e4007f8f2423ab551c2a20966fbd6629`
blam! a53cc4a7174c9f2c6e5292c80d941d38e4007f8f2423ab551c2a20966fbd6629
