boom! testing type_of-0.1.1 against nightly for nightly
boom! running: cargo +nightly build --frozen
boom! creating container for: cargo +nightly build --frozen
boom! running `docker create -v /home/ec2-user/cargobomb/./work/local/test-source/nightly/nightly:/source:ro -v /home/ec2-user/cargobomb/./work/local/cargo-home:/cargo-home:ro -v /home/ec2-user/cargobomb/./work/local/rustup-home:/rustup-home:ro -v /home/ec2-user/cargobomb/./work/local/target-dirs/nightly/nightly:/target:rw -e USER_ID=500 -e CMD=cargo +nightly build --frozen cargobomb`
blam! b1a1309bffabb550e766213fbdc9cc36c268db0c624993052e4cb1191b75951b
boom! running `docker start -a b1a1309bffabb550e766213fbdc9cc36c268db0c624993052e4cb1191b75951b`
kablam!    Compiling type_of v0.1.1 (file:///source)
kablam!     Finished dev [unoptimized + debuginfo] target(s) in 0.71 secs
boom! running `docker rm -f b1a1309bffabb550e766213fbdc9cc36c268db0c624993052e4cb1191b75951b`
blam! b1a1309bffabb550e766213fbdc9cc36c268db0c624993052e4cb1191b75951b
boom! running: cargo +nightly test --frozen --no-run
boom! creating container for: cargo +nightly test --frozen --no-run
boom! running `docker create -v /home/ec2-user/cargobomb/./work/local/test-source/nightly/nightly:/source:ro -v /home/ec2-user/cargobomb/./work/local/cargo-home:/cargo-home:ro -v /home/ec2-user/cargobomb/./work/local/rustup-home:/rustup-home:ro -v /home/ec2-user/cargobomb/./work/local/target-dirs/nightly/nightly:/target:rw -e USER_ID=500 -e CMD=cargo +nightly test --frozen --no-run cargobomb`
blam! 9f62b9324e49ed3de2b7acb710da5c0607f4afbd786f57279c13a698b0d9214d
boom! running `docker start -a 9f62b9324e49ed3de2b7acb710da5c0607f4afbd786f57279c13a698b0d9214d`
kablam!    Compiling type_of v0.1.1 (file:///source)
kablam!     Finished dev [unoptimized + debuginfo] target(s) in 1.70 secs
boom! running `docker rm -f 9f62b9324e49ed3de2b7acb710da5c0607f4afbd786f57279c13a698b0d9214d`
blam! 9f62b9324e49ed3de2b7acb710da5c0607f4afbd786f57279c13a698b0d9214d
boom! running: cargo +nightly test --frozen
boom! creating container for: cargo +nightly test --frozen
boom! running `docker create -v /home/ec2-user/cargobomb/./work/local/test-source/nightly/nightly:/source:ro -v /home/ec2-user/cargobomb/./work/local/cargo-home:/cargo-home:ro -v /home/ec2-user/cargobomb/./work/local/rustup-home:/rustup-home:ro -v /home/ec2-user/cargobomb/./work/local/target-dirs/nightly/nightly:/target:rw -e USER_ID=500 -e CMD=cargo +nightly test --frozen cargobomb`
blam! 9cd5705c7542a71f3d98055ca9cb1766927971f330c8a70c0c92ad80aad38204
boom! running `docker start -a 9cd5705c7542a71f3d98055ca9cb1766927971f330c8a70c0c92ad80aad38204`
kablam!     Finished dev [unoptimized + debuginfo] target(s) in 0.0 secs
kablam!      Running /target/debug/deps/type_of-c5711fc705a42837
blam! 
blam! running 1 test
blam! test test::basic_test ... FAILED
blam! 
blam! failures:
blam! 
blam! ---- test::basic_test stdout ----
blam! 	32.90: f64
blam! [1, 2, 4]: [i32; 3]
blam! vec!(1 , 2 , 4): std::vec::Vec<i32>
blam! "123": &str
blam! thread 'test::basic_test' panicked at 'assertion failed: `(left == right)` (left: `"\"123\": &\'static str"`, right: `"\"123\": &str"`)', src/lib.rs:45
blam! note: Run with `RUST_BACKTRACE=1` for a backtrace.
blam! 
blam! 
blam! failures:
blam!     test::basic_test
blam! 
blam! test result: FAILED. 0 passed; 1 failed; 0 ignored; 0 measured
blam! 
kablam! error: test failed
boom! running `docker rm -f 9cd5705c7542a71f3d98055ca9cb1766927971f330c8a70c0c92ad80aad38204`
blam! 9cd5705c7542a71f3d98055ca9cb1766927971f330c8a70c0c92ad80aad38204
