boom! testing libcgroup-0.3.0 against beta for beta
boom! running: cargo +beta build --frozen
boom! creating container for: cargo +beta build --frozen
boom! running `docker create -v /home/ec2-user/cargobomb/./work/local/test-source/beta/beta:/source:ro -v /home/ec2-user/cargobomb/./work/local/cargo-home:/cargo-home:ro -v /home/ec2-user/cargobomb/./work/local/rustup-home:/rustup-home:ro -v /home/ec2-user/cargobomb/./work/local/target-dirs/beta/beta:/target:rw -e USER_ID=500 -e CMD=cargo +beta build --frozen cargobomb`
blam! 0a29bd035041377981d85c506e8c7a1b05f14908d38a8f32aa2c2b4c67887c31
boom! running `docker start -a 0a29bd035041377981d85c506e8c7a1b05f14908d38a8f32aa2c2b4c67887c31`
kablam!    Compiling libcgroup-sys v0.3.0
kablam!    Compiling libcgroup v0.3.0 (file:///source)
kablam!     Finished dev [unoptimized + debuginfo] target(s) in 2.46 secs
boom! running `docker rm -f 0a29bd035041377981d85c506e8c7a1b05f14908d38a8f32aa2c2b4c67887c31`
blam! 0a29bd035041377981d85c506e8c7a1b05f14908d38a8f32aa2c2b4c67887c31
boom! running: cargo +beta test --frozen --no-run
boom! creating container for: cargo +beta test --frozen --no-run
boom! running `docker create -v /home/ec2-user/cargobomb/./work/local/test-source/beta/beta:/source:ro -v /home/ec2-user/cargobomb/./work/local/cargo-home:/cargo-home:ro -v /home/ec2-user/cargobomb/./work/local/rustup-home:/rustup-home:ro -v /home/ec2-user/cargobomb/./work/local/target-dirs/beta/beta:/target:rw -e USER_ID=500 -e CMD=cargo +beta test --frozen --no-run cargobomb`
blam! 6dcd1d1e74520340a8a98ba0e5666553dee3ef87ed4f860e14db2e33dad0e049
boom! running `docker start -a 6dcd1d1e74520340a8a98ba0e5666553dee3ef87ed4f860e14db2e33dad0e049`
kablam!    Compiling libcgroup v0.3.0 (file:///source)
kablam! error: linking with `cc` failed: exit code: 1
kablam!   |
kablam!   = note: "cc" "-Wl,--as-needed" "-Wl,-z,noexecstack" "-m64" "-L" "/rustup-home/toolchains/beta-x86_64-unknown-linux-gnu/lib/rustlib/x86_64-unknown-linux-gnu/lib" "/target/debug/deps/lib-e2aef66aa8ed79d0.0.o" "-o" "/target/debug/deps/lib-e2aef66aa8ed79d0" "-Wl,--gc-sections" "-pie" "-nodefaultlibs" "-L" "/target/debug/deps" "-L" "/rustup-home/toolchains/beta-x86_64-unknown-linux-gnu/lib/rustlib/x86_64-unknown-linux-gnu/lib" "-Wl,-Bstatic" "-Wl,-Bdynamic" "/target/debug/deps/liblibcgroup-9d3c4bf31a191d1f.rlib" "/rustup-home/toolchains/beta-x86_64-unknown-linux-gnu/lib/rustlib/x86_64-unknown-linux-gnu/lib/libtest-495f7d16c61e193e.rlib" "/target/debug/deps/liblibcgroup_sys-9f94b1dfd5360aa1.rlib" "/rustup-home/toolchains/beta-x86_64-unknown-linux-gnu/lib/rustlib/x86_64-unknown-linux-gnu/lib/libgetopts-e268adbf4cfcbb37.rlib" "/target/debug/deps/liblibc-2a4507ee5e52ea3e.rlib" "/rustup-home/toolchains/beta-x86_64-unknown-linux-gnu/lib/rustlib/x86_64-unknown-linux-gnu/lib/libterm-7fad624c8a987316.rlib" "/rustup-home/toolchains/beta-x86_64-unknown-linux-gnu/lib/rustlib/x86_64-unknown-linux-gnu/lib/libstd-dfc89321dbee872e.rlib" "/rustup-home/toolchains/beta-x86_64-unknown-linux-gnu/lib/rustlib/x86_64-unknown-linux-gnu/lib/libpanic_unwind-b9a1672c9b07eb79.rlib" "/rustup-home/toolchains/beta-x86_64-unknown-linux-gnu/lib/rustlib/x86_64-unknown-linux-gnu/lib/libunwind-2368fc95b0a72ca5.rlib" "/rustup-home/toolchains/beta-x86_64-unknown-linux-gnu/lib/rustlib/x86_64-unknown-linux-gnu/lib/librand-7b8c40539a92cc94.rlib" "/rustup-home/toolchains/beta-x86_64-unknown-linux-gnu/lib/rustlib/x86_64-unknown-linux-gnu/lib/libcollections-248c1fb3029c3b47.rlib" "/rustup-home/toolchains/beta-x86_64-unknown-linux-gnu/lib/rustlib/x86_64-unknown-linux-gnu/lib/liballoc-716ec913507cca23.rlib" "/rustup-home/toolchains/beta-x86_64-unknown-linux-gnu/lib/rustlib/x86_64-unknown-linux-gnu/lib/liballoc_jemalloc-73671a945a075b27.rlib" "/rustup-home/toolchains/beta-x86_64-unknown-linux-gnu/lib/rustlib/x86_64-unknown-linux-gnu/lib/liblibc-40657eb22c503f7a.rlib" "/rustup-home/toolchains/beta-x86_64-unknown-linux-gnu/lib/rustlib/x86_64-unknown-linux-gnu/lib/libstd_unicode-86ff76aef4ef75d0.rlib" "/rustup-home/toolchains/beta-x86_64-unknown-linux-gnu/lib/rustlib/x86_64-unknown-linux-gnu/lib/libcore-3f5cb0b311b4f9c5.rlib" "/rustup-home/toolchains/beta-x86_64-unknown-linux-gnu/lib/rustlib/x86_64-unknown-linux-gnu/lib/libcompiler_builtins-a27e0b02588f3694.rlib" "-l" "cgroup" "-l" "util" "-l" "dl" "-l" "rt" "-l" "pthread" "-l" "gcc_s" "-l" "pthread" "-l" "c" "-l" "m" "-l" "rt" "-l" "util"
kablam!   = note: /usr/bin/ld: cannot find -lcgroup
kablam!           collect2: error: ld returned 1 exit status
kablam!           
kablam! 
kablam! error: aborting due to previous error
kablam! 
blam! Build failed, waiting for other jobs to finish...
kablam! error: Could not compile `libcgroup`.
kablam! error: linking with `cc` failed: exit code: 1
kablam!   |
kablam!   = note: "cc" "-Wl,--as-needed" "-Wl,-z,noexecstack" "-m64" "-L" "/rustup-home/toolchains/beta-x86_64-unknown-linux-gnu/lib/rustlib/x86_64-unknown-linux-gnu/lib" "/target/debug/deps/libcgroup-292a6e487efd0e5d.0.o" "-o" "/target/debug/deps/libcgroup-292a6e487efd0e5d" "-Wl,--gc-sections" "-pie" "-nodefaultlibs" "-L" "/target/debug/deps" "-L" "/rustup-home/toolchains/beta-x86_64-unknown-linux-gnu/lib/rustlib/x86_64-unknown-linux-gnu/lib" "-Wl,-Bstatic" "-Wl,-Bdynamic" "/target/debug/deps/liblibcgroup_sys-9f94b1dfd5360aa1.rlib" "/target/debug/deps/liblibc-2a4507ee5e52ea3e.rlib" "/rustup-home/toolchains/beta-x86_64-unknown-linux-gnu/lib/rustlib/x86_64-unknown-linux-gnu/lib/libtest-495f7d16c61e193e.rlib" "/rustup-home/toolchains/beta-x86_64-unknown-linux-gnu/lib/rustlib/x86_64-unknown-linux-gnu/lib/libterm-7fad624c8a987316.rlib" "/rustup-home/toolchains/beta-x86_64-unknown-linux-gnu/lib/rustlib/x86_64-unknown-linux-gnu/lib/libgetopts-e268adbf4cfcbb37.rlib" "/rustup-home/toolchains/beta-x86_64-unknown-linux-gnu/lib/rustlib/x86_64-unknown-linux-gnu/lib/libstd-dfc89321dbee872e.rlib" "/rustup-home/toolchains/beta-x86_64-unknown-linux-gnu/lib/rustlib/x86_64-unknown-linux-gnu/lib/libpanic_unwind-b9a1672c9b07eb79.rlib" "/rustup-home/toolchains/beta-x86_64-unknown-linux-gnu/lib/rustlib/x86_64-unknown-linux-gnu/lib/libunwind-2368fc95b0a72ca5.rlib" "/rustup-home/toolchains/beta-x86_64-unknown-linux-gnu/lib/rustlib/x86_64-unknown-linux-gnu/lib/librand-7b8c40539a92cc94.rlib" "/rustup-home/toolchains/beta-x86_64-unknown-linux-gnu/lib/rustlib/x86_64-unknown-linux-gnu/lib/libcollections-248c1fb3029c3b47.rlib" "/rustup-home/toolchains/beta-x86_64-unknown-linux-gnu/lib/rustlib/x86_64-unknown-linux-gnu/lib/liballoc-716ec913507cca23.rlib" "/rustup-home/toolchains/beta-x86_64-unknown-linux-gnu/lib/rustlib/x86_64-unknown-linux-gnu/lib/liballoc_jemalloc-73671a945a075b27.rlib" "/rustup-home/toolchains/beta-x86_64-unknown-linux-gnu/lib/rustlib/x86_64-unknown-linux-gnu/lib/liblibc-40657eb22c503f7a.rlib" "/rustup-home/toolchains/beta-x86_64-unknown-linux-gnu/lib/rustlib/x86_64-unknown-linux-gnu/lib/libstd_unicode-86ff76aef4ef75d0.rlib" "/rustup-home/toolchains/beta-x86_64-unknown-linux-gnu/lib/rustlib/x86_64-unknown-linux-gnu/lib/libcore-3f5cb0b311b4f9c5.rlib" "/rustup-home/toolchains/beta-x86_64-unknown-linux-gnu/lib/rustlib/x86_64-unknown-linux-gnu/lib/libcompiler_builtins-a27e0b02588f3694.rlib" "-l" "cgroup" "-l" "util" "-l" "dl" "-l" "rt" "-l" "pthread" "-l" "gcc_s" "-l" "pthread" "-l" "c" "-l" "m" "-l" "rt" "-l" "util"
kablam!   = note: /usr/bin/ld: cannot find -lcgroup
kablam!           collect2: error: ld returned 1 exit status
kablam!           
kablam! 
kablam! error: aborting due to previous error
kablam! 
kablam! error: build failed
boom! running `docker rm -f 6dcd1d1e74520340a8a98ba0e5666553dee3ef87ed4f860e14db2e33dad0e049`
blam! 6dcd1d1e74520340a8a98ba0e5666553dee3ef87ed4f860e14db2e33dad0e049
boom! running: cargo +beta test --frozen
boom! creating container for: cargo +beta test --frozen
boom! running `docker create -v /home/ec2-user/cargobomb/./work/local/test-source/beta/beta:/source:ro -v /home/ec2-user/cargobomb/./work/local/cargo-home:/cargo-home:ro -v /home/ec2-user/cargobomb/./work/local/rustup-home:/rustup-home:ro -v /home/ec2-user/cargobomb/./work/local/target-dirs/beta/beta:/target:rw -e USER_ID=500 -e CMD=cargo +beta test --frozen cargobomb`
blam! 78d788e4be92c5216d37c532ce809d3faed1ae5df100537efa067dfb7909b659
boom! running `docker start -a 78d788e4be92c5216d37c532ce809d3faed1ae5df100537efa067dfb7909b659`
kablam!    Compiling libcgroup v0.3.0 (file:///source)
kablam! error: linking with `cc` failed: exit code: 1
kablam!   |
kablam!   = note: "cc" "-Wl,--as-needed" "-Wl,-z,noexecstack" "-m64" "-L" "/rustup-home/toolchains/beta-x86_64-unknown-linux-gnu/lib/rustlib/x86_64-unknown-linux-gnu/lib" "/target/debug/deps/libcgroup-292a6e487efd0e5d.0.o" "-o" "/target/debug/deps/libcgroup-292a6e487efd0e5d" "-Wl,--gc-sections" "-pie" "-nodefaultlibs" "-L" "/target/debug/deps" "-L" "/rustup-home/toolchains/beta-x86_64-unknown-linux-gnu/lib/rustlib/x86_64-unknown-linux-gnu/lib" "-Wl,-Bstatic" "-Wl,-Bdynamic" "/target/debug/deps/liblibcgroup_sys-9f94b1dfd5360aa1.rlib" "/target/debug/deps/liblibc-2a4507ee5e52ea3e.rlib" "/rustup-home/toolchains/beta-x86_64-unknown-linux-gnu/lib/rustlib/x86_64-unknown-linux-gnu/lib/libtest-495f7d16c61e193e.rlib" "/rustup-home/toolchains/beta-x86_64-unknown-linux-gnu/lib/rustlib/x86_64-unknown-linux-gnu/lib/libterm-7fad624c8a987316.rlib" "/rustup-home/toolchains/beta-x86_64-unknown-linux-gnu/lib/rustlib/x86_64-unknown-linux-gnu/lib/libgetopts-e268adbf4cfcbb37.rlib" "/rustup-home/toolchains/beta-x86_64-unknown-linux-gnu/lib/rustlib/x86_64-unknown-linux-gnu/lib/libstd-dfc89321dbee872e.rlib" "/rustup-home/toolchains/beta-x86_64-unknown-linux-gnu/lib/rustlib/x86_64-unknown-linux-gnu/lib/libpanic_unwind-b9a1672c9b07eb79.rlib" "/rustup-home/toolchains/beta-x86_64-unknown-linux-gnu/lib/rustlib/x86_64-unknown-linux-gnu/lib/libunwind-2368fc95b0a72ca5.rlib" "/rustup-home/toolchains/beta-x86_64-unknown-linux-gnu/lib/rustlib/x86_64-unknown-linux-gnu/lib/librand-7b8c40539a92cc94.rlib" "/rustup-home/toolchains/beta-x86_64-unknown-linux-gnu/lib/rustlib/x86_64-unknown-linux-gnu/lib/libcollections-248c1fb3029c3b47.rlib" "/rustup-home/toolchains/beta-x86_64-unknown-linux-gnu/lib/rustlib/x86_64-unknown-linux-gnu/lib/liballoc-716ec913507cca23.rlib" "/rustup-home/toolchains/beta-x86_64-unknown-linux-gnu/lib/rustlib/x86_64-unknown-linux-gnu/lib/liballoc_jemalloc-73671a945a075b27.rlib" "/rustup-home/toolchains/beta-x86_64-unknown-linux-gnu/lib/rustlib/x86_64-unknown-linux-gnu/lib/liblibc-40657eb22c503f7a.rlib" "/rustup-home/toolchains/beta-x86_64-unknown-linux-gnu/lib/rustlib/x86_64-unknown-linux-gnu/lib/libstd_unicode-86ff76aef4ef75d0.rlib" "/rustup-home/toolchains/beta-x86_64-unknown-linux-gnu/lib/rustlib/x86_64-unknown-linux-gnu/lib/libcore-3f5cb0b311b4f9c5.rlib" "/rustup-home/toolchains/beta-x86_64-unknown-linux-gnu/lib/rustlib/x86_64-unknown-linux-gnu/lib/libcompiler_builtins-a27e0b02588f3694.rlib" "-l" "cgroup" "-l" "util" "-l" "dl" "-l" "rt" "-l" "pthread" "-l" "gcc_s" "-l" "pthread" "-l" "c" "-l" "m" "-l" "rt" "-l" "util"
kablam!   = note: /usr/bin/ld: cannot find -lcgroup
kablam!           collect2: error: ld returned 1 exit status
kablam!           
kablam! 
kablam! error: aborting due to previous error
kablam! 
kablam! error: Could not compile `libcgroup`.
blam! Build failed, waiting for other jobs to finish...
kablam! error: linking with `cc` failed: exit code: 1
kablam!   |
kablam!   = note: "cc" "-Wl,--as-needed" "-Wl,-z,noexecstack" "-m64" "-L" "/rustup-home/toolchains/beta-x86_64-unknown-linux-gnu/lib/rustlib/x86_64-unknown-linux-gnu/lib" "/target/debug/deps/lib-e2aef66aa8ed79d0.0.o" "-o" "/target/debug/deps/lib-e2aef66aa8ed79d0" "-Wl,--gc-sections" "-pie" "-nodefaultlibs" "-L" "/target/debug/deps" "-L" "/rustup-home/toolchains/beta-x86_64-unknown-linux-gnu/lib/rustlib/x86_64-unknown-linux-gnu/lib" "-Wl,-Bstatic" "-Wl,-Bdynamic" "/target/debug/deps/liblibcgroup-9d3c4bf31a191d1f.rlib" "/rustup-home/toolchains/beta-x86_64-unknown-linux-gnu/lib/rustlib/x86_64-unknown-linux-gnu/lib/libtest-495f7d16c61e193e.rlib" "/target/debug/deps/liblibcgroup_sys-9f94b1dfd5360aa1.rlib" "/rustup-home/toolchains/beta-x86_64-unknown-linux-gnu/lib/rustlib/x86_64-unknown-linux-gnu/lib/libgetopts-e268adbf4cfcbb37.rlib" "/target/debug/deps/liblibc-2a4507ee5e52ea3e.rlib" "/rustup-home/toolchains/beta-x86_64-unknown-linux-gnu/lib/rustlib/x86_64-unknown-linux-gnu/lib/libterm-7fad624c8a987316.rlib" "/rustup-home/toolchains/beta-x86_64-unknown-linux-gnu/lib/rustlib/x86_64-unknown-linux-gnu/lib/libstd-dfc89321dbee872e.rlib" "/rustup-home/toolchains/beta-x86_64-unknown-linux-gnu/lib/rustlib/x86_64-unknown-linux-gnu/lib/libpanic_unwind-b9a1672c9b07eb79.rlib" "/rustup-home/toolchains/beta-x86_64-unknown-linux-gnu/lib/rustlib/x86_64-unknown-linux-gnu/lib/libunwind-2368fc95b0a72ca5.rlib" "/rustup-home/toolchains/beta-x86_64-unknown-linux-gnu/lib/rustlib/x86_64-unknown-linux-gnu/lib/librand-7b8c40539a92cc94.rlib" "/rustup-home/toolchains/beta-x86_64-unknown-linux-gnu/lib/rustlib/x86_64-unknown-linux-gnu/lib/libcollections-248c1fb3029c3b47.rlib" "/rustup-home/toolchains/beta-x86_64-unknown-linux-gnu/lib/rustlib/x86_64-unknown-linux-gnu/lib/liballoc-716ec913507cca23.rlib" "/rustup-home/toolchains/beta-x86_64-unknown-linux-gnu/lib/rustlib/x86_64-unknown-linux-gnu/lib/liballoc_jemalloc-73671a945a075b27.rlib" "/rustup-home/toolchains/beta-x86_64-unknown-linux-gnu/lib/rustlib/x86_64-unknown-linux-gnu/lib/liblibc-40657eb22c503f7a.rlib" "/rustup-home/toolchains/beta-x86_64-unknown-linux-gnu/lib/rustlib/x86_64-unknown-linux-gnu/lib/libstd_unicode-86ff76aef4ef75d0.rlib" "/rustup-home/toolchains/beta-x86_64-unknown-linux-gnu/lib/rustlib/x86_64-unknown-linux-gnu/lib/libcore-3f5cb0b311b4f9c5.rlib" "/rustup-home/toolchains/beta-x86_64-unknown-linux-gnu/lib/rustlib/x86_64-unknown-linux-gnu/lib/libcompiler_builtins-a27e0b02588f3694.rlib" "-l" "cgroup" "-l" "util" "-l" "dl" "-l" "rt" "-l" "pthread" "-l" "gcc_s" "-l" "pthread" "-l" "c" "-l" "m" "-l" "rt" "-l" "util"
kablam!   = note: /usr/bin/ld: cannot find -lcgroup
kablam!           collect2: error: ld returned 1 exit status
kablam!           
kablam! 
kablam! error: aborting due to previous error
kablam! 
kablam! error: build failed
boom! running `docker rm -f 78d788e4be92c5216d37c532ce809d3faed1ae5df100537efa067dfb7909b659`
blam! 78d788e4be92c5216d37c532ce809d3faed1ae5df100537efa067dfb7909b659
