boom! testing dylib-0.0.2 against stable for beta
boom! running: cargo +stable build --frozen
boom! creating container for: cargo +stable build --frozen
boom! running `docker create -v /home/ec2-user/cargobomb/./work/local/test-source/beta/stable:/source:ro -v /home/ec2-user/cargobomb/./work/local/cargo-home:/cargo-home:ro -v /home/ec2-user/cargobomb/./work/local/rustup-home:/rustup-home:ro -v /home/ec2-user/cargobomb/./work/local/target-dirs/beta/stable:/target:rw -e USER_ID=500 -e CMD=cargo +stable build --frozen cargobomb`
blam! 91f391377531a353e0feb6ca35266c369a39ff22e3c78023e495798523f1104a
boom! running `docker start -a 91f391377531a353e0feb6ca35266c369a39ff22e3c78023e495798523f1104a`
kablam!    Compiling dylib v0.0.2 (file:///source)
kablam!     Finished debug [unoptimized + debuginfo] target(s) in 0.71 secs
boom! running `docker rm -f 91f391377531a353e0feb6ca35266c369a39ff22e3c78023e495798523f1104a`
blam! 91f391377531a353e0feb6ca35266c369a39ff22e3c78023e495798523f1104a
boom! running: cargo +stable test --frozen --no-run
boom! creating container for: cargo +stable test --frozen --no-run
boom! running `docker create -v /home/ec2-user/cargobomb/./work/local/test-source/beta/stable:/source:ro -v /home/ec2-user/cargobomb/./work/local/cargo-home:/cargo-home:ro -v /home/ec2-user/cargobomb/./work/local/rustup-home:/rustup-home:ro -v /home/ec2-user/cargobomb/./work/local/target-dirs/beta/stable:/target:rw -e USER_ID=500 -e CMD=cargo +stable test --frozen --no-run cargobomb`
blam! c48e76a1c339292e571927ed50ff6629ee2a4132ef5de53ed5a1a4f3976c3a62
boom! running `docker start -a c48e76a1c339292e571927ed50ff6629ee2a4132ef5de53ed5a1a4f3976c3a62`
kablam!    Compiling dylib v0.0.2 (file:///source)
kablam! error[E0432]: unresolved import `path::Path`
kablam!    --> src/lib.rs:128:9
kablam!     |
kablam! 128 |     use path::Path;
kablam!     |         ^^^^^^^^^^ Did you mean `std::path`?
kablam! 
kablam! error[E0277]: the trait bound `[u8]: std::marker::Sized` is not satisfied
kablam!    --> src/lib.rs:166:13
kablam!     |
kablam! 166 |         let path = Path::new("/dev/null");
kablam!     |             ^^^^ the trait `std::marker::Sized` is not implemented for `[u8]`
kablam!     |
kablam!     = note: `[u8]` does not have a constant size known at compile-time
kablam!     = note: required because it appears within the type `std::path::Path`
kablam!     = note: all local variables must have a statically known size
kablam! 
kablam! error: aborting due to previous error
kablam! 
kablam! error: Could not compile `dylib`.
kablam! 
kablam! To learn more, run the command again with --verbose.
boom! running `docker rm -f c48e76a1c339292e571927ed50ff6629ee2a4132ef5de53ed5a1a4f3976c3a62`
blam! c48e76a1c339292e571927ed50ff6629ee2a4132ef5de53ed5a1a4f3976c3a62
boom! running: cargo +stable test --frozen
boom! creating container for: cargo +stable test --frozen
boom! running `docker create -v /home/ec2-user/cargobomb/./work/local/test-source/beta/stable:/source:ro -v /home/ec2-user/cargobomb/./work/local/cargo-home:/cargo-home:ro -v /home/ec2-user/cargobomb/./work/local/rustup-home:/rustup-home:ro -v /home/ec2-user/cargobomb/./work/local/target-dirs/beta/stable:/target:rw -e USER_ID=500 -e CMD=cargo +stable test --frozen cargobomb`
blam! 2e3f137a434f5b4b70cea40b9188c036afe5b163b535093bf0f2382313b8567a
boom! running `docker start -a 2e3f137a434f5b4b70cea40b9188c036afe5b163b535093bf0f2382313b8567a`
kablam!    Compiling dylib v0.0.2 (file:///source)
kablam! error[E0432]: unresolved import `path::Path`
kablam!    --> src/lib.rs:128:9
kablam!     |
kablam! 128 |     use path::Path;
kablam!     |         ^^^^^^^^^^ Did you mean `std::path`?
kablam! 
kablam! error[E0277]: the trait bound `[u8]: std::marker::Sized` is not satisfied
kablam!    --> src/lib.rs:166:13
kablam!     |
kablam! 166 |         let path = Path::new("/dev/null");
kablam!     |             ^^^^ the trait `std::marker::Sized` is not implemented for `[u8]`
kablam!     |
kablam!     = note: `[u8]` does not have a constant size known at compile-time
kablam!     = note: required because it appears within the type `std::path::Path`
kablam!     = note: all local variables must have a statically known size
kablam! 
kablam! error: aborting due to previous error
kablam! 
kablam! error: Could not compile `dylib`.
kablam! 
kablam! To learn more, run the command again with --verbose.
boom! running `docker rm -f 2e3f137a434f5b4b70cea40b9188c036afe5b163b535093bf0f2382313b8567a`
blam! 2e3f137a434f5b4b70cea40b9188c036afe5b163b535093bf0f2382313b8567a
