boom! testing https://github.com/japaric/svd2rust#d38e45e8a29d3fbc3a7564684426a0e1394ccfb3 against nightly for nightly
boom! running: cargo +nightly build --frozen
boom! creating container for: cargo +nightly build --frozen
boom! running `docker create -v /home/ec2-user/cargobomb/./work/local/test-source/nightly/nightly:/source:ro -v /home/ec2-user/cargobomb/./work/local/cargo-home:/cargo-home:ro -v /home/ec2-user/cargobomb/./work/local/rustup-home:/rustup-home:ro -v /home/ec2-user/cargobomb/./work/local/target-dirs/nightly/nightly:/target:rw -e USER_ID=500 -e CMD=cargo +nightly build --frozen cargobomb`
blam! 8a40062becfaa248ec53f8a45f989756f989447cea5e2f3a8e03ec21d0ac4934
boom! running `docker start -a 8a40062becfaa248ec53f8a45f989756f989447cea5e2f3a8e03ec21d0ac4934`
kablam!    Compiling either v1.0.2
kablam!    Compiling svd2rust v0.3.0 (file:///source)
kablam!    Compiling term_size v0.2.1
kablam!    Compiling xmltree v0.3.2
kablam!    Compiling syn v0.9.2
kablam!    Compiling clap v2.19.2
kablam!    Compiling svd-parser v0.3.0
kablam!     Finished dev [unoptimized + debuginfo] target(s) in 26.84 secs
boom! running `docker rm -f 8a40062becfaa248ec53f8a45f989756f989447cea5e2f3a8e03ec21d0ac4934`
blam! 8a40062becfaa248ec53f8a45f989756f989447cea5e2f3a8e03ec21d0ac4934
boom! running: cargo +nightly test --frozen --no-run
boom! creating container for: cargo +nightly test --frozen --no-run
boom! running `docker create -v /home/ec2-user/cargobomb/./work/local/test-source/nightly/nightly:/source:ro -v /home/ec2-user/cargobomb/./work/local/cargo-home:/cargo-home:ro -v /home/ec2-user/cargobomb/./work/local/rustup-home:/rustup-home:ro -v /home/ec2-user/cargobomb/./work/local/target-dirs/nightly/nightly:/target:rw -e USER_ID=500 -e CMD=cargo +nightly test --frozen --no-run cargobomb`
blam! 05c3ab4ec7518a71523d9c6f92e9de2e637cfb245ded1b5aebdb0ae2fee4f056
boom! running `docker start -a 05c3ab4ec7518a71523d9c6f92e9de2e637cfb245ded1b5aebdb0ae2fee4f056`
kablam!    Compiling svd2rust v0.3.0 (file:///source)
kablam!     Finished dev [unoptimized + debuginfo] target(s) in 4.57 secs
boom! running `docker rm -f 05c3ab4ec7518a71523d9c6f92e9de2e637cfb245ded1b5aebdb0ae2fee4f056`
blam! 05c3ab4ec7518a71523d9c6f92e9de2e637cfb245ded1b5aebdb0ae2fee4f056
boom! running: cargo +nightly test --frozen
boom! creating container for: cargo +nightly test --frozen
boom! running `docker create -v /home/ec2-user/cargobomb/./work/local/test-source/nightly/nightly:/source:ro -v /home/ec2-user/cargobomb/./work/local/cargo-home:/cargo-home:ro -v /home/ec2-user/cargobomb/./work/local/rustup-home:/rustup-home:ro -v /home/ec2-user/cargobomb/./work/local/target-dirs/nightly/nightly:/target:rw -e USER_ID=500 -e CMD=cargo +nightly test --frozen cargobomb`
blam! 44a733c7b011527bc0d65b873eb1a657df1610fbcd4c5904d7b9eeb699bbd853
boom! running `docker start -a 44a733c7b011527bc0d65b873eb1a657df1610fbcd4c5904d7b9eeb699bbd853`
kablam!     Finished dev [unoptimized + debuginfo] target(s) in 0.0 secs
kablam!      Running /target/debug/deps/svd2rust-a29e9300fc6f576e
blam! 
blam! running 0 tests
blam! 
blam! test result: ok. 0 passed; 0 failed; 0 ignored; 0 measured
blam! 
kablam!      Running /target/debug/deps/svd2rust-09d9728bf0d4abf2
blam! 
blam! running 0 tests
blam! 
blam! test result: ok. 0 passed; 0 failed; 0 ignored; 0 measured
blam! 
kablam!    Doc-tests svd2rust
blam! 
blam! running 19 tests
blam! test src/lib.rs -  (line 178) ... FAILED
blam! test src/lib.rs -  (line 194) ... FAILED
blam! test src/lib.rs -  (line 119) ... FAILED
blam! test src/lib.rs -  (line 151) ... FAILED
blam! test src/lib.rs -  (line 16) ... FAILED
blam! test src/lib.rs -  (line 236) ... FAILED
blam! test src/lib.rs -  (line 260) ... FAILED
blam! test src/lib.rs -  (line 213) ... FAILED
blam! test src/lib.rs -  (line 280) ... FAILED
blam! test src/lib.rs -  (line 290) ... FAILED
blam! test src/lib.rs -  (line 300) ... FAILED
blam! test src/lib.rs -  (line 313) ... FAILED
blam! test src/lib.rs -  (line 323) ... FAILED
blam! test src/lib.rs -  (line 332) ... FAILED
blam! test src/lib.rs -  (line 340) ... FAILED
blam! test src/lib.rs -  (line 58) ... FAILED
blam! test src/lib.rs -  (line 33) ... FAILED
blam! test src/lib.rs -  (line 93) ... FAILED
blam! test src/lib.rs -  (line 7) ... FAILED
blam! 
blam! failures:
blam! 
blam! ---- src/lib.rs -  (line 178) stdout ----
blam! 	error: expected one of `const`, `default`, `extern`, `fn`, `pub`, `type`, `unsafe`, or `}`, found `(`
blam!   --> <anon>:10:5
blam!    |
blam! 10 |     (..)
blam!    |     ^
blam! 
blam! error: expected item, found `}`
blam!   --> <anon>:12:1
blam!    |
blam! 12 | }
blam!    | ^
blam! 
blam! error: aborting due to previous error(s)
blam! 
blam! thread 'rustc' panicked at 'Box<Any>', /checkout/src/librustc/session/mod.rs:203
blam! note: Run with `RUST_BACKTRACE=1` for a backtrace.
blam! 
blam! ---- src/lib.rs -  (line 194) stdout ----
blam! 	error[E0425]: cannot find value `i2c1` in this scope
blam!  --> <anon>:3:4
blam!   |
blam! 3 | if i2c1.c2r.read().sadd0().bits() == 1 {
blam!   |    ^^^^ not found in this scope
blam! 
blam! error: aborting due to previous error(s)
blam! 
blam! thread 'rustc' panicked at 'Box<Any>', /checkout/src/librustc/session/mod.rs:203
blam! 
blam! ---- src/lib.rs -  (line 119) stdout ----
blam! 	error[E0412]: cannot find type `I2C` in this scope
blam!  --> <anon>:7:38
blam!   |
blam! 7 | pub unsafe fn i2c1() -> &'static mut I2C {
blam!   |                                      ^^^ not found in this scope
blam! 
blam! error[E0412]: cannot find type `I2c` in this scope
blam!  --> <anon>:8:34
blam!   |
blam! 8 |     unsafe { &mut *(I2C1 as *mut I2c) }
blam!   |                                  ^^^ not found in this scope
blam! 
blam! error[E0412]: cannot find type `I2C` in this scope
blam!   --> <anon>:11:27
blam!    |
blam! 11 | pub fn i2c2() -> &'static I2C {
blam!    |                           ^^^ not found in this scope
blam! 
blam! error[E0412]: cannot find type `I2c` in this scope
blam!   --> <anon>:12:32
blam!    |
blam! 12 |     unsafe { &*(I2C2 as *const I2c) }
blam!    |                                ^^^ not found in this scope
blam! 
blam! error: aborting due to previous error(s)
blam! 
blam! thread 'rustc' panicked at 'Box<Any>', /checkout/src/librustc/session/mod.rs:203
blam! 
blam! ---- src/lib.rs -  (line 151) stdout ----
blam! 	error[E0412]: cannot find type `Cr2` in this scope
blam!  --> <anon>:2:6
blam!   |
blam! 2 | impl Cr2 {
blam!   |      ^^^ not found in this scope
blam! 
blam! error[E0412]: cannot find type `R` in this scope
blam!  --> <anon>:5:34
blam!   |
blam! 5 |         where for<'w> F: FnOnce(&R, &'w mut W) -> &'w mut W
blam!   |                                  ^ did you mean `F`?
blam! 
blam! error[E0412]: cannot find type `W` in this scope
blam!  --> <anon>:5:45
blam!   |
blam! 5 |         where for<'w> F: FnOnce(&R, &'w mut W) -> &'w mut W
blam!   |                                             ^ did you mean `F`?
blam! 
blam! error[E0412]: cannot find type `W` in this scope
blam!  --> <anon>:5:59
blam!   |
blam! 5 |         where for<'w> F: FnOnce(&R, &'w mut W) -> &'w mut W
blam!   |                                                           ^ did you mean `F`?
blam! 
blam! error[E0412]: cannot find type `R` in this scope
blam!   --> <anon>:11:27
blam!    |
blam! 11 |     pub fn read(&self) -> R { .. }
blam!    |                           ^ not found in this scope
blam! 
blam! error[E0412]: cannot find type `W` in this scope
blam!   --> <anon>:15:30
blam!    |
blam! 15 |         where F: FnOnce(&mut W) -> &mut W,
blam!    |                              ^ did you mean `F`?
blam! 
blam! error[E0412]: cannot find type `W` in this scope
blam!   --> <anon>:15:41
blam!    |
blam! 15 |         where F: FnOnce(&mut W) -> &mut W,
blam!    |                                         ^ did you mean `F`?
blam! 
blam! error[E0308]: mismatched types
blam!  --> <anon>:7:9
blam!   |
blam! 7 |         ..
blam!   |         --
blam!   |         |
blam!   |         expected (), found struct `std::ops::RangeFull`
blam!   |         in this macro invocation
blam!   |
blam!   = note: expected type `()`
blam!              found type `std::ops::RangeFull`
blam! 
blam! error[E0308]: mismatched types
blam!   --> <anon>:17:9
blam!    |
blam! 17 |         ..
blam!    |         --
blam!    |         |
blam!    |         expected (), found struct `std::ops::RangeFull`
blam!    |         in this macro invocation
blam!    |
blam!    = note: expected type `()`
blam!               found type `std::ops::RangeFull`
blam! 
blam! error: aborting due to previous error(s)
blam! 
blam! thread 'rustc' panicked at 'Box<Any>', /checkout/src/librustc/session/mod.rs:203
blam! 
blam! ---- src/lib.rs -  (line 16) stdout ----
blam! 	error: expected expression, found `$`
blam!  --> <anon>:3:1
blam!   |
blam! 3 | $ svd2rust -i STM32F30x.svd
blam!   | ^
blam! 
blam! error: aborting due to previous error(s)
blam! 
blam! thread 'rustc' panicked at 'Box<Any>', /checkout/src/librustc/session/mod.rs:203
blam! 
blam! ---- src/lib.rs -  (line 236) stdout ----
blam! 	error[E0425]: cannot find value `i2c1` in this scope
blam!  --> <anon>:5:1
blam!   |
blam! 5 | i2c1.cr2.write(|w| unsafe { w.sadd0().bits(1).sadd1().bits(0b0011110) });
blam!   | ^^^^ not found in this scope
blam! 
blam! error: aborting due to previous error(s)
blam! 
blam! thread 'rustc' panicked at 'Box<Any>', /checkout/src/librustc/session/mod.rs:203
blam! 
blam! ---- src/lib.rs -  (line 260) stdout ----
blam! 	error[E0425]: cannot find value `i2c1` in this scope
blam!  --> <anon>:3:1
blam!   |
blam! 3 | i2c1.cr2.modify(|_, w| unsafe { w.start().bits(1) });
blam!   | ^^^^ not found in this scope
blam! 
blam! error[E0425]: cannot find value `i2c1` in this scope
blam!  --> <anon>:6:1
blam!   |
blam! 6 | i2c1.cr2.modify(|r, w| w.stop().bits(r.stop().bits() ^ 1));
blam!   | ^^^^ not found in this scope
blam! 
blam! error: aborting due to previous error(s)
blam! 
blam! thread 'rustc' panicked at 'Box<Any>', /checkout/src/librustc/session/mod.rs:203
blam! 
blam! ---- src/lib.rs -  (line 213) stdout ----
blam! 	error[E0412]: cannot find type `Cr2W` in this scope
blam!  --> <anon>:2:6
blam!   |
blam! 2 | impl Cr2W {
blam!   |      ^^^^ not found in this scope
blam! 
blam! error[E0422]: cannot find struct, variant or union type `Cr2W` in this scope
blam!  --> <anon>:5:9
blam!   |
blam! 5 |         Cr2W { bits: 0 }
blam!   |         ^^^^ not found in this scope
blam! 
blam! error[E0412]: cannot find type `_Sadd1W` in this scope
blam!  --> <anon>:9:32
blam!   |
blam! 9 |     pub fn sadd1(&mut self) -> _Sadd1W { .. }
blam!   |                                ^^^^^^^ not found in this scope
blam! 
blam! error[E0412]: cannot find type `_Sadd0` in this scope
blam!   --> <anon>:12:32
blam!    |
blam! 12 |     pub fn sadd0(&mut self) -> _Sadd0 { .. }
blam!    |                                ^^^^^^ not found in this scope
blam! 
blam! error: aborting due to previous error(s)
kablam! error: test failed
blam! 
blam! thread 'rustc' panicked at 'Box<Any>', /checkout/src/librustc/session/mod.rs:203
blam! 
blam! ---- src/lib.rs -  (line 280) stdout ----
blam! 	error[E0425]: cannot find value `gpioa` in this scope
blam!  --> <anon>:2:7
blam!   |
blam! 2 | match gpioa.dir.read().pin0() {
blam!   |       ^^^^^ not found in this scope
blam! 
blam! error[E0433]: failed to resolve. Use of undeclared type or module `gpio`
blam!  --> <anon>:3:5
blam!   |
blam! 3 |     gpio::dir::DirR::Input => { .. },
blam!   |     ^^^^^^^^^^^^^^^^^^^^^^ Use of undeclared type or module `gpio`
blam! 
blam! error[E0433]: failed to resolve. Use of undeclared type or module `gpio`
blam!  --> <anon>:4:5
blam!   |
blam! 4 |     gpio::dir::DirR::Output => { .. },
blam!   |     ^^^^^^^^^^^^^^^^^^^^^^^ Use of undeclared type or module `gpio`
blam! 
blam! error[E0308]: mismatched types
blam!  --> <anon>:3:33
blam!   |
blam! 3 |     gpio::dir::DirR::Input => { .. },
blam!   |                                 --
blam!   |                                 |
blam!   |                                 expected (), found struct `std::ops::RangeFull`
blam!   |                                 in this macro invocation
blam!   |
blam!   = note: expected type `()`
blam!              found type `std::ops::RangeFull`
blam! 
blam! error[E0308]: mismatched types
blam!  --> <anon>:4:34
blam!   |
blam! 4 |     gpio::dir::DirR::Output => { .. },
blam!   |                                  --
blam!   |                                  |
blam!   |                                  expected (), found struct `std::ops::RangeFull`
blam!   |                                  in this macro invocation
blam!   |
blam!   = note: expected type `()`
blam!              found type `std::ops::RangeFull`
blam! 
blam! error: aborting due to previous error(s)
blam! 
blam! thread 'rustc' panicked at 'Box<Any>', /checkout/src/librustc/session/mod.rs:203
blam! 
blam! ---- src/lib.rs -  (line 290) stdout ----
blam! 	error[E0425]: cannot find value `gpioa` in this scope
blam!  --> <anon>:2:4
blam!   |
blam! 2 | if gpioa.dir.read().pin0() == gpio::dir::DirR::Input {
blam!   |    ^^^^^ not found in this scope
blam! 
blam! error[E0433]: failed to resolve. Use of undeclared type or module `gpio`
blam!  --> <anon>:2:31
blam!   |
blam! 2 | if gpioa.dir.read().pin0() == gpio::dir::DirR::Input {
blam!   |                               ^^^^^^^^^^^^^^^^^^^^^^ Use of undeclared type or module `gpio`
blam! 
blam! error[E0308]: mismatched types
blam!  --> <anon>:3:5
blam!   |
blam! 3 |     ..
blam!   |     --
blam!   |     |
blam!   |     expected (), found struct `std::ops::RangeFull`
blam!   |     in this macro invocation
blam!   |
blam!   = note: expected type `()`
blam!              found type `std::ops::RangeFull`
blam! 
blam! error: aborting due to previous error(s)
blam! 
blam! thread 'rustc' panicked at 'Box<Any>', /checkout/src/librustc/session/mod.rs:203
blam! 
blam! ---- src/lib.rs -  (line 300) stdout ----
blam! 	error[E0425]: cannot find value `gpioa` in this scope
blam!  --> <anon>:2:4
blam!   |
blam! 2 | if gpioa.dir.read().pin0().is_input() {
blam!   |    ^^^^^ not found in this scope
blam! 
blam! error[E0425]: cannot find value `gpioa` in this scope
blam!  --> <anon>:6:4
blam!   |
blam! 6 | if gpioa.dir.read().pin0().is_output() {
blam!   |    ^^^^^ not found in this scope
blam! 
blam! error[E0308]: mismatched types
blam!  --> <anon>:3:5
blam!   |
blam! 3 |     ..
blam!   |     --
blam!   |     |
blam!   |     expected (), found struct `std::ops::RangeFull`
blam!   |     in this macro invocation
blam!   |
blam!   = note: expected type `()`
blam!              found type `std::ops::RangeFull`
blam! 
blam! error[E0308]: mismatched types
blam!  --> <anon>:7:5
blam!   |
blam! 7 |     ..
blam!   |     --
blam!   |     |
blam!   |     expected (), found struct `std::ops::RangeFull`
blam!   |     in this macro invocation
blam!   |
blam!   = note: expected type `()`
blam!              found type `std::ops::RangeFull`
blam! 
blam! error: aborting due to previous error(s)
blam! 
blam! thread 'rustc' panicked at 'Box<Any>', /checkout/src/librustc/session/mod.rs:203
blam! 
blam! ---- src/lib.rs -  (line 313) stdout ----
blam! 	error[E0425]: cannot find value `gpioa` in this scope
blam!  --> <anon>:2:4
blam!   |
blam! 2 | if gpioa.dir.read().pin0().bits() == 0 {
blam!   |    ^^^^^ not found in this scope
blam! 
blam! error[E0308]: mismatched types
blam!  --> <anon>:3:5
blam!   |
blam! 3 |     ..
blam!   |     --
blam!   |     |
blam!   |     expected (), found struct `std::ops::RangeFull`
blam!   |     in this macro invocation
blam!   |
blam!   = note: expected type `()`
blam!              found type `std::ops::RangeFull`
blam! 
blam! error: aborting due to previous error(s)
blam! 
blam! thread 'rustc' panicked at 'Box<Any>', /checkout/src/librustc/session/mod.rs:203
blam! 
blam! ---- src/lib.rs -  (line 323) stdout ----
blam! 	error[E0425]: cannot find value `gpioa` in this scope
blam!  --> <anon>:3:1
blam!   |
blam! 3 | gpioa.dir.write(|w| w.pin0().variant(gpio::dir::DirW::Output));
blam!   | ^^^^^ not found in this scope
blam! 
blam! error[E0433]: failed to resolve. Use of undeclared type or module `gpio`
blam!  --> <anon>:3:38
blam!   |
blam! 3 | gpioa.dir.write(|w| w.pin0().variant(gpio::dir::DirW::Output));
blam!   |                                      ^^^^^^^^^^^^^^^^^^^^^^^ Use of undeclared type or module `gpio`
blam! 
blam! error: aborting due to previous error(s)
blam! 
blam! thread 'rustc' panicked at 'Box<Any>', /checkout/src/librustc/session/mod.rs:203
blam! 
blam! ---- src/lib.rs -  (line 332) stdout ----
blam! 	error[E0425]: cannot find value `gpioa` in this scope
blam!  --> <anon>:2:1
blam!   |
blam! 2 | gpioa.dir.write(|w| w.pin0().output());
blam!   | ^^^^^ not found in this scope
blam! 
blam! error: aborting due to previous error(s)
blam! 
blam! thread 'rustc' panicked at 'Box<Any>', /checkout/src/librustc/session/mod.rs:203
blam! 
blam! ---- src/lib.rs -  (line 340) stdout ----
blam! 	error[E0425]: cannot find value `gpioa` in this scope
blam!  --> <anon>:3:1
blam!   |
blam! 3 | gpioa.dir.write(|w| w.pin0().bits(1));
blam!   | ^^^^^ not found in this scope
blam! 
blam! error: aborting due to previous error(s)
blam! 
blam! thread 'rustc' panicked at 'Box<Any>', /checkout/src/librustc/session/mod.rs:203
blam! 
blam! ---- src/lib.rs -  (line 58) stdout ----
blam! 	error[E0412]: cannot find type `Cr1` in this scope
blam!  --> <anon>:6:14
blam!   |
blam! 6 |     pub cr1: Cr1,
blam!   |              ^^^ not found in this scope
blam! 
blam! error[E0412]: cannot find type `Cr2` in this scope
blam!  --> <anon>:8:14
blam!   |
blam! 8 |     pub cr2: Cr2,
blam!   |              ^^^ not found in this scope
blam! 
blam! error[E0412]: cannot find type `Oar1` in this scope
blam!   --> <anon>:10:15
blam!    |
blam! 10 |     pub oar1: Oar1,
blam!    |               ^^^^ not found in this scope
blam! 
blam! error[E0412]: cannot find type `Oar2` in this scope
blam!   --> <anon>:12:15
blam!    |
blam! 12 |     pub oar2: Oar2,
blam!    |               ^^^^ not found in this scope
blam! 
blam! error[E0412]: cannot find type `Timingr` in this scope
blam!   --> <anon>:14:18
blam!    |
blam! 14 |     pub timingr: Timingr,
blam!    |                  ^^^^^^^ not found in this scope
blam! 
blam! error[E0412]: cannot find type `Timeoutr` in this scope
blam!   --> <anon>:16:19
blam!    |
blam! 16 |     pub timeoutr: Timeoutr,
blam!    |                   ^^^^^^^^ not found in this scope
blam! 
blam! error[E0412]: cannot find type `Isr` in this scope
blam!   --> <anon>:18:14
blam!    |
blam! 18 |     pub isr: Isr,
blam!    |              ^^^ not found in this scope
blam! 
blam! error[E0412]: cannot find type `Icr` in this scope
blam!   --> <anon>:20:14
blam!    |
blam! 20 |     pub icr: Icr,
blam!    |              ^^^ not found in this scope
blam! 
blam! error[E0412]: cannot find type `Pecr` in this scope
blam!   --> <anon>:22:15
blam!    |
blam! 22 |     pub pecr: Pecr,
blam!    |               ^^^^ not found in this scope
blam! 
blam! error[E0412]: cannot find type `Rxdr` in this scope
blam!   --> <anon>:24:15
blam!    |
blam! 24 |     pub rxdr: Rxdr,
blam!    |               ^^^^ not found in this scope
blam! 
blam! error[E0412]: cannot find type `Txdr` in this scope
blam!   --> <anon>:26:15
blam!    |
blam! 26 |     pub txdr: Txdr,
blam!    |               ^^^^ not found in this scope
blam! 
blam! error: aborting due to previous error(s)
blam! 
blam! thread 'rustc' panicked at 'Box<Any>', /checkout/src/librustc/session/mod.rs:203
blam! 
blam! ---- src/lib.rs -  (line 33) stdout ----
blam! 	error: this file contains an un-closed delimiter
blam!   --> <anon>:16:2
blam!    |
blam! 16 | }
blam!    |  ^
blam!    |
blam! help: did you mean to close this delimiter?
blam!   --> <anon>:2:11
blam!    |
blam! 2  | fn main() {
blam!    |           ^
blam! 
blam! error: expected expression, found `$`
blam!  --> <anon>:3:1
blam!   |
blam! 3 | $ svd2rust -i STM32F30x.svd rcc | head
blam!   | ^
blam! 
blam! error: aborting due to previous error(s)
blam! 
blam! thread 'rustc' panicked at 'Box<Any>', /checkout/src/librustc/session/mod.rs:203
blam! 
blam! ---- src/lib.rs -  (line 93) stdout ----
blam! 	error[E0428]: a value named `I2C1` has already been defined in this block
blam!  --> <anon>:7:5
blam!   |
blam! 4 |     pub static mut I2C1: I2c;
blam!   |     ------------------------- previous definition of `I2C1` here
blam! ...
blam! 7 |     pub static I2C1: I2c;
blam!   |     ^^^^^^^^^^^^^^^^^^^^^ `I2C1` already defined
blam! 
blam! error[E0412]: cannot find type `I2c` in this scope
blam!  --> <anon>:4:26
blam!   |
blam! 4 |     pub static mut I2C1: I2c;
blam!   |                          ^^^ not found in this scope
blam! 
blam! error[E0412]: cannot find type `I2c` in this scope
blam!  --> <anon>:7:22
blam!   |
blam! 7 |     pub static I2C1: I2c;
blam!   |                      ^^^ not found in this scope
blam! 
blam! error: aborting due to previous error(s)
blam! 
blam! thread 'rustc' panicked at 'Box<Any>', /checkout/src/librustc/session/mod.rs:203
blam! 
blam! ---- src/lib.rs -  (line 7) stdout ----
blam! 	error: expected expression, found `$`
blam!  --> <anon>:3:1
blam!   |
blam! 3 | $ cargo install svd2rust
blam!   | ^
blam! 
blam! error: aborting due to previous error(s)
blam! 
blam! thread 'rustc' panicked at 'Box<Any>', /checkout/src/librustc/session/mod.rs:203
blam! 
blam! 
blam! failures:
blam!     src/lib.rs -  (line 119)
blam!     src/lib.rs -  (line 151)
blam!     src/lib.rs -  (line 16)
blam!     src/lib.rs -  (line 178)
blam!     src/lib.rs -  (line 194)
blam!     src/lib.rs -  (line 213)
blam!     src/lib.rs -  (line 236)
blam!     src/lib.rs -  (line 260)
blam!     src/lib.rs -  (line 280)
blam!     src/lib.rs -  (line 290)
blam!     src/lib.rs -  (line 300)
blam!     src/lib.rs -  (line 313)
blam!     src/lib.rs -  (line 323)
blam!     src/lib.rs -  (line 33)
blam!     src/lib.rs -  (line 332)
blam!     src/lib.rs -  (line 340)
blam!     src/lib.rs -  (line 58)
blam!     src/lib.rs -  (line 7)
blam!     src/lib.rs -  (line 93)
blam! 
blam! test result: FAILED. 0 passed; 19 failed; 0 ignored; 0 measured
blam! 
boom! running `docker rm -f 44a733c7b011527bc0d65b873eb1a657df1610fbcd4c5904d7b9eeb699bbd853`
blam! 44a733c7b011527bc0d65b873eb1a657df1610fbcd4c5904d7b9eeb699bbd853
