boom! testing crowbook-localize-0.1.0 against nightly for nightly
boom! running: cargo +nightly build --frozen
boom! creating container for: cargo +nightly build --frozen
boom! running `docker create -v /home/ec2-user/cargobomb/./work/local/test-source/nightly/nightly:/source:ro -v /home/ec2-user/cargobomb/./work/local/cargo-home:/cargo-home:ro -v /home/ec2-user/cargobomb/./work/local/rustup-home:/rustup-home:ro -v /home/ec2-user/cargobomb/./work/local/target-dirs/nightly/nightly:/target:rw -e USER_ID=500 -e CMD=cargo +nightly build --frozen cargobomb`
blam! a2a45f1c4e1f29173942a9c5b31cec0b87f4affa865b821eedeb090cf2278d38
boom! running `docker start -a a2a45f1c4e1f29173942a9c5b31cec0b87f4affa865b821eedeb090cf2278d38`
kablam!    Compiling crowbook-localize v0.1.0 (file:///source)
kablam!     Finished dev [unoptimized + debuginfo] target(s) in 3.48 secs
boom! running `docker rm -f a2a45f1c4e1f29173942a9c5b31cec0b87f4affa865b821eedeb090cf2278d38`
blam! a2a45f1c4e1f29173942a9c5b31cec0b87f4affa865b821eedeb090cf2278d38
boom! running: cargo +nightly test --frozen --no-run
boom! creating container for: cargo +nightly test --frozen --no-run
boom! running `docker create -v /home/ec2-user/cargobomb/./work/local/test-source/nightly/nightly:/source:ro -v /home/ec2-user/cargobomb/./work/local/cargo-home:/cargo-home:ro -v /home/ec2-user/cargobomb/./work/local/rustup-home:/rustup-home:ro -v /home/ec2-user/cargobomb/./work/local/target-dirs/nightly/nightly:/target:rw -e USER_ID=500 -e CMD=cargo +nightly test --frozen --no-run cargobomb`
blam! 82d1b5da9c7e0a0a9be8468b13f15c3495c41ab55ce8ec3c1ecc28c202966728
boom! running `docker start -a 82d1b5da9c7e0a0a9be8468b13f15c3495c41ab55ce8ec3c1ecc28c202966728`
kablam!    Compiling crowbook-localize v0.1.0 (file:///source)
kablam! error[E0463]: can't find crate for `crowbook_intl`
kablam!  --> examples/extract.rs:1:1
kablam!   |
kablam! 1 | extern crate crowbook_intl;
kablam!   | ^^^^^^^^^^^^^^^^^^^^^^^^^^^ can't find crate
kablam! 
kablam! error: aborting due to previous error
kablam! 
kablam! error: Could not compile `crowbook-localize`.
blam! Build failed, waiting for other jobs to finish...
kablam! error[E0463]: can't find crate for `crowbook_intl`
kablam!  --> examples/macrogen.rs:1:1
kablam!   |
kablam! 1 | extern crate crowbook_intl;
kablam!   | ^^^^^^^^^^^^^^^^^^^^^^^^^^^ can't find crate
kablam! 
kablam! error: aborting due to previous error
kablam! 
kablam! error: Could not compile `crowbook-localize`.
blam! Build failed, waiting for other jobs to finish...
kablam! error: build failed
boom! running `docker rm -f 82d1b5da9c7e0a0a9be8468b13f15c3495c41ab55ce8ec3c1ecc28c202966728`
blam! 82d1b5da9c7e0a0a9be8468b13f15c3495c41ab55ce8ec3c1ecc28c202966728
boom! running: cargo +nightly test --frozen
boom! creating container for: cargo +nightly test --frozen
boom! running `docker create -v /home/ec2-user/cargobomb/./work/local/test-source/nightly/nightly:/source:ro -v /home/ec2-user/cargobomb/./work/local/cargo-home:/cargo-home:ro -v /home/ec2-user/cargobomb/./work/local/rustup-home:/rustup-home:ro -v /home/ec2-user/cargobomb/./work/local/target-dirs/nightly/nightly:/target:rw -e USER_ID=500 -e CMD=cargo +nightly test --frozen cargobomb`
blam! 5179ecd1f6e907671ab71795daf7534e46cc390fe39cda40c3f33b6b450ccb69
boom! running `docker start -a 5179ecd1f6e907671ab71795daf7534e46cc390fe39cda40c3f33b6b450ccb69`
kablam!    Compiling crowbook-localize v0.1.0 (file:///source)
kablam! error[E0463]: can't find crate for `crowbook_intl`
kablam!  --> examples/extract.rs:1:1
kablam!   |
kablam! 1 | extern crate crowbook_intl;
kablam!   | ^^^^^^^^^^^^^^^^^^^^^^^^^^^ can't find crate
kablam! 
kablam! error: aborting due to previous error
kablam! 
kablam! error[E0463]: can't find crate for `crowbook_intl`
kablam!  --> examples/macrogen.rs:1:1
kablam!   |
kablam! 1 | extern crate crowbook_intl;
kablam!   | ^^^^^^^^^^^^^^^^^^^^^^^^^^^ can't find crate
kablam! 
kablam! error: aborting due to previous error
kablam! 
kablam! error: Could not compile `crowbook-localize`.
blam! Build failed, waiting for other jobs to finish...
kablam! error: build failed
boom! running `docker rm -f 5179ecd1f6e907671ab71795daf7534e46cc390fe39cda40c3f33b6b450ccb69`
blam! 5179ecd1f6e907671ab71795daf7534e46cc390fe39cda40c3f33b6b450ccb69
