boom! testing r2d2_sqlite-0.1.1 against stable for beta
boom! running: cargo +stable build --frozen
boom! creating container for: cargo +stable build --frozen
boom! running `docker create -v /home/ec2-user/cargobomb/./work/local/test-source/beta/stable:/source:ro -v /home/ec2-user/cargobomb/./work/local/cargo-home:/cargo-home:ro -v /home/ec2-user/cargobomb/./work/local/rustup-home:/rustup-home:ro -v /home/ec2-user/cargobomb/./work/local/target-dirs/beta/stable:/target:rw -e USER_ID=500 -e CMD=cargo +stable build --frozen cargobomb`
blam! b5600ef32d6d730b46b299bdc2cdb109c61659be80063c4088b8159c457fc223
boom! running `docker start -a b5600ef32d6d730b46b299bdc2cdb109c61659be80063c4088b8159c457fc223`
kablam!    Compiling r2d2_sqlite v0.1.1 (file:///source)
kablam!     Finished debug [unoptimized + debuginfo] target(s) in 0.60 secs
boom! running `docker rm -f b5600ef32d6d730b46b299bdc2cdb109c61659be80063c4088b8159c457fc223`
blam! b5600ef32d6d730b46b299bdc2cdb109c61659be80063c4088b8159c457fc223
boom! running: cargo +stable test --frozen --no-run
boom! creating container for: cargo +stable test --frozen --no-run
boom! running `docker create -v /home/ec2-user/cargobomb/./work/local/test-source/beta/stable:/source:ro -v /home/ec2-user/cargobomb/./work/local/cargo-home:/cargo-home:ro -v /home/ec2-user/cargobomb/./work/local/rustup-home:/rustup-home:ro -v /home/ec2-user/cargobomb/./work/local/target-dirs/beta/stable:/target:rw -e USER_ID=500 -e CMD=cargo +stable test --frozen --no-run cargobomb`
blam! b9265fffc895ab39685eec2f86537c56d91f153755b2ee6e3e3e0ba6896ed537
boom! running `docker start -a b9265fffc895ab39685eec2f86537c56d91f153755b2ee6e3e3e0ba6896ed537`
kablam!    Compiling r2d2_sqlite v0.1.1 (file:///source)
kablam! error: linking with `cc` failed: exit code: 1
kablam!   |
kablam!   = note: "cc" "-Wl,--as-needed" "-Wl,-z,noexecstack" "-m64" "-L" "/rustup-home/toolchains/stable-x86_64-unknown-linux-gnu/lib/rustlib/x86_64-unknown-linux-gnu/lib" "/target/debug/deps/test-c7105cdad259f8e8.0.o" "-o" "/target/debug/deps/test-c7105cdad259f8e8" "-Wl,--gc-sections" "-pie" "-nodefaultlibs" "-L" "/target/debug/deps" "-L" "/rustup-home/toolchains/stable-x86_64-unknown-linux-gnu/lib/rustlib/x86_64-unknown-linux-gnu/lib" "-Wl,-Bstatic" "-Wl,-Bdynamic" "/target/debug/deps/libr2d2_sqlite-3b4b9e5bad9b6451.rlib" "/target/debug/deps/librusqlite-f23485c22a96a161.rlib" "/target/debug/deps/libtime-53238cb92943b947.rlib" "/target/debug/deps/liblru_cache-2b7d03af29d0b249.rlib" "/target/debug/deps/liblinked_hash_map-0d978cfaae95ecfb.rlib" "/target/debug/deps/libr2d2-0349ff823234f6f8.rlib" "/target/debug/deps/liblog-1ce22d3a92f37841.rlib" "/rustup-home/toolchains/stable-x86_64-unknown-linux-gnu/lib/rustlib/x86_64-unknown-linux-gnu/lib/libtest-dd7007be8bc832b7.rlib" "/rustup-home/toolchains/stable-x86_64-unknown-linux-gnu/lib/rustlib/x86_64-unknown-linux-gnu/lib/libterm-19e7cee83d8001c7.rlib" "/target/debug/deps/liblibsqlite3_sys-af673cc6c3380f99.rlib" "/target/debug/deps/libbitflags-725a4e5043ace390.rlib" "/target/debug/deps/libantidote-69fa285e60783d3e.rlib" "/target/debug/deps/libtempdir-a1768611d043aa5e.rlib" "/target/debug/deps/librand-26cfd8d095643d5f.rlib" "/target/debug/deps/liblibc-83c2bd88b43ecde3.rlib" "/rustup-home/toolchains/stable-x86_64-unknown-linux-gnu/lib/rustlib/x86_64-unknown-linux-gnu/lib/libgetopts-58bde84252e1d985.rlib" "/rustup-home/toolchains/stable-x86_64-unknown-linux-gnu/lib/rustlib/x86_64-unknown-linux-gnu/lib/libstd-2ddb28df747fcb8c.rlib" "/rustup-home/toolchains/stable-x86_64-unknown-linux-gnu/lib/rustlib/x86_64-unknown-linux-gnu/lib/libpanic_unwind-21709492a058d9ce.rlib" "/rustup-home/toolchains/stable-x86_64-unknown-linux-gnu/lib/rustlib/x86_64-unknown-linux-gnu/lib/libunwind-e19aa6725ab01bfd.rlib" "/rustup-home/toolchains/stable-x86_64-unknown-linux-gnu/lib/rustlib/x86_64-unknown-linux-gnu/lib/librand-99ff2e008613b591.rlib" "/rustup-home/toolchains/stable-x86_64-unknown-linux-gnu/lib/rustlib/x86_64-unknown-linux-gnu/lib/libcollections-e2513aecb8fbb70c.rlib" "/rustup-home/toolchains/stable-x86_64-unknown-linux-gnu/lib/rustlib/x86_64-unknown-linux-gnu/lib/liballoc-f3200ab7e7fe644c.rlib" "/rustup-home/toolchains/stable-x86_64-unknown-linux-gnu/lib/rustlib/x86_64-unknown-linux-gnu/lib/liballoc_jemalloc-e83ac2302b5439a3.rlib" "/rustup-home/toolchains/stable-x86_64-unknown-linux-gnu/lib/rustlib/x86_64-unknown-linux-gnu/lib/liblibc-dba58b8da674d203.rlib" "/rustup-home/toolchains/stable-x86_64-unknown-linux-gnu/lib/rustlib/x86_64-unknown-linux-gnu/lib/libstd_unicode-6d4348bcabf40a71.rlib" "/rustup-home/toolchains/stable-x86_64-unknown-linux-gnu/lib/rustlib/x86_64-unknown-linux-gnu/lib/libcore-9f45c45fdcba4301.rlib" "/rustup-home/toolchains/stable-x86_64-unknown-linux-gnu/lib/rustlib/x86_64-unknown-linux-gnu/lib/libcompiler_builtins-b4ef8c9d93bc879a.rlib" "-l" "sqlite3" "-l" "sqlite3" "-l" "util" "-l" "dl" "-l" "rt" "-l" "pthread" "-l" "gcc_s" "-l" "pthread" "-l" "c" "-l" "m" "-l" "rt" "-l" "util"
kablam!   = note: /usr/bin/ld: cannot find -lsqlite3
kablam! /usr/bin/ld: cannot find -lsqlite3
kablam! collect2: error: ld returned 1 exit status
kablam! 
kablam! 
kablam! error: aborting due to previous error
kablam! 
kablam! error: Could not compile `r2d2_sqlite`.
kablam! 
kablam! To learn more, run the command again with --verbose.
boom! running `docker rm -f b9265fffc895ab39685eec2f86537c56d91f153755b2ee6e3e3e0ba6896ed537`
blam! b9265fffc895ab39685eec2f86537c56d91f153755b2ee6e3e3e0ba6896ed537
boom! running: cargo +stable test --frozen
boom! creating container for: cargo +stable test --frozen
boom! running `docker create -v /home/ec2-user/cargobomb/./work/local/test-source/beta/stable:/source:ro -v /home/ec2-user/cargobomb/./work/local/cargo-home:/cargo-home:ro -v /home/ec2-user/cargobomb/./work/local/rustup-home:/rustup-home:ro -v /home/ec2-user/cargobomb/./work/local/target-dirs/beta/stable:/target:rw -e USER_ID=500 -e CMD=cargo +stable test --frozen cargobomb`
blam! a4024bc9884daf2e0a470ba12058a7710bfcbfe497405b58abda613a7c6fda75
boom! running `docker start -a a4024bc9884daf2e0a470ba12058a7710bfcbfe497405b58abda613a7c6fda75`
kablam!    Compiling r2d2_sqlite v0.1.1 (file:///source)
kablam! error: linking with `cc` failed: exit code: 1
kablam!   |
kablam!   = note: "cc" "-Wl,--as-needed" "-Wl,-z,noexecstack" "-m64" "-L" "/rustup-home/toolchains/stable-x86_64-unknown-linux-gnu/lib/rustlib/x86_64-unknown-linux-gnu/lib" "/target/debug/deps/test-c7105cdad259f8e8.0.o" "-o" "/target/debug/deps/test-c7105cdad259f8e8" "-Wl,--gc-sections" "-pie" "-nodefaultlibs" "-L" "/target/debug/deps" "-L" "/rustup-home/toolchains/stable-x86_64-unknown-linux-gnu/lib/rustlib/x86_64-unknown-linux-gnu/lib" "-Wl,-Bstatic" "-Wl,-Bdynamic" "/target/debug/deps/libr2d2_sqlite-3b4b9e5bad9b6451.rlib" "/target/debug/deps/librusqlite-f23485c22a96a161.rlib" "/target/debug/deps/libtime-53238cb92943b947.rlib" "/target/debug/deps/liblru_cache-2b7d03af29d0b249.rlib" "/target/debug/deps/liblinked_hash_map-0d978cfaae95ecfb.rlib" "/target/debug/deps/libr2d2-0349ff823234f6f8.rlib" "/target/debug/deps/liblog-1ce22d3a92f37841.rlib" "/rustup-home/toolchains/stable-x86_64-unknown-linux-gnu/lib/rustlib/x86_64-unknown-linux-gnu/lib/libtest-dd7007be8bc832b7.rlib" "/rustup-home/toolchains/stable-x86_64-unknown-linux-gnu/lib/rustlib/x86_64-unknown-linux-gnu/lib/libterm-19e7cee83d8001c7.rlib" "/target/debug/deps/liblibsqlite3_sys-af673cc6c3380f99.rlib" "/target/debug/deps/libbitflags-725a4e5043ace390.rlib" "/target/debug/deps/libantidote-69fa285e60783d3e.rlib" "/target/debug/deps/libtempdir-a1768611d043aa5e.rlib" "/target/debug/deps/librand-26cfd8d095643d5f.rlib" "/target/debug/deps/liblibc-83c2bd88b43ecde3.rlib" "/rustup-home/toolchains/stable-x86_64-unknown-linux-gnu/lib/rustlib/x86_64-unknown-linux-gnu/lib/libgetopts-58bde84252e1d985.rlib" "/rustup-home/toolchains/stable-x86_64-unknown-linux-gnu/lib/rustlib/x86_64-unknown-linux-gnu/lib/libstd-2ddb28df747fcb8c.rlib" "/rustup-home/toolchains/stable-x86_64-unknown-linux-gnu/lib/rustlib/x86_64-unknown-linux-gnu/lib/libpanic_unwind-21709492a058d9ce.rlib" "/rustup-home/toolchains/stable-x86_64-unknown-linux-gnu/lib/rustlib/x86_64-unknown-linux-gnu/lib/libunwind-e19aa6725ab01bfd.rlib" "/rustup-home/toolchains/stable-x86_64-unknown-linux-gnu/lib/rustlib/x86_64-unknown-linux-gnu/lib/librand-99ff2e008613b591.rlib" "/rustup-home/toolchains/stable-x86_64-unknown-linux-gnu/lib/rustlib/x86_64-unknown-linux-gnu/lib/libcollections-e2513aecb8fbb70c.rlib" "/rustup-home/toolchains/stable-x86_64-unknown-linux-gnu/lib/rustlib/x86_64-unknown-linux-gnu/lib/liballoc-f3200ab7e7fe644c.rlib" "/rustup-home/toolchains/stable-x86_64-unknown-linux-gnu/lib/rustlib/x86_64-unknown-linux-gnu/lib/liballoc_jemalloc-e83ac2302b5439a3.rlib" "/rustup-home/toolchains/stable-x86_64-unknown-linux-gnu/lib/rustlib/x86_64-unknown-linux-gnu/lib/liblibc-dba58b8da674d203.rlib" "/rustup-home/toolchains/stable-x86_64-unknown-linux-gnu/lib/rustlib/x86_64-unknown-linux-gnu/lib/libstd_unicode-6d4348bcabf40a71.rlib" "/rustup-home/toolchains/stable-x86_64-unknown-linux-gnu/lib/rustlib/x86_64-unknown-linux-gnu/lib/libcore-9f45c45fdcba4301.rlib" "/rustup-home/toolchains/stable-x86_64-unknown-linux-gnu/lib/rustlib/x86_64-unknown-linux-gnu/lib/libcompiler_builtins-b4ef8c9d93bc879a.rlib" "-l" "sqlite3" "-l" "sqlite3" "-l" "util" "-l" "dl" "-l" "rt" "-l" "pthread" "-l" "gcc_s" "-l" "pthread" "-l" "c" "-l" "m" "-l" "rt" "-l" "util"
kablam!   = note: /usr/bin/ld: cannot find -lsqlite3
kablam! /usr/bin/ld: cannot find -lsqlite3
kablam! collect2: error: ld returned 1 exit status
kablam! 
kablam! 
kablam! error: aborting due to previous error
kablam! 
kablam! error: Could not compile `r2d2_sqlite`.
kablam! 
kablam! To learn more, run the command again with --verbose.
boom! running `docker rm -f a4024bc9884daf2e0a470ba12058a7710bfcbfe497405b58abda613a7c6fda75`
blam! a4024bc9884daf2e0a470ba12058a7710bfcbfe497405b58abda613a7c6fda75
