boom! testing jumphash-0.1.3 against stable for beta
boom! running: cargo +stable build --frozen
boom! creating container for: cargo +stable build --frozen
boom! running `docker create -v /home/ec2-user/cargobomb/./work/local/test-source/beta/stable:/source:ro -v /home/ec2-user/cargobomb/./work/local/cargo-home:/cargo-home:ro -v /home/ec2-user/cargobomb/./work/local/rustup-home:/rustup-home:ro -v /home/ec2-user/cargobomb/./work/local/target-dirs/beta/stable:/target:rw -e USER_ID=500 -e CMD=cargo +stable build --frozen cargobomb`
blam! 621443265bd9b1237a2a8a3f46b13b2310eeae488e30f56127ba2c9bea6d616c
boom! running `docker start -a 621443265bd9b1237a2a8a3f46b13b2310eeae488e30f56127ba2c9bea6d616c`
kablam! warning: unused manifest key: badges.appveyor.repository
kablam! warning: unused manifest key: badges.travis-ci.repository
kablam! warning: unused manifest key: package.categories
kablam! warning: unused manifest key: package.categories
kablam!    Compiling jumphash v0.1.3 (file:///source)
kablam!     Finished debug [unoptimized + debuginfo] target(s) in 0.32 secs
boom! running `docker rm -f 621443265bd9b1237a2a8a3f46b13b2310eeae488e30f56127ba2c9bea6d616c`
blam! 621443265bd9b1237a2a8a3f46b13b2310eeae488e30f56127ba2c9bea6d616c
boom! running: cargo +stable test --frozen --no-run
boom! creating container for: cargo +stable test --frozen --no-run
boom! running `docker create -v /home/ec2-user/cargobomb/./work/local/test-source/beta/stable:/source:ro -v /home/ec2-user/cargobomb/./work/local/cargo-home:/cargo-home:ro -v /home/ec2-user/cargobomb/./work/local/rustup-home:/rustup-home:ro -v /home/ec2-user/cargobomb/./work/local/target-dirs/beta/stable:/target:rw -e USER_ID=500 -e CMD=cargo +stable test --frozen --no-run cargobomb`
blam! f28a650a26fb3b34b150123f0a84da15f354bfa7a15bdf7ba74f3317e42add3d
boom! running `docker start -a f28a650a26fb3b34b150123f0a84da15f354bfa7a15bdf7ba74f3317e42add3d`
kablam! warning: unused manifest key: badges.appveyor.repository
kablam! warning: unused manifest key: badges.travis-ci.repository
kablam! warning: unused manifest key: package.categories
kablam! warning: unused manifest key: package.categories
kablam!    Compiling jumphash v0.1.3 (file:///source)
kablam!     Finished debug [unoptimized + debuginfo] target(s) in 0.81 secs
boom! running `docker rm -f f28a650a26fb3b34b150123f0a84da15f354bfa7a15bdf7ba74f3317e42add3d`
blam! f28a650a26fb3b34b150123f0a84da15f354bfa7a15bdf7ba74f3317e42add3d
boom! running: cargo +stable test --frozen
boom! creating container for: cargo +stable test --frozen
boom! running `docker create -v /home/ec2-user/cargobomb/./work/local/test-source/beta/stable:/source:ro -v /home/ec2-user/cargobomb/./work/local/cargo-home:/cargo-home:ro -v /home/ec2-user/cargobomb/./work/local/rustup-home:/rustup-home:ro -v /home/ec2-user/cargobomb/./work/local/target-dirs/beta/stable:/target:rw -e USER_ID=500 -e CMD=cargo +stable test --frozen cargobomb`
blam! afb3126766a6c4088f57f1d2478aa831e3b46d185d76a149b4e26fce9447b21d
boom! running `docker start -a afb3126766a6c4088f57f1d2478aa831e3b46d185d76a149b4e26fce9447b21d`
kablam! warning: unused manifest key: badges.appveyor.repository
kablam! warning: unused manifest key: badges.travis-ci.repository
kablam! warning: unused manifest key: package.categories
kablam! warning: unused manifest key: package.categories
kablam!     Finished debug [unoptimized + debuginfo] target(s) in 0.0 secs
kablam!      Running /target/debug/deps/jumphash-2f329e31c17cc2ee
blam! 
blam! running 1 test
blam! test test_basic ... ok
blam! 
blam! test result: ok. 1 passed; 0 failed; 0 ignored; 0 measured
blam! 
kablam!    Doc-tests jumphash
blam! 
blam! running 1 test
blam! test _0 ... FAILED
blam! 
blam! failures:
blam! 
blam! ---- _0 stdout ----
blam! 	error[E0277]: the trait bound `str: std::marker::Sized` is not satisfied
blam!  --> <anon>:6:23
blam!   |
blam! 6 | let slot_for_key = jh.slot("key", slot_count);
blam!   |                       ^^^^ the trait `std::marker::Sized` is not implemented for `str`
blam!   |
blam!   = note: `str` does not have a constant size known at compile-time
blam! 
blam! error: aborting due to previous error(s)
blam! 
blam! thread '_0' panicked at 'Box<Any>', /buildslave/rust-buildbot/slave/stable-dist-rustc-linux/build/src/librustc/session/mod.rs:201
blam! note: Run with `RUST_BACKTRACE=1` for a backtrace.
blam! 
blam! 
blam! failures:
blam!     _0
blam! 
blam! test result: FAILED. 0 passed; 1 failed; 0 ignored; 0 measured
blam! 
kablam! error: test failed
boom! running `docker rm -f afb3126766a6c4088f57f1d2478aa831e3b46d185d76a149b4e26fce9447b21d`
blam! afb3126766a6c4088f57f1d2478aa831e3b46d185d76a149b4e26fce9447b21d
