boom! testing google-genomics1_beta2-0.1.8+20150326 against nightly for nightly
boom! running: cargo +nightly build --frozen
boom! creating container for: cargo +nightly build --frozen
boom! running `docker create -v /home/ec2-user/cargobomb/./work/local/test-source/nightly/nightly:/source:ro -v /home/ec2-user/cargobomb/./work/local/cargo-home:/cargo-home:ro -v /home/ec2-user/cargobomb/./work/local/rustup-home:/rustup-home:ro -v /home/ec2-user/cargobomb/./work/local/target-dirs/nightly/nightly:/target:rw -e USER_ID=500 -e CMD=cargo +nightly build --frozen cargobomb`
blam! e4fbff38aa901e2455641cd0fc7c22216af68109f900180c68f0d5f5c1a48317
boom! running `docker start -a e4fbff38aa901e2455641cd0fc7c22216af68109f900180c68f0d5f5c1a48317`
kablam!    Compiling openssl-sys v0.9.6
kablam!    Compiling yup-oauth2 v1.0.3
kablam!    Compiling google-genomics1_beta2 v0.1.8+20150326 (file:///source)
blam! Build failed, waiting for other jobs to finish...
kablam! error[E0425]: cannot find function `register` in module `serde_codegen`
kablam!   --> src/build.rs:14:5
kablam!    |
kablam! 14 |     serde_codegen::register(&mut registry);
kablam!    |     ^^^^^^^^^^^^^^^^^^^^^^^ not found in `serde_codegen`
kablam! 
kablam! error: aborting due to previous error
kablam! 
blam! Build failed, waiting for other jobs to finish...
kablam! error: failed to run custom build command for `openssl-sys v0.9.6`
kablam! process didn't exit successfully: `/target/debug/build/openssl-sys-8f353426b0923d0a/build-script-build` (exit code: 101)
kablam! --- stderr
kablam! thread 'main' panicked at '
kablam! 
kablam! Could not find directory of OpenSSL installation, and this `-sys` crate cannot
kablam! proceed without this knowledge. If OpenSSL is installed and this crate had
kablam! trouble finding it,  you can set the `OPENSSL_DIR` environment variable for the
kablam! compilation process.
kablam! 
kablam! If you're in a situation where you think the directory *should* be found
kablam! automatically, please open a bug at https://github.com/sfackler/rust-openssl
kablam! and include information about your system as well as this message.
kablam! 
kablam!     $HOST = x86_64-unknown-linux-gnu
kablam!     $TARGET = x86_64-unknown-linux-gnu
kablam!     openssl-sys = 0.9.6
kablam! 
kablam! 
kablam! It looks like you're compiling on Linux and also targeting Linux. Currently this
kablam! requires the `pkg-config` utility to find OpenSSL but unfortunately `pkg-config`
kablam! could not be found. If you have OpenSSL installed you can likely fix this by
kablam! installing `pkg-config`.
kablam! 
kablam! ', /cargo-home/registry/src/github.com-1ecc6299db9ec823/openssl-sys-0.9.6/build.rs:150
kablam! note: Run with `RUST_BACKTRACE=1` for a backtrace.
kablam! 
boom! running `docker rm -f e4fbff38aa901e2455641cd0fc7c22216af68109f900180c68f0d5f5c1a48317`
blam! e4fbff38aa901e2455641cd0fc7c22216af68109f900180c68f0d5f5c1a48317
