boom! testing range_check-0.1.0 against beta for beta
boom! running: cargo +beta build --frozen
boom! creating container for: cargo +beta build --frozen
boom! running `docker create -v /home/ec2-user/cargobomb/./work/local/test-source/beta/beta:/source:ro -v /home/ec2-user/cargobomb/./work/local/cargo-home:/cargo-home:ro -v /home/ec2-user/cargobomb/./work/local/rustup-home:/rustup-home:ro -v /home/ec2-user/cargobomb/./work/local/target-dirs/beta/beta:/target:rw -e USER_ID=500 -e CMD=cargo +beta build --frozen cargobomb`
blam! ea6bbb2ab9f78849194ac40e26c36c2d65144cfc010f554c985097421dab7a79
boom! running `docker start -a ea6bbb2ab9f78849194ac40e26c36c2d65144cfc010f554c985097421dab7a79`
kablam!    Compiling range_check v0.1.0 (file:///source)
kablam!     Finished dev [unoptimized + debuginfo] target(s) in 0.48 secs
boom! running `docker rm -f ea6bbb2ab9f78849194ac40e26c36c2d65144cfc010f554c985097421dab7a79`
blam! ea6bbb2ab9f78849194ac40e26c36c2d65144cfc010f554c985097421dab7a79
boom! running: cargo +beta test --frozen --no-run
boom! creating container for: cargo +beta test --frozen --no-run
boom! running `docker create -v /home/ec2-user/cargobomb/./work/local/test-source/beta/beta:/source:ro -v /home/ec2-user/cargobomb/./work/local/cargo-home:/cargo-home:ro -v /home/ec2-user/cargobomb/./work/local/rustup-home:/rustup-home:ro -v /home/ec2-user/cargobomb/./work/local/target-dirs/beta/beta:/target:rw -e USER_ID=500 -e CMD=cargo +beta test --frozen --no-run cargobomb`
blam! fa6bc3501d995330c82225651c001a2acda6f21389f7cb3b0e171f67a0c5cb0a
boom! running `docker start -a fa6bc3501d995330c82225651c001a2acda6f21389f7cb3b0e171f67a0c5cb0a`
kablam!    Compiling range_check v0.1.0 (file:///source)
kablam! error: use of unstable library feature 'range_contains': recently added as per RFC (see issue #32311)
kablam!    --> src/lib.rs:173:24
kablam!     |
kablam! 173 |         assert!((1..5).contains(3));
kablam!     |                        ^^^^^^^^
kablam! 
kablam! error: use of unstable library feature 'range_contains': recently added as per RFC (see issue #32311)
kablam!    --> src/lib.rs:179:25
kablam!     |
kablam! 179 |         assert!(!(1..5).contains(&7));
kablam!     |                         ^^^^^^^^
kablam! 
kablam! error[E0308]: mismatched types
kablam!    --> src/lib.rs:179:34
kablam!     |
kablam! 179 |         assert!(!(1..5).contains(&7));
kablam!     |                                  ^^ expected integral variable, found &{integer}
kablam!     |
kablam!     = note: expected type `{integer}`
kablam!                found type `&{integer}`
kablam! 
kablam! error: use of unstable library feature 'range_contains': recently added as per RFC (see issue #32311)
kablam!    --> src/lib.rs:185:23
kablam!     |
kablam! 185 |         assert!((1..).contains(&3));
kablam!     |                       ^^^^^^^^
kablam! 
kablam! error[E0308]: mismatched types
kablam!    --> src/lib.rs:185:32
kablam!     |
kablam! 185 |         assert!((1..).contains(&3));
kablam!     |                                ^^ expected integral variable, found &{integer}
kablam!     |
kablam!     = note: expected type `{integer}`
kablam!                found type `&{integer}`
kablam! 
kablam! error: use of unstable library feature 'range_contains': recently added as per RFC (see issue #32311)
kablam!    --> src/lib.rs:191:24
kablam!     |
kablam! 191 |         assert!(!(1..).contains(&-7));
kablam!     |                        ^^^^^^^^
kablam! 
kablam! error[E0308]: mismatched types
kablam!    --> src/lib.rs:191:33
kablam!     |
kablam! 191 |         assert!(!(1..).contains(&-7));
kablam!     |                                 ^^^ expected integral variable, found &{integer}
kablam!     |
kablam!     = note: expected type `{integer}`
kablam!                found type `&{integer}`
kablam! 
kablam! error: use of unstable library feature 'range_contains': recently added as per RFC (see issue #32311)
kablam!    --> src/lib.rs:197:23
kablam!     |
kablam! 197 |         assert!((..5).contains(&3));
kablam!     |                       ^^^^^^^^
kablam! 
kablam! error[E0308]: mismatched types
kablam!    --> src/lib.rs:197:32
kablam!     |
kablam! 197 |         assert!((..5).contains(&3));
kablam!     |                                ^^ expected integral variable, found &{integer}
kablam!     |
kablam!     = note: expected type `{integer}`
kablam!                found type `&{integer}`
kablam! 
kablam! error: use of unstable library feature 'range_contains': recently added as per RFC (see issue #32311)
kablam!    --> src/lib.rs:203:24
kablam!     |
kablam! 203 |         assert!(!(..5).contains(&7));
kablam!     |                        ^^^^^^^^
kablam! 
kablam! error[E0308]: mismatched types
kablam!    --> src/lib.rs:203:33
kablam!     |
kablam! 203 |         assert!(!(..5).contains(&7));
kablam!     |                                 ^^ expected integral variable, found &{integer}
kablam!     |
kablam!     = note: expected type `{integer}`
kablam!                found type `&{integer}`
kablam! 
kablam! error: aborting due to 11 previous errors
kablam! 
kablam! error: Could not compile `range_check`.
kablam! 
kablam! To learn more, run the command again with --verbose.
boom! running `docker rm -f fa6bc3501d995330c82225651c001a2acda6f21389f7cb3b0e171f67a0c5cb0a`
blam! fa6bc3501d995330c82225651c001a2acda6f21389f7cb3b0e171f67a0c5cb0a
boom! running: cargo +beta test --frozen
boom! creating container for: cargo +beta test --frozen
boom! running `docker create -v /home/ec2-user/cargobomb/./work/local/test-source/beta/beta:/source:ro -v /home/ec2-user/cargobomb/./work/local/cargo-home:/cargo-home:ro -v /home/ec2-user/cargobomb/./work/local/rustup-home:/rustup-home:ro -v /home/ec2-user/cargobomb/./work/local/target-dirs/beta/beta:/target:rw -e USER_ID=500 -e CMD=cargo +beta test --frozen cargobomb`
blam! 5a6e885df19ada336a2debec8c6ad0724222a36a15794e2dd961600ed9f61f7b
boom! running `docker start -a 5a6e885df19ada336a2debec8c6ad0724222a36a15794e2dd961600ed9f61f7b`
kablam!    Compiling range_check v0.1.0 (file:///source)
kablam! error: use of unstable library feature 'range_contains': recently added as per RFC (see issue #32311)
kablam!    --> src/lib.rs:173:24
kablam!     |
kablam! 173 |         assert!((1..5).contains(3));
kablam!     |                        ^^^^^^^^
kablam! 
kablam! error: use of unstable library feature 'range_contains': recently added as per RFC (see issue #32311)
kablam!    --> src/lib.rs:179:25
kablam!     |
kablam! 179 |         assert!(!(1..5).contains(&7));
kablam!     |                         ^^^^^^^^
kablam! 
kablam! error[E0308]: mismatched types
kablam!    --> src/lib.rs:179:34
kablam!     |
kablam! 179 |         assert!(!(1..5).contains(&7));
kablam!     |                                  ^^ expected integral variable, found &{integer}
kablam!     |
kablam!     = note: expected type `{integer}`
kablam!                found type `&{integer}`
kablam! 
kablam! error: use of unstable library feature 'range_contains': recently added as per RFC (see issue #32311)
kablam!    --> src/lib.rs:185:23
kablam!     |
kablam! 185 |         assert!((1..).contains(&3));
kablam!     |                       ^^^^^^^^
kablam! 
kablam! error[E0308]: mismatched types
kablam!    --> src/lib.rs:185:32
kablam!     |
kablam! 185 |         assert!((1..).contains(&3));
kablam!     |                                ^^ expected integral variable, found &{integer}
kablam!     |
kablam!     = note: expected type `{integer}`
kablam!                found type `&{integer}`
kablam! 
kablam! error: use of unstable library feature 'range_contains': recently added as per RFC (see issue #32311)
kablam!    --> src/lib.rs:191:24
kablam!     |
kablam! 191 |         assert!(!(1..).contains(&-7));
kablam!     |                        ^^^^^^^^
kablam! 
kablam! error[E0308]: mismatched types
kablam!    --> src/lib.rs:191:33
kablam!     |
kablam! 191 |         assert!(!(1..).contains(&-7));
kablam!     |                                 ^^^ expected integral variable, found &{integer}
kablam!     |
kablam!     = note: expected type `{integer}`
kablam!                found type `&{integer}`
kablam! 
kablam! error: use of unstable library feature 'range_contains': recently added as per RFC (see issue #32311)
kablam!    --> src/lib.rs:197:23
kablam!     |
kablam! 197 |         assert!((..5).contains(&3));
kablam!     |                       ^^^^^^^^
kablam! 
kablam! error[E0308]: mismatched types
kablam!    --> src/lib.rs:197:32
kablam!     |
kablam! 197 |         assert!((..5).contains(&3));
kablam!     |                                ^^ expected integral variable, found &{integer}
kablam!     |
kablam!     = note: expected type `{integer}`
kablam!                found type `&{integer}`
kablam! 
kablam! error: use of unstable library feature 'range_contains': recently added as per RFC (see issue #32311)
kablam!    --> src/lib.rs:203:24
kablam!     |
kablam! 203 |         assert!(!(..5).contains(&7));
kablam!     |                        ^^^^^^^^
kablam! 
kablam! error[E0308]: mismatched types
kablam!    --> src/lib.rs:203:33
kablam!     |
kablam! 203 |         assert!(!(..5).contains(&7));
kablam!     |                                 ^^ expected integral variable, found &{integer}
kablam!     |
kablam!     = note: expected type `{integer}`
kablam!                found type `&{integer}`
kablam! 
kablam! error: aborting due to 11 previous errors
kablam! 
kablam! error: Could not compile `range_check`.
kablam! 
kablam! To learn more, run the command again with --verbose.
boom! running `docker rm -f 5a6e885df19ada336a2debec8c6ad0724222a36a15794e2dd961600ed9f61f7b`
blam! 5a6e885df19ada336a2debec8c6ad0724222a36a15794e2dd961600ed9f61f7b
