boom! testing metaheuristics-0.0.12 against nightly for nightly
boom! running: cargo +nightly build --frozen
boom! creating container for: cargo +nightly build --frozen
boom! running `docker create -v /home/ec2-user/cargobomb/./work/local/test-source/nightly/nightly:/source:ro -v /home/ec2-user/cargobomb/./work/local/cargo-home:/cargo-home:ro -v /home/ec2-user/cargobomb/./work/local/rustup-home:/rustup-home:ro -v /home/ec2-user/cargobomb/./work/local/target-dirs/nightly/nightly:/target:rw -e USER_ID=500 -e CMD=cargo +nightly build --frozen cargobomb`
blam! e25c7daef819666e230dd0c23fbfb81854f5cb387b048c4923f69e411741087b
boom! running `docker start -a e25c7daef819666e230dd0c23fbfb81854f5cb387b048c4923f69e411741087b`
kablam!    Compiling metaheuristics v0.0.12 (file:///source)
kablam!     Finished dev [unoptimized + debuginfo] target(s) in 0.33 secs
boom! running `docker rm -f e25c7daef819666e230dd0c23fbfb81854f5cb387b048c4923f69e411741087b`
blam! e25c7daef819666e230dd0c23fbfb81854f5cb387b048c4923f69e411741087b
boom! running: cargo +nightly test --frozen --no-run
boom! creating container for: cargo +nightly test --frozen --no-run
boom! running `docker create -v /home/ec2-user/cargobomb/./work/local/test-source/nightly/nightly:/source:ro -v /home/ec2-user/cargobomb/./work/local/cargo-home:/cargo-home:ro -v /home/ec2-user/cargobomb/./work/local/rustup-home:/rustup-home:ro -v /home/ec2-user/cargobomb/./work/local/target-dirs/nightly/nightly:/target:rw -e USER_ID=500 -e CMD=cargo +nightly test --frozen --no-run cargobomb`
blam! 2bbacb02885f5771d1da7ebf603dfa2c59c74275c17d4f1e31aa24b82331da5f
boom! running `docker start -a 2bbacb02885f5771d1da7ebf603dfa2c59c74275c17d4f1e31aa24b82331da5f`
kablam!    Compiling metaheuristics v0.0.12 (file:///source)
kablam!     Finished dev [unoptimized + debuginfo] target(s) in 0.55 secs
boom! running `docker rm -f 2bbacb02885f5771d1da7ebf603dfa2c59c74275c17d4f1e31aa24b82331da5f`
blam! 2bbacb02885f5771d1da7ebf603dfa2c59c74275c17d4f1e31aa24b82331da5f
boom! running: cargo +nightly test --frozen
boom! creating container for: cargo +nightly test --frozen
boom! running `docker create -v /home/ec2-user/cargobomb/./work/local/test-source/nightly/nightly:/source:ro -v /home/ec2-user/cargobomb/./work/local/cargo-home:/cargo-home:ro -v /home/ec2-user/cargobomb/./work/local/rustup-home:/rustup-home:ro -v /home/ec2-user/cargobomb/./work/local/target-dirs/nightly/nightly:/target:rw -e USER_ID=500 -e CMD=cargo +nightly test --frozen cargobomb`
blam! 1dd4ffa15d563673bc35ee4a94a813235c7cfccdc912233316b0b73302fed339
boom! running `docker start -a 1dd4ffa15d563673bc35ee4a94a813235c7cfccdc912233316b0b73302fed339`
kablam!     Finished dev [unoptimized + debuginfo] target(s) in 0.0 secs
kablam!      Running /target/debug/deps/metaheuristics-1ec4fbc3b8425e1a
blam! 
blam! running 0 tests
blam! 
blam! test result: ok. 0 passed; 0 failed; 0 ignored; 0 measured
blam! 
kablam!    Doc-tests metaheuristics
blam! 
blam! running 14 tests
blam! test src/hill_climbing/random_restarts/mod.rs - hill_climbing::random_restarts::solve (line 37) ... FAILED
blam! test src/hill_climbing/random_restarts/mod.rs - hill_climbing::random_restarts (line 13) ... FAILED
blam! test src/hill_climbing/mod.rs - hill_climbing::solve (line 36) ... FAILED
blam! test src/lib.rs - Metaheuristics::clone_candidate (line 81) ... FAILED
blam! test src/hill_climbing/mod.rs - hill_climbing (line 17) ... FAILED
blam! test src/lib.rs -  (line 31) ... FAILED
blam! test src/lib.rs - Metaheuristics::rank_candidate (line 95) ... FAILED
blam! test src/lib.rs - Metaheuristics::tweak_candidate (line 104) ... FAILED
blam! test src/lib.rs - Metaheuristics::generate_candidate (line 88) ... FAILED
blam! test src/random_search/mod.rs - random_search (line 10) ... FAILED
blam! test src/simulated_annealing/mod.rs - simulated_annealing (line 17) ... FAILED
blam! test src/simulated_annealing/mod.rs - simulated_annealing (line 44) ... FAILED
blam! test src/random_search/mod.rs - random_search::solve (line 27) ... FAILED
blam! test src/simulated_annealing/mod.rs - simulated_annealing::solve (line 61) ... FAILED
blam! 
blam! failures:
blam! 
blam! ---- src/hill_climbing/random_restarts/mod.rs - hill_climbing::random_restarts::solve (line 37) stdout ----
blam! 	error[E0425]: cannot find value `problem` in this scope
blam!  --> <anon>:4:10
blam!   |
blam! 4 |     &mut problem,
blam!   |          ^^^^^^^ not found in this scope
blam! 
blam! error[E0425]: cannot find value `runtime` in this scope
blam!  --> <anon>:5:5
blam!   |
blam! 5 |     runtime,
blam!   |     ^^^^^^^ not found in this scope
blam! 
blam! error[E0425]: cannot find value `probability` in this scope
blam!  --> <anon>:6:5
blam!   |
blam! 6 |     probability
blam!   |     ^^^^^^^^^^^ not found in this scope
blam! 
blam! error: aborting due to previous error(s)
blam! 
blam! thread 'rustc' panicked at 'Box<Any>', /checkout/src/librustc/session/mod.rs:203
blam! 
blam! ---- src/hill_climbing/random_restarts/mod.rs - hill_climbing::random_restarts (line 13) stdout ----
blam! 	error[E0425]: cannot find value `problem` in this scope
blam!  --> <anon>:4:10
blam!   |
blam! 4 |     &mut problem,
blam!   |          ^^^^^^^ not found in this scope
blam! 
blam! error[E0425]: cannot find value `runtime` in this scope
blam!  --> <anon>:5:5
blam!   |
blam! 5 |     runtime,
blam!   |     ^^^^^^^ not found in this scope
blam! 
blam! error[E0425]: cannot find value `probability` in this scope
blam!  --> <anon>:6:5
blam!   |
blam! 6 |     probability
blam!   |     ^^^^^^^^^^^ not found in this scope
blam! 
blam! error: aborting due to previous error(s)
blam! 
blam! thread 'rustc' panicked at 'Box<Any>', /checkout/src/librustc/session/mod.rs:203
blam! note: Run with `RUST_BACKTRACE=1` for a backtrace.
blam! 
blam! ---- src/hill_climbing/mod.rs - hill_climbing::solve (line 36) stdout ----
blam! 	error[E0425]: cannot find value `problem` in this scope
blam!  --> <anon>:3:58
blam!   |
blam! 3 | let solution = metaheuristics::hill_climbing::solve(&mut problem, runtime);
blam!   |                                                          ^^^^^^^ not found in this scope
blam! 
blam! error[E0425]: cannot find value `runtime` in this scope
blam!  --> <anon>:3:67
blam!   |
blam! 3 | let solution = metaheuristics::hill_climbing::solve(&mut problem, runtime);
blam!   |                                                                   ^^^^^^^ not found in this scope
blam! 
blam! error: aborting due to previous error(s)
blam! 
blam! thread 'rustc' panicked at 'Box<Any>', /checkout/src/librustc/session/mod.rs:203
blam! 
blam! ---- src/lib.rs - Metaheuristics::clone_candidate (line 81) stdout ----
blam! 	error[E0425]: cannot find value `problem` in this scope
blam!  --> <anon>:2:22
blam!   |
blam! 2 |  let new_candidate = problem.clone_candidate(&old_candidate);
blam!   |                      ^^^^^^^ not found in this scope
blam! 
blam! error[E0425]: cannot find value `old_candidate` in this scope
blam!  --> <anon>:2:47
blam!   |
blam! 2 |  let new_candidate = problem.clone_candidate(&old_candidate);
blam!   |                                               ^^^^^^^^^^^^^ not found in this scope
blam! 
blam! error: aborting due to previous error(s)
blam! 
blam! thread 'rustc' panicked at 'Box<Any>', /checkout/src/librustc/session/mod.rs:203
blam! 
blam! ---- src/hill_climbing/mod.rs - hill_climbing (line 17) stdout ----
blam! 	error[E0425]: cannot find value `problem` in this scope
blam!  --> <anon>:3:58
blam!   |
blam! 3 | let solution = metaheuristics::hill_climbing::solve(&mut problem, runtime);
blam!   |                                                          ^^^^^^^ not found in this scope
blam! 
blam! error[E0425]: cannot find value `runtime` in this scope
blam!  --> <anon>:3:67
blam!   |
blam! 3 | let solution = metaheuristics::hill_climbing::solve(&mut problem, runtime);
blam!   |                                                                   ^^^^^^^ not found in this scope
blam! 
blam! error: aborting due to previous error(s)
blam! 
blam! thread 'rustc' panicked at 'Box<Any>', /checkout/src/librustc/session/mod.rs:203
blam! 
blam! ---- src/lib.rs -  (line 31) stdout ----
blam! 	error[E0425]: cannot find value `problem` in this scope
blam!  --> <anon>:3:59
blam!   |
blam! 3 |  let solution = metaheuristics::hill_climbing::solve(&mut problem, runtime);
blam!   |                                                           ^^^^^^^ not found in this scope
blam! 
blam! error[E0425]: cannot find value `runtime` in this scope
blam!  --> <anon>:3:68
blam!   |
blam! 3 |  let solution = metaheuristics::hill_climbing::solve(&mut problem, runtime);
blam!   |                                                                    ^^^^^^^ not found in this scope
blam! 
blam! error: aborting due to previous error(s)
blam! 
blam! thread 'rustc' panicked at 'Box<Any>', /checkout/src/librustc/session/mod.rs:203
blam! 
blam! ---- src/lib.rs - Metaheuristics::rank_candidate (line 95) stdout ----
blam! 	error[E0586]: inclusive range with no end
blam!  --> <anon>:4:2
blam!   |
blam! 4 |  }
blam!   |  ^
blam!   |
blam!   = help: inclusive ranges must be bounded at the end (`...b` or `a...b`)
blam! 
blam! error[E0425]: cannot find value `problem` in this scope
blam!  --> <anon>:2:5
blam!   |
blam! 2 |  if problem.rank_candidate(&new_candidate) > problem.rank_candidate(&old_candidate) {
blam!   |     ^^^^^^^ not found in this scope
blam! 
blam! error[E0425]: cannot find value `new_candidate` in this scope
blam!  --> <anon>:2:29
blam!   |
blam! 2 |  if problem.rank_candidate(&new_candidate) > problem.rank_candidate(&old_candidate) {
blam!   |                             ^^^^^^^^^^^^^ not found in this scope
blam! 
blam! error[E0425]: cannot find value `problem` in this scope
blam!  --> <anon>:2:46
blam!   |
blam! 2 |  if problem.rank_candidate(&new_candidate) > problem.rank_candidate(&old_candidate) {
blam!   |                                              ^^^^^^^ not found in this scope
blam! 
blam! error[E0425]: cannot find value `old_candidate` in this scope
blam!  --> <anon>:2:70
blam!   |
blam! 2 |  if problem.rank_candidate(&new_candidate) > problem.rank_candidate(&old_candidate) {
blam!   |                                                                      ^^^^^^^^^^^^^ not found in this scope
blam! 
blam! error: aborting due to previous error(s)
blam! 
blam! thread 'rustc' panicked at 'Box<Any>', /checkout/src/librustc/session/mod.rs:203
blam! 
blam! ---- src/lib.rs - Metaheuristics::tweak_candidate (line 104) stdout ----
blam! 	error[E0425]: cannot find value `problem` in this scope
blam!  --> <anon>:2:22
blam!   |
blam! 2 |  let new_candidate = problem.tweak_candidate(&old_candidate);
blam!   |                      ^^^^^^^ not found in this scope
blam! 
blam! error[E0425]: cannot find value `old_candidate` in this scope
blam!  --> <anon>:2:47
blam!   |
blam! 2 |  let new_candidate = problem.tweak_candidate(&old_candidate);
blam!   |                                               ^^^^^^^^^^^^^ not found in this scope
blam! 
blam! error: aborting due to previous error(s)
blam! 
blam! thread 'rustc' panicked at 'Box<Any>', /checkout/src/librustc/session/mod.rs:203
blam! 
blam! ---- src/lib.rs - Metaheuristics::generate_candidate (line 88) stdout ----
blam! 	error[E0425]: cannot find value `problem` in this scope
blam!  --> <anon>:2:18
blam!   |
blam! 2 |  let candidate = problem.generate_candidate();
blam!   |                  ^^^^^^^ not found in this scope
blam! 
blam! error: aborting due to previous error(s)
blam! 
blam! thread 'rustc' panicked at 'Box<Any>', /checkout/src/librustc/session/mod.rs:203
blam! 
blam! ---- src/random_search/mod.rs - random_search (line 10) stdout ----
blam! 	error[E0425]: cannot find value `problem` in this scope
blam!  --> <anon>:3:58
blam!   |
blam! 3 | let solution = metaheuristics::random_search::solve(&mut problem, runtime);
blam!   |                                                          ^^^^^^^ not found in this scope
blam! 
blam! error[E0425]: cannot find value `runtime` in this scope
blam!  --> <anon>:3:67
blam!   |
blam! 3 | let solution = metaheuristics::random_search::solve(&mut problem, runtime);
blam!   |                                                                   ^^^^^^^ not found in this scope
blam! 
kablam! error: test failed
blam! error: aborting due to previous error(s)
blam! 
blam! thread 'rustc' panicked at 'Box<Any>', /checkout/src/librustc/session/mod.rs:203
blam! 
blam! ---- src/simulated_annealing/mod.rs - simulated_annealing (line 17) stdout ----
blam! 	error[E0425]: cannot find function `P` in this scope
blam!  --> <anon>:2:1
blam!   |
blam! 2 | P(t) = e^(-10*(t^3))
blam!   | ^ not found in this scope
blam! 
blam! error[E0425]: cannot find value `t` in this scope
blam!  --> <anon>:2:3
blam!   |
blam! 2 | P(t) = e^(-10*(t^3))
blam!   |   ^ not found in this scope
blam! 
blam! error[E0425]: cannot find value `e` in this scope
blam!  --> <anon>:2:8
blam!   |
blam! 2 | P(t) = e^(-10*(t^3))
blam!   |        ^ not found in this scope
blam! 
blam! error[E0425]: cannot find value `t` in this scope
blam!  --> <anon>:2:16
blam!   |
blam! 2 | P(t) = e^(-10*(t^3))
blam!   |                ^ not found in this scope
blam! 
blam! error[E0070]: invalid left-hand side expression
blam!  --> <anon>:2:1
blam!   |
blam! 2 | P(t) = e^(-10*(t^3))
blam!   | ^^^^^^^^^^^^^^^^^^^^ left-hand of expression not valid
blam! 
blam! error: aborting due to previous error(s)
blam! 
blam! thread 'rustc' panicked at 'Box<Any>', /checkout/src/librustc/session/mod.rs:203
blam! 
blam! ---- src/simulated_annealing/mod.rs - simulated_annealing (line 44) stdout ----
blam! 	error[E0425]: cannot find value `problem` in this scope
blam!  --> <anon>:3:64
blam!   |
blam! 3 | let solution = metaheuristics::simulated_annealing::solve(&mut problem, runtime);
blam!   |                                                                ^^^^^^^ not found in this scope
blam! 
blam! error[E0425]: cannot find value `runtime` in this scope
blam!  --> <anon>:3:73
blam!   |
blam! 3 | let solution = metaheuristics::simulated_annealing::solve(&mut problem, runtime);
blam!   |                                                                         ^^^^^^^ not found in this scope
blam! 
blam! error: aborting due to previous error(s)
blam! 
blam! thread 'rustc' panicked at 'Box<Any>', /checkout/src/librustc/session/mod.rs:203
blam! 
blam! ---- src/random_search/mod.rs - random_search::solve (line 27) stdout ----
blam! 	error[E0425]: cannot find value `problem` in this scope
blam!  --> <anon>:3:58
blam!   |
blam! 3 | let solution = metaheuristics::random_search::solve(&mut problem, runtime);
blam!   |                                                          ^^^^^^^ not found in this scope
blam! 
blam! error[E0425]: cannot find value `runtime` in this scope
blam!  --> <anon>:3:67
blam!   |
blam! 3 | let solution = metaheuristics::random_search::solve(&mut problem, runtime);
blam!   |                                                                   ^^^^^^^ not found in this scope
blam! 
blam! error: aborting due to previous error(s)
blam! 
blam! thread 'rustc' panicked at 'Box<Any>', /checkout/src/librustc/session/mod.rs:203
blam! 
blam! ---- src/simulated_annealing/mod.rs - simulated_annealing::solve (line 61) stdout ----
blam! 	error[E0425]: cannot find value `problem` in this scope
blam!  --> <anon>:3:64
blam!   |
blam! 3 | let solution = metaheuristics::simulated_annealing::solve(&mut problem, runtime);
blam!   |                                                                ^^^^^^^ not found in this scope
blam! 
blam! error[E0425]: cannot find value `runtime` in this scope
blam!  --> <anon>:3:73
blam!   |
blam! 3 | let solution = metaheuristics::simulated_annealing::solve(&mut problem, runtime);
blam!   |                                                                         ^^^^^^^ not found in this scope
blam! 
blam! error: aborting due to previous error(s)
blam! 
blam! thread 'rustc' panicked at 'Box<Any>', /checkout/src/librustc/session/mod.rs:203
blam! 
blam! 
blam! failures:
blam!     src/hill_climbing/mod.rs - hill_climbing (line 17)
blam!     src/hill_climbing/mod.rs - hill_climbing::solve (line 36)
blam!     src/hill_climbing/random_restarts/mod.rs - hill_climbing::random_restarts (line 13)
blam!     src/hill_climbing/random_restarts/mod.rs - hill_climbing::random_restarts::solve (line 37)
blam!     src/lib.rs -  (line 31)
blam!     src/lib.rs - Metaheuristics::clone_candidate (line 81)
blam!     src/lib.rs - Metaheuristics::generate_candidate (line 88)
blam!     src/lib.rs - Metaheuristics::rank_candidate (line 95)
blam!     src/lib.rs - Metaheuristics::tweak_candidate (line 104)
blam!     src/random_search/mod.rs - random_search (line 10)
blam!     src/random_search/mod.rs - random_search::solve (line 27)
blam!     src/simulated_annealing/mod.rs - simulated_annealing (line 17)
blam!     src/simulated_annealing/mod.rs - simulated_annealing (line 44)
blam!     src/simulated_annealing/mod.rs - simulated_annealing::solve (line 61)
blam! 
blam! test result: FAILED. 0 passed; 14 failed; 0 ignored; 0 measured
blam! 
boom! running `docker rm -f 1dd4ffa15d563673bc35ee4a94a813235c7cfccdc912233316b0b73302fed339`
blam! 1dd4ffa15d563673bc35ee4a94a813235c7cfccdc912233316b0b73302fed339
