boom! testing acme-client-0.1.5 against stable for beta
boom! running: cargo +stable build --frozen
boom! creating container for: cargo +stable build --frozen
boom! running `docker create -v /home/ec2-user/cargobomb/./work/local/test-source/beta/stable:/source:ro -v /home/ec2-user/cargobomb/./work/local/cargo-home:/cargo-home:ro -v /home/ec2-user/cargobomb/./work/local/rustup-home:/rustup-home:ro -v /home/ec2-user/cargobomb/./work/local/target-dirs/beta/stable:/target:rw -e USER_ID=500 -e CMD=cargo +stable build --frozen cargobomb`
blam! 3c0cbe31b217a80d914f1b7f74961015e0c565513aa5a21a2937c0554ead0f4c
boom! running `docker start -a 3c0cbe31b217a80d914f1b7f74961015e0c565513aa5a21a2937c0554ead0f4c`
kablam!    Compiling matches v0.1.4
kablam!    Compiling pkg-config v0.3.9
kablam!    Compiling backtrace v0.2.3
kablam!    Compiling rustc-demangle v0.1.3
kablam!    Compiling hpack v0.2.0
kablam!    Compiling mime v0.2.2
kablam!    Compiling language-tags v0.2.2
kablam!    Compiling httparse v1.2.1
kablam!    Compiling unicode-normalization v0.1.3
kablam!    Compiling unicode-bidi v0.2.4
kablam!    Compiling solicit v0.4.4
kablam!    Compiling openssl v0.8.3
kablam!    Compiling openssl-sys-extras v0.7.14
kablam!    Compiling backtrace-sys v0.1.6
kablam!    Compiling idna v0.1.0
kablam!    Compiling openssl v0.7.14
kablam!    Compiling traitobject v0.0.1
kablam!    Compiling dbghelp-sys v0.2.0
kablam!    Compiling semver v0.1.20
kablam!    Compiling rustc_version v0.1.7
kablam!    Compiling url v1.4.0
kablam!    Compiling unicase v1.4.0
kablam!    Compiling typeable v0.1.2
kablam!    Compiling openssl-sys v0.7.17
blam! Build failed, waiting for other jobs to finish...
blam! Build failed, waiting for other jobs to finish...
kablam! error: failed to run custom build command for `openssl v0.7.14`
kablam! process didn't exit successfully: `/target/debug/build/openssl-a0ff3cdd6ccfd560/build-script-build` (exit code: 101)
kablam! --- stdout
kablam! TARGET = Some("x86_64-unknown-linux-gnu")
kablam! OPT_LEVEL = Some("0")
kablam! TARGET = Some("x86_64-unknown-linux-gnu")
kablam! HOST = Some("x86_64-unknown-linux-gnu")
kablam! TARGET = Some("x86_64-unknown-linux-gnu")
kablam! TARGET = Some("x86_64-unknown-linux-gnu")
kablam! HOST = Some("x86_64-unknown-linux-gnu")
kablam! CC_x86_64-unknown-linux-gnu = None
kablam! CC_x86_64_unknown_linux_gnu = None
kablam! HOST_CC = None
kablam! CC = None
kablam! HOST = Some("x86_64-unknown-linux-gnu")
kablam! TARGET = Some("x86_64-unknown-linux-gnu")
kablam! HOST = Some("x86_64-unknown-linux-gnu")
kablam! CFLAGS_x86_64-unknown-linux-gnu = None
kablam! CFLAGS_x86_64_unknown_linux_gnu = None
kablam! HOST_CFLAGS = None
kablam! CFLAGS = None
kablam! PROFILE = Some("debug")
kablam! running: "cc" "-O0" "-ffunction-sections" "-fdata-sections" "-fPIC" "-g" "-m64" "-o" "/target/debug/build/openssl-87c538093dbe2342/out/src/c_helpers.o" "-c" "src/c_helpers.c"
kablam! cargo:warning=src/c_helpers.c:1:25: fatal error: openssl/ssl.h: No such file or directory
kablam! cargo:warning=compilation terminated.
kablam! ExitStatus(ExitStatus(256))
kablam! 
kablam! 
kablam! command did not execute successfully, got: exit code: 1
kablam! 
kablam! 
kablam! 
kablam! --- stderr
kablam! thread 'main' panicked at 'explicit panic', /cargo-home/registry/src/github.com-1ecc6299db9ec823/gcc-0.3.42/src/lib.rs:1127
kablam! note: Run with `RUST_BACKTRACE=1` for a backtrace.
kablam! 
boom! running `docker rm -f 3c0cbe31b217a80d914f1b7f74961015e0c565513aa5a21a2937c0554ead0f4c`
blam! 3c0cbe31b217a80d914f1b7f74961015e0c565513aa5a21a2937c0554ead0f4c
