boom! testing carboxyl-0.2.1 against stable for beta
boom! running: cargo +stable build --frozen
boom! creating container for: cargo +stable build --frozen
boom! running `docker create -v /home/ec2-user/cargobomb/./work/local/test-source/beta/stable:/source:ro -v /home/ec2-user/cargobomb/./work/local/cargo-home:/cargo-home:ro -v /home/ec2-user/cargobomb/./work/local/rustup-home:/rustup-home:ro -v /home/ec2-user/cargobomb/./work/local/target-dirs/beta/stable:/target:rw -e USER_ID=500 -e CMD=cargo +stable build --frozen cargobomb`
blam! 2d30963218e6de5860c4a06f0022c65b4bf663616bca7c150925e8541faef470
boom! running `docker start -a 2d30963218e6de5860c4a06f0022c65b4bf663616bca7c150925e8541faef470`
kablam!    Compiling carboxyl v0.2.1 (file:///source)
kablam!     Finished debug [unoptimized + debuginfo] target(s) in 1.19 secs
boom! running `docker rm -f 2d30963218e6de5860c4a06f0022c65b4bf663616bca7c150925e8541faef470`
blam! 2d30963218e6de5860c4a06f0022c65b4bf663616bca7c150925e8541faef470
boom! running: cargo +stable test --frozen --no-run
boom! creating container for: cargo +stable test --frozen --no-run
boom! running `docker create -v /home/ec2-user/cargobomb/./work/local/test-source/beta/stable:/source:ro -v /home/ec2-user/cargobomb/./work/local/cargo-home:/cargo-home:ro -v /home/ec2-user/cargobomb/./work/local/rustup-home:/rustup-home:ro -v /home/ec2-user/cargobomb/./work/local/target-dirs/beta/stable:/target:rw -e USER_ID=500 -e CMD=cargo +stable test --frozen --no-run cargobomb`
blam! 41c207b57cb338314ef830f88b8e7c7ee8365c8af1d967609f7bcfd7b8b1243e
boom! running `docker start -a 41c207b57cb338314ef830f88b8e7c7ee8365c8af1d967609f7bcfd7b8b1243e`
kablam!    Compiling carboxyl v0.2.1 (file:///source)
kablam!     Finished debug [unoptimized + debuginfo] target(s) in 23.57 secs
boom! running `docker rm -f 41c207b57cb338314ef830f88b8e7c7ee8365c8af1d967609f7bcfd7b8b1243e`
blam! 41c207b57cb338314ef830f88b8e7c7ee8365c8af1d967609f7bcfd7b8b1243e
boom! running: cargo +stable test --frozen
boom! creating container for: cargo +stable test --frozen
boom! running `docker create -v /home/ec2-user/cargobomb/./work/local/test-source/beta/stable:/source:ro -v /home/ec2-user/cargobomb/./work/local/cargo-home:/cargo-home:ro -v /home/ec2-user/cargobomb/./work/local/rustup-home:/rustup-home:ro -v /home/ec2-user/cargobomb/./work/local/target-dirs/beta/stable:/target:rw -e USER_ID=500 -e CMD=cargo +stable test --frozen cargobomb`
blam! 1dffcb1f6e0fa41dc59588b7e8d1fb7fe3ecef2d95c0be644d04d2adfd0c5a25
boom! running `docker start -a 1dffcb1f6e0fa41dc59588b7e8d1fb7fe3ecef2d95c0be644d04d2adfd0c5a25`
kablam!     Finished debug [unoptimized + debuginfo] target(s) in 0.0 secs
kablam!      Running /target/debug/deps/carboxyl-560d6aedb0026a57
blam! 
blam! running 62 tests
blam! test lift::test::lift0_equal_within_transaction ... ok
blam! test lift::test::lift1 ... ok
blam! test lift::test::lift0 ... ok
blam! test lift::test::lift2 ... ok
blam! test lift::test::lift2_identical ... ok
blam! test lift::test::lift3 ... ok
blam! test pending::test::queue_affects_future ... ok
blam! test pending::test::new_future_identical ... ok
blam! test pending::test::new_derefs_identical ... ok
blam! test pending::test::queue_does_not_affect_deref ... ok
blam! test pending::test::updated_deref ... ok
blam! test pending::test::updated_future ... ok
blam! test lift::test::lift4 ... ok
blam! test signal::test::applicative_composition ... ok
blam! test signal::test::clone ... ok
blam! test signal::test::cyclic_signal_intermediate ... ok
blam! test signal::test::applicative_interchange ... ok
blam! test signal::test::cyclic_snapshot_accum ... ok
blam! test signal::test::applicative_homomorphism ... ok
blam! test signal::test::hold ... ok
blam! test signal::test::hold_implicit_stream ... ok
blam! test signal::test::snapshot ... ok
blam! test signal::test::snapshot_2 ... ok
blam! test signal::test::snapshot_lift_order_standard ... ok
blam! test signal::test::snapshot_order_alternative ... ok
blam! test signal::test::snapshot_order_standard ... ok
blam! test source::test::source_register_and_send ... ok
blam! test source::test::source_unregister ... ok
blam! test signal::test::applicative_identity ... ok
blam! test source::test::with_weak_disappeared ... ok
blam! test source::test::with_weak_no_error ... ok
blam! test stream::coalesce::tests::update_value_combines_new_value_using_reducer ... ok
blam! test stream::coalesce::tests::update_value_puts_value_in_empty_mutex ... ok
kablam! thread '<unnamed>' panicked at 'explicit panic', src/source.rs:102
kablam! note: Run with `RUST_BACKTRACE=1` for a backtrace.
blam! test source::test::with_weak_poisoned ... ok
blam! test stream::test::chain_2 ... ok
blam! test stream::test::coalesce ... ok
blam! test stream::test::filter_some ... ok
blam! test stream::test::chain_1 ... ok
blam! test stream::test::fold_race_condition ... ok
blam! test signal::test::functor_composition ... ok
blam! test stream::test::map ... ok
blam! test stream::test::merge ... ok
blam! test signal::test::functor_identity ... ok
blam! test stream::test::functor_identity ... ok
blam! test stream::test::functor_composition ... ok
blam! test stream::test::move_closure ... ok
blam! test stream::test::sink ... ok
blam! test stream::test::sink_feed ... ok
blam! test stream::test::sink_feed_async ... ok
blam! test stream::test::sink_send_async ... ok
blam! test testing::test::signal_eq_algebraic ... ok
blam! test testing::test::signal_eq_const ... ok
blam! test testing::test::signal_eq_piecewise_const ... ok
blam! test testing::test::stream_eq_algebraic ... ok
blam! test testing::test::stream_eq_never ... ok
blam! test testing::test::stream_eq_same_sink ... ok
blam! test transaction::test::commit_nested ... ok
blam! test transaction::test::commit_single ... ok
blam! test transaction::test::commits_parallel ... ok
blam! test stream::test::monoid_left_identity ... ok
blam! test stream::test::monoid_right_identity ... ok
blam! test stream::test::monoid_associative ... ok
blam! 
blam! test result: ok. 62 passed; 0 failed; 0 ignored; 0 measured
blam! 
kablam!      Running /target/debug/deps/drag_drop-51e3aeac07606555
blam! 
blam! running 1 test
blam! test drag_drop_example ... ok
blam! 
blam! test result: ok. 1 passed; 0 failed; 0 ignored; 0 measured
blam! 
kablam!      Running /target/debug/deps/integration-687de7a1fb0f463b
blam! 
blam! running 2 tests
blam! test nested_transactions ... ok
blam! test switch ... ok
blam! 
blam! test result: ok. 2 passed; 0 failed; 0 ignored; 0 measured
blam! 
kablam!      Running /target/debug/deps/skeptic-e303a86f725e16f4
blam! 
blam! running 4 tests
kablam! error[E0464]: multiple matching crates for `carboxyl`
kablam!  --> /tmp/rust-skeptic.lJkDHyLPvA6r/test.rs:1:1
kablam!   |
kablam! 1 | extern crate carboxyl;
kablam!   | ^^^^^^^^^^^^^^^^^^^^^^
kablam!   |
kablam!   = note: candidates:
kablam!   = note: path: /target/debug/deps/libcarboxyl-6a9045d3ffa9582b.rlib
kablam!   = note: crate name: carboxyl
kablam!   = note: path: /target/debug/deps/libcarboxyl-d95f3d542a03d57f.rlib
kablam!   = note: crate name: carboxyl
kablam! 
kablam! error[E0463]: can't find crate for `carboxyl`
kablam!  --> /tmp/rust-skeptic.lJkDHyLPvA6r/test.rs:1:1
kablam!   |
kablam! 1 | extern crate carboxyl;
kablam!   | ^^^^^^^^^^^^^^^^^^^^^^ can't find crate
kablam! 
kablam! error: aborting due to 2 previous errors
kablam! 
blam! test readme_1 ... FAILED
kablam! error[E0464]: multiple matching crates for `carboxyl`
kablam!  --> /tmp/rust-skeptic.mMCciVQ6VY7Q/test.rs:1:1
kablam!   |
kablam! 1 | extern crate carboxyl;
kablam!   | ^^^^^^^^^^^^^^^^^^^^^^
kablam!   |
kablam!   = note: candidates:
kablam!   = note: path: /target/debug/deps/libcarboxyl-6a9045d3ffa9582b.rlib
kablam!   = note: crate name: carboxyl
kablam!   = note: path: /target/debug/deps/libcarboxyl-d95f3d542a03d57f.rlib
kablam!   = note: crate name: carboxyl
kablam! 
kablam! error[E0463]: can't find crate for `carboxyl`
kablam!  --> /tmp/rust-skeptic.mMCciVQ6VY7Q/test.rs:1:1
kablam!   |
kablam! 1 | extern crate carboxyl;
kablam!   | ^^^^^^^^^^^^^^^^^^^^^^ can't find crate
kablam! 
kablam! error: aborting due to 2 previous errors
kablam! 
blam! test readme_3 ... FAILED
kablam! error[E0464]: multiple matching crates for `carboxyl`
kablam!  --> /tmp/rust-skeptic.cfI6KTVAxK5V/test.rs:1:1
kablam!   |
kablam! 1 | extern crate carboxyl;
kablam!   | ^^^^^^^^^^^^^^^^^^^^^^
kablam!   |
kablam!   = note: candidates:
kablam!   = note: path: /target/debug/deps/libcarboxyl-6a9045d3ffa9582b.rlib
kablam!   = note: crate name: carboxyl
kablam!   = note: path: /target/debug/deps/libcarboxyl-d95f3d542a03d57f.rlib
kablam!   = note: crate name: carboxyl
kablam! 
kablam! error[E0463]: can't find crate for `carboxyl`
kablam!  --> /tmp/rust-skeptic.cfI6KTVAxK5V/test.rs:1:1
kablam!   |
kablam! 1 | extern crate carboxyl;
kablam!   | ^^^^^^^^^^^^^^^^^^^^^^ can't find crate
kablam! 
kablam! error: aborting due to 2 previous errors
kablam! 
kablam! error[E0464]: multiple matching crates for `carboxyl`
blam! test readme_0 ... FAILED
kablam!  --> /tmp/rust-skeptic.9dKFIAkRc49P/test.rs:1:1
kablam!   |
kablam! 1 | extern crate carboxyl;
kablam!   | ^^^^^^^^^^^^^^^^^^^^^^
kablam!   |
blam! test readme_2 ... FAILED
kablam!   = note: candidates:
kablam!   = note: path: /target/debug/deps/libcarboxyl-6a9045d3ffa9582b.rlib
kablam!   = note: crate name: carboxyl
kablam!   = note: path: /target/debug/deps/libcarboxyl-d95f3d542a03d57f.rlib
blam! 
kablam!   = note: crate name: carboxyl
kablam! 
kablam! error[E0463]: can't find crate for `carboxyl`
kablam!  --> /tmp/rust-skeptic.9dKFIAkRc49P/test.rs:1:1
kablam!   |
kablam! 1 | extern crate carboxyl;
kablam!   | ^^^^^^^^^^^^^^^^^^^^^^ can't find crate
kablam! 
blam! failures:
kablam! error: aborting due to 2 previous errors
kablam! 
kablam! error: test failed
blam! 
blam! ---- readme_1 stdout ----
blam! 	thread 'readme_1' panicked at 'command `compile` failed', /cargo-home/registry/src/github.com-1ecc6299db9ec823/skeptic-0.6.1/lib.rs:391
blam! note: Run with `RUST_BACKTRACE=1` for a backtrace.
blam! 
blam! ---- readme_3 stdout ----
blam! 	thread 'readme_3' panicked at 'command `compile` failed', /cargo-home/registry/src/github.com-1ecc6299db9ec823/skeptic-0.6.1/lib.rs:391
blam! 
blam! ---- readme_0 stdout ----
blam! 	thread 'readme_0' panicked at 'command `compile` failed', /cargo-home/registry/src/github.com-1ecc6299db9ec823/skeptic-0.6.1/lib.rs:391
blam! 
blam! ---- readme_2 stdout ----
blam! 	thread 'readme_2' panicked at 'command `compile` failed', /cargo-home/registry/src/github.com-1ecc6299db9ec823/skeptic-0.6.1/lib.rs:391
blam! 
blam! 
blam! failures:
blam!     readme_0
blam!     readme_1
blam!     readme_2
blam!     readme_3
blam! 
blam! test result: FAILED. 0 passed; 4 failed; 0 ignored; 0 measured
blam! 
boom! running `docker rm -f 1dffcb1f6e0fa41dc59588b7e8d1fb7fe3ecef2d95c0be644d04d2adfd0c5a25`
blam! 1dffcb1f6e0fa41dc59588b7e8d1fb7fe3ecef2d95c0be644d04d2adfd0c5a25
