boom! testing cereal_macros-0.2.1 against nightly for nightly
boom! running: cargo +nightly build --frozen
boom! creating container for: cargo +nightly build --frozen
boom! running `docker create -v /home/ec2-user/cargobomb/./work/local/test-source/nightly/nightly:/source:ro -v /home/ec2-user/cargobomb/./work/local/cargo-home:/cargo-home:ro -v /home/ec2-user/cargobomb/./work/local/rustup-home:/rustup-home:ro -v /home/ec2-user/cargobomb/./work/local/target-dirs/nightly/nightly:/target:rw -e USER_ID=500 -e CMD=cargo +nightly build --frozen cargobomb`
blam! c036ed5c31ec9f69f743947f8d6eed32f3c8b27272a69c4397f074ded86bab32
boom! running `docker start -a c036ed5c31ec9f69f743947f8d6eed32f3c8b27272a69c4397f074ded86bab32`
kablam!    Compiling cereal_macros v0.2.1 (file:///source)
kablam! error[E0432]: unresolved import `rustc::plugin::Registry`
kablam!  --> src/plugin.rs:7:5
kablam!   |
kablam! 7 | use rustc::plugin::Registry;
kablam!   |     ^^^^^^^^^^^^^^^^^^^^^^^ Could not find `plugin` in `rustc`
kablam! 
kablam! error[E0432]: unresolved import `syntax::ext::deriving::generic`
kablam!   --> src/plugin.rs:12:5
kablam!    |
kablam! 12 | use syntax::ext::deriving::generic;
kablam!    |     ^^^^^^^^^^^^^^^^^^^^^^^^^^^^^^ Could not find `deriving` in `ext`
kablam! 
kablam! error[E0425]: cannot find function `intern` in module `token`
kablam!   --> src/plugin.rs:18:40
kablam!    |
kablam! 18 |     registry.register_syntax_extension(token::intern("derive_CerealData"),
kablam!    |                                        ^^^^^^^^^^^^^ not found in `token`
kablam! 
kablam! error: no associated item named `MutMutable` found for type `syntax::ast::Mutability` in the current scope
kablam!   --> src/plugin.rs:58:60
kablam!    |
kablam! 58 |                         generic::ty::PtrTy::Borrowed(None, Mutability::MutMutable)
kablam!    |                                                            ^^^^^^^^^^^^^^^^^^^^^^
kablam! 
kablam! error: no associated item named `MutMutable` found for type `syntax::ast::Mutability` in the current scope
kablam!   --> src/plugin.rs:84:60
kablam!    |
kablam! 84 |                         generic::ty::PtrTy::Borrowed(None, Mutability::MutMutable)
kablam!    |                                                            ^^^^^^^^^^^^^^^^^^^^^^
kablam! 
kablam! error: no method named `to_tokens` found for type `std::vec::Vec<syntax::ptr::P<syntax::ast::Stmt>>` in the current scope
kablam!    --> src/plugin.rs:173:17
kablam!     |
kablam! 173 |                 $all
kablam!     |                 ^^^^
kablam!     |
kablam!     = note: the method `to_tokens` exists but the following trait bounds were not satisfied: `syntax::ptr::P<syntax::ast::Stmt> : syntax::ext::quote::rt::ToTokens`
kablam! 
kablam! error: no method named `to_tokens` found for type `std::vec::Vec<syntax::ptr::P<syntax::ast::Stmt>>` in the current scope
kablam!    --> src/plugin.rs:187:17
kablam!     |
kablam! 187 |                 $all
kablam!     |                 ^^^^
kablam!     |
kablam!     = note: the method `to_tokens` exists but the following trait bounds were not satisfied: `syntax::ptr::P<syntax::ast::Stmt> : syntax::ext::quote::rt::ToTokens`
kablam! 
kablam! error: aborting due to 4 previous errors
kablam! 
kablam! error: Could not compile `cereal_macros`.
kablam! 
kablam! To learn more, run the command again with --verbose.
boom! running `docker rm -f c036ed5c31ec9f69f743947f8d6eed32f3c8b27272a69c4397f074ded86bab32`
blam! c036ed5c31ec9f69f743947f8d6eed32f3c8b27272a69c4397f074ded86bab32
