boom! testing fomat-macros-0.2.0 against beta for beta
boom! running: cargo +beta build --frozen
boom! creating container for: cargo +beta build --frozen
boom! running `docker create -v /home/ec2-user/cargobomb/./work/local/test-source/beta/beta:/source:ro -v /home/ec2-user/cargobomb/./work/local/cargo-home:/cargo-home:ro -v /home/ec2-user/cargobomb/./work/local/rustup-home:/rustup-home:ro -v /home/ec2-user/cargobomb/./work/local/target-dirs/beta/beta:/target:rw -e USER_ID=500 -e CMD=cargo +beta build --frozen cargobomb`
blam! 8667b07cba8f7f0aa57fc05056ef6840a55d336d66ebca0fcfbf4f4bc1490c68
boom! running `docker start -a 8667b07cba8f7f0aa57fc05056ef6840a55d336d66ebca0fcfbf4f4bc1490c68`
kablam!    Compiling fomat-macros v0.2.0 (file:///source)
kablam!     Finished dev [unoptimized + debuginfo] target(s) in 0.21 secs
boom! running `docker rm -f 8667b07cba8f7f0aa57fc05056ef6840a55d336d66ebca0fcfbf4f4bc1490c68`
blam! 8667b07cba8f7f0aa57fc05056ef6840a55d336d66ebca0fcfbf4f4bc1490c68
boom! running: cargo +beta test --frozen --no-run
boom! creating container for: cargo +beta test --frozen --no-run
boom! running `docker create -v /home/ec2-user/cargobomb/./work/local/test-source/beta/beta:/source:ro -v /home/ec2-user/cargobomb/./work/local/cargo-home:/cargo-home:ro -v /home/ec2-user/cargobomb/./work/local/rustup-home:/rustup-home:ro -v /home/ec2-user/cargobomb/./work/local/target-dirs/beta/beta:/target:rw -e USER_ID=500 -e CMD=cargo +beta test --frozen --no-run cargobomb`
blam! ed24493b350aa90a7e2f8750b5ac2076e56c79a022d0f67276060591b1d29f2f
boom! running `docker start -a ed24493b350aa90a7e2f8750b5ac2076e56c79a022d0f67276060591b1d29f2f`
kablam!    Compiling fomat-macros v0.2.0 (file:///source)
kablam!     Finished dev [unoptimized + debuginfo] target(s) in 2.0 secs
boom! running `docker rm -f ed24493b350aa90a7e2f8750b5ac2076e56c79a022d0f67276060591b1d29f2f`
blam! ed24493b350aa90a7e2f8750b5ac2076e56c79a022d0f67276060591b1d29f2f
boom! running: cargo +beta test --frozen
boom! creating container for: cargo +beta test --frozen
boom! running `docker create -v /home/ec2-user/cargobomb/./work/local/test-source/beta/beta:/source:ro -v /home/ec2-user/cargobomb/./work/local/cargo-home:/cargo-home:ro -v /home/ec2-user/cargobomb/./work/local/rustup-home:/rustup-home:ro -v /home/ec2-user/cargobomb/./work/local/target-dirs/beta/beta:/target:rw -e USER_ID=500 -e CMD=cargo +beta test --frozen cargobomb`
blam! e18c3d9556f4236af3898b09670b04651aaac99ae718dc12e193fa82a638747d
boom! running `docker start -a e18c3d9556f4236af3898b09670b04651aaac99ae718dc12e193fa82a638747d`
kablam!     Finished dev [unoptimized + debuginfo] target(s) in 0.0 secs
kablam!      Running /target/debug/deps/capturing-ab2d645170d1eb0c
blam! 
blam! running 1 test
kablam! error: failed to load source for a dependency on `fomat-macros`
kablam! 
kablam! Caused by:
kablam!   Unable to update file:///
kablam! 
kablam! Caused by:
kablam!   failed to read `/Cargo.toml`
kablam! 
kablam! Caused by:
kablam!   No such file or directory (os error 2)
blam! test capturing ... FAILED
blam! 
blam! failures:
blam! 
blam! ---- capturing stdout ----
kablam! error: test failed
blam! 	thread 'capturing' panicked at 'assertion failed: Command::new("cargo").arg("build").current_dir(&pintdir).status().unwrap().success()', tests/capturing.rs:88
blam! note: Run with `RUST_BACKTRACE=1` for a backtrace.
blam! 
blam! 
blam! failures:
blam!     capturing
blam! 
blam! test result: FAILED. 0 passed; 1 failed; 0 ignored; 0 measured
blam! 
boom! running `docker rm -f e18c3d9556f4236af3898b09670b04651aaac99ae718dc12e193fa82a638747d`
blam! e18c3d9556f4236af3898b09670b04651aaac99ae718dc12e193fa82a638747d
