boom! testing https://github.com/sacooper/SimpleShell-Rust#6fbec7dab15b9119db13772c6790e0f36f5dea9a against nightly for nightly
boom! running: cargo +nightly build --frozen
boom! creating container for: cargo +nightly build --frozen
boom! running `docker create -v /home/ec2-user/cargobomb/./work/local/test-source/nightly/nightly:/source:ro -v /home/ec2-user/cargobomb/./work/local/cargo-home:/cargo-home:ro -v /home/ec2-user/cargobomb/./work/local/rustup-home:/rustup-home:ro -v /home/ec2-user/cargobomb/./work/local/target-dirs/nightly/nightly:/target:rw -e USER_ID=500 -e CMD=cargo +nightly build --frozen cargobomb`
blam! 5ab41bbb59083e18273db5821ed617141d1f264eae0e5857c3cbfa06356fab71
boom! running `docker start -a 5ab41bbb59083e18273db5821ed617141d1f264eae0e5857c3cbfa06356fab71`
kablam!    Compiling RustShell v0.0.1 (file:///source)
kablam! error: invalid suffix `u` for numeric literal
kablam!   --> src/main.rs:29:61
kablam!    |
kablam! 29 | 					let y : Vec<&HistoryEntry> = history.iter().rev().take(10u).collect();
kablam!    | 					                                                       ^^^
kablam!    |
kablam!    = help: the suffix must be one of the integral types (`u32`, `isize`, etc)
kablam! 
kablam! error: expected expression, found reserved keyword `proc`
kablam!    --> src/main.rs:118:12
kablam!     |
kablam! 118 | 					spawn(proc() {
kablam!     | 					      ^^^^
kablam! 
kablam! error: expected one of `)`, `.`, `;`, `<`, `?`, `break`, `continue`, `false`, `for`, `if`, `loop`, `match`, `move`, `return`, `true`, `unsafe`, `while`, `}`, or an operator, found `proc`
kablam!    --> src/main.rs:118:12
kablam!     |
kablam! 118 | 					spawn(proc() {
kablam!     | 					      ^^^^
kablam! 
kablam! error[E0432]: unresolved import `std::io::process::Command`
kablam!  --> src/main.rs:2:5
kablam!   |
kablam! 2 | use std::io::process::Command;
kablam!   |     ^^^^^^^^^^^^^^^^^^^^^^^^^ Could not find `process` in `io`
kablam! 
kablam! error[E0432]: unresolved import `std::io::process`
kablam!  --> src/main.rs:3:5
kablam!   |
kablam! 3 | use std::io::process;
kablam!   |     ^^^^^^^^^^^^^^^^ no `process` in `io`
kablam! 
kablam! error[E0412]: cannot find type `uint` in this scope
kablam!   --> src/main.rs:66:21
kablam!    |
kablam! 66 | 					let x : Option<uint> = from_str(args[1]);
kablam!    | 					               ^^^^ not found in this scope
kablam! 
kablam! error[E0425]: cannot find function `from_str` in this scope
kablam!   --> src/main.rs:66:29
kablam!    |
kablam! 66 | 					let x : Option<uint> = from_str(args[1]);
kablam!    | 					                       ^^^^^^^^ not found in this scope
kablam! 
kablam! error[E0412]: cannot find type `uint` in this scope
kablam!   --> src/main.rs:88:21
kablam!    |
kablam! 88 | 					let x : Option<uint> = from_str(args[1]);
kablam!    | 					               ^^^^ not found in this scope
kablam! 
kablam! error[E0425]: cannot find function `from_str` in this scope
kablam!   --> src/main.rs:88:29
kablam!    |
kablam! 88 | 					let x : Option<uint> = from_str(args[1]);
kablam!    | 					                       ^^^^^^^^ not found in this scope
kablam! 
kablam! error[E0412]: cannot find type `Sender` in this scope
kablam!    --> src/main.rs:117:21
kablam!     |
kablam! 117 | 					let (tx, rx): (Sender<process::Process>, Receiver<process::Process>) = channel();
kablam!     | 					               ^^^^^^ did you mean `Send`?
kablam!     |
kablam!     = help: possible candidate is found in another module, you can import it into scope:
kablam!               `use std::sync::mpsc::Sender;`
kablam! 
kablam! error[E0412]: cannot find type `Receiver` in this scope
kablam!    --> src/main.rs:117:47
kablam!     |
kablam! 117 | 					let (tx, rx): (Sender<process::Process>, Receiver<process::Process>) = channel();
kablam!     | 					                                         ^^^^^^^^ not found in this scope
kablam!     |
kablam!     = help: possible candidate is found in another module, you can import it into scope:
kablam!               `use std::sync::mpsc::Receiver;`
kablam! 
kablam! error[E0425]: cannot find function `channel` in this scope
kablam!    --> src/main.rs:117:77
kablam!     |
kablam! 117 | 					let (tx, rx): (Sender<process::Process>, Receiver<process::Process>) = channel();
kablam!     | 					                                                                       ^^^^^^^ not found in this scope
kablam!     |
kablam!     = help: possible candidate is found in another module, you can import it into scope:
kablam!               `use std::sync::mpsc::channel;`
kablam! 
kablam! error[E0425]: cannot find function `spawn` in this scope
kablam!    --> src/main.rs:118:6
kablam!     |
kablam! 118 | 					spawn(proc() {
kablam!     | 					^^^^^ not found in this scope
kablam!     |
kablam!     = help: possible candidate is found in another module, you can import it into scope:
kablam!               `use std::thread::spawn;`
kablam! 
kablam! error: The attribute `deriving` is currently unknown to the compiler and may have meaning added to it in the future (see issue #29642)
kablam!   --> src/main.rs:10:1
kablam!    |
kablam! 10 | #[deriving(Clone)]
kablam!    | ^^^^^^^^^^^^^^^^^^
kablam!    |
kablam!    = help: add #![feature(custom_attribute)] to the crate attributes to enable
kablam! 
kablam! error: aborting due to previous error
kablam! 
kablam! error: Could not compile `RustShell`.
kablam! 
kablam! To learn more, run the command again with --verbose.
boom! running `docker rm -f 5ab41bbb59083e18273db5821ed617141d1f264eae0e5857c3cbfa06356fab71`
blam! 5ab41bbb59083e18273db5821ed617141d1f264eae0e5857c3cbfa06356fab71
