boom! testing parking_lot-0.2.8 against beta for beta
boom! running: cargo +beta build --frozen
boom! creating container for: cargo +beta build --frozen
boom! running `docker create -v /home/ec2-user/cargobomb/./work/local/test-source/beta/beta:/source:ro -v /home/ec2-user/cargobomb/./work/local/cargo-home:/cargo-home:ro -v /home/ec2-user/cargobomb/./work/local/rustup-home:/rustup-home:ro -v /home/ec2-user/cargobomb/./work/local/target-dirs/beta/beta:/target:rw -e USER_ID=500 -e CMD=cargo +beta build --frozen cargobomb`
blam! 7c0f382e7b08707301387d55b1e74376f3705da4f17f4177d1c381006b927d3f
boom! running `docker start -a 7c0f382e7b08707301387d55b1e74376f3705da4f17f4177d1c381006b927d3f`
kablam!    Compiling parking_lot v0.2.8 (file:///source)
kablam!     Finished dev [unoptimized + debuginfo] target(s) in 2.2 secs
boom! running `docker rm -f 7c0f382e7b08707301387d55b1e74376f3705da4f17f4177d1c381006b927d3f`
blam! 7c0f382e7b08707301387d55b1e74376f3705da4f17f4177d1c381006b927d3f
boom! running: cargo +beta test --frozen --no-run
boom! creating container for: cargo +beta test --frozen --no-run
boom! running `docker create -v /home/ec2-user/cargobomb/./work/local/test-source/beta/beta:/source:ro -v /home/ec2-user/cargobomb/./work/local/cargo-home:/cargo-home:ro -v /home/ec2-user/cargobomb/./work/local/rustup-home:/rustup-home:ro -v /home/ec2-user/cargobomb/./work/local/target-dirs/beta/beta:/target:rw -e USER_ID=500 -e CMD=cargo +beta test --frozen --no-run cargobomb`
blam! f36c95fd419e6d50d7c464563acf5a16201fe61ce1cf3a5b08faa745e665774b
boom! running `docker start -a f36c95fd419e6d50d7c464563acf5a16201fe61ce1cf3a5b08faa745e665774b`
kablam!    Compiling parking_lot v0.2.8 (file:///source)
kablam! warning: static variable `run` should have an upper case name such as `RUN`, #[warn(non_upper_case_globals)] on by default
kablam!    --> src/once.rs:308:9
kablam!     |
kablam! 308 |         static mut run: bool = false;
kablam!     |         ^^^^^^^^^^^^^^^^^^^^^^^^^^^^^
kablam! 
kablam!     Finished dev [unoptimized + debuginfo] target(s) in 4.90 secs
boom! running `docker rm -f f36c95fd419e6d50d7c464563acf5a16201fe61ce1cf3a5b08faa745e665774b`
blam! f36c95fd419e6d50d7c464563acf5a16201fe61ce1cf3a5b08faa745e665774b
boom! running: cargo +beta test --frozen
boom! creating container for: cargo +beta test --frozen
boom! running `docker create -v /home/ec2-user/cargobomb/./work/local/test-source/beta/beta:/source:ro -v /home/ec2-user/cargobomb/./work/local/cargo-home:/cargo-home:ro -v /home/ec2-user/cargobomb/./work/local/rustup-home:/rustup-home:ro -v /home/ec2-user/cargobomb/./work/local/target-dirs/beta/beta:/target:rw -e USER_ID=500 -e CMD=cargo +beta test --frozen cargobomb`
blam! 270816397b162d5eadc4106fe46d123bccf327d3e49b7c3a0ab05a56f756d31f
boom! running `docker start -a 270816397b162d5eadc4106fe46d123bccf327d3e49b7c3a0ab05a56f756d31f`
kablam!     Finished dev [unoptimized + debuginfo] target(s) in 0.0 secs
kablam!      Running /target/debug/deps/parking_lot-bb6d832cea6e44d4
blam! 
blam! running 35 tests
blam! test condvar::tests::smoke ... ok
blam! test condvar::tests::notify_one ... ok
blam! test condvar::tests::two_mutexes ... ok
blam! test condvar::tests::notify_all ... ok
blam! test condvar::tests::two_mutexes_disjoint ... ok
blam! test condvar::tests::wait_until ... ok
blam! test condvar::tests::wait_for ... ok
blam! test mutex::tests::smoke ... ok
blam! test mutex::tests::lots_and_lots ... ok
blam! test mutex::tests::test_get_mut ... ok
blam! test mutex::tests::test_into_inner ... ok
blam! test mutex::tests::test_into_inner_drop ... ok
blam! test mutex::tests::test_mutex_unsized ... ok
blam! test mutex::tests::test_mutexguard_send ... ok
kablam! thread '<unnamed>' panicked at 'explicit panic', src/mutex.rs:390
blam! test mutex::tests::test_mutex_arc_condvar ... ok
blam! test mutex::tests::test_mutex_arc_access_in_unwind ... ok
blam! test mutex::tests::try_lock ... ok
blam! test once::tests::smoke_once ... ok
blam! test mutex::tests::test_mutex_arc_nested ... ok
blam! test rwlock::tests::test_get_mut ... ok
blam! test rwlock::tests::test_into_inner ... ok
blam! test rwlock::tests::smoke ... ok
blam! test once::tests::stampede_once ... ok
kablam! thread '<unnamed>' panicked at 'explicit panic', src/rwlock.rs:523
blam! test rwlock::tests::test_rw_arc_access_in_unwind ... ok
blam! test rwlock::tests::test_rw_arc ... ok
kablam! thread '<unnamed>' panicked at 'explicit panic', src/rwlock.rs:463
blam! test rwlock::tests::test_rw_arc_no_poison_rw ... ok
kablam! thread '<unnamed>' panicked at 'explicit panic', src/rwlock.rs:451
blam! test rwlock::tests::frob ... ok
blam! test rwlock::tests::test_into_inner_drop ... ok
kablam! thread '<unnamed>' panicked at 'explicit panic', src/rwlock.rs:438
blam! test rwlock::tests::test_rw_arc_no_poison_rr ... ok
blam! test rwlock::tests::test_rw_arc_no_poison_ww ... ok
blam! test rwlock::tests::test_rwlock_try_write ... ok
kablam! thread '<unnamed>' panicked at 'explicit panic', src/rwlock.rs:425
blam! test rwlock::tests::test_rw_arc_no_poison_wr ... ok
blam! test rwlock::tests::test_rwlock_downgrade ... ok
blam! test rwlock::tests::test_rwlock_unsized ... ok
blam! test rwlock::tests::test_rwlockguard_send ... ok
blam! 
blam! test result: ok. 35 passed; 0 failed; 0 ignored; 0 measured
blam! 
kablam!    Doc-tests parking_lot
blam! 
blam! running 10 tests
blam! test _0 ... ignored
blam! test _1 ... ignored
blam! test _2 ... ignored
blam! test _3 ... ignored
blam! test once::Once::call_once_0 ... ok
blam! test condvar::Condvar_0 ... ok
blam! test once::Once_0 ... ok
blam! test mutex::Mutex_0 ... ok
blam! test rwlock::RwLock_0 ... ok
blam! test rwlock::RwLock<T>::new_0 ... ok
blam! 
blam! test result: ok. 6 passed; 0 failed; 4 ignored; 0 measured
blam! 
boom! running `docker rm -f 270816397b162d5eadc4106fe46d123bccf327d3e49b7c3a0ab05a56f756d31f`
blam! 270816397b162d5eadc4106fe46d123bccf327d3e49b7c3a0ab05a56f756d31f
