boom! testing sat-0.1.0 against beta for beta
boom! running: cargo +beta build --frozen
boom! creating container for: cargo +beta build --frozen
boom! running `docker create -v /home/ec2-user/cargobomb/./work/local/test-source/beta/beta:/source:ro -v /home/ec2-user/cargobomb/./work/local/cargo-home:/cargo-home:ro -v /home/ec2-user/cargobomb/./work/local/rustup-home:/rustup-home:ro -v /home/ec2-user/cargobomb/./work/local/target-dirs/beta/beta:/target:rw -e USER_ID=500 -e CMD=cargo +beta build --frozen cargobomb`
blam! fc8326d975620c5e09f0c55441213e09d2254e4f4d498e6c0cf82ba18434a865
boom! running `docker start -a fc8326d975620c5e09f0c55441213e09d2254e4f4d498e6c0cf82ba18434a865`
kablam!    Compiling sat v0.1.0 (file:///source)
kablam!     Finished dev [unoptimized + debuginfo] target(s) in 0.55 secs
boom! running `docker rm -f fc8326d975620c5e09f0c55441213e09d2254e4f4d498e6c0cf82ba18434a865`
blam! fc8326d975620c5e09f0c55441213e09d2254e4f4d498e6c0cf82ba18434a865
boom! running: cargo +beta test --frozen --no-run
boom! creating container for: cargo +beta test --frozen --no-run
boom! running `docker create -v /home/ec2-user/cargobomb/./work/local/test-source/beta/beta:/source:ro -v /home/ec2-user/cargobomb/./work/local/cargo-home:/cargo-home:ro -v /home/ec2-user/cargobomb/./work/local/rustup-home:/rustup-home:ro -v /home/ec2-user/cargobomb/./work/local/target-dirs/beta/beta:/target:rw -e USER_ID=500 -e CMD=cargo +beta test --frozen --no-run cargobomb`
blam! 7e5d8d8d9d7dcf667f5ad1185e96b16841d728af4aa21622c8128ff7fc322350
boom! running `docker start -a 7e5d8d8d9d7dcf667f5ad1185e96b16841d728af4aa21622c8128ff7fc322350`
kablam!    Compiling sat v0.1.0 (file:///source)
kablam!     Finished dev [unoptimized + debuginfo] target(s) in 2.57 secs
boom! running `docker rm -f 7e5d8d8d9d7dcf667f5ad1185e96b16841d728af4aa21622c8128ff7fc322350`
blam! 7e5d8d8d9d7dcf667f5ad1185e96b16841d728af4aa21622c8128ff7fc322350
boom! running: cargo +beta test --frozen
boom! creating container for: cargo +beta test --frozen
boom! running `docker create -v /home/ec2-user/cargobomb/./work/local/test-source/beta/beta:/source:ro -v /home/ec2-user/cargobomb/./work/local/cargo-home:/cargo-home:ro -v /home/ec2-user/cargobomb/./work/local/rustup-home:/rustup-home:ro -v /home/ec2-user/cargobomb/./work/local/target-dirs/beta/beta:/target:rw -e USER_ID=500 -e CMD=cargo +beta test --frozen cargobomb`
blam! 8480093b7250343bc654f2a57d3d5402d9a205008b5fda56c1d4619392e5ff29
boom! running `docker start -a 8480093b7250343bc654f2a57d3d5402d9a205008b5fda56c1d4619392e5ff29`
kablam!     Finished dev [unoptimized + debuginfo] target(s) in 0.0 secs
kablam!      Running /target/debug/deps/sat-3b7bf9a45226b82c
blam! 
blam! running 0 tests
blam! 
blam! test result: ok. 0 passed; 0 failed; 0 ignored; 0 measured
blam! 
kablam!      Running /target/debug/deps/smoke_test-da8eac8368254abe
blam! 
blam! running 1 test
blam! test smoke_test ... FAILED
blam! 
blam! failures:
blam! 
blam! ---- smoke_test stdout ----
blam! 	thread 'smoke_test' panicked at 'called `Result::unwrap()` on an `Err` value: Error { repr: Os { code: 2, message: "No such file or directory" } }', /buildslave/rust-buildbot/slave/beta-dist-rustc-linux/build/src/libcore/result.rs:868
blam! note: Run with `RUST_BACKTRACE=1` for a backtrace.
kablam! error: test failed
blam! 
blam! 
blam! failures:
blam!     smoke_test
blam! 
blam! test result: FAILED. 0 passed; 1 failed; 0 ignored; 0 measured
blam! 
boom! running `docker rm -f 8480093b7250343bc654f2a57d3d5402d9a205008b5fda56c1d4619392e5ff29`
blam! 8480093b7250343bc654f2a57d3d5402d9a205008b5fda56c1d4619392e5ff29
