boom! testing exar-net-0.1.0 against stable for beta
boom! running: cargo +stable build --frozen
boom! creating container for: cargo +stable build --frozen
boom! running `docker create -v /home/ec2-user/cargobomb/./work/local/test-source/beta/stable:/source:ro -v /home/ec2-user/cargobomb/./work/local/cargo-home:/cargo-home:ro -v /home/ec2-user/cargobomb/./work/local/rustup-home:/rustup-home:ro -v /home/ec2-user/cargobomb/./work/local/target-dirs/beta/stable:/target:rw -e USER_ID=500 -e CMD=cargo +stable build --frozen cargobomb`
blam! bcf42bb0eb15a31e32486442699cbb13d680711ab4a3a071393d93e541c1173c
boom! running `docker start -a bcf42bb0eb15a31e32486442699cbb13d680711ab4a3a071393d93e541c1173c`
kablam!    Compiling exar-net v0.1.0 (file:///source)
kablam!     Finished debug [unoptimized + debuginfo] target(s) in 0.99 secs
boom! running `docker rm -f bcf42bb0eb15a31e32486442699cbb13d680711ab4a3a071393d93e541c1173c`
blam! bcf42bb0eb15a31e32486442699cbb13d680711ab4a3a071393d93e541c1173c
boom! running: cargo +stable test --frozen --no-run
boom! creating container for: cargo +stable test --frozen --no-run
boom! running `docker create -v /home/ec2-user/cargobomb/./work/local/test-source/beta/stable:/source:ro -v /home/ec2-user/cargobomb/./work/local/cargo-home:/cargo-home:ro -v /home/ec2-user/cargobomb/./work/local/rustup-home:/rustup-home:ro -v /home/ec2-user/cargobomb/./work/local/target-dirs/beta/stable:/target:rw -e USER_ID=500 -e CMD=cargo +stable test --frozen --no-run cargobomb`
blam! 81471c00e2d0bc5605bae4a6de652458f5dbfaaf412d4e58df717c487f6ff534
boom! running `docker start -a 81471c00e2d0bc5605bae4a6de652458f5dbfaaf412d4e58df717c487f6ff534`
kablam!    Compiling exar-testkit v0.1.0
kablam! error[E0554]: #[feature] may not be used on the stable release channel
kablam!  --> /cargo-home/registry/src/github.com-1ecc6299db9ec823/exar-testkit-0.1.0/src/lib.rs:1:1
kablam!   |
kablam! 1 | #![feature(const_fn)]
kablam!   | ^^^^^^^^^^^^^^^^^^^^^
kablam! 
kablam! error: aborting due to previous error
kablam! 
kablam! error: Could not compile `exar-testkit`.
kablam! 
kablam! To learn more, run the command again with --verbose.
boom! running `docker rm -f 81471c00e2d0bc5605bae4a6de652458f5dbfaaf412d4e58df717c487f6ff534`
blam! 81471c00e2d0bc5605bae4a6de652458f5dbfaaf412d4e58df717c487f6ff534
boom! running: cargo +stable test --frozen
boom! creating container for: cargo +stable test --frozen
boom! running `docker create -v /home/ec2-user/cargobomb/./work/local/test-source/beta/stable:/source:ro -v /home/ec2-user/cargobomb/./work/local/cargo-home:/cargo-home:ro -v /home/ec2-user/cargobomb/./work/local/rustup-home:/rustup-home:ro -v /home/ec2-user/cargobomb/./work/local/target-dirs/beta/stable:/target:rw -e USER_ID=500 -e CMD=cargo +stable test --frozen cargobomb`
blam! 439bf185d74566102538b77038777f10357dcce5229a87293ae418b2dd1c0827
boom! running `docker start -a 439bf185d74566102538b77038777f10357dcce5229a87293ae418b2dd1c0827`
kablam!    Compiling exar-testkit v0.1.0
kablam! error[E0554]: #[feature] may not be used on the stable release channel
kablam!  --> /cargo-home/registry/src/github.com-1ecc6299db9ec823/exar-testkit-0.1.0/src/lib.rs:1:1
kablam!   |
kablam! 1 | #![feature(const_fn)]
kablam!   | ^^^^^^^^^^^^^^^^^^^^^
kablam! 
kablam! error: aborting due to previous error
kablam! 
kablam! error: Could not compile `exar-testkit`.
kablam! 
kablam! To learn more, run the command again with --verbose.
boom! running `docker rm -f 439bf185d74566102538b77038777f10357dcce5229a87293ae418b2dd1c0827`
blam! 439bf185d74566102538b77038777f10357dcce5229a87293ae418b2dd1c0827
