boom! testing compiletest_rs-0.2.5 against beta for beta
boom! running: cargo +beta build --frozen
boom! creating container for: cargo +beta build --frozen
boom! running `docker create -v /home/ec2-user/cargobomb/./work/local/test-source/beta/beta:/source:ro -v /home/ec2-user/cargobomb/./work/local/cargo-home:/cargo-home:ro -v /home/ec2-user/cargobomb/./work/local/rustup-home:/rustup-home:ro -v /home/ec2-user/cargobomb/./work/local/target-dirs/beta/beta:/target:rw -e USER_ID=500 -e CMD=cargo +beta build --frozen cargobomb`
blam! 7f70b82e268b3029034436035d2b5f3774e6ba6b006ecd3318482bf1c0e30335
boom! running `docker start -a 7f70b82e268b3029034436035d2b5f3774e6ba6b006ecd3318482bf1c0e30335`
kablam!    Compiling compiletest_rs v0.2.5 (file:///source)
kablam! error[E0554]: #[feature] may not be used on the beta release channel
kablam!   --> src/compiletest.rs:13:1
kablam!    |
kablam! 13 | #![feature(rustc_private)]
kablam!    | ^^^^^^^^^^^^^^^^^^^^^^^^^^
kablam! 
kablam! error[E0554]: #[feature] may not be used on the beta release channel
kablam!   --> src/compiletest.rs:14:1
kablam!    |
kablam! 14 | #![feature(test)]
kablam!    | ^^^^^^^^^^^^^^^^^
kablam! 
kablam! error: aborting due to 2 previous errors
kablam! 
kablam! error: Could not compile `compiletest_rs`.
kablam! 
kablam! To learn more, run the command again with --verbose.
boom! running `docker rm -f 7f70b82e268b3029034436035d2b5f3774e6ba6b006ecd3318482bf1c0e30335`
blam! 7f70b82e268b3029034436035d2b5f3774e6ba6b006ecd3318482bf1c0e30335
