boom! testing hashmap2-0.2.0 against nightly for nightly
boom! running: cargo +nightly build --frozen
boom! creating container for: cargo +nightly build --frozen
boom! running `docker create -v /home/ec2-user/cargobomb/./work/local/test-source/nightly/nightly:/source:ro -v /home/ec2-user/cargobomb/./work/local/cargo-home:/cargo-home:ro -v /home/ec2-user/cargobomb/./work/local/rustup-home:/rustup-home:ro -v /home/ec2-user/cargobomb/./work/local/target-dirs/nightly/nightly:/target:rw -e USER_ID=500 -e CMD=cargo +nightly build --frozen cargobomb`
blam! b839bedeaafd7a1e8f4af2052d95d37d9770d83a031e421b44f9db51fe3d8d0a
boom! running `docker start -a b839bedeaafd7a1e8f4af2052d95d37d9770d83a031e421b44f9db51fe3d8d0a`
kablam!    Compiling hashmap2 v0.2.0 (file:///source)
kablam! error[E0557]: feature has been removed
kablam!   --> src/lib.rs:19:5
kablam!    |
kablam! 19 |     unsafe_no_drop_flag,
kablam!    |     ^^^^^^^^^^^^^^^^^^^
kablam! 
kablam! warning: use of deprecated attribute `dropck_parametricity`: unsafe_destructor_blind_to_params has been replaced by may_dangle and will be removed in the future. See https://github.com/rust-lang/rust/issues/34761
kablam!     --> src/table.rs:1002:5
kablam!      |
kablam! 1002 |     #[unsafe_destructor_blind_to_params]
kablam!      |     ^^^^^^^^^^^^^^^^^^^^^^^^^^^^^^^^^^^^
kablam!      |
kablam!      = note: #[warn(deprecated)] on by default
kablam! 
kablam! error[E0432]: unresolved import `std::num::wrapping::OverflowingOps`
kablam!   --> src/table.rs:18:5
kablam!    |
kablam! 18 | use std::num::wrapping::OverflowingOps;
kablam!    |     ^^^^^^^^^^^^^^^^^^^^^^^^^^^^^^^^^^ Could not find `wrapping` in `num`
kablam! 
kablam! error[E0432]: unresolved import `std::collections::hash_state::HashState`
kablam!   --> src/table.rs:21:5
kablam!    |
kablam! 21 | use std::collections::hash_state::HashState;
kablam!    |     ^^^^^^^^^^^^^^^^^^^^^^^^^^^^^^^^^^^^^^^ Could not find `hash_state` in `collections`
kablam! 
kablam! error[E0432]: unresolved import `std::borrow::IntoCow`
kablam!   --> src/lib.rs:34:27
kablam!    |
kablam! 34 | use std::borrow::{Borrow, IntoCow, Cow};
kablam!    |                           ^^^^^^^ no `IntoCow` in `borrow`
kablam! 
kablam! error[E0432]: unresolved import `std::collections::hash_state::HashState`
kablam!   --> src/lib.rs:59:5
kablam!    |
kablam! 59 | use std::collections::hash_state::HashState;
kablam!    |     ^^^^^^^^^^^^^^^^^^^^^^^^^^^^^^^^^^^^^^^ Could not find `hash_state` in `collections`
kablam! 
kablam! error[E0425]: cannot find value `POST_DROP_USIZE` in module `mem`
kablam!     --> src/table.rs:1004:56
kablam!      |
kablam! 1004 |         if self.capacity == 0 || self.capacity == mem::POST_DROP_USIZE {
kablam!      |                                                        ^^^^^^^^^^^^^^^ not found in `mem`
kablam! 
kablam! error: The attribute `unsafe_no_drop_flag` is currently unknown to the compiler and may have meaning added to it in the future (see issue #29642)
kablam!   --> src/table.rs:63:1
kablam!    |
kablam! 63 | #[unsafe_no_drop_flag]
kablam!    | ^^^^^^^^^^^^^^^^^^^^^^
kablam!    |
kablam!    = help: add #![feature(custom_attribute)] to the crate attributes to enable
kablam! 
kablam! error: aborting due to previous error
kablam! 
kablam! error: Could not compile `hashmap2`.
kablam! 
kablam! To learn more, run the command again with --verbose.
boom! running `docker rm -f b839bedeaafd7a1e8f4af2052d95d37d9770d83a031e421b44f9db51fe3d8d0a`
blam! b839bedeaafd7a1e8f4af2052d95d37d9770d83a031e421b44f9db51fe3d8d0a
