boom! testing cargo-benchcmp-0.1.5 against stable for nightly
boom! running: cargo +stable build --frozen
boom! creating container for: cargo +stable build --frozen
boom! running `docker create -v /home/ec2-user/cargobomb/./work/local/test-source/nightly/stable:/source:ro -v /home/ec2-user/cargobomb/./work/local/cargo-home:/cargo-home:ro -v /home/ec2-user/cargobomb/./work/local/rustup-home:/rustup-home:ro -v /home/ec2-user/cargobomb/./work/local/target-dirs/nightly/stable:/target:rw -e USER_ID=500 -e CMD=cargo +stable build --frozen cargobomb`
blam! a97800baaf7a9b696978bcdfd9c78765dd2614c9a506170814a9331cd1760c17
boom! running `docker start -a a97800baaf7a9b696978bcdfd9c78765dd2614c9a506170814a9331cd1760c17`
kablam!    Compiling encode_unicode v0.2.0
kablam!    Compiling prettytable-rs v0.6.6
kablam!    Compiling cargo-benchcmp v0.1.5 (file:///source)
kablam!     Finished dev [unoptimized + debuginfo] target(s) in 7.43 secs
boom! running `docker rm -f a97800baaf7a9b696978bcdfd9c78765dd2614c9a506170814a9331cd1760c17`
blam! a97800baaf7a9b696978bcdfd9c78765dd2614c9a506170814a9331cd1760c17
boom! running: cargo +stable test --frozen --no-run
boom! creating container for: cargo +stable test --frozen --no-run
boom! running `docker create -v /home/ec2-user/cargobomb/./work/local/test-source/nightly/stable:/source:ro -v /home/ec2-user/cargobomb/./work/local/cargo-home:/cargo-home:ro -v /home/ec2-user/cargobomb/./work/local/rustup-home:/rustup-home:ro -v /home/ec2-user/cargobomb/./work/local/target-dirs/nightly/stable:/target:rw -e USER_ID=500 -e CMD=cargo +stable test --frozen --no-run cargobomb`
blam! 53cbc8eb8fc1410f7d26fe770150495c81c023cef48d34628305ec8fc9669d6f
boom! running `docker start -a 53cbc8eb8fc1410f7d26fe770150495c81c023cef48d34628305ec8fc9669d6f`
kablam!    Compiling second_law v0.2.2
kablam!    Compiling cargo-benchcmp v0.1.5 (file:///source)
kablam!     Finished dev [unoptimized + debuginfo] target(s) in 7.69 secs
boom! running `docker rm -f 53cbc8eb8fc1410f7d26fe770150495c81c023cef48d34628305ec8fc9669d6f`
blam! 53cbc8eb8fc1410f7d26fe770150495c81c023cef48d34628305ec8fc9669d6f
boom! running: cargo +stable test --frozen
boom! creating container for: cargo +stable test --frozen
boom! running `docker create -v /home/ec2-user/cargobomb/./work/local/test-source/nightly/stable:/source:ro -v /home/ec2-user/cargobomb/./work/local/cargo-home:/cargo-home:ro -v /home/ec2-user/cargobomb/./work/local/rustup-home:/rustup-home:ro -v /home/ec2-user/cargobomb/./work/local/target-dirs/nightly/stable:/target:rw -e USER_ID=500 -e CMD=cargo +stable test --frozen cargobomb`
blam! 0ded4901aabc457ca41b05ac2191e441c4aba86b5fcbfc5f222cdfe554aa1f3c
boom! running `docker start -a 0ded4901aabc457ca41b05ac2191e441c4aba86b5fcbfc5f222cdfe554aa1f3c`
kablam!     Finished dev [unoptimized + debuginfo] target(s) in 0.0 secs
kablam!      Running /target/debug/deps/cargo_benchcmp-d1c4f2cd5ce9ec24
blam! 
blam! running 17 tests
blam! test benchmark::tests::commafy::comma_every_three ... ok
blam! test benchmark::tests::commafy::number_matches ... ok
blam! test benchmark::tests::overlap::missing_correct ... ok
blam! test benchmark::tests::overlap::overlap_correct ... ok
blam! test benchmark::tests::overlap::result_from_vecs ... ok
blam! test tests::names::empty_gives_new ... ok
blam! test tests::names::empty_gives_old ... ok
blam! test benchmark::tests::benchmark::reparse ... ok
blam! test tests::names::non_path_gives_originals ... ok
blam! test tests::names::same_path_gives_originals ... ok
blam! test tests::names::gives_suffixes ... ok
blam! test tests::names::difference_preserving ... ok
blam! test tests::names::shortest_difference ... ok
blam! test tests::split_benchmarks::dropped_non_prefix ... ok
blam! test tests::names::symmetric_operation ... ok
blam! test tests::split_benchmarks::from_original ... ok
blam! test tests::split_benchmarks::non_overlapping ... ok
blam! 
blam! test result: ok. 17 passed; 0 failed; 0 ignored; 0 measured
blam! 
kablam!      Running /target/debug/deps/integration-83ad3c98527f8b8b
blam! 
blam! running 9 tests
blam! test empty_results ... FAILED
blam! test different_input_selections ... FAILED
blam! test different_input_colored ... FAILED
blam! test different_input ... FAILED
blam! test invalid_arguments ... FAILED
blam! test stdin ... FAILED
kablam! error: test failed
blam! test same_input ... FAILED
blam! test non_overlapping_input ... FAILED
blam! test version ... FAILED
blam! 
blam! failures:
blam! 
blam! ---- empty_results stdout ----
blam! 	thread 'empty_results' panicked at 'expected a cargo out dir environment variable: NotPresent', /buildslave/rust-buildbot/slave/stable-dist-rustc-linux/build/src/libcore/result.rs:868
blam! note: Run with `RUST_BACKTRACE=1` for a backtrace.
blam! 
blam! ---- different_input_selections stdout ----
blam! 	thread 'different_input_selections' panicked at 'expected a cargo out dir environment variable: NotPresent', /buildslave/rust-buildbot/slave/stable-dist-rustc-linux/build/src/libcore/result.rs:868
blam! 
blam! ---- different_input_colored stdout ----
blam! 	thread 'different_input_colored' panicked at 'expected a cargo out dir environment variable: NotPresent', /buildslave/rust-buildbot/slave/stable-dist-rustc-linux/build/src/libcore/result.rs:868
blam! 
blam! ---- different_input stdout ----
blam! 	thread 'different_input' panicked at 'expected a cargo out dir environment variable: NotPresent', /buildslave/rust-buildbot/slave/stable-dist-rustc-linux/build/src/libcore/result.rs:868
blam! 
blam! ---- invalid_arguments stdout ----
blam! 	thread 'invalid_arguments' panicked at 'expected a cargo out dir environment variable: NotPresent', /buildslave/rust-buildbot/slave/stable-dist-rustc-linux/build/src/libcore/result.rs:868
blam! 
blam! ---- stdin stdout ----
blam! 	thread 'stdin' panicked at 'expected a cargo out dir environment variable: NotPresent', /buildslave/rust-buildbot/slave/stable-dist-rustc-linux/build/src/libcore/result.rs:868
blam! 
blam! ---- same_input stdout ----
blam! 	thread 'same_input' panicked at 'expected a cargo out dir environment variable: NotPresent', /buildslave/rust-buildbot/slave/stable-dist-rustc-linux/build/src/libcore/result.rs:868
blam! 
blam! ---- non_overlapping_input stdout ----
blam! 	thread 'non_overlapping_input' panicked at 'expected a cargo out dir environment variable: NotPresent', /buildslave/rust-buildbot/slave/stable-dist-rustc-linux/build/src/libcore/result.rs:868
blam! 
blam! ---- version stdout ----
blam! 	thread 'version' panicked at 'expected a cargo out dir environment variable: NotPresent', /buildslave/rust-buildbot/slave/stable-dist-rustc-linux/build/src/libcore/result.rs:868
blam! 
blam! 
blam! failures:
blam!     different_input
blam!     different_input_colored
blam!     different_input_selections
blam!     empty_results
blam!     invalid_arguments
blam!     non_overlapping_input
blam!     same_input
blam!     stdin
blam!     version
blam! 
blam! test result: FAILED. 0 passed; 9 failed; 0 ignored; 0 measured
blam! 
boom! running `docker rm -f 0ded4901aabc457ca41b05ac2191e441c4aba86b5fcbfc5f222cdfe554aa1f3c`
blam! 0ded4901aabc457ca41b05ac2191e441c4aba86b5fcbfc5f222cdfe554aa1f3c
