boom! testing prophet-0.0.2 against nightly for nightly
boom! running: cargo +nightly build --frozen
boom! creating container for: cargo +nightly build --frozen
boom! running `docker create -v /home/ec2-user/cargobomb/./work/local/test-source/nightly/nightly:/source:ro -v /home/ec2-user/cargobomb/./work/local/cargo-home:/cargo-home:ro -v /home/ec2-user/cargobomb/./work/local/rustup-home:/rustup-home:ro -v /home/ec2-user/cargobomb/./work/local/target-dirs/nightly/nightly:/target:rw -e USER_ID=500 -e CMD=cargo +nightly build --frozen cargobomb`
blam! bd57916635ce2c21e42e22a22193434ab1a47e58ae5d085da43478e99219263d
boom! running `docker start -a bd57916635ce2c21e42e22a22193434ab1a47e58ae5d085da43478e99219263d`
kablam!    Compiling prophet v0.0.2 (file:///source)
kablam!     Finished dev [unoptimized + debuginfo] target(s) in 4.12 secs
boom! running `docker rm -f bd57916635ce2c21e42e22a22193434ab1a47e58ae5d085da43478e99219263d`
blam! bd57916635ce2c21e42e22a22193434ab1a47e58ae5d085da43478e99219263d
boom! running: cargo +nightly test --frozen --no-run
boom! creating container for: cargo +nightly test --frozen --no-run
boom! running `docker create -v /home/ec2-user/cargobomb/./work/local/test-source/nightly/nightly:/source:ro -v /home/ec2-user/cargobomb/./work/local/cargo-home:/cargo-home:ro -v /home/ec2-user/cargobomb/./work/local/rustup-home:/rustup-home:ro -v /home/ec2-user/cargobomb/./work/local/target-dirs/nightly/nightly:/target:rw -e USER_ID=500 -e CMD=cargo +nightly test --frozen --no-run cargobomb`
blam! ff4beea72f684f1731321a24288cac6baf00ffb67c8236467533cafcae978547
boom! running `docker start -a ff4beea72f684f1731321a24288cac6baf00ffb67c8236467533cafcae978547`
kablam!    Compiling prophet v0.0.2 (file:///source)
kablam!     Finished dev [unoptimized + debuginfo] target(s) in 3.61 secs
boom! running `docker rm -f ff4beea72f684f1731321a24288cac6baf00ffb67c8236467533cafcae978547`
blam! ff4beea72f684f1731321a24288cac6baf00ffb67c8236467533cafcae978547
boom! running: cargo +nightly test --frozen
boom! creating container for: cargo +nightly test --frozen
boom! running `docker create -v /home/ec2-user/cargobomb/./work/local/test-source/nightly/nightly:/source:ro -v /home/ec2-user/cargobomb/./work/local/cargo-home:/cargo-home:ro -v /home/ec2-user/cargobomb/./work/local/rustup-home:/rustup-home:ro -v /home/ec2-user/cargobomb/./work/local/target-dirs/nightly/nightly:/target:rw -e USER_ID=500 -e CMD=cargo +nightly test --frozen cargobomb`
blam! a6bbdbdeb070343bb9965e44ff2396345684c3681c0a7176a82cb91bb3060329
boom! running `docker start -a a6bbdbdeb070343bb9965e44ff2396345684c3681c0a7176a82cb91bb3060329`
kablam!     Finished dev [unoptimized + debuginfo] target(s) in 0.0 secs
kablam!      Running /target/debug/deps/prophet-01672238a3b7f1cc
blam! 
blam! running 19 tests
blam! test activation_fn::tests::bent_identity_activation_fn ... ok
blam! test activation_fn::tests::binary_step_activation_fn ... ok
blam! test activation_fn::tests::identity_activation_fn ... ok
blam! test activation_fn::tests::logistic_activation_fn ... ok
blam! test activation_fn::tests::arctan_activation_fn ... ok
blam! test activation_fn::tests::relu_activation_fn ... ok
blam! test activation_fn::tests::gaussian_activation_fn ... ok
blam! test activation_fn::tests::new_base_deriv_act_fn ... ok
blam! test activation_fn::tests::softplus_activation_fn ... ok
blam! test activation_fn::tests::sinusoid_activation_fn ... ok
blam! test activation_fn::tests::tanh_activation_fn ... ok
blam! test activation_fn::tests::softsign_activation_fn ... ok
blam! test conv_neural_net::tests::train_triple_add ... FAILED
blam! test conv_neural_net::tests::train_constant ... ok
blam! test error_stats::tests::update_with_smoothing ... ok
blam! test learn_config::tests::getter ... ok
blam! test conv_neural_net::tests::train_and ... ok
blam! test conv_neural_net::tests::train_xor ... ok
blam! test conv_neural_net::tests::bench_giant ... ok
blam! 
blam! failures:
blam! 
blam! ---- conv_neural_net::tests::train_triple_add stdout ----
blam! 	thread 'conv_neural_net::tests::train_triple_add' panicked at 'assertion failed: `(left == right)` (left: `4`, right: `3`)', src/conv_neural_net.rs:141
blam! note: Run with `RUST_BACKTRACE=1` for a backtrace.
blam! 
blam! 
blam! failures:
blam!     conv_neural_net::tests::train_triple_add
blam! 
kablam! error: test failed
blam! test result: FAILED. 18 passed; 1 failed; 0 ignored; 0 measured
blam! 
boom! running `docker rm -f a6bbdbdeb070343bb9965e44ff2396345684c3681c0a7176a82cb91bb3060329`
blam! a6bbdbdeb070343bb9965e44ff2396345684c3681c0a7176a82cb91bb3060329
