boom! testing bmp-0.2.0 against nightly for nightly
boom! running: cargo +nightly build --frozen
boom! creating container for: cargo +nightly build --frozen
boom! running `docker create -v /home/ec2-user/cargobomb/./work/local/test-source/nightly/nightly:/source:ro -v /home/ec2-user/cargobomb/./work/local/cargo-home:/cargo-home:ro -v /home/ec2-user/cargobomb/./work/local/rustup-home:/rustup-home:ro -v /home/ec2-user/cargobomb/./work/local/target-dirs/nightly/nightly:/target:rw -e USER_ID=500 -e CMD=cargo +nightly build --frozen cargobomb`
blam! 3b48d423f77b473ca365e6fffe073f6b8d8462c6dee4502f73e1ca8636c33261
boom! running `docker start -a 3b48d423f77b473ca365e6fffe073f6b8d8462c6dee4502f73e1ca8636c33261`
kablam!    Compiling bmp v0.2.0 (file:///source)
kablam!     Finished dev [unoptimized + debuginfo] target(s) in 2.32 secs
boom! running `docker rm -f 3b48d423f77b473ca365e6fffe073f6b8d8462c6dee4502f73e1ca8636c33261`
blam! 3b48d423f77b473ca365e6fffe073f6b8d8462c6dee4502f73e1ca8636c33261
boom! running: cargo +nightly test --frozen --no-run
boom! creating container for: cargo +nightly test --frozen --no-run
boom! running `docker create -v /home/ec2-user/cargobomb/./work/local/test-source/nightly/nightly:/source:ro -v /home/ec2-user/cargobomb/./work/local/cargo-home:/cargo-home:ro -v /home/ec2-user/cargobomb/./work/local/rustup-home:/rustup-home:ro -v /home/ec2-user/cargobomb/./work/local/target-dirs/nightly/nightly:/target:rw -e USER_ID=500 -e CMD=cargo +nightly test --frozen --no-run cargobomb`
blam! d56a14371b9eab3035d735f07e21cb78db3179d76d206b2ddef059295d023616
boom! running `docker start -a d56a14371b9eab3035d735f07e21cb78db3179d76d206b2ddef059295d023616`
kablam!    Compiling bmp v0.2.0 (file:///source)
kablam!     Finished dev [unoptimized + debuginfo] target(s) in 3.26 secs
boom! running `docker rm -f d56a14371b9eab3035d735f07e21cb78db3179d76d206b2ddef059295d023616`
blam! d56a14371b9eab3035d735f07e21cb78db3179d76d206b2ddef059295d023616
boom! running: cargo +nightly test --frozen
boom! creating container for: cargo +nightly test --frozen
boom! running `docker create -v /home/ec2-user/cargobomb/./work/local/test-source/nightly/nightly:/source:ro -v /home/ec2-user/cargobomb/./work/local/cargo-home:/cargo-home:ro -v /home/ec2-user/cargobomb/./work/local/rustup-home:/rustup-home:ro -v /home/ec2-user/cargobomb/./work/local/target-dirs/nightly/nightly:/target:rw -e USER_ID=500 -e CMD=cargo +nightly test --frozen cargobomb`
blam! 62fa32f7115e315d339bcf8673c20c7c71fd20f708389975985955ee15324512
boom! running `docker start -a 62fa32f7115e315d339bcf8673c20c7c71fd20f708389975985955ee15324512`
kablam!     Finished dev [unoptimized + debuginfo] target(s) in 0.0 secs
kablam!      Running /target/debug/deps/bmp-03acb2962352b931
blam! 
blam! running 14 tests
blam! test decoder::test_calculate_bit_index ... ok
blam! test tests::can_create_bmp_file ... FAILED
blam! test tests::can_read_bmp_image ... ok
blam! test tests::can_read_entire_bmp_image ... ok
blam! test tests::can_read_image_data ... ok
blam! test tests::changing_pixels_does_not_push_image_data ... ok
blam! test tests::coordinates_iterator_gives_x_and_y_in_row_major_order ... ok
blam! test tests::error_when_opening_image_with_wrong_bits_per_pixel ... ok
blam! test tests::error_when_opening_image_with_wrong_magic_numbers ... ok
kablam! error: test failed
blam! test tests::error_when_opening_unexisting_image ... ok
blam! test tests::read_write_1pbb_bmp_image ... FAILED
blam! test tests::read_write_4pbb_bmp_image ... FAILED
blam! test tests::read_write_8pbb_bmp_image ... FAILED
blam! test tests::size_of_bmp_header_is_54_bytes ... ok
blam! 
blam! failures:
blam! 
blam! ---- tests::can_create_bmp_file stdout ----
blam! 	thread 'tests::can_create_bmp_file' panicked at 'called `Result::unwrap()` on an `Err` value: BmpError { kind: BmpIoError(Error { repr: Os { code: 2, message: "No such file or directory" } }), details: "BMP Error: Io Error" }', /buildslave/rust-buildbot/slave/nightly-dist-rustc-linux/build/src/libcore/result.rs:860
blam! note: Run with `RUST_BACKTRACE=1` for a backtrace.
blam! 
blam! ---- tests::read_write_1pbb_bmp_image stdout ----
blam! 	thread 'tests::read_write_1pbb_bmp_image' panicked at 'called `Result::unwrap()` on an `Err` value: BmpError { kind: BmpIoError(Error { repr: Os { code: 2, message: "No such file or directory" } }), details: "BMP Error: Io Error" }', /buildslave/rust-buildbot/slave/nightly-dist-rustc-linux/build/src/libcore/result.rs:860
blam! 
blam! ---- tests::read_write_4pbb_bmp_image stdout ----
blam! 	thread 'tests::read_write_4pbb_bmp_image' panicked at 'No such file or directory (os error 2)', src/tests/mod.rs:100
blam! 
blam! ---- tests::read_write_8pbb_bmp_image stdout ----
blam! 	thread 'tests::read_write_8pbb_bmp_image' panicked at 'No such file or directory (os error 2)', src/tests/mod.rs:116
blam! 
blam! 
blam! failures:
blam!     tests::can_create_bmp_file
blam!     tests::read_write_1pbb_bmp_image
blam!     tests::read_write_4pbb_bmp_image
blam!     tests::read_write_8pbb_bmp_image
blam! 
blam! test result: FAILED. 10 passed; 4 failed; 0 ignored; 0 measured
blam! 
boom! running `docker rm -f 62fa32f7115e315d339bcf8673c20c7c71fd20f708389975985955ee15324512`
blam! 62fa32f7115e315d339bcf8673c20c7c71fd20f708389975985955ee15324512
