boom! testing https://github.com/faradayio/cage#721dfbb023b7fedae20915c10414c1ca9cb23619 against beta for beta
boom! running: cargo +beta build --frozen
boom! creating container for: cargo +beta build --frozen
boom! running `docker create -v /home/ec2-user/cargobomb/./work/local/test-source/beta/beta:/source:ro -v /home/ec2-user/cargobomb/./work/local/cargo-home:/cargo-home:ro -v /home/ec2-user/cargobomb/./work/local/rustup-home:/rustup-home:ro -v /home/ec2-user/cargobomb/./work/local/target-dirs/beta/beta:/target:rw -e USER_ID=500 -e CMD=cargo +beta build --frozen cargobomb`
blam! 3343b364c0feae3b4b94d1a5c78e572c5007aed7c9a23b348743f43f763a1950
boom! running `docker start -a 3343b364c0feae3b4b94d1a5c78e572c5007aed7c9a23b348743f43f763a1950`
kablam!    Compiling rand v0.3.14
kablam!    Compiling unix_socket v0.5.0
kablam!    Compiling colored v1.3.1
kablam!    Compiling memchr v0.1.11
kablam!    Compiling aho-corasick v0.5.3
kablam!    Compiling handlebars v0.21.1
kablam!    Compiling syntex_pos v0.48.0
kablam!    Compiling term_size v0.2.1
kablam!    Compiling serde_yaml v0.4.1
kablam!    Compiling openssl-sys-extras v0.7.14
kablam!    Compiling miniz-sys v0.1.7
kablam!    Compiling deque v0.3.1
kablam!    Compiling phf_generator v0.7.19
kablam!    Compiling uuid v0.3.1
kablam!    Compiling phf_codegen v0.7.19
kablam!    Compiling retry v0.4.0
kablam!    Compiling valico v1.0.1
kablam!    Compiling openssl v0.7.14
kablam!    Compiling flate2 v0.2.14
kablam!    Compiling rayon v0.4.3
kablam!    Compiling thread-id v2.0.0
kablam!    Compiling thread_local v0.2.7
kablam!    Compiling includedir v0.2.2
kablam!    Compiling syntex_errors v0.48.0
kablam!    Compiling time v0.1.35
kablam!    Compiling includedir_codegen v0.2.2
kablam!    Compiling regex v0.1.80
kablam!    Compiling chrono v0.2.25
kablam!    Compiling serde_json v0.8.3
kablam!    Compiling syntex_syntax v0.48.0
kablam!    Compiling jsonway v1.0.1
blam! Build failed, waiting for other jobs to finish...
kablam! error: failed to run custom build command for `openssl-sys-extras v0.7.14`
kablam! process didn't exit successfully: `/target/debug/build/openssl-sys-extras-f9e8037051c16bfa/build-script-build` (exit code: 101)
kablam! --- stdout
kablam! TARGET = Some("x86_64-unknown-linux-gnu")
kablam! OPT_LEVEL = Some("0")
kablam! PROFILE = Some("debug")
kablam! TARGET = Some("x86_64-unknown-linux-gnu")
kablam! debug=true opt-level=0
kablam! HOST = Some("x86_64-unknown-linux-gnu")
kablam! TARGET = Some("x86_64-unknown-linux-gnu")
kablam! TARGET = Some("x86_64-unknown-linux-gnu")
kablam! HOST = Some("x86_64-unknown-linux-gnu")
kablam! CC_x86_64-unknown-linux-gnu = None
kablam! CC_x86_64_unknown_linux_gnu = None
kablam! HOST_CC = None
kablam! CC = None
kablam! HOST = Some("x86_64-unknown-linux-gnu")
kablam! TARGET = Some("x86_64-unknown-linux-gnu")
kablam! HOST = Some("x86_64-unknown-linux-gnu")
kablam! CFLAGS_x86_64-unknown-linux-gnu = None
kablam! CFLAGS_x86_64_unknown_linux_gnu = None
kablam! HOST_CFLAGS = None
kablam! CFLAGS = None
kablam! running: "cc" "-O0" "-ffunction-sections" "-fdata-sections" "-g" "-m64" "-fPIC" "-o" "/target/debug/build/openssl-sys-extras-8e2dc543f8892677/out/src/openssl_shim.o" "-c" "src/openssl_shim.c"
kablam! cargo:warning=src/openssl_shim.c:1:26: fatal error: openssl/hmac.h: No such file or directory
kablam! cargo:warning=compilation terminated.
kablam! ExitStatus(ExitStatus(256))
kablam! 
kablam! 
kablam! command did not execute successfully, got: exit code: 1
kablam! 
kablam! 
kablam! 
kablam! --- stderr
kablam! thread 'main' panicked at 'explicit panic', /cargo-home/registry/src/github.com-1ecc6299db9ec823/gcc-0.3.38/src/lib.rs:958
kablam! note: Run with `RUST_BACKTRACE=1` for a backtrace.
kablam! 
kablam! error: build failed
boom! running `docker rm -f 3343b364c0feae3b4b94d1a5c78e572c5007aed7c9a23b348743f43f763a1950`
blam! 3343b364c0feae3b4b94d1a5c78e572c5007aed7c9a23b348743f43f763a1950
