boom! testing basichll-0.3.1 against stable for nightly
boom! running: cargo +stable build --frozen
boom! creating container for: cargo +stable build --frozen
boom! running `docker create -v /home/ec2-user/cargobomb/./work/local/test-source/nightly/stable:/source:ro -v /home/ec2-user/cargobomb/./work/local/cargo-home:/cargo-home:ro -v /home/ec2-user/cargobomb/./work/local/rustup-home:/rustup-home:ro -v /home/ec2-user/cargobomb/./work/local/target-dirs/nightly/stable:/target:rw -e USER_ID=500 -e CMD=cargo +stable build --frozen cargobomb`
blam! 9062b893644ff13baa95bd1b986d757115722f98f226ce6ad82b11f5a43e4910
boom! running `docker start -a 9062b893644ff13baa95bd1b986d757115722f98f226ce6ad82b11f5a43e4910`
kablam!    Compiling basichll v0.3.1 (file:///source)
kablam! warning: use of deprecated item: use `std::collections::hash_map::DefaultHasher` instead, #[warn(deprecated)] on by default
kablam!   --> src/lib.rs:12:32
kablam!    |
kablam! 12 | use std::hash::{ Hash, Hasher, SipHasher };
kablam!    |                                ^^^^^^^^^
kablam! 
kablam! warning: use of deprecated item: use `std::collections::hash_map::DefaultHasher` instead, #[warn(deprecated)] on by default
kablam!    --> src/lib.rs:126:26
kablam!     |
kablam! 126 |         let mut hasher = SipHasher::new();
kablam!     |                          ^^^^^^^^^^^^^^
kablam! 
kablam! warning: use of deprecated item: use `std::collections::hash_map::DefaultHasher` instead, #[warn(deprecated)] on by default
kablam!    --> src/lib.rs:126:26
kablam!     |
kablam! 126 |         let mut hasher = SipHasher::new();
kablam!     |                          ^^^^^^^^^^^^^^
kablam! 
kablam!     Finished debug [unoptimized + debuginfo] target(s) in 0.71 secs
boom! running `docker rm -f 9062b893644ff13baa95bd1b986d757115722f98f226ce6ad82b11f5a43e4910`
blam! 9062b893644ff13baa95bd1b986d757115722f98f226ce6ad82b11f5a43e4910
boom! running: cargo +stable test --frozen --no-run
boom! creating container for: cargo +stable test --frozen --no-run
boom! running `docker create -v /home/ec2-user/cargobomb/./work/local/test-source/nightly/stable:/source:ro -v /home/ec2-user/cargobomb/./work/local/cargo-home:/cargo-home:ro -v /home/ec2-user/cargobomb/./work/local/rustup-home:/rustup-home:ro -v /home/ec2-user/cargobomb/./work/local/target-dirs/nightly/stable:/target:rw -e USER_ID=500 -e CMD=cargo +stable test --frozen --no-run cargobomb`
blam! fff1517ab41ac90a1b5e129923a66e1d5d36f4497f2eff607e90963b1ee0142a
boom! running `docker start -a fff1517ab41ac90a1b5e129923a66e1d5d36f4497f2eff607e90963b1ee0142a`
kablam!    Compiling basichll v0.3.1 (file:///source)
kablam! warning: use of deprecated item: use `std::collections::hash_map::DefaultHasher` instead, #[warn(deprecated)] on by default
kablam!   --> src/lib.rs:12:32
kablam!    |
kablam! 12 | use std::hash::{ Hash, Hasher, SipHasher };
kablam!    |                                ^^^^^^^^^
kablam! 
kablam! warning: use of deprecated item: use `std::collections::hash_map::DefaultHasher` instead, #[warn(deprecated)] on by default
kablam!    --> src/lib.rs:126:26
kablam!     |
kablam! 126 |         let mut hasher = SipHasher::new();
kablam!     |                          ^^^^^^^^^^^^^^
kablam! 
kablam! warning: use of deprecated item: use `std::collections::hash_map::DefaultHasher` instead, #[warn(deprecated)] on by default
kablam!    --> src/lib.rs:126:26
kablam!     |
kablam! 126 |         let mut hasher = SipHasher::new();
kablam!     |                          ^^^^^^^^^^^^^^
kablam! 
kablam!     Finished debug [unoptimized + debuginfo] target(s) in 1.97 secs
boom! running `docker rm -f fff1517ab41ac90a1b5e129923a66e1d5d36f4497f2eff607e90963b1ee0142a`
blam! fff1517ab41ac90a1b5e129923a66e1d5d36f4497f2eff607e90963b1ee0142a
boom! running: cargo +stable test --frozen
boom! creating container for: cargo +stable test --frozen
boom! running `docker create -v /home/ec2-user/cargobomb/./work/local/test-source/nightly/stable:/source:ro -v /home/ec2-user/cargobomb/./work/local/cargo-home:/cargo-home:ro -v /home/ec2-user/cargobomb/./work/local/rustup-home:/rustup-home:ro -v /home/ec2-user/cargobomb/./work/local/target-dirs/nightly/stable:/target:rw -e USER_ID=500 -e CMD=cargo +stable test --frozen cargobomb`
blam! ff5454a0ca239332a82001b51f0b9669aeecdcaa4460ec45949fe39b835b1871
boom! running `docker start -a ff5454a0ca239332a82001b51f0b9669aeecdcaa4460ec45949fe39b835b1871`
kablam!     Finished debug [unoptimized + debuginfo] target(s) in 0.0 secs
kablam!      Running /target/debug/deps/addition-2e6bb0d2e2332474
blam! 
blam! running 4 tests
blam! test tests::adding_two_empty_hlls_results_in_an_empty_hll ... ok
blam! test tests::adding_together_two_hlls_preserves_the_sum_of_their_counts ... ok
blam! test tests::add_together_two_hlls_doesnt_double_count_duplicate_elements ... ok
blam! test tests::monoid_laws_should_hold_for_hll ... ok
blam! 
blam! test result: ok. 4 passed; 0 failed; 0 ignored; 0 measured
blam! 
kablam!      Running /target/debug/deps/basichll-ce0133918e65c69f
blam! 
blam! running 0 tests
blam! 
blam! test result: ok. 0 passed; 0 failed; 0 ignored; 0 measured
blam! 
kablam!      Running /target/debug/deps/counting-24ef0445856ee9d6
blam! 
blam! running 2 tests
blam! test tests::a_hll_can_count_heterogenuous_items ... ok
blam! test tests::a_hll_can_count_small_numbers ... ok
blam! 
blam! test result: ok. 2 passed; 0 failed; 0 ignored; 0 measured
blam! 
kablam!      Running /target/debug/deps/equality-d81843db7c3ed316
blam! 
blam! running 3 tests
blam! test tests::two_empty_hlls_are_equal ... ok
blam! test tests::adding_two_different_elements_to_two_different_hlls_produces_differences ... ok
blam! test tests::a_non_empty_hll_is_not_equal_to_an_empty_one ... ok
blam! 
blam! test result: ok. 3 passed; 0 failed; 0 ignored; 0 measured
blam! 
kablam!      Running /target/debug/deps/estimation-d3ca125c01ed9e61
blam! 
blam! running 2 tests
blam! test tests::can_estimate_a_small_range_subset_of_the_system_dictionary ... FAILED
blam! test tests::can_estimate_a_large_sequence_of_floating_points ... ok
blam! 
blam! failures:
blam! 
blam! ---- tests::can_estimate_a_small_range_subset_of_the_system_dictionary stdout ----
blam! 	thread 'tests::can_estimate_a_small_range_subset_of_the_system_dictionary' panicked at 'called `Result::unwrap()` on an `Err` value: Error { repr: Os { code: 2, message: "No such file or directory" } }', /buildslave/rust-buildbot/slave/stable-dist-rustc-linux/build/src/libcore/result.rs:837
blam! note: Run with `RUST_BACKTRACE=1` for a backtrace.
blam! 
blam! 
blam! failures:
blam!     tests::can_estimate_a_small_range_subset_of_the_system_dictionary
blam! 
blam! test result: FAILED. 1 passed; 1 failed; 0 ignored; 0 measured
blam! 
kablam! error: test failed
boom! running `docker rm -f ff5454a0ca239332a82001b51f0b9669aeecdcaa4460ec45949fe39b835b1871`
blam! ff5454a0ca239332a82001b51f0b9669aeecdcaa4460ec45949fe39b835b1871
