boom! testing https://github.com/palfrey/dawn#cbe0fbbadb7ebdfb2348b2a4823dd18f92dc42e0 against beta for beta
boom! running: cargo +beta build --frozen
boom! creating container for: cargo +beta build --frozen
boom! running `docker create -v /home/ec2-user/cargobomb/./work/local/test-source/beta/beta:/source:ro -v /home/ec2-user/cargobomb/./work/local/cargo-home:/cargo-home:ro -v /home/ec2-user/cargobomb/./work/local/rustup-home:/rustup-home:ro -v /home/ec2-user/cargobomb/./work/local/target-dirs/beta/beta:/target:rw -e USER_ID=500 -e CMD=cargo +beta build --frozen cargobomb`
blam! ac889cc1458e927af45567d67583c95887bb84a0f02fd454f80f81cfeb1e534a
boom! running `docker start -a ac889cc1458e927af45567d67583c95887bb84a0f02fd454f80f81cfeb1e534a`
kablam!    Compiling itertools v0.4.16
kablam!    Compiling mustache v0.7.0
kablam!    Compiling json v0.8.7
kablam!    Compiling kernel32-sys v0.2.2
kablam!    Compiling num-integer v0.1.32
kablam! warning[E0122]: trait bounds are not (yet) enforced in type definitions
kablam!    --> /cargo-home/registry/src/github.com-1ecc6299db9ec823/itertools-0.4.16/src/lib.rs:117:1
kablam!     |
kablam! 117 | pub type MapFn<I, B> where I: Iterator = iter::Map<I, fn(I::Item) -> B>;
kablam!     | ^^^^^^^^^^^^^^^^^^^^^^^^^^^^^^^^^^^^^^^^^^^^^^^^^^^^^^^^^^^^^^^^^^^^^^^^
kablam! 
kablam!    Compiling num-iter v0.1.32
kablam!    Compiling memchr v0.1.11
kablam!    Compiling num_cpus v0.2.13
kablam!    Compiling num v0.1.32
kablam!    Compiling aho-corasick v0.5.2
kablam!    Compiling rand v0.3.14
kablam!    Compiling ordered-float v0.1.0
kablam!    Compiling thread-id v2.0.0
kablam!    Compiling time v0.1.35
kablam!    Compiling thread_local v0.2.6
kablam!    Compiling regex v0.1.71
kablam!    Compiling chrono v0.2.22
kablam!    Compiling uuid v0.2.2
kablam!    Compiling openssl-sys-extras v0.7.14
kablam!    Compiling openssl v0.7.14
kablam! error: failed to run custom build command for `openssl-sys-extras v0.7.14`
kablam! process didn't exit successfully: `/target/debug/build/openssl-sys-extras-f9e8037051c16bfa/build-script-build` (exit code: 101)
kablam! --- stdout
kablam! TARGET = Some("x86_64-unknown-linux-gnu")
kablam! OPT_LEVEL = Some("0")
kablam! PROFILE = Some("debug")
kablam! TARGET = Some("x86_64-unknown-linux-gnu")
kablam! debug=true opt-level=0
kablam! HOST = Some("x86_64-unknown-linux-gnu")
kablam! TARGET = Some("x86_64-unknown-linux-gnu")
kablam! TARGET = Some("x86_64-unknown-linux-gnu")
kablam! HOST = Some("x86_64-unknown-linux-gnu")
kablam! CC_x86_64-unknown-linux-gnu = None
kablam! CC_x86_64_unknown_linux_gnu = None
kablam! HOST_CC = None
kablam! CC = None
kablam! HOST = Some("x86_64-unknown-linux-gnu")
kablam! TARGET = Some("x86_64-unknown-linux-gnu")
kablam! HOST = Some("x86_64-unknown-linux-gnu")
kablam! CFLAGS_x86_64-unknown-linux-gnu = None
kablam! CFLAGS_x86_64_unknown_linux_gnu = None
kablam! HOST_CFLAGS = None
kablam! CFLAGS = None
kablam! running: "cc" "-O0" "-ffunction-sections" "-fdata-sections" "-g" "-m64" "-fPIC" "-o" "/target/debug/build/openssl-sys-extras-8e2dc543f8892677/out/src/openssl_shim.o" "-c" "src/openssl_shim.c"
kablam! ExitStatus(ExitStatus(256))
kablam! 
kablam! 
kablam! command did not execute successfully, got: exit code: 1
kablam! 
kablam! 
kablam! 
kablam! --- stderr
kablam! src/openssl_shim.c:1:26: fatal error: openssl/hmac.h: No such file or directory
kablam! compilation terminated.
kablam! thread 'main' panicked at 'explicit panic', /cargo-home/registry/src/github.com-1ecc6299db9ec823/gcc-0.3.28/src/lib.rs:840
kablam! note: Run with `RUST_BACKTRACE=1` for a backtrace.
kablam! 
blam! Build failed, waiting for other jobs to finish...
kablam! error: build failed
boom! running `docker rm -f ac889cc1458e927af45567d67583c95887bb84a0f02fd454f80f81cfeb1e534a`
blam! ac889cc1458e927af45567d67583c95887bb84a0f02fd454f80f81cfeb1e534a
