boom! testing brassfibre-0.1.0 against beta for beta
boom! running: cargo +beta build --frozen
boom! creating container for: cargo +beta build --frozen
boom! running `docker create -v /home/ec2-user/cargobomb/./work/local/test-source/beta/beta:/source:ro -v /home/ec2-user/cargobomb/./work/local/cargo-home:/cargo-home:ro -v /home/ec2-user/cargobomb/./work/local/rustup-home:/rustup-home:ro -v /home/ec2-user/cargobomb/./work/local/target-dirs/beta/beta:/target:rw -e USER_ID=500 -e CMD=cargo +beta build --frozen cargobomb`
blam! a69f236e5a226c47aff701ab24f2232280ec5ee05d56d7089625aa185d32cd22
boom! running `docker start -a a69f236e5a226c47aff701ab24f2232280ec5ee05d56d7089625aa185d32cd22`
kablam!    Compiling brassfibre v0.1.0 (file:///source)
kablam! warning: unused import: `Num`, #[warn(unused_imports)] on by default
kablam!  --> src/algos/computation.rs:5:11
kablam!   |
kablam! 5 | use num::{Num, Zero, Float, ToPrimitive};
kablam!   |           ^^^
kablam! 
kablam! warning: unused import: `Borrow`, #[warn(unused_imports)] on by default
kablam!  --> src/algos/counter.rs:1:19
kablam!   |
kablam! 1 | use std::borrow::{Borrow, Cow};
kablam!   |                   ^^^^^^
kablam! 
kablam! warning: enum is never used: `Duplicates`, #[warn(dead_code)] on by default
kablam!   --> src/algos/duplicates.rs:7:1
kablam!    |
kablam! 7  |   pub enum Duplicates {
kablam!    |  _^ starting here...
kablam! 8  | |     First,
kablam! 9  | |     Last,
kablam! 10 | |     None,
kablam! 11 | | }
kablam!    | |_^ ...ending here
kablam! 
kablam! warning: method is never used: `duplicated`, #[warn(dead_code)] on by default
kablam!   --> src/algos/duplicates.rs:14:5
kablam!    |
kablam! 14 |     pub fn duplicated<T>(a: &[T], how: Duplicates) -> Vec<bool>
kablam!    |     ^
kablam! 
kablam! warning: method is never used: `duplicated_keepfirst`, #[warn(dead_code)] on by default
kablam!   --> src/algos/duplicates.rs:25:5
kablam!    |
kablam! 25 |     fn duplicated_keepfirst<T>(a: &[T]) -> Vec<bool>
kablam!    |     ^
kablam! 
kablam! warning: method is never used: `duplicated_keeplast`, #[warn(dead_code)] on by default
kablam!   --> src/algos/duplicates.rs:44:5
kablam!    |
kablam! 44 |     fn duplicated_keeplast<T>(a: &[T]) -> Vec<bool>
kablam!    |     ^
kablam! 
kablam! warning: method is never used: `duplicated_keepnone`, #[warn(dead_code)] on by default
kablam!   --> src/algos/duplicates.rs:68:5
kablam!    |
kablam! 68 |     fn duplicated_keepnone<T>(a: &[T]) -> Vec<bool>
kablam!    |     ^
kablam! 
kablam! warning: method is never used: `sort_by`, #[warn(dead_code)] on by default
kablam!   --> src/algos/sort.rs:49:5
kablam!    |
kablam! 49 |     pub fn sort_by<T, U>(keys: &Vec<T>, values: &Vec<U>) -> (Vec<T>, Vec<U>)
kablam!    |     ^
kablam! 
kablam! warning: unused import: `Num`, #[warn(unused_imports)] on by default
kablam!  --> src/block/aggregation.rs:1:11
kablam!   |
kablam! 1 | use num::{Num, Zero, ToPrimitive};
kablam!   |           ^^^
kablam! 
kablam! warning: unused import: `Num`, #[warn(unused_imports)] on by default
kablam!  --> src/block/groupby.rs:2:11
kablam!   |
kablam! 2 | use num::{Num, Zero, ToPrimitive};
kablam!   |           ^^^
kablam! 
kablam! warning: unused import: `IndexerIndex`, #[warn(unused_imports)] on by default
kablam!  --> src/block/reshape.rs:7:22
kablam!   |
kablam! 7 | use traits::{Slicer, IndexerIndex, RowIndex, Append, Concatenation, Join};
kablam!   |                      ^^^^^^^^^^^^
kablam! 
kablam! warning: unused variable: `label`, #[warn(unused_variables)] on by default
kablam!   --> src/block/mod.rs:49:26
kablam!    |
kablam! 49 |     fn loc<'l>(&'c self, label: &'l Self::Key) -> Self::Row {
kablam!    |                          ^^^^^
kablam! 
kablam! warning: unused variable: `locaiton`, #[warn(unused_variables)] on by default
kablam!   --> src/block/mod.rs:53:27
kablam!    |
kablam! 53 |     fn iloc<'l>(&'c self, locaiton: &'l usize) -> Self::Row {
kablam!    |                           ^^^^^^^^
kablam! 
kablam! warning: unused variable: `labels`, #[warn(unused_variables)] on by default
kablam!   --> src/block/mod.rs:76:28
kablam!    |
kablam! 76 |     fn blocs<'l>(&'c self, labels: &'l [bool]) -> Self {
kablam!    |                            ^^^^^^
kablam! 
kablam! warning: unused import: `IndexerIndex`, #[warn(unused_imports)] on by default
kablam!  --> src/frame/reshape.rs:8:22
kablam!   |
kablam! 8 | use traits::{Slicer, IndexerIndex, RowIndex, Append, Concatenation, Join};
kablam!   |                      ^^^^^^^^^^^^
kablam! 
kablam! warning: unused variable: `label`, #[warn(unused_variables)] on by default
kablam!   --> src/frame/mod.rs:43:22
kablam!    |
kablam! 43 |     fn loc(&'c self, label: &Self::Key) -> Self::Row {
kablam!    |                      ^^^^^
kablam! 
kablam! warning: unused variable: `locaiton`, #[warn(unused_variables)] on by default
kablam!   --> src/frame/mod.rs:47:23
kablam!    |
kablam! 47 |     fn iloc(&'c self, locaiton: &usize) -> Self::Row {
kablam!    |                       ^^^^^^^^
kablam! 
kablam! warning: unused variable: `labels`, #[warn(unused_variables)] on by default
kablam!   --> src/frame/mod.rs:70:21
kablam!    |
kablam! 70 |     fn blocs(&self, labels: &[bool]) -> Self {
kablam!    |                     ^^^^^^
kablam! 
kablam! warning: unused variable: `label`, #[warn(unused_variables)] on by default
kablam!   --> src/frame/mod.rs:83:22
kablam!    |
kablam! 83 |     fn get(&'i self, label: &Self::Key) -> Self::Column {
kablam!    |                      ^^^^^
kablam! 
kablam! warning: unused variable: `loc`, #[warn(unused_variables)] on by default
kablam!   --> src/frame/mod.rs:87:23
kablam!    |
kablam! 87 |     fn iget(&'i self, loc: &usize) -> Self::Column {
kablam!    |                       ^^^
kablam! 
kablam! warning: method is never used: `assert_binop`, #[warn(dead_code)] on by default
kablam!    --> src/frame/mod.rs:173:5
kablam!     |
kablam! 173 |       fn assert_binop(&self, other: &Self) {
kablam!     |  _____^ starting here...
kablam! 174 | |         assert!(self.index == other.index, "index must be the same!");
kablam! 175 | |         assert!(self.columns == other.columns, "columns must be the same!");
kablam! 176 | |     }
kablam!     | |_____^ ...ending here
kablam! 
kablam!     Finished dev [unoptimized + debuginfo] target(s) in 12.63 secs
boom! running `docker rm -f a69f236e5a226c47aff701ab24f2232280ec5ee05d56d7089625aa185d32cd22`
blam! a69f236e5a226c47aff701ab24f2232280ec5ee05d56d7089625aa185d32cd22
boom! running: cargo +beta test --frozen --no-run
boom! creating container for: cargo +beta test --frozen --no-run
boom! running `docker create -v /home/ec2-user/cargobomb/./work/local/test-source/beta/beta:/source:ro -v /home/ec2-user/cargobomb/./work/local/cargo-home:/cargo-home:ro -v /home/ec2-user/cargobomb/./work/local/rustup-home:/rustup-home:ro -v /home/ec2-user/cargobomb/./work/local/target-dirs/beta/beta:/target:rw -e USER_ID=500 -e CMD=cargo +beta test --frozen --no-run cargobomb`
blam! a3bbbf1fe8304141c8232b9bc671b833407cbfbbc93f84232ab41a1e6be53426
boom! running `docker start -a a3bbbf1fe8304141c8232b9bc671b833407cbfbbc93f84232ab41a1e6be53426`
kablam!    Compiling brassfibre v0.1.0 (file:///source)
kablam! warning: unused `#[macro_use]` import, #[warn(unused_imports)] on by default
kablam!  --> tests/scalar.rs:1:1
kablam!   |
kablam! 1 | #[macro_use]
kablam!   | ^^^^^^^^^^^^
kablam! 
kablam! warning: unused import: `Num`, #[warn(unused_imports)] on by default
kablam!  --> src/algos/computation.rs:5:11
kablam!   |
kablam! 5 | use num::{Num, Zero, Float, ToPrimitive};
kablam!   |           ^^^
kablam! 
kablam! warning: unused import: `Borrow`, #[warn(unused_imports)] on by default
kablam!  --> src/algos/counter.rs:1:19
kablam!   |
kablam! 1 | use std::borrow::{Borrow, Cow};
kablam!   |                   ^^^^^^
kablam! 
kablam! warning: unused import: `Num`, #[warn(unused_imports)] on by default
kablam!  --> src/block/aggregation.rs:1:11
kablam!   |
kablam! 1 | use num::{Num, Zero, ToPrimitive};
kablam!   |           ^^^
kablam! 
kablam! warning: unused import: `Num`, #[warn(unused_imports)] on by default
kablam!  --> src/block/groupby.rs:2:11
kablam!   |
kablam! 2 | use num::{Num, Zero, ToPrimitive};
kablam!   |           ^^^
kablam! 
kablam! warning: unused import: `IndexerIndex`, #[warn(unused_imports)] on by default
kablam!  --> src/block/reshape.rs:7:22
kablam!   |
kablam! 7 | use traits::{Slicer, IndexerIndex, RowIndex, Append, Concatenation, Join};
kablam!   |                      ^^^^^^^^^^^^
kablam! 
kablam! warning: unused variable: `label`, #[warn(unused_variables)] on by default
kablam!   --> src/block/mod.rs:49:26
kablam!    |
kablam! 49 |     fn loc<'l>(&'c self, label: &'l Self::Key) -> Self::Row {
kablam!    |                          ^^^^^
kablam! 
kablam! warning: unused variable: `locaiton`, #[warn(unused_variables)] on by default
kablam!   --> src/block/mod.rs:53:27
kablam!    |
kablam! 53 |     fn iloc<'l>(&'c self, locaiton: &'l usize) -> Self::Row {
kablam!    |                           ^^^^^^^^
kablam! 
kablam! warning: unused variable: `labels`, #[warn(unused_variables)] on by default
kablam!   --> src/block/mod.rs:76:28
kablam!    |
kablam! 76 |     fn blocs<'l>(&'c self, labels: &'l [bool]) -> Self {
kablam!    |                            ^^^^^^
kablam! 
kablam! warning: unused import: `IndexerIndex`, #[warn(unused_imports)] on by default
kablam!  --> src/frame/reshape.rs:8:22
kablam!   |
kablam! 8 | use traits::{Slicer, IndexerIndex, RowIndex, Append, Concatenation, Join};
kablam!   |                      ^^^^^^^^^^^^
kablam! 
kablam! warning: unused variable: `label`, #[warn(unused_variables)] on by default
kablam!   --> src/frame/mod.rs:43:22
kablam!    |
kablam! 43 |     fn loc(&'c self, label: &Self::Key) -> Self::Row {
kablam!    |                      ^^^^^
kablam! 
kablam! warning: unused variable: `locaiton`, #[warn(unused_variables)] on by default
kablam!   --> src/frame/mod.rs:47:23
kablam!    |
kablam! 47 |     fn iloc(&'c self, locaiton: &usize) -> Self::Row {
kablam!    |                       ^^^^^^^^
kablam! 
kablam! warning: unused variable: `labels`, #[warn(unused_variables)] on by default
kablam!   --> src/frame/mod.rs:70:21
kablam!    |
kablam! 70 |     fn blocs(&self, labels: &[bool]) -> Self {
kablam!    |                     ^^^^^^
kablam! 
kablam! warning: unused variable: `label`, #[warn(unused_variables)] on by default
kablam!   --> src/frame/mod.rs:83:22
kablam!    |
kablam! 83 |     fn get(&'i self, label: &Self::Key) -> Self::Column {
kablam!    |                      ^^^^^
kablam! 
kablam! warning: unused variable: `loc`, #[warn(unused_variables)] on by default
kablam!   --> src/frame/mod.rs:87:23
kablam!    |
kablam! 87 |     fn iget(&'i self, loc: &usize) -> Self::Column {
kablam!    |                       ^^^
kablam! 
kablam! warning: method is never used: `assert_binop`, #[warn(dead_code)] on by default
kablam!    --> src/frame/mod.rs:173:5
kablam!     |
kablam! 173 |       fn assert_binop(&self, other: &Self) {
kablam!     |  _____^ starting here...
kablam! 174 | |         assert!(self.index == other.index, "index must be the same!");
kablam! 175 | |         assert!(self.columns == other.columns, "columns must be the same!");
kablam! 176 | |     }
kablam!     | |_____^ ...ending here
kablam! 
kablam! warning: unused `#[macro_use]` import, #[warn(unused_imports)] on by default
kablam!  --> tests/array_aggregation.rs:1:1
kablam!   |
kablam! 1 | #[macro_use]
kablam!   | ^^^^^^^^^^^^
kablam! 
kablam!     Finished dev [unoptimized + debuginfo] target(s) in 51.93 secs
boom! running `docker rm -f a3bbbf1fe8304141c8232b9bc671b833407cbfbbc93f84232ab41a1e6be53426`
blam! a3bbbf1fe8304141c8232b9bc671b833407cbfbbc93f84232ab41a1e6be53426
boom! running: cargo +beta test --frozen
boom! creating container for: cargo +beta test --frozen
boom! running `docker create -v /home/ec2-user/cargobomb/./work/local/test-source/beta/beta:/source:ro -v /home/ec2-user/cargobomb/./work/local/cargo-home:/cargo-home:ro -v /home/ec2-user/cargobomb/./work/local/rustup-home:/rustup-home:ro -v /home/ec2-user/cargobomb/./work/local/target-dirs/beta/beta:/target:rw -e USER_ID=500 -e CMD=cargo +beta test --frozen cargobomb`
blam! 9c1a334a30319e75412b44b7db54d57381fe094ce3b0ee33732e00fd04878025
boom! running `docker start -a 9c1a334a30319e75412b44b7db54d57381fe094ce3b0ee33732e00fd04878025`
kablam!     Finished dev [unoptimized + debuginfo] target(s) in 0.0 secs
kablam!      Running /target/debug/deps/array-143a2069937b3ab3
blam! 
blam! running 12 tests
blam! test test_append ... ok
blam! test test_clone ... ok
blam! test test_blocs ... ok
blam! test test_astype ... ok
blam! test test_container ... ok
blam! test test_creation ... ok
blam! test test_creation_macros ... ok
blam! test test_dtype_property ... ok
blam! test test_eq ... ok
blam! test test_creation_new ... ok
blam! test test_ilocs ... ok
blam! test test_ilocs_panic ... ok
blam! 
blam! test result: ok. 12 passed; 0 failed; 0 ignored; 0 measured
blam! 
kablam!      Running /target/debug/deps/array_aggregation-a0a78de4b17ea9b0
blam! 
blam! running 5 tests
blam! test test_aggregation_float64 ... ok
blam! test test_aggregation_int64 ... ok
blam! test test_aggregation_sum_should_panic ... ok
blam! test test_aggregation_mean_should_panic ... ok
blam! test test_aggregation_min_should_panic ... ok
blam! 
blam! test result: ok. 5 passed; 0 failed; 0 ignored; 0 measured
blam! 
kablam!      Running /target/debug/deps/block-0d008f437aa64364
blam! 
blam! running 19 tests
blam! test test_block_columns_get ... ok
blam! test test_block_columns_slice ... ok
blam! test test_block_creation_from_nested_vec ... ok
blam! test test_block_creation_from_col_vec ... ok
blam! test test_block_creation_from_row_vec ... ok
blam! test test_block_creation_from_series ... ok
blam! test test_block_creation_from_vec ... ok
blam! test test_block_head_tail ... ok
blam! test test_block_creation_into ... ok
blam! test test_block_into_iter ... ok
blam! test test_block_reindex_by_index ... ok
blam! test test_block_reindex ... ok
blam! test test_block_reindex_by_index_panic ... ok
blam! test test_block_iter ... ok
blam! test test_block_transpose ... ok
blam! test test_slice_ilocs ... ok
blam! test test_slice_locs ... ok
blam! test test_insert ... ok
blam! test test_block_reindex_panic ... ok
blam! 
blam! test result: ok. 19 passed; 0 failed; 0 ignored; 0 measured
blam! 
kablam!      Running /target/debug/deps/block_aggregation-9e94be3a9a27ead5
blam! 
blam! running 4 tests
blam! test test_block_sum ... ok
blam! test test_describe_float ... ok
blam! test test_minmax_float ... ok
blam! test test_minmax_int ... ok
blam! 
blam! test result: ok. 4 passed; 0 failed; 0 ignored; 0 measured
blam! 
kablam!      Running /target/debug/deps/block_groupby-4559f517c5955f57
blam! 
blam! running 3 tests
blam! test test_block_agg ... ok
blam! test test_block_agg2 ... ok
blam! test test_block_get_group ... ok
blam! 
blam! test result: ok. 3 passed; 0 failed; 0 ignored; 0 measured
blam! 
kablam!      Running /target/debug/deps/block_reshape-19b4b6b8c716484f
blam! 
blam! running 5 tests
blam! test test_block_append ... ok
blam! test test_block_concat ... ok
blam! test test_block_append_failure ... ok
blam! test test_block_concat_panic ... ok
blam! test test_block_join ... ok
blam! 
blam! test result: ok. 5 passed; 0 failed; 0 ignored; 0 measured
blam! 
kablam!      Running /target/debug/deps/brassfibre-2ab67cfd132d6a31
blam! 
blam! running 149 tests
blam! test algos::computation::tests::test_vec_count_f64 ... ok
blam! test algos::computation::tests::test_vec_count_str ... ok
blam! test algos::computation::tests::test_scalar_minmax ... ok
blam! test algos::computation::tests::test_vec_mean_i64 ... ok
blam! test algos::computation::tests::test_vec_mean_f64 ... ok
blam! test algos::computation::tests::test_vec_mimnax ... ok
blam! test algos::computation::tests::test_vec_sum_i64 ... ok
blam! test algos::computation::tests::test_vec_mimnax_float ... ok
blam! test algos::computation::tests::test_vec_sum_f64 ... ok
blam! test algos::computation::tests::test_vec_var ... ok
blam! test algos::computation::tests::test_vec_std ... ok
blam! test algos::counter::tests::test_counter_empty ... ok
blam! test algos::counter::tests::test_counter_int_dup ... ok
blam! test algos::counter::tests::test_counter_int ... ok
blam! test algos::counter::tests::test_counter_str ... ok
blam! test algos::counter::tests::test_counter_string ... ok
blam! test algos::elemwise::tests::test_broadcast ... ok
blam! test algos::duplicates::tests::test_vec_duplicates_str ... ok
blam! test algos::elemwise::tests::test_elemwise ... ok
blam! test algos::duplicates::tests::test_vec_duplicates_int ... ok
blam! test algos::elemwise::tests::test_elemwise_oo_length_mismatch ... ok
blam! test algos::elemwise::tests::test_elemwise_or_length_mismatch ... ok
blam! test algos::elemwise::tests::test_elemwise_rr_length_mismatch ... ok
blam! test algos::elemwise::tests::test_elemwise_ro_length_mismatch ... ok
blam! test algos::grouper::tests::test_vec_groupby_str ... ok
blam! test algos::grouper::tests::test_vec_groupby_int ... ok
blam! test algos::join::tests::test_vec_inner_join ... ok
blam! test algos::join::tests::test_vec_inner_join_string ... ok
blam! test algos::indexing::tests::test_blocs_length_mismatch ... ok
blam! test algos::indexing::tests::test_blocs ... ok
blam! test algos::join::tests::test_vec_outer_join ... ok
blam! test algos::join::tests::test_vec_right_join ... ok
blam! test algos::join::tests::test_vec_left_join_string ... ok
blam! test algos::join::tests::test_vec_outer_join_string ... ok
blam! test algos::join::tests::test_vec_left_join ... ok
blam! test algos::join::tests::test_vec_right_join_string ... ok
blam! test algos::sort::tests::test_argsort_int ... ok
blam! test algos::sort::tests::test_argsort_empty ... ok
blam! test algos::set::tests::test_union ... ok
blam! test algos::sort::tests::test_argsort_str ... ok
blam! test algos::sort::tests::test_sort_by_int ... ok
blam! test algos::sort::tests::test_sort_by_int_float ... ok
blam! test algos::sort::tests::test_sort_by_int_dup ... ok
blam! test algos::sort::tests::test_reindex ... ok
blam! test block::ops::tests::test_block_ops_f64_broadcast_move ... ok
blam! test block::ops::tests::test_block_ops_bool_elemwise_logical ... ok
blam! test block::ops::tests::test_block_ops_f64_broadcast_refs ... ok
blam! test block::ops::tests::test_block_ops_f64_broadcast ... ok
blam! test block::ops::tests::test_block_ops_i64_broadcast ... ok
blam! test block::ops::tests::test_block_ops_f64_elemwise ... ok
blam! test block::ops::tests::test_block_ops_f64_elemwise_refs ... ok
blam! test block::ops::tests::test_block_ops_i64_broadcast_move ... ok
blam! test block::ops::tests::test_block_ops_i64_elemwise ... ok
blam! test block::ops::tests::test_block_ops_i64_elemwise_refs ... ok
blam! test block::ops::tests::test_block_ops_i64_elemwise_move ... ok
blam! test block::ops::tests::test_block_ops_i64_broadcast_refs ... ok
blam! test block::ops::tests::test_block_ops_f64_elemwise_move ... ok
blam! test formatting::tests::test_to_string_vector_float ... ok
blam! test formatting::tests::test_to_pad_string_vector_with_header ... ok
blam! test formatting::tests::test_to_string_vector_int ... ok
blam! test frame::tests::test_block_columns_slice ... ok
blam! test formatting::tests::test_to_string_vector_str ... ok
blam! test frame::tests::test_block_creation_from_vec ... ok
blam! test frame::tests::test_block_add_columns ... ok
blam! test frame::tests::test_block_slice_ilocs ... ok
blam! test indexer::convert::tests::test_i64_vec_to_indexer ... ok
blam! test frame::tests::test_block_slice_locs ... ok
blam! test indexer::convert::tests::test_string_indexer_to_vec ... ok
blam! test indexer::convert::tests::test_i64_indexer_to_vec ... ok
blam! test indexer::convert::tests::test_str_vec_to_indexer ... ok
blam! test indexer::convert::tests::test_str_indexer_to_vec ... ok
blam! test indexer::indexing::tests::test_indexing_int64 ... ok
blam! test indexer::convert::tests::test_string_vec_to_indexer ... ok
blam! test indexer::ops::tests::test_index_ops_i64_broadcast ... ok
blam! test indexer::indexing::tests::test_indexing_int64_invalid ... ok
blam! test indexer::indexing::tests::test_indexing_str_invalid ... ok
blam! test indexer::indexing::tests::test_indexing_str ... ok
blam! test indexer::ops::tests::test_index_ops_i64_broadcast_refs ... ok
blam! test indexer::sort::tests::test_index_argsort_str ... ok
blam! test indexer::sort::tests::test_index_argsort_int ... ok
blam! test indexer::ops::tests::test_index_ops_i64_elemwise_refs ... ok
blam! test indexer::ops::tests::test_index_ops_i64_elemwise ... ok
blam! test internals::convert::tests::test_bool_array_to_vec ... ok
blam! test indexer::sort::tests::test_index_sort_str ... ok
blam! test internals::convert::tests::test_bool_scalar_to_primitives ... ok
blam! test indexer::sort::tests::test_index_sort_int ... ok
blam! test internals::convert::tests::test_bool_vec_to_array ... ok
blam! test internals::convert::tests::test_empty_scalar_to_array ... ok
blam! test internals::convert::tests::test_f64_array_to_vec ... ok
blam! test internals::convert::tests::test_bool_primitives_to_scalar ... ok
blam! test internals::convert::tests::test_f64_primitives_to_scalar ... ok
blam! test internals::convert::tests::test_i64_array_to_vec ... ok
blam! test internals::convert::tests::test_f64_vec_to_array ... ok
blam! test internals::convert::tests::test_i64_scalar_to_primitives ... ok
blam! test internals::convert::tests::test_f64_scalar_to_primitives ... ok
blam! test internals::convert::tests::test_i64_vec_to_array ... ok
blam! test internals::convert::tests::test_str_scalar_to_primitives ... ok
blam! test internals::convert::tests::test_i64_primitives_to_scalar ... ok
blam! test internals::convert::tests::test_str_primitives_to_scalar ... ok
blam! test internals::convert::tests::test_str_array_to_vec ... ok
blam! test internals::ops::tests::test_array_bit_bool_broadcast ... ok
blam! test internals::convert::tests::test_usize_vec_to_array ... ok
blam! test internals::convert::tests::test_usize_array_to_vec ... ok
blam! test internals::convert::tests::test_str_vec_to_array ... ok
blam! test internals::ops::tests::test_array_bit_i64_elemwise ... ok
blam! test internals::ops::tests::test_array_ops_f64_broadcast ... ok
blam! test internals::ops::tests::test_array_bit_i64_broadcast ... ok
blam! test internals::ops::tests::test_array_bit_bool_elemwise ... ok
blam! test internals::ops::tests::test_array_ops_i64_broadcast_refs ... ok
blam! test internals::ops::tests::test_array_ops_i64_broadcast ... ok
blam! test internals::ops::tests::test_array_ops_f64_elemwise ... ok
blam! test internals::ops::tests::test_array_ops_i64_elemwise_refs ... ok
kablam!      Running /target/debug/deps/format-51ef3646aab58c70
blam! test internals::ops::tests::test_array_ops_i64_elemwise ... ok
blam! test internals::scalar::tests::test_bool_to_str ... ok
blam! test internals::scalar::tests::test_bool_dtype_property ... ok
blam! test internals::scalar::tests::test_bool_to_f64 ... ok
blam! test internals::scalar::tests::test_i64_dtype_property ... ok
blam! test internals::scalar::tests::test_f64_to_str ... ok
blam! test internals::scalar::tests::test_f64_dtype_property ... ok
blam! test internals::scalar::tests::test_f64_to_bool ... ok
blam! test internals::scalar::tests::test_str_dtype_property ... ok
blam! test internals::scalar::tests::test_i64_to_str ... ok
blam! test internals::scalar::tests::test_i64_to_bool ... ok
blam! test internals::scalar::tests::test_str_to_bool ... ok
blam! test internals::scalar::tests::test_str_to_f64 ... ok
blam! test series::convert::tests::test_from_vec_str ... ok
blam! test series::convert::tests::test_from_vec_int ... ok
blam! test internals::scalar::tests::test_str_to_i64 ... ok
blam! test series::convert::tests::test_into_vec_int ... ok
blam! test series::convert::tests::test_into_vec_str ... ok
blam! test series::ops::tests::test_series_ops_bool_broadcast_logical ... ok
blam! test series::groupby::tests::test_series_agg_sum_integer_grouper ... ok
blam! test series::groupby::tests::test_series_get_group ... ok
blam! test series::ops::tests::test_series_ops_bool_elemwise_logical ... ok
blam! test series::groupby::tests::test_series_agg_sum_str_grouper ... ok
blam! test series::ops::tests::test_series_ops_f64_broadcast_move ... ok
blam! test series::ops::tests::test_series_ops_f64_broadcast ... ok
blam! test series::ops::tests::test_series_ops_f64_broadcast_refs ... ok
blam! test series::ops::tests::test_series_ops_f64_elemwise ... ok
blam! test series::ops::tests::test_series_ops_f64_elemwise_move ... ok
blam! test series::ops::tests::test_series_ops_f64_elemwise_refs ... ok
blam! test series::ops::tests::test_series_ops_i64_broadcast_move ... ok
blam! test series::ops::tests::test_series_ops_i64_broadcast ... ok
blam! test series::ops::tests::test_series_ops_i64_broadcast_refs ... ok
blam! test series::ops::tests::test_series_ops_i64_elemwise ... ok
blam! test series::ops::tests::test_series_ops_i64_elemwise_move ... ok
blam! test series::sort::tests::test_sort_index_str ... ok
blam! test series::ops::tests::test_series_ops_i64_elemwise_refs ... ok
blam! test series::sort::tests::test_sort_index_int ... ok
blam! 
blam! test result: ok. 149 passed; 0 failed; 0 ignored; 0 measured
blam! 
blam! 
blam! running 6 tests
blam! test test_block_format ... ok
blam! test test_dataframe_format ... ok
blam! test test_block_format_debug ... ok
blam! test test_series_format ... ok
blam! test test_dataframe_format_debug ... ok
blam! test test_series_format_debug ... ok
blam! 
kablam!      Running /target/debug/deps/frame-2b28e7487026ae6a
blam! test result: ok. 6 passed; 0 failed; 0 ignored; 0 measured
blam! 
blam! 
blam! running 10 tests
blam! test test_frame_add_columns ... ok
blam! test test_frame_columns_slice ... ok
blam! test test_frame_into_iter ... ok
blam! test test_frame_creation_from_vec ... ok
blam! test test_frame_iter ... ok
blam! test test_frame_properties ... ok
blam! test test_frame_slice_locs ... ok
blam! test test_frame_slice_ilocs ... ok
blam! test test_frame_slice_ilocs_panic ... ok
blam! test test_frame_slice_locs_panic ... ok
kablam!      Running /target/debug/deps/frame_aggregation-01e695eeccf87786
blam! 
blam! test result: ok. 10 passed; 0 failed; 0 ignored; 0 measured
blam! 
blam! 
blam! running 3 tests
blam! test test_frame_agg_non_numerics ... ok
blam! test test_frame_agg ... ok
kablam!      Running /target/debug/deps/frame_groupby-a765ad3301202519
blam! test test_frame_describe ... ok
blam! 
blam! test result: ok. 3 passed; 0 failed; 0 ignored; 0 measured
blam! 
blam! 
blam! running 1 test
blam! test test_frame_get_group ... ok
blam! 
kablam!      Running /target/debug/deps/frame_reshape-d54697df303c5714
blam! test result: ok. 1 passed; 0 failed; 0 ignored; 0 measured
blam! 
blam! 
blam! running 6 tests
blam! test test_block_concat_panic ... ok
blam! test test_block_join ... ok
blam! test test_dataframe_append ... ok
blam! test test_dataframe_append_different_columns ... ok
blam! test test_dataframe_append_different_dtype ... ok
blam! test test_dataframe_concat ... ok
blam! 
kablam!      Running /target/debug/deps/indexer-5cd81b7d333e4017
blam! test result: ok. 6 passed; 0 failed; 0 ignored; 0 measured
blam! 
blam! 
blam! running 15 tests
blam! test test_equals ... ok
blam! test test_copy ... ok
blam! test test_index_append ... ok
blam! test test_index_creation_int64 ... ok
blam! test test_index_creation_from_len ... ok
blam! test test_index_from_iter ... ok
blam! test test_index_creation_string ... ok
blam! test test_index_iloc_ilocs ... ok
kablam!      Running /target/debug/deps/io_csv-a86c4958247a7566
blam! test test_index_into_iter ... ok
blam! test test_index_creation_str ... ok
blam! test test_index_loc_int64 ... ok
blam! test test_reindex ... ok
blam! test test_index_loc_str ... ok
blam! test test_index_push ... ok
blam! test test_index_iter ... ok
blam! 
blam! test result: ok. 15 passed; 0 failed; 0 ignored; 0 measured
blam! 
blam! 
blam! running 6 tests
blam! test test_file_io ... FAILED
blam! test test_read_csv_error_different_items ... ok
blam! test test_read_csv_no_header ... ok
blam! test test_empty ... ok
blam! test test_write_csv ... ok
blam! test test_read_csv_with_header ... ok
blam! 
blam! failures:
blam! 
blam! ---- test_file_io stdout ----
blam! 	thread 'test_file_io' panicked at 'called `Result::unwrap()` on an `Err` value: Io(Error { repr: Os { code: 30, message: "Read-only file system" } })', /buildslave/rust-buildbot/slave/beta-dist-rustc-linux/build/src/libcore/result.rs:868
blam! note: Run with `RUST_BACKTRACE=1` for a backtrace.
blam! 
blam! 
blam! failures:
blam!     test_file_io
blam! 
blam! test result: FAILED. 5 passed; 1 failed; 0 ignored; 0 measured
blam! 
kablam! error: test failed
boom! running `docker rm -f 9c1a334a30319e75412b44b7db54d57381fe094ce3b0ee33732e00fd04878025`
blam! 9c1a334a30319e75412b44b7db54d57381fe094ce3b0ee33732e00fd04878025
