boom! testing lmdb-zero-0.3.1 against stable for beta
boom! running: cargo +stable build --frozen
boom! creating container for: cargo +stable build --frozen
boom! running `docker create -v /home/ec2-user/cargobomb/./work/local/test-source/beta/stable:/source:ro -v /home/ec2-user/cargobomb/./work/local/cargo-home:/cargo-home:ro -v /home/ec2-user/cargobomb/./work/local/rustup-home:/rustup-home:ro -v /home/ec2-user/cargobomb/./work/local/target-dirs/beta/stable:/target:rw -e USER_ID=500 -e CMD=cargo +stable build --frozen cargobomb`
blam! 5c932ea80214744bf0cdb2b55f4f727d1bcf80f7e77bb246ff601394c98e6a26
boom! running `docker start -a 5c932ea80214744bf0cdb2b55f4f727d1bcf80f7e77bb246ff601394c98e6a26`
kablam!    Compiling lmdb-zero v0.3.1 (file:///source)
kablam!     Finished debug [unoptimized + debuginfo] target(s) in 2.21 secs
boom! running `docker rm -f 5c932ea80214744bf0cdb2b55f4f727d1bcf80f7e77bb246ff601394c98e6a26`
blam! 5c932ea80214744bf0cdb2b55f4f727d1bcf80f7e77bb246ff601394c98e6a26
boom! running: cargo +stable test --frozen --no-run
boom! creating container for: cargo +stable test --frozen --no-run
boom! running `docker create -v /home/ec2-user/cargobomb/./work/local/test-source/beta/stable:/source:ro -v /home/ec2-user/cargobomb/./work/local/cargo-home:/cargo-home:ro -v /home/ec2-user/cargobomb/./work/local/rustup-home:/rustup-home:ro -v /home/ec2-user/cargobomb/./work/local/target-dirs/beta/stable:/target:rw -e USER_ID=500 -e CMD=cargo +stable test --frozen --no-run cargobomb`
blam! d20e9292f8a62f3c542236910f72ac6e4d841672cee16f0ae44a006cb9f18b34
boom! running `docker start -a d20e9292f8a62f3c542236910f72ac6e4d841672cee16f0ae44a006cb9f18b34`
kablam!    Compiling lmdb-zero v0.3.1 (file:///source)
kablam!     Finished debug [unoptimized + debuginfo] target(s) in 2.42 secs
boom! running `docker rm -f d20e9292f8a62f3c542236910f72ac6e4d841672cee16f0ae44a006cb9f18b34`
blam! d20e9292f8a62f3c542236910f72ac6e4d841672cee16f0ae44a006cb9f18b34
boom! running: cargo +stable test --frozen
boom! creating container for: cargo +stable test --frozen
boom! running `docker create -v /home/ec2-user/cargobomb/./work/local/test-source/beta/stable:/source:ro -v /home/ec2-user/cargobomb/./work/local/cargo-home:/cargo-home:ro -v /home/ec2-user/cargobomb/./work/local/rustup-home:/rustup-home:ro -v /home/ec2-user/cargobomb/./work/local/target-dirs/beta/stable:/target:rw -e USER_ID=500 -e CMD=cargo +stable test --frozen cargobomb`
blam! 232aaf1acfc8ea7dde89ba5d60d64b6b25f1d2d9bfa0e555a28e34b352b08967
boom! running `docker start -a 232aaf1acfc8ea7dde89ba5d60d64b6b25f1d2d9bfa0e555a28e34b352b08967`
kablam!     Finished debug [unoptimized + debuginfo] target(s) in 0.0 secs
kablam!      Running /target/debug/deps/lmdb_zero-2e25ff42534828dc
blam! 
blam! running 0 tests
blam! 
blam! test result: ok. 0 passed; 0 failed; 0 ignored; 0 measured
blam! 
kablam!    Doc-tests lmdb-zero
blam! 
blam! running 80 tests
blam! test cursor::Cursor<'txn, 'db>::first_dup_0 ... FAILED
blam! test cursor::Cursor<'txn, 'db>::first_0 ... FAILED
blam! test cursor::Cursor<'txn, 'db>::get_current_0 ... FAILED
blam! test _0 ... FAILED
blam! test cursor::Cursor<'txn, 'db>::last_0 ... FAILED
blam! test cursor::Cursor<'txn, 'db>::next_0 ... FAILED
blam! test cursor::Cursor<'txn, 'db>::next_dup_0 ... FAILED
blam! test cursor::Cursor<'txn, 'db>::last_dup_0 ... FAILED
blam! test cursor::Cursor<'txn, 'db>::next_nodup_0 ... FAILED
blam! test cursor::Cursor<'txn, 'db>::overwrite_in_place_0 ... FAILED
blam! test cursor::Cursor<'txn, 'db>::overwrite_in_place_array_0 ... FAILED
blam! test cursor::Cursor<'txn, 'db>::overwrite_0 ... FAILED
blam! test cursor::Cursor<'txn, 'db>::prev_0 ... FAILED
blam! test cursor::Cursor<'txn, 'db>::prev_nodup_0 ... FAILED
blam! test cursor::Cursor<'txn, 'db>::prev_dup_0 ... FAILED
blam! test cursor::Cursor<'txn, 'db>::put_0 ... FAILED
blam! test cursor::Cursor<'txn, 'db>::reserve_0 ... FAILED
blam! test cursor::Cursor<'txn, 'db>::put_multiple_0 ... FAILED
blam! test cursor::Cursor<'txn, 'db>::reserve_array_0 ... FAILED
blam! test cursor::Cursor<'txn, 'db>::seek_k_0 ... FAILED
blam! test cursor::Cursor<'txn, 'db>::seek_k_both_0 ... FAILED
blam! test cursor::Cursor<'txn, 'db>::seek_k_nearest_v_0 ... FAILED
blam! test cursor::Cursor<'txn, 'db>::seek_kv_0 ... FAILED
blam! test cursor::Cursor<'txn, 'db>::seek_range_k_0 ... FAILED
blam! test cursor::Cursor_0 ... ok
blam! test cursor::Cursor_1 ... ok
blam! test dbi::Database<'a>::delete_0 ... FAILED
blam! test dbi::Database<'a>::open_0 ... FAILED
blam! test dbi::Database<'a>::open_1 ... FAILED
blam! test dbi::Database<'a>::open_2 ... FAILED
blam! test dbi::Database_0 ... ok
blam! test dbi::DatabaseOptions::sort_keys_as_0 ... FAILED
blam! test dbi::db::DUPFIXED_0 ... FAILED
blam! test dbi::db::DUPSORT_0 ... FAILED
blam! test dbi::db::Flags::all::dummy::real_flags::DUPFIXED_0 ... FAILED
blam! test dbi::db::Flags::all::dummy::real_flags::DUPSORT_0 ... FAILED
blam! test dbi::db::Flags::all::dummy::real_flags::REVERSEKEY_0 ... FAILED
blam! test dbi::db::Flags::all::dummy::real_flags::INTEGERKEY_0 ... FAILED
blam! test dbi::db::Flags::fmt::dummy::real_flags::DUPFIXED_0 ... FAILED
blam! test dbi::db::Flags::fmt::dummy::real_flags::DUPSORT_0 ... FAILED
blam! test dbi::db::Flags::fmt::dummy::real_flags::REVERSEKEY_0 ... FAILED
blam! test dbi::db::Flags::fmt::dummy::real_flags::INTEGERKEY_0 ... FAILED
blam! test dbi::db::INTEGERKEY_0 ... FAILED
blam! test env::Environment::copy_0 ... FAILED
blam! test dbi::db::REVERSEKEY_0 ... FAILED
blam! test env::Environment::set_flags_0 ... FAILED
blam! test tx::ConstAccessor_0 ... ok
blam! test traits::LmdbOrdKey::ordered_by_bytes_0 ... ok
blam! test traits::LmdbRaw_0 ... ok
blam! test iter::CursorIter<'a, 'access, 'txn, 'db, T>::new_0 ... FAILED
blam! test tx::ConstTransaction_0 ... ok
blam! test tx::ConstTransaction<'env>::access_0 ... ok
blam! test tx::ReadTransaction<'env>::dissoc_cursor_0 ... FAILED
blam! test tx::ReadTransaction<'env>::reset_0 ... FAILED
blam! test tx::WriteAccessor<'txn>::clear_db_0 ... FAILED
blam! test tx::WriteAccessor<'txn>::del_item_0 ... FAILED
blam! test tx::WriteAccessor_0 ... ignored
blam! test tx::WriteAccessor<'txn>::del_key_0 ... FAILED
blam! test tx::WriteAccessor<'txn>::put_reserve_0 ... FAILED
blam! test tx::WriteAccessor<'txn>::put_reserve_array_0 ... FAILED
blam! test tx::WriteTransaction<'env>::child_tx_0 ... FAILED
blam! test tx::del::Flags::all::dummy::real_flags::NODUPDATA_0 ... FAILED
blam! test tx::del::Flags::fmt::dummy::real_flags::NODUPDATA_0 ... FAILED
blam! test tx::del::NODUPDATA_0 ... FAILED
blam! test tx::put::APPEND_0 ... FAILED
blam! test tx::put::Flags::all::dummy::real_flags::APPEND_0 ... FAILED
blam! test tx::put::Flags::all::dummy::real_flags::NODUPDATA_0 ... FAILED
blam! test tx::put::Flags::all::dummy::real_flags::NODUPDATA_1 ... FAILED
blam! test tx::put::Flags::all::dummy::real_flags::NOOVERWRITE_1 ... FAILED
blam! test tx::put::Flags::all::dummy::real_flags::NOOVERWRITE_0 ... FAILED
blam! test tx::put::Flags::fmt::dummy::real_flags::APPEND_0 ... FAILED
blam! test tx::put::Flags::fmt::dummy::real_flags::NODUPDATA_0 ... FAILED
blam! test tx::put::Flags::fmt::dummy::real_flags::NODUPDATA_1 ... FAILED
blam! test tx::put::Flags::fmt::dummy::real_flags::NOOVERWRITE_1 ... FAILED
blam! test tx::put::Flags::fmt::dummy::real_flags::NOOVERWRITE_0 ... FAILED
blam! test tx::put::NODUPDATA_0 ... FAILED
blam! test tx::put::NOOVERWRITE_0 ... FAILED
blam! test unaligned::Unaligned_0 ... ok
blam! test tx::put::NODUPDATA_1 ... FAILED
blam! test tx::put::NOOVERWRITE_1 ... FAILED
blam! 
blam! failures:
blam! 
blam! ---- cursor::Cursor<'txn, 'db>::first_dup_0 stdout ----
blam! 	thread 'cursor::Cursor<'txn, 'db>::first_dup_0' panicked at 'test executable failed:
blam! 
blam! thread 'main' panicked at 'called `Result::unwrap()` on an `Err` value: Error { repr: Os { code: 30, message: "Read-only file system" } }', /buildslave/rust-buildbot/slave/stable-dist-rustc-linux/build/src/libcore/result.rs:837
blam! note: Run with `RUST_BACKTRACE=1` for a backtrace.
blam! ', /buildslave/rust-buildbot/slave/stable-dist-rustc-linux/build/src/librustdoc/test.rs:301
blam! note: Run with `RUST_BACKTRACE=1` for a backtrace.
blam! 
blam! ---- cursor::Cursor<'txn, 'db>::first_0 stdout ----
blam! 	thread 'cursor::Cursor<'txn, 'db>::first_0' panicked at 'test executable failed:
blam! 
blam! thread 'main' panicked at 'called `Result::unwrap()` on an `Err` value: Error { repr: Os { code: 30, message: "Read-only file system" } }', /buildslave/rust-buildbot/slave/stable-dist-rustc-linux/build/src/libcore/result.rs:837
blam! note: Run with `RUST_BACKTRACE=1` for a backtrace.
blam! ', /buildslave/rust-buildbot/slave/stable-dist-rustc-linux/build/src/librustdoc/test.rs:301
blam! 
blam! ---- cursor::Cursor<'txn, 'db>::get_current_0 stdout ----
blam! 	thread 'cursor::Cursor<'txn, 'db>::get_current_0' panicked at 'test executable failed:
blam! 
blam! thread 'main' panicked at 'called `Result::unwrap()` on an `Err` value: Error { repr: Os { code: 30, message: "Read-only file system" } }', /buildslave/rust-buildbot/slave/stable-dist-rustc-linux/build/src/libcore/result.rs:837
blam! note: Run with `RUST_BACKTRACE=1` for a backtrace.
blam! ', /buildslave/rust-buildbot/slave/stable-dist-rustc-linux/build/src/librustdoc/test.rs:301
blam! 
blam! ---- _0 stdout ----
blam! 	thread '_0' panicked at 'test executable failed:
blam! 
blam! thread 'main' panicked at 'called `Result::unwrap()` on an `Err` value: Error { repr: Os { code: 30, message: "Read-only file system" } }', /buildslave/rust-buildbot/slave/stable-dist-rustc-linux/build/src/libcore/result.rs:837
blam! note: Run with `RUST_BACKTRACE=1` for a backtrace.
blam! ', /buildslave/rust-buildbot/slave/stable-dist-rustc-linux/build/src/librustdoc/test.rs:301
blam! 
blam! ---- cursor::Cursor<'txn, 'db>::last_0 stdout ----
blam! 	thread 'cursor::Cursor<'txn, 'db>::last_0' panicked at 'test executable failed:
blam! 
blam! thread 'main' panicked at 'called `Result::unwrap()` on an `Err` value: Error { repr: Os { code: 30, message: "Read-only file system" } }', /buildslave/rust-buildbot/slave/stable-dist-rustc-linux/build/src/libcore/result.rs:837
blam! note: Run with `RUST_BACKTRACE=1` for a backtrace.
blam! ', /buildslave/rust-buildbot/slave/stable-dist-rustc-linux/build/src/librustdoc/test.rs:301
blam! 
blam! ---- cursor::Cursor<'txn, 'db>::next_0 stdout ----
blam! 	thread 'cursor::Cursor<'txn, 'db>::next_0' panicked at 'test executable failed:
blam! 
blam! thread 'main' panicked at 'called `Result::unwrap()` on an `Err` value: Error { repr: Os { code: 30, message: "Read-only file system" } }', /buildslave/rust-buildbot/slave/stable-dist-rustc-linux/build/src/libcore/result.rs:837
blam! note: Run with `RUST_BACKTRACE=1` for a backtrace.
blam! ', /buildslave/rust-buildbot/slave/stable-dist-rustc-linux/build/src/librustdoc/test.rs:301
blam! 
blam! ---- cursor::Cursor<'txn, 'db>::next_dup_0 stdout ----
blam! 	thread 'cursor::Cursor<'txn, 'db>::next_dup_0' panicked at 'test executable failed:
blam! 
blam! thread 'main' panicked at 'called `Result::unwrap()` on an `Err` value: Error { repr: Os { code: 30, message: "Read-only file system" } }', /buildslave/rust-buildbot/slave/stable-dist-rustc-linux/build/src/libcore/result.rs:837
blam! note: Run with `RUST_BACKTRACE=1` for a backtrace.
blam! ', /buildslave/rust-buildbot/slave/stable-dist-rustc-linux/build/src/librustdoc/test.rs:301
blam! 
blam! ---- cursor::Cursor<'txn, 'db>::last_dup_0 stdout ----
blam! 	thread 'cursor::Cursor<'txn, 'db>::last_dup_0' panicked at 'test executable failed:
blam! 
blam! thread 'main' panicked at 'called `Result::unwrap()` on an `Err` value: Error { repr: Os { code: 30, message: "Read-only file system" } }', /buildslave/rust-buildbot/slave/stable-dist-rustc-linux/build/src/libcore/result.rs:837
blam! note: Run with `RUST_BACKTRACE=1` for a backtrace.
blam! ', /buildslave/rust-buildbot/slave/stable-dist-rustc-linux/build/src/librustdoc/test.rs:301
blam! 
blam! ---- cursor::Cursor<'txn, 'db>::next_nodup_0 stdout ----
blam! 	thread 'cursor::Cursor<'txn, 'db>::next_nodup_0' panicked at 'test executable failed:
blam! 
blam! thread 'main' panicked at 'called `Result::unwrap()` on an `Err` value: Error { repr: Os { code: 30, message: "Read-only file system" } }', /buildslave/rust-buildbot/slave/stable-dist-rustc-linux/build/src/libcore/result.rs:837
blam! note: Run with `RUST_BACKTRACE=1` for a backtrace.
blam! ', /buildslave/rust-buildbot/slave/stable-dist-rustc-linux/build/src/librustdoc/test.rs:301
blam! 
blam! ---- cursor::Cursor<'txn, 'db>::overwrite_in_place_0 stdout ----
blam! 	thread 'cursor::Cursor<'txn, 'db>::overwrite_in_place_0' panicked at 'test executable failed:
blam! 
blam! thread 'main' panicked at 'called `Result::unwrap()` on an `Err` value: Error { repr: Os { code: 30, message: "Read-only file system" } }', /buildslave/rust-buildbot/slave/stable-dist-rustc-linux/build/src/libcore/result.rs:837
blam! note: Run with `RUST_BACKTRACE=1` for a backtrace.
blam! ', /buildslave/rust-buildbot/slave/stable-dist-rustc-linux/build/src/librustdoc/test.rs:301
blam! 
blam! ---- cursor::Cursor<'txn, 'db>::overwrite_in_place_array_0 stdout ----
blam! 	thread 'cursor::Cursor<'txn, 'db>::overwrite_in_place_array_0' panicked at 'test executable failed:
blam! 
blam! thread 'main' panicked at 'called `Result::unwrap()` on an `Err` value: Error { repr: Os { code: 30, message: "Read-only file system" } }', /buildslave/rust-buildbot/slave/stable-dist-rustc-linux/build/src/libcore/result.rs:837
blam! note: Run with `RUST_BACKTRACE=1` for a backtrace.
blam! ', /buildslave/rust-buildbot/slave/stable-dist-rustc-linux/build/src/librustdoc/test.rs:301
blam! 
blam! ---- cursor::Cursor<'txn, 'db>::overwrite_0 stdout ----
blam! 	thread 'cursor::Cursor<'txn, 'db>::overwrite_0' panicked at 'test executable failed:
blam! 
blam! thread 'main' panicked at 'called `Result::unwrap()` on an `Err` value: Error { repr: Os { code: 30, message: "Read-only file system" } }', /buildslave/rust-buildbot/slave/stable-dist-rustc-linux/build/src/libcore/result.rs:837
blam! note: Run with `RUST_BACKTRACE=1` for a backtrace.
blam! ', /buildslave/rust-buildbot/slave/stable-dist-rustc-linux/build/src/librustdoc/test.rs:301
blam! 
blam! ---- cursor::Cursor<'txn, 'db>::prev_0 stdout ----
blam! 	thread 'cursor::Cursor<'txn, 'db>::prev_0' panicked at 'test executable failed:
blam! 
blam! thread 'main' panicked at 'called `Result::unwrap()` on an `Err` value: Error { repr: Os { code: 30, message: "Read-only file system" } }', /buildslave/rust-buildbot/slave/stable-dist-rustc-linux/build/src/libcore/result.rs:837
blam! note: Run with `RUST_BACKTRACE=1` for a backtrace.
blam! ', /buildslave/rust-buildbot/slave/stable-dist-rustc-linux/build/src/librustdoc/test.rs:301
blam! 
blam! ---- cursor::Cursor<'txn, 'db>::prev_nodup_0 stdout ----
blam! 	thread 'cursor::Cursor<'txn, 'db>::prev_nodup_0' panicked at 'test executable failed:
blam! 
blam! thread 'main' panicked at 'called `Result::unwrap()` on an `Err` value: Error { repr: Os { code: 30, message: "Read-only file system" } }', /buildslave/rust-buildbot/slave/stable-dist-rustc-linux/build/src/libcore/result.rs:837
blam! note: Run with `RUST_BACKTRACE=1` for a backtrace.
blam! ', /buildslave/rust-buildbot/slave/stable-dist-rustc-linux/build/src/librustdoc/test.rs:301
blam! 
blam! ---- cursor::Cursor<'txn, 'db>::prev_dup_0 stdout ----
blam! 	thread 'cursor::Cursor<'txn, 'db>::prev_dup_0' panicked at 'test executable failed:
blam! 
blam! thread 'main' panicked at 'called `Result::unwrap()` on an `Err` value: Error { repr: Os { code: 30, message: "Read-only file system" } }', /buildslave/rust-buildbot/slave/stable-dist-rustc-linux/build/src/libcore/result.rs:837
blam! note: Run with `RUST_BACKTRACE=1` for a backtrace.
blam! ', /buildslave/rust-buildbot/slave/stable-dist-rustc-linux/build/src/librustdoc/test.rs:301
blam! 
blam! ---- cursor::Cursor<'txn, 'db>::put_0 stdout ----
blam! 	thread 'cursor::Cursor<'txn, 'db>::put_0' panicked at 'test executable failed:
blam! 
blam! thread 'main' panicked at 'called `Result::unwrap()` on an `Err` value: Error { repr: Os { code: 30, message: "Read-only file system" } }', /buildslave/rust-buildbot/slave/stable-dist-rustc-linux/build/src/libcore/result.rs:837
blam! note: Run with `RUST_BACKTRACE=1` for a backtrace.
blam! ', /buildslave/rust-buildbot/slave/stable-dist-rustc-linux/build/src/librustdoc/test.rs:301
blam! 
blam! ---- cursor::Cursor<'txn, 'db>::reserve_0 stdout ----
blam! 	thread 'cursor::Cursor<'txn, 'db>::reserve_0' panicked at 'test executable failed:
blam! 
blam! thread 'main' panicked at 'called `Result::unwrap()` on an `Err` value: Error { repr: Os { code: 30, message: "Read-only file system" } }', /buildslave/rust-buildbot/slave/stable-dist-rustc-linux/build/src/libcore/result.rs:837
blam! note: Run with `RUST_BACKTRACE=1` for a backtrace.
blam! ', /buildslave/rust-buildbot/slave/stable-dist-rustc-linux/build/src/librustdoc/test.rs:301
blam! 
blam! ---- cursor::Cursor<'txn, 'db>::put_multiple_0 stdout ----
blam! 	thread 'cursor::Cursor<'txn, 'db>::put_multiple_0' panicked at 'test executable failed:
blam! 
blam! thread 'main' panicked at 'called `Result::unwrap()` on an `Err` value: Error { repr: Os { code: 30, message: "Read-only file system" } }', /buildslave/rust-buildbot/slave/stable-dist-rustc-linux/build/src/libcore/result.rs:837
blam! note: Run with `RUST_BACKTRACE=1` for a backtrace.
blam! ', /buildslave/rust-buildbot/slave/stable-dist-rustc-linux/build/src/librustdoc/test.rs:301
blam! 
blam! ---- cursor::Cursor<'txn, 'db>::reserve_array_0 stdout ----
blam! 	thread 'cursor::Cursor<'txn, 'db>::reserve_array_0' panicked at 'test executable failed:
blam! 
blam! thread 'main' panicked at 'called `Result::unwrap()` on an `Err` value: Error { repr: Os { code: 30, message: "Read-only file system" } }', /buildslave/rust-buildbot/slave/stable-dist-rustc-linux/build/src/libcore/result.rs:837
blam! note: Run with `RUST_BACKTRACE=1` for a backtrace.
blam! ', /buildslave/rust-buildbot/slave/stable-dist-rustc-linux/build/src/librustdoc/test.rs:301
blam! 
blam! ---- cursor::Cursor<'txn, 'db>::seek_k_0 stdout ----
blam! 	thread 'cursor::Cursor<'txn, 'db>::seek_k_0' panicked at 'test executable failed:
blam! 
blam! thread 'main' panicked at 'called `Result::unwrap()` on an `Err` value: Error { repr: Os { code: 30, message: "Read-only file system" } }', /buildslave/rust-buildbot/slave/stable-dist-rustc-linux/build/src/libcore/result.rs:837
blam! note: Run with `RUST_BACKTRACE=1` for a backtrace.
blam! ', /buildslave/rust-buildbot/slave/stable-dist-rustc-linux/build/src/librustdoc/test.rs:301
blam! 
blam! ---- cursor::Cursor<'txn, 'db>::seek_k_both_0 stdout ----
blam! 	thread 'cursor::Cursor<'txn, 'db>::seek_k_both_0' panicked at 'test executable failed:
blam! 
blam! thread 'main' panicked at 'called `Result::unwrap()` on an `Err` value: Error { repr: Os { code: 30, message: "Read-only file system" } }', /buildslave/rust-buildbot/slave/stable-dist-rustc-linux/build/src/libcore/result.rs:837
blam! note: Run with `RUST_BACKTRACE=1` for a backtrace.
blam! ', /buildslave/rust-buildbot/slave/stable-dist-rustc-linux/build/src/librustdoc/test.rs:301
blam! 
blam! ---- cursor::Cursor<'txn, 'db>::seek_k_nearest_v_0 stdout ----
blam! 	thread 'cursor::Cursor<'txn, 'db>::seek_k_nearest_v_0' panicked at 'test executable failed:
blam! 
blam! thread 'main' panicked at 'called `Result::unwrap()` on an `Err` value: Error { repr: Os { code: 30, message: "Read-only file system" } }', /buildslave/rust-buildbot/slave/stable-dist-rustc-linux/build/src/libcore/result.rs:837
blam! note: Run with `RUST_BACKTRACE=1` for a backtrace.
blam! ', /buildslave/rust-buildbot/slave/stable-dist-rustc-linux/build/src/librustdoc/test.rs:301
blam! 
blam! ---- cursor::Cursor<'txn, 'db>::seek_kv_0 stdout ----
blam! 	thread 'cursor::Cursor<'txn, 'db>::seek_kv_0' panicked at 'test executable failed:
blam! 
blam! thread 'main' panicked at 'called `Result::unwrap()` on an `Err` value: Error { repr: Os { code: 30, message: "Read-only file system" } }', /buildslave/rust-buildbot/slave/stable-dist-rustc-linux/build/src/libcore/result.rs:837
blam! note: Run with `RUST_BACKTRACE=1` for a backtrace.
blam! ', /buildslave/rust-buildbot/slave/stable-dist-rustc-linux/build/src/librustdoc/test.rs:301
blam! 
blam! ---- cursor::Cursor<'txn, 'db>::seek_range_k_0 stdout ----
blam! 	thread 'cursor::Cursor<'txn, 'db>::seek_range_k_0' panicked at 'test executable failed:
blam! 
blam! thread 'main' panicked at 'called `Result::unwrap()` on an `Err` value: Error { repr: Os { code: 30, message: "Read-only file system" } }', /buildslave/rust-buildbot/slave/stable-dist-rustc-linux/build/src/libcore/result.rs:837
blam! note: Run with `RUST_BACKTRACE=1` for a backtrace.
blam! ', /buildslave/rust-buildbot/slave/stable-dist-rustc-linux/build/src/librustdoc/test.rs:301
blam! 
blam! ---- dbi::Database<'a>::delete_0 stdout ----
blam! 	warning: unused variable: `db`, #[warn(unused_variables)] on by default
blam!   --> <anon>:19:7
blam!    |
blam! 19 |   let db = lmdb::Database::open(
blam!    |       ^^
blam! 
blam! warning: unknown lint: `unused_vars`, #[warn(unknown_lints)] on by default
blam!  --> <anon>:2:9
blam!   |
blam! 2 | #[allow(unused_vars)]
blam!   |         ^^^^^^^^^^^
blam! 
blam! thread 'dbi::Database<'a>::delete_0' panicked at 'test executable failed:
blam! 
blam! thread 'main' panicked at 'called `Result::unwrap()` on an `Err` value: Error { repr: Os { code: 30, message: "Read-only file system" } }', /buildslave/rust-buildbot/slave/stable-dist-rustc-linux/build/src/libcore/result.rs:837
blam! note: Run with `RUST_BACKTRACE=1` for a backtrace.
blam! ', /buildslave/rust-buildbot/slave/stable-dist-rustc-linux/build/src/librustdoc/test.rs:301
blam! 
blam! ---- dbi::Database<'a>::open_0 stdout ----
blam! 	warning: unused variable: `db`, #[warn(unused_variables)] on by default
blam!  --> <anon>:6:7
blam!   |
blam! 6 |   let db = lmdb::Database::open(
blam!   |       ^^
blam! 
blam! warning: unknown lint: `unused_vars`, #[warn(unknown_lints)] on by default
blam!  --> <anon>:2:9
blam!   |
blam! 2 | #[allow(unused_vars)]
blam!   |         ^^^^^^^^^^^
blam! 
blam! thread 'dbi::Database<'a>::open_0' panicked at 'test executable failed:
blam! 
blam! thread 'main' panicked at 'called `Result::unwrap()` on an `Err` value: Error { repr: Os { code: 30, message: "Read-only file system" } }', /buildslave/rust-buildbot/slave/stable-dist-rustc-linux/build/src/libcore/result.rs:837
blam! note: Run with `RUST_BACKTRACE=1` for a backtrace.
blam! ', /buildslave/rust-buildbot/slave/stable-dist-rustc-linux/build/src/librustdoc/test.rs:301
blam! 
blam! ---- dbi::Database<'a>::open_1 stdout ----
blam! 	warning: unused variable: `db`, #[warn(unused_variables)] on by default
blam!  --> <anon>:8:7
blam!   |
blam! 8 |   let db = lmdb::Database::open(
blam!   |       ^^
blam! 
blam! warning: unknown lint: `unused_vars`, #[warn(unknown_lints)] on by default
blam!  --> <anon>:2:9
blam!   |
blam! 2 | #[allow(unused_vars)]
blam!   |         ^^^^^^^^^^^
blam! 
blam! thread 'dbi::Database<'a>::open_1' panicked at 'test executable failed:
blam! 
blam! thread 'main' panicked at 'called `Result::unwrap()` on an `Err` value: Error { repr: Os { code: 30, message: "Read-only file system" } }', /buildslave/rust-buildbot/slave/stable-dist-rustc-linux/build/src/libcore/result.rs:837
blam! note: Run with `RUST_BACKTRACE=1` for a backtrace.
blam! ', /buildslave/rust-buildbot/slave/stable-dist-rustc-linux/build/src/librustdoc/test.rs:301
blam! 
blam! ---- dbi::Database<'a>::open_2 stdout ----
blam! 	warning: unused variable: `db`, #[warn(unused_variables)] on by default
blam!  --> <anon>:6:7
blam!   |
blam! 6 |   let db = lmdb::Database::open(
blam!   |       ^^
blam! 
blam! warning: unknown lint: `unused_vars`, #[warn(unknown_lints)] on by default
blam!  --> <anon>:2:9
blam!   |
blam! 2 | #[allow(unused_vars)]
blam!   |         ^^^^^^^^^^^
blam! 
blam! thread 'dbi::Database<'a>::open_2' panicked at 'test executable failed:
blam! 
blam! thread 'main' panicked at 'called `Result::unwrap()` on an `Err` value: Error { repr: Os { code: 30, message: "Read-only file system" } }', /buildslave/rust-buildbot/slave/stable-dist-rustc-linux/build/src/libcore/result.rs:837
blam! note: Run with `RUST_BACKTRACE=1` for a backtrace.
blam! ', /buildslave/rust-buildbot/slave/stable-dist-rustc-linux/build/src/librustdoc/test.rs:301
blam! 
blam! ---- dbi::DatabaseOptions::sort_keys_as_0 stdout ----
blam! 	thread 'dbi::DatabaseOptions::sort_keys_as_0' panicked at 'test executable failed:
blam! 
blam! thread 'main' panicked at 'called `Result::unwrap()` on an `Err` value: Error { repr: Os { code: 30, message: "Read-only file system" } }', /buildslave/rust-buildbot/slave/stable-dist-rustc-linux/build/src/libcore/result.rs:837
blam! note: Run with `RUST_BACKTRACE=1` for a backtrace.
blam! ', /buildslave/rust-buildbot/slave/stable-dist-rustc-linux/build/src/librustdoc/test.rs:301
blam! 
blam! ---- dbi::db::DUPFIXED_0 stdout ----
blam! 	thread 'dbi::db::DUPFIXED_0' panicked at 'test executable failed:
blam! 
blam! thread 'main' panicked at 'called `Result::unwrap()` on an `Err` value: Error { repr: Os { code: 30, message: "Read-only file system" } }', /buildslave/rust-buildbot/slave/stable-dist-rustc-linux/build/src/libcore/result.rs:837
blam! note: Run with `RUST_BACKTRACE=1` for a backtrace.
blam! ', /buildslave/rust-buildbot/slave/stable-dist-rustc-linux/build/src/librustdoc/test.rs:301
blam! 
blam! ---- dbi::db::DUPSORT_0 stdout ----
blam! 	thread 'dbi::db::DUPSORT_0' panicked at 'test executable failed:
blam! 
blam! thread 'main' panicked at 'called `Result::unwrap()` on an `Err` value: Error { repr: Os { code: 30, message: "Read-only file system" } }', /buildslave/rust-buildbot/slave/stable-dist-rustc-linux/build/src/libcore/result.rs:837
blam! note: Run with `RUST_BACKTRACE=1` for a backtrace.
blam! ', /buildslave/rust-buildbot/slave/stable-dist-rustc-linux/build/src/librustdoc/test.rs:301
blam! 
blam! ---- dbi::db::Flags::all::dummy::real_flags::DUPFIXED_0 stdout ----
blam! 	thread 'dbi::db::Flags::all::dummy::real_flags::DUPFIXED_0' panicked at 'test executable failed:
blam! 
blam! thread 'main' panicked at 'called `Result::unwrap()` on an `Err` value: Error { repr: Os { code: 30, message: "Read-only file system" } }', /buildslave/rust-buildbot/slave/stable-dist-rustc-linux/build/src/libcore/result.rs:837
blam! note: Run with `RUST_BACKTRACE=1` for a backtrace.
blam! ', /buildslave/rust-buildbot/slave/stable-dist-rustc-linux/build/src/librustdoc/test.rs:301
blam! 
blam! ---- dbi::db::Flags::all::dummy::real_flags::DUPSORT_0 stdout ----
blam! 	thread 'dbi::db::Flags::all::dummy::real_flags::DUPSORT_0' panicked at 'test executable failed:
blam! 
blam! thread 'main' panicked at 'called `Result::unwrap()` on an `Err` value: Error { repr: Os { code: 30, message: "Read-only file system" } }', /buildslave/rust-buildbot/slave/stable-dist-rustc-linux/build/src/libcore/result.rs:837
blam! note: Run with `RUST_BACKTRACE=1` for a backtrace.
blam! ', /buildslave/rust-buildbot/slave/stable-dist-rustc-linux/build/src/librustdoc/test.rs:301
blam! 
blam! ---- dbi::db::Flags::all::dummy::real_flags::REVERSEKEY_0 stdout ----
blam! 	thread 'dbi::db::Flags::all::dummy::real_flags::REVERSEKEY_0' panicked at 'test executable failed:
blam! 
blam! thread 'main' panicked at 'called `Result::unwrap()` on an `Err` value: Error { repr: Os { code: 30, message: "Read-only file system" } }', /buildslave/rust-buildbot/slave/stable-dist-rustc-linux/build/src/libcore/result.rs:837
blam! note: Run with `RUST_BACKTRACE=1` for a backtrace.
blam! ', /buildslave/rust-buildbot/slave/stable-dist-rustc-linux/build/src/librustdoc/test.rs:301
blam! 
blam! ---- dbi::db::Flags::all::dummy::real_flags::INTEGERKEY_0 stdout ----
blam! 	thread 'dbi::db::Flags::all::dummy::real_flags::INTEGERKEY_0' panicked at 'test executable failed:
blam! 
blam! thread 'main' panicked at 'called `Result::unwrap()` on an `Err` value: Error { repr: Os { code: 30, message: "Read-only file system" } }', /buildslave/rust-buildbot/slave/stable-dist-rustc-linux/build/src/libcore/result.rs:837
blam! note: Run with `RUST_BACKTRACE=1` for a backtrace.
blam! ', /buildslave/rust-buildbot/slave/stable-dist-rustc-linux/build/src/librustdoc/test.rs:301
blam! 
blam! ---- dbi::db::Flags::fmt::dummy::real_flags::DUPFIXED_0 stdout ----
blam! 	thread 'dbi::db::Flags::fmt::dummy::real_flags::DUPFIXED_0' panicked at 'test executable failed:
blam! 
blam! thread 'main' panicked at 'called `Result::unwrap()` on an `Err` value: Error { repr: Os { code: 30, message: "Read-only file system" } }', /buildslave/rust-buildbot/slave/stable-dist-rustc-linux/build/src/libcore/result.rs:837
blam! note: Run with `RUST_BACKTRACE=1` for a backtrace.
blam! ', /buildslave/rust-buildbot/slave/stable-dist-rustc-linux/build/src/librustdoc/test.rs:301
blam! 
blam! ---- dbi::db::Flags::fmt::dummy::real_flags::DUPSORT_0 stdout ----
blam! 	thread 'dbi::db::Flags::fmt::dummy::real_flags::DUPSORT_0' panicked at 'test executable failed:
blam! 
blam! thread 'main' panicked at 'called `Result::unwrap()` on an `Err` value: Error { repr: Os { code: 30, message: "Read-only file system" } }', /buildslave/rust-buildbot/slave/stable-dist-rustc-linux/build/src/libcore/result.rs:837
blam! note: Run with `RUST_BACKTRACE=1` for a backtrace.
blam! ', /buildslave/rust-buildbot/slave/stable-dist-rustc-linux/build/src/librustdoc/test.rs:301
blam! 
blam! ---- dbi::db::Flags::fmt::dummy::real_flags::REVERSEKEY_0 stdout ----
blam! 	thread 'dbi::db::Flags::fmt::dummy::real_flags::REVERSEKEY_0' panicked at 'test executable failed:
blam! 
blam! thread 'main' panicked at 'called `Result::unwrap()` on an `Err` value: Error { repr: Os { code: 30, message: "Read-only file system" } }', /buildslave/rust-buildbot/slave/stable-dist-rustc-linux/build/src/libcore/result.rs:837
blam! note: Run with `RUST_BACKTRACE=1` for a backtrace.
blam! ', /buildslave/rust-buildbot/slave/stable-dist-rustc-linux/build/src/librustdoc/test.rs:301
blam! 
blam! ---- dbi::db::Flags::fmt::dummy::real_flags::INTEGERKEY_0 stdout ----
blam! 	thread 'dbi::db::Flags::fmt::dummy::real_flags::INTEGERKEY_0' panicked at 'test executable failed:
blam! 
blam! thread 'main' panicked at 'called `Result::unwrap()` on an `Err` value: Error { repr: Os { code: 30, message: "Read-only file system" } }', /buildslave/rust-buildbot/slave/stable-dist-rustc-linux/build/src/libcore/result.rs:837
blam! note: Run with `RUST_BACKTRACE=1` for a backtrace.
blam! ', /buildslave/rust-buildbot/slave/stable-dist-rustc-linux/build/src/librustdoc/test.rs:301
blam! 
blam! ---- dbi::db::INTEGERKEY_0 stdout ----
blam! 	thread 'dbi::db::INTEGERKEY_0' panicked at 'test executable failed:
blam! 
blam! thread 'main' panicked at 'called `Result::unwrap()` on an `Err` value: Error { repr: Os { code: 30, message: "Read-only file system" } }', /buildslave/rust-buildbot/slave/stable-dist-rustc-linux/build/src/libcore/result.rs:837
blam! note: Run with `RUST_BACKTRACE=1` for a backtrace.
kablam! error: test failed
blam! ', /buildslave/rust-buildbot/slave/stable-dist-rustc-linux/build/src/librustdoc/test.rs:301
blam! 
blam! ---- env::Environment::copy_0 stdout ----
blam! 	thread 'env::Environment::copy_0' panicked at 'test executable failed:
blam! 
blam! thread 'main' panicked at 'called `Result::unwrap()` on an `Err` value: Error { repr: Os { code: 30, message: "Read-only file system" } }', /buildslave/rust-buildbot/slave/stable-dist-rustc-linux/build/src/libcore/result.rs:837
blam! note: Run with `RUST_BACKTRACE=1` for a backtrace.
blam! ', /buildslave/rust-buildbot/slave/stable-dist-rustc-linux/build/src/librustdoc/test.rs:301
blam! 
blam! ---- dbi::db::REVERSEKEY_0 stdout ----
blam! 	thread 'dbi::db::REVERSEKEY_0' panicked at 'test executable failed:
blam! 
blam! thread 'main' panicked at 'called `Result::unwrap()` on an `Err` value: Error { repr: Os { code: 30, message: "Read-only file system" } }', /buildslave/rust-buildbot/slave/stable-dist-rustc-linux/build/src/libcore/result.rs:837
blam! note: Run with `RUST_BACKTRACE=1` for a backtrace.
blam! ', /buildslave/rust-buildbot/slave/stable-dist-rustc-linux/build/src/librustdoc/test.rs:301
blam! 
blam! ---- env::Environment::set_flags_0 stdout ----
blam! 	thread 'env::Environment::set_flags_0' panicked at 'test executable failed:
blam! 
blam! thread 'main' panicked at 'called `Result::unwrap()` on an `Err` value: Error { repr: Os { code: 30, message: "Read-only file system" } }', /buildslave/rust-buildbot/slave/stable-dist-rustc-linux/build/src/libcore/result.rs:837
blam! note: Run with `RUST_BACKTRACE=1` for a backtrace.
blam! ', /buildslave/rust-buildbot/slave/stable-dist-rustc-linux/build/src/librustdoc/test.rs:301
blam! 
blam! ---- iter::CursorIter<'a, 'access, 'txn, 'db, T>::new_0 stdout ----
blam! 	thread 'iter::CursorIter<'a, 'access, 'txn, 'db, T>::new_0' panicked at 'test executable failed:
blam! 
blam! thread 'main' panicked at 'called `Result::unwrap()` on an `Err` value: Error { repr: Os { code: 30, message: "Read-only file system" } }', /buildslave/rust-buildbot/slave/stable-dist-rustc-linux/build/src/libcore/result.rs:837
blam! note: Run with `RUST_BACKTRACE=1` for a backtrace.
blam! ', /buildslave/rust-buildbot/slave/stable-dist-rustc-linux/build/src/librustdoc/test.rs:301
blam! 
blam! ---- tx::ReadTransaction<'env>::dissoc_cursor_0 stdout ----
blam! 	warning: value assigned to `saved_cursor` is never read, #[warn(unused_assignments)] on by default
blam!   --> <anon>:24:3
blam!    |
blam! 24 |   saved_cursor = txn.dissoc_cursor(cursor).unwrap();
blam!    |   ^^^^^^^^^^^^
blam! 
blam! thread 'tx::ReadTransaction<'env>::dissoc_cursor_0' panicked at 'test executable failed:
blam! 
blam! thread 'main' panicked at 'called `Result::unwrap()` on an `Err` value: Error { repr: Os { code: 30, message: "Read-only file system" } }', /buildslave/rust-buildbot/slave/stable-dist-rustc-linux/build/src/libcore/result.rs:837
blam! note: Run with `RUST_BACKTRACE=1` for a backtrace.
blam! ', /buildslave/rust-buildbot/slave/stable-dist-rustc-linux/build/src/librustdoc/test.rs:301
blam! 
blam! ---- tx::ReadTransaction<'env>::reset_0 stdout ----
blam! 	warning: unused variable: `access`, #[warn(unused_variables)] on by default
blam!  --> <anon>:8:9
blam!   |
blam! 8 |     let access = txn.access();
blam!   |         ^^^^^^
blam! 
blam! warning: unused variable: `access`, #[warn(unused_variables)] on by default
blam!   --> <anon>:22:9
blam!    |
blam! 22 |     let access = txn.access();
blam!    |         ^^^^^^
blam! 
blam! warning: value assigned to `saved_txn` is never read, #[warn(unused_assignments)] on by default
blam!   --> <anon>:27:3
blam!    |
blam! 27 |   saved_txn = txn.reset();
blam!    |   ^^^^^^^^^
blam! 
blam! thread 'tx::ReadTransaction<'env>::reset_0' panicked at 'test executable failed:
blam! 
blam! thread 'main' panicked at 'called `Result::unwrap()` on an `Err` value: Error { repr: Os { code: 30, message: "Read-only file system" } }', /buildslave/rust-buildbot/slave/stable-dist-rustc-linux/build/src/libcore/result.rs:837
blam! note: Run with `RUST_BACKTRACE=1` for a backtrace.
blam! ', /buildslave/rust-buildbot/slave/stable-dist-rustc-linux/build/src/librustdoc/test.rs:301
blam! 
blam! ---- tx::WriteAccessor<'txn>::clear_db_0 stdout ----
blam! 	thread 'tx::WriteAccessor<'txn>::clear_db_0' panicked at 'test executable failed:
blam! 
blam! thread 'main' panicked at 'called `Result::unwrap()` on an `Err` value: Error { repr: Os { code: 30, message: "Read-only file system" } }', /buildslave/rust-buildbot/slave/stable-dist-rustc-linux/build/src/libcore/result.rs:837
blam! note: Run with `RUST_BACKTRACE=1` for a backtrace.
blam! ', /buildslave/rust-buildbot/slave/stable-dist-rustc-linux/build/src/librustdoc/test.rs:301
blam! 
blam! ---- tx::WriteAccessor<'txn>::del_item_0 stdout ----
blam! 	thread 'tx::WriteAccessor<'txn>::del_item_0' panicked at 'test executable failed:
blam! 
blam! thread 'main' panicked at 'called `Result::unwrap()` on an `Err` value: Error { repr: Os { code: 30, message: "Read-only file system" } }', /buildslave/rust-buildbot/slave/stable-dist-rustc-linux/build/src/libcore/result.rs:837
blam! note: Run with `RUST_BACKTRACE=1` for a backtrace.
blam! ', /buildslave/rust-buildbot/slave/stable-dist-rustc-linux/build/src/librustdoc/test.rs:301
blam! 
blam! ---- tx::WriteAccessor<'txn>::del_key_0 stdout ----
blam! 	thread 'tx::WriteAccessor<'txn>::del_key_0' panicked at 'test executable failed:
blam! 
blam! thread 'main' panicked at 'called `Result::unwrap()` on an `Err` value: Error { repr: Os { code: 30, message: "Read-only file system" } }', /buildslave/rust-buildbot/slave/stable-dist-rustc-linux/build/src/libcore/result.rs:837
blam! note: Run with `RUST_BACKTRACE=1` for a backtrace.
blam! ', /buildslave/rust-buildbot/slave/stable-dist-rustc-linux/build/src/librustdoc/test.rs:301
blam! 
blam! ---- tx::WriteAccessor<'txn>::put_reserve_0 stdout ----
blam! 	thread 'tx::WriteAccessor<'txn>::put_reserve_0' panicked at 'test executable failed:
blam! 
blam! thread 'main' panicked at 'called `Result::unwrap()` on an `Err` value: Error { repr: Os { code: 30, message: "Read-only file system" } }', /buildslave/rust-buildbot/slave/stable-dist-rustc-linux/build/src/libcore/result.rs:837
blam! note: Run with `RUST_BACKTRACE=1` for a backtrace.
blam! ', /buildslave/rust-buildbot/slave/stable-dist-rustc-linux/build/src/librustdoc/test.rs:301
blam! 
blam! ---- tx::WriteAccessor<'txn>::put_reserve_array_0 stdout ----
blam! 	thread 'tx::WriteAccessor<'txn>::put_reserve_array_0' panicked at 'test executable failed:
blam! 
blam! thread 'main' panicked at 'called `Result::unwrap()` on an `Err` value: Error { repr: Os { code: 30, message: "Read-only file system" } }', /buildslave/rust-buildbot/slave/stable-dist-rustc-linux/build/src/libcore/result.rs:837
blam! note: Run with `RUST_BACKTRACE=1` for a backtrace.
blam! ', /buildslave/rust-buildbot/slave/stable-dist-rustc-linux/build/src/librustdoc/test.rs:301
blam! 
blam! ---- tx::WriteTransaction<'env>::child_tx_0 stdout ----
blam! 	warning: variable does not need to be mutable, #[warn(unused_mut)] on by default
blam!   --> <anon>:48:7
blam!    |
blam! 48 |   let mut access = txn.access();
blam!    |       ^^^^^^^^^^
blam! 
blam! thread 'tx::WriteTransaction<'env>::child_tx_0' panicked at 'test executable failed:
blam! 
blam! thread 'main' panicked at 'called `Result::unwrap()` on an `Err` value: Error { repr: Os { code: 30, message: "Read-only file system" } }', /buildslave/rust-buildbot/slave/stable-dist-rustc-linux/build/src/libcore/result.rs:837
blam! note: Run with `RUST_BACKTRACE=1` for a backtrace.
blam! ', /buildslave/rust-buildbot/slave/stable-dist-rustc-linux/build/src/librustdoc/test.rs:301
blam! 
blam! ---- tx::del::Flags::all::dummy::real_flags::NODUPDATA_0 stdout ----
blam! 	thread 'tx::del::Flags::all::dummy::real_flags::NODUPDATA_0' panicked at 'test executable failed:
blam! 
blam! thread 'main' panicked at 'called `Result::unwrap()` on an `Err` value: Error { repr: Os { code: 30, message: "Read-only file system" } }', /buildslave/rust-buildbot/slave/stable-dist-rustc-linux/build/src/libcore/result.rs:837
blam! note: Run with `RUST_BACKTRACE=1` for a backtrace.
blam! ', /buildslave/rust-buildbot/slave/stable-dist-rustc-linux/build/src/librustdoc/test.rs:301
blam! 
blam! ---- tx::del::Flags::fmt::dummy::real_flags::NODUPDATA_0 stdout ----
blam! 	thread 'tx::del::Flags::fmt::dummy::real_flags::NODUPDATA_0' panicked at 'test executable failed:
blam! 
blam! thread 'main' panicked at 'called `Result::unwrap()` on an `Err` value: Error { repr: Os { code: 30, message: "Read-only file system" } }', /buildslave/rust-buildbot/slave/stable-dist-rustc-linux/build/src/libcore/result.rs:837
blam! note: Run with `RUST_BACKTRACE=1` for a backtrace.
blam! ', /buildslave/rust-buildbot/slave/stable-dist-rustc-linux/build/src/librustdoc/test.rs:301
blam! 
blam! ---- tx::del::NODUPDATA_0 stdout ----
blam! 	thread 'tx::del::NODUPDATA_0' panicked at 'test executable failed:
blam! 
blam! thread 'main' panicked at 'called `Result::unwrap()` on an `Err` value: Error { repr: Os { code: 30, message: "Read-only file system" } }', /buildslave/rust-buildbot/slave/stable-dist-rustc-linux/build/src/libcore/result.rs:837
blam! note: Run with `RUST_BACKTRACE=1` for a backtrace.
blam! ', /buildslave/rust-buildbot/slave/stable-dist-rustc-linux/build/src/librustdoc/test.rs:301
blam! 
blam! ---- tx::put::APPEND_0 stdout ----
blam! 	thread 'tx::put::APPEND_0' panicked at 'test executable failed:
blam! 
blam! thread 'main' panicked at 'called `Result::unwrap()` on an `Err` value: Error { repr: Os { code: 30, message: "Read-only file system" } }', /buildslave/rust-buildbot/slave/stable-dist-rustc-linux/build/src/libcore/result.rs:837
blam! note: Run with `RUST_BACKTRACE=1` for a backtrace.
blam! ', /buildslave/rust-buildbot/slave/stable-dist-rustc-linux/build/src/librustdoc/test.rs:301
blam! 
blam! ---- tx::put::Flags::all::dummy::real_flags::APPEND_0 stdout ----
blam! 	thread 'tx::put::Flags::all::dummy::real_flags::APPEND_0' panicked at 'test executable failed:
blam! 
blam! thread 'main' panicked at 'called `Result::unwrap()` on an `Err` value: Error { repr: Os { code: 30, message: "Read-only file system" } }', /buildslave/rust-buildbot/slave/stable-dist-rustc-linux/build/src/libcore/result.rs:837
blam! note: Run with `RUST_BACKTRACE=1` for a backtrace.
blam! ', /buildslave/rust-buildbot/slave/stable-dist-rustc-linux/build/src/librustdoc/test.rs:301
blam! 
blam! ---- tx::put::Flags::all::dummy::real_flags::NODUPDATA_0 stdout ----
blam! 	thread 'tx::put::Flags::all::dummy::real_flags::NODUPDATA_0' panicked at 'test executable failed:
blam! 
blam! thread 'main' panicked at 'called `Result::unwrap()` on an `Err` value: Error { repr: Os { code: 30, message: "Read-only file system" } }', /buildslave/rust-buildbot/slave/stable-dist-rustc-linux/build/src/libcore/result.rs:837
blam! note: Run with `RUST_BACKTRACE=1` for a backtrace.
blam! ', /buildslave/rust-buildbot/slave/stable-dist-rustc-linux/build/src/librustdoc/test.rs:301
blam! 
blam! ---- tx::put::Flags::all::dummy::real_flags::NODUPDATA_1 stdout ----
blam! 	thread 'tx::put::Flags::all::dummy::real_flags::NODUPDATA_1' panicked at 'test executable failed:
blam! 
blam! thread 'main' panicked at 'called `Result::unwrap()` on an `Err` value: Error { repr: Os { code: 30, message: "Read-only file system" } }', /buildslave/rust-buildbot/slave/stable-dist-rustc-linux/build/src/libcore/result.rs:837
blam! note: Run with `RUST_BACKTRACE=1` for a backtrace.
blam! ', /buildslave/rust-buildbot/slave/stable-dist-rustc-linux/build/src/librustdoc/test.rs:301
blam! 
blam! ---- tx::put::Flags::all::dummy::real_flags::NOOVERWRITE_1 stdout ----
blam! 	thread 'tx::put::Flags::all::dummy::real_flags::NOOVERWRITE_1' panicked at 'test executable failed:
blam! 
blam! thread 'main' panicked at 'called `Result::unwrap()` on an `Err` value: Error { repr: Os { code: 30, message: "Read-only file system" } }', /buildslave/rust-buildbot/slave/stable-dist-rustc-linux/build/src/libcore/result.rs:837
blam! note: Run with `RUST_BACKTRACE=1` for a backtrace.
blam! ', /buildslave/rust-buildbot/slave/stable-dist-rustc-linux/build/src/librustdoc/test.rs:301
blam! 
blam! ---- tx::put::Flags::all::dummy::real_flags::NOOVERWRITE_0 stdout ----
blam! 	thread 'tx::put::Flags::all::dummy::real_flags::NOOVERWRITE_0' panicked at 'test executable failed:
blam! 
blam! thread 'main' panicked at 'called `Result::unwrap()` on an `Err` value: Error { repr: Os { code: 30, message: "Read-only file system" } }', /buildslave/rust-buildbot/slave/stable-dist-rustc-linux/build/src/libcore/result.rs:837
blam! note: Run with `RUST_BACKTRACE=1` for a backtrace.
blam! ', /buildslave/rust-buildbot/slave/stable-dist-rustc-linux/build/src/librustdoc/test.rs:301
blam! 
blam! ---- tx::put::Flags::fmt::dummy::real_flags::APPEND_0 stdout ----
blam! 	thread 'tx::put::Flags::fmt::dummy::real_flags::APPEND_0' panicked at 'test executable failed:
blam! 
blam! thread 'main' panicked at 'called `Result::unwrap()` on an `Err` value: Error { repr: Os { code: 30, message: "Read-only file system" } }', /buildslave/rust-buildbot/slave/stable-dist-rustc-linux/build/src/libcore/result.rs:837
blam! note: Run with `RUST_BACKTRACE=1` for a backtrace.
blam! ', /buildslave/rust-buildbot/slave/stable-dist-rustc-linux/build/src/librustdoc/test.rs:301
blam! 
blam! ---- tx::put::Flags::fmt::dummy::real_flags::NODUPDATA_0 stdout ----
blam! 	thread 'tx::put::Flags::fmt::dummy::real_flags::NODUPDATA_0' panicked at 'test executable failed:
blam! 
blam! thread 'main' panicked at 'called `Result::unwrap()` on an `Err` value: Error { repr: Os { code: 30, message: "Read-only file system" } }', /buildslave/rust-buildbot/slave/stable-dist-rustc-linux/build/src/libcore/result.rs:837
blam! note: Run with `RUST_BACKTRACE=1` for a backtrace.
blam! ', /buildslave/rust-buildbot/slave/stable-dist-rustc-linux/build/src/librustdoc/test.rs:301
blam! 
blam! ---- tx::put::Flags::fmt::dummy::real_flags::NODUPDATA_1 stdout ----
blam! 	thread 'tx::put::Flags::fmt::dummy::real_flags::NODUPDATA_1' panicked at 'test executable failed:
blam! 
blam! thread 'main' panicked at 'called `Result::unwrap()` on an `Err` value: Error { repr: Os { code: 30, message: "Read-only file system" } }', /buildslave/rust-buildbot/slave/stable-dist-rustc-linux/build/src/libcore/result.rs:837
blam! note: Run with `RUST_BACKTRACE=1` for a backtrace.
blam! ', /buildslave/rust-buildbot/slave/stable-dist-rustc-linux/build/src/librustdoc/test.rs:301
blam! 
blam! ---- tx::put::Flags::fmt::dummy::real_flags::NOOVERWRITE_1 stdout ----
blam! 	thread 'tx::put::Flags::fmt::dummy::real_flags::NOOVERWRITE_1' panicked at 'test executable failed:
blam! 
blam! thread 'main' panicked at 'called `Result::unwrap()` on an `Err` value: Error { repr: Os { code: 30, message: "Read-only file system" } }', /buildslave/rust-buildbot/slave/stable-dist-rustc-linux/build/src/libcore/result.rs:837
blam! note: Run with `RUST_BACKTRACE=1` for a backtrace.
blam! ', /buildslave/rust-buildbot/slave/stable-dist-rustc-linux/build/src/librustdoc/test.rs:301
blam! 
blam! ---- tx::put::Flags::fmt::dummy::real_flags::NOOVERWRITE_0 stdout ----
blam! 	thread 'tx::put::Flags::fmt::dummy::real_flags::NOOVERWRITE_0' panicked at 'test executable failed:
blam! 
blam! thread 'main' panicked at 'called `Result::unwrap()` on an `Err` value: Error { repr: Os { code: 30, message: "Read-only file system" } }', /buildslave/rust-buildbot/slave/stable-dist-rustc-linux/build/src/libcore/result.rs:837
blam! note: Run with `RUST_BACKTRACE=1` for a backtrace.
blam! ', /buildslave/rust-buildbot/slave/stable-dist-rustc-linux/build/src/librustdoc/test.rs:301
blam! 
blam! ---- tx::put::NODUPDATA_0 stdout ----
blam! 	thread 'tx::put::NODUPDATA_0' panicked at 'test executable failed:
blam! 
blam! thread 'main' panicked at 'called `Result::unwrap()` on an `Err` value: Error { repr: Os { code: 30, message: "Read-only file system" } }', /buildslave/rust-buildbot/slave/stable-dist-rustc-linux/build/src/libcore/result.rs:837
blam! note: Run with `RUST_BACKTRACE=1` for a backtrace.
blam! ', /buildslave/rust-buildbot/slave/stable-dist-rustc-linux/build/src/librustdoc/test.rs:301
blam! 
blam! ---- tx::put::NOOVERWRITE_0 stdout ----
blam! 	thread 'tx::put::NOOVERWRITE_0' panicked at 'test executable failed:
blam! 
blam! thread 'main' panicked at 'called `Result::unwrap()` on an `Err` value: Error { repr: Os { code: 30, message: "Read-only file system" } }', /buildslave/rust-buildbot/slave/stable-dist-rustc-linux/build/src/libcore/result.rs:837
blam! note: Run with `RUST_BACKTRACE=1` for a backtrace.
blam! ', /buildslave/rust-buildbot/slave/stable-dist-rustc-linux/build/src/librustdoc/test.rs:301
blam! 
blam! ---- tx::put::NODUPDATA_1 stdout ----
blam! 	thread 'tx::put::NODUPDATA_1' panicked at 'test executable failed:
blam! 
blam! thread 'main' panicked at 'called `Result::unwrap()` on an `Err` value: Error { repr: Os { code: 30, message: "Read-only file system" } }', /buildslave/rust-buildbot/slave/stable-dist-rustc-linux/build/src/libcore/result.rs:837
blam! note: Run with `RUST_BACKTRACE=1` for a backtrace.
blam! ', /buildslave/rust-buildbot/slave/stable-dist-rustc-linux/build/src/librustdoc/test.rs:301
blam! 
blam! ---- tx::put::NOOVERWRITE_1 stdout ----
blam! 	thread 'tx::put::NOOVERWRITE_1' panicked at 'test executable failed:
blam! 
blam! thread 'main' panicked at 'called `Result::unwrap()` on an `Err` value: Error { repr: Os { code: 30, message: "Read-only file system" } }', /buildslave/rust-buildbot/slave/stable-dist-rustc-linux/build/src/libcore/result.rs:837
blam! note: Run with `RUST_BACKTRACE=1` for a backtrace.
blam! ', /buildslave/rust-buildbot/slave/stable-dist-rustc-linux/build/src/librustdoc/test.rs:301
blam! 
blam! 
blam! failures:
blam!     _0
blam!     cursor::Cursor<'txn, 'db>::first_0
blam!     cursor::Cursor<'txn, 'db>::first_dup_0
blam!     cursor::Cursor<'txn, 'db>::get_current_0
blam!     cursor::Cursor<'txn, 'db>::last_0
blam!     cursor::Cursor<'txn, 'db>::last_dup_0
blam!     cursor::Cursor<'txn, 'db>::next_0
blam!     cursor::Cursor<'txn, 'db>::next_dup_0
blam!     cursor::Cursor<'txn, 'db>::next_nodup_0
blam!     cursor::Cursor<'txn, 'db>::overwrite_0
blam!     cursor::Cursor<'txn, 'db>::overwrite_in_place_0
blam!     cursor::Cursor<'txn, 'db>::overwrite_in_place_array_0
blam!     cursor::Cursor<'txn, 'db>::prev_0
blam!     cursor::Cursor<'txn, 'db>::prev_dup_0
blam!     cursor::Cursor<'txn, 'db>::prev_nodup_0
blam!     cursor::Cursor<'txn, 'db>::put_0
blam!     cursor::Cursor<'txn, 'db>::put_multiple_0
blam!     cursor::Cursor<'txn, 'db>::reserve_0
blam!     cursor::Cursor<'txn, 'db>::reserve_array_0
blam!     cursor::Cursor<'txn, 'db>::seek_k_0
blam!     cursor::Cursor<'txn, 'db>::seek_k_both_0
blam!     cursor::Cursor<'txn, 'db>::seek_k_nearest_v_0
blam!     cursor::Cursor<'txn, 'db>::seek_kv_0
blam!     cursor::Cursor<'txn, 'db>::seek_range_k_0
blam!     dbi::Database<'a>::delete_0
blam!     dbi::Database<'a>::open_0
blam!     dbi::Database<'a>::open_1
blam!     dbi::Database<'a>::open_2
blam!     dbi::DatabaseOptions::sort_keys_as_0
blam!     dbi::db::DUPFIXED_0
blam!     dbi::db::DUPSORT_0
blam!     dbi::db::Flags::all::dummy::real_flags::DUPFIXED_0
blam!     dbi::db::Flags::all::dummy::real_flags::DUPSORT_0
blam!     dbi::db::Flags::all::dummy::real_flags::INTEGERKEY_0
blam!     dbi::db::Flags::all::dummy::real_flags::REVERSEKEY_0
blam!     dbi::db::Flags::fmt::dummy::real_flags::DUPFIXED_0
blam!     dbi::db::Flags::fmt::dummy::real_flags::DUPSORT_0
blam!     dbi::db::Flags::fmt::dummy::real_flags::INTEGERKEY_0
blam!     dbi::db::Flags::fmt::dummy::real_flags::REVERSEKEY_0
blam!     dbi::db::INTEGERKEY_0
blam!     dbi::db::REVERSEKEY_0
blam!     env::Environment::copy_0
blam!     env::Environment::set_flags_0
blam!     iter::CursorIter<'a, 'access, 'txn, 'db, T>::new_0
blam!     tx::ReadTransaction<'env>::dissoc_cursor_0
blam!     tx::ReadTransaction<'env>::reset_0
blam!     tx::WriteAccessor<'txn>::clear_db_0
blam!     tx::WriteAccessor<'txn>::del_item_0
blam!     tx::WriteAccessor<'txn>::del_key_0
blam!     tx::WriteAccessor<'txn>::put_reserve_0
blam!     tx::WriteAccessor<'txn>::put_reserve_array_0
blam!     tx::WriteTransaction<'env>::child_tx_0
blam!     tx::del::Flags::all::dummy::real_flags::NODUPDATA_0
blam!     tx::del::Flags::fmt::dummy::real_flags::NODUPDATA_0
blam!     tx::del::NODUPDATA_0
blam!     tx::put::APPEND_0
blam!     tx::put::Flags::all::dummy::real_flags::APPEND_0
blam!     tx::put::Flags::all::dummy::real_flags::NODUPDATA_0
blam!     tx::put::Flags::all::dummy::real_flags::NODUPDATA_1
blam!     tx::put::Flags::all::dummy::real_flags::NOOVERWRITE_0
blam!     tx::put::Flags::all::dummy::real_flags::NOOVERWRITE_1
blam!     tx::put::Flags::fmt::dummy::real_flags::APPEND_0
blam!     tx::put::Flags::fmt::dummy::real_flags::NODUPDATA_0
blam!     tx::put::Flags::fmt::dummy::real_flags::NODUPDATA_1
blam!     tx::put::Flags::fmt::dummy::real_flags::NOOVERWRITE_0
blam!     tx::put::Flags::fmt::dummy::real_flags::NOOVERWRITE_1
blam!     tx::put::NODUPDATA_0
blam!     tx::put::NODUPDATA_1
blam!     tx::put::NOOVERWRITE_0
blam!     tx::put::NOOVERWRITE_1
blam! 
blam! test result: FAILED. 9 passed; 70 failed; 1 ignored; 0 measured
blam! 
boom! running `docker rm -f 232aaf1acfc8ea7dde89ba5d60d64b6b25f1d2d9bfa0e555a28e34b352b08967`
blam! 232aaf1acfc8ea7dde89ba5d60d64b6b25f1d2d9bfa0e555a28e34b352b08967
