boom! testing s3lsio-0.1.21 against nightly for nightly
boom! running: cargo +nightly build --frozen
boom! creating container for: cargo +nightly build --frozen
boom! running `docker create -v /home/ec2-user/cargobomb/./work/local/test-source/nightly/nightly:/source:ro -v /home/ec2-user/cargobomb/./work/local/cargo-home:/cargo-home:ro -v /home/ec2-user/cargobomb/./work/local/rustup-home:/rustup-home:ro -v /home/ec2-user/cargobomb/./work/local/target-dirs/nightly/nightly:/target:rw -e USER_ID=500 -e CMD=cargo +nightly build --frozen cargobomb`
blam! 8a28a743c74c6525eddfa248adc5b134bcb54468a469f82c4d4103c0a7463156
boom! running `docker start -a 8a28a743c74c6525eddfa248adc5b134bcb54468a469f82c4d4103c0a7463156`
kablam!    Compiling lsio v0.1.16
kablam!    Compiling openssl-sys-extras v0.7.14
kablam!    Compiling openssl v0.7.14
blam! Build failed, waiting for other jobs to finish...
kablam! error: failed to run custom build command for `openssl-sys-extras v0.7.14`
kablam! process didn't exit successfully: `/target/debug/build/openssl-sys-extras-f9e8037051c16bfa/build-script-build` (exit code: 101)
kablam! --- stdout
kablam! TARGET = Some("x86_64-unknown-linux-gnu")
kablam! OPT_LEVEL = Some("0")
kablam! TARGET = Some("x86_64-unknown-linux-gnu")
kablam! HOST = Some("x86_64-unknown-linux-gnu")
kablam! TARGET = Some("x86_64-unknown-linux-gnu")
kablam! TARGET = Some("x86_64-unknown-linux-gnu")
kablam! HOST = Some("x86_64-unknown-linux-gnu")
kablam! CC_x86_64-unknown-linux-gnu = None
kablam! CC_x86_64_unknown_linux_gnu = None
kablam! HOST_CC = None
kablam! CC = None
kablam! HOST = Some("x86_64-unknown-linux-gnu")
kablam! TARGET = Some("x86_64-unknown-linux-gnu")
kablam! HOST = Some("x86_64-unknown-linux-gnu")
kablam! CFLAGS_x86_64-unknown-linux-gnu = None
kablam! CFLAGS_x86_64_unknown_linux_gnu = None
kablam! HOST_CFLAGS = None
kablam! CFLAGS = None
kablam! PROFILE = Some("debug")
kablam! running: "cc" "-O0" "-ffunction-sections" "-fdata-sections" "-fPIC" "-g" "-m64" "-o" "/target/debug/build/openssl-sys-extras-8e2dc543f8892677/out/src/openssl_shim.o" "-c" "src/openssl_shim.c"
kablam! cargo:warning=src/openssl_shim.c:1:26: fatal error: openssl/hmac.h: No such file or directory
kablam! cargo:warning=compilation terminated.
kablam! ExitStatus(ExitStatus(256))
kablam! 
kablam! 
kablam! command did not execute successfully, got: exit code: 1
kablam! 
kablam! 
kablam! 
kablam! --- stderr
kablam! thread 'main' panicked at 'explicit panic', /cargo-home/registry/src/github.com-1ecc6299db9ec823/gcc-0.3.43/src/lib.rs:1127
kablam! note: Run with `RUST_BACKTRACE=1` for a backtrace.
kablam! 
kablam! error: failed to run custom build command for `openssl v0.7.14`
kablam! process didn't exit successfully: `/target/debug/build/openssl-f2d87cfdc2e2aa2f/build-script-build` (exit code: 101)
kablam! --- stdout
kablam! TARGET = Some("x86_64-unknown-linux-gnu")
kablam! OPT_LEVEL = Some("0")
kablam! TARGET = Some("x86_64-unknown-linux-gnu")
kablam! HOST = Some("x86_64-unknown-linux-gnu")
kablam! TARGET = Some("x86_64-unknown-linux-gnu")
kablam! TARGET = Some("x86_64-unknown-linux-gnu")
kablam! HOST = Some("x86_64-unknown-linux-gnu")
kablam! CC_x86_64-unknown-linux-gnu = None
kablam! CC_x86_64_unknown_linux_gnu = None
kablam! HOST_CC = None
kablam! CC = None
kablam! HOST = Some("x86_64-unknown-linux-gnu")
kablam! TARGET = Some("x86_64-unknown-linux-gnu")
kablam! HOST = Some("x86_64-unknown-linux-gnu")
blam! Build failed, waiting for other jobs to finish...
kablam! CFLAGS_x86_64-unknown-linux-gnu = None
kablam! CFLAGS_x86_64_unknown_linux_gnu = None
kablam! HOST_CFLAGS = None
kablam! CFLAGS = None
kablam! PROFILE = Some("debug")
kablam! running: "cc" "-O0" "-ffunction-sections" "-fdata-sections" "-fPIC" "-g" "-m64" "-o" "/target/debug/build/openssl-1d3ea894fa03cc5a/out/src/c_helpers.o" "-c" "src/c_helpers.c"
kablam! cargo:warning=src/c_helpers.c:1:25: fatal error: openssl/ssl.h: No such file or directory
kablam! cargo:warning=compilation terminated.
kablam! ExitStatus(ExitStatus(256))
kablam! 
kablam! 
kablam! command did not execute successfully, got: exit code: 1
kablam! 
kablam! 
kablam! 
kablam! --- stderr
kablam! thread 'main' panicked at 'explicit panic', /cargo-home/registry/src/github.com-1ecc6299db9ec823/gcc-0.3.43/src/lib.rs:1127
kablam! note: Run with `RUST_BACKTRACE=1` for a backtrace.
kablam! 
kablam! error[E0277]: the trait bound `&&[std::string::String]: std::iter::Iterator` is not satisfied
kablam!   --> /cargo-home/registry/src/github.com-1ecc6299db9ec823/lsio-0.1.16/src/commands.rs:35:45
kablam!    |
kablam! 35 |             output = try!(Command::new(cmd).args(&args).output());
kablam!    |                                             ^^^^ the trait `std::iter::Iterator` is not implemented for `&&[std::string::String]`
kablam!    |
kablam!    = note: `&&[std::string::String]` is not an iterator; maybe try calling `.iter()` or a similar method
kablam!    = note: required because of the requirements on the impl of `std::iter::IntoIterator` for `&&[std::string::String]`
kablam! 
kablam! error: aborting due to previous error
kablam! 
kablam! error: build failed
boom! running `docker rm -f 8a28a743c74c6525eddfa248adc5b134bcb54468a469f82c4d4103c0a7463156`
blam! 8a28a743c74c6525eddfa248adc5b134bcb54468a469f82c4d4103c0a7463156
