boom! testing encryptfile-0.1.3 against stable for nightly
boom! running: cargo +stable build --frozen
boom! creating container for: cargo +stable build --frozen
boom! running `docker create -v /home/ec2-user/cargobomb/./work/local/test-source/nightly/stable:/source:ro -v /home/ec2-user/cargobomb/./work/local/cargo-home:/cargo-home:ro -v /home/ec2-user/cargobomb/./work/local/rustup-home:/rustup-home:ro -v /home/ec2-user/cargobomb/./work/local/target-dirs/nightly/stable:/target:rw -e USER_ID=500 -e CMD=cargo +stable build --frozen cargobomb`
blam! 9af64a7aca12e50e2014a167be21612f367c6a62c32a645e3ad15ecdf8d05822
boom! running `docker start -a 9af64a7aca12e50e2014a167be21612f367c6a62c32a645e3ad15ecdf8d05822`
kablam!    Compiling encryptfile v0.1.3 (file:///source)
kablam! warning: unused import: `Read`, #[warn(unused_imports)] on by default
kablam!   --> src/lib.rs:77:15
kablam!    |
kablam! 77 | use std::io::{Read, Write};
kablam!    |               ^^^^
kablam! 
kablam! warning: unused import: `Write`, #[warn(unused_imports)] on by default
kablam!   --> src/lib.rs:77:21
kablam!    |
kablam! 77 | use std::io::{Read, Write};
kablam!    |                     ^^^^^
kablam! 
kablam!     Finished debug [unoptimized + debuginfo] target(s) in 2.5 secs
boom! running `docker rm -f 9af64a7aca12e50e2014a167be21612f367c6a62c32a645e3ad15ecdf8d05822`
blam! 9af64a7aca12e50e2014a167be21612f367c6a62c32a645e3ad15ecdf8d05822
boom! running: cargo +stable test --frozen --no-run
boom! creating container for: cargo +stable test --frozen --no-run
boom! running `docker create -v /home/ec2-user/cargobomb/./work/local/test-source/nightly/stable:/source:ro -v /home/ec2-user/cargobomb/./work/local/cargo-home:/cargo-home:ro -v /home/ec2-user/cargobomb/./work/local/rustup-home:/rustup-home:ro -v /home/ec2-user/cargobomb/./work/local/target-dirs/nightly/stable:/target:rw -e USER_ID=500 -e CMD=cargo +stable test --frozen --no-run cargobomb`
blam! 9923bf6729d50a21fff473f69c802d095d35904f668b2c6fdf9a7b0795045c5b
boom! running `docker start -a 9923bf6729d50a21fff473f69c802d095d35904f668b2c6fdf9a7b0795045c5b`
kablam!    Compiling encryptfile v0.1.3 (file:///source)
kablam! warning: unused import: `Read`, #[warn(unused_imports)] on by default
kablam!   --> src/lib.rs:77:15
kablam!    |
kablam! 77 | use std::io::{Read, Write};
kablam!    |               ^^^^
kablam! 
kablam! warning: unused import: `Write`, #[warn(unused_imports)] on by default
kablam!   --> src/lib.rs:77:21
kablam!    |
kablam! 77 | use std::io::{Read, Write};
kablam!    |                     ^^^^^
kablam! 
kablam!     Finished debug [unoptimized + debuginfo] target(s) in 3.34 secs
boom! running `docker rm -f 9923bf6729d50a21fff473f69c802d095d35904f668b2c6fdf9a7b0795045c5b`
blam! 9923bf6729d50a21fff473f69c802d095d35904f668b2c6fdf9a7b0795045c5b
boom! running: cargo +stable test --frozen
boom! creating container for: cargo +stable test --frozen
boom! running `docker create -v /home/ec2-user/cargobomb/./work/local/test-source/nightly/stable:/source:ro -v /home/ec2-user/cargobomb/./work/local/cargo-home:/cargo-home:ro -v /home/ec2-user/cargobomb/./work/local/rustup-home:/rustup-home:ro -v /home/ec2-user/cargobomb/./work/local/target-dirs/nightly/stable:/target:rw -e USER_ID=500 -e CMD=cargo +stable test --frozen cargobomb`
blam! 7dc6fb143e19516ae942cd1c125e1835563f4ed00678dd652791a69ea6db0114
boom! running `docker start -a 7dc6fb143e19516ae942cd1c125e1835563f4ed00678dd652791a69ea6db0114`
kablam!     Finished debug [unoptimized + debuginfo] target(s) in 0.0 secs
kablam!      Running /target/debug/deps/encryptfile-40fa46c168bf89de
blam! 
blam! running 14 tests
blam! test config::validate ... ok
blam! test config::derived_key ... ok
blam! test crypt::tests::crypt_basic ... ok
blam! test crypt::tests::crypt_change_data ... ok
blam! test crypt::tests::crypt_change_iv ... ok
blam! test crypt::tests::crypt_change_hmac ... ok
blam! test crypto_util::tests::crypto_util_state ... ok
blam! test crypt::tests::crypt_overwrite ... ok
blam! test tests::get_iv_generate ... ok
blam! test tests::get_iv_variants ... ok
blam! test crypt::tests::crypt_no_key_metadata ... ok
blam! test tests::get_pwkey_variants ... ok
blam! test crypt::tests::crypt_wrong_pw ... ok
blam! test tests::get_pwkey_scrypt ... ok
blam! 
blam! test result: ok. 14 passed; 0 failed; 0 ignored; 0 measured
blam! 
kablam!    Doc-tests encryptfile
blam! 
blam! running 1 test
blam! test _0 ... FAILED
blam! 
blam! failures:
blam! 
blam! ---- _0 stdout ----
blam! 	thread '_0' panicked at 'test executable failed:
blam! 
blam! thread 'main' panicked at 'error encrypting: IoError(Error { repr: Os { code: 2, message: "No such file or directory" } })', <anon>:15
blam! note: Run with `RUST_BACKTRACE=1` for a backtrace.
blam! ', /buildslave/rust-buildbot/slave/stable-dist-rustc-linux/build/src/librustdoc/test.rs:301
blam! note: Run with `RUST_BACKTRACE=1` for a backtrace.
blam! 
blam! 
blam! failures:
blam!     _0
blam! 
blam! test result: FAILED. 0 passed; 1 failed; 0 ignored; 0 measured
blam! 
kablam! error: test failed
boom! running `docker rm -f 7dc6fb143e19516ae942cd1c125e1835563f4ed00678dd652791a69ea6db0114`
blam! 7dc6fb143e19516ae942cd1c125e1835563f4ed00678dd652791a69ea6db0114
