boom! testing https://github.com/japaric/svd2rust#0337b617726815761f7a44049b5304c1beb344b2 against stable for nightly
boom! running: cargo +stable build --frozen
boom! creating container for: cargo +stable build --frozen
boom! running `docker create -v /home/ec2-user/cargobomb/./work/local/test-source/nightly/stable:/source:ro -v /home/ec2-user/cargobomb/./work/local/cargo-home:/cargo-home:ro -v /home/ec2-user/cargobomb/./work/local/rustup-home:/rustup-home:ro -v /home/ec2-user/cargobomb/./work/local/target-dirs/nightly/stable:/target:rw -e USER_ID=500 -e CMD=cargo +stable build --frozen cargobomb`
blam! da67d314d60c6e4736fc366cf91f075d81a20052f9aa54785d22279e99ad7f0f
boom! running `docker start -a da67d314d60c6e4736fc366cf91f075d81a20052f9aa54785d22279e99ad7f0f`
kablam!    Compiling svd2rust v0.4.0 (file:///source)
kablam!    Compiling xmltree v0.3.2
kablam!    Compiling clap v2.20.5
kablam!    Compiling backtrace-sys v0.1.10
kablam!    Compiling backtrace v0.3.0
kablam!    Compiling svd-parser v0.4.0
kablam!    Compiling error-chain v0.10.0
kablam!     Finished dev [unoptimized + debuginfo] target(s) in 36.56 secs
boom! running `docker rm -f da67d314d60c6e4736fc366cf91f075d81a20052f9aa54785d22279e99ad7f0f`
blam! da67d314d60c6e4736fc366cf91f075d81a20052f9aa54785d22279e99ad7f0f
boom! running: cargo +stable test --frozen --no-run
boom! creating container for: cargo +stable test --frozen --no-run
boom! running `docker create -v /home/ec2-user/cargobomb/./work/local/test-source/nightly/stable:/source:ro -v /home/ec2-user/cargobomb/./work/local/cargo-home:/cargo-home:ro -v /home/ec2-user/cargobomb/./work/local/rustup-home:/rustup-home:ro -v /home/ec2-user/cargobomb/./work/local/target-dirs/nightly/stable:/target:rw -e USER_ID=500 -e CMD=cargo +stable test --frozen --no-run cargobomb`
blam! 1751f0545807d876b14f4d44b38db5080cb23d3f0fbd5a577496db5ed7c4cd7d
boom! running `docker start -a 1751f0545807d876b14f4d44b38db5080cb23d3f0fbd5a577496db5ed7c4cd7d`
kablam!    Compiling svd2rust v0.4.0 (file:///source)
kablam!     Finished dev [unoptimized + debuginfo] target(s) in 6.69 secs
boom! running `docker rm -f 1751f0545807d876b14f4d44b38db5080cb23d3f0fbd5a577496db5ed7c4cd7d`
blam! 1751f0545807d876b14f4d44b38db5080cb23d3f0fbd5a577496db5ed7c4cd7d
boom! running: cargo +stable test --frozen
boom! creating container for: cargo +stable test --frozen
boom! running `docker create -v /home/ec2-user/cargobomb/./work/local/test-source/nightly/stable:/source:ro -v /home/ec2-user/cargobomb/./work/local/cargo-home:/cargo-home:ro -v /home/ec2-user/cargobomb/./work/local/rustup-home:/rustup-home:ro -v /home/ec2-user/cargobomb/./work/local/target-dirs/nightly/stable:/target:rw -e USER_ID=500 -e CMD=cargo +stable test --frozen cargobomb`
blam! eafb607d098ba33d457124f602235f532eded510247b4d09d518687f356a5e66
boom! running `docker start -a eafb607d098ba33d457124f602235f532eded510247b4d09d518687f356a5e66`
kablam!     Finished dev [unoptimized + debuginfo] target(s) in 0.0 secs
kablam!      Running /target/debug/deps/svd2rust-0c379bdb8f09931d
blam! 
blam! running 0 tests
blam! 
blam! test result: ok. 0 passed; 0 failed; 0 ignored; 0 measured
blam! 
kablam!      Running /target/debug/deps/svd2rust-b555e073d8c927b4
blam! 
blam! running 0 tests
blam! 
blam! test result: ok. 0 passed; 0 failed; 0 ignored; 0 measured
blam! 
kablam!    Doc-tests svd2rust
blam! 
blam! running 21 tests
blam! test _1 ... FAILED
blam! test _0 ... FAILED
blam! test _10 ... FAILED
blam! test _12 ... FAILED
blam! test _11 ... FAILED
blam! test _16 ... FAILED
blam! test _17 ... FAILED
blam! test _13 ... FAILED
blam! test _19 ... FAILED
blam! test _2 ... FAILED
blam! test _14 ... FAILED
blam! test _15 ... FAILED
blam! test _18 ... FAILED
blam! test _4 ... FAILED
blam! test _20 ... FAILED
blam! test _6 ... FAILED
blam! test _3 ... FAILED
blam! test _5 ... FAILED
blam! test _7 ... FAILED
blam! test _8 ... FAILED
blam! test _9 ... FAILED
blam! 
blam! failures:
blam! 
blam! ---- _1 stdout ----
blam! 	error: expected expression, found `$`
blam!  --> <anon>:2:1
blam!   |
blam! 2 | $ svd2rust -i STM32F30x.svd | tee src/lib.rs
blam!   | ^
blam! 
blam! error: expected item, found `..`
blam!   --> <anon>:17:5
blam!    |
blam! 17 |     ..
blam!    |     ^^
blam! 
blam! error: expected identifier, found `..`
blam!   --> <anon>:28:9
blam!    |
blam! 28 |         ..
blam!    |         ^^
blam! 
blam! error: aborting due to previous error(s)
blam! 
blam! thread 'rustc' panicked at 'Box<Any>', /buildslave/rust-buildbot/slave/stable-dist-rustc-linux/build/src/librustc/session/mod.rs:203
blam! note: Run with `RUST_BACKTRACE=1` for a backtrace.
blam! 
blam! ---- _0 stdout ----
blam! 	error: expected expression, found `$`
blam!  --> <anon>:3:1
blam!   |
blam! 3 | $ cargo install svd2rust
blam!   | ^
blam! 
blam! error: aborting due to previous error(s)
blam! 
blam! thread 'rustc' panicked at 'Box<Any>', /buildslave/rust-buildbot/slave/stable-dist-rustc-linux/build/src/librustc/session/mod.rs:203
blam! 
blam! ---- _10 stdout ----
blam! 	error[E0425]: cannot find value `gpioa` in this scope
blam!  --> <anon>:2:4
blam!   |
blam! 2 | if gpioa.dir.read().pin0() == gpio::dir::Pin0R::Input {
blam!   |    ^^^^^ not found in this scope
blam! 
blam! error[E0433]: failed to resolve. Use of undeclared type or module `gpio`
blam!  --> <anon>:2:31
blam!   |
blam! 2 | if gpioa.dir.read().pin0() == gpio::dir::Pin0R::Input {
blam!   |                               ^^^^^^^^^^^^^^^^^^^^^^^ Use of undeclared type or module `gpio`
blam! 
blam! error[E0308]: mismatched types
blam!  --> <anon>:3:5
blam!   |
blam! 3 |     ..
blam!   |     --
blam!   |     |
blam!   |     expected (), found struct `std::ops::RangeFull`
blam!   |     in this macro invocation
blam!   |
blam!   = note: expected type `()`
blam!              found type `std::ops::RangeFull`
blam! 
blam! error: aborting due to previous error(s)
blam! 
blam! thread 'rustc' panicked at 'Box<Any>', /buildslave/rust-buildbot/slave/stable-dist-rustc-linux/build/src/librustc/session/mod.rs:203
blam! 
blam! ---- _12 stdout ----
blam! 	error[E0425]: cannot find value `gpioa` in this scope
blam!  --> <anon>:2:4
blam!   |
blam! 2 | if gpioa.dir.read().pin0().bits() == 0 {
blam!   |    ^^^^^ not found in this scope
blam! 
blam! error[E0308]: mismatched types
blam!  --> <anon>:3:5
blam!   |
blam! 3 |     ..
blam!   |     --
blam!   |     |
blam!   |     expected (), found struct `std::ops::RangeFull`
blam!   |     in this macro invocation
blam!   |
blam!   = note: expected type `()`
blam!              found type `std::ops::RangeFull`
blam! 
blam! error: aborting due to previous error(s)
blam! 
blam! thread 'rustc' panicked at 'Box<Any>', /buildslave/rust-buildbot/slave/stable-dist-rustc-linux/build/src/librustc/session/mod.rs:203
blam! 
blam! ---- _11 stdout ----
blam! 	error[E0425]: cannot find value `gpioa` in this scope
blam!  --> <anon>:2:4
blam!   |
blam! 2 | if gpioa.dir.read().pin0().is_input() {
blam!   |    ^^^^^ not found in this scope
blam! 
blam! error[E0425]: cannot find value `gpioa` in this scope
blam!  --> <anon>:6:4
blam!   |
blam! 6 | if gpioa.dir.read().pin0().is_output() {
blam!   |    ^^^^^ not found in this scope
blam! 
blam! error[E0308]: mismatched types
blam!  --> <anon>:3:5
blam!   |
blam! 3 |     ..
blam!   |     --
blam!   |     |
blam!   |     expected (), found struct `std::ops::RangeFull`
blam!   |     in this macro invocation
blam!   |
blam!   = note: expected type `()`
blam!              found type `std::ops::RangeFull`
blam! 
blam! error[E0308]: mismatched types
blam!  --> <anon>:7:5
blam!   |
blam! 7 |     ..
blam!   |     --
blam!   |     |
blam!   |     expected (), found struct `std::ops::RangeFull`
blam!   |     in this macro invocation
blam!   |
blam!   = note: expected type `()`
blam!              found type `std::ops::RangeFull`
blam! 
blam! error: aborting due to previous error(s)
blam! 
blam! thread 'rustc' panicked at 'Box<Any>', /buildslave/rust-buildbot/slave/stable-dist-rustc-linux/build/src/librustc/session/mod.rs:203
blam! 
blam! ---- _16 stdout ----
blam! 	error: expected identifier, found `..`
blam!   --> <anon>:10:9
blam!    |
blam! 10 |         ..
blam!    |         ^^
blam! 
blam! error: expected item, found `}`
blam!   --> <anon>:19:1
blam!    |
blam! 19 | }
blam!    | ^
blam! 
blam! error: aborting due to previous error(s)
blam! 
blam! thread 'rustc' panicked at 'Box<Any>', /buildslave/rust-buildbot/slave/stable-dist-rustc-linux/build/src/librustc/session/mod.rs:203
blam! 
blam! ---- _17 stdout ----
blam! 	error: expected one of `.`, `;`, `?`, or an operator, found `<eof>`
blam!  --> <anon>:9:1
blam!   |
blam! 9 | }
blam!   | ^
blam! 
blam! error: aborting due to previous error(s)
blam! 
blam! thread 'rustc' panicked at 'Box<Any>', /buildslave/rust-buildbot/slave/stable-dist-rustc-linux/build/src/librustc/session/mod.rs:203
blam! 
blam! ---- _13 stdout ----
blam! 	error[E0425]: cannot find value `gpioa` in this scope
blam!  --> <anon>:3:1
blam!   |
blam! 3 | gpioa.dir.write(|w| w.pin0().variant(gpio::dir::Pin0W::Output));
blam!   | ^^^^^ not found in this scope
blam! 
blam! error[E0433]: failed to resolve. Use of undeclared type or module `gpio`
blam!  --> <anon>:3:38
blam!   |
blam! 3 | gpioa.dir.write(|w| w.pin0().variant(gpio::dir::Pin0W::Output));
blam!   |                                      ^^^^^^^^^^^^^^^^^^^^^^^^ Use of undeclared type or module `gpio`
blam! 
blam! error: aborting due to previous error(s)
blam! 
blam! thread 'rustc' panicked at 'Box<Any>', /buildslave/rust-buildbot/slave/stable-dist-rustc-linux/build/src/librustc/session/mod.rs:203
blam! 
blam! ---- _19 stdout ----
blam! 	error: expected identifier, found `..`
blam!  --> <anon>:7:9
blam!   |
blam! 7 |         ..
blam!   |         ^^
blam! 
blam! error: expected item, found `}`
blam!   --> <anon>:10:1
blam!    |
blam! 10 | }
blam!    | ^
blam! 
blam! error: aborting due to previous error(s)
blam! 
blam! thread 'rustc' panicked at 'Box<Any>', /buildslave/rust-buildbot/slave/stable-dist-rustc-linux/build/src/librustc/session/mod.rs:203
blam! 
blam! ---- _2 stdout ----
blam! 	error: unexpected close delimiter: `}`
blam!   --> <anon>:30:1
blam!    |
blam! 30 | }
blam!    | ^
blam! 
blam! thread 'rustc' panicked at 'Box<Any>', /buildslave/rust-buildbot/slave/stable-dist-rustc-linux/build/src/libsyntax/parse/mod.rs:225
blam! thread 'rustc' panicked at 'couldn't compile the test', /buildslave/rust-buildbot/slave/stable-dist-rustc-linux/build/src/librustdoc/test.rs:265
blam! 
blam! ---- _14 stdout ----
blam! 	error[E0425]: cannot find value `gpioa` in this scope
blam!  --> <anon>:2:1
blam!   |
blam! 2 | gpioa.dir.write(|w| w.pin0().output());
blam!   | ^^^^^ not found in this scope
blam! 
blam! error: aborting due to previous error(s)
blam! 
blam! thread 'rustc' panicked at 'Box<Any>', /buildslave/rust-buildbot/slave/stable-dist-rustc-linux/build/src/librustc/session/mod.rs:203
blam! 
blam! ---- _15 stdout ----
blam! 	error[E0425]: cannot find value `gpioa` in this scope
blam!  --> <anon>:3:1
blam!   |
blam! 3 | gpioa.dir.write(|w| w.pin0().bits(1));
blam!   | ^^^^^ not found in this scope
blam! 
blam! error: aborting due to previous error(s)
blam! 
blam! thread 'rustc' panicked at 'Box<Any>', /buildslave/rust-buildbot/slave/stable-dist-rustc-linux/build/src/librustc/session/mod.rs:203
blam! 
blam! ---- _18 stdout ----
blam! 	error: expected identifier, found `.`
blam!  --> <anon>:4:5
blam!   |
blam! 4 |     .text ORIGIN(FLASH) :
blam!   |     ^
blam! 
kablam! error: test failed
blam! error[E0422]: cannot find struct, variant or union type `SECTIONS` in this scope
blam!  --> <anon>:2:1
blam!   |
blam! 2 | SECTIONS
blam!   | ^^^^^^^^ not found in this scope
blam! 
blam! error: aborting due to previous error(s)
blam! 
blam! thread 'rustc' panicked at 'Box<Any>', /buildslave/rust-buildbot/slave/stable-dist-rustc-linux/build/src/librustc/session/mod.rs:203
blam! 
blam! ---- _4 stdout ----
blam! 	error: expected one of `const`, `default`, `extern`, `fn`, `pub`, `type`, `unsafe`, or `}`, found `(`
blam!   --> <anon>:10:5
blam!    |
blam! 10 |     (..)
blam!    |     ^
blam! 
blam! error: expected item, found `}`
blam!   --> <anon>:12:1
blam!    |
blam! 12 | }
blam!    | ^
blam! 
blam! error: aborting due to previous error(s)
blam! 
blam! thread 'rustc' panicked at 'Box<Any>', /buildslave/rust-buildbot/slave/stable-dist-rustc-linux/build/src/librustc/session/mod.rs:203
blam! 
blam! ---- _20 stdout ----
blam! 	error[E0433]: failed to resolve. Use of undeclared type or module `interrupt`
blam!  --> <anon>:2:1
blam!   |
blam! 2 | interrupt::free(|cs| {
blam!   | ^^^^^^^^^^^^^^^ Use of undeclared type or module `interrupt`
blam! 
blam! error[E0425]: cannot find value `NVIC` in this scope
blam!  --> <anon>:3:5
blam!   |
blam! 3 |     NVIC.borrow(&cs).enable(Interrupt::Tim3);
blam!   |     ^^^^ not found in this scope
blam! 
blam! error[E0433]: failed to resolve. Use of undeclared type or module `Interrupt`
blam!  --> <anon>:3:29
blam!   |
blam! 3 |     NVIC.borrow(&cs).enable(Interrupt::Tim3);
blam!   |                             ^^^^^^^^^^^^^^^ Use of undeclared type or module `Interrupt`
blam! 
blam! error[E0425]: cannot find value `NVIC` in this scope
blam!  --> <anon>:4:5
blam!   |
blam! 4 |     NVIC.borrow(&cs).enable(Interrupt::Tim7);
blam!   |     ^^^^ not found in this scope
blam! 
blam! error[E0433]: failed to resolve. Use of undeclared type or module `Interrupt`
blam!  --> <anon>:4:29
blam!   |
blam! 4 |     NVIC.borrow(&cs).enable(Interrupt::Tim7);
blam!   |                             ^^^^^^^^^^^^^^^ Use of undeclared type or module `Interrupt`
blam! 
blam! error: aborting due to previous error(s)
blam! 
blam! thread 'rustc' panicked at 'Box<Any>', /buildslave/rust-buildbot/slave/stable-dist-rustc-linux/build/src/librustc/session/mod.rs:203
blam! 
blam! ---- _6 stdout ----
blam! 	error[E0412]: cannot find type `Cr2W` in this scope
blam!  --> <anon>:2:6
blam!   |
blam! 2 | impl Cr2W {
blam!   |      ^^^^ not found in this scope
blam! 
blam! error[E0422]: cannot find struct, variant or union type `Cr2W` in this scope
blam!  --> <anon>:5:9
blam!   |
blam! 5 |         Cr2W { bits: 0 }
blam!   |         ^^^^ not found in this scope
blam! 
blam! error[E0412]: cannot find type `_Sadd1W` in this scope
blam!  --> <anon>:9:32
blam!   |
blam! 9 |     pub fn sadd1(&mut self) -> _Sadd1W { .. }
blam!   |                                ^^^^^^^ not found in this scope
blam! 
blam! error[E0412]: cannot find type `_Sadd0` in this scope
blam!   --> <anon>:12:32
blam!    |
blam! 12 |     pub fn sadd0(&mut self) -> _Sadd0 { .. }
blam!    |                                ^^^^^^ not found in this scope
blam! 
blam! error: aborting due to previous error(s)
blam! 
blam! thread 'rustc' panicked at 'Box<Any>', /buildslave/rust-buildbot/slave/stable-dist-rustc-linux/build/src/librustc/session/mod.rs:203
blam! 
blam! ---- _3 stdout ----
blam! 	error[E0412]: cannot find type `Cr2` in this scope
blam!  --> <anon>:2:6
blam!   |
blam! 2 | impl Cr2 {
blam!   |      ^^^ not found in this scope
blam! 
blam! error[E0412]: cannot find type `R` in this scope
blam!  --> <anon>:6:28
blam!   |
blam! 6 |         for<'w> F: FnOnce(&R, &'w mut W) -> &'w mut W
blam!   |                            ^ did you mean `F`?
blam! 
blam! error[E0412]: cannot find type `W` in this scope
blam!  --> <anon>:6:39
blam!   |
blam! 6 |         for<'w> F: FnOnce(&R, &'w mut W) -> &'w mut W
blam!   |                                       ^ did you mean `F`?
blam! 
blam! error[E0412]: cannot find type `W` in this scope
blam!  --> <anon>:6:53
blam!   |
blam! 6 |         for<'w> F: FnOnce(&R, &'w mut W) -> &'w mut W
blam!   |                                                     ^ did you mean `F`?
blam! 
blam! error[E0412]: cannot find type `R` in this scope
blam!   --> <anon>:12:27
blam!    |
blam! 12 |     pub fn read(&self) -> R { .. }
blam!    |                           ^ not found in this scope
blam! 
blam! error[E0412]: cannot find type `W` in this scope
blam!   --> <anon>:17:24
blam!    |
blam! 17 |         F: FnOnce(&mut W) -> &mut W,
blam!    |                        ^ did you mean `F`?
blam! 
blam! error[E0412]: cannot find type `W` in this scope
blam!   --> <anon>:17:35
blam!    |
blam! 17 |         F: FnOnce(&mut W) -> &mut W,
blam!    |                                   ^ did you mean `F`?
blam! 
blam! error[E0308]: mismatched types
blam!  --> <anon>:8:9
blam!   |
blam! 8 |         ..
blam!   |         --
blam!   |         |
blam!   |         expected (), found struct `std::ops::RangeFull`
blam!   |         in this macro invocation
blam!   |
blam!   = note: expected type `()`
blam!              found type `std::ops::RangeFull`
blam! 
blam! error[E0308]: mismatched types
blam!   --> <anon>:19:9
blam!    |
blam! 19 |         ..
blam!    |         --
blam!    |         |
blam!    |         expected (), found struct `std::ops::RangeFull`
blam!    |         in this macro invocation
blam!    |
blam!    = note: expected type `()`
blam!               found type `std::ops::RangeFull`
blam! 
blam! error: aborting due to previous error(s)
blam! 
blam! thread 'rustc' panicked at 'Box<Any>', /buildslave/rust-buildbot/slave/stable-dist-rustc-linux/build/src/librustc/session/mod.rs:203
blam! 
blam! ---- _5 stdout ----
blam! 	error[E0425]: cannot find value `i2c1` in this scope
blam!  --> <anon>:3:4
blam!   |
blam! 3 | if i2c1.c2r.read().sadd0().bits() == 1 {
blam!   |    ^^^^ not found in this scope
blam! 
blam! error: aborting due to previous error(s)
blam! 
blam! thread 'rustc' panicked at 'Box<Any>', /buildslave/rust-buildbot/slave/stable-dist-rustc-linux/build/src/librustc/session/mod.rs:203
blam! 
blam! ---- _7 stdout ----
blam! 	error[E0425]: cannot find value `i2c1` in this scope
blam!  --> <anon>:5:1
blam!   |
blam! 5 | i2c1.cr2.write(|w| unsafe { w.sadd0().bits(1).sadd1().bits(0b0011110) });
blam!   | ^^^^ not found in this scope
blam! 
blam! error: aborting due to previous error(s)
blam! 
blam! thread 'rustc' panicked at 'Box<Any>', /buildslave/rust-buildbot/slave/stable-dist-rustc-linux/build/src/librustc/session/mod.rs:203
blam! 
blam! ---- _8 stdout ----
blam! 	error[E0425]: cannot find value `i2c1` in this scope
blam!  --> <anon>:3:1
blam!   |
blam! 3 | i2c1.cr2.modify(|_, w| unsafe { w.start().bits(1) });
blam!   | ^^^^ not found in this scope
blam! 
blam! error[E0425]: cannot find value `i2c1` in this scope
blam!  --> <anon>:6:1
blam!   |
blam! 6 | i2c1.cr2.modify(|r, w| w.stop().bits(r.stop().bits() ^ 1));
blam!   | ^^^^ not found in this scope
blam! 
blam! error: aborting due to previous error(s)
blam! 
blam! thread 'rustc' panicked at 'Box<Any>', /buildslave/rust-buildbot/slave/stable-dist-rustc-linux/build/src/librustc/session/mod.rs:203
blam! 
blam! ---- _9 stdout ----
blam! 	error[E0425]: cannot find value `gpioa` in this scope
blam!  --> <anon>:2:7
blam!   |
blam! 2 | match gpioa.dir.read().pin0() {
blam!   |       ^^^^^ not found in this scope
blam! 
blam! error[E0433]: failed to resolve. Use of undeclared type or module `gpioa`
blam!  --> <anon>:3:5
blam!   |
blam! 3 |     gpioa::dir::Pin0R::Input => { .. },
blam!   |     ^^^^^^^^^^^^^^^^^^^^^^^^ Use of undeclared type or module `gpioa`
blam! 
blam! error[E0433]: failed to resolve. Use of undeclared type or module `gpioa`
blam!  --> <anon>:4:5
blam!   |
blam! 4 |     gpioa::dir::Pin0R::Output => { .. },
blam!   |     ^^^^^^^^^^^^^^^^^^^^^^^^^ Use of undeclared type or module `gpioa`
blam! 
blam! error[E0308]: mismatched types
blam!  --> <anon>:3:35
blam!   |
blam! 3 |     gpioa::dir::Pin0R::Input => { .. },
blam!   |                                   --
blam!   |                                   |
blam!   |                                   expected (), found struct `std::ops::RangeFull`
blam!   |                                   in this macro invocation
blam!   |
blam!   = note: expected type `()`
blam!              found type `std::ops::RangeFull`
blam! 
blam! error[E0308]: mismatched types
blam!  --> <anon>:4:36
blam!   |
blam! 4 |     gpioa::dir::Pin0R::Output => { .. },
blam!   |                                    --
blam!   |                                    |
blam!   |                                    expected (), found struct `std::ops::RangeFull`
blam!   |                                    in this macro invocation
blam!   |
blam!   = note: expected type `()`
blam!              found type `std::ops::RangeFull`
blam! 
blam! error: aborting due to previous error(s)
blam! 
blam! thread 'rustc' panicked at 'Box<Any>', /buildslave/rust-buildbot/slave/stable-dist-rustc-linux/build/src/librustc/session/mod.rs:203
blam! 
blam! 
blam! failures:
blam!     _0
blam!     _1
blam!     _10
blam!     _11
blam!     _12
blam!     _13
blam!     _14
blam!     _15
blam!     _16
blam!     _17
blam!     _18
blam!     _19
blam!     _2
blam!     _20
blam!     _3
blam!     _4
blam!     _5
blam!     _6
blam!     _7
blam!     _8
blam!     _9
blam! 
blam! test result: FAILED. 0 passed; 21 failed; 0 ignored; 0 measured
blam! 
boom! running `docker rm -f eafb607d098ba33d457124f602235f532eded510247b4d09d518687f356a5e66`
blam! eafb607d098ba33d457124f602235f532eded510247b4d09d518687f356a5e66
