boom! testing nautilus-extension-sys-0.2.0 against stable for nightly
boom! running: cargo +stable build --frozen
boom! creating container for: cargo +stable build --frozen
boom! running `docker create -v /home/ec2-user/cargobomb/./work/local/test-source/nightly/stable:/source:ro -v /home/ec2-user/cargobomb/./work/local/cargo-home:/cargo-home:ro -v /home/ec2-user/cargobomb/./work/local/rustup-home:/rustup-home:ro -v /home/ec2-user/cargobomb/./work/local/target-dirs/nightly/stable:/target:rw -e USER_ID=500 -e CMD=cargo +stable build --frozen cargobomb`
blam! 0139ef58aec249423de9934612f16f3ed0e1799fca480132ce1e437bf8d1bb41
boom! running `docker start -a 0139ef58aec249423de9934612f16f3ed0e1799fca480132ce1e437bf8d1bb41`
kablam!    Compiling nautilus-extension-sys v0.2.0 (file:///source)
kablam!     Finished debug [unoptimized + debuginfo] target(s) in 0.42 secs
boom! running `docker rm -f 0139ef58aec249423de9934612f16f3ed0e1799fca480132ce1e437bf8d1bb41`
blam! 0139ef58aec249423de9934612f16f3ed0e1799fca480132ce1e437bf8d1bb41
boom! running: cargo +stable test --frozen --no-run
boom! creating container for: cargo +stable test --frozen --no-run
boom! running `docker create -v /home/ec2-user/cargobomb/./work/local/test-source/nightly/stable:/source:ro -v /home/ec2-user/cargobomb/./work/local/cargo-home:/cargo-home:ro -v /home/ec2-user/cargobomb/./work/local/rustup-home:/rustup-home:ro -v /home/ec2-user/cargobomb/./work/local/target-dirs/nightly/stable:/target:rw -e USER_ID=500 -e CMD=cargo +stable test --frozen --no-run cargobomb`
blam! e111ebbc93dba260cb0817508eee85016874f044bcd03b6d64da6f5a4a201780
boom! running `docker start -a e111ebbc93dba260cb0817508eee85016874f044bcd03b6d64da6f5a4a201780`
kablam!    Compiling nautilus-extension-sys v0.2.0 (file:///source)
kablam! error: linking with `cc` failed: exit code: 1
kablam!   |
kablam!   = note: "cc" "-Wl,--as-needed" "-Wl,-z,noexecstack" "-m64" "-L" "/rustup-home/toolchains/stable-x86_64-unknown-linux-gnu/lib/rustlib/x86_64-unknown-linux-gnu/lib" "/target/debug/deps/nautilus_extension_sys-58540d9d1ebefd6e.0.o" "-o" "/target/debug/deps/nautilus_extension_sys-58540d9d1ebefd6e" "-Wl,--gc-sections" "-pie" "-nodefaultlibs" "-L" "/target/debug/deps" "-L" "/rustup-home/toolchains/stable-x86_64-unknown-linux-gnu/lib/rustlib/x86_64-unknown-linux-gnu/lib" "-Wl,-Bstatic" "-Wl,-Bdynamic" "-l" "nautilus-extension" "/target/debug/deps/libgtk_sys-6d8d73c42557e4c1.rlib" "/target/debug/deps/libatk_sys-d363d7b2725cb81c.rlib" "/target/debug/deps/libgdk_sys-96b68a7032e8a28c.rlib" "/target/debug/deps/libcairo_sys-ea0f00ff4d5fdd1d.rlib" "/target/debug/deps/libpango_sys-fbbbc9ffa1719f38.rlib" "/target/debug/deps/libgdk_pixbuf_sys-223701ba175f2d04.rlib" "/target/debug/deps/libgio_sys-d0e38cb1b4c01a9b.rlib" "/target/debug/deps/libgobject_sys-52c1159eb60ce36e.rlib" "/target/debug/deps/libglib_sys-13fe40cc78d761ce.rlib" "/target/debug/deps/libbitflags-a2e309ac4b5b98e2.rlib" "/target/debug/deps/liblibc-83c2bd88b43ecde3.rlib" "/rustup-home/toolchains/stable-x86_64-unknown-linux-gnu/lib/rustlib/x86_64-unknown-linux-gnu/lib/libtest-dd7007be8bc832b7.rlib" "/rustup-home/toolchains/stable-x86_64-unknown-linux-gnu/lib/rustlib/x86_64-unknown-linux-gnu/lib/libterm-19e7cee83d8001c7.rlib" "/rustup-home/toolchains/stable-x86_64-unknown-linux-gnu/lib/rustlib/x86_64-unknown-linux-gnu/lib/libgetopts-58bde84252e1d985.rlib" "/rustup-home/toolchains/stable-x86_64-unknown-linux-gnu/lib/rustlib/x86_64-unknown-linux-gnu/lib/libstd-2ddb28df747fcb8c.rlib" "/rustup-home/toolchains/stable-x86_64-unknown-linux-gnu/lib/rustlib/x86_64-unknown-linux-gnu/lib/libpanic_unwind-21709492a058d9ce.rlib" "/rustup-home/toolchains/stable-x86_64-unknown-linux-gnu/lib/rustlib/x86_64-unknown-linux-gnu/lib/libunwind-e19aa6725ab01bfd.rlib" "/rustup-home/toolchains/stable-x86_64-unknown-linux-gnu/lib/rustlib/x86_64-unknown-linux-gnu/lib/librand-99ff2e008613b591.rlib" "/rustup-home/toolchains/stable-x86_64-unknown-linux-gnu/lib/rustlib/x86_64-unknown-linux-gnu/lib/libcollections-e2513aecb8fbb70c.rlib" "/rustup-home/toolchains/stable-x86_64-unknown-linux-gnu/lib/rustlib/x86_64-unknown-linux-gnu/lib/liballoc-f3200ab7e7fe644c.rlib" "/rustup-home/toolchains/stable-x86_64-unknown-linux-gnu/lib/rustlib/x86_64-unknown-linux-gnu/lib/liballoc_jemalloc-e83ac2302b5439a3.rlib" "/rustup-home/toolchains/stable-x86_64-unknown-linux-gnu/lib/rustlib/x86_64-unknown-linux-gnu/lib/liblibc-dba58b8da674d203.rlib" "/rustup-home/toolchains/stable-x86_64-unknown-linux-gnu/lib/rustlib/x86_64-unknown-linux-gnu/lib/libstd_unicode-6d4348bcabf40a71.rlib" "/rustup-home/toolchains/stable-x86_64-unknown-linux-gnu/lib/rustlib/x86_64-unknown-linux-gnu/lib/libcore-9f45c45fdcba4301.rlib" "/rustup-home/toolchains/stable-x86_64-unknown-linux-gnu/lib/rustlib/x86_64-unknown-linux-gnu/lib/libcompiler_builtins-b4ef8c9d93bc879a.rlib" "-l" "gtk-3" "-l" "gdk-3" "-l" "atk-1.0" "-l" "gdk-3" "-l" "cairo" "-l" "pango-1.0" "-l" "gdk_pixbuf-2.0" "-l" "gio-2.0" "-l" "gobject-2.0" "-l" "glib-2.0" "-l" "gobject-2.0" "-l" "util" "-l" "dl" "-l" "rt" "-l" "pthread" "-l" "gcc_s" "-l" "pthread" "-l" "c" "-l" "m" "-l" "rt" "-l" "util"
kablam!   = note: /usr/bin/ld: cannot find -lnautilus-extension
kablam! /usr/bin/ld: cannot find -lgtk-3
kablam! /usr/bin/ld: cannot find -lgdk-3
kablam! /usr/bin/ld: cannot find -latk-1.0
kablam! /usr/bin/ld: cannot find -lgdk-3
kablam! /usr/bin/ld: cannot find -lcairo
kablam! /usr/bin/ld: cannot find -lpango-1.0
kablam! /usr/bin/ld: cannot find -lgdk_pixbuf-2.0
kablam! /usr/bin/ld: cannot find -lgio-2.0
kablam! /usr/bin/ld: cannot find -lgobject-2.0
kablam! /usr/bin/ld: cannot find -lglib-2.0
kablam! /usr/bin/ld: cannot find -lgobject-2.0
kablam! collect2: error: ld returned 1 exit status
kablam! 
kablam! 
kablam! error: aborting due to previous error
kablam! 
kablam! error: Could not compile `nautilus-extension-sys`.
kablam! 
kablam! To learn more, run the command again with --verbose.
boom! running `docker rm -f e111ebbc93dba260cb0817508eee85016874f044bcd03b6d64da6f5a4a201780`
blam! e111ebbc93dba260cb0817508eee85016874f044bcd03b6d64da6f5a4a201780
boom! running: cargo +stable test --frozen
boom! creating container for: cargo +stable test --frozen
boom! running `docker create -v /home/ec2-user/cargobomb/./work/local/test-source/nightly/stable:/source:ro -v /home/ec2-user/cargobomb/./work/local/cargo-home:/cargo-home:ro -v /home/ec2-user/cargobomb/./work/local/rustup-home:/rustup-home:ro -v /home/ec2-user/cargobomb/./work/local/target-dirs/nightly/stable:/target:rw -e USER_ID=500 -e CMD=cargo +stable test --frozen cargobomb`
blam! ec6717fbbe3fd253092a78a9be6bfa2b5b30f3b4702dc333d5283f58db83d81e
boom! running `docker start -a ec6717fbbe3fd253092a78a9be6bfa2b5b30f3b4702dc333d5283f58db83d81e`
kablam!    Compiling nautilus-extension-sys v0.2.0 (file:///source)
kablam! error: linking with `cc` failed: exit code: 1
kablam!   |
kablam!   = note: "cc" "-Wl,--as-needed" "-Wl,-z,noexecstack" "-m64" "-L" "/rustup-home/toolchains/stable-x86_64-unknown-linux-gnu/lib/rustlib/x86_64-unknown-linux-gnu/lib" "/target/debug/deps/nautilus_extension_sys-58540d9d1ebefd6e.0.o" "-o" "/target/debug/deps/nautilus_extension_sys-58540d9d1ebefd6e" "-Wl,--gc-sections" "-pie" "-nodefaultlibs" "-L" "/target/debug/deps" "-L" "/rustup-home/toolchains/stable-x86_64-unknown-linux-gnu/lib/rustlib/x86_64-unknown-linux-gnu/lib" "-Wl,-Bstatic" "-Wl,-Bdynamic" "-l" "nautilus-extension" "/target/debug/deps/libgtk_sys-6d8d73c42557e4c1.rlib" "/target/debug/deps/libatk_sys-d363d7b2725cb81c.rlib" "/target/debug/deps/libgdk_sys-96b68a7032e8a28c.rlib" "/target/debug/deps/libcairo_sys-ea0f00ff4d5fdd1d.rlib" "/target/debug/deps/libpango_sys-fbbbc9ffa1719f38.rlib" "/target/debug/deps/libgdk_pixbuf_sys-223701ba175f2d04.rlib" "/target/debug/deps/libgio_sys-d0e38cb1b4c01a9b.rlib" "/target/debug/deps/libgobject_sys-52c1159eb60ce36e.rlib" "/target/debug/deps/libglib_sys-13fe40cc78d761ce.rlib" "/target/debug/deps/libbitflags-a2e309ac4b5b98e2.rlib" "/target/debug/deps/liblibc-83c2bd88b43ecde3.rlib" "/rustup-home/toolchains/stable-x86_64-unknown-linux-gnu/lib/rustlib/x86_64-unknown-linux-gnu/lib/libtest-dd7007be8bc832b7.rlib" "/rustup-home/toolchains/stable-x86_64-unknown-linux-gnu/lib/rustlib/x86_64-unknown-linux-gnu/lib/libterm-19e7cee83d8001c7.rlib" "/rustup-home/toolchains/stable-x86_64-unknown-linux-gnu/lib/rustlib/x86_64-unknown-linux-gnu/lib/libgetopts-58bde84252e1d985.rlib" "/rustup-home/toolchains/stable-x86_64-unknown-linux-gnu/lib/rustlib/x86_64-unknown-linux-gnu/lib/libstd-2ddb28df747fcb8c.rlib" "/rustup-home/toolchains/stable-x86_64-unknown-linux-gnu/lib/rustlib/x86_64-unknown-linux-gnu/lib/libpanic_unwind-21709492a058d9ce.rlib" "/rustup-home/toolchains/stable-x86_64-unknown-linux-gnu/lib/rustlib/x86_64-unknown-linux-gnu/lib/libunwind-e19aa6725ab01bfd.rlib" "/rustup-home/toolchains/stable-x86_64-unknown-linux-gnu/lib/rustlib/x86_64-unknown-linux-gnu/lib/librand-99ff2e008613b591.rlib" "/rustup-home/toolchains/stable-x86_64-unknown-linux-gnu/lib/rustlib/x86_64-unknown-linux-gnu/lib/libcollections-e2513aecb8fbb70c.rlib" "/rustup-home/toolchains/stable-x86_64-unknown-linux-gnu/lib/rustlib/x86_64-unknown-linux-gnu/lib/liballoc-f3200ab7e7fe644c.rlib" "/rustup-home/toolchains/stable-x86_64-unknown-linux-gnu/lib/rustlib/x86_64-unknown-linux-gnu/lib/liballoc_jemalloc-e83ac2302b5439a3.rlib" "/rustup-home/toolchains/stable-x86_64-unknown-linux-gnu/lib/rustlib/x86_64-unknown-linux-gnu/lib/liblibc-dba58b8da674d203.rlib" "/rustup-home/toolchains/stable-x86_64-unknown-linux-gnu/lib/rustlib/x86_64-unknown-linux-gnu/lib/libstd_unicode-6d4348bcabf40a71.rlib" "/rustup-home/toolchains/stable-x86_64-unknown-linux-gnu/lib/rustlib/x86_64-unknown-linux-gnu/lib/libcore-9f45c45fdcba4301.rlib" "/rustup-home/toolchains/stable-x86_64-unknown-linux-gnu/lib/rustlib/x86_64-unknown-linux-gnu/lib/libcompiler_builtins-b4ef8c9d93bc879a.rlib" "-l" "gtk-3" "-l" "gdk-3" "-l" "atk-1.0" "-l" "gdk-3" "-l" "cairo" "-l" "pango-1.0" "-l" "gdk_pixbuf-2.0" "-l" "gio-2.0" "-l" "gobject-2.0" "-l" "glib-2.0" "-l" "gobject-2.0" "-l" "util" "-l" "dl" "-l" "rt" "-l" "pthread" "-l" "gcc_s" "-l" "pthread" "-l" "c" "-l" "m" "-l" "rt" "-l" "util"
kablam!   = note: /usr/bin/ld: cannot find -lnautilus-extension
kablam! /usr/bin/ld: cannot find -lgtk-3
kablam! /usr/bin/ld: cannot find -lgdk-3
kablam! /usr/bin/ld: cannot find -latk-1.0
kablam! /usr/bin/ld: cannot find -lgdk-3
kablam! /usr/bin/ld: cannot find -lcairo
kablam! /usr/bin/ld: cannot find -lpango-1.0
kablam! /usr/bin/ld: cannot find -lgdk_pixbuf-2.0
kablam! /usr/bin/ld: cannot find -lgio-2.0
kablam! /usr/bin/ld: cannot find -lgobject-2.0
kablam! /usr/bin/ld: cannot find -lglib-2.0
kablam! /usr/bin/ld: cannot find -lgobject-2.0
kablam! collect2: error: ld returned 1 exit status
kablam! 
kablam! 
kablam! error: aborting due to previous error
kablam! 
kablam! error: Could not compile `nautilus-extension-sys`.
kablam! 
kablam! To learn more, run the command again with --verbose.
boom! running `docker rm -f ec6717fbbe3fd253092a78a9be6bfa2b5b30f3b4702dc333d5283f58db83d81e`
blam! ec6717fbbe3fd253092a78a9be6bfa2b5b30f3b4702dc333d5283f58db83d81e
