boom! testing weakjson-0.0.7 against beta for beta
boom! running: cargo +beta build --frozen
boom! creating container for: cargo +beta build --frozen
boom! running `docker create -v /home/ec2-user/cargobomb/./work/local/test-source/beta/beta:/source:ro -v /home/ec2-user/cargobomb/./work/local/cargo-home:/cargo-home:ro -v /home/ec2-user/cargobomb/./work/local/rustup-home:/rustup-home:ro -v /home/ec2-user/cargobomb/./work/local/target-dirs/beta/beta:/target:rw -e USER_ID=500 -e CMD=cargo +beta build --frozen cargobomb`
blam! 4b9705e1cb806e5d928b5282ad76ee76fd98c09904654521e945d1d20efe8d13
boom! running `docker start -a 4b9705e1cb806e5d928b5282ad76ee76fd98c09904654521e945d1d20efe8d13`
kablam!    Compiling weakjson v0.0.7 (file:///source)
kablam!     Finished dev [unoptimized + debuginfo] target(s) in 2.5 secs
boom! running `docker rm -f 4b9705e1cb806e5d928b5282ad76ee76fd98c09904654521e945d1d20efe8d13`
blam! 4b9705e1cb806e5d928b5282ad76ee76fd98c09904654521e945d1d20efe8d13
boom! running: cargo +beta test --frozen --no-run
boom! creating container for: cargo +beta test --frozen --no-run
boom! running `docker create -v /home/ec2-user/cargobomb/./work/local/test-source/beta/beta:/source:ro -v /home/ec2-user/cargobomb/./work/local/cargo-home:/cargo-home:ro -v /home/ec2-user/cargobomb/./work/local/rustup-home:/rustup-home:ro -v /home/ec2-user/cargobomb/./work/local/target-dirs/beta/beta:/target:rw -e USER_ID=500 -e CMD=cargo +beta test --frozen --no-run cargobomb`
blam! 466e1112dc2e6818ff2a0dd3f404a161cceb1745b895fa73790d40c2b0c81a2f
boom! running `docker start -a 466e1112dc2e6818ff2a0dd3f404a161cceb1745b895fa73790d40c2b0c81a2f`
kablam!    Compiling weakjson v0.0.7 (file:///source)
kablam! error[E0573]: expected type, found variant `String`
kablam!   --> src/weak_tests.rs:11:24
kablam!    |
kablam! 11 | fn mk_object(items: &[(String, Json)]) -> Json {
kablam!    |                        ^^^^^^ not a type
kablam!    |
kablam!    = help: possible better candidates are found in other modules, you can import them into scope:
kablam!              `use std::prelude::v1::String;`
kablam!              `use std::string::String;`
kablam! 
kablam! error: the type of this value must be known in this context
kablam!   --> src/weak_tests.rs:15:15
kablam!    |
kablam! 15 |         match *item {
kablam!    |               ^^^^^
kablam! 
kablam! error: aborting due to previous error
kablam! 
kablam! error: Could not compile `weakjson`.
kablam! 
kablam! To learn more, run the command again with --verbose.
boom! running `docker rm -f 466e1112dc2e6818ff2a0dd3f404a161cceb1745b895fa73790d40c2b0c81a2f`
blam! 466e1112dc2e6818ff2a0dd3f404a161cceb1745b895fa73790d40c2b0c81a2f
boom! running: cargo +beta test --frozen
boom! creating container for: cargo +beta test --frozen
boom! running `docker create -v /home/ec2-user/cargobomb/./work/local/test-source/beta/beta:/source:ro -v /home/ec2-user/cargobomb/./work/local/cargo-home:/cargo-home:ro -v /home/ec2-user/cargobomb/./work/local/rustup-home:/rustup-home:ro -v /home/ec2-user/cargobomb/./work/local/target-dirs/beta/beta:/target:rw -e USER_ID=500 -e CMD=cargo +beta test --frozen cargobomb`
blam! 70750c5ec4e836595d28d850e4b89d056096ceb803b64a2b76d0f6e233633615
boom! running `docker start -a 70750c5ec4e836595d28d850e4b89d056096ceb803b64a2b76d0f6e233633615`
kablam!    Compiling weakjson v0.0.7 (file:///source)
kablam! error[E0573]: expected type, found variant `String`
kablam!   --> src/weak_tests.rs:11:24
kablam!    |
kablam! 11 | fn mk_object(items: &[(String, Json)]) -> Json {
kablam!    |                        ^^^^^^ not a type
kablam!    |
kablam!    = help: possible better candidates are found in other modules, you can import them into scope:
kablam!              `use std::prelude::v1::String;`
kablam!              `use std::string::String;`
kablam! 
kablam! error: the type of this value must be known in this context
kablam!   --> src/weak_tests.rs:15:15
kablam!    |
kablam! 15 |         match *item {
kablam!    |               ^^^^^
kablam! 
kablam! error: aborting due to previous error
kablam! 
kablam! error: Could not compile `weakjson`.
kablam! 
kablam! To learn more, run the command again with --verbose.
boom! running `docker rm -f 70750c5ec4e836595d28d850e4b89d056096ceb803b64a2b76d0f6e233633615`
blam! 70750c5ec4e836595d28d850e4b89d056096ceb803b64a2b76d0f6e233633615
