boom! testing cat-reader-0.1.3 against stable for nightly
boom! running: cargo +stable build --frozen
boom! creating container for: cargo +stable build --frozen
boom! running `docker create -v /home/ec2-user/cargobomb/./work/local/test-source/nightly/stable:/source:ro -v /home/ec2-user/cargobomb/./work/local/cargo-home:/cargo-home:ro -v /home/ec2-user/cargobomb/./work/local/rustup-home:/rustup-home:ro -v /home/ec2-user/cargobomb/./work/local/target-dirs/nightly/stable:/target:rw -e USER_ID=500 -e CMD=cargo +stable build --frozen cargobomb`
blam! feb104fcbea19858ebfe8451475cf435b23f630b2ccfab6fc2337a358069f73f
boom! running `docker start -a feb104fcbea19858ebfe8451475cf435b23f630b2ccfab6fc2337a358069f73f`
kablam!    Compiling cat-reader v0.1.3 (file:///source)
kablam!     Finished debug [unoptimized + debuginfo] target(s) in 0.18 secs
boom! running `docker rm -f feb104fcbea19858ebfe8451475cf435b23f630b2ccfab6fc2337a358069f73f`
blam! feb104fcbea19858ebfe8451475cf435b23f630b2ccfab6fc2337a358069f73f
boom! running: cargo +stable test --frozen --no-run
boom! creating container for: cargo +stable test --frozen --no-run
boom! running `docker create -v /home/ec2-user/cargobomb/./work/local/test-source/nightly/stable:/source:ro -v /home/ec2-user/cargobomb/./work/local/cargo-home:/cargo-home:ro -v /home/ec2-user/cargobomb/./work/local/rustup-home:/rustup-home:ro -v /home/ec2-user/cargobomb/./work/local/target-dirs/nightly/stable:/target:rw -e USER_ID=500 -e CMD=cargo +stable test --frozen --no-run cargobomb`
blam! 02837d4e89fd1c0be75233fcded496133b62621f88a56d40be386c2ffc078217
boom! running `docker start -a 02837d4e89fd1c0be75233fcded496133b62621f88a56d40be386c2ffc078217`
kablam!    Compiling quine-mc_cluskey v0.2.4
kablam!    Compiling serde_derive v0.9.4
kablam! error: attribute must only have one argument
kablam!   --> /cargo-home/registry/src/github.com-1ecc6299db9ec823/serde_derive-0.9.4/src/lib.rs:22:3
kablam!    |
kablam! 22 | #[proc_macro_derive(Serialize, attributes(serde))]
kablam!    |   ^^^^^^^^^^^^^^^^^^^^^^^^^^^^^^^^^^^^^^^^^^^^^^^
kablam! 
kablam! error: attribute must only have one argument
kablam!   --> /cargo-home/registry/src/github.com-1ecc6299db9ec823/serde_derive-0.9.4/src/lib.rs:31:3
kablam!    |
kablam! 31 | #[proc_macro_derive(Deserialize, attributes(serde))]
kablam!    |   ^^^^^^^^^^^^^^^^^^^^^^^^^^^^^^^^^^^^^^^^^^^^^^^^^
kablam! 
kablam! error: the `proc-macro` crate type is experimental
kablam!   |
kablam!   = help: add #![feature(proc_macro)] to the crate attributes to enable
kablam! 
kablam! error: the `#[proc_macro_derive]` attribute is an experimental feature (see issue #35900)
kablam!   --> /cargo-home/registry/src/github.com-1ecc6299db9ec823/serde_derive-0.9.4/src/lib.rs:22:1
kablam!    |
kablam! 22 | #[proc_macro_derive(Serialize, attributes(serde))]
kablam!    | ^^^^^^^^^^^^^^^^^^^^^^^^^^^^^^^^^^^^^^^^^^^^^^^^^^
kablam! 
kablam! error: the `#[proc_macro_derive]` attribute is an experimental feature (see issue #35900)
kablam!   --> /cargo-home/registry/src/github.com-1ecc6299db9ec823/serde_derive-0.9.4/src/lib.rs:31:1
kablam!    |
kablam! 31 | #[proc_macro_derive(Deserialize, attributes(serde))]
kablam!    | ^^^^^^^^^^^^^^^^^^^^^^^^^^^^^^^^^^^^^^^^^^^^^^^^^^^^
kablam! 
kablam! error: aborting due to 2 previous errors
kablam! 
blam! Build failed, waiting for other jobs to finish...
kablam! error: Could not compile `serde_derive`.
kablam! 
kablam! To learn more, run the command again with --verbose.
boom! running `docker rm -f 02837d4e89fd1c0be75233fcded496133b62621f88a56d40be386c2ffc078217`
blam! 02837d4e89fd1c0be75233fcded496133b62621f88a56d40be386c2ffc078217
boom! running: cargo +stable test --frozen
boom! creating container for: cargo +stable test --frozen
boom! running `docker create -v /home/ec2-user/cargobomb/./work/local/test-source/nightly/stable:/source:ro -v /home/ec2-user/cargobomb/./work/local/cargo-home:/cargo-home:ro -v /home/ec2-user/cargobomb/./work/local/rustup-home:/rustup-home:ro -v /home/ec2-user/cargobomb/./work/local/target-dirs/nightly/stable:/target:rw -e USER_ID=500 -e CMD=cargo +stable test --frozen cargobomb`
blam! 69fc70301fbee046ab7336fb73f8e96005b8440ee3847b299ade3329ec55e313
boom! running `docker start -a 69fc70301fbee046ab7336fb73f8e96005b8440ee3847b299ade3329ec55e313`
kablam!    Compiling clippy_lints v0.0.112
kablam!    Compiling serde_derive v0.9.4
kablam! error: attribute must only have one argument
kablam!   --> /cargo-home/registry/src/github.com-1ecc6299db9ec823/serde_derive-0.9.4/src/lib.rs:22:3
kablam!    |
kablam! 22 | #[proc_macro_derive(Serialize, attributes(serde))]
kablam!    |   ^^^^^^^^^^^^^^^^^^^^^^^^^^^^^^^^^^^^^^^^^^^^^^^
kablam! 
kablam! error: attribute must only have one argument
kablam!   --> /cargo-home/registry/src/github.com-1ecc6299db9ec823/serde_derive-0.9.4/src/lib.rs:31:3
kablam!    |
kablam! 31 | #[proc_macro_derive(Deserialize, attributes(serde))]
kablam!    |   ^^^^^^^^^^^^^^^^^^^^^^^^^^^^^^^^^^^^^^^^^^^^^^^^^
kablam! 
kablam! error: the `proc-macro` crate type is experimental
kablam!   |
kablam!   = help: add #![feature(proc_macro)] to the crate attributes to enable
kablam! 
kablam! error: the `#[proc_macro_derive]` attribute is an experimental feature (see issue #35900)
kablam!   --> /cargo-home/registry/src/github.com-1ecc6299db9ec823/serde_derive-0.9.4/src/lib.rs:22:1
kablam!    |
kablam! 22 | #[proc_macro_derive(Serialize, attributes(serde))]
kablam!    | ^^^^^^^^^^^^^^^^^^^^^^^^^^^^^^^^^^^^^^^^^^^^^^^^^^
kablam! 
kablam! error: the `#[proc_macro_derive]` attribute is an experimental feature (see issue #35900)
kablam!   --> /cargo-home/registry/src/github.com-1ecc6299db9ec823/serde_derive-0.9.4/src/lib.rs:31:1
kablam!    |
kablam! 31 | #[proc_macro_derive(Deserialize, attributes(serde))]
kablam!    | ^^^^^^^^^^^^^^^^^^^^^^^^^^^^^^^^^^^^^^^^^^^^^^^^^^^^
kablam! 
kablam! error: aborting due to 2 previous errors
kablam! 
blam! Build failed, waiting for other jobs to finish...
kablam! error[E0554]: #[feature] may not be used on the stable release channel
kablam!  --> /cargo-home/registry/src/github.com-1ecc6299db9ec823/clippy_lints-0.0.112/src/lib.rs:3:1
kablam!   |
kablam! 3 | #![feature(box_syntax)]
kablam!   | ^^^^^^^^^^^^^^^^^^^^^^^
kablam! 
kablam! error[E0554]: #[feature] may not be used on the stable release channel
kablam!  --> /cargo-home/registry/src/github.com-1ecc6299db9ec823/clippy_lints-0.0.112/src/lib.rs:4:1
kablam!   |
kablam! 4 | #![feature(collections)]
kablam!   | ^^^^^^^^^^^^^^^^^^^^^^^^
kablam! 
kablam! error[E0554]: #[feature] may not be used on the stable release channel
kablam!  --> /cargo-home/registry/src/github.com-1ecc6299db9ec823/clippy_lints-0.0.112/src/lib.rs:5:1
kablam!   |
kablam! 5 | #![feature(custom_attribute)]
kablam!   | ^^^^^^^^^^^^^^^^^^^^^^^^^^^^^
kablam! 
kablam! error[E0554]: #[feature] may not be used on the stable release channel
kablam!  --> /cargo-home/registry/src/github.com-1ecc6299db9ec823/clippy_lints-0.0.112/src/lib.rs:6:1
kablam!   |
kablam! 6 | #![feature(i128_type)]
kablam!   | ^^^^^^^^^^^^^^^^^^^^^^
kablam! 
kablam! error[E0554]: #[feature] may not be used on the stable release channel
kablam!  --> /cargo-home/registry/src/github.com-1ecc6299db9ec823/clippy_lints-0.0.112/src/lib.rs:7:1
kablam!   |
kablam! 7 | #![feature(i128)]
kablam!   | ^^^^^^^^^^^^^^^^^
kablam! 
kablam! error[E0554]: #[feature] may not be used on the stable release channel
kablam!  --> /cargo-home/registry/src/github.com-1ecc6299db9ec823/clippy_lints-0.0.112/src/lib.rs:8:1
kablam!   |
kablam! 8 | #![feature(rustc_private)]
kablam!   | ^^^^^^^^^^^^^^^^^^^^^^^^^^
kablam! 
kablam! error[E0554]: #[feature] may not be used on the stable release channel
kablam!  --> /cargo-home/registry/src/github.com-1ecc6299db9ec823/clippy_lints-0.0.112/src/lib.rs:9:1
kablam!   |
kablam! 9 | #![feature(slice_patterns)]
kablam!   | ^^^^^^^^^^^^^^^^^^^^^^^^^^^
kablam! 
kablam! error[E0554]: #[feature] may not be used on the stable release channel
kablam!   --> /cargo-home/registry/src/github.com-1ecc6299db9ec823/clippy_lints-0.0.112/src/lib.rs:10:1
kablam!    |
kablam! 10 | #![feature(stmt_expr_attributes)]
kablam!    | ^^^^^^^^^^^^^^^^^^^^^^^^^^^^^^^^^
kablam! 
kablam! error[E0554]: #[feature] may not be used on the stable release channel
kablam!   --> /cargo-home/registry/src/github.com-1ecc6299db9ec823/clippy_lints-0.0.112/src/lib.rs:11:1
kablam!    |
kablam! 11 | #![feature(repeat_str)]
kablam!    | ^^^^^^^^^^^^^^^^^^^^^^^
kablam! 
kablam! error[E0554]: #[feature] may not be used on the stable release channel
kablam!   --> /cargo-home/registry/src/github.com-1ecc6299db9ec823/clippy_lints-0.0.112/src/lib.rs:12:1
kablam!    |
kablam! 12 | #![feature(conservative_impl_trait)]
kablam!    | ^^^^^^^^^^^^^^^^^^^^^^^^^^^^^^^^^^^^
kablam! 
kablam! error: aborting due to 10 previous errors
kablam! 
kablam! error: Could not compile `serde_derive`.
kablam! 
kablam! To learn more, run the command again with --verbose.
boom! running `docker rm -f 69fc70301fbee046ab7336fb73f8e96005b8440ee3847b299ade3329ec55e313`
blam! 69fc70301fbee046ab7336fb73f8e96005b8440ee3847b299ade3329ec55e313
