boom! testing ncollide_utils-0.6.0 against nightly for nightly
boom! running: cargo +nightly build --frozen
boom! creating container for: cargo +nightly build --frozen
boom! running `docker create -v /home/ec2-user/cargobomb/./work/local/test-source/nightly/nightly:/source:ro -v /home/ec2-user/cargobomb/./work/local/cargo-home:/cargo-home:ro -v /home/ec2-user/cargobomb/./work/local/rustup-home:/rustup-home:ro -v /home/ec2-user/cargobomb/./work/local/target-dirs/nightly/nightly:/target:rw -e USER_ID=500 -e CMD=cargo +nightly build --frozen cargobomb`
blam! 5e83b44b6b6d8254cc7c4f8cfb972f418229ada6edf9193602729759e0a28b6e
boom! running `docker start -a 5e83b44b6b6d8254cc7c4f8cfb972f418229ada6edf9193602729759e0a28b6e`
kablam!    Compiling ncollide_utils v0.6.0 (file:///source)
kablam!     Finished dev [unoptimized + debuginfo] target(s) in 1.86 secs
boom! running `docker rm -f 5e83b44b6b6d8254cc7c4f8cfb972f418229ada6edf9193602729759e0a28b6e`
blam! 5e83b44b6b6d8254cc7c4f8cfb972f418229ada6edf9193602729759e0a28b6e
boom! running: cargo +nightly test --frozen --no-run
boom! creating container for: cargo +nightly test --frozen --no-run
boom! running `docker create -v /home/ec2-user/cargobomb/./work/local/test-source/nightly/nightly:/source:ro -v /home/ec2-user/cargobomb/./work/local/cargo-home:/cargo-home:ro -v /home/ec2-user/cargobomb/./work/local/rustup-home:/rustup-home:ro -v /home/ec2-user/cargobomb/./work/local/target-dirs/nightly/nightly:/target:rw -e USER_ID=500 -e CMD=cargo +nightly test --frozen --no-run cargobomb`
blam! 4b28c1a1fb78ef6eb4e7c209059bcf5b721b75c9e0f2235eca1ff449a2787c61
boom! running `docker start -a 4b28c1a1fb78ef6eb4e7c209059bcf5b721b75c9e0f2235eca1ff449a2787c61`
kablam!    Compiling ncollide_utils v0.6.0 (file:///source)
kablam! error[E0425]: cannot find function `approx_eq` in module `na`
kablam!    --> triangle.rs:122:17
kablam!     |
kablam! 122 |         assert!(na::approx_eq(&super::triangle_area(&pa, &pb, &pc), &10.0));
kablam!     |                 ^^^^^^^^^^^^^ not found in `na`
kablam! 
kablam! error: aborting due to previous error
kablam! 
kablam! error: Could not compile `ncollide_utils`.
kablam! 
kablam! To learn more, run the command again with --verbose.
boom! running `docker rm -f 4b28c1a1fb78ef6eb4e7c209059bcf5b721b75c9e0f2235eca1ff449a2787c61`
blam! 4b28c1a1fb78ef6eb4e7c209059bcf5b721b75c9e0f2235eca1ff449a2787c61
boom! running: cargo +nightly test --frozen
boom! creating container for: cargo +nightly test --frozen
boom! running `docker create -v /home/ec2-user/cargobomb/./work/local/test-source/nightly/nightly:/source:ro -v /home/ec2-user/cargobomb/./work/local/cargo-home:/cargo-home:ro -v /home/ec2-user/cargobomb/./work/local/rustup-home:/rustup-home:ro -v /home/ec2-user/cargobomb/./work/local/target-dirs/nightly/nightly:/target:rw -e USER_ID=500 -e CMD=cargo +nightly test --frozen cargobomb`
blam! 9f4e7e86f894df6c27728d3e6029ee1bb8d5a0f3c1e79856ff4f41754850236a
boom! running `docker start -a 9f4e7e86f894df6c27728d3e6029ee1bb8d5a0f3c1e79856ff4f41754850236a`
kablam!    Compiling ncollide_utils v0.6.0 (file:///source)
kablam! error[E0425]: cannot find function `approx_eq` in module `na`
kablam!    --> triangle.rs:122:17
kablam!     |
kablam! 122 |         assert!(na::approx_eq(&super::triangle_area(&pa, &pb, &pc), &10.0));
kablam!     |                 ^^^^^^^^^^^^^ not found in `na`
kablam! 
kablam! error: aborting due to previous error
kablam! 
kablam! error: Could not compile `ncollide_utils`.
kablam! 
kablam! To learn more, run the command again with --verbose.
boom! running `docker rm -f 9f4e7e86f894df6c27728d3e6029ee1bb8d5a0f3c1e79856ff4f41754850236a`
blam! 9f4e7e86f894df6c27728d3e6029ee1bb8d5a0f3c1e79856ff4f41754850236a
