boom! testing truthtable-0.0.1 against beta for beta
boom! running: cargo +beta build --frozen
boom! creating container for: cargo +beta build --frozen
boom! running `docker create -v /home/ec2-user/cargobomb/./work/local/test-source/beta/beta:/source:ro -v /home/ec2-user/cargobomb/./work/local/cargo-home:/cargo-home:ro -v /home/ec2-user/cargobomb/./work/local/rustup-home:/rustup-home:ro -v /home/ec2-user/cargobomb/./work/local/target-dirs/beta/beta:/target:rw -e USER_ID=500 -e CMD=cargo +beta build --frozen cargobomb`
blam! 3432ac59db0fca1173d82ea99853f62b686f3c35a55c725462c106ea9b07a01b
boom! running `docker start -a 3432ac59db0fca1173d82ea99853f62b686f3c35a55c725462c106ea9b07a01b`
kablam!    Compiling truthtable v0.0.1 (file:///source)
kablam! error: invalid suffix `u` for numeric literal
kablam!   --> src/main.rs:22:21
kablam!    |
kablam! 22 |         let mut i = 0u;
kablam!    |                     ^^
kablam!    |
kablam!    = help: the suffix must be one of the integral types (`u32`, `isize`, etc)
kablam! 
kablam! error: invalid suffix `u` for numeric literal
kablam!    --> src/main.rs:177:26
kablam!     |
kablam! 177 |         for idx in range(1u, self.components.len()) {
kablam!     |                          ^^
kablam!     |
kablam!     = help: the suffix must be one of the integral types (`u32`, `isize`, etc)
kablam! 
kablam! error: invalid suffix `i` for numeric literal
kablam!    --> src/main.rs:221:21
kablam!     |
kablam! 221 |         let tests = 2i.pow(vars.len());
kablam!     |                     ^^
kablam!     |
kablam!     = help: the suffix must be one of the integral types (`u32`, `isize`, etc)
kablam! 
kablam! error: invalid suffix `i` for numeric literal
kablam!    --> src/main.rs:223:26
kablam!     |
kablam! 223 |         for num in range(0i, tests) {
kablam!     |                          ^^
kablam!     |
kablam!     = help: the suffix must be one of the integral types (`u32`, `isize`, etc)
kablam! 
kablam! error: invalid suffix `u` for numeric literal
kablam!    --> src/main.rs:225:30
kablam!     |
kablam! 225 |             for pos in range(0u, vars.len()) {
kablam!     |                              ^^
kablam!     |
kablam!     = help: the suffix must be one of the integral types (`u32`, `isize`, etc)
kablam! 
kablam! error[E0432]: unresolved import `std::num::Int`
kablam!  --> src/main.rs:3:5
kablam!   |
kablam! 3 | use std::num::Int;
kablam!   |     ^^^^^^^^^^^^^ no `Int` in `num`
kablam! 
kablam! error[E0412]: cannot find type `uint` in this scope
kablam!   --> src/main.rs:16:28
kablam!    |
kablam! 16 |     fn repeat(self, times: uint) -> String;
kablam!    |                            ^^^^ not found in this scope
kablam! 
kablam! error[E0412]: cannot find type `uint` in this scope
kablam!   --> src/main.rs:20:28
kablam!    |
kablam! 20 |     fn repeat(self, times: uint) -> String {
kablam!    |                            ^^^^ not found in this scope
kablam! 
kablam! error[E0412]: cannot find type `uint` in this scope
kablam!   --> src/main.rs:29:13
kablam!    |
kablam! 29 |     pos:    uint,
kablam!    |             ^^^^ not found in this scope
kablam! 
kablam! error[E0412]: cannot find type `uint` in this scope
kablam!   --> src/main.rs:31:13
kablam!    |
kablam! 31 |     col:    uint,
kablam!    |             ^^^^ not found in this scope
kablam! 
kablam! error[E0412]: cannot find type `uint` in this scope
kablam!   --> src/main.rs:32:13
kablam!    |
kablam! 32 |     line:   uint
kablam!    |             ^^^^ not found in this scope
kablam! 
kablam! error[E0412]: cannot find type `uint` in this scope
kablam!   --> src/main.rs:71:17
kablam!    |
kablam! 71 |     line:       uint,
kablam!    |                 ^^^^ not found in this scope
kablam! 
kablam! error[E0412]: cannot find type `uint` in this scope
kablam!   --> src/main.rs:72:18
kablam!    |
kablam! 72 |     col_range:  (uint, uint)
kablam!    |                  ^^^^ not found in this scope
kablam! 
kablam! error[E0412]: cannot find type `uint` in this scope
kablam!   --> src/main.rs:72:24
kablam!    |
kablam! 72 |     col_range:  (uint, uint)
kablam!    |                        ^^^^ not found in this scope
kablam! 
kablam! error[E0412]: cannot find type `uint` in this scope
kablam!    --> src/main.rs:160:17
kablam!     |
kablam! 160 |     col:        uint,
kablam!     |                 ^^^^ not found in this scope
kablam! 
kablam! error[E0412]: cannot find type `uint` in this scope
kablam!    --> src/main.rs:161:17
kablam!     |
kablam! 161 |     line:       uint
kablam!     |                 ^^^^ not found in this scope
kablam! 
kablam! error[E0425]: cannot find function `range` in this scope
kablam!    --> src/main.rs:177:20
kablam!     |
kablam! 177 |         for idx in range(1u, self.components.len()) {
kablam!     |                    ^^^^^ not found in this scope
kablam! 
kablam! error[E0425]: cannot find function `range` in this scope
kablam!    --> src/main.rs:223:20
kablam!     |
kablam! 223 |         for num in range(0i, tests) {
kablam!     |                    ^^^^^ not found in this scope
kablam! 
kablam! error[E0425]: cannot find function `range` in this scope
kablam!    --> src/main.rs:225:24
kablam!     |
kablam! 225 |             for pos in range(0u, vars.len()) {
kablam!     |                        ^^^^^ not found in this scope
kablam! 
kablam! error[E0412]: cannot find type `uint` in this scope
kablam!    --> src/main.rs:260:10
kablam!     |
kablam! 260 |     pos: uint
kablam!     |          ^^^^ not found in this scope
kablam! 
kablam! error: The attribute `deriving` is currently unknown to the compiler and may have meaning added to it in the future (see issue #29642)
kablam!   --> src/main.rs:68:1
kablam!    |
kablam! 68 | #[deriving(Show)]
kablam!    | ^^^^^^^^^^^^^^^^^
kablam! 
kablam! error: The attribute `deriving` is currently unknown to the compiler and may have meaning added to it in the future (see issue #29642)
kablam!    --> src/main.rs:140:1
kablam!     |
kablam! 140 | #[deriving(Show)]
kablam!     | ^^^^^^^^^^^^^^^^^
kablam! 
kablam! error: The attribute `deriving` is currently unknown to the compiler and may have meaning added to it in the future (see issue #29642)
kablam!    --> src/main.rs:141:1
kablam!     |
kablam! 141 | #[deriving(Clone)]
kablam!     | ^^^^^^^^^^^^^^^^^^
kablam! 
kablam! error: The attribute `deriving` is currently unknown to the compiler and may have meaning added to it in the future (see issue #29642)
kablam!    --> src/main.rs:156:1
kablam!     |
kablam! 156 | #[deriving(Clone)]
kablam!     | ^^^^^^^^^^^^^^^^^^
kablam! 
kablam! error: The attribute `deriving` is currently unknown to the compiler and may have meaning added to it in the future (see issue #29642)
kablam!    --> src/main.rs:157:1
kablam!     |
kablam! 157 | #[deriving(Show)]
kablam!     | ^^^^^^^^^^^^^^^^^
kablam! 
kablam! error: The attribute `deriving` is currently unknown to the compiler and may have meaning added to it in the future (see issue #29642)
kablam!    --> src/main.rs:164:1
kablam!     |
kablam! 164 | #[deriving(Show)]
kablam!     | ^^^^^^^^^^^^^^^^^
kablam! 
kablam! error: The attribute `deriving` is currently unknown to the compiler and may have meaning added to it in the future (see issue #29642)
kablam!    --> src/main.rs:235:1
kablam!     |
kablam! 235 | #[deriving(Show)]
kablam!     | ^^^^^^^^^^^^^^^^^
kablam! 
kablam! error: The attribute `deriving` is currently unknown to the compiler and may have meaning added to it in the future (see issue #29642)
kablam!    --> src/main.rs:241:1
kablam!     |
kablam! 241 | #[deriving(Show)]
kablam!     | ^^^^^^^^^^^^^^^^^
kablam! 
kablam! error: aborting due to 8 previous errors
kablam! 
kablam! error: Could not compile `truthtable`.
kablam! 
kablam! To learn more, run the command again with --verbose.
boom! running `docker rm -f 3432ac59db0fca1173d82ea99853f62b686f3c35a55c725462c106ea9b07a01b`
blam! 3432ac59db0fca1173d82ea99853f62b686f3c35a55c725462c106ea9b07a01b
